#
# A fatal error has been detected by the Java Runtime Environment:
#
#  EXCEPTION_ACCESS_VIOLATION (0xc0000005) at pc=0x00007fff7adbb8a8, pid=8576, tid=8108
#
# JRE version: OpenJDK Runtime Environment Temurin-17.0.6+10 (17.0.6+10) (build 17.0.6+10)
# Java VM: OpenJDK 64-Bit Server VM Temurin-17.0.6+10 (17.0.6+10, mixed mode, emulated-client, tiered, compressed oops, compressed class ptrs, g1 gc, windows-amd64)
# Problematic frame:
# V  [jvm.dll+0x30b8a8]
#
# No core dump will be written. Minidumps are not enabled by default on client versions of Windows
#
# If you would like to submit a bug report, please visit:
#   https://github.com/adoptium/adoptium-support/issues
#

---------------  S U M M A R Y ------------

Command Line: -Dcom.sun.management.jmxremote -Dcom.sun.management.jmxremote.port=49831 -Dcom.sun.management.jmxremote.authenticate=false -Dcom.sun.management.jmxremote.ssl=false -Djava.rmi.server.hostname=localhost -Dspring.jmx.enabled=true -Dmanagement.endpoints.jmx.exposure.include=* -Dspring.application.admin.enabled=true -XX:TieredStopAtLevel=1 -Dspring.boot.project.name=HPS_APP -Dfile.encoding=UTF-8 -XX:+ShowCodeDetailsInExceptionMessages com.example.hps.HpsAppApplication --spring.output.ansi.enabled=always

Host: Intel(R) Core(TM) i7-8565U CPU @ 1.80GHz, 8 cores, 15G,  Windows 10 , 64 bit Build 19041 (10.0.19041.3031)
Time: Fri Jul  7 14:08:45 2023 Maroc (heure d64 bit Build 19041 (10.0.19041.3031) elapsed time: 162.987008 seconds (0d 0h 2m 42s)

---------------  T H R E A D  ---------------

Current thread (0x00000221a8e07ce0):  GCTaskThread "GC Thread#0" [stack: 0x0000008683100000,0x0000008683200000] [id=8108]

Stack: [0x0000008683100000,0x0000008683200000],  sp=0x00000086831ff440,  free space=1021k
Native frames: (J=compiled Java code, j=interpreted, Vv=VM code, C=native code)
V  [jvm.dll+0x30b8a8]
V  [jvm.dll+0x2f2094]
V  [jvm.dll+0x2f041a]
V  [jvm.dll+0x2f6424]
V  [jvm.dll+0x2f5e1d]
V  [jvm.dll+0x2f56bd]
V  [jvm.dll+0x8612eb]
V  [jvm.dll+0x861336]
V  [jvm.dll+0x7e483a]
V  [jvm.dll+0x6762c5]
C  [ucrtbase.dll+0x21bb2]
C  [KERNEL32.DLL+0x17614]
C  [ntdll.dll+0x526f1]


siginfo: EXCEPTION_ACCESS_VIOLATION (0xc0000005), reading address 0x00000008e1bcf032


Register to memory mapping:

RIP=0x00007fff7adbb8a8 jvm.dll
RAX=0x0000000000000001 is an unknown value
RBX=0x00000221c3416068 points into unknown readable memory: 0x00000221bcbad5e0 | e0 d5 ba bc 21 02 00 00
RCX=0x0 is NULL
RDX=0x000000070de77478 is pointing into object: [Lorg.springframework.util.ConcurrentReferenceHashMap$Reference; 
{0x000000070de77470} - klass: 'org/springframework/util/ConcurrentReferenceHashMap$Reference'[]
 - length: 1
RSP=0x00000086831ff440 points into unknown readable memory: 0x0000000703d75380 | 80 53 d7 03 07 00 00 00
RBP=0x000000070de774f4 is pointing into object: org.springframework.util.ConcurrentReferenceHashMap$ReferenceManager 
{0x000000070de774e0} - klass: 'org/springframework/util/ConcurrentReferenceHashMap$ReferenceManager'
 - ---- fields (total size 3 words):
 - private final 'queue' 'Ljava/lang/ref/ReferenceQueue;' @12  
[error occurred during error reporting (printing register info), id 0xc0000005, EXCEPTION_ACCESS_VIOLATION (0xc0000005) at pc=0x00007fff7b113813]

Registers:
RAX=0x0000000000000001, RBX=0x00000221c3416068, RCX=0x0000000000000000, RDX=0x000000070de77478
RSP=0x00000086831ff440, RBP=0x000000070de774f4, RSI=0x00000221c3415a20, RDI=0x000000000000005f
R8 =0x00000008e1bcf02a, R9 =0x0000000000000001, R10=0x0000000000000000, R11=0x0000000800000000
R12=0x0000000800189e50, R13=0x000000070de774e0, R14=0x0000000800189e48, R15=0x00000221c3415fd0
RIP=0x00007fff7adbb8a8, EFLAGS=0x0000000000010202

Top of Stack: (sp=0x00000086831ff440)
0x00000086831ff440:   0000000703d75380 00007fff7acfd112
0x00000086831ff450:   00000221bc43f908 00007fff7ada1efe
0x00000086831ff460:   000000070de77478 00007fff7ada2094
0x00000086831ff470:   00000221bc43f908 00007fff7ada2094
0x00000086831ff480:   00000221a8e082f0 00007fff7ada0f42
0x00000086831ff490:   000000070de77478 000000010018a048
0x00000086831ff4a0:   000000070de77478 00007fff7ada041a
0x00000086831ff4b0:   000000070de774ec 00000221c3415a20
0x00000086831ff4c0:   000000070de77c70 00000221c3415a20
0x00000086831ff4d0:   000000000000000c 0000000000000010
0x00000086831ff4e0:   00007fff7aab0000 0000000000000000
0x00000086831ff4f0:   00000221c3415a20 00007fff7ada6424
0x00000086831ff500:   0000000000000005 000000070de774e0
0x00000086831ff510:   00007fff7aab0000 00007fff7ada2094
0x00000086831ff520:   0000049a000001ed 0000000702395a58
0x00000086831ff530:   000000070de77158 0000000000000000 

Instructions: (pc=0x00007fff7adbb8a8)
0x00007fff7adbb7a8:   cc cc cc cc cc cc cc cc 48 89 5c 24 08 57 48 83
0x00007fff7adbb7b8:   ec 30 33 c0 48 89 11 41 8d 50 ff 48 89 41 08 48
0x00007fff7adbb7c8:   89 51 28 48 8b d9 44 89 41 10 41 8b f8 48 89 41
0x00007fff7adbb7d8:   18 48 89 41 20 41 8b c8 e8 9b f1 cf ff 84 c0 75
0x00007fff7adbb7e8:   2b 4c 8d 0d 10 d6 64 00 89 7c 24 20 4c 8d 05 3d
0x00007fff7adbb7f8:   d6 64 00 ba 28 00 00 00 48 8d 0d 69 d6 64 00 e8
0x00007fff7adbb808:   64 9e f3 ff e8 7f b7 36 00 8b 7b 10 45 33 c0 8b
0x00007fff7adbb818:   cf 48 c1 e1 04 41 8d 50 05 e8 ca a9 d9 ff 48 89
0x00007fff7adbb828:   43 08 48 8b c3 48 8b 5c 24 40 48 83 c4 30 5f c3
0x00007fff7adbb838:   cc cc cc cc cc cc cc cc 48 8b 49 08 e9 27 a9 d9
0x00007fff7adbb848:   ff cc cc cc cc cc cc cc 48 89 5c 24 08 57 48 83
0x00007fff7adbb858:   ec 20 48 8b 05 b7 52 89 00 48 8b d9 48 8b fa 8b
0x00007fff7adbb868:   88 c0 01 00 00 4c 8b 80 b8 01 00 00 0f b6 05 04
0x00007fff7adbb878:   ec 85 00 49 d3 e0 8b 0d 3c f5 85 00 49 2b f8 48
0x00007fff7adbb888:   d3 ef 84 c0 74 16 44 8b 42 08 8b 0d 50 2a 7f 00
0x00007fff7adbb898:   49 d3 e0 4c 03 05 3e 2a 7f 00 eb 04 4c 8b 42 08
0x00007fff7adbb8a8:   45 8b 48 08 45 85 c9 7e 0c 41 f6 c1 01 75 55 41
0x00007fff7adbb8b8:   c1 f9 03 eb 5e 79 4d 84 c0 41 b8 0c 00 00 00 8b
0x00007fff7adbb8c8:   05 57 39 7f 00 b9 10 00 00 00 41 0f 45 c8 ff c8
0x00007fff7adbb8d8:   4c 63 c0 41 8b c1 48 c1 f8 10 48 63 14 11 41 8b
0x00007fff7adbb8e8:   c9 83 e1 3f 48 d3 e2 0f b6 c8 49 8d 04 10 49 f7
0x00007fff7adbb8f8:   d0 48 03 c8 4d 8b c8 49 c1 e9 03 48 c1 e9 03 44
0x00007fff7adbb908:   23 c9 eb 0f 49 8b 00 49 8b c8 ff 90 00 01 00 00
0x00007fff7adbb918:   44 8b c8 8b 53 28 8b c7 48 23 d0 48 c1 e2 04 48
0x00007fff7adbb928:   03 53 08 8b 02 3b c7 74 34 4c 8b 42 08 4d 85 c0
0x00007fff7adbb938:   74 0b 8b c8 48 8b 03 f0 4c 0f c1 04 c8 48 c7 42
0x00007fff7adbb948:   08 00 00 00 00 89 3a 48 ff 43 20 49 63 c1 48 01
0x00007fff7adbb958:   42 08 48 8b 5c 24 30 48 83 c4 20 5f c3 48 ff 43
0x00007fff7adbb968:   18 48 8b 5c 24 30 49 63 c1 48 01 42 08 48 83 c4
0x00007fff7adbb978:   20 5f c3 cc cc cc cc cc 48 89 5c 24 08 33 db 4c
0x00007fff7adbb988:   8b da 4c 8b c9 44 8b c3 39 59 10 76 39 66 66 66
0x00007fff7adbb998:   0f 1f 84 00 00 00 00 00 41 8b c0 48 c1 e0 04 49 


Stack slot to memory mapping:
stack at sp + 0 slots: 0x0000000703d75380 is an oop: org.springframework.core.annotation.TypeMappedAnnotation 
{0x0000000703d75380} - klass: 'org/springframework/core/annotation/TypeMappedAnnotation'
 - ---- fields (total size 7 words):
 - private volatile 'synthesizedAnnotation' 'Ljava/lang/annotation/Annotation;' @12  NULL (0)
 - private final 'aggregateIndex' 'I' @16  0
 - private final 'useMergedValues' 'Z' @20  true
 - private final 'mapping' 'Lorg/springframework/core/annotation/AnnotationTypeMapping;' @24  a 'org/springframework/core/annotation/AnnotationTypeMapping'{0x0000000703cc25b8} (e07984b7)
 - private final 'classLoader' 'Ljava/lang/ClassLoader;' @28  a 'org/springframework/boot/devtools/restart/classloader/RestartClassLoader'{0x0000000703c04f28} (e07809e5)
 - private final 'source' 'Ljava/lang/Object;' @32  a 'org/springframework/core/type/classreading/SimpleAnnotationMetadataReadingVisitor$Source'{0x0000000703d71688} (e07ae2d1)
 - private final 'rootAttributes' 'Ljava/lang/Object;' @36  a 'java/util/LinkedHashMap'{0x0000000703d753b8} (e07aea77)
 - private final 'valueExtractor' 'Lorg/springframework/core/annotation/ValueExtractor;' @40  a 'org/springframework/core/annotation/TypeMappedAnnotation$$Lambda$382+0x000000080030eb48'{0x00000007029a7c20} (e0534f84)
 - private final 'attributeFilter' 'Ljava/util/function/Predicate;' @44  NULL (0)
 - private final 'resolvedRootMirrors' '[I' @48  [I{0x0000000703d75468} (e07aea8d)
 - private final 'resolvedMirrors' '[I' @52  [I{0x0000000703d75468} (e07aea8d)
stack at sp + 1 slots: 0x00007fff7acfd112 jvm.dll
stack at sp + 2 slots: 0x00000221bc43f908 points into unknown readable memory: 0x00007fff7b45e3f0 | f0 e3 45 7b ff 7f 00 00
stack at sp + 3 slots: 0x00007fff7ada1efe jvm.dll
stack at sp + 4 slots: 0x000000070de77478 is pointing into object: [Lorg.springframework.util.ConcurrentReferenceHashMap$Reference; 
{0x000000070de77470} - klass: 'org/springframework/util/ConcurrentReferenceHashMap$Reference'[]
 - length: 1
stack at sp + 5 slots: 0x00007fff7ada2094 jvm.dll
stack at sp + 6 slots: 0x00000221bc43f908 points into unknown readable memory: 0x00007fff7b45e3f0 | f0 e3 45 7b ff 7f 00 00
stack at sp + 7 slots: 0x00007fff7ada2094 jvm.dll


---------------  P R O C E S S  ---------------

Threads class SMR info:
_java_thread_list=0x00000221bcbd9f00, length=20, elements={
0x00000221bc043770, 0x00000221bc0445e0, 0x00000221bc08dec0, 0x00000221bc08fa80,
0x00000221bc0a38f0, 0x00000221bc0a8e50, 0x00000221bc0ae0b0, 0x00000221bc0b6ab0,
0x00000221bc0a7b10, 0x00000221bc0a6300, 0x00000221bc0a7640, 0x00000221bc0a7fe0,
0x00000221bc0a84b0, 0x00000221bc0a9cc0, 0x00000221bc0a6ca0, 0x00000221bc0a97f0,
0x00000221be7e5560, 0x00000221be7e3880, 0x00000221be7e63d0, 0x00000221be7e2a10
}

Java Threads: ( => current thread )
  0x00000221bc043770 JavaThread "Reference Handler" daemon [_thread_blocked, id=3776, stack(0x0000008683700000,0x0000008683800000)]
  0x00000221bc0445e0 JavaThread "Finalizer" daemon [_thread_blocked, id=9848, stack(0x0000008683800000,0x0000008683900000)]
  0x00000221bc08dec0 JavaThread "Signal Dispatcher" daemon [_thread_blocked, id=13844, stack(0x0000008683900000,0x0000008683a00000)]
  0x00000221bc08fa80 JavaThread "Attach Listener" daemon [_thread_blocked, id=8924, stack(0x0000008683a00000,0x0000008683b00000)]
  0x00000221bc0a38f0 JavaThread "Service Thread" daemon [_thread_blocked, id=4764, stack(0x0000008683b00000,0x0000008683c00000)]
  0x00000221bc0a8e50 JavaThread "Monitor Deflation Thread" daemon [_thread_blocked, id=10236, stack(0x0000008683c00000,0x0000008683d00000)]
  0x00000221bc0ae0b0 JavaThread "C1 CompilerThread0" daemon [_thread_blocked, id=2624, stack(0x0000008683d00000,0x0000008683e00000)]
  0x00000221bc0b6ab0 JavaThread "Sweeper thread" daemon [_thread_blocked, id=1976, stack(0x0000008683e00000,0x0000008683f00000)]
  0x00000221bc0a7b10 JavaThread "Common-Cleaner" daemon [_thread_blocked, id=8948, stack(0x0000008683f00000,0x0000008684000000)]
  0x00000221bc0a6300 JavaThread "Notification Thread" daemon [_thread_blocked, id=7064, stack(0x0000008684100000,0x0000008684200000)]
  0x00000221bc0a7640 JavaThread "RMI TCP Accept-0" daemon [_thread_in_native, id=12900, stack(0x0000008684400000,0x0000008684500000)]
  0x00000221bc0a7fe0 JavaThread "RMI TCP Accept-49831" daemon [_thread_in_native, id=5240, stack(0x0000008684500000,0x0000008684600000)]
  0x00000221bc0a84b0 JavaThread "RMI TCP Accept-0" daemon [_thread_in_native, id=8084, stack(0x0000008684600000,0x0000008684700000)]
  0x00000221bc0a9cc0 JavaThread "RMI Scheduler(0)" daemon [_thread_blocked, id=9536, stack(0x0000008684900000,0x0000008684a00000)]
  0x00000221bc0a6ca0 JavaThread "RMI TCP Connection(idle)" daemon [_thread_blocked, id=3588, stack(0x0000008684a00000,0x0000008684b00000)]
  0x00000221bc0a97f0 JavaThread "JMX server connection timeout 22" daemon [_thread_blocked, id=8212, stack(0x0000008684b00000,0x0000008684c00000)]
  0x00000221be7e5560 JavaThread "mysql-cj-abandoned-connection-cleanup" daemon [_thread_blocked, id=1884, stack(0x0000008685600000,0x0000008685700000)]
  0x00000221be7e3880 JavaThread "Live Reload Server" daemon [_thread_in_native, id=2528, stack(0x0000008686000000,0x0000008686100000)]
  0x00000221be7e63d0 JavaThread "DestroyJavaVM" [_thread_blocked, id=9376, stack(0x0000008683000000,0x0000008683100000)]
  0x00000221be7e2a10 JavaThread "Thread-11" [_thread_blocked, id=8332, stack(0x0000008682e00000,0x0000008682f00000)]

Other Threads:
  0x00000221bc040640 VMThread "VM Thread" [stack: 0x0000008683600000,0x0000008683700000] [id=3352]
  0x00000221a8e3ac40 WatcherThread [stack: 0x0000008684700000,0x0000008684800000] [id=9160]
=>0x00000221a8e07ce0 GCTaskThread "GC Thread#0" [stack: 0x0000008683100000,0x0000008683200000] [id=8108]
  0x00000221bd916e70 GCTaskThread "GC Thread#1" [stack: 0x0000008684c00000,0x0000008684d00000] [id=3592]
  0x00000221bd917120 GCTaskThread "GC Thread#2" [stack: 0x0000008684d00000,0x0000008684e00000] [id=4564]
  0x00000221bd9173d0 GCTaskThread "GC Thread#3" [stack: 0x0000008684e00000,0x0000008684f00000] [id=9368]
  0x00000221bd917680 GCTaskThread "GC Thread#4" [stack: 0x0000008684f00000,0x0000008685000000] [id=10380]
  0x00000221bd917d40 GCTaskThread "GC Thread#5" [stack: 0x0000008685000000,0x0000008685100000] [id=11868]
  0x00000221bd964470 GCTaskThread "GC Thread#6" [stack: 0x0000008685100000,0x0000008685200000] [id=3612]
  0x00000221bd964f30 GCTaskThread "GC Thread#7" [stack: 0x0000008685200000,0x0000008685300000] [id=9788]
  0x00000221a8e18a20 ConcurrentGCThread "G1 Main Marker" [stack: 0x0000008683200000,0x0000008683300000] [id=9812]
  0x00000221a8e19430 ConcurrentGCThread "G1 Conc#0" [stack: 0x0000008683300000,0x0000008683400000] [id=6104]
  0x00000221bdb7a440 ConcurrentGCThread "G1 Conc#1" [stack: 0x0000008685700000,0x0000008685800000] [id=10044]
  0x00000221a8e5e4d0 ConcurrentGCThread "G1 Refine#0" [stack: 0x0000008683400000,0x0000008683500000] [id=7128]
  0x00000221bd96e630 ConcurrentGCThread "G1 Refine#1" [stack: 0x0000008685300000,0x0000008685400000] [id=892]
  0x00000221bb5540f0 ConcurrentGCThread "G1 Service" [stack: 0x0000008683500000,0x0000008683600000] [id=2516]

Threads with active compile tasks:

VM state: at safepoint (normal execution)

VM Mutex/Monitor currently owned by a thread:  ([mutex/lock_event])
[0x00000221a6b5b850] Threads_lock - owner thread: 0x00000221bc040640
[0x00000221a6b5b8e0] Heap_lock - owner thread: 0x00000221be7e2a10

OutOfMemory and StackOverflow Exception counts:
StackOverflowErrors=10
LinkageErrors=154

Heap address: 0x0000000702000000, size: 4064 MB, Compressed Oops mode: Zero based, Oop shift amount: 3

CDS archive(s) not mapped
Compressed class space mapped at: 0x0000000800000000-0x0000000840000000, reserved size: 1073741824
Narrow klass base: 0x0000000800000000, Narrow klass shift: 0, Narrow klass range: 0x40000000

GC Precious Log:
 CPUs: 8 total, 8 available
 Memory: 16254M
 Large Page Support: Disabled
 NUMA Support: Disabled
 Compressed Oops: Enabled (Zero based)
 Heap Region Size: 2M
 Heap Min Capacity: 8M
 Heap Initial Capacity: 254M
 Heap Max Capacity: 4064M
 Pre-touch: Disabled
 Parallel Workers: 8
 Concurrent Workers: 2
 Concurrent Refinement Workers: 8
 Periodic GC: Disabled

Heap:
 garbage-first heap   total 204800K, used 54115K [0x0000000702000000, 0x0000000800000000)
  region size 2048K, 13 young (26624K), 3 survivors (6144K)
 Metaspace       used 78209K, committed 78784K, reserved 1122304K
  class space    used 10802K, committed 11072K, reserved 1048576K

Heap Regions: E=young(eden), S=young(survivor), O=old, HS=humongous(starts), HC=humongous(continues), CS=collection set, F=free, OA=open archive, CA=closed archive, TAMS=top-at-mark-start (previous, next)
|   0|0x0000000702000000, 0x00000007021fffd8, 0x0000000702200000| 99%| O|  |TAMS 0x0000000702000000, 0x0000000702000000| Untracked 
|   1|0x0000000702200000, 0x0000000702400000, 0x0000000702400000|100%| O|  |TAMS 0x0000000702200000, 0x0000000702200000| Untracked 
|   2|0x0000000702400000, 0x0000000702600000, 0x0000000702600000|100%| O|  |TAMS 0x0000000702600000, 0x0000000702400000| Untracked 
|   3|0x0000000702600000, 0x00000007027ffff8, 0x0000000702800000| 99%| O|  |TAMS 0x0000000702600000, 0x0000000702600000| Untracked 
|   4|0x0000000702800000, 0x00000007029ffff8, 0x0000000702a00000| 99%| O|  |TAMS 0x0000000702800000, 0x0000000702800000| Untracked 
|   5|0x0000000702a00000, 0x0000000702bffff8, 0x0000000702c00000| 99%| O|  |TAMS 0x0000000702a00000, 0x0000000702a00000| Untracked 
|   6|0x0000000702c00000, 0x0000000702dffff8, 0x0000000702e00000| 99%| O|  |TAMS 0x0000000702c00000, 0x0000000702c00000| Untracked 
|   7|0x0000000702e00000, 0x0000000702ffe3c8, 0x0000000703000000| 99%| O|  |TAMS 0x0000000702e00000, 0x0000000702e00000| Untracked 
|   8|0x0000000703000000, 0x00000007031fffb8, 0x0000000703200000| 99%| O|  |TAMS 0x0000000703000000, 0x0000000703000000| Untracked 
|   9|0x0000000703200000, 0x00000007033fffb0, 0x0000000703400000| 99%| O|  |TAMS 0x0000000703200000, 0x0000000703200000| Untracked 
|  10|0x0000000703400000, 0x00000007035c3708, 0x0000000703600000| 88%| O|  |TAMS 0x0000000703400000, 0x0000000703400000| Untracked 
|  11|0x0000000703600000, 0x00000007036e1cb8, 0x0000000703800000| 44%| O|  |TAMS 0x0000000703600000, 0x0000000703600000| Untracked 
|  12|0x0000000703800000, 0x0000000703958110, 0x0000000703a00000| 67%| O|  |TAMS 0x0000000703800000, 0x0000000703800000| Untracked 
|  13|0x0000000703a00000, 0x0000000703b0d0c0, 0x0000000703c00000| 52%| O|  |TAMS 0x0000000703a00000, 0x0000000703a00000| Untracked 
|  14|0x0000000703c00000, 0x0000000703e00000, 0x0000000703e00000|100%| O|  |TAMS 0x0000000703c00000, 0x0000000703c00000| Untracked 
|  15|0x0000000703e00000, 0x0000000703f4e600, 0x0000000704000000| 65%| O|  |TAMS 0x0000000703e00000, 0x0000000703e00000| Untracked 
|  16|0x0000000704000000, 0x0000000704000000, 0x0000000704200000|  0%| F|  |TAMS 0x0000000704000000, 0x0000000704000000| Untracked 
|  17|0x0000000704200000, 0x0000000704200000, 0x0000000704400000|  0%| F|  |TAMS 0x0000000704200000, 0x0000000704200000| Untracked 
|  18|0x0000000704400000, 0x0000000704400000, 0x0000000704600000|  0%| F|  |TAMS 0x0000000704400000, 0x0000000704400000| Untracked 
|  19|0x0000000704600000, 0x0000000704600000, 0x0000000704800000|  0%| F|  |TAMS 0x0000000704600000, 0x0000000704600000| Untracked 
|  20|0x0000000704800000, 0x0000000704800000, 0x0000000704a00000|  0%| F|  |TAMS 0x0000000704800000, 0x0000000704800000| Untracked 
|  21|0x0000000704a00000, 0x0000000704a00000, 0x0000000704c00000|  0%| F|  |TAMS 0x0000000704a00000, 0x0000000704a00000| Untracked 
|  22|0x0000000704c00000, 0x0000000704c81f80, 0x0000000704e00000| 25%| S|  |TAMS 0x0000000704c00000, 0x0000000704c00000| Complete 
|  23|0x0000000704e00000, 0x0000000705000000, 0x0000000705000000|100%| S|  |TAMS 0x0000000704e00000, 0x0000000704e00000| Complete 
|  24|0x0000000705000000, 0x0000000705000000, 0x0000000705200000|  0%| F|  |TAMS 0x0000000705000000, 0x0000000705000000| Untracked 
|  25|0x0000000705200000, 0x0000000705200000, 0x0000000705400000|  0%| F|  |TAMS 0x0000000705200000, 0x0000000705200000| Untracked 
|  26|0x0000000705400000, 0x0000000705600000, 0x0000000705600000|100%| S|  |TAMS 0x0000000705400000, 0x0000000705400000| Complete 
|  27|0x0000000705600000, 0x0000000705600000, 0x0000000705800000|  0%| F|  |TAMS 0x0000000705600000, 0x0000000705600000| Untracked 
|  28|0x0000000705800000, 0x0000000705800000, 0x0000000705a00000|  0%| F|  |TAMS 0x0000000705800000, 0x0000000705800000| Untracked 
|  29|0x0000000705a00000, 0x0000000705a00000, 0x0000000705c00000|  0%| F|  |TAMS 0x0000000705a00000, 0x0000000705a00000| Untracked 
|  30|0x0000000705c00000, 0x0000000705c00000, 0x0000000705e00000|  0%| F|  |TAMS 0x0000000705c00000, 0x0000000705c00000| Untracked 
|  31|0x0000000705e00000, 0x0000000705e00000, 0x0000000706000000|  0%| F|  |TAMS 0x0000000705e00000, 0x0000000705e00000| Untracked 
|  32|0x0000000706000000, 0x0000000706000000, 0x0000000706200000|  0%| F|  |TAMS 0x0000000706000000, 0x0000000706000000| Untracked 
|  33|0x0000000706200000, 0x0000000706200000, 0x0000000706400000|  0%| F|  |TAMS 0x0000000706200000, 0x0000000706200000| Untracked 
|  34|0x0000000706400000, 0x0000000706400000, 0x0000000706600000|  0%| F|  |TAMS 0x0000000706400000, 0x0000000706400000| Untracked 
|  35|0x0000000706600000, 0x0000000706600000, 0x0000000706800000|  0%| F|  |TAMS 0x0000000706600000, 0x0000000706600000| Untracked 
|  36|0x0000000706800000, 0x0000000706800000, 0x0000000706a00000|  0%| F|  |TAMS 0x0000000706800000, 0x0000000706800000| Untracked 
|  37|0x0000000706a00000, 0x0000000706a00000, 0x0000000706c00000|  0%| F|  |TAMS 0x0000000706a00000, 0x0000000706a00000| Untracked 
|  38|0x0000000706c00000, 0x0000000706c00000, 0x0000000706e00000|  0%| F|  |TAMS 0x0000000706c00000, 0x0000000706c00000| Untracked 
|  39|0x0000000706e00000, 0x0000000706e00000, 0x0000000707000000|  0%| F|  |TAMS 0x0000000706e00000, 0x0000000706e00000| Untracked 
|  40|0x0000000707000000, 0x0000000707000000, 0x0000000707200000|  0%| F|  |TAMS 0x0000000707000000, 0x0000000707000000| Untracked 
|  41|0x0000000707200000, 0x0000000707200000, 0x0000000707400000|  0%| F|  |TAMS 0x0000000707200000, 0x0000000707200000| Untracked 
|  42|0x0000000707400000, 0x0000000707400000, 0x0000000707600000|  0%| F|  |TAMS 0x0000000707400000, 0x0000000707400000| Untracked 
|  43|0x0000000707600000, 0x0000000707600000, 0x0000000707800000|  0%| F|  |TAMS 0x0000000707600000, 0x0000000707600000| Untracked 
|  44|0x0000000707800000, 0x0000000707800000, 0x0000000707a00000|  0%| F|  |TAMS 0x0000000707800000, 0x0000000707800000| Untracked 
|  45|0x0000000707a00000, 0x0000000707a00000, 0x0000000707c00000|  0%| F|  |TAMS 0x0000000707a00000, 0x0000000707a00000| Untracked 
|  46|0x0000000707c00000, 0x0000000707c00000, 0x0000000707e00000|  0%| F|  |TAMS 0x0000000707c00000, 0x0000000707c00000| Untracked 
|  47|0x0000000707e00000, 0x0000000707e00000, 0x0000000708000000|  0%| F|  |TAMS 0x0000000707e00000, 0x0000000707e00000| Untracked 
|  48|0x0000000708000000, 0x0000000708000000, 0x0000000708200000|  0%| F|  |TAMS 0x0000000708000000, 0x0000000708000000| Untracked 
|  49|0x0000000708200000, 0x0000000708200000, 0x0000000708400000|  0%| F|  |TAMS 0x0000000708200000, 0x0000000708200000| Untracked 
|  50|0x0000000708400000, 0x0000000708400000, 0x0000000708600000|  0%| F|  |TAMS 0x0000000708400000, 0x0000000708400000| Untracked 
|  51|0x0000000708600000, 0x0000000708600000, 0x0000000708800000|  0%| F|  |TAMS 0x0000000708600000, 0x0000000708600000| Untracked 
|  52|0x0000000708800000, 0x0000000708800000, 0x0000000708a00000|  0%| F|  |TAMS 0x0000000708800000, 0x0000000708800000| Untracked 
|  53|0x0000000708a00000, 0x0000000708a00000, 0x0000000708c00000|  0%| F|  |TAMS 0x0000000708a00000, 0x0000000708a00000| Untracked 
|  54|0x0000000708c00000, 0x0000000708c00000, 0x0000000708e00000|  0%| F|  |TAMS 0x0000000708c00000, 0x0000000708c00000| Untracked 
|  55|0x0000000708e00000, 0x0000000708e00000, 0x0000000709000000|  0%| F|  |TAMS 0x0000000708e00000, 0x0000000708e00000| Untracked 
|  56|0x0000000709000000, 0x0000000709000000, 0x0000000709200000|  0%| F|  |TAMS 0x0000000709000000, 0x0000000709000000| Untracked 
|  57|0x0000000709200000, 0x0000000709200000, 0x0000000709400000|  0%| F|  |TAMS 0x0000000709200000, 0x0000000709200000| Untracked 
|  58|0x0000000709400000, 0x0000000709400000, 0x0000000709600000|  0%| F|  |TAMS 0x0000000709400000, 0x0000000709400000| Untracked 
|  59|0x0000000709600000, 0x0000000709600000, 0x0000000709800000|  0%| F|  |TAMS 0x0000000709600000, 0x0000000709600000| Untracked 
|  60|0x0000000709800000, 0x0000000709800000, 0x0000000709a00000|  0%| F|  |TAMS 0x0000000709800000, 0x0000000709800000| Untracked 
|  61|0x0000000709a00000, 0x0000000709a00000, 0x0000000709c00000|  0%| F|  |TAMS 0x0000000709a00000, 0x0000000709a00000| Untracked 
|  62|0x0000000709c00000, 0x0000000709c00000, 0x0000000709e00000|  0%| F|  |TAMS 0x0000000709c00000, 0x0000000709c00000| Untracked 
|  63|0x0000000709e00000, 0x0000000709e00000, 0x000000070a000000|  0%| F|  |TAMS 0x0000000709e00000, 0x0000000709e00000| Untracked 
|  64|0x000000070a000000, 0x000000070a000000, 0x000000070a200000|  0%| F|  |TAMS 0x000000070a000000, 0x000000070a000000| Untracked 
|  65|0x000000070a200000, 0x000000070a200000, 0x000000070a400000|  0%| F|  |TAMS 0x000000070a200000, 0x000000070a200000| Untracked 
|  66|0x000000070a400000, 0x000000070a400000, 0x000000070a600000|  0%| F|  |TAMS 0x000000070a400000, 0x000000070a400000| Untracked 
|  67|0x000000070a600000, 0x000000070a600000, 0x000000070a800000|  0%| F|  |TAMS 0x000000070a600000, 0x000000070a600000| Untracked 
|  68|0x000000070a800000, 0x000000070a800000, 0x000000070aa00000|  0%| F|  |TAMS 0x000000070a800000, 0x000000070a800000| Untracked 
|  69|0x000000070aa00000, 0x000000070aa00000, 0x000000070ac00000|  0%| F|  |TAMS 0x000000070aa00000, 0x000000070aa00000| Untracked 
|  70|0x000000070ac00000, 0x000000070ac00000, 0x000000070ae00000|  0%| F|  |TAMS 0x000000070ac00000, 0x000000070ac00000| Untracked 
|  71|0x000000070ae00000, 0x000000070ae00000, 0x000000070b000000|  0%| F|  |TAMS 0x000000070ae00000, 0x000000070ae00000| Untracked 
|  72|0x000000070b000000, 0x000000070b000000, 0x000000070b200000|  0%| F|  |TAMS 0x000000070b000000, 0x000000070b000000| Untracked 
|  73|0x000000070b200000, 0x000000070b200000, 0x000000070b400000|  0%| F|  |TAMS 0x000000070b200000, 0x000000070b200000| Untracked 
|  74|0x000000070b400000, 0x000000070b400000, 0x000000070b600000|  0%| F|  |TAMS 0x000000070b400000, 0x000000070b400000| Untracked 
|  75|0x000000070b600000, 0x000000070b600000, 0x000000070b800000|  0%| F|  |TAMS 0x000000070b600000, 0x000000070b600000| Untracked 
|  76|0x000000070b800000, 0x000000070b800000, 0x000000070ba00000|  0%| F|  |TAMS 0x000000070b800000, 0x000000070b800000| Untracked 
|  77|0x000000070ba00000, 0x000000070ba00000, 0x000000070bc00000|  0%| F|  |TAMS 0x000000070ba00000, 0x000000070ba00000| Untracked 
|  78|0x000000070bc00000, 0x000000070bc00000, 0x000000070be00000|  0%| F|  |TAMS 0x000000070bc00000, 0x000000070bc00000| Untracked 
|  79|0x000000070be00000, 0x000000070be00000, 0x000000070c000000|  0%| F|  |TAMS 0x000000070be00000, 0x000000070be00000| Untracked 
|  80|0x000000070c000000, 0x000000070c000000, 0x000000070c200000|  0%| F|  |TAMS 0x000000070c000000, 0x000000070c000000| Untracked 
|  81|0x000000070c200000, 0x000000070c200000, 0x000000070c400000|  0%| F|  |TAMS 0x000000070c200000, 0x000000070c200000| Untracked 
|  82|0x000000070c400000, 0x000000070c400000, 0x000000070c600000|  0%| F|  |TAMS 0x000000070c400000, 0x000000070c400000| Untracked 
|  83|0x000000070c600000, 0x000000070c600000, 0x000000070c800000|  0%| F|  |TAMS 0x000000070c600000, 0x000000070c600000| Untracked 
|  84|0x000000070c800000, 0x000000070c800000, 0x000000070ca00000|  0%| F|  |TAMS 0x000000070c800000, 0x000000070c800000| Untracked 
|  85|0x000000070ca00000, 0x000000070ca00000, 0x000000070cc00000|  0%| F|  |TAMS 0x000000070ca00000, 0x000000070ca00000| Untracked 
|  86|0x000000070cc00000, 0x000000070cc00000, 0x000000070ce00000|  0%| F|  |TAMS 0x000000070cc00000, 0x000000070cc00000| Untracked 
|  87|0x000000070ce00000, 0x000000070ce00000, 0x000000070d000000|  0%| F|  |TAMS 0x000000070ce00000, 0x000000070ce00000| Untracked 
|  88|0x000000070d000000, 0x000000070d000000, 0x000000070d200000|  0%| F|  |TAMS 0x000000070d000000, 0x000000070d000000| Untracked 
|  89|0x000000070d200000, 0x000000070d200000, 0x000000070d400000|  0%| F|  |TAMS 0x000000070d200000, 0x000000070d200000| Untracked 
|  90|0x000000070d400000, 0x000000070d600000, 0x000000070d600000|100%| E|  |TAMS 0x000000070d400000, 0x000000070d400000| Complete 
|  91|0x000000070d600000, 0x000000070d800000, 0x000000070d800000|100%| E|  |TAMS 0x000000070d600000, 0x000000070d600000| Complete 
|  92|0x000000070d800000, 0x000000070da00000, 0x000000070da00000|100%| E|  |TAMS 0x000000070d800000, 0x000000070d800000| Complete 
|  93|0x000000070da00000, 0x000000070dc00000, 0x000000070dc00000|100%| E|  |TAMS 0x000000070da00000, 0x000000070da00000| Complete 
|  94|0x000000070dc00000, 0x000000070de00000, 0x000000070de00000|100%| E|  |TAMS 0x000000070dc00000, 0x000000070dc00000| Complete 
|  95|0x000000070de00000, 0x000000070e000000, 0x000000070e000000|100%| E|  |TAMS 0x000000070de00000, 0x000000070de00000| Complete 
|  96|0x000000070e000000, 0x000000070e200000, 0x000000070e200000|100%| E|  |TAMS 0x000000070e000000, 0x000000070e000000| Complete 
|  97|0x000000070e200000, 0x000000070e400000, 0x000000070e400000|100%| E|  |TAMS 0x000000070e200000, 0x000000070e200000| Complete 
|  98|0x000000070e400000, 0x000000070e600000, 0x000000070e600000|100%| E|  |TAMS 0x000000070e400000, 0x000000070e400000| Complete 
| 126|0x0000000711c00000, 0x0000000711e00000, 0x0000000711e00000|100%| E|  |TAMS 0x0000000711c00000, 0x0000000711c00000| Complete 

Card table byte_map: [0x00000221afd50000,0x00000221b0540000] _byte_map_base: 0x00000221ac540000

Marking Bits (Prev, Next): (CMBitMap*) 0x00000221a8e08330, (CMBitMap*) 0x00000221a8e082f0
 Prev Bits: [0x00000221b4cb0000, 0x00000221b8c30000)
 Next Bits: [0x00000221b0d30000, 0x00000221b4cb0000)

Polling page: 0x00000221a6d00000

Metaspace:

Usage:
  Non-class:     65.83 MB used.
      Class:     10.55 MB used.
       Both:     76.38 MB used.

Virtual space:
  Non-class space:       72.00 MB reserved,      66.12 MB ( 92%) committed,  9 nodes.
      Class space:        1.00 GB reserved,      10.81 MB (  1%) committed,  1 nodes.
             Both:        1.07 GB reserved,      76.94 MB (  7%) committed. 

Chunk freelists:
   Non-Class:  1.40 MB
       Class:  1.17 MB
        Both:  2.57 MB

MaxMetaspaceSize: unlimited
CompressedClassSpaceSize: 1.00 GB
Initial GC threshold: 21.00 MB
Current GC threshold: 127.62 MB
CDS: off
MetaspaceReclaimPolicy: balanced
 - commit_granule_bytes: 65536.
 - commit_granule_words: 8192.
 - virtual_space_node_default_size: 1048576.
 - enlarge_chunks_in_place: 1.
 - new_chunks_are_fully_committed: 0.
 - uncommit_free_chunks: 1.
 - use_allocation_guard: 0.
 - handle_deallocations: 1.


Internal statistics:

num_allocs_failed_limit: 11.
num_arena_births: 1016.
num_arena_deaths: 304.
num_vsnodes_births: 10.
num_vsnodes_deaths: 0.
num_space_committed: 1231.
num_space_uncommitted: 0.
num_chunks_returned_to_freelist: 351.
num_chunks_taken_from_freelist: 3734.
num_chunk_merges: 133.
num_chunk_splits: 2577.
num_chunks_enlarged: 1963.
num_purges: 4.
num_inconsistent_stats: 0.

CodeCache: size=49152Kb used=15351Kb max_used=17018Kb free=33800Kb
 bounds [0x00000221ac450000, 0x00000221ad530000, 0x00000221af450000]
 total_blobs=9529 nmethods=8859 adapters=596
 compilation: enabled
              stopped_count=0, restarted_count=0
 full_count=0

Compilation events (20 events):
Event: 162.941 Thread 0x00000221bc0ae0b0 8850       1       java.util.concurrent.ThreadPoolExecutor::ensurePrestart (41 bytes)
Event: 162.941 Thread 0x00000221bc0ae0b0 nmethod 8850 0x00000221ad22a810 code [0x00000221ad22a9c0, 0x00000221ad22ab38]
Event: 162.958 Thread 0x00000221bc0ae0b0 8851       1       java.net.NetworkInterface$1::hasMoreElements (18 bytes)
Event: 162.959 Thread 0x00000221bc0ae0b0 nmethod 8851 0x00000221ad22a510 code [0x00000221ad22a6a0, 0x00000221ad22a798]
Event: 162.961 Thread 0x00000221bc0ae0b0 8853       1       org.apache.catalina.ContainerEvent::getType (5 bytes)
Event: 162.961 Thread 0x00000221bc0ae0b0 nmethod 8853 0x00000221ad22a210 code [0x00000221ad22a3a0, 0x00000221ad22a478]
Event: 162.961 Thread 0x00000221bc0ae0b0 8852       1       org.apache.tomcat.util.collections.ManagedConcurrentWeakHashMap$Key::hashCode (5 bytes)
Event: 162.961 Thread 0x00000221bc0ae0b0 nmethod 8852 0x00000221ad229f10 code [0x00000221ad22a0a0, 0x00000221ad22a178]
Event: 162.964 Thread 0x00000221bc0ae0b0 8854       1       java.util.concurrent.CopyOnWriteArrayList::remove (34 bytes)
Event: 162.964 Thread 0x00000221bc0ae0b0 nmethod 8854 0x00000221ad229b10 code [0x00000221ad229cc0, 0x00000221ad229e18]
Event: 162.966 Thread 0x00000221bc0ae0b0 8855   !   1       org.hibernate.internal.util.collections.BoundedConcurrentHashMap$Segment::clear (60 bytes)
Event: 162.967 Thread 0x00000221bc0ae0b0 nmethod 8855 0x00000221ad229290 code [0x00000221ad2294a0, 0x00000221ad229878]
Event: 162.967 Thread 0x00000221bc0ae0b0 8856       1       java.util.concurrent.atomic.AtomicIntegerFieldUpdater$AtomicIntegerFieldUpdaterImpl::accessCheck (17 bytes)
Event: 162.967 Thread 0x00000221bc0ae0b0 nmethod 8856 0x00000221ad228f10 code [0x00000221ad2290a0, 0x00000221ad2291c8]
Event: 162.968 Thread 0x00000221bc0ae0b0 8857       1       java.util.concurrent.ThreadPoolExecutor$Worker::unlock (7 bytes)
Event: 162.968 Thread 0x00000221bc0ae0b0 nmethod 8857 0x00000221ad228b90 code [0x00000221ad228d20, 0x00000221ad228e48]
Event: 162.968 Thread 0x00000221bc0ae0b0 8858       1       java.util.concurrent.ThreadPoolExecutor$Worker::tryRelease (12 bytes)
Event: 162.968 Thread 0x00000221bc0ae0b0 nmethod 8858 0x00000221ad228890 code [0x00000221ad228a20, 0x00000221ad228b18]
Event: 162.969 Thread 0x00000221bc0ae0b0 8859       1       org.springframework.beans.factory.support.DefaultListableBeanFactory::clearByTypeCache (19 bytes)
Event: 162.969 Thread 0x00000221bc0ae0b0 nmethod 8859 0x00000221ad228510 code [0x00000221ad2286c0, 0x00000221ad2287f8]

GC Heap History (20 events):
Event: 4.482 GC heap after
{Heap after GC invocations=18 (full 0):
 garbage-first heap   total 96256K, used 29029K [0x0000000702000000, 0x0000000800000000)
  region size 2048K, 2 young (4096K), 2 survivors (4096K)
 Metaspace       used 68525K, committed 69120K, reserved 1114112K
  class space    used 9452K, committed 9728K, reserved 1048576K
}
Event: 11.141 GC heap before
{Heap before GC invocations=18 (full 0):
 garbage-first heap   total 96256K, used 74085K [0x0000000702000000, 0x0000000800000000)
  region size 2048K, 24 young (49152K), 2 survivors (4096K)
 Metaspace       used 74491K, committed 75136K, reserved 1114112K
  class space    used 10303K, committed 10624K, reserved 1048576K
}
Event: 11.148 GC heap after
{Heap after GC invocations=19 (full 0):
 garbage-first heap   total 96256K, used 32456K [0x0000000702000000, 0x0000000800000000)
  region size 2048K, 3 young (6144K), 3 survivors (6144K)
 Metaspace       used 74491K, committed 75136K, reserved 1114112K
  class space    used 10303K, committed 10624K, reserved 1048576K
}
Event: 98.502 GC heap before
{Heap before GC invocations=19 (full 0):
 garbage-first heap   total 96256K, used 48840K [0x0000000702000000, 0x0000000800000000)
  region size 2048K, 13 young (26624K), 3 survivors (6144K)
 Metaspace       used 77038K, committed 77632K, reserved 1122304K
  class space    used 10682K, committed 10944K, reserved 1048576K
}
Event: 98.539 GC heap after
{Heap after GC invocations=20 (full 1):
 garbage-first heap   total 96256K, used 28309K [0x0000000702000000, 0x0000000800000000)
  region size 2048K, 0 young (0K), 0 survivors (0K)
 Metaspace       used 77038K, committed 77632K, reserved 1122304K
  class space    used 10682K, committed 10944K, reserved 1048576K
}
Event: 98.880 GC heap before
{Heap before GC invocations=20 (full 1):
 garbage-first heap   total 96256K, used 71317K [0x0000000702000000, 0x0000000800000000)
  region size 2048K, 21 young (43008K), 0 survivors (0K)
 Metaspace       used 77188K, committed 77824K, reserved 1122304K
  class space    used 10705K, committed 11008K, reserved 1048576K
}
Event: 98.882 GC heap after
{Heap after GC invocations=21 (full 1):
 garbage-first heap   total 96256K, used 31967K [0x0000000702000000, 0x0000000800000000)
  region size 2048K, 2 young (4096K), 2 survivors (4096K)
 Metaspace       used 77188K, committed 77824K, reserved 1122304K
  class space    used 10705K, committed 11008K, reserved 1048576K
}
Event: 99.139 GC heap before
{Heap before GC invocations=21 (full 1):
 garbage-first heap   total 96256K, used 70879K [0x0000000702000000, 0x0000000800000000)
  region size 2048K, 21 young (43008K), 2 survivors (4096K)
 Metaspace       used 77495K, committed 78208K, reserved 1122304K
  class space    used 10736K, committed 11072K, reserved 1048576K
}
Event: 99.142 GC heap after
{Heap after GC invocations=22 (full 1):
 garbage-first heap   total 96256K, used 34125K [0x0000000702000000, 0x0000000800000000)
  region size 2048K, 2 young (4096K), 2 survivors (4096K)
 Metaspace       used 77495K, committed 78208K, reserved 1122304K
  class space    used 10736K, committed 11072K, reserved 1048576K
}
Event: 99.303 GC heap before
{Heap before GC invocations=22 (full 1):
 garbage-first heap   total 96256K, used 70989K [0x0000000702000000, 0x0000000800000000)
  region size 2048K, 20 young (40960K), 2 survivors (4096K)
 Metaspace       used 77731K, committed 78400K, reserved 1122304K
  class space    used 10758K, committed 11072K, reserved 1048576K
}
Event: 99.306 GC heap after
{Heap after GC invocations=23 (full 1):
 garbage-first heap   total 96256K, used 35540K [0x0000000702000000, 0x0000000800000000)
  region size 2048K, 2 young (4096K), 2 survivors (4096K)
 Metaspace       used 77731K, committed 78400K, reserved 1122304K
  class space    used 10758K, committed 11072K, reserved 1048576K
}
Event: 105.100 GC heap before
{Heap before GC invocations=23 (full 1):
 garbage-first heap   total 96256K, used 45780K [0x0000000702000000, 0x0000000800000000)
  region size 2048K, 8 young (16384K), 2 survivors (4096K)
 Metaspace       used 77739K, committed 78400K, reserved 1122304K
  class space    used 10760K, committed 11072K, reserved 1048576K
}
Event: 105.142 GC heap after
{Heap after GC invocations=24 (full 2):
 garbage-first heap   total 96256K, used 25634K [0x0000000702000000, 0x0000000800000000)
  region size 2048K, 0 young (0K), 0 survivors (0K)
 Metaspace       used 77400K, committed 78400K, reserved 1122304K
  class space    used 10683K, committed 11072K, reserved 1048576K
}
Event: 105.484 GC heap before
{Heap before GC invocations=24 (full 2):
 garbage-first heap   total 96256K, used 70690K [0x0000000702000000, 0x0000000800000000)
  region size 2048K, 23 young (47104K), 0 survivors (0K)
 Metaspace       used 77539K, committed 78400K, reserved 1122304K
  class space    used 10703K, committed 11072K, reserved 1048576K
}
Event: 105.486 GC heap after
{Heap after GC invocations=25 (full 2):
 garbage-first heap   total 96256K, used 29613K [0x0000000702000000, 0x0000000800000000)
  region size 2048K, 2 young (4096K), 2 survivors (4096K)
 Metaspace       used 77539K, committed 78400K, reserved 1122304K
  class space    used 10703K, committed 11072K, reserved 1048576K
}
Event: 105.736 GC heap before
{Heap before GC invocations=25 (full 2):
 garbage-first heap   total 96256K, used 72621K [0x0000000702000000, 0x0000000800000000)
  region size 2048K, 23 young (47104K), 2 survivors (4096K)
 Metaspace       used 77865K, committed 78528K, reserved 1122304K
  class space    used 10732K, committed 11072K, reserved 1048576K
}
Event: 105.740 GC heap after
{Heap after GC invocations=26 (full 2):
 garbage-first heap   total 96256K, used 31789K [0x0000000702000000, 0x0000000800000000)
  region size 2048K, 2 young (4096K), 2 survivors (4096K)
 Metaspace       used 77865K, committed 78528K, reserved 1122304K
  class space    used 10732K, committed 11072K, reserved 1048576K
}
Event: 106.688 GC heap before
{Heap before GC invocations=26 (full 2):
 garbage-first heap   total 96256K, used 70701K [0x0000000702000000, 0x0000000800000000)
  region size 2048K, 22 young (45056K), 2 survivors (4096K)
 Metaspace       used 78008K, committed 78656K, reserved 1122304K
  class space    used 10745K, committed 11072K, reserved 1048576K
}
Event: 106.692 GC heap after
{Heap after GC invocations=27 (full 2):
 garbage-first heap   total 204800K, used 33635K [0x0000000702000000, 0x0000000800000000)
  region size 2048K, 3 young (6144K), 3 survivors (6144K)
 Metaspace       used 78008K, committed 78656K, reserved 1122304K
  class space    used 10745K, committed 11072K, reserved 1048576K
}
Event: 162.970 GC heap before
{Heap before GC invocations=27 (full 2):
 garbage-first heap   total 204800K, used 52067K [0x0000000702000000, 0x0000000800000000)
  region size 2048K, 13 young (26624K), 3 survivors (6144K)
 Metaspace       used 78209K, committed 78784K, reserved 1122304K
  class space    used 10802K, committed 11072K, reserved 1048576K
}

Dll operation events (9 events):
Event: 0.005 Loaded shared library C:\Users\ayoub\Downloads\sts-4.18.0.RELEASE\plugins\org.eclipse.justj.openjdk.hotspot.jre.full.win32.x86_64_17.0.6.v20230204-1729\jre\bin\java.dll
Event: 0.154 Loaded shared library C:\Users\ayoub\Downloads\sts-4.18.0.RELEASE\plugins\org.eclipse.justj.openjdk.hotspot.jre.full.win32.x86_64_17.0.6.v20230204-1729\jre\bin\jimage.dll
Event: 0.165 Loaded shared library C:\Users\ayoub\Downloads\sts-4.18.0.RELEASE\plugins\org.eclipse.justj.openjdk.hotspot.jre.full.win32.x86_64_17.0.6.v20230204-1729\jre\bin\net.dll
Event: 0.166 Loaded shared library C:\Users\ayoub\Downloads\sts-4.18.0.RELEASE\plugins\org.eclipse.justj.openjdk.hotspot.jre.full.win32.x86_64_17.0.6.v20230204-1729\jre\bin\nio.dll
Event: 0.169 Loaded shared library C:\Users\ayoub\Downloads\sts-4.18.0.RELEASE\plugins\org.eclipse.justj.openjdk.hotspot.jre.full.win32.x86_64_17.0.6.v20230204-1729\jre\bin\zip.dll
Event: 0.222 Loaded shared library C:\Users\ayoub\Downloads\sts-4.18.0.RELEASE\plugins\org.eclipse.justj.openjdk.hotspot.jre.full.win32.x86_64_17.0.6.v20230204-1729\jre\bin\management.dll
Event: 0.232 Loaded shared library C:\Users\ayoub\Downloads\sts-4.18.0.RELEASE\plugins\org.eclipse.justj.openjdk.hotspot.jre.full.win32.x86_64_17.0.6.v20230204-1729\jre\bin\management_ext.dll
Event: 2.143 Loaded shared library C:\Users\ayoub\Downloads\sts-4.18.0.RELEASE\plugins\org.eclipse.justj.openjdk.hotspot.jre.full.win32.x86_64_17.0.6.v20230204-1729\jre\bin\sunmscapi.dll
Event: 2.725 Loaded shared library C:\Users\ayoub\Downloads\sts-4.18.0.RELEASE\plugins\org.eclipse.justj.openjdk.hotspot.jre.full.win32.x86_64_17.0.6.v20230204-1729\jre\bin\verify.dll

Deoptimization events (12 events):
Event: 0.999 Thread 0x00000221bc0a8980 DEOPT PACKING pc=0x00000221aca01979 sp=0x00000086855fc9c0
Event: 0.999 Thread 0x00000221bc0a8980 DEOPT UNPACKING pc=0x00000221ac4a7143 sp=0x00000086855fbea0 mode 3
Event: 2.305 Thread 0x00000221bc0a8980 DEOPT PACKING pc=0x00000221accdcca5 sp=0x00000086855f7f40
Event: 2.305 Thread 0x00000221bc0a8980 DEOPT UNPACKING pc=0x00000221ac4a7143 sp=0x00000086855f74a8 mode 3
Event: 4.041 Thread 0x00000221bc0a8980 DEOPT PACKING pc=0x00000221aca21054 sp=0x00000086855fc670
Event: 4.041 Thread 0x00000221bc0a8980 DEOPT UNPACKING pc=0x00000221ac4a7143 sp=0x00000086855fbbc8 mode 0
Event: 4.215 Thread 0x00000221bc0a8980 DEOPT PACKING pc=0x00000221aca92bd2 sp=0x00000086855fc920
Event: 4.215 Thread 0x00000221bc0a8980 DEOPT UNPACKING pc=0x00000221ac4a7143 sp=0x00000086855fbe28 mode 3
Event: 4.216 Thread 0x00000221bc0a8980 DEOPT PACKING pc=0x00000221aca846d5 sp=0x00000086855fc8e0
Event: 4.216 Thread 0x00000221bc0a8980 DEOPT UNPACKING pc=0x00000221ac4a7143 sp=0x00000086855fbe28 mode 3
Event: 144.000 Thread 0x00000221be7e7240 DEOPT PACKING pc=0x00000221ad261f1b sp=0x0000008685edbe70
Event: 144.000 Thread 0x00000221be7e7240 DEOPT UNPACKING pc=0x00000221ac4a7143 sp=0x0000008685edb378 mode 3

Classes unloaded (20 events):
Event: 105.117 Thread 0x00000221bc040640 Unloading class 0x0000000800142800 'java/lang/invoke/LambdaForm$MH+0x0000000800142800'
Event: 105.117 Thread 0x00000221bc040640 Unloading class 0x0000000800141800 'jdk/internal/reflect/GeneratedSerializationConstructorAccessor3'
Event: 105.117 Thread 0x00000221bc040640 Unloading class 0x0000000800141400 'jdk/internal/reflect/GeneratedSerializationConstructorAccessor2'
Event: 105.117 Thread 0x00000221bc040640 Unloading class 0x0000000800141000 'jdk/internal/reflect/GeneratedSerializationConstructorAccessor1'
Event: 105.117 Thread 0x00000221bc040640 Unloading class 0x0000000800140800 'java/lang/invoke/LambdaForm$DMH+0x0000000800140800'
Event: 105.117 Thread 0x00000221bc040640 Unloading class 0x0000000800140000 'java/lang/invoke/LambdaForm$DMH+0x0000000800140000'
Event: 105.117 Thread 0x00000221bc040640 Unloading class 0x00000008000c6c00 'jdk/internal/reflect/GeneratedConstructorAccessor1'
Event: 105.117 Thread 0x00000221bc040640 Unloading class 0x00000008000c6000 'java/lang/invoke/LambdaForm$MH+0x00000008000c6000'
Event: 105.117 Thread 0x00000221bc040640 Unloading class 0x00000008000c5c00 'java/lang/invoke/LambdaForm$MH+0x00000008000c5c00'
Event: 105.117 Thread 0x00000221bc040640 Unloading class 0x00000008000c5800 'java/lang/invoke/LambdaForm$MH+0x00000008000c5800'
Event: 105.117 Thread 0x00000221bc040640 Unloading class 0x00000008000c5400 'java/lang/invoke/LambdaForm$MH+0x00000008000c5400'
Event: 105.117 Thread 0x00000221bc040640 Unloading class 0x00000008000c5000 'java/lang/invoke/LambdaForm$MH+0x00000008000c5000'
Event: 105.117 Thread 0x00000221bc040640 Unloading class 0x00000008000c4c00 'java/lang/invoke/LambdaForm$MH+0x00000008000c4c00'
Event: 105.117 Thread 0x00000221bc040640 Unloading class 0x00000008000c3c00 'java/lang/invoke/LambdaForm$MH+0x00000008000c3c00'
Event: 105.117 Thread 0x00000221bc040640 Unloading class 0x00000008000c3800 'java/lang/invoke/LambdaForm$MH+0x00000008000c3800'
Event: 105.117 Thread 0x00000221bc040640 Unloading class 0x00000008000c3000 'java/lang/invoke/LambdaForm$MH+0x00000008000c3000'
Event: 105.117 Thread 0x00000221bc040640 Unloading class 0x00000008000c2400 'java/lang/invoke/LambdaForm$MH+0x00000008000c2400'
Event: 105.117 Thread 0x00000221bc040640 Unloading class 0x00000008000c1c00 'java/lang/invoke/LambdaForm$MH+0x00000008000c1c00'
Event: 105.117 Thread 0x00000221bc040640 Unloading class 0x00000008000c1400 'java/lang/invoke/LambdaForm$MH+0x00000008000c1400'
Event: 105.117 Thread 0x00000221bc040640 Unloading class 0x00000008000c0c00 'java/lang/invoke/LambdaForm$MH+0x00000008000c0c00'

Classes redefined (0 events):
No events

Internal exceptions (20 events):
Event: 105.837 Thread 0x00000221be7e5a30 Exception <a 'java/lang/reflect/InvocationTargetException'{0x00000007067de0f8}> (0x00000007067de0f8) 
thrown [s\src\hotspot\share\runtime\reflection.cpp, line 1121]
Event: 106.697 Thread 0x00000221be7e3d50 Exception <a 'java/lang/NoSuchMethodError'{0x0000000711c5e2d8}: 'void java.lang.invoke.DirectMethodHandle$Holder.invokeSpecialIFC(java.lang.Object, java.lang.Object, int, java.lang.Object, java.lang.Object, java.lang.Object, java.lang.Object)'> (0x0000000711c5e2d8) 
thrown [s\src\hotspot\share\interpreter\linkResolver.cpp, line 759]
Event: 144.011 Thread 0x00000221be7e7240 StackOverflowError at 0x00000221ad0931e0
Event: 144.011 Thread 0x00000221be7e7240 Exception <a 'java/lang/StackOverflowError'{0x000000070e1d18d8}> (0x000000070e1d18d8) 
thrown [s\src\hotspot\share\runtime\sharedRuntime.cpp, line 628]
Event: 144.013 Thread 0x00000221be7e7240 StackOverflowError at 0x00000221ac9155e0
Event: 144.013 Thread 0x00000221be7e7240 Exception <a 'java/lang/StackOverflowError'{0x000000070e1d6e78}> (0x000000070e1d6e78) 
thrown [s\src\hotspot\share\runtime\sharedRuntime.cpp, line 628]
Event: 144.013 Thread 0x00000221be7e7240 Exception <a 'java/lang/StackOverflowError'{0x000000070e1e19a0}> (0x000000070e1e19a0) 
thrown [s\src\hotspot\share\runtime\javaCalls.cpp, line 400]
Event: 144.014 Thread 0x00000221be7e7240 StackOverflowError at 0x00000221ac864020
Event: 144.015 Thread 0x00000221be7e7240 Exception <a 'java/lang/StackOverflowError'{0x000000070e1ec4c8}> (0x000000070e1ec4c8) 
thrown [s\src\hotspot\share\runtime\sharedRuntime.cpp, line 628]
Event: 144.016 Thread 0x00000221be7e7240 StackOverflowError at 0x00000221ac846b20
Event: 144.016 Thread 0x00000221be7e7240 Exception <a 'java/lang/StackOverflowError'{0x000000070e1f71f8}> (0x000000070e1f71f8) 
thrown [s\src\hotspot\share\runtime\sharedRuntime.cpp, line 628]
Event: 144.018 Thread 0x00000221be7e7240 StackOverflowError at 0x00000221ac6201a0
Event: 144.018 Thread 0x00000221be7e7240 Exception <a 'java/lang/StackOverflowError'{0x000000070de01fb0}> (0x000000070de01fb0) 
thrown [s\src\hotspot\share\runtime\sharedRuntime.cpp, line 628]
Event: 144.020 Thread 0x00000221be7e7240 StackOverflowError at 0x00000221ac6153a0
Event: 144.020 Thread 0x00000221be7e7240 Exception <a 'java/lang/StackOverflowError'{0x000000070de0ccd8}> (0x000000070de0ccd8) 
thrown [s\src\hotspot\share\runtime\sharedRuntime.cpp, line 628]
Event: 144.022 Thread 0x00000221be7e7240 StackOverflowError at 0x00000221ac645f40
Event: 144.022 Thread 0x00000221be7e7240 Exception <a 'java/lang/StackOverflowError'{0x000000070de1e080}> (0x000000070de1e080) 
thrown [s\src\hotspot\share\runtime\sharedRuntime.cpp, line 628]
Event: 144.023 Thread 0x00000221be7e7240 Exception <a 'java/lang/StackOverflowError'{0x000000070de3d5d0}> (0x000000070de3d5d0) 
thrown [s\src\hotspot\share\runtime\javaCalls.cpp, line 400]
Event: 144.024 Thread 0x00000221be7e7240 Exception <a 'java/lang/StackOverflowError'{0x000000070de4b838}> (0x000000070de4b838) 
thrown [s\src\hotspot\share\runtime\javaCalls.cpp, line 400]
Event: 162.964 Thread 0x00000221be7e5f00 Exception <a 'java/lang/InterruptedException'{0x000000070d524680}: sleep interrupted> (0x000000070d524680) 
thrown [s\src\hotspot\share\prims\jvm.cpp, line 3070]

VM Operations (20 events):
Event: 99.306 Executing VM operation: G1CollectForAllocation done
Event: 100.309 Executing VM operation: Cleanup
Event: 100.309 Executing VM operation: Cleanup done
Event: 105.100 Executing VM operation: G1CollectFull
Event: 105.142 Executing VM operation: G1CollectFull done
Event: 105.484 Executing VM operation: G1CollectForAllocation
Event: 105.486 Executing VM operation: G1CollectForAllocation done
Event: 105.736 Executing VM operation: G1CollectForAllocation
Event: 105.740 Executing VM operation: G1CollectForAllocation done
Event: 106.688 Executing VM operation: G1CollectForAllocation
Event: 106.693 Executing VM operation: G1CollectForAllocation done
Event: 107.702 Executing VM operation: Cleanup
Event: 107.702 Executing VM operation: Cleanup done
Event: 120.796 Executing VM operation: Cleanup
Event: 120.796 Executing VM operation: Cleanup done
Event: 144.811 Executing VM operation: Cleanup
Event: 144.811 Executing VM operation: Cleanup done
Event: 146.812 Executing VM operation: Cleanup
Event: 146.812 Executing VM operation: Cleanup done
Event: 162.969 Executing VM operation: G1CollectFull

Events (20 events):
Event: 162.935 Thread 0x00000221be7e2a10 Thread added: 0x00000221be7e2a10
Event: 162.935 Thread 0x00000221be7e93f0 Thread exited: 0x00000221be7e93f0
Event: 162.959 Thread 0x00000221be7e2540 Thread exited: 0x00000221be7e2540
Event: 162.963 Thread 0x00000221be7e33b0 Thread exited: 0x00000221be7e33b0
Event: 162.964 Thread 0x00000221be7e2ee0 Thread exited: 0x00000221be7e2ee0
Event: 162.964 Thread 0x00000221be7e98c0 Thread exited: 0x00000221be7e98c0
Event: 162.964 Thread 0x00000221be7e8f20 Thread exited: 0x00000221be7e8f20
Event: 162.964 Thread 0x00000221be7e80b0 Thread exited: 0x00000221be7e80b0
Event: 162.964 Thread 0x00000221be7e7be0 Thread exited: 0x00000221be7e7be0
Event: 162.964 Thread 0x00000221be7e7710 Thread exited: 0x00000221be7e7710
Event: 162.964 Thread 0x00000221be7e3d50 Thread exited: 0x00000221be7e3d50
Event: 162.964 Thread 0x00000221be7e46f0 Thread exited: 0x00000221be7e46f0
Event: 162.964 Thread 0x00000221be7e7240 Thread exited: 0x00000221be7e7240
Event: 162.964 Thread 0x00000221be7e2070 Thread exited: 0x00000221be7e2070
Event: 162.964 Thread 0x00000221be7e68a0 Thread exited: 0x00000221be7e68a0
Event: 162.964 Thread 0x00000221be7e5090 Thread exited: 0x00000221be7e5090
Event: 162.964 Thread 0x00000221be7e5f00 Thread exited: 0x00000221be7e5f00
Event: 162.967 Thread 0x00000221be7e80b0 Thread added: 0x00000221be7e80b0
Event: 162.967 Thread 0x00000221be7e6d70 Thread exited: 0x00000221be7e6d70
Event: 162.969 Thread 0x00000221be7e80b0 Thread exited: 0x00000221be7e80b0


Dynamic libraries:
0x00007ff62e310000 - 0x00007ff62e31e000 	C:\Users\ayoub\Downloads\sts-4.18.0.RELEASE\plugins\org.eclipse.justj.openjdk.hotspot.jre.full.win32.x86_64_17.0.6.v20230204-1729\jre\bin\javaw.exe
0x00007fffd1270000 - 0x00007fffd1468000 	C:\Windows\SYSTEM32\ntdll.dll
0x00007fffd01b0000 - 0x00007fffd026f000 	C:\Windows\System32\KERNEL32.DLL
0x00007fffceb20000 - 0x00007fffcee16000 	C:\Windows\System32\KERNELBASE.dll
0x00007fffcea20000 - 0x00007fffceb20000 	C:\Windows\System32\ucrtbase.dll
0x00007fffad510000 - 0x00007fffad527000 	C:\Users\ayoub\Downloads\sts-4.18.0.RELEASE\plugins\org.eclipse.justj.openjdk.hotspot.jre.full.win32.x86_64_17.0.6.v20230204-1729\jre\bin\jli.dll
0x00007fffa1b80000 - 0x00007fffa1b99000 	C:\Users\ayoub\Downloads\sts-4.18.0.RELEASE\plugins\org.eclipse.justj.openjdk.hotspot.jre.full.win32.x86_64_17.0.6.v20230204-1729\jre\bin\VCRUNTIME140.dll
0x00007fffcfcf0000 - 0x00007fffcfe8d000 	C:\Windows\System32\USER32.dll
0x00007fffce9f0000 - 0x00007fffcea12000 	C:\Windows\System32\win32u.dll
0x00007fffcdd40000 - 0x00007fffcdfda000 	C:\Windows\WinSxS\amd64_microsoft.windows.common-controls_6595b64144ccf1df_6.0.19041.1110_none_60b5254171f9507e\COMCTL32.dll
0x00007fffcfa30000 - 0x00007fffcfa5c000 	C:\Windows\System32\GDI32.dll
0x00007fffd1190000 - 0x00007fffd122e000 	C:\Windows\System32\msvcrt.dll
0x00007fffcf070000 - 0x00007fffcf185000 	C:\Windows\System32\gdi32full.dll
0x00007fffce950000 - 0x00007fffce9ed000 	C:\Windows\System32\msvcp_win.dll
0x00007fffcfa60000 - 0x00007fffcfa90000 	C:\Windows\System32\IMM32.DLL
0x00007fffc7eb0000 - 0x00007fffc7ebc000 	C:\Users\ayoub\Downloads\sts-4.18.0.RELEASE\plugins\org.eclipse.justj.openjdk.hotspot.jre.full.win32.x86_64_17.0.6.v20230204-1729\jre\bin\vcruntime140_1.dll
0x00007fff60080000 - 0x00007fff60111000 	C:\Users\ayoub\Downloads\sts-4.18.0.RELEASE\plugins\org.eclipse.justj.openjdk.hotspot.jre.full.win32.x86_64_17.0.6.v20230204-1729\jre\bin\msvcp140.dll
0x00007fff7aab0000 - 0x00007fff7b6f7000 	C:\Users\ayoub\Downloads\sts-4.18.0.RELEASE\plugins\org.eclipse.justj.openjdk.hotspot.jre.full.win32.x86_64_17.0.6.v20230204-1729\jre\bin\server\jvm.dll
0x00007fffcfc40000 - 0x00007fffcfcef000 	C:\Windows\System32\ADVAPI32.dll
0x00007fffd03a0000 - 0x00007fffd043c000 	C:\Windows\System32\sechost.dll
0x00007fffd0620000 - 0x00007fffd0746000 	C:\Windows\System32\RPCRT4.dll
0x00007fffa23c0000 - 0x00007fffa23c9000 	C:\Windows\SYSTEM32\WSOCK32.dll
0x00007fffb0c70000 - 0x00007fffb0c97000 	C:\Windows\SYSTEM32\WINMM.dll
0x00007fffc6d20000 - 0x00007fffc6d2a000 	C:\Windows\SYSTEM32\VERSION.dll
0x00007fffd0500000 - 0x00007fffd056b000 	C:\Windows\System32\WS2_32.dll
0x00007fffcbca0000 - 0x00007fffcbcb2000 	C:\Windows\SYSTEM32\kernel.appcore.dll
0x00007fffc9490000 - 0x00007fffc949a000 	C:\Users\ayoub\Downloads\sts-4.18.0.RELEASE\plugins\org.eclipse.justj.openjdk.hotspot.jre.full.win32.x86_64_17.0.6.v20230204-1729\jre\bin\jimage.dll
0x00007fffce380000 - 0x00007fffce564000 	C:\Windows\SYSTEM32\DBGHELP.DLL
0x00007fffce110000 - 0x00007fffce144000 	C:\Windows\SYSTEM32\dbgcore.DLL
0x00007fffcf190000 - 0x00007fffcf212000 	C:\Windows\System32\bcryptPrimitives.dll
0x00007fff90640000 - 0x00007fff90665000 	C:\Users\ayoub\Downloads\sts-4.18.0.RELEASE\plugins\org.eclipse.justj.openjdk.hotspot.jre.full.win32.x86_64_17.0.6.v20230204-1729\jre\bin\java.dll
0x00007fffaf4e0000 - 0x00007fffaf4f8000 	C:\Users\ayoub\Downloads\sts-4.18.0.RELEASE\plugins\org.eclipse.justj.openjdk.hotspot.jre.full.win32.x86_64_17.0.6.v20230204-1729\jre\bin\zip.dll
0x00007fffcf2d0000 - 0x00007fffcfa14000 	C:\Windows\System32\SHELL32.dll
0x00007fffcbcc0000 - 0x00007fffcc453000 	C:\Windows\SYSTEM32\windows.storage.dll
0x00007fffd0cb0000 - 0x00007fffd1004000 	C:\Windows\System32\combase.dll
0x00007fffcdbc0000 - 0x00007fffcdbee000 	C:\Windows\SYSTEM32\Wldp.dll
0x00007fffd02f0000 - 0x00007fffd039d000 	C:\Windows\System32\SHCORE.dll
0x00007fffd1080000 - 0x00007fffd10d5000 	C:\Windows\System32\shlwapi.dll
0x00007fffce890000 - 0x00007fffce8af000 	C:\Windows\SYSTEM32\profapi.dll
0x00007fffaf270000 - 0x00007fffaf289000 	C:\Users\ayoub\Downloads\sts-4.18.0.RELEASE\plugins\org.eclipse.justj.openjdk.hotspot.jre.full.win32.x86_64_17.0.6.v20230204-1729\jre\bin\net.dll
0x00007fffc5520000 - 0x00007fffc562a000 	C:\Windows\SYSTEM32\WINHTTP.dll
0x00007fffcd9a0000 - 0x00007fffcda0a000 	C:\Windows\system32\mswsock.dll
0x00007fffaa820000 - 0x00007fffaa835000 	C:\Users\ayoub\Downloads\sts-4.18.0.RELEASE\plugins\org.eclipse.justj.openjdk.hotspot.jre.full.win32.x86_64_17.0.6.v20230204-1729\jre\bin\nio.dll
0x00007fffc02a0000 - 0x00007fffc02a9000 	C:\Users\ayoub\Downloads\sts-4.18.0.RELEASE\plugins\org.eclipse.justj.openjdk.hotspot.jre.full.win32.x86_64_17.0.6.v20230204-1729\jre\bin\management.dll
0x00007fffc0290000 - 0x00007fffc029b000 	C:\Users\ayoub\Downloads\sts-4.18.0.RELEASE\plugins\org.eclipse.justj.openjdk.hotspot.jre.full.win32.x86_64_17.0.6.v20230204-1729\jre\bin\management_ext.dll
0x00007fffd1010000 - 0x00007fffd1018000 	C:\Windows\System32\PSAPI.DLL
0x00007fff86320000 - 0x00007fff86337000 	C:\Windows\system32\napinsp.dll
0x00007fff86300000 - 0x00007fff8631b000 	C:\Windows\system32\pnrpnsp.dll
0x00007fffc81d0000 - 0x00007fffc81e5000 	C:\Windows\system32\wshbth.dll
0x00007fffc8ed0000 - 0x00007fffc8eed000 	C:\Windows\system32\NLAapi.dll
0x00007fffcd6b0000 - 0x00007fffcd6ec000 	C:\Windows\SYSTEM32\IPHLPAPI.DLL
0x00007fffcd6f0000 - 0x00007fffcd7ba000 	C:\Windows\SYSTEM32\DNSAPI.dll
0x00007fffcfa20000 - 0x00007fffcfa28000 	C:\Windows\System32\NSI.dll
0x00007fff83890000 - 0x00007fff838a2000 	C:\Windows\System32\winrnr.dll
0x00007fffb6680000 - 0x00007fffb668a000 	C:\Windows\System32\rasadhlp.dll
0x00007fffb66d0000 - 0x00007fffb6752000 	C:\Windows\System32\fwpuclnt.dll
0x00007fffceee0000 - 0x00007fffcef07000 	C:\Windows\System32\bcrypt.dll
0x00007fffce6e0000 - 0x00007fffce6f8000 	C:\Windows\SYSTEM32\CRYPTSP.dll
0x00007fffcd340000 - 0x00007fffcd374000 	C:\Windows\system32\rsaenh.dll
0x00007fffce850000 - 0x00007fffce87e000 	C:\Windows\SYSTEM32\USERENV.dll
0x00007fffcdb30000 - 0x00007fffcdb3c000 	C:\Windows\SYSTEM32\CRYPTBASE.dll
0x00007fffc6320000 - 0x00007fffc6337000 	C:\Windows\SYSTEM32\dhcpcsvc6.DLL
0x00007fffc6270000 - 0x00007fffc628d000 	C:\Windows\SYSTEM32\dhcpcsvc.DLL
0x00007fffc7f10000 - 0x00007fffc7f1e000 	C:\Users\ayoub\Downloads\sts-4.18.0.RELEASE\plugins\org.eclipse.justj.openjdk.hotspot.jre.full.win32.x86_64_17.0.6.v20230204-1729\jre\bin\sunmscapi.dll
0x00007fffcef10000 - 0x00007fffcf06e000 	C:\Windows\System32\CRYPT32.dll
0x00007fffcdd10000 - 0x00007fffcdd38000 	C:\Windows\SYSTEM32\ncrypt.dll
0x00007fffcdcd0000 - 0x00007fffcdd0b000 	C:\Windows\SYSTEM32\NTASN1.dll
0x00007fffaca90000 - 0x00007fffacaa0000 	C:\Users\ayoub\Downloads\sts-4.18.0.RELEASE\plugins\org.eclipse.justj.openjdk.hotspot.jre.full.win32.x86_64_17.0.6.v20230204-1729\jre\bin\verify.dll
0x00007fffc9210000 - 0x00007fffc9217000 	C:\Windows\system32\wshunix.dll

dbghelp: loaded successfully - version: 4.0.5 - missing functions: none
symbol engine: initialized successfully - sym options: 0x614 - pdb path: .;C:\Users\ayoub\Downloads\sts-4.18.0.RELEASE\plugins\org.eclipse.justj.openjdk.hotspot.jre.full.win32.x86_64_17.0.6.v20230204-1729\jre\bin;C:\Windows\SYSTEM32;C:\Windows\WinSxS\amd64_microsoft.windows.common-controls_6595b64144ccf1df_6.0.19041.1110_none_60b5254171f9507e;C:\Users\ayoub\Downloads\sts-4.18.0.RELEASE\plugins\org.eclipse.justj.openjdk.hotspot.jre.full.win32.x86_64_17.0.6.v20230204-1729\jre\bin\server

VM Arguments:
jvm_args: -Dcom.sun.management.jmxremote -Dcom.sun.management.jmxremote.port=49831 -Dcom.sun.management.jmxremote.authenticate=false -Dcom.sun.management.jmxremote.ssl=false -Djava.rmi.server.hostname=localhost -Dspring.jmx.enabled=true -Dmanagement.endpoints.jmx.exposure.include=* -Dspring.application.admin.enabled=true -XX:TieredStopAtLevel=1 -Dspring.boot.project.name=HPS_APP -Dfile.encoding=UTF-8 -XX:+ShowCodeDetailsInExceptionMessages 
java_command: com.example.hps.HpsAppApplication --spring.output.ansi.enabled=always
java_class_path (initial): C:\Users\ayoub\Documents\workspace-spring-tool-suite-4-4.18.0.RELEASE\HPS_APP\target\classes;C:\Users\ayoub\.m2\repository\org\springframework\boot\spring-boot-starter-data-rest\3.1.1\spring-boot-starter-data-rest-3.1.1.jar;C:\Users\ayoub\.m2\repository\org\springframework\boot\spring-boot-starter-web\3.1.1\spring-boot-starter-web-3.1.1.jar;C:\Users\ayoub\.m2\repository\org\springframework\boot\spring-boot-starter-json\3.1.1\spring-boot-starter-json-3.1.1.jar;C:\Users\ayoub\.m2\repository\com\fasterxml\jackson\datatype\jackson-datatype-jdk8\2.15.2\jackson-datatype-jdk8-2.15.2.jar;C:\Users\ayoub\.m2\repository\com\fasterxml\jackson\datatype\jackson-datatype-jsr310\2.15.2\jackson-datatype-jsr310-2.15.2.jar;C:\Users\ayoub\.m2\repository\com\fasterxml\jackson\module\jackson-module-parameter-names\2.15.2\jackson-module-parameter-names-2.15.2.jar;C:\Users\ayoub\.m2\repository\org\springframework\boot\spring-boot-starter-tomcat\3.1.1\spring-boot-starter-tomcat-3.1.1.jar;C:\Users\ayoub\.m2\repository\org\apache\tomcat\embed\tomcat-embed-core\10.1.10\tomcat-embed-core-10.1.10.jar;C:\Users\ayoub\.m2\repository\org\apache\tomcat\embed\tomcat-embed-websocket\10.1.10\tomcat-embed-websocket-10.1.10.jar;C:\Users\ayoub\.m2\repository\org\springframework\spring-web\6.0.10\spring-web-6.0.10.jar;C:\Users\ayoub\.m2\repository\io\micrometer\micrometer-observation\1.11.1\micrometer-observation-1.11.1.jar;C:\Users\ayoub\.m2\repository\io\micrometer\micrometer-commons\1.11.1\micrometer-commons-1.11.1.jar;C:\Users\ayoub\.m2\repository\org\springframework\spring-webmvc\6.0.10\spring-webmvc-6.0.10.jar;C:\Users\ayoub\.m2\repository\org\springframework\spring-expression\6.0.10\spring-expression-6.0.10.jar;C:\Users\ayoub\.m2\repository\org\springframework\data\spring-data-rest-webmvc\4.1.1\spring-data-rest-webmvc-4.1.1.jar;C:\Users\ayoub\.m2\repository\org\springframework\data\spring-data-rest-core\4.1.1\spring-data-rest-core-4.1.1.jar;C:\Users\ayoub\.m2\repository\o
Launcher Type: SUN_STANDARD

[Global flags]
     intx CICompilerCount                          = 4                                         {product} {ergonomic}
     uint ConcGCThreads                            = 2                                         {product} {ergonomic}
     uint G1ConcRefinementThreads                  = 8                                         {product} {ergonomic}
   size_t G1HeapRegionSize                         = 2097152                                   {product} {ergonomic}
    uintx GCDrainStackTargetSize                   = 64                                        {product} {ergonomic}
   size_t InitialHeapSize                          = 266338304                                 {product} {ergonomic}
     bool ManagementServer                         = true                                      {product} {command line}
   size_t MarkStackSize                            = 4194304                                   {product} {ergonomic}
   size_t MaxHeapSize                              = 4261412864                                {product} {ergonomic}
   size_t MaxNewSize                               = 2556428288                                {product} {ergonomic}
   size_t MinHeapDeltaBytes                        = 2097152                                   {product} {ergonomic}
   size_t MinHeapSize                              = 8388608                                   {product} {ergonomic}
    uintx NonProfiledCodeHeapSize                  = 0                                      {pd product} {ergonomic}
     bool ProfileInterpreter                       = false                                  {pd product} {command line}
    uintx ProfiledCodeHeapSize                     = 0                                      {pd product} {ergonomic}
     bool ShowCodeDetailsInExceptionMessages       = true                                   {manageable} {command line}
   size_t SoftMaxHeapSize                          = 4261412864                             {manageable} {ergonomic}
     intx TieredStopAtLevel                        = 1                                         {product} {command line}
     bool UseCompressedClassPointers               = true                           {product lp64_product} {ergonomic}
     bool UseCompressedOops                        = true                           {product lp64_product} {ergonomic}
     bool UseG1GC                                  = true                                      {product} {ergonomic}
     bool UseLargePagesIndividualAllocation        = false                                  {pd product} {ergonomic}

Logging:
Log output configuration:
 #0: stdout all=warning uptime,level,tags
 #1: stderr all=off uptime,level,tags

Environment Variables:
PATH=C:/Users/ayoub/Downloads/sts-4.18.0.RELEASE//plugins/org.eclipse.justj.openjdk.hotspot.jre.full.win32.x86_64_17.0.6.v20230204-1729/jre/bin/server;C:/Users/ayoub/Downloads/sts-4.18.0.RELEASE//plugins/org.eclipse.justj.openjdk.hotspot.jre.full.win32.x86_64_17.0.6.v20230204-1729/jre/bin;C:\Orcl\WINDOWS.X64_193000_db_home\bin;C:\Program Files (x86)\Common Files\Oracle\Java\javapath;C:\Windows\system32;C:\Windows;C:\Windows\System32\Wbem;C:\Windows\System32\WindowsPowerShell\v1.0\;C:\Windows\System32\OpenSSH\;C:\Program Files\Java\jdk1.8.0_361\bin;C:\Program Files\nodejs\;C:\Program Files\Git\cmd;C:\Program Files\apache-maven-3.8.8\bin;;C:\Program Files\Docker\Docker\resources\bin;C:\Users\ayoub\AppData\Local\Programs\Python\Python311\Scripts\;C:\Users\ayoub\AppData\Local\Programs\Python\Python311\;C:\Users\ayoub\AppData\Local\Microsoft\WindowsApps;C:\Users\ayoub\AppData\Local\Programs\Microsoft VS Code\bin;C:\Users\ayoub\AppData\Roaming\npm;C:\Users\ayoub\AppData\Local\GitHubDesktop\bin;D:\flutter_Dev\bin;;C:\Users\ayoub\Downloads\sts-4.18.0.RELEASE;
USERNAME=ayoub
OS=Windows_NT
PROCESSOR_IDENTIFIER=Intel64 Family 6 Model 142 Stepping 12, GenuineIntel
TMP=C:\Users\ayoub\AppData\Local\Temp
TEMP=C:\Users\ayoub\AppData\Local\Temp



---------------  S Y S T E M  ---------------

OS:
 Windows 10 , 64 bit Build 19041 (10.0.19041.3031)
OS uptime: 0 days 0:37 hours
Hyper-V role detected

CPU: total 8 (initial active 8) (4 cores per cpu, 2 threads per core) family 6 model 142 stepping 12 microcode 0xec, cx8, cmov, fxsr, ht, mmx, 3dnowpref, sse, sse2, sse3, ssse3, sse4.1, sse4.2, popcnt, lzcnt, tsc, tscinvbit, avx, avx2, aes, erms, clmul, bmi1, bmi2, adx, fma, vzeroupper, clflush, clflushopt, hv

Memory: 4k page, system-wide physical 16254M (8244M free)
TotalPageFile size 32509M (AvailPageFile size 18997M)
current process WorkingSet (physical memory assigned to process): 272M, peak: 272M
current process commit charge ("private bytes"): 421M, peak: 421M

vm_info: OpenJDK 64-Bit Server VM (17.0.6+10) for windows-amd64 JRE (17.0.6+10), built on Jan 18 2023 10:08:59 by "temurin" with MS VC++ 16.7 (VS2019)

END.
