#
# A fatal error has been detected by the Java Runtime Environment:
#
#  Internal Error (utilities/concurrentHashTable.inline.hpp:680), pid=10504, tid=2444
#  fatal error: aux_index does not match even or odd indices
#
# JRE version: OpenJDK Runtime Environment Temurin-17.0.7+7 (17.0.7+7) (build 17.0.7+7)
# Java VM: OpenJDK 64-Bit Server VM Temurin-17.0.7+7 (17.0.7+7, mixed mode, emulated-client, tiered, compressed oops, compressed class ptrs, g1 gc, windows-amd64)
# No core dump will be written. Minidumps are not enabled by default on client versions of Windows
#
# If you would like to submit a bug report, please visit:
#   https://github.com/adoptium/adoptium-support/issues
#

---------------  S U M M A R Y ------------

Command Line: -Dcom.sun.management.jmxremote -Dcom.sun.management.jmxremote.port=50147 -Dcom.sun.management.jmxremote.authenticate=false -Dcom.sun.management.jmxremote.ssl=false -Djava.rmi.server.hostname=localhost -Dspring.jmx.enabled=true -Dmanagement.endpoints.jmx.exposure.include=* -Dspring.application.admin.enabled=true -XX:TieredStopAtLevel=1 -Dspring.boot.project.name=HPS_Projet_BackEnd -Dfile.encoding=UTF-8 -XX:+ShowCodeDetailsInExceptionMessages com.example.hps.HpsAppApplication --spring.output.ansi.enabled=always

Host: Intel(R) Core(TM) i7-8565U CPU @ 1.80GHz, 8 cores, 15G,  Windows 11 , 64 bit Build 22621 (10.0.22621.2070)
Time: Thu Aug 10 15:29:43 2023 Morocco Daylight Time elapsed time: 413.021285 seconds (0d 0h 6m 53s)

---------------  T H R E A D  ---------------

Current thread (0x0000023d146b1000):  JavaThread "Service Thread" daemon [_thread_in_vm, id=2444, stack(0x000000f268e00000,0x000000f268f00000)]

Stack: [0x000000f268e00000,0x000000f268f00000]
Native frames: (J=compiled Java code, j=interpreted, Vv=VM code, C=native code)
V  [jvm.dll+0x67754a]
V  [jvm.dll+0x834304]
V  [jvm.dll+0x835aae]
V  [jvm.dll+0x24668b]
V  [jvm.dll+0x7a68e3]
V  [jvm.dll+0x7a542a]
V  [jvm.dll+0x7a49db]
V  [jvm.dll+0x6db432]
V  [jvm.dll+0x7ea90b]
V  [jvm.dll+0x7e4e7a]
V  [jvm.dll+0x676395]
C  [ucrtbase.dll+0x29363]
C  [KERNEL32.DLL+0x126ad]
C  [ntdll.dll+0x5aa68]


---------------  P R O C E S S  ---------------

Threads class SMR info:
_java_thread_list=0x0000023d2089c650, length=21, elements={
0x0000023d14654400, 0x0000023d14655550, 0x0000023d14676ff0, 0x0000023d146778b0,
0x0000023d146b1000, 0x0000023d146b2060, 0x0000023d146b99e0, 0x0000023d146bc230,
0x0000023d145ee680, 0x0000023d14892700, 0x0000023d19525490, 0x0000023d19525960,
0x0000023d19523490, 0x0000023d198e3a20, 0x0000023d198e3ef0, 0x0000023d19937ba0,
0x0000023d19958bb0, 0x0000023d19959ef0, 0x0000023d20623680, 0x0000023d20621e70,
0x0000023d2061d170
}

Java Threads: ( => current thread )
  0x0000023d14654400 JavaThread "Reference Handler" daemon [_thread_blocked, id=7212, stack(0x000000f268a00000,0x000000f268b00000)]
  0x0000023d14655550 JavaThread "Finalizer" daemon [_thread_blocked, id=13900, stack(0x000000f268b00000,0x000000f268c00000)]
  0x0000023d14676ff0 JavaThread "Signal Dispatcher" daemon [_thread_blocked, id=1676, stack(0x000000f268c00000,0x000000f268d00000)]
  0x0000023d146778b0 JavaThread "Attach Listener" daemon [_thread_blocked, id=14396, stack(0x000000f268d00000,0x000000f268e00000)]
=>0x0000023d146b1000 JavaThread "Service Thread" daemon [_thread_in_vm, id=2444, stack(0x000000f268e00000,0x000000f268f00000)]
  0x0000023d146b2060 JavaThread "Monitor Deflation Thread" daemon [_thread_blocked, id=14436, stack(0x000000f268f00000,0x000000f269000000)]
  0x0000023d146b99e0 JavaThread "C1 CompilerThread0" daemon [_thread_blocked, id=17404, stack(0x000000f269000000,0x000000f269100000)]
  0x0000023d146bc230 JavaThread "Sweeper thread" daemon [_thread_blocked, id=17400, stack(0x000000f269100000,0x000000f269200000)]
  0x0000023d145ee680 JavaThread "Common-Cleaner" daemon [_thread_blocked, id=7848, stack(0x000000f269200000,0x000000f269300000)]
  0x0000023d14892700 JavaThread "Notification Thread" daemon [_thread_blocked, id=18400, stack(0x000000f269500000,0x000000f269600000)]
  0x0000023d19525490 JavaThread "RMI TCP Accept-0" daemon [_thread_in_native, id=18328, stack(0x000000f269600000,0x000000f269700000)]
  0x0000023d19525960 JavaThread "RMI TCP Accept-50147" daemon [_thread_in_native, id=1476, stack(0x000000f269700000,0x000000f269800000)]
  0x0000023d19523490 JavaThread "RMI TCP Accept-0" daemon [_thread_in_native, id=6404, stack(0x000000f269800000,0x000000f269900000)]
  0x0000023d198e3a20 JavaThread "RMI Scheduler(0)" daemon [_thread_blocked, id=9932, stack(0x000000f26a300000,0x000000f26a400000)]
  0x0000023d198e3ef0 JavaThread "RMI TCP Connection(idle)" daemon [_thread_blocked, id=17100, stack(0x000000f26a400000,0x000000f26a500000)]
  0x0000023d19937ba0 JavaThread "JMX server connection timeout 22" daemon [_thread_blocked, id=14372, stack(0x000000f26a500000,0x000000f26a600000)]
  0x0000023d19958bb0 JavaThread "mysql-cj-abandoned-connection-cleanup" daemon [_thread_blocked, id=3508, stack(0x000000f26a900000,0x000000f26aa00000)]
  0x0000023d19959ef0 JavaThread "Live Reload Server" daemon [_thread_in_native, id=10236, stack(0x000000f26b400000,0x000000f26b500000)]
  0x0000023d20623680 JavaThread "DestroyJavaVM" [_thread_blocked, id=2452, stack(0x000000f268300000,0x000000f268400000)]
  0x0000023d20621e70 JavaThread "Thread-23" [_thread_blocked, id=2520, stack(0x000000f268000000,0x000000f268100000)]
  0x0000023d2061d170 JavaThread "restartedMain" [_thread_in_Java, id=11464, stack(0x000000f268100000,0x000000f268200000)]

Other Threads:
  0x0000023d14651630 VMThread "VM Thread" [stack: 0x000000f268900000,0x000000f268a00000] [id=1184]
  0x0000023d01c632c0 WatcherThread [stack: 0x000000f269900000,0x000000f269a00000] [id=17192]
  0x0000023d01cd0cd0 GCTaskThread "GC Thread#0" [stack: 0x000000f268400000,0x000000f268500000] [id=9100]
  0x0000023d19872e20 GCTaskThread "GC Thread#1" [stack: 0x000000f269a00000,0x000000f269b00000] [id=1520]
  0x0000023d198d9310 GCTaskThread "GC Thread#2" [stack: 0x000000f269b00000,0x000000f269c00000] [id=2264]
  0x0000023d198cbe80 GCTaskThread "GC Thread#3" [stack: 0x000000f269c00000,0x000000f269d00000] [id=10308]
  0x0000023d198cc130 GCTaskThread "GC Thread#4" [stack: 0x000000f269d00000,0x000000f269e00000] [id=6176]
  0x0000023d198cc3e0 GCTaskThread "GC Thread#5" [stack: 0x000000f269e00000,0x000000f269f00000] [id=8676]
  0x0000023d19883d00 GCTaskThread "GC Thread#6" [stack: 0x000000f269f00000,0x000000f26a000000] [id=16128]
  0x0000023d19a6d810 GCTaskThread "GC Thread#7" [stack: 0x000000f26a800000,0x000000f26a900000] [id=3584]
  0x0000023d01ce1910 ConcurrentGCThread "G1 Main Marker" [stack: 0x000000f268500000,0x000000f268600000] [id=2544]
  0x0000023d01ce2220 ConcurrentGCThread "G1 Conc#0" [stack: 0x000000f268600000,0x000000f268700000] [id=2312]
  0x0000023d19b44c00 ConcurrentGCThread "G1 Conc#1" [stack: 0x000000f26aa00000,0x000000f26ab00000] [id=11668]
  0x0000023d144ba1d0 ConcurrentGCThread "G1 Refine#0" [stack: 0x000000f268700000,0x000000f268800000] [id=2204]
  0x0000023d198cc690 ConcurrentGCThread "G1 Refine#1" [stack: 0x000000f26a000000,0x000000f26a100000] [id=1892]
  0x0000023d198fe5c0 ConcurrentGCThread "G1 Refine#2" [stack: 0x000000f26a100000,0x000000f26a200000] [id=3020]
  0x0000023d144baa00 ConcurrentGCThread "G1 Service" [stack: 0x000000f268800000,0x000000f268900000] [id=2096]

Threads with active compile tasks:

VM state: not at safepoint (normal execution)

VM Mutex/Monitor currently owned by a thread: None

Heap address: 0x0000000702000000, size: 4064 MB, Compressed Oops mode: Zero based, Oop shift amount: 3

CDS archive(s) not mapped
Compressed class space mapped at: 0x0000000800000000-0x0000000840000000, reserved size: 1073741824
Narrow klass base: 0x0000000800000000, Narrow klass shift: 0, Narrow klass range: 0x40000000

GC Precious Log:
 CPUs: 8 total, 8 available
 Memory: 16254M
 Large Page Support: Disabled
 NUMA Support: Disabled
 Compressed Oops: Enabled (Zero based)
 Heap Region Size: 2M
 Heap Min Capacity: 8M
 Heap Initial Capacity: 254M
 Heap Max Capacity: 4064M
 Pre-touch: Disabled
 Parallel Workers: 8
 Concurrent Workers: 2
 Concurrent Refinement Workers: 8
 Periodic GC: Disabled

Heap:
 garbage-first heap   total 131072K, used 36317K [0x0000000702000000, 0x0000000800000000)
  region size 2048K, 2 young (4096K), 0 survivors (0K)
 Metaspace       used 88984K, committed 89664K, reserved 1179648K
  class space    used 11984K, committed 12288K, reserved 1048576K

Heap Regions: E=young(eden), S=young(survivor), O=old, HS=humongous(starts), HC=humongous(continues), CS=collection set, F=free, OA=open archive, CA=closed archive, TAMS=top-at-mark-start (previous, next)
|   0|0x0000000702000000, 0x0000000702200000, 0x0000000702200000|100%| O|  |TAMS 0x0000000702200000, 0x0000000702000000| Untracked 
|   1|0x0000000702200000, 0x00000007023fffb0, 0x0000000702400000| 99%| O|  |TAMS 0x00000007023fffb0, 0x0000000702200000| Untracked 
|   2|0x0000000702400000, 0x0000000702600000, 0x0000000702600000|100%| O|  |TAMS 0x0000000702600000, 0x0000000702400000| Untracked 
|   3|0x0000000702600000, 0x00000007027fffe8, 0x0000000702800000| 99%| O|  |TAMS 0x00000007027fffe8, 0x0000000702600000| Untracked 
|   4|0x0000000702800000, 0x00000007029fff68, 0x0000000702a00000| 99%| O|  |TAMS 0x00000007029fff68, 0x0000000702800000| Untracked 
|   5|0x0000000702a00000, 0x0000000702bfffe0, 0x0000000702c00000| 99%| O|  |TAMS 0x0000000702bfffe0, 0x0000000702a00000| Untracked 
|   6|0x0000000702c00000, 0x0000000702e00000, 0x0000000702e00000|100%| O|  |TAMS 0x0000000702e00000, 0x0000000702c00000| Untracked 
|   7|0x0000000702e00000, 0x0000000702fffff8, 0x0000000703000000| 99%| O|  |TAMS 0x0000000702fffff8, 0x0000000702e00000| Untracked 
|   8|0x0000000703000000, 0x00000007031fffe8, 0x0000000703200000| 99%| O|  |TAMS 0x00000007031fffe8, 0x0000000703000000| Untracked 
|   9|0x0000000703200000, 0x00000007033ffff0, 0x0000000703400000| 99%| O|  |TAMS 0x00000007033ffff0, 0x0000000703200000| Untracked 
|  10|0x0000000703400000, 0x00000007035ffff0, 0x0000000703600000| 99%| O|  |TAMS 0x00000007035ffff0, 0x0000000703400000| Untracked 
|  11|0x0000000703600000, 0x00000007037fffe8, 0x0000000703800000| 99%| O|  |TAMS 0x0000000703600000, 0x0000000703600000| Untracked 
|  12|0x0000000703800000, 0x00000007039ffff8, 0x0000000703a00000| 99%| O|  |TAMS 0x0000000703800000, 0x0000000703800000| Untracked 
|  13|0x0000000703a00000, 0x0000000703bffff0, 0x0000000703c00000| 99%| O|  |TAMS 0x0000000703a00000, 0x0000000703a00000| Untracked 
|  14|0x0000000703c00000, 0x0000000703deff90, 0x0000000703e00000| 96%| O|  |TAMS 0x0000000703c00000, 0x0000000703c00000| Untracked 
|  15|0x0000000703e00000, 0x0000000703e00000, 0x0000000704000000|  0%| F|  |TAMS 0x0000000703e00000, 0x0000000703e00000| Untracked 
|  16|0x0000000704000000, 0x0000000704000000, 0x0000000704200000|  0%| F|  |TAMS 0x0000000704000000, 0x0000000704000000| Untracked 
|  17|0x0000000704200000, 0x00000007042df478, 0x0000000704400000| 43%| O|  |TAMS 0x0000000704200000, 0x0000000704200000| Untracked 
|  18|0x0000000704400000, 0x000000070457d760, 0x0000000704600000| 74%| O|  |TAMS 0x0000000704400000, 0x0000000704400000| Untracked 
|  19|0x0000000704600000, 0x0000000704600000, 0x0000000704800000|  0%| F|  |TAMS 0x0000000704600000, 0x0000000704600000| Untracked 
|  20|0x0000000704800000, 0x00000007048f7000, 0x0000000704a00000| 48%| O|  |TAMS 0x0000000704800000, 0x0000000704800000| Untracked 
|  21|0x0000000704a00000, 0x0000000704a00000, 0x0000000704c00000|  0%| F|  |TAMS 0x0000000704a00000, 0x0000000704a00000| Untracked 
|  22|0x0000000704c00000, 0x0000000704c33b50, 0x0000000704e00000| 10%| O|  |TAMS 0x0000000704c00000, 0x0000000704c00000| Untracked 
|  23|0x0000000704e00000, 0x0000000704e00000, 0x0000000705000000|  0%| F|  |TAMS 0x0000000704e00000, 0x0000000704e00000| Untracked 
|  24|0x0000000705000000, 0x0000000705000000, 0x0000000705200000|  0%| F|  |TAMS 0x0000000705000000, 0x0000000705000000| Untracked 
|  25|0x0000000705200000, 0x0000000705200000, 0x0000000705400000|  0%| F|  |TAMS 0x0000000705200000, 0x0000000705200000| Untracked 
|  26|0x0000000705400000, 0x0000000705400000, 0x0000000705600000|  0%| F|  |TAMS 0x0000000705400000, 0x0000000705400000| Untracked 
|  27|0x0000000705600000, 0x0000000705600000, 0x0000000705800000|  0%| F|  |TAMS 0x0000000705600000, 0x0000000705600000| Untracked 
|  28|0x0000000705800000, 0x0000000705800000, 0x0000000705a00000|  0%| F|  |TAMS 0x0000000705800000, 0x0000000705800000| Untracked 
|  29|0x0000000705a00000, 0x0000000705a00000, 0x0000000705c00000|  0%| F|  |TAMS 0x0000000705a00000, 0x0000000705a00000| Untracked 
|  30|0x0000000705c00000, 0x0000000705c00000, 0x0000000705e00000|  0%| F|  |TAMS 0x0000000705c00000, 0x0000000705c00000| Untracked 
|  31|0x0000000705e00000, 0x0000000705e00000, 0x0000000706000000|  0%| F|  |TAMS 0x0000000705e00000, 0x0000000705e00000| Untracked 
|  32|0x0000000706000000, 0x0000000706000000, 0x0000000706200000|  0%| F|  |TAMS 0x0000000706000000, 0x0000000706000000| Untracked 
|  33|0x0000000706200000, 0x0000000706200000, 0x0000000706400000|  0%| F|  |TAMS 0x0000000706200000, 0x0000000706200000| Untracked 
|  34|0x0000000706400000, 0x0000000706400000, 0x0000000706600000|  0%| F|  |TAMS 0x0000000706400000, 0x0000000706400000| Untracked 
|  35|0x0000000706600000, 0x0000000706600000, 0x0000000706800000|  0%| F|  |TAMS 0x0000000706600000, 0x0000000706600000| Untracked 
|  36|0x0000000706800000, 0x0000000706800000, 0x0000000706a00000|  0%| F|  |TAMS 0x0000000706800000, 0x0000000706800000| Untracked 
|  37|0x0000000706a00000, 0x0000000706a00000, 0x0000000706c00000|  0%| F|  |TAMS 0x0000000706a00000, 0x0000000706a00000| Untracked 
|  38|0x0000000706c00000, 0x0000000706c00000, 0x0000000706e00000|  0%| F|  |TAMS 0x0000000706c00000, 0x0000000706c00000| Untracked 
|  39|0x0000000706e00000, 0x0000000706e00000, 0x0000000707000000|  0%| F|  |TAMS 0x0000000706e00000, 0x0000000706e00000| Untracked 
|  40|0x0000000707000000, 0x0000000707000000, 0x0000000707200000|  0%| F|  |TAMS 0x0000000707000000, 0x0000000707000000| Untracked 
|  41|0x0000000707200000, 0x0000000707200000, 0x0000000707400000|  0%| F|  |TAMS 0x0000000707200000, 0x0000000707200000| Untracked 
|  42|0x0000000707400000, 0x0000000707400000, 0x0000000707600000|  0%| F|  |TAMS 0x0000000707400000, 0x0000000707400000| Untracked 
|  43|0x0000000707600000, 0x0000000707600000, 0x0000000707800000|  0%| F|  |TAMS 0x0000000707600000, 0x0000000707600000| Untracked 
|  44|0x0000000707800000, 0x0000000707800000, 0x0000000707a00000|  0%| F|  |TAMS 0x0000000707800000, 0x0000000707800000| Untracked 
|  45|0x0000000707a00000, 0x0000000707a00000, 0x0000000707c00000|  0%| F|  |TAMS 0x0000000707a00000, 0x0000000707a00000| Untracked 
|  46|0x0000000707c00000, 0x0000000707c00000, 0x0000000707e00000|  0%| F|  |TAMS 0x0000000707c00000, 0x0000000707c00000| Untracked 
|  47|0x0000000707e00000, 0x0000000707e00000, 0x0000000708000000|  0%| F|  |TAMS 0x0000000707e00000, 0x0000000707e00000| Untracked 
|  48|0x0000000708000000, 0x0000000708000000, 0x0000000708200000|  0%| F|  |TAMS 0x0000000708000000, 0x0000000708000000| Untracked 
|  49|0x0000000708200000, 0x0000000708200000, 0x0000000708400000|  0%| F|  |TAMS 0x0000000708200000, 0x0000000708200000| Untracked 
|  50|0x0000000708400000, 0x0000000708400000, 0x0000000708600000|  0%| F|  |TAMS 0x0000000708400000, 0x0000000708400000| Untracked 
|  51|0x0000000708600000, 0x0000000708600000, 0x0000000708800000|  0%| F|  |TAMS 0x0000000708600000, 0x0000000708600000| Untracked 
|  52|0x0000000708800000, 0x0000000708800000, 0x0000000708a00000|  0%| F|  |TAMS 0x0000000708800000, 0x0000000708800000| Untracked 
|  53|0x0000000708a00000, 0x0000000708a00000, 0x0000000708c00000|  0%| F|  |TAMS 0x0000000708a00000, 0x0000000708a00000| Untracked 
|  54|0x0000000708c00000, 0x0000000708c00000, 0x0000000708e00000|  0%| F|  |TAMS 0x0000000708c00000, 0x0000000708c00000| Untracked 
|  55|0x0000000708e00000, 0x0000000708e00000, 0x0000000709000000|  0%| F|  |TAMS 0x0000000708e00000, 0x0000000708e00000| Untracked 
|  56|0x0000000709000000, 0x0000000709000000, 0x0000000709200000|  0%| F|  |TAMS 0x0000000709000000, 0x0000000709000000| Untracked 
|  57|0x0000000709200000, 0x0000000709200000, 0x0000000709400000|  0%| F|  |TAMS 0x0000000709200000, 0x0000000709200000| Untracked 
|  58|0x0000000709400000, 0x0000000709400000, 0x0000000709600000|  0%| F|  |TAMS 0x0000000709400000, 0x0000000709400000| Untracked 
|  59|0x0000000709600000, 0x0000000709600000, 0x0000000709800000|  0%| F|  |TAMS 0x0000000709600000, 0x0000000709600000| Untracked 
|  60|0x0000000709800000, 0x0000000709800000, 0x0000000709a00000|  0%| F|  |TAMS 0x0000000709800000, 0x0000000709800000| Untracked 
|  61|0x0000000709a00000, 0x0000000709a21800, 0x0000000709c00000|  6%| E|  |TAMS 0x0000000709a00000, 0x0000000709a00000| Complete 
|  62|0x0000000709c00000, 0x0000000709e00000, 0x0000000709e00000|100%| E|CS|TAMS 0x0000000709c00000, 0x0000000709c00000| Complete 
|  63|0x0000000709e00000, 0x000000070a000000, 0x000000070a000000|100%| E|CS|TAMS 0x0000000709e00000, 0x0000000709e00000| Complete 

Card table byte_map: [0x0000023d08c00000,0x0000023d093f0000] _byte_map_base: 0x0000023d053f0000

Marking Bits (Prev, Next): (CMBitMap*) 0x0000023d01cd11e0, (CMBitMap*) 0x0000023d01cd1220
 Prev Bits: [0x0000023d09be0000, 0x0000023d0db60000)
 Next Bits: [0x0000023d0db60000, 0x0000023d11ae0000)

Polling page: 0x0000023d01410000

Metaspace:

Usage:
  Non-class:     75.20 MB used.
      Class:     11.70 MB used.
       Both:     86.90 MB used.

Virtual space:
  Non-class space:      128.00 MB reserved,      75.56 MB ( 59%) committed,  2 nodes.
      Class space:        1.00 GB reserved,      12.00 MB (  1%) committed,  1 nodes.
             Both:        1.12 GB reserved,      87.56 MB (  8%) committed. 

Chunk freelists:
   Non-Class:  4.40 MB
       Class:  3.97 MB
        Both:  8.37 MB

MaxMetaspaceSize: unlimited
CompressedClassSpaceSize: 1.00 GB
Initial GC threshold: 21.00 MB
Current GC threshold: 145.94 MB
CDS: off
MetaspaceReclaimPolicy: balanced
 - commit_granule_bytes: 65536.
 - commit_granule_words: 8192.
 - virtual_space_node_default_size: 8388608.
 - enlarge_chunks_in_place: 1.
 - new_chunks_are_fully_committed: 0.
 - uncommit_free_chunks: 1.
 - use_allocation_guard: 0.
 - handle_deallocations: 1.


Internal statistics:

num_allocs_failed_limit: 11.
num_arena_births: 1228.
num_arena_deaths: 296.
num_vsnodes_births: 3.
num_vsnodes_deaths: 0.
num_space_committed: 1401.
num_space_uncommitted: 0.
num_chunks_returned_to_freelist: 342.
num_chunks_taken_from_freelist: 4449.
num_chunk_merges: 117.
num_chunk_splits: 2992.
num_chunks_enlarged: 2161.
num_inconsistent_stats: 0.

CodeCache: size=49152Kb used=21576Kb max_used=23108Kb free=27576Kb
 bounds [0x0000023d05300000, 0x0000023d069d0000, 0x0000023d08300000]
 total_blobs=13070 nmethods=12361 adapters=635
 compilation: enabled
              stopped_count=0, restarted_count=0
 full_count=0

Compilation events (20 events):
Event: 412.959 Thread 0x0000023d146b99e0 nmethod 12337 0x0000023d067f7410 code [0x0000023d067f75a0, 0x0000023d067f7688]
Event: 413.010 Thread 0x0000023d146b99e0 12338       1       java.security.Permission::getName (5 bytes)
Event: 413.010 Thread 0x0000023d146b99e0 nmethod 12338 0x0000023d067f7110 code [0x0000023d067f72a0, 0x0000023d067f7378]
Event: 413.011 Thread 0x0000023d146b99e0 12339       1       org.springframework.core.io.support.SpringFactoriesLoader$$Lambda$111/0x0000000800185ad8::accept (10 bytes)
Event: 413.011 Thread 0x0000023d146b99e0 nmethod 12339 0x0000023d067f6e10 code [0x0000023d067f6fa0, 0x0000023d067f7088]
Event: 413.011 Thread 0x0000023d146b99e0 12340       1       org.springframework.core.io.support.SpringFactoriesLoader::lambda$loadFactoriesResource$4 (64 bytes)
Event: 413.012 Thread 0x0000023d146b99e0 nmethod 12340 0x0000023d067f5c90 code [0x0000023d067f5f20, 0x0000023d067f6878]
Event: 413.012 Thread 0x0000023d146b99e0 12341       1       org.springframework.core.io.support.SpringFactoriesLoader$$Lambda$112/0x0000000800185d08::<init> (10 bytes)
Event: 413.012 Thread 0x0000023d146b99e0 nmethod 12341 0x0000023d067f5990 code [0x0000023d067f5b20, 0x0000023d067f5c38]
Event: 413.012 Thread 0x0000023d146b99e0 12342       1       org.springframework.core.io.support.SpringFactoriesLoader$$Lambda$114/0x0000000800186180::<init> (10 bytes)
Event: 413.012 Thread 0x0000023d146b99e0 nmethod 12342 0x0000023d067f5690 code [0x0000023d067f5820, 0x0000023d067f5938]
Event: 413.014 Thread 0x0000023d146b99e0 12343       1       org.springframework.boot.context.config.AnsiOutputApplicationListener::getOrder (3 bytes)
Event: 413.014 Thread 0x0000023d146b99e0 nmethod 12343 0x0000023d067f5390 code [0x0000023d067f5520, 0x0000023d067f55f8]
Event: 413.014 Thread 0x0000023d146b99e0 12344       1       org.springframework.boot.context.event.EventPublishingRunListener$$Lambda$142/0x000000080019f1e8::accept (12 bytes)
Event: 413.014 Thread 0x0000023d146b99e0 nmethod 12344 0x0000023d067f5010 code [0x0000023d067f51a0, 0x0000023d067f52e8]
Event: 413.018 Thread 0x0000023d146b99e0 12345       1       org.springframework.core.env.PropertySource::containsProperty (14 bytes)
Event: 413.018 Thread 0x0000023d146b99e0 nmethod 12345 0x0000023d067f4d10 code [0x0000023d067f4ea0, 0x0000023d067f4fa8]
Event: 413.018 Thread 0x0000023d146b99e0 12346       1       org.springframework.core.io.support.SpringFactoriesLoader$ArgumentResolver$$Lambda$138/0x000000080019d7b0::apply (18 bytes)
Event: 413.018 Thread 0x0000023d146b99e0 nmethod 12346 0x0000023d067f4710 code [0x0000023d067f48c0, 0x0000023d067f4b38]
Event: 413.018 Thread 0x0000023d146b99e0 12347       1       org.springframework.core.io.support.SpringFactoriesLoader$ArgumentResolver::lambda$and$0 (24 bytes)

GC Heap History (20 events):
Event: 325.823 GC heap before
{Heap before GC invocations=55 (full 4):
 garbage-first heap   total 155648K, used 113480K [0x0000000702000000, 0x0000000800000000)
  region size 2048K, 40 young (81920K), 2 survivors (4096K)
 Metaspace       used 86066K, committed 86656K, reserved 1179648K
  class space    used 11590K, committed 11840K, reserved 1048576K
}
Event: 325.831 GC heap after
{Heap after GC invocations=56 (full 4):
 garbage-first heap   total 155648K, used 50068K [0x0000000702000000, 0x0000000800000000)
  region size 2048K, 5 young (10240K), 5 survivors (10240K)
 Metaspace       used 86066K, committed 86656K, reserved 1179648K
  class space    used 11590K, committed 11840K, reserved 1048576K
}
Event: 325.955 GC heap before
{Heap before GC invocations=56 (full 4):
 garbage-first heap   total 155648K, used 109460K [0x0000000702000000, 0x0000000800000000)
  region size 2048K, 35 young (71680K), 5 survivors (10240K)
 Metaspace       used 86066K, committed 86656K, reserved 1179648K
  class space    used 11590K, committed 11840K, reserved 1048576K
}
Event: 325.961 GC heap after
{Heap after GC invocations=57 (full 4):
 garbage-first heap   total 155648K, used 53100K [0x0000000702000000, 0x0000000800000000)
  region size 2048K, 2 young (4096K), 2 survivors (4096K)
 Metaspace       used 86066K, committed 86656K, reserved 1179648K
  class space    used 11590K, committed 11840K, reserved 1048576K
}
Event: 326.069 GC heap before
{Heap before GC invocations=57 (full 4):
 garbage-first heap   total 155648K, used 112492K [0x0000000702000000, 0x0000000800000000)
  region size 2048K, 32 young (65536K), 2 survivors (4096K)
 Metaspace       used 86066K, committed 86656K, reserved 1179648K
  class space    used 11590K, committed 11840K, reserved 1048576K
}
Event: 326.071 GC heap after
{Heap after GC invocations=58 (full 4):
 garbage-first heap   total 155648K, used 55809K [0x0000000702000000, 0x0000000800000000)
  region size 2048K, 3 young (6144K), 3 survivors (6144K)
 Metaspace       used 86066K, committed 86656K, reserved 1179648K
  class space    used 11590K, committed 11840K, reserved 1048576K
}
Event: 385.073 GC heap before
{Heap before GC invocations=58 (full 4):
 garbage-first heap   total 155648K, used 94721K [0x0000000702000000, 0x0000000800000000)
  region size 2048K, 24 young (49152K), 3 survivors (6144K)
 Metaspace       used 86421K, committed 87104K, reserved 1179648K
  class space    used 11651K, committed 11968K, reserved 1048576K
}
Event: 385.117 GC heap after
{Heap after GC invocations=59 (full 5):
 garbage-first heap   total 131072K, used 33382K [0x0000000702000000, 0x0000000800000000)
  region size 2048K, 0 young (0K), 0 survivors (0K)
 Metaspace       used 86419K, committed 87104K, reserved 1179648K
  class space    used 11650K, committed 11968K, reserved 1048576K
}
Event: 385.550 GC heap before
{Heap before GC invocations=59 (full 5):
 garbage-first heap   total 131072K, used 92774K [0x0000000702000000, 0x0000000800000000)
  region size 2048K, 29 young (59392K), 0 survivors (0K)
 Metaspace       used 86748K, committed 87488K, reserved 1179648K
  class space    used 11689K, committed 12032K, reserved 1048576K
}
Event: 385.555 GC heap after
{Heap after GC invocations=60 (full 5):
 garbage-first heap   total 131072K, used 38465K [0x0000000702000000, 0x0000000800000000)
  region size 2048K, 3 young (6144K), 3 survivors (6144K)
 Metaspace       used 86748K, committed 87488K, reserved 1179648K
  class space    used 11689K, committed 12032K, reserved 1048576K
}
Event: 385.863 GC heap before
{Heap before GC invocations=60 (full 5):
 garbage-first heap   total 131072K, used 93761K [0x0000000702000000, 0x0000000800000000)
  region size 2048K, 30 young (61440K), 3 survivors (6144K)
 Metaspace       used 87103K, committed 87808K, reserved 1179648K
  class space    used 11721K, committed 12032K, reserved 1048576K
}
Event: 385.867 GC heap after
{Heap after GC invocations=61 (full 5):
 garbage-first heap   total 159744K, used 40761K [0x0000000702000000, 0x0000000800000000)
  region size 2048K, 2 young (4096K), 2 survivors (4096K)
 Metaspace       used 87103K, committed 87808K, reserved 1179648K
  class space    used 11721K, committed 12032K, reserved 1048576K
}
Event: 386.147 GC heap before
{Heap before GC invocations=61 (full 5):
 garbage-first heap   total 159744K, used 116537K [0x0000000702000000, 0x0000000800000000)
  region size 2048K, 39 young (79872K), 2 survivors (4096K)
 Metaspace       used 87401K, committed 88064K, reserved 1179648K
  class space    used 11743K, committed 12032K, reserved 1048576K
}
Event: 386.152 GC heap after
{Heap after GC invocations=62 (full 5):
 garbage-first heap   total 159744K, used 47761K [0x0000000702000000, 0x0000000800000000)
  region size 2048K, 5 young (10240K), 5 survivors (10240K)
 Metaspace       used 87401K, committed 88064K, reserved 1179648K
  class space    used 11743K, committed 12032K, reserved 1048576K
}
Event: 386.280 GC heap before
{Heap before GC invocations=62 (full 5):
 garbage-first heap   total 159744K, used 115345K [0x0000000702000000, 0x0000000800000000)
  region size 2048K, 39 young (79872K), 5 survivors (10240K)
 Metaspace       used 87401K, committed 88064K, reserved 1179648K
  class space    used 11743K, committed 12032K, reserved 1048576K
}
Event: 386.287 GC heap after
{Heap after GC invocations=63 (full 5):
 garbage-first heap   total 159744K, used 53430K [0x0000000702000000, 0x0000000800000000)
  region size 2048K, 5 young (10240K), 5 survivors (10240K)
 Metaspace       used 87401K, committed 88064K, reserved 1179648K
  class space    used 11743K, committed 12032K, reserved 1048576K
}
Event: 386.400 GC heap before
{Heap before GC invocations=63 (full 5):
 garbage-first heap   total 159744K, used 112822K [0x0000000702000000, 0x0000000800000000)
  region size 2048K, 35 young (71680K), 5 survivors (10240K)
 Metaspace       used 87401K, committed 88064K, reserved 1179648K
  class space    used 11743K, committed 12032K, reserved 1048576K
}
Event: 386.403 GC heap after
{Heap after GC invocations=64 (full 5):
 garbage-first heap   total 159744K, used 50834K [0x0000000702000000, 0x0000000800000000)
  region size 2048K, 2 young (4096K), 2 survivors (4096K)
 Metaspace       used 87401K, committed 88064K, reserved 1179648K
  class space    used 11743K, committed 12032K, reserved 1048576K
}
Event: 412.961 GC heap before
{Heap before GC invocations=64 (full 5):
 garbage-first heap   total 159744K, used 104082K [0x0000000702000000, 0x0000000800000000)
  region size 2048K, 30 young (61440K), 2 survivors (4096K)
 Metaspace       used 88985K, committed 89664K, reserved 1179648K
  class space    used 11984K, committed 12288K, reserved 1048576K
}
Event: 413.008 GC heap after
{Heap after GC invocations=65 (full 6):
 garbage-first heap   total 131072K, used 34269K [0x0000000702000000, 0x0000000800000000)
  region size 2048K, 0 young (0K), 0 survivors (0K)
 Metaspace       used 88982K, committed 89664K, reserved 1179648K
  class space    used 11983K, committed 12288K, reserved 1048576K
}

Dll operation events (9 events):
Event: 0.014 Loaded shared library C:\sts-4.19.0.RELEASE\plugins\org.eclipse.justj.openjdk.hotspot.jre.full.win32.x86_64_17.0.7.v20230425-1502\jre\bin\java.dll
Event: 0.275 Loaded shared library C:\sts-4.19.0.RELEASE\plugins\org.eclipse.justj.openjdk.hotspot.jre.full.win32.x86_64_17.0.7.v20230425-1502\jre\bin\jimage.dll
Event: 0.295 Loaded shared library C:\sts-4.19.0.RELEASE\plugins\org.eclipse.justj.openjdk.hotspot.jre.full.win32.x86_64_17.0.7.v20230425-1502\jre\bin\net.dll
Event: 0.298 Loaded shared library C:\sts-4.19.0.RELEASE\plugins\org.eclipse.justj.openjdk.hotspot.jre.full.win32.x86_64_17.0.7.v20230425-1502\jre\bin\nio.dll
Event: 0.306 Loaded shared library C:\sts-4.19.0.RELEASE\plugins\org.eclipse.justj.openjdk.hotspot.jre.full.win32.x86_64_17.0.7.v20230425-1502\jre\bin\zip.dll
Event: 0.412 Loaded shared library C:\sts-4.19.0.RELEASE\plugins\org.eclipse.justj.openjdk.hotspot.jre.full.win32.x86_64_17.0.7.v20230425-1502\jre\bin\management.dll
Event: 0.429 Loaded shared library C:\sts-4.19.0.RELEASE\plugins\org.eclipse.justj.openjdk.hotspot.jre.full.win32.x86_64_17.0.7.v20230425-1502\jre\bin\management_ext.dll
Event: 3.749 Loaded shared library C:\sts-4.19.0.RELEASE\plugins\org.eclipse.justj.openjdk.hotspot.jre.full.win32.x86_64_17.0.7.v20230425-1502\jre\bin\sunmscapi.dll
Event: 4.968 Loaded shared library C:\sts-4.19.0.RELEASE\plugins\org.eclipse.justj.openjdk.hotspot.jre.full.win32.x86_64_17.0.7.v20230425-1502\jre\bin\verify.dll

Deoptimization events (18 events):
Event: 1.612 Thread 0x0000023d19957870 DEOPT PACKING pc=0x0000023d0582b779 sp=0x000000f26a7fcba0
Event: 1.613 Thread 0x0000023d19957870 DEOPT UNPACKING pc=0x0000023d05357143 sp=0x000000f26a7fc080 mode 3
Event: 1.806 Thread 0x0000023d19957870 DEOPT PACKING pc=0x0000023d0587a00c sp=0x000000f26a7fd9f0
Event: 1.806 Thread 0x0000023d19957870 DEOPT UNPACKING pc=0x0000023d05357143 sp=0x000000f26a7fd020 mode 0
Event: 3.684 Thread 0x0000023d19957870 DEOPT PACKING pc=0x0000023d05bcdca5 sp=0x000000f26a7fcbd0
Event: 3.684 Thread 0x0000023d19957870 DEOPT UNPACKING pc=0x0000023d05357143 sp=0x000000f26a7fc138 mode 3
Event: 7.440 Thread 0x0000023d19957870 DEOPT PACKING pc=0x0000023d05848354 sp=0x000000f26a7fc8b0
Event: 7.440 Thread 0x0000023d19957870 DEOPT UNPACKING pc=0x0000023d05357143 sp=0x000000f26a7fbe08 mode 0
Event: 7.767 Thread 0x0000023d19957870 DEOPT PACKING pc=0x0000023d059469d2 sp=0x000000f26a7fcb60
Event: 7.767 Thread 0x0000023d19957870 DEOPT UNPACKING pc=0x0000023d05357143 sp=0x000000f26a7fc068 mode 3
Event: 8.771 Thread 0x0000023d19957870 DEOPT PACKING pc=0x0000023d06088513 sp=0x000000f26a7fc5c0
Event: 8.771 Thread 0x0000023d19957870 DEOPT UNPACKING pc=0x0000023d05357143 sp=0x000000f26a7fbb08 mode 3
Event: 301.855 Thread 0x0000023d2061cca0 DEOPT PACKING pc=0x0000023d0545a74b sp=0x000000f2681fdce0
Event: 301.855 Thread 0x0000023d2061cca0 DEOPT UNPACKING pc=0x0000023d05357143 sp=0x000000f2681fd1a8 mode 3
Event: 310.918 Thread 0x0000023d20621000 DEOPT PACKING pc=0x0000023d06273043 sp=0x000000f2681fdc40
Event: 310.918 Thread 0x0000023d20621000 DEOPT UNPACKING pc=0x0000023d05357143 sp=0x000000f2681fd108 mode 3
Event: 334.356 Thread 0x0000023d2061dfe0 DEOPT PACKING pc=0x0000023d0657449b sp=0x000000f26b1fcf30
Event: 334.356 Thread 0x0000023d2061dfe0 DEOPT UNPACKING pc=0x0000023d05357143 sp=0x000000f26b1fc458 mode 3

Classes unloaded (20 events):
Event: 301.881 Thread 0x0000023d14651630 Unloading class 0x0000000800140800 'java/lang/invoke/LambdaForm$DMH+0x0000000800140800'
Event: 301.881 Thread 0x0000023d14651630 Unloading class 0x0000000800140000 'java/lang/invoke/LambdaForm$DMH+0x0000000800140000'
Event: 301.881 Thread 0x0000023d14651630 Unloading class 0x00000008000c6c00 'jdk/internal/reflect/GeneratedConstructorAccessor1'
Event: 301.881 Thread 0x0000023d14651630 Unloading class 0x00000008000c6000 'java/lang/invoke/LambdaForm$MH+0x00000008000c6000'
Event: 301.881 Thread 0x0000023d14651630 Unloading class 0x00000008000c5c00 'java/lang/invoke/LambdaForm$MH+0x00000008000c5c00'
Event: 301.881 Thread 0x0000023d14651630 Unloading class 0x00000008000c5800 'java/lang/invoke/LambdaForm$MH+0x00000008000c5800'
Event: 301.881 Thread 0x0000023d14651630 Unloading class 0x00000008000c5400 'java/lang/invoke/LambdaForm$MH+0x00000008000c5400'
Event: 301.881 Thread 0x0000023d14651630 Unloading class 0x00000008000c5000 'java/lang/invoke/LambdaForm$MH+0x00000008000c5000'
Event: 301.881 Thread 0x0000023d14651630 Unloading class 0x00000008000c4c00 'java/lang/invoke/LambdaForm$MH+0x00000008000c4c00'
Event: 301.881 Thread 0x0000023d14651630 Unloading class 0x00000008000c3c00 'java/lang/invoke/LambdaForm$MH+0x00000008000c3c00'
Event: 301.881 Thread 0x0000023d14651630 Unloading class 0x00000008000c3800 'java/lang/invoke/LambdaForm$MH+0x00000008000c3800'
Event: 301.881 Thread 0x0000023d14651630 Unloading class 0x00000008000c3000 'java/lang/invoke/LambdaForm$MH+0x00000008000c3000'
Event: 301.881 Thread 0x0000023d14651630 Unloading class 0x00000008000c2400 'java/lang/invoke/LambdaForm$MH+0x00000008000c2400'
Event: 301.881 Thread 0x0000023d14651630 Unloading class 0x00000008000c1c00 'java/lang/invoke/LambdaForm$MH+0x00000008000c1c00'
Event: 301.881 Thread 0x0000023d14651630 Unloading class 0x00000008000c1400 'java/lang/invoke/LambdaForm$MH+0x00000008000c1400'
Event: 301.881 Thread 0x0000023d14651630 Unloading class 0x00000008000c0c00 'java/lang/invoke/LambdaForm$MH+0x00000008000c0c00'
Event: 310.942 Thread 0x0000023d14651630 Unloading class 0x0000000800b7b000 'org/apache/catalina/loader/JdbcLeakPrevention'
Event: 324.633 Thread 0x0000023d14651630 Unloading class 0x000000080054e000 'org/apache/catalina/loader/JdbcLeakPrevention'
Event: 385.087 Thread 0x0000023d14651630 Unloading class 0x0000000800b89800 'org/apache/catalina/loader/JdbcLeakPrevention'
Event: 412.977 Thread 0x0000023d14651630 Unloading class 0x0000000800bb4000 'org/apache/catalina/loader/JdbcLeakPrevention'

Classes redefined (0 events):
No events

Internal exceptions (20 events):
Event: 393.256 Thread 0x0000023d20620660 Exception <a 'java/lang/NoSuchMethodError'{0x0000000708a33320}: 'void java.lang.invoke.DelegatingMethodHandle$Holder.reinvoke_L(java.lang.Object, java.lang.Object, int)'> (0x0000000708a33320) 
thrown [s\src\hotspot\share\interpreter\linkResolver.cpp, line 759]
Event: 393.257 Thread 0x0000023d20620660 Exception <a 'java/lang/NoSuchMethodError'{0x0000000708a411e8}: 'java.lang.Object java.lang.invoke.Invokers$Holder.invokeExact_MT(java.lang.Object, java.lang.Object, java.lang.Object, java.lang.Object)'> (0x0000000708a411e8) 
thrown [s\src\hotspot\share\interpreter\linkResolver.cpp, line 759]
Event: 393.311 Thread 0x0000023d20620660 Exception <a 'java/lang/NoSuchMethodError'{0x000000070880c528}: 'void java.lang.invoke.DirectMethodHandle$Holder.invokeSpecialIFC(java.lang.Object, java.lang.Object, int, java.lang.Object, java.lang.Object, java.lang.Object, java.lang.Object)'> (0x000000070880c528) 
thrown [s\src\hotspot\share\interpreter\linkResolver.cpp, line 759]
Event: 412.952 Thread 0x0000023d2061cca0 Exception <a 'java/lang/InterruptedException'{0x000000070879b160}: sleep interrupted> (0x000000070879b160) 
thrown [s\src\hotspot\share\prims\jvm.cpp, line 3070]
Event: 412.956 Thread 0x0000023d2061cca0 Exception <a 'java/io/IOException'{0x00000007084280c0}> (0x00000007084280c0) 
thrown [s\src\hotspot\share\prims\jni.cpp, line 516]
Event: 412.956 Thread 0x0000023d2061cca0 Exception <a 'java/io/IOException'{0x000000070842ae60}> (0x000000070842ae60) 
thrown [s\src\hotspot\share\prims\jni.cpp, line 516]
Event: 412.957 Thread 0x0000023d2061cca0 Exception <a 'java/io/IOException'{0x000000070842d6d8}> (0x000000070842d6d8) 
thrown [s\src\hotspot\share\prims\jni.cpp, line 516]
Event: 412.957 Thread 0x0000023d2061cca0 Exception <a 'java/io/IOException'{0x000000070842e218}> (0x000000070842e218) 
thrown [s\src\hotspot\share\prims\jni.cpp, line 516]
Event: 412.957 Thread 0x0000023d2061cca0 Exception <a 'java/io/IOException'{0x0000000708430fb8}> (0x0000000708430fb8) 
thrown [s\src\hotspot\share\prims\jni.cpp, line 516]
Event: 412.957 Thread 0x0000023d2061cca0 Exception <a 'java/io/IOException'{0x0000000708433d58}> (0x0000000708433d58) 
thrown [s\src\hotspot\share\prims\jni.cpp, line 516]
Event: 412.958 Thread 0x0000023d2061cca0 Exception <a 'java/io/IOException'{0x00000007084365d0}> (0x00000007084365d0) 
thrown [s\src\hotspot\share\prims\jni.cpp, line 516]
Event: 412.958 Thread 0x0000023d2061cca0 Exception <a 'java/io/IOException'{0x0000000708437110}> (0x0000000708437110) 
thrown [s\src\hotspot\share\prims\jni.cpp, line 516]
Event: 412.958 Thread 0x0000023d2061cca0 Exception <a 'java/io/IOException'{0x0000000708439988}> (0x0000000708439988) 
thrown [s\src\hotspot\share\prims\jni.cpp, line 516]
Event: 412.958 Thread 0x0000023d2061cca0 Exception <a 'java/io/IOException'{0x000000070843a4c8}> (0x000000070843a4c8) 
thrown [s\src\hotspot\share\prims\jni.cpp, line 516]
Event: 412.959 Thread 0x0000023d2061cca0 Exception <a 'java/io/IOException'{0x000000070843cd40}> (0x000000070843cd40) 
thrown [s\src\hotspot\share\prims\jni.cpp, line 516]
Event: 412.959 Thread 0x0000023d2061cca0 Exception <a 'java/io/IOException'{0x000000070843d880}> (0x000000070843d880) 
thrown [s\src\hotspot\share\prims\jni.cpp, line 516]
Event: 412.959 Thread 0x0000023d2061cca0 Exception <a 'java/io/IOException'{0x00000007084400f8}> (0x00000007084400f8) 
thrown [s\src\hotspot\share\prims\jni.cpp, line 516]
Event: 412.959 Thread 0x0000023d2061cca0 Exception <a 'java/io/IOException'{0x0000000708440c38}> (0x0000000708440c38) 
thrown [s\src\hotspot\share\prims\jni.cpp, line 516]
Event: 412.960 Thread 0x0000023d2061cca0 Exception <a 'java/io/IOException'{0x0000000708443a10}> (0x0000000708443a10) 
thrown [s\src\hotspot\share\prims\jni.cpp, line 516]
Event: 413.017 Thread 0x0000023d2061d170 Exception <a 'sun/nio/fs/WindowsException'{0x0000000709ea58c0}> (0x0000000709ea58c0) 
thrown [s\src\hotspot\share\prims\jni.cpp, line 516]

VM Operations (20 events):
Event: 387.407 Executing VM operation: Cleanup
Event: 387.408 Executing VM operation: Cleanup done
Event: 388.759 Executing VM operation: HandshakeAllThreads
Event: 388.759 Executing VM operation: HandshakeAllThreads done
Event: 388.759 Executing VM operation: Cleanup
Event: 388.759 Executing VM operation: Cleanup done
Event: 388.761 Executing VM operation: HandshakeAllThreads
Event: 388.761 Executing VM operation: HandshakeAllThreads done
Event: 388.764 Executing VM operation: HandshakeAllThreads
Event: 388.764 Executing VM operation: HandshakeAllThreads done
Event: 389.767 Executing VM operation: Cleanup
Event: 389.767 Executing VM operation: Cleanup done
Event: 393.342 Executing VM operation: HandshakeAllThreads
Event: 393.342 Executing VM operation: HandshakeAllThreads done
Event: 393.342 Executing VM operation: Cleanup
Event: 393.342 Executing VM operation: Cleanup done
Event: 394.347 Executing VM operation: Cleanup
Event: 394.347 Executing VM operation: Cleanup done
Event: 412.960 Executing VM operation: G1CollectFull
Event: 413.009 Executing VM operation: G1CollectFull done

Events (20 events):
Event: 412.951 Thread 0x0000023d20622810 Thread exited: 0x0000023d20622810
Event: 412.951 Thread 0x0000023d2061fcc0 Thread exited: 0x0000023d2061fcc0
Event: 412.951 Thread 0x0000023d206214d0 Thread exited: 0x0000023d206214d0
Event: 412.951 Thread 0x0000023d20620660 Thread exited: 0x0000023d20620660
Event: 412.951 Thread 0x0000023d2061d640 Thread exited: 0x0000023d2061d640
Event: 412.951 Thread 0x0000023d2061dfe0 Thread exited: 0x0000023d2061dfe0
Event: 412.952 Thread 0x0000023d2061db10 Thread exited: 0x0000023d2061db10
Event: 412.952 Thread 0x0000023d20622340 Thread exited: 0x0000023d20622340
Event: 412.952 Thread 0x0000023d2061d170 Thread exited: 0x0000023d2061d170
Event: 412.952 Thread 0x0000023d206219a0 Thread exited: 0x0000023d206219a0
Event: 412.952 Thread 0x0000023d2061e980 Thread exited: 0x0000023d2061e980
Event: 412.952 Thread 0x0000023d2061e4b0 Thread exited: 0x0000023d2061e4b0
Event: 412.952 Thread 0x0000023d20620b30 Thread exited: 0x0000023d20620b30
Event: 412.952 Thread 0x0000023d2061cca0 Thread exited: 0x0000023d2061cca0
Event: 412.955 Thread 0x0000023d2061cca0 Thread added: 0x0000023d2061cca0
Event: 412.955 Thread 0x0000023d2061be30 Thread exited: 0x0000023d2061be30
Event: 412.960 Thread 0x0000023d2061cca0 Thread exited: 0x0000023d2061cca0
Event: 413.009 Thread 0x0000023d2061fcc0 Thread added: 0x0000023d2061fcc0
Event: 413.009 Thread 0x0000023d2061fcc0 Thread exited: 0x0000023d2061fcc0
Event: 413.009 Thread 0x0000023d2061d170 Thread added: 0x0000023d2061d170


Dynamic libraries:
0x00007ff7f5c40000 - 0x00007ff7f5c4e000 	C:\sts-4.19.0.RELEASE\plugins\org.eclipse.justj.openjdk.hotspot.jre.full.win32.x86_64_17.0.7.v20230425-1502\jre\bin\javaw.exe
0x00007ffbab350000 - 0x00007ffbab564000 	C:\Windows\SYSTEM32\ntdll.dll
0x00007ffba4cc0000 - 0x00007ffba4cd9000 	C:\Program Files\Avast Software\Avast\aswhook.dll
0x00007ffbaa540000 - 0x00007ffbaa604000 	C:\Windows\System32\KERNEL32.DLL
0x00007ffba8b10000 - 0x00007ffba8eb4000 	C:\Windows\System32\KERNELBASE.dll
0x00007ffba87b0000 - 0x00007ffba88c1000 	C:\Windows\System32\ucrtbase.dll
0x00007ffb905e0000 - 0x00007ffb905f7000 	C:\sts-4.19.0.RELEASE\plugins\org.eclipse.justj.openjdk.hotspot.jre.full.win32.x86_64_17.0.7.v20230425-1502\jre\bin\jli.dll
0x00007ffb2e170000 - 0x00007ffb2e189000 	C:\sts-4.19.0.RELEASE\plugins\org.eclipse.justj.openjdk.hotspot.jre.full.win32.x86_64_17.0.7.v20230425-1502\jre\bin\VCRUNTIME140.dll
0x00007ffbab0e0000 - 0x00007ffbab28a000 	C:\Windows\System32\USER32.dll
0x00007ffba88d0000 - 0x00007ffba88f6000 	C:\Windows\System32\win32u.dll
0x00007ffba9270000 - 0x00007ffba9299000 	C:\Windows\System32\GDI32.dll
0x00007ffba8ff0000 - 0x00007ffba9109000 	C:\Windows\System32\gdi32full.dll
0x00007ffba7930000 - 0x00007ffba7bbf000 	C:\Windows\WinSxS\amd64_microsoft.windows.common-controls_6595b64144ccf1df_6.0.22621.2070_none_2713e6537381f706\COMCTL32.dll
0x00007ffba8900000 - 0x00007ffba899a000 	C:\Windows\System32\msvcp_win.dll
0x00007ffba9110000 - 0x00007ffba91b7000 	C:\Windows\System32\msvcrt.dll
0x00007ffbaafc0000 - 0x00007ffbaaff1000 	C:\Windows\System32\IMM32.DLL
0x00007ffb5fb80000 - 0x00007ffb5fb8c000 	C:\sts-4.19.0.RELEASE\plugins\org.eclipse.justj.openjdk.hotspot.jre.full.win32.x86_64_17.0.7.v20230425-1502\jre\bin\vcruntime140_1.dll
0x00007ffb2dc30000 - 0x00007ffb2dcc1000 	C:\sts-4.19.0.RELEASE\plugins\org.eclipse.justj.openjdk.hotspot.jre.full.win32.x86_64_17.0.7.v20230425-1502\jre\bin\msvcp140.dll
0x00007ffb517f0000 - 0x00007ffb52438000 	C:\sts-4.19.0.RELEASE\plugins\org.eclipse.justj.openjdk.hotspot.jre.full.win32.x86_64_17.0.7.v20230425-1502\jre\bin\server\jvm.dll
0x00007ffbaa6f0000 - 0x00007ffbaa7a0000 	C:\Windows\System32\ADVAPI32.dll
0x00007ffba9960000 - 0x00007ffba9a06000 	C:\Windows\System32\sechost.dll
0x00007ffbaa3a0000 - 0x00007ffbaa4b7000 	C:\Windows\System32\RPCRT4.dll
0x00007ffb87f30000 - 0x00007ffb87f39000 	C:\Windows\SYSTEM32\WSOCK32.dll
0x00007ffb9fa50000 - 0x00007ffb9fa84000 	C:\Windows\SYSTEM32\WINMM.dll
0x00007ffbaa4c0000 - 0x00007ffbaa531000 	C:\Windows\System32\WS2_32.dll
0x00007ffba5010000 - 0x00007ffba501a000 	C:\Windows\SYSTEM32\VERSION.dll
0x00007ffba6eb0000 - 0x00007ffba6ec8000 	C:\Windows\SYSTEM32\kernel.appcore.dll
0x00007ffba4ce0000 - 0x00007ffba4cea000 	C:\sts-4.19.0.RELEASE\plugins\org.eclipse.justj.openjdk.hotspot.jre.full.win32.x86_64_17.0.7.v20230425-1502\jre\bin\jimage.dll
0x00007ffba80b0000 - 0x00007ffba82de000 	C:\Windows\SYSTEM32\DBGHELP.DLL
0x00007ffba92a0000 - 0x00007ffba962a000 	C:\Windows\System32\combase.dll
0x00007ffbab000000 - 0x00007ffbab0d7000 	C:\Windows\System32\OLEAUT32.dll
0x00007ffba7f20000 - 0x00007ffba7f52000 	C:\Windows\SYSTEM32\dbgcore.DLL
0x00007ffba8730000 - 0x00007ffba87aa000 	C:\Windows\System32\bcryptPrimitives.dll
0x00007ffb8d690000 - 0x00007ffb8d6b5000 	C:\sts-4.19.0.RELEASE\plugins\org.eclipse.justj.openjdk.hotspot.jre.full.win32.x86_64_17.0.7.v20230425-1502\jre\bin\java.dll
0x00007ffb90480000 - 0x00007ffb90498000 	C:\sts-4.19.0.RELEASE\plugins\org.eclipse.justj.openjdk.hotspot.jre.full.win32.x86_64_17.0.7.v20230425-1502\jre\bin\zip.dll
0x00007ffbaa7a0000 - 0x00007ffbaafb6000 	C:\Windows\System32\SHELL32.dll
0x00007ffba5ca0000 - 0x00007ffba658a000 	C:\Windows\SYSTEM32\windows.storage.dll
0x00007ffba5b60000 - 0x00007ffba5c9e000 	C:\Windows\SYSTEM32\wintypes.dll
0x00007ffba9860000 - 0x00007ffba9953000 	C:\Windows\System32\SHCORE.dll
0x00007ffbaa630000 - 0x00007ffbaa68e000 	C:\Windows\System32\shlwapi.dll
0x00007ffba8660000 - 0x00007ffba8686000 	C:\Windows\SYSTEM32\profapi.dll
0x00007ffb8d670000 - 0x00007ffb8d689000 	C:\sts-4.19.0.RELEASE\plugins\org.eclipse.justj.openjdk.hotspot.jre.full.win32.x86_64_17.0.7.v20230425-1502\jre\bin\net.dll
0x00007ffb9fc20000 - 0x00007ffb9fd57000 	C:\Windows\SYSTEM32\WINHTTP.dll
0x00007ffba7320000 - 0x00007ffba7389000 	C:\Windows\system32\mswsock.dll
0x00007ffb8d650000 - 0x00007ffb8d665000 	C:\sts-4.19.0.RELEASE\plugins\org.eclipse.justj.openjdk.hotspot.jre.full.win32.x86_64_17.0.7.v20230425-1502\jre\bin\nio.dll
0x00007ffb9f0e0000 - 0x00007ffb9f0e9000 	C:\sts-4.19.0.RELEASE\plugins\org.eclipse.justj.openjdk.hotspot.jre.full.win32.x86_64_17.0.7.v20230425-1502\jre\bin\management.dll
0x00007ffb9f0d0000 - 0x00007ffb9f0db000 	C:\sts-4.19.0.RELEASE\plugins\org.eclipse.justj.openjdk.hotspot.jre.full.win32.x86_64_17.0.7.v20230425-1502\jre\bin\management_ext.dll
0x00007ffbaa610000 - 0x00007ffbaa618000 	C:\Windows\System32\PSAPI.DLL
0x00007ffb71b70000 - 0x00007ffb71b87000 	C:\Windows\system32\napinsp.dll
0x00007ffb77770000 - 0x00007ffb7778b000 	C:\Windows\system32\pnrpnsp.dll
0x00007ffba6a10000 - 0x00007ffba6b03000 	C:\Windows\SYSTEM32\DNSAPI.dll
0x00007ffba69e0000 - 0x00007ffba6a0d000 	C:\Windows\SYSTEM32\IPHLPAPI.DLL
0x00007ffbaa260000 - 0x00007ffbaa269000 	C:\Windows\System32\NSI.dll
0x00007ffb71b50000 - 0x00007ffb71b61000 	C:\Windows\System32\winrnr.dll
0x00007ffb9f6c0000 - 0x00007ffb9f6d5000 	C:\Windows\system32\wshbth.dll
0x00007ffb71b20000 - 0x00007ffb71b41000 	C:\Windows\system32\nlansp_c.dll
0x00007ffb89ea0000 - 0x00007ffb89eaa000 	C:\Windows\System32\rasadhlp.dll
0x00007ffb9dfd0000 - 0x00007ffb9e054000 	C:\Windows\System32\fwpuclnt.dll
0x00007ffba83d0000 - 0x00007ffba83eb000 	C:\Windows\SYSTEM32\CRYPTSP.dll
0x00007ffba77a0000 - 0x00007ffba77d5000 	C:\Windows\system32\rsaenh.dll
0x00007ffba7390000 - 0x00007ffba73bc000 	C:\Windows\SYSTEM32\USERENV.dll
0x00007ffba7ff0000 - 0x00007ffba8018000 	C:\Windows\SYSTEM32\bcrypt.dll
0x00007ffba7890000 - 0x00007ffba789c000 	C:\Windows\SYSTEM32\CRYPTBASE.dll
0x00007ffb9f890000 - 0x00007ffb9f8a9000 	C:\Windows\SYSTEM32\dhcpcsvc6.DLL
0x00007ffb9f850000 - 0x00007ffb9f86f000 	C:\Windows\SYSTEM32\dhcpcsvc.DLL
0x00007ffb6c1d0000 - 0x00007ffb6c1de000 	C:\sts-4.19.0.RELEASE\plugins\org.eclipse.justj.openjdk.hotspot.jre.full.win32.x86_64_17.0.7.v20230425-1502\jre\bin\sunmscapi.dll
0x00007ffba89a0000 - 0x00007ffba8b07000 	C:\Windows\System32\CRYPT32.dll
0x00007ffba7c00000 - 0x00007ffba7c2e000 	C:\Windows\SYSTEM32\ncrypt.dll
0x00007ffba7bc0000 - 0x00007ffba7bf7000 	C:\Windows\SYSTEM32\NTASN1.dll
0x00007ffb9fde0000 - 0x00007ffb9fdf0000 	C:\sts-4.19.0.RELEASE\plugins\org.eclipse.justj.openjdk.hotspot.jre.full.win32.x86_64_17.0.7.v20230425-1502\jre\bin\verify.dll
0x00007ffba09b0000 - 0x00007ffba09b8000 	C:\Windows\system32\wshunix.dll

dbghelp: loaded successfully - version: 4.0.5 - missing functions: none
symbol engine: initialized successfully - sym options: 0x614 - pdb path: .;C:\sts-4.19.0.RELEASE\plugins\org.eclipse.justj.openjdk.hotspot.jre.full.win32.x86_64_17.0.7.v20230425-1502\jre\bin;C:\Windows\SYSTEM32;C:\Program Files\Avast Software\Avast;C:\Windows\WinSxS\amd64_microsoft.windows.common-controls_6595b64144ccf1df_6.0.22621.2070_none_2713e6537381f706;C:\sts-4.19.0.RELEASE\plugins\org.eclipse.justj.openjdk.hotspot.jre.full.win32.x86_64_17.0.7.v20230425-1502\jre\bin\server

VM Arguments:
jvm_args: -Dcom.sun.management.jmxremote -Dcom.sun.management.jmxremote.port=50147 -Dcom.sun.management.jmxremote.authenticate=false -Dcom.sun.management.jmxremote.ssl=false -Djava.rmi.server.hostname=localhost -Dspring.jmx.enabled=true -Dmanagement.endpoints.jmx.exposure.include=* -Dspring.application.admin.enabled=true -XX:TieredStopAtLevel=1 -Dspring.boot.project.name=HPS_Projet_BackEnd -Dfile.encoding=UTF-8 -XX:+ShowCodeDetailsInExceptionMessages 
java_command: com.example.hps.HpsAppApplication --spring.output.ansi.enabled=always
java_class_path (initial): C:\Users\hi\Desktop\HPS\HPS_Projet_BackEnd\target\classes;C:\Users\hi\.m2\repository\org\springframework\boot\spring-boot-starter-data-rest\3.1.1\spring-boot-starter-data-rest-3.1.1.jar;C:\Users\hi\.m2\repository\org\springframework\boot\spring-boot-starter-web\3.1.1\spring-boot-starter-web-3.1.1.jar;C:\Users\hi\.m2\repository\org\springframework\boot\spring-boot-starter-json\3.1.1\spring-boot-starter-json-3.1.1.jar;C:\Users\hi\.m2\repository\com\fasterxml\jackson\datatype\jackson-datatype-jdk8\2.15.2\jackson-datatype-jdk8-2.15.2.jar;C:\Users\hi\.m2\repository\com\fasterxml\jackson\datatype\jackson-datatype-jsr310\2.15.2\jackson-datatype-jsr310-2.15.2.jar;C:\Users\hi\.m2\repository\com\fasterxml\jackson\module\jackson-module-parameter-names\2.15.2\jackson-module-parameter-names-2.15.2.jar;C:\Users\hi\.m2\repository\org\springframework\boot\spring-boot-starter-tomcat\3.1.1\spring-boot-starter-tomcat-3.1.1.jar;C:\Users\hi\.m2\repository\org\apache\tomcat\embed\tomcat-embed-core\10.1.10\tomcat-embed-core-10.1.10.jar;C:\Users\hi\.m2\repository\org\apache\tomcat\embed\tomcat-embed-websocket\10.1.10\tomcat-embed-websocket-10.1.10.jar;C:\Users\hi\.m2\repository\org\springframework\spring-web\6.0.10\spring-web-6.0.10.jar;C:\Users\hi\.m2\repository\io\micrometer\micrometer-observation\1.11.1\micrometer-observation-1.11.1.jar;C:\Users\hi\.m2\repository\io\micrometer\micrometer-commons\1.11.1\micrometer-commons-1.11.1.jar;C:\Users\hi\.m2\repository\org\springframework\spring-webmvc\6.0.10\spring-webmvc-6.0.10.jar;C:\Users\hi\.m2\repository\org\springframework\spring-expression\6.0.10\spring-expression-6.0.10.jar;C:\Users\hi\.m2\repository\org\springframework\data\spring-data-rest-webmvc\4.1.1\spring-data-rest-webmvc-4.1.1.jar;C:\Users\hi\.m2\repository\org\springframework\data\spring-data-rest-core\4.1.1\spring-data-rest-core-4.1.1.jar;C:\Users\hi\.m2\repository\org\springframework\hateoas\spring-hateoas\2.1.0\spring-hateoas-2.1.0.jar;C:\Users\hi\.
Launcher Type: SUN_STANDARD

[Global flags]
     intx CICompilerCount                          = 4                                         {product} {ergonomic}
     uint ConcGCThreads                            = 2                                         {product} {ergonomic}
     uint G1ConcRefinementThreads                  = 8                                         {product} {ergonomic}
   size_t G1HeapRegionSize                         = 2097152                                   {product} {ergonomic}
    uintx GCDrainStackTargetSize                   = 64                                        {product} {ergonomic}
   size_t InitialHeapSize                          = 266338304                                 {product} {ergonomic}
     bool ManagementServer                         = true                                      {product} {command line}
   size_t MarkStackSize                            = 4194304                                   {product} {ergonomic}
   size_t MaxHeapSize                              = 4261412864                                {product} {ergonomic}
   size_t MaxNewSize                               = 2556428288                                {product} {ergonomic}
   size_t MinHeapDeltaBytes                        = 2097152                                   {product} {ergonomic}
   size_t MinHeapSize                              = 8388608                                   {product} {ergonomic}
    uintx NonProfiledCodeHeapSize                  = 0                                      {pd product} {ergonomic}
     bool ProfileInterpreter                       = false                                  {pd product} {command line}
    uintx ProfiledCodeHeapSize                     = 0                                      {pd product} {ergonomic}
     bool ShowCodeDetailsInExceptionMessages       = true                                   {manageable} {command line}
   size_t SoftMaxHeapSize                          = 4261412864                             {manageable} {ergonomic}
     intx TieredStopAtLevel                        = 1                                         {product} {command line}
     bool UseCompressedClassPointers               = true                           {product lp64_product} {ergonomic}
     bool UseCompressedOops                        = true                           {product lp64_product} {ergonomic}
     bool UseG1GC                                  = true                                      {product} {ergonomic}
     bool UseLargePagesIndividualAllocation        = false                                  {pd product} {ergonomic}

Logging:
Log output configuration:
 #0: stdout all=warning uptime,level,tags
 #1: stderr all=off uptime,level,tags

Environment Variables:
JAVA_HOME=C:\Program Files\Java\jdk-20
PATH=C:/sts-4.19.0.RELEASE//plugins/org.eclipse.justj.openjdk.hotspot.jre.full.win32.x86_64_17.0.7.v20230425-1502/jre/bin/server;C:/sts-4.19.0.RELEASE//plugins/org.eclipse.justj.openjdk.hotspot.jre.full.win32.x86_64_17.0.7.v20230425-1502/jre/bin;C:\Program Files\Common Files\Oracle\Java\javapath;C:\Windows\system32;C:\Windows;C:\Windows\System32\Wbem;C:\Windows\System32\WindowsPowerShell\v1.0\;C:\Windows\System32\OpenSSH\;C:\Program Files\Java\jdk-20\bin;C:\Program Files\Git\cmd;C:\Program Files\Common Files\Oracle\Java\javapath;C:\Program Files\Git LFS;C:\Program Files\nodejs\;C:\Users\hi\AppData\Local\Microsoft\WindowsApps;C:\Users\hi\AppData\Local\Programs\Microsoft VS Code\bin;C:\Users\hi\AppData\Local\GitHubDesktop\bin;C:\Users\hi\AppData\Roaming\npm;C:\sts-4.19.0.RELEASE;
USERNAME=hi
OS=Windows_NT
PROCESSOR_IDENTIFIER=Intel64 Family 6 Model 142 Stepping 12, GenuineIntel
TMP=C:\Users\hi\AppData\Local\Temp
TEMP=C:\Users\hi\AppData\Local\Temp



---------------  S Y S T E M  ---------------

OS:
 Windows 11 , 64 bit Build 22621 (10.0.22621.2070)
OS uptime: 0 days 0:10 hours
Hyper-V role detected

CPU: total 8 (initial active 8) (4 cores per cpu, 2 threads per core) family 6 model 142 stepping 12 microcode 0xec, cx8, cmov, fxsr, ht, mmx, 3dnowpref, sse, sse2, sse3, ssse3, sse4.1, sse4.2, popcnt, lzcnt, tsc, tscinvbit, avx, avx2, aes, erms, clmul, bmi1, bmi2, adx, fma, vzeroupper, clflush, clflushopt, hv

Memory: 4k page, system-wide physical 16254M (4787M free)
TotalPageFile size 19582M (AvailPageFile size 6164M)
current process WorkingSet (physical memory assigned to process): 347M, peak: 404M
current process commit charge ("private bytes"): 379M, peak: 532M

vm_info: OpenJDK 64-Bit Server VM (17.0.7+7) for windows-amd64 JRE (17.0.7+7), built on Apr 18 2023 22:10:42 by "temurin" with MS VC++ 16.7 (VS2019)

END.
