#
# A fatal error has been detected by the Java Runtime Environment:
#
#  EXCEPTION_ACCESS_VIOLATION (0xc0000005) at pc=0x00007ffeb245d1c8, pid=15492, tid=6116
#
# JRE version: OpenJDK Runtime Environment Temurin-17.0.7+7 (17.0.7+7) (build 17.0.7+7)
# Java VM: OpenJDK 64-Bit Server VM Temurin-17.0.7+7 (17.0.7+7, mixed mode, emulated-client, tiered, compressed oops, compressed class ptrs, g1 gc, windows-amd64)
# Problematic frame:
# V  [jvm.dll+0x30d1c8]
#
# No core dump will be written. Minidumps are not enabled by default on client versions of Windows
#
# If you would like to submit a bug report, please visit:
#   https://github.com/adoptium/adoptium-support/issues
#

---------------  S U M M A R Y ------------

Command Line: -Dcom.sun.management.jmxremote -Dcom.sun.management.jmxremote.port=53623 -Dcom.sun.management.jmxremote.authenticate=false -Dcom.sun.management.jmxremote.ssl=false -Djava.rmi.server.hostname=localhost -Dspring.jmx.enabled=true -Dmanagement.endpoints.jmx.exposure.include=* -Dspring.application.admin.enabled=true -XX:TieredStopAtLevel=1 -Dspring.boot.project.name=HPS_Projet_BackEnd -Dfile.encoding=UTF-8 -XX:+ShowCodeDetailsInExceptionMessages com.example.hps.HpsAppApplication --spring.output.ansi.enabled=always

Host: Intel(R) Core(TM) i7-8565U CPU @ 1.80GHz, 8 cores, 15G,  Windows 11 , 64 bit Build 22621 (10.0.22621.2215)
Time: Mon Sep  4 16:40:48 2023 Morocco Daylight Time elapsed time: 393.181738 seconds (0d 0h 6m 33s)

---------------  T H R E A D  ---------------

Current thread (0x000001de9eb89ad0):  GCTaskThread "GC Thread#1" [stack: 0x0000001d73300000,0x0000001d73400000] [id=6116]

Stack: [0x0000001d73300000,0x0000001d73400000],  sp=0x0000001d733ffbf0,  free space=1022k
Native frames: (J=compiled Java code, j=interpreted, Vv=VM code, C=native code)
V  [jvm.dll+0x30d1c8]
V  [jvm.dll+0x2f39a4]
V  [jvm.dll+0x2f711e]
V  [jvm.dll+0x2f77b3]
V  [jvm.dll+0x2f6fdd]
V  [jvm.dll+0x860ffb]
V  [jvm.dll+0x861046]
V  [jvm.dll+0x7e4e7a]
V  [jvm.dll+0x676395]
C  [ucrtbase.dll+0x29363]
C  [KERNEL32.DLL+0x1257d]
C  [ntdll.dll+0x5aa68]


siginfo: EXCEPTION_ACCESS_VIOLATION (0xc0000005), reading address 0x00000008e051d396


Register to memory mapping:

RIP=0x00007ffeb245d1c8 jvm.dll
RAX=0x0000000000000001 is an unknown value
RBX=0x000001dea56efd18 points into unknown readable memory: 0x000001dea599cfb0 | b0 cf 99 a5 de 01 00 00
RCX=0x0 is NULL
RDX=0x00000007028dfbd0 is pointing into object: [Ljava.lang.reflect.Method; 
{0x00000007028dfbb8} - klass: 'java/lang/reflect/Method'[]
 - length: 10
RSP=0x0000001d733ffbf0 points into unknown readable memory: 0x000001dea56ef6d0 | d0 f6 6e a5 de 01 00 00
RBP=0x000001dea56efc80 points into unknown readable memory: 0x00007ffeb2aa5928 | 28 59 aa b2 fe 7f 00 00
RSI=0x000001dea56ef6d0 points into unknown readable memory: 0x0000001d71eff120 | 20 f1 ef 71 1d 00 00 00
RDI=0x0000000000000004 is an unknown value
R8 =0x00000008e051d38e is an unknown value
R9 =0x0000000000000001 is an unknown value
R10=0x0 is NULL
R11=0x0000000800000000 is pointing into metadata
R12=0x0000001d71efe9e0 points into unknown readable memory: 0x0000000000000008 | 08 00 00 00 00 00 00 00
R13=0x0000001d71eff350 points into unknown readable memory: 0x00007ffeb2aa55c8 | c8 55 aa b2 fe 7f 00 00
R14=0x00000007028dfbf0 is an oop: java.lang.reflect.Method 
{0x00000007028dfbf0} - klass: 'java/lang/reflect/Method'
 - ---- fields (total size 11 words):
 - 'override' 'Z' @12  false
 - volatile 'accessCheckCache' 'Ljava/lang/Object;' @16  NULL (0)
 - private volatile transient 'hasRealParameterData' 'Z' @13  false
 - private volatile transient 'parameters' '[Ljava/lang/reflect/Parameter;' @20  NULL (0)
 - private volatile transient 'declaredAnnotations' 'Ljava/util/Map;' @24  a 'java/util/LinkedHashMap'{0x00000007028dfc48} (e051bf89)
 - private 'slot' 'I' @28  11 (b)
 - private synchronized 'modifiers' 'I' @32  0
 - private synchronized 'clazz' 'Ljava/lang/Class;' @36  a 'java/lang/Class'{0x00000007028dfa78} = 'org/springframework/hateoas/config/HateoasConfiguration' (e051bf4f)
 - private 'name' 'Ljava/lang/String;' @40  "_relProvider"{0x00000007028dfee8} (e051bfdd)
 - private 'returnType' 'Ljava/lang/Class;' @44  a 'java/lang/Class'{0x00000007028dff20} = 'org/springframework/hateoas/server/core/DelegatingLinkRelationProvider' (e051bfe4)
 - private 'parameterTypes' '[Ljava/lang/Class;' @48  a 'java/lang/Class'[1] {0x00000007028e09a0} (e051c134)
 - private 'exceptionTypes' '[Ljava/lang/Class;' @52  a 'java/lang/Class'[0] {0x0000000702465008} (e048ca01)
 - private transient 'signature' 'Ljava/lang/String;' @56  "(Lorg/springframework/plugin/core/PluginRegistry<Lorg/springframework/hateoas/server/LinkRelationProvider;Lorg/springframework/hateoas/server/LinkRelationProvider$LookupContext;>;)Lorg/springframework/hateoas/server/core/DelegatingLinkRelationProvider;"{0x00000007028e1038} (e051c207)
 - private transient 'genericInfo' 'Lsun/reflect/generics/repository/MethodRepository;' @60  NULL (0)
 - private 'annotations' '[B' @64  [B{0x00000007028e1160} (e051c22c)
 - private 'parameterAnnotations' '[B' @68  NULL (0)
 - private 'annotationDefault' '[B' @72  NULL (0)
 - private volatile 'methodAccessor' 'Ljdk/internal/reflect/MethodAccessor;' @76  a 'jdk/internal/reflect/DelegatingMethodAccessorImpl'{0x0000000703b2add8} (e07655bb)
 - private 'root' 'Ljava/lang/reflect/Method;' @80  NULL (0)
R15=0x000000000000000c is an unknown value


Registers:
RAX=0x0000000000000001, RBX=0x000001dea56efd18, RCX=0x0000000000000000, RDX=0x00000007028dfbd0
RSP=0x0000001d733ffbf0, RBP=0x000001dea56efc80, RSI=0x000001dea56ef6d0, RDI=0x0000000000000004
R8 =0x00000008e051d38e, R9 =0x0000000000000001, R10=0x0000000000000000, R11=0x0000000800000000
R12=0x0000001d71efe9e0, R13=0x0000001d71eff350, R14=0x00000007028dfbf0, R15=0x000000000000000c
RIP=0x00007ffeb245d1c8, EFLAGS=0x0000000000010206

Top of Stack: (sp=0x0000001d733ffbf0)
0x0000001d733ffbf0:   000001dea56ef6d0 00007ffeb2447f89
0x0000001d733ffc00:   0000000000000000 0000000000000000
0x0000001d733ffc10:   00000007028dfbd0 00007ffeb24439a4
0x0000001d733ffc20:   000001dea5e31650 0000000000000000
0x0000001d733ffc30:   0000000000000000 0000000000000000
0x0000001d733ffc40:   00000007028dfbd0 e051d447e051d46d
0x0000001d733ffc50:   00000007028dfbec 00007ffeb244711e
0x0000001d733ffc60:   00000007028dfbd0 000001dea56ef6d0
0x0000001d733ffc70:   000001de9eaf03c0 000000000000000c
0x0000001d733ffc80:   000001de9eaf03c0 00000007028dfbb8
0x0000001d733ffc90:   000001dea56ef6d0 00007ffeb24477b3
0x0000001d733ffca0:   0000000000000000 000000000000000a
0x0000001d733ffcb0:   00007ffeb2150000 0000000000000e59
0x0000001d733ffcc0:   00000007028dfbb8 0000000000000000
0x0000001d733ffcd0:   000001de9eaf03c0 0000000000000006
0x0000001d733ffce0:   00000000000003d8 000001de9eaf0798 

Instructions: (pc=0x00007ffeb245d1c8)
0x00007ffeb245d0c8:   cc cc cc cc cc cc cc cc 48 89 5c 24 08 57 48 83
0x00007ffeb245d0d8:   ec 30 33 c0 48 89 11 41 8d 50 ff 48 89 41 08 48
0x00007ffeb245d0e8:   89 51 28 48 8b d9 44 89 41 10 41 8b f8 48 89 41
0x00007ffeb245d0f8:   18 48 89 41 20 41 8b c8 e8 8b d8 cf ff 84 c0 75
0x00007ffeb245d108:   2b 4c 8d 0d 50 bf 64 00 89 7c 24 20 4c 8d 05 7d
0x00007ffeb245d118:   bf 64 00 ba 28 00 00 00 48 8d 0d a9 bf 64 00 e8
0x00007ffeb245d128:   e4 96 f3 ff e8 2f 9f 36 00 8b 7b 10 45 33 c0 8b
0x00007ffeb245d138:   cf 48 c1 e1 04 41 8d 50 05 e8 5a 96 d9 ff 48 89
0x00007ffeb245d148:   43 08 48 8b c3 48 8b 5c 24 40 48 83 c4 30 5f c3
0x00007ffeb245d158:   cc cc cc cc cc cc cc cc 48 8b 49 08 e9 b7 95 d9
0x00007ffeb245d168:   ff cc cc cc cc cc cc cc 48 89 5c 24 08 57 48 83
0x00007ffeb245d178:   ec 20 48 8b 05 27 4e 89 00 48 8b d9 48 8b fa 8b
0x00007ffeb245d188:   88 c0 01 00 00 4c 8b 80 b8 01 00 00 0f b6 05 f4
0x00007ffeb245d198:   e3 85 00 49 d3 e0 8b 0d 2c ed 85 00 49 2b f8 48
0x00007ffeb245d1a8:   d3 ef 84 c0 74 16 44 8b 42 08 8b 0d 40 21 7f 00
0x00007ffeb245d1b8:   49 d3 e0 4c 03 05 2e 21 7f 00 eb 04 4c 8b 42 08
0x00007ffeb245d1c8:   45 8b 48 08 45 85 c9 7e 0c 41 f6 c1 01 75 55 41
0x00007ffeb245d1d8:   c1 f9 03 eb 5e 79 4d 84 c0 41 b8 0c 00 00 00 8b
0x00007ffeb245d1e8:   05 47 30 7f 00 b9 10 00 00 00 41 0f 45 c8 ff c8
0x00007ffeb245d1f8:   4c 63 c0 41 8b c1 48 c1 f8 10 48 63 14 11 41 8b
0x00007ffeb245d208:   c9 83 e1 3f 48 d3 e2 0f b6 c8 49 8d 04 10 49 f7
0x00007ffeb245d218:   d0 48 03 c8 4d 8b c8 49 c1 e9 03 48 c1 e9 03 44
0x00007ffeb245d228:   23 c9 eb 0f 49 8b 00 49 8b c8 ff 90 00 01 00 00
0x00007ffeb245d238:   44 8b c8 8b 53 28 8b c7 48 23 d0 48 c1 e2 04 48
0x00007ffeb245d248:   03 53 08 8b 02 3b c7 74 34 4c 8b 42 08 4d 85 c0
0x00007ffeb245d258:   74 0b 8b c8 48 8b 03 f0 4c 0f c1 04 c8 48 c7 42
0x00007ffeb245d268:   08 00 00 00 00 89 3a 48 ff 43 20 49 63 c1 48 01
0x00007ffeb245d278:   42 08 48 8b 5c 24 30 48 83 c4 20 5f c3 48 ff 43
0x00007ffeb245d288:   18 48 8b 5c 24 30 49 63 c1 48 01 42 08 48 83 c4
0x00007ffeb245d298:   20 5f c3 cc cc cc cc cc 48 89 5c 24 08 33 db 4c
0x00007ffeb245d2a8:   8b da 4c 8b c9 44 8b c3 39 59 10 76 39 66 66 66
0x00007ffeb245d2b8:   0f 1f 84 00 00 00 00 00 41 8b c0 48 c1 e0 04 49 


Stack slot to memory mapping:
stack at sp + 0 slots: 0x000001dea56ef6d0 points into unknown readable memory: 0x0000001d71eff120 | 20 f1 ef 71 1d 00 00 00
stack at sp + 1 slots: 0x00007ffeb2447f89 jvm.dll
stack at sp + 2 slots: 0x0 is NULL
stack at sp + 3 slots: 0x0 is NULL
stack at sp + 4 slots: 0x00000007028dfbd0 is pointing into object: [Ljava.lang.reflect.Method; 
{0x00000007028dfbb8} - klass: 'java/lang/reflect/Method'[]
 - length: 10
stack at sp + 5 slots: 0x00007ffeb24439a4 jvm.dll
stack at sp + 6 slots: 0x000001dea5e31650 points into unknown readable memory: 0x00007ffeb2afe8a0 | a0 e8 af b2 fe 7f 00 00
stack at sp + 7 slots: 0x0 is NULL


---------------  P R O C E S S  ---------------

Threads class SMR info:
_java_thread_list=0x000001dea598c220, length=20, elements={
0x000001de9dfe5030, 0x000001de9dfe5ea0, 0x000001de9e000000, 0x000001de9e0008c0,
0x000001de9e002280, 0x000001de9e004c40, 0x000001de9e011b10, 0x000001de9e012500,
0x000001de9e06e940, 0x000001de9e1e4580, 0x000001de9ea16650, 0x000001de9eae3ca0,
0x000001de9eaf9c90, 0x000001de9eb44010, 0x000001de9eb444e0, 0x000001de9eb58ff0,
0x000001dea3323c50, 0x000001dea529e8d0, 0x000001dea529b8b0, 0x000001dea3324120
}

Java Threads: ( => current thread )
  0x000001de9dfe5030 JavaThread "Reference Handler" daemon [_thread_blocked, id=14408, stack(0x0000001d71f00000,0x0000001d72000000)]
  0x000001de9dfe5ea0 JavaThread "Finalizer" daemon [_thread_blocked, id=6880, stack(0x0000001d72000000,0x0000001d72100000)]
  0x000001de9e000000 JavaThread "Signal Dispatcher" daemon [_thread_blocked, id=7816, stack(0x0000001d72100000,0x0000001d72200000)]
  0x000001de9e0008c0 JavaThread "Attach Listener" daemon [_thread_blocked, id=2448, stack(0x0000001d72200000,0x0000001d72300000)]
  0x000001de9e002280 JavaThread "Service Thread" daemon [_thread_blocked, id=13360, stack(0x0000001d72300000,0x0000001d72400000)]
  0x000001de9e004c40 JavaThread "Monitor Deflation Thread" daemon [_thread_blocked, id=21796, stack(0x0000001d72400000,0x0000001d72500000)]
  0x000001de9e011b10 JavaThread "C1 CompilerThread0" daemon [_thread_blocked, id=5988, stack(0x0000001d72500000,0x0000001d72600000)]
  0x000001de9e012500 JavaThread "Sweeper thread" daemon [_thread_blocked, id=17904, stack(0x0000001d72600000,0x0000001d72700000)]
  0x000001de9e06e940 JavaThread "Common-Cleaner" daemon [_thread_blocked, id=11640, stack(0x0000001d72700000,0x0000001d72800000)]
  0x000001de9e1e4580 JavaThread "Notification Thread" daemon [_thread_blocked, id=11292, stack(0x0000001d72a00000,0x0000001d72b00000)]
  0x000001de9ea16650 JavaThread "RMI TCP Accept-0" daemon [_thread_in_native, id=8508, stack(0x0000001d72b00000,0x0000001d72c00000)]
  0x000001de9eae3ca0 JavaThread "RMI TCP Accept-53623" daemon [_thread_in_native, id=3284, stack(0x0000001d72c00000,0x0000001d72d00000)]
  0x000001de9eaf9c90 JavaThread "RMI TCP Accept-0" daemon [_thread_in_native, id=6064, stack(0x0000001d72d00000,0x0000001d72e00000)]
  0x000001de9eb44010 JavaThread "RMI Scheduler(0)" daemon [_thread_blocked, id=6708, stack(0x0000001d73000000,0x0000001d73100000)]
  0x000001de9eb444e0 JavaThread "RMI TCP Connection(idle)" daemon [_thread_blocked, id=21048, stack(0x0000001d73100000,0x0000001d73200000)]
  0x000001de9eb58ff0 JavaThread "JMX server connection timeout 22" daemon [_thread_blocked, id=20280, stack(0x0000001d73200000,0x0000001d73300000)]
  0x000001dea3323c50 JavaThread "mysql-cj-abandoned-connection-cleanup" daemon [_thread_blocked, id=21008, stack(0x0000001d73d00000,0x0000001d73e00000)]
  0x000001dea529e8d0 JavaThread "Live Reload Server" daemon [_thread_in_native, id=18004, stack(0x0000001d74800000,0x0000001d74900000)]
  0x000001dea529b8b0 JavaThread "DestroyJavaVM" [_thread_blocked, id=22432, stack(0x0000001d71800000,0x0000001d71900000)]
  0x000001dea3324120 JavaThread "Thread-31" [_thread_blocked, id=7180, stack(0x0000001d71600000,0x0000001d71700000)]

Other Threads:
  0x000001de9dfd0c50 VMThread "VM Thread" [stack: 0x0000001d71e00000,0x0000001d71f00000] [id=9924]
  0x000001de89661bb0 WatcherThread [stack: 0x0000001d72e00000,0x0000001d72f00000] [id=428]
  0x000001de89640b00 GCTaskThread "GC Thread#0" [stack: 0x0000001d71900000,0x0000001d71a00000] [id=20652]
=>0x000001de9eb89ad0 GCTaskThread "GC Thread#1" [stack: 0x0000001d73300000,0x0000001d73400000] [id=6116]
  0x000001de9ec2dd90 GCTaskThread "GC Thread#2" [stack: 0x0000001d73400000,0x0000001d73500000] [id=7220]
  0x000001de9ec2e040 GCTaskThread "GC Thread#3" [stack: 0x0000001d73500000,0x0000001d73600000] [id=20732]
  0x000001de9ec2e2f0 GCTaskThread "GC Thread#4" [stack: 0x0000001d73600000,0x0000001d73700000] [id=3264]
  0x000001de9ebcad80 GCTaskThread "GC Thread#5" [stack: 0x0000001d73700000,0x0000001d73800000] [id=22060]
  0x000001dea32a3de0 GCTaskThread "GC Thread#6" [stack: 0x0000001d73800000,0x0000001d73900000] [id=22076]
  0x000001dea348da20 GCTaskThread "GC Thread#7" [stack: 0x0000001d73c00000,0x0000001d73d00000] [id=12780]
  0x000001de89651840 ConcurrentGCThread "G1 Main Marker" [stack: 0x0000001d71a00000,0x0000001d71b00000] [id=5720]
  0x000001de89652ac0 ConcurrentGCThread "G1 Conc#0" [stack: 0x0000001d71b00000,0x0000001d71c00000] [id=19564]
  0x000001dea35aeb20 ConcurrentGCThread "G1 Conc#1" [stack: 0x0000001d73e00000,0x0000001d73f00000] [id=10336]
  0x000001de9d9ca4b0 ConcurrentGCThread "G1 Refine#0" [stack: 0x0000001d71c00000,0x0000001d71d00000] [id=8816]
  0x000001dea32a4090 ConcurrentGCThread "G1 Refine#1" [stack: 0x0000001d73900000,0x0000001d73a00000] [id=15944]
  0x000001dea4f44c30 ConcurrentGCThread "G1 Refine#2" [stack: 0x0000001d75400000,0x0000001d75500000] [id=20928]
  0x000001de9d9cace0 ConcurrentGCThread "G1 Service" [stack: 0x0000001d71d00000,0x0000001d71e00000] [id=6192]

Threads with active compile tasks:

VM state: at safepoint (normal execution)

VM Mutex/Monitor currently owned by a thread:  ([mutex/lock_event])
[0x000001de895bc760] Threads_lock - owner thread: 0x000001de9dfd0c50
[0x000001de895bc520] Heap_lock - owner thread: 0x000001dea3324120

Heap address: 0x0000000702000000, size: 4064 MB, Compressed Oops mode: Zero based, Oop shift amount: 3

CDS archive(s) not mapped
Compressed class space mapped at: 0x0000000800000000-0x0000000840000000, reserved size: 1073741824
Narrow klass base: 0x0000000800000000, Narrow klass shift: 0, Narrow klass range: 0x40000000

GC Precious Log:
 CPUs: 8 total, 8 available
 Memory: 16254M
 Large Page Support: Disabled
 NUMA Support: Disabled
 Compressed Oops: Enabled (Zero based)
 Heap Region Size: 2M
 Heap Min Capacity: 8M
 Heap Initial Capacity: 254M
 Heap Max Capacity: 4064M
 Pre-touch: Disabled
 Parallel Workers: 8
 Concurrent Workers: 2
 Concurrent Refinement Workers: 8
 Periodic GC: Disabled

Heap:
 garbage-first heap   total 694272K, used 113472K [0x0000000702000000, 0x0000000800000000)
  region size 2048K, 23 young (47104K), 6 survivors (12288K)
 Metaspace       used 97469K, committed 98240K, reserved 1179648K
  class space    used 13014K, committed 13376K, reserved 1048576K

Heap Regions: E=young(eden), S=young(survivor), O=old, HS=humongous(starts), HC=humongous(continues), CS=collection set, F=free, OA=open archive, CA=closed archive, TAMS=top-at-mark-start (previous, next)
|   0|0x0000000702000000, 0x00000007021fff88, 0x0000000702200000| 99%| O|  |TAMS 0x00000007021fff88, 0x0000000702000000| Untracked 
|   1|0x0000000702200000, 0x00000007023fffa8, 0x0000000702400000| 99%| O|  |TAMS 0x00000007023fffa8, 0x0000000702200000| Untracked 
|   2|0x0000000702400000, 0x00000007025fffd8, 0x0000000702600000| 99%| O|  |TAMS 0x00000007025fffd8, 0x0000000702400000| Untracked 
|   3|0x0000000702600000, 0x0000000702800000, 0x0000000702800000|100%| O|  |TAMS 0x0000000702800000, 0x0000000702600000| Untracked 
|   4|0x0000000702800000, 0x00000007029fffd8, 0x0000000702a00000| 99%| O|  |TAMS 0x00000007029fffd8, 0x0000000702800000| Untracked 
|   5|0x0000000702a00000, 0x0000000702c00000, 0x0000000702c00000|100%| O|  |TAMS 0x0000000702c00000, 0x0000000702a00000| Untracked 
|   6|0x0000000702c00000, 0x0000000702dff528, 0x0000000702e00000| 99%| O|  |TAMS 0x0000000702dff528, 0x0000000702c00000| Untracked 
|   7|0x0000000702e00000, 0x0000000702fffff8, 0x0000000703000000| 99%| O|  |TAMS 0x0000000702fffff8, 0x0000000702e00000| Untracked 
|   8|0x0000000703000000, 0x00000007031ffff8, 0x0000000703200000| 99%| O|  |TAMS 0x00000007031ffff8, 0x0000000703000000| Untracked 
|   9|0x0000000703200000, 0x00000007033ffff0, 0x0000000703400000| 99%| O|  |TAMS 0x00000007033ffff0, 0x0000000703200000| Untracked 
|  10|0x0000000703400000, 0x00000007035ffff0, 0x0000000703600000| 99%| O|  |TAMS 0x00000007035ffff0, 0x0000000703400000| Untracked 
|  11|0x0000000703600000, 0x00000007037ffff8, 0x0000000703800000| 99%| O|  |TAMS 0x00000007037ffff8, 0x0000000703600000| Untracked 
|  12|0x0000000703800000, 0x00000007039fffc8, 0x0000000703a00000| 99%| O|  |TAMS 0x00000007039fffc8, 0x0000000703800000| Untracked 
|  13|0x0000000703a00000, 0x0000000703bfffd0, 0x0000000703c00000| 99%| O|  |TAMS 0x0000000703bfffd0, 0x0000000703a00000| Untracked 
|  14|0x0000000703c00000, 0x0000000703dfff98, 0x0000000703e00000| 99%| O|  |TAMS 0x0000000703dfff98, 0x0000000703c00000| Untracked 
|  15|0x0000000703e00000, 0x0000000703fffee8, 0x0000000704000000| 99%| O|  |TAMS 0x0000000703fffee8, 0x0000000703e00000| Untracked 
|  16|0x0000000704000000, 0x00000007041fffe8, 0x0000000704200000| 99%| O|  |TAMS 0x00000007041fffe8, 0x0000000704000000| Untracked 
|  17|0x0000000704200000, 0x00000007043ffff8, 0x0000000704400000| 99%| O|  |TAMS 0x00000007043ffff8, 0x0000000704200000| Untracked 
|  18|0x0000000704400000, 0x00000007045ffff0, 0x0000000704600000| 99%| O|  |TAMS 0x00000007045ffff0, 0x0000000704400000| Untracked 
|  19|0x0000000704600000, 0x0000000704800000, 0x0000000704800000|100%| O|  |TAMS 0x0000000704800000, 0x0000000704600000| Untracked 
|  20|0x0000000704800000, 0x0000000704a00000, 0x0000000704a00000|100%| O|  |TAMS 0x0000000704a00000, 0x0000000704800000| Untracked 
|  21|0x0000000704a00000, 0x0000000704bffff8, 0x0000000704c00000| 99%| O|  |TAMS 0x0000000704bffff8, 0x0000000704a00000| Untracked 
|  22|0x0000000704c00000, 0x0000000704dffff0, 0x0000000704e00000| 99%| O|  |TAMS 0x0000000704dffff0, 0x0000000704c00000| Untracked 
|  23|0x0000000704e00000, 0x0000000705000000, 0x0000000705000000|100%| O|  |TAMS 0x0000000705000000, 0x0000000704e00000| Untracked 
|  24|0x0000000705000000, 0x00000007051fffc8, 0x0000000705200000| 99%| O|  |TAMS 0x00000007051fffc8, 0x0000000705000000| Untracked 
|  25|0x0000000705200000, 0x00000007053fffd8, 0x0000000705400000| 99%| O|  |TAMS 0x00000007053fffd8, 0x0000000705200000| Untracked 
|  26|0x0000000705400000, 0x00000007055df300, 0x0000000705600000| 93%| O|  |TAMS 0x0000000705400000, 0x0000000705400000| Untracked 
|  27|0x0000000705600000, 0x00000007057fffd8, 0x0000000705800000| 99%| O|  |TAMS 0x00000007057fffd8, 0x0000000705600000| Untracked 
|  28|0x0000000705800000, 0x00000007059f67a0, 0x0000000705a00000| 98%| O|  |TAMS 0x00000007059f67a0, 0x0000000705800000| Untracked 
|  29|0x0000000705a00000, 0x0000000705bfc978, 0x0000000705c00000| 99%| O|  |TAMS 0x0000000705bfc978, 0x0000000705a00000| Untracked 
|  30|0x0000000705c00000, 0x0000000705dffff8, 0x0000000705e00000| 99%| O|  |TAMS 0x0000000705c00000, 0x0000000705c00000| Untracked 
|  31|0x0000000705e00000, 0x0000000705ffffe8, 0x0000000706000000| 99%| O|  |TAMS 0x0000000705e00000, 0x0000000705e00000| Untracked 
|  32|0x0000000706000000, 0x000000070618e5b0, 0x0000000706200000| 77%| O|  |TAMS 0x0000000706000000, 0x0000000706000000| Untracked 
|  33|0x0000000706200000, 0x00000007062180f8, 0x0000000706400000|  4%| O|  |TAMS 0x0000000706200000, 0x0000000706200000| Untracked 
|  34|0x0000000706400000, 0x0000000706469db0, 0x0000000706600000| 20%| O|  |TAMS 0x0000000706400000, 0x0000000706400000| Untracked 
|  35|0x0000000706600000, 0x0000000706600000, 0x0000000706800000|  0%| F|  |TAMS 0x0000000706600000, 0x0000000706600000| Untracked 
|  36|0x0000000706800000, 0x0000000706800000, 0x0000000706a00000|  0%| F|  |TAMS 0x0000000706800000, 0x0000000706800000| Untracked 
|  37|0x0000000706a00000, 0x0000000706a00000, 0x0000000706c00000|  0%| F|  |TAMS 0x0000000706a00000, 0x0000000706a00000| Untracked 
|  38|0x0000000706c00000, 0x0000000706ca5a30, 0x0000000706e00000| 32%| O|  |TAMS 0x0000000706c00000, 0x0000000706c00000| Untracked 
|  39|0x0000000706e00000, 0x0000000706e00000, 0x0000000707000000|  0%| F|  |TAMS 0x0000000706e00000, 0x0000000706e00000| Untracked 
|  40|0x0000000707000000, 0x0000000707000000, 0x0000000707200000|  0%| F|  |TAMS 0x0000000707000000, 0x0000000707000000| Untracked 
|  41|0x0000000707200000, 0x0000000707200000, 0x0000000707400000|  0%| F|  |TAMS 0x0000000707200000, 0x0000000707200000| Untracked 
|  42|0x0000000707400000, 0x0000000707400000, 0x0000000707600000|  0%| F|  |TAMS 0x0000000707400000, 0x0000000707400000| Untracked 
|  43|0x0000000707600000, 0x0000000707600000, 0x0000000707800000|  0%| F|  |TAMS 0x0000000707600000, 0x0000000707600000| Untracked 
|  44|0x0000000707800000, 0x0000000707800000, 0x0000000707a00000|  0%| F|  |TAMS 0x0000000707800000, 0x0000000707800000| Untracked 
|  45|0x0000000707a00000, 0x0000000707a00000, 0x0000000707c00000|  0%| F|  |TAMS 0x0000000707a00000, 0x0000000707a00000| Untracked 
|  46|0x0000000707c00000, 0x0000000707c00000, 0x0000000707e00000|  0%| F|  |TAMS 0x0000000707c00000, 0x0000000707c00000| Untracked 
|  47|0x0000000707e00000, 0x0000000707e00000, 0x0000000708000000|  0%| F|  |TAMS 0x0000000707e00000, 0x0000000707e00000| Untracked 
|  48|0x0000000708000000, 0x0000000708000000, 0x0000000708200000|  0%| F|  |TAMS 0x0000000708000000, 0x0000000708000000| Untracked 
|  49|0x0000000708200000, 0x0000000708200000, 0x0000000708400000|  0%| F|  |TAMS 0x0000000708200000, 0x0000000708200000| Untracked 
|  50|0x0000000708400000, 0x0000000708400000, 0x0000000708600000|  0%| F|  |TAMS 0x0000000708400000, 0x0000000708400000| Untracked 
|  51|0x0000000708600000, 0x0000000708600000, 0x0000000708800000|  0%| F|  |TAMS 0x0000000708600000, 0x0000000708600000| Untracked 
|  52|0x0000000708800000, 0x0000000708800000, 0x0000000708a00000|  0%| F|  |TAMS 0x0000000708800000, 0x0000000708800000| Untracked 
|  53|0x0000000708a00000, 0x0000000708a00000, 0x0000000708c00000|  0%| F|  |TAMS 0x0000000708a00000, 0x0000000708a00000| Untracked 
|  54|0x0000000708c00000, 0x0000000708c00000, 0x0000000708e00000|  0%| F|  |TAMS 0x0000000708c00000, 0x0000000708c00000| Untracked 
|  55|0x0000000708e00000, 0x0000000708e00000, 0x0000000709000000|  0%| F|  |TAMS 0x0000000708e00000, 0x0000000708e00000| Untracked 
|  56|0x0000000709000000, 0x0000000709000000, 0x0000000709200000|  0%| F|  |TAMS 0x0000000709000000, 0x0000000709000000| Untracked 
|  57|0x0000000709200000, 0x0000000709200000, 0x0000000709400000|  0%| F|  |TAMS 0x0000000709200000, 0x0000000709200000| Untracked 
|  58|0x0000000709400000, 0x0000000709400000, 0x0000000709600000|  0%| F|  |TAMS 0x0000000709400000, 0x0000000709400000| Untracked 
|  59|0x0000000709600000, 0x0000000709600000, 0x0000000709800000|  0%| F|  |TAMS 0x0000000709600000, 0x0000000709600000| Untracked 
|  60|0x0000000709800000, 0x0000000709800000, 0x0000000709a00000|  0%| F|  |TAMS 0x0000000709800000, 0x0000000709800000| Untracked 
|  61|0x0000000709a00000, 0x0000000709a00000, 0x0000000709c00000|  0%| F|  |TAMS 0x0000000709a00000, 0x0000000709a00000| Untracked 
|  62|0x0000000709c00000, 0x0000000709c00000, 0x0000000709e00000|  0%| F|  |TAMS 0x0000000709c00000, 0x0000000709c00000| Untracked 
|  63|0x0000000709e00000, 0x0000000709e00000, 0x000000070a000000|  0%| F|  |TAMS 0x0000000709e00000, 0x0000000709e00000| Untracked 
|  64|0x000000070a000000, 0x000000070a000000, 0x000000070a200000|  0%| F|  |TAMS 0x000000070a000000, 0x000000070a000000| Untracked 
|  65|0x000000070a200000, 0x000000070a200000, 0x000000070a400000|  0%| F|  |TAMS 0x000000070a200000, 0x000000070a200000| Untracked 
|  66|0x000000070a400000, 0x000000070a400000, 0x000000070a600000|  0%| F|  |TAMS 0x000000070a400000, 0x000000070a400000| Untracked 
|  67|0x000000070a600000, 0x000000070a600000, 0x000000070a800000|  0%| F|  |TAMS 0x000000070a600000, 0x000000070a600000| Untracked 
|  68|0x000000070a800000, 0x000000070a800000, 0x000000070aa00000|  0%| F|  |TAMS 0x000000070a800000, 0x000000070a800000| Untracked 
|  69|0x000000070aa00000, 0x000000070aa00000, 0x000000070ac00000|  0%| F|  |TAMS 0x000000070aa00000, 0x000000070aa00000| Untracked 
|  70|0x000000070ac00000, 0x000000070ac00000, 0x000000070ae00000|  0%| F|  |TAMS 0x000000070ac00000, 0x000000070ac00000| Untracked 
|  71|0x000000070ae00000, 0x000000070ae00000, 0x000000070b000000|  0%| F|  |TAMS 0x000000070ae00000, 0x000000070ae00000| Untracked 
|  72|0x000000070b000000, 0x000000070b000000, 0x000000070b200000|  0%| F|  |TAMS 0x000000070b000000, 0x000000070b000000| Untracked 
|  73|0x000000070b200000, 0x000000070b200000, 0x000000070b400000|  0%| F|  |TAMS 0x000000070b200000, 0x000000070b200000| Untracked 
|  74|0x000000070b400000, 0x000000070b400000, 0x000000070b600000|  0%| F|  |TAMS 0x000000070b400000, 0x000000070b400000| Untracked 
|  75|0x000000070b600000, 0x000000070b600000, 0x000000070b800000|  0%| F|  |TAMS 0x000000070b600000, 0x000000070b600000| Untracked 
|  76|0x000000070b800000, 0x000000070b800000, 0x000000070ba00000|  0%| F|  |TAMS 0x000000070b800000, 0x000000070b800000| Untracked 
|  77|0x000000070ba00000, 0x000000070ba00000, 0x000000070bc00000|  0%| F|  |TAMS 0x000000070ba00000, 0x000000070ba00000| Untracked 
|  78|0x000000070bc00000, 0x000000070bc00000, 0x000000070be00000|  0%| F|  |TAMS 0x000000070bc00000, 0x000000070bc00000| Untracked 
|  79|0x000000070be00000, 0x000000070be00000, 0x000000070c000000|  0%| F|  |TAMS 0x000000070be00000, 0x000000070be00000| Untracked 
|  80|0x000000070c000000, 0x000000070c000000, 0x000000070c200000|  0%| F|  |TAMS 0x000000070c000000, 0x000000070c000000| Untracked 
|  81|0x000000070c200000, 0x000000070c200000, 0x000000070c400000|  0%| F|  |TAMS 0x000000070c200000, 0x000000070c200000| Untracked 
|  82|0x000000070c400000, 0x000000070c400000, 0x000000070c600000|  0%| F|  |TAMS 0x000000070c400000, 0x000000070c400000| Untracked 
|  83|0x000000070c600000, 0x000000070c600000, 0x000000070c800000|  0%| F|  |TAMS 0x000000070c600000, 0x000000070c600000| Untracked 
|  84|0x000000070c800000, 0x000000070c800000, 0x000000070ca00000|  0%| F|  |TAMS 0x000000070c800000, 0x000000070c800000| Untracked 
|  85|0x000000070ca00000, 0x000000070ca00000, 0x000000070cc00000|  0%| F|  |TAMS 0x000000070ca00000, 0x000000070ca00000| Untracked 
|  86|0x000000070cc00000, 0x000000070cc00000, 0x000000070ce00000|  0%| F|  |TAMS 0x000000070cc00000, 0x000000070cc00000| Untracked 
|  87|0x000000070ce00000, 0x000000070ce00000, 0x000000070d000000|  0%| F|  |TAMS 0x000000070ce00000, 0x000000070ce00000| Untracked 
|  88|0x000000070d000000, 0x000000070d000000, 0x000000070d200000|  0%| F|  |TAMS 0x000000070d000000, 0x000000070d000000| Untracked 
|  89|0x000000070d200000, 0x000000070d200000, 0x000000070d400000|  0%| F|  |TAMS 0x000000070d200000, 0x000000070d200000| Untracked 
|  90|0x000000070d400000, 0x000000070d400000, 0x000000070d600000|  0%| F|  |TAMS 0x000000070d400000, 0x000000070d400000| Untracked 
|  91|0x000000070d600000, 0x000000070d600000, 0x000000070d800000|  0%| F|  |TAMS 0x000000070d600000, 0x000000070d600000| Untracked 
|  92|0x000000070d800000, 0x000000070d800000, 0x000000070da00000|  0%| F|  |TAMS 0x000000070d800000, 0x000000070d800000| Untracked 
|  93|0x000000070da00000, 0x000000070da00000, 0x000000070dc00000|  0%| F|  |TAMS 0x000000070da00000, 0x000000070da00000| Untracked 
|  94|0x000000070dc00000, 0x000000070dc00000, 0x000000070de00000|  0%| F|  |TAMS 0x000000070dc00000, 0x000000070dc00000| Untracked 
|  95|0x000000070de00000, 0x000000070de00000, 0x000000070e000000|  0%| F|  |TAMS 0x000000070de00000, 0x000000070de00000| Untracked 
|  96|0x000000070e000000, 0x000000070e000000, 0x000000070e200000|  0%| F|  |TAMS 0x000000070e000000, 0x000000070e000000| Untracked 
|  97|0x000000070e200000, 0x000000070e200000, 0x000000070e400000|  0%| F|  |TAMS 0x000000070e200000, 0x000000070e200000| Untracked 
|  98|0x000000070e400000, 0x000000070e400000, 0x000000070e600000|  0%| F|  |TAMS 0x000000070e400000, 0x000000070e400000| Untracked 
|  99|0x000000070e600000, 0x000000070e600000, 0x000000070e800000|  0%| F|  |TAMS 0x000000070e600000, 0x000000070e600000| Untracked 
| 100|0x000000070e800000, 0x000000070e800000, 0x000000070ea00000|  0%| F|  |TAMS 0x000000070e800000, 0x000000070e800000| Untracked 
| 101|0x000000070ea00000, 0x000000070ea00000, 0x000000070ec00000|  0%| F|  |TAMS 0x000000070ea00000, 0x000000070ea00000| Untracked 
| 102|0x000000070ec00000, 0x000000070ec00000, 0x000000070ee00000|  0%| F|  |TAMS 0x000000070ec00000, 0x000000070ec00000| Untracked 
| 103|0x000000070ee00000, 0x000000070ee00000, 0x000000070f000000|  0%| F|  |TAMS 0x000000070ee00000, 0x000000070ee00000| Untracked 
| 104|0x000000070f000000, 0x000000070f000000, 0x000000070f200000|  0%| F|  |TAMS 0x000000070f000000, 0x000000070f000000| Untracked 
| 105|0x000000070f200000, 0x000000070f200000, 0x000000070f400000|  0%| F|  |TAMS 0x000000070f200000, 0x000000070f200000| Untracked 
| 106|0x000000070f400000, 0x000000070f400000, 0x000000070f600000|  0%| F|  |TAMS 0x000000070f400000, 0x000000070f400000| Untracked 
| 107|0x000000070f600000, 0x000000070f600000, 0x000000070f800000|  0%| F|  |TAMS 0x000000070f600000, 0x000000070f600000| Untracked 
| 108|0x000000070f800000, 0x000000070f800000, 0x000000070fa00000|  0%| F|  |TAMS 0x000000070f800000, 0x000000070f800000| Untracked 
| 109|0x000000070fa00000, 0x000000070fa00000, 0x000000070fc00000|  0%| F|  |TAMS 0x000000070fa00000, 0x000000070fa00000| Untracked 
| 110|0x000000070fc00000, 0x000000070fc00000, 0x000000070fe00000|  0%| F|  |TAMS 0x000000070fc00000, 0x000000070fc00000| Untracked 
| 111|0x000000070fe00000, 0x000000070fe00000, 0x0000000710000000|  0%| F|  |TAMS 0x000000070fe00000, 0x000000070fe00000| Untracked 
| 112|0x0000000710000000, 0x0000000710000000, 0x0000000710200000|  0%| F|  |TAMS 0x0000000710000000, 0x0000000710000000| Untracked 
| 113|0x0000000710200000, 0x0000000710200000, 0x0000000710400000|  0%| F|  |TAMS 0x0000000710200000, 0x0000000710200000| Untracked 
| 114|0x0000000710400000, 0x0000000710400000, 0x0000000710600000|  0%| F|  |TAMS 0x0000000710400000, 0x0000000710400000| Untracked 
| 115|0x0000000710600000, 0x0000000710600000, 0x0000000710800000|  0%| F|  |TAMS 0x0000000710600000, 0x0000000710600000| Untracked 
| 116|0x0000000710800000, 0x0000000710800000, 0x0000000710a00000|  0%| F|  |TAMS 0x0000000710800000, 0x0000000710800000| Untracked 
| 117|0x0000000710a00000, 0x0000000710a00000, 0x0000000710c00000|  0%| F|  |TAMS 0x0000000710a00000, 0x0000000710a00000| Untracked 
| 118|0x0000000710c00000, 0x0000000710c00000, 0x0000000710e00000|  0%| F|  |TAMS 0x0000000710c00000, 0x0000000710c00000| Untracked 
| 119|0x0000000710e00000, 0x0000000710e00000, 0x0000000711000000|  0%| F|  |TAMS 0x0000000710e00000, 0x0000000710e00000| Untracked 
| 120|0x0000000711000000, 0x0000000711000000, 0x0000000711200000|  0%| F|  |TAMS 0x0000000711000000, 0x0000000711000000| Untracked 
| 121|0x0000000711200000, 0x0000000711200000, 0x0000000711400000|  0%| F|  |TAMS 0x0000000711200000, 0x0000000711200000| Untracked 
| 122|0x0000000711400000, 0x0000000711400000, 0x0000000711600000|  0%| F|  |TAMS 0x0000000711400000, 0x0000000711400000| Untracked 
| 123|0x0000000711600000, 0x0000000711600000, 0x0000000711800000|  0%| F|  |TAMS 0x0000000711600000, 0x0000000711600000| Untracked 
| 124|0x0000000711800000, 0x0000000711800000, 0x0000000711a00000|  0%| F|  |TAMS 0x0000000711800000, 0x0000000711800000| Untracked 
| 125|0x0000000711a00000, 0x0000000711a00000, 0x0000000711c00000|  0%| F|  |TAMS 0x0000000711a00000, 0x0000000711a00000| Untracked 
| 126|0x0000000711c00000, 0x0000000711c00000, 0x0000000711e00000|  0%| F|  |TAMS 0x0000000711c00000, 0x0000000711c00000| Untracked 
| 127|0x0000000711e00000, 0x0000000711e00000, 0x0000000712000000|  0%| F|  |TAMS 0x0000000711e00000, 0x0000000711e00000| Untracked 
| 128|0x0000000712000000, 0x0000000712000000, 0x0000000712200000|  0%| F|  |TAMS 0x0000000712000000, 0x0000000712000000| Untracked 
| 129|0x0000000712200000, 0x0000000712200000, 0x0000000712400000|  0%| F|  |TAMS 0x0000000712200000, 0x0000000712200000| Untracked 
| 130|0x0000000712400000, 0x0000000712400000, 0x0000000712600000|  0%| F|  |TAMS 0x0000000712400000, 0x0000000712400000| Untracked 
| 131|0x0000000712600000, 0x0000000712600000, 0x0000000712800000|  0%| F|  |TAMS 0x0000000712600000, 0x0000000712600000| Untracked 
| 132|0x0000000712800000, 0x0000000712800000, 0x0000000712a00000|  0%| F|  |TAMS 0x0000000712800000, 0x0000000712800000| Untracked 
| 133|0x0000000712a00000, 0x0000000712a00000, 0x0000000712c00000|  0%| F|  |TAMS 0x0000000712a00000, 0x0000000712a00000| Untracked 
| 134|0x0000000712c00000, 0x0000000712c00000, 0x0000000712e00000|  0%| F|  |TAMS 0x0000000712c00000, 0x0000000712c00000| Untracked 
| 135|0x0000000712e00000, 0x0000000712e00000, 0x0000000713000000|  0%| F|  |TAMS 0x0000000712e00000, 0x0000000712e00000| Untracked 
| 136|0x0000000713000000, 0x0000000713000000, 0x0000000713200000|  0%| F|  |TAMS 0x0000000713000000, 0x0000000713000000| Untracked 
| 137|0x0000000713200000, 0x0000000713200000, 0x0000000713400000|  0%| F|  |TAMS 0x0000000713200000, 0x0000000713200000| Untracked 
| 138|0x0000000713400000, 0x0000000713400000, 0x0000000713600000|  0%| F|  |TAMS 0x0000000713400000, 0x0000000713400000| Untracked 
| 139|0x0000000713600000, 0x0000000713600000, 0x0000000713800000|  0%| F|  |TAMS 0x0000000713600000, 0x0000000713600000| Untracked 
| 140|0x0000000713800000, 0x0000000713800000, 0x0000000713a00000|  0%| F|  |TAMS 0x0000000713800000, 0x0000000713800000| Untracked 
| 141|0x0000000713a00000, 0x0000000713a00000, 0x0000000713c00000|  0%| F|  |TAMS 0x0000000713a00000, 0x0000000713a00000| Untracked 
| 142|0x0000000713c00000, 0x0000000713c00000, 0x0000000713e00000|  0%| F|  |TAMS 0x0000000713c00000, 0x0000000713c00000| Untracked 
| 143|0x0000000713e00000, 0x0000000713e00000, 0x0000000714000000|  0%| F|  |TAMS 0x0000000713e00000, 0x0000000713e00000| Untracked 
| 144|0x0000000714000000, 0x0000000714000000, 0x0000000714200000|  0%| F|  |TAMS 0x0000000714000000, 0x0000000714000000| Untracked 
| 145|0x0000000714200000, 0x0000000714200000, 0x0000000714400000|  0%| F|  |TAMS 0x0000000714200000, 0x0000000714200000| Untracked 
| 146|0x0000000714400000, 0x0000000714400000, 0x0000000714600000|  0%| F|  |TAMS 0x0000000714400000, 0x0000000714400000| Untracked 
| 147|0x0000000714600000, 0x0000000714600000, 0x0000000714800000|  0%| F|  |TAMS 0x0000000714600000, 0x0000000714600000| Untracked 
| 148|0x0000000714800000, 0x0000000714800000, 0x0000000714a00000|  0%| F|  |TAMS 0x0000000714800000, 0x0000000714800000| Untracked 
| 149|0x0000000714a00000, 0x0000000714a00000, 0x0000000714c00000|  0%| F|  |TAMS 0x0000000714a00000, 0x0000000714a00000| Untracked 
| 150|0x0000000714c00000, 0x0000000714c00000, 0x0000000714e00000|  0%| F|  |TAMS 0x0000000714c00000, 0x0000000714c00000| Untracked 
| 151|0x0000000714e00000, 0x0000000714e00000, 0x0000000715000000|  0%| F|  |TAMS 0x0000000714e00000, 0x0000000714e00000| Untracked 
| 152|0x0000000715000000, 0x0000000715000000, 0x0000000715200000|  0%| F|  |TAMS 0x0000000715000000, 0x0000000715000000| Untracked 
| 153|0x0000000715200000, 0x0000000715200000, 0x0000000715400000|  0%| F|  |TAMS 0x0000000715200000, 0x0000000715200000| Untracked 
| 154|0x0000000715400000, 0x0000000715400000, 0x0000000715600000|  0%| F|  |TAMS 0x0000000715400000, 0x0000000715400000| Untracked 
| 155|0x0000000715600000, 0x0000000715600000, 0x0000000715800000|  0%| F|  |TAMS 0x0000000715600000, 0x0000000715600000| Untracked 
| 156|0x0000000715800000, 0x0000000715800000, 0x0000000715a00000|  0%| F|  |TAMS 0x0000000715800000, 0x0000000715800000| Untracked 
| 157|0x0000000715a00000, 0x0000000715a00000, 0x0000000715c00000|  0%| F|  |TAMS 0x0000000715a00000, 0x0000000715a00000| Untracked 
| 158|0x0000000715c00000, 0x0000000715c00000, 0x0000000715e00000|  0%| F|  |TAMS 0x0000000715c00000, 0x0000000715c00000| Untracked 
| 159|0x0000000715e00000, 0x0000000715e00000, 0x0000000716000000|  0%| F|  |TAMS 0x0000000715e00000, 0x0000000715e00000| Untracked 
| 160|0x0000000716000000, 0x0000000716000000, 0x0000000716200000|  0%| F|  |TAMS 0x0000000716000000, 0x0000000716000000| Untracked 
| 161|0x0000000716200000, 0x0000000716200000, 0x0000000716400000|  0%| F|  |TAMS 0x0000000716200000, 0x0000000716200000| Untracked 
| 162|0x0000000716400000, 0x0000000716568318, 0x0000000716600000| 70%| S|  |TAMS 0x0000000716400000, 0x0000000716400000| Complete 
| 163|0x0000000716600000, 0x0000000716800000, 0x0000000716800000|100%| S|  |TAMS 0x0000000716600000, 0x0000000716600000| Complete 
| 164|0x0000000716800000, 0x0000000716a00000, 0x0000000716a00000|100%| S|  |TAMS 0x0000000716800000, 0x0000000716800000| Complete 
| 165|0x0000000716a00000, 0x0000000716c00000, 0x0000000716c00000|100%| S|  |TAMS 0x0000000716a00000, 0x0000000716a00000| Complete 
| 166|0x0000000716c00000, 0x0000000716e00000, 0x0000000716e00000|100%| S|  |TAMS 0x0000000716c00000, 0x0000000716c00000| Complete 
| 167|0x0000000716e00000, 0x0000000717000000, 0x0000000717000000|100%| S|  |TAMS 0x0000000716e00000, 0x0000000716e00000| Complete 
| 168|0x0000000717000000, 0x0000000717000000, 0x0000000717200000|  0%| F|  |TAMS 0x0000000717000000, 0x0000000717000000| Untracked 
| 169|0x0000000717200000, 0x0000000717200000, 0x0000000717400000|  0%| F|  |TAMS 0x0000000717200000, 0x0000000717200000| Untracked 
| 170|0x0000000717400000, 0x0000000717400000, 0x0000000717600000|  0%| F|  |TAMS 0x0000000717400000, 0x0000000717400000| Untracked 
| 171|0x0000000717600000, 0x0000000717600000, 0x0000000717800000|  0%| F|  |TAMS 0x0000000717600000, 0x0000000717600000| Untracked 
| 172|0x0000000717800000, 0x0000000717800000, 0x0000000717a00000|  0%| F|  |TAMS 0x0000000717800000, 0x0000000717800000| Untracked 
| 173|0x0000000717a00000, 0x0000000717a00000, 0x0000000717c00000|  0%| F|  |TAMS 0x0000000717a00000, 0x0000000717a00000| Untracked 
| 174|0x0000000717c00000, 0x0000000717c00000, 0x0000000717e00000|  0%| F|  |TAMS 0x0000000717c00000, 0x0000000717c00000| Untracked 
| 175|0x0000000717e00000, 0x0000000717e00000, 0x0000000718000000|  0%| F|  |TAMS 0x0000000717e00000, 0x0000000717e00000| Untracked 
| 176|0x0000000718000000, 0x0000000718000000, 0x0000000718200000|  0%| F|  |TAMS 0x0000000718000000, 0x0000000718000000| Untracked 
| 177|0x0000000718200000, 0x0000000718200000, 0x0000000718400000|  0%| F|  |TAMS 0x0000000718200000, 0x0000000718200000| Untracked 
| 178|0x0000000718400000, 0x0000000718400000, 0x0000000718600000|  0%| F|  |TAMS 0x0000000718400000, 0x0000000718400000| Untracked 
| 179|0x0000000718600000, 0x0000000718600000, 0x0000000718800000|  0%| F|  |TAMS 0x0000000718600000, 0x0000000718600000| Untracked 
| 180|0x0000000718800000, 0x0000000718800000, 0x0000000718a00000|  0%| F|  |TAMS 0x0000000718800000, 0x0000000718800000| Untracked 
| 181|0x0000000718a00000, 0x0000000718a00000, 0x0000000718c00000|  0%| F|  |TAMS 0x0000000718a00000, 0x0000000718a00000| Untracked 
| 182|0x0000000718c00000, 0x0000000718c00000, 0x0000000718e00000|  0%| F|  |TAMS 0x0000000718c00000, 0x0000000718c00000| Untracked 
| 183|0x0000000718e00000, 0x0000000718e00000, 0x0000000719000000|  0%| F|  |TAMS 0x0000000718e00000, 0x0000000718e00000| Untracked 
| 184|0x0000000719000000, 0x0000000719000000, 0x0000000719200000|  0%| F|  |TAMS 0x0000000719000000, 0x0000000719000000| Untracked 
| 185|0x0000000719200000, 0x0000000719200000, 0x0000000719400000|  0%| F|  |TAMS 0x0000000719200000, 0x0000000719200000| Untracked 
| 186|0x0000000719400000, 0x0000000719400000, 0x0000000719600000|  0%| F|  |TAMS 0x0000000719400000, 0x0000000719400000| Untracked 
| 187|0x0000000719600000, 0x0000000719600000, 0x0000000719800000|  0%| F|  |TAMS 0x0000000719600000, 0x0000000719600000| Untracked 
| 188|0x0000000719800000, 0x0000000719800000, 0x0000000719a00000|  0%| F|  |TAMS 0x0000000719800000, 0x0000000719800000| Untracked 
| 189|0x0000000719a00000, 0x0000000719a00000, 0x0000000719c00000|  0%| F|  |TAMS 0x0000000719a00000, 0x0000000719a00000| Untracked 
| 190|0x0000000719c00000, 0x0000000719c00000, 0x0000000719e00000|  0%| F|  |TAMS 0x0000000719c00000, 0x0000000719c00000| Untracked 
| 191|0x0000000719e00000, 0x0000000719e00000, 0x000000071a000000|  0%| F|  |TAMS 0x0000000719e00000, 0x0000000719e00000| Untracked 
| 192|0x000000071a000000, 0x000000071a000000, 0x000000071a200000|  0%| F|  |TAMS 0x000000071a000000, 0x000000071a000000| Untracked 
| 193|0x000000071a200000, 0x000000071a200000, 0x000000071a400000|  0%| F|  |TAMS 0x000000071a200000, 0x000000071a200000| Untracked 
| 194|0x000000071a400000, 0x000000071a400000, 0x000000071a600000|  0%| F|  |TAMS 0x000000071a400000, 0x000000071a400000| Untracked 
| 195|0x000000071a600000, 0x000000071a600000, 0x000000071a800000|  0%| F|  |TAMS 0x000000071a600000, 0x000000071a600000| Untracked 
| 196|0x000000071a800000, 0x000000071a800000, 0x000000071aa00000|  0%| F|  |TAMS 0x000000071a800000, 0x000000071a800000| Untracked 
| 197|0x000000071aa00000, 0x000000071aa00000, 0x000000071ac00000|  0%| F|  |TAMS 0x000000071aa00000, 0x000000071aa00000| Untracked 
| 198|0x000000071ac00000, 0x000000071ac00000, 0x000000071ae00000|  0%| F|  |TAMS 0x000000071ac00000, 0x000000071ac00000| Untracked 
| 199|0x000000071ae00000, 0x000000071ae00000, 0x000000071b000000|  0%| F|  |TAMS 0x000000071ae00000, 0x000000071ae00000| Untracked 
| 200|0x000000071b000000, 0x000000071b000000, 0x000000071b200000|  0%| F|  |TAMS 0x000000071b000000, 0x000000071b000000| Untracked 
| 201|0x000000071b200000, 0x000000071b200000, 0x000000071b400000|  0%| F|  |TAMS 0x000000071b200000, 0x000000071b200000| Untracked 
| 202|0x000000071b400000, 0x000000071b400000, 0x000000071b600000|  0%| F|  |TAMS 0x000000071b400000, 0x000000071b400000| Untracked 
| 203|0x000000071b600000, 0x000000071b600000, 0x000000071b800000|  0%| F|  |TAMS 0x000000071b600000, 0x000000071b600000| Untracked 
| 204|0x000000071b800000, 0x000000071b800000, 0x000000071ba00000|  0%| F|  |TAMS 0x000000071b800000, 0x000000071b800000| Untracked 
| 205|0x000000071ba00000, 0x000000071ba00000, 0x000000071bc00000|  0%| F|  |TAMS 0x000000071ba00000, 0x000000071ba00000| Untracked 
| 206|0x000000071bc00000, 0x000000071bc00000, 0x000000071be00000|  0%| F|  |TAMS 0x000000071bc00000, 0x000000071bc00000| Untracked 
| 207|0x000000071be00000, 0x000000071be00000, 0x000000071c000000|  0%| F|  |TAMS 0x000000071be00000, 0x000000071be00000| Untracked 
| 208|0x000000071c000000, 0x000000071c000000, 0x000000071c200000|  0%| F|  |TAMS 0x000000071c000000, 0x000000071c000000| Untracked 
| 209|0x000000071c200000, 0x000000071c200000, 0x000000071c400000|  0%| F|  |TAMS 0x000000071c200000, 0x000000071c200000| Untracked 
| 210|0x000000071c400000, 0x000000071c400000, 0x000000071c600000|  0%| F|  |TAMS 0x000000071c400000, 0x000000071c400000| Untracked 
| 211|0x000000071c600000, 0x000000071c600000, 0x000000071c800000|  0%| F|  |TAMS 0x000000071c600000, 0x000000071c600000| Untracked 
| 212|0x000000071c800000, 0x000000071c800000, 0x000000071ca00000|  0%| F|  |TAMS 0x000000071c800000, 0x000000071c800000| Untracked 
| 213|0x000000071ca00000, 0x000000071ca00000, 0x000000071cc00000|  0%| F|  |TAMS 0x000000071ca00000, 0x000000071ca00000| Untracked 
| 214|0x000000071cc00000, 0x000000071cc00000, 0x000000071ce00000|  0%| F|  |TAMS 0x000000071cc00000, 0x000000071cc00000| Untracked 
| 215|0x000000071ce00000, 0x000000071ce00000, 0x000000071d000000|  0%| F|  |TAMS 0x000000071ce00000, 0x000000071ce00000| Untracked 
| 216|0x000000071d000000, 0x000000071d000000, 0x000000071d200000|  0%| F|  |TAMS 0x000000071d000000, 0x000000071d000000| Untracked 
| 217|0x000000071d200000, 0x000000071d200000, 0x000000071d400000|  0%| F|  |TAMS 0x000000071d200000, 0x000000071d200000| Untracked 
| 218|0x000000071d400000, 0x000000071d400000, 0x000000071d600000|  0%| F|  |TAMS 0x000000071d400000, 0x000000071d400000| Untracked 
| 219|0x000000071d600000, 0x000000071d600000, 0x000000071d800000|  0%| F|  |TAMS 0x000000071d600000, 0x000000071d600000| Untracked 
| 220|0x000000071d800000, 0x000000071d800000, 0x000000071da00000|  0%| F|  |TAMS 0x000000071d800000, 0x000000071d800000| Untracked 
| 221|0x000000071da00000, 0x000000071da00000, 0x000000071dc00000|  0%| F|  |TAMS 0x000000071da00000, 0x000000071da00000| Untracked 
| 222|0x000000071dc00000, 0x000000071dc00000, 0x000000071de00000|  0%| F|  |TAMS 0x000000071dc00000, 0x000000071dc00000| Untracked 
| 223|0x000000071de00000, 0x000000071de00000, 0x000000071e000000|  0%| F|  |TAMS 0x000000071de00000, 0x000000071de00000| Untracked 
| 224|0x000000071e000000, 0x000000071e000000, 0x000000071e200000|  0%| F|  |TAMS 0x000000071e000000, 0x000000071e000000| Untracked 
| 225|0x000000071e200000, 0x000000071e200000, 0x000000071e400000|  0%| F|  |TAMS 0x000000071e200000, 0x000000071e200000| Untracked 
| 226|0x000000071e400000, 0x000000071e400000, 0x000000071e600000|  0%| F|  |TAMS 0x000000071e400000, 0x000000071e400000| Untracked 
| 227|0x000000071e600000, 0x000000071e600000, 0x000000071e800000|  0%| F|  |TAMS 0x000000071e600000, 0x000000071e600000| Untracked 
| 228|0x000000071e800000, 0x000000071e800000, 0x000000071ea00000|  0%| F|  |TAMS 0x000000071e800000, 0x000000071e800000| Untracked 
| 229|0x000000071ea00000, 0x000000071ea00000, 0x000000071ec00000|  0%| F|  |TAMS 0x000000071ea00000, 0x000000071ea00000| Untracked 
| 230|0x000000071ec00000, 0x000000071ec00000, 0x000000071ee00000|  0%| F|  |TAMS 0x000000071ec00000, 0x000000071ec00000| Untracked 
| 231|0x000000071ee00000, 0x000000071ee00000, 0x000000071f000000|  0%| F|  |TAMS 0x000000071ee00000, 0x000000071ee00000| Untracked 
| 232|0x000000071f000000, 0x000000071f000000, 0x000000071f200000|  0%| F|  |TAMS 0x000000071f000000, 0x000000071f000000| Untracked 
| 233|0x000000071f200000, 0x000000071f200000, 0x000000071f400000|  0%| F|  |TAMS 0x000000071f200000, 0x000000071f200000| Untracked 
| 234|0x000000071f400000, 0x000000071f400000, 0x000000071f600000|  0%| F|  |TAMS 0x000000071f400000, 0x000000071f400000| Untracked 
| 235|0x000000071f600000, 0x000000071f600000, 0x000000071f800000|  0%| F|  |TAMS 0x000000071f600000, 0x000000071f600000| Untracked 
| 236|0x000000071f800000, 0x000000071f800000, 0x000000071fa00000|  0%| F|  |TAMS 0x000000071f800000, 0x000000071f800000| Untracked 
| 237|0x000000071fa00000, 0x000000071fa00000, 0x000000071fc00000|  0%| F|  |TAMS 0x000000071fa00000, 0x000000071fa00000| Untracked 
| 238|0x000000071fc00000, 0x000000071fc00000, 0x000000071fe00000|  0%| F|  |TAMS 0x000000071fc00000, 0x000000071fc00000| Untracked 
| 239|0x000000071fe00000, 0x000000071fe00000, 0x0000000720000000|  0%| F|  |TAMS 0x000000071fe00000, 0x000000071fe00000| Untracked 
| 240|0x0000000720000000, 0x0000000720000000, 0x0000000720200000|  0%| F|  |TAMS 0x0000000720000000, 0x0000000720000000| Untracked 
| 241|0x0000000720200000, 0x0000000720200000, 0x0000000720400000|  0%| F|  |TAMS 0x0000000720200000, 0x0000000720200000| Untracked 
| 242|0x0000000720400000, 0x0000000720400000, 0x0000000720600000|  0%| F|  |TAMS 0x0000000720400000, 0x0000000720400000| Untracked 
| 243|0x0000000720600000, 0x0000000720600000, 0x0000000720800000|  0%| F|  |TAMS 0x0000000720600000, 0x0000000720600000| Untracked 
| 244|0x0000000720800000, 0x0000000720800000, 0x0000000720a00000|  0%| F|  |TAMS 0x0000000720800000, 0x0000000720800000| Untracked 
| 245|0x0000000720a00000, 0x0000000720a00000, 0x0000000720c00000|  0%| F|  |TAMS 0x0000000720a00000, 0x0000000720a00000| Untracked 
| 246|0x0000000720c00000, 0x0000000720c00000, 0x0000000720e00000|  0%| F|  |TAMS 0x0000000720c00000, 0x0000000720c00000| Untracked 
| 247|0x0000000720e00000, 0x0000000720e00000, 0x0000000721000000|  0%| F|  |TAMS 0x0000000720e00000, 0x0000000720e00000| Untracked 
| 248|0x0000000721000000, 0x0000000721000000, 0x0000000721200000|  0%| F|  |TAMS 0x0000000721000000, 0x0000000721000000| Untracked 
| 249|0x0000000721200000, 0x0000000721200000, 0x0000000721400000|  0%| F|  |TAMS 0x0000000721200000, 0x0000000721200000| Untracked 
| 250|0x0000000721400000, 0x0000000721400000, 0x0000000721600000|  0%| F|  |TAMS 0x0000000721400000, 0x0000000721400000| Untracked 
| 251|0x0000000721600000, 0x0000000721600000, 0x0000000721800000|  0%| F|  |TAMS 0x0000000721600000, 0x0000000721600000| Untracked 
| 252|0x0000000721800000, 0x0000000721800000, 0x0000000721a00000|  0%| F|  |TAMS 0x0000000721800000, 0x0000000721800000| Untracked 
| 253|0x0000000721a00000, 0x0000000721a00000, 0x0000000721c00000|  0%| F|  |TAMS 0x0000000721a00000, 0x0000000721a00000| Untracked 
| 254|0x0000000721c00000, 0x0000000721c00000, 0x0000000721e00000|  0%| F|  |TAMS 0x0000000721c00000, 0x0000000721c00000| Untracked 
| 255|0x0000000721e00000, 0x0000000721e00000, 0x0000000722000000|  0%| F|  |TAMS 0x0000000721e00000, 0x0000000721e00000| Untracked 
| 256|0x0000000722000000, 0x0000000722000000, 0x0000000722200000|  0%| F|  |TAMS 0x0000000722000000, 0x0000000722000000| Untracked 
| 257|0x0000000722200000, 0x0000000722200000, 0x0000000722400000|  0%| F|  |TAMS 0x0000000722200000, 0x0000000722200000| Untracked 
| 258|0x0000000722400000, 0x0000000722400000, 0x0000000722600000|  0%| F|  |TAMS 0x0000000722400000, 0x0000000722400000| Untracked 
| 259|0x0000000722600000, 0x0000000722600000, 0x0000000722800000|  0%| F|  |TAMS 0x0000000722600000, 0x0000000722600000| Untracked 
| 260|0x0000000722800000, 0x0000000722800000, 0x0000000722a00000|  0%| F|  |TAMS 0x0000000722800000, 0x0000000722800000| Untracked 
| 261|0x0000000722a00000, 0x0000000722a00000, 0x0000000722c00000|  0%| F|  |TAMS 0x0000000722a00000, 0x0000000722a00000| Untracked 
| 262|0x0000000722c00000, 0x0000000722c00000, 0x0000000722e00000|  0%| F|  |TAMS 0x0000000722c00000, 0x0000000722c00000| Untracked 
| 263|0x0000000722e00000, 0x0000000722e00000, 0x0000000723000000|  0%| F|  |TAMS 0x0000000722e00000, 0x0000000722e00000| Untracked 
| 264|0x0000000723000000, 0x0000000723000000, 0x0000000723200000|  0%| F|  |TAMS 0x0000000723000000, 0x0000000723000000| Untracked 
| 265|0x0000000723200000, 0x0000000723200000, 0x0000000723400000|  0%| F|  |TAMS 0x0000000723200000, 0x0000000723200000| Untracked 
| 266|0x0000000723400000, 0x0000000723400000, 0x0000000723600000|  0%| F|  |TAMS 0x0000000723400000, 0x0000000723400000| Untracked 
| 267|0x0000000723600000, 0x0000000723600000, 0x0000000723800000|  0%| F|  |TAMS 0x0000000723600000, 0x0000000723600000| Untracked 
| 268|0x0000000723800000, 0x0000000723800000, 0x0000000723a00000|  0%| F|  |TAMS 0x0000000723800000, 0x0000000723800000| Untracked 
| 269|0x0000000723a00000, 0x0000000723a00000, 0x0000000723c00000|  0%| F|  |TAMS 0x0000000723a00000, 0x0000000723a00000| Untracked 
| 270|0x0000000723c00000, 0x0000000723c00000, 0x0000000723e00000|  0%| F|  |TAMS 0x0000000723c00000, 0x0000000723c00000| Untracked 
| 271|0x0000000723e00000, 0x0000000723e00000, 0x0000000724000000|  0%| F|  |TAMS 0x0000000723e00000, 0x0000000723e00000| Untracked 
| 272|0x0000000724000000, 0x0000000724000000, 0x0000000724200000|  0%| F|  |TAMS 0x0000000724000000, 0x0000000724000000| Untracked 
| 273|0x0000000724200000, 0x0000000724200000, 0x0000000724400000|  0%| F|  |TAMS 0x0000000724200000, 0x0000000724200000| Untracked 
| 274|0x0000000724400000, 0x0000000724400000, 0x0000000724600000|  0%| F|  |TAMS 0x0000000724400000, 0x0000000724400000| Untracked 
| 275|0x0000000724600000, 0x0000000724600000, 0x0000000724800000|  0%| F|  |TAMS 0x0000000724600000, 0x0000000724600000| Untracked 
| 276|0x0000000724800000, 0x0000000724800000, 0x0000000724a00000|  0%| F|  |TAMS 0x0000000724800000, 0x0000000724800000| Untracked 
| 277|0x0000000724a00000, 0x0000000724a00000, 0x0000000724c00000|  0%| F|  |TAMS 0x0000000724a00000, 0x0000000724a00000| Untracked 
| 278|0x0000000724c00000, 0x0000000724c00000, 0x0000000724e00000|  0%| F|  |TAMS 0x0000000724c00000, 0x0000000724c00000| Untracked 
| 279|0x0000000724e00000, 0x0000000724e00000, 0x0000000725000000|  0%| F|  |TAMS 0x0000000724e00000, 0x0000000724e00000| Untracked 
| 280|0x0000000725000000, 0x0000000725000000, 0x0000000725200000|  0%| F|  |TAMS 0x0000000725000000, 0x0000000725000000| Untracked 
| 281|0x0000000725200000, 0x0000000725200000, 0x0000000725400000|  0%| F|  |TAMS 0x0000000725200000, 0x0000000725200000| Untracked 
| 282|0x0000000725400000, 0x0000000725400000, 0x0000000725600000|  0%| F|  |TAMS 0x0000000725400000, 0x0000000725400000| Untracked 
| 283|0x0000000725600000, 0x0000000725600000, 0x0000000725800000|  0%| F|  |TAMS 0x0000000725600000, 0x0000000725600000| Untracked 
| 284|0x0000000725800000, 0x0000000725800000, 0x0000000725a00000|  0%| F|  |TAMS 0x0000000725800000, 0x0000000725800000| Untracked 
| 285|0x0000000725a00000, 0x0000000725a00000, 0x0000000725c00000|  0%| F|  |TAMS 0x0000000725a00000, 0x0000000725a00000| Untracked 
| 286|0x0000000725c00000, 0x0000000725c00000, 0x0000000725e00000|  0%| F|  |TAMS 0x0000000725c00000, 0x0000000725c00000| Untracked 
| 287|0x0000000725e00000, 0x0000000725e00000, 0x0000000726000000|  0%| F|  |TAMS 0x0000000725e00000, 0x0000000725e00000| Untracked 
| 288|0x0000000726000000, 0x0000000726000000, 0x0000000726200000|  0%| F|  |TAMS 0x0000000726000000, 0x0000000726000000| Untracked 
| 289|0x0000000726200000, 0x0000000726200000, 0x0000000726400000|  0%| F|  |TAMS 0x0000000726200000, 0x0000000726200000| Untracked 
| 290|0x0000000726400000, 0x0000000726400000, 0x0000000726600000|  0%| F|  |TAMS 0x0000000726400000, 0x0000000726400000| Untracked 
| 291|0x0000000726600000, 0x0000000726600000, 0x0000000726800000|  0%| F|  |TAMS 0x0000000726600000, 0x0000000726600000| Untracked 
| 292|0x0000000726800000, 0x0000000726800000, 0x0000000726a00000|  0%| F|  |TAMS 0x0000000726800000, 0x0000000726800000| Untracked 
| 293|0x0000000726a00000, 0x0000000726a00000, 0x0000000726c00000|  0%| F|  |TAMS 0x0000000726a00000, 0x0000000726a00000| Untracked 
| 294|0x0000000726c00000, 0x0000000726c00000, 0x0000000726e00000|  0%| F|  |TAMS 0x0000000726c00000, 0x0000000726c00000| Untracked 
| 295|0x0000000726e00000, 0x0000000726e00000, 0x0000000727000000|  0%| F|  |TAMS 0x0000000726e00000, 0x0000000726e00000| Untracked 
| 296|0x0000000727000000, 0x0000000727000000, 0x0000000727200000|  0%| F|  |TAMS 0x0000000727000000, 0x0000000727000000| Untracked 
| 297|0x0000000727200000, 0x0000000727200000, 0x0000000727400000|  0%| F|  |TAMS 0x0000000727200000, 0x0000000727200000| Untracked 
| 298|0x0000000727400000, 0x0000000727400000, 0x0000000727600000|  0%| F|  |TAMS 0x0000000727400000, 0x0000000727400000| Untracked 
| 299|0x0000000727600000, 0x0000000727600000, 0x0000000727800000|  0%| F|  |TAMS 0x0000000727600000, 0x0000000727600000| Untracked 
| 300|0x0000000727800000, 0x0000000727800000, 0x0000000727a00000|  0%| F|  |TAMS 0x0000000727800000, 0x0000000727800000| Untracked 
| 301|0x0000000727a00000, 0x0000000727a00000, 0x0000000727c00000|  0%| F|  |TAMS 0x0000000727a00000, 0x0000000727a00000| Untracked 
| 302|0x0000000727c00000, 0x0000000727c00000, 0x0000000727e00000|  0%| F|  |TAMS 0x0000000727c00000, 0x0000000727c00000| Untracked 
| 303|0x0000000727e00000, 0x0000000727e00000, 0x0000000728000000|  0%| F|  |TAMS 0x0000000727e00000, 0x0000000727e00000| Untracked 
| 304|0x0000000728000000, 0x0000000728000000, 0x0000000728200000|  0%| F|  |TAMS 0x0000000728000000, 0x0000000728000000| Untracked 
| 305|0x0000000728200000, 0x0000000728200000, 0x0000000728400000|  0%| F|  |TAMS 0x0000000728200000, 0x0000000728200000| Untracked 
| 306|0x0000000728400000, 0x0000000728400000, 0x0000000728600000|  0%| F|  |TAMS 0x0000000728400000, 0x0000000728400000| Untracked 
| 307|0x0000000728600000, 0x0000000728600000, 0x0000000728800000|  0%| F|  |TAMS 0x0000000728600000, 0x0000000728600000| Untracked 
| 308|0x0000000728800000, 0x0000000728800000, 0x0000000728a00000|  0%| F|  |TAMS 0x0000000728800000, 0x0000000728800000| Untracked 
| 309|0x0000000728a00000, 0x0000000728a00000, 0x0000000728c00000|  0%| F|  |TAMS 0x0000000728a00000, 0x0000000728a00000| Untracked 
| 310|0x0000000728c00000, 0x0000000728c00000, 0x0000000728e00000|  0%| F|  |TAMS 0x0000000728c00000, 0x0000000728c00000| Untracked 
| 311|0x0000000728e00000, 0x0000000728e00000, 0x0000000729000000|  0%| F|  |TAMS 0x0000000728e00000, 0x0000000728e00000| Untracked 
| 312|0x0000000729000000, 0x0000000729000000, 0x0000000729200000|  0%| F|  |TAMS 0x0000000729000000, 0x0000000729000000| Untracked 
| 313|0x0000000729200000, 0x0000000729200000, 0x0000000729400000|  0%| F|  |TAMS 0x0000000729200000, 0x0000000729200000| Untracked 
| 314|0x0000000729400000, 0x0000000729400000, 0x0000000729600000|  0%| F|  |TAMS 0x0000000729400000, 0x0000000729400000| Untracked 
| 315|0x0000000729600000, 0x0000000729600000, 0x0000000729800000|  0%| F|  |TAMS 0x0000000729600000, 0x0000000729600000| Untracked 
| 316|0x0000000729800000, 0x0000000729800000, 0x0000000729a00000|  0%| F|  |TAMS 0x0000000729800000, 0x0000000729800000| Untracked 
| 317|0x0000000729a00000, 0x0000000729a00000, 0x0000000729c00000|  0%| F|  |TAMS 0x0000000729a00000, 0x0000000729a00000| Untracked 
| 318|0x0000000729c00000, 0x0000000729c00000, 0x0000000729e00000|  0%| F|  |TAMS 0x0000000729c00000, 0x0000000729c00000| Untracked 
| 319|0x0000000729e00000, 0x0000000729e00000, 0x000000072a000000|  0%| F|  |TAMS 0x0000000729e00000, 0x0000000729e00000| Untracked 
| 320|0x000000072a000000, 0x000000072a000000, 0x000000072a200000|  0%| F|  |TAMS 0x000000072a000000, 0x000000072a000000| Untracked 
| 321|0x000000072a200000, 0x000000072a200000, 0x000000072a400000|  0%| F|  |TAMS 0x000000072a200000, 0x000000072a200000| Untracked 
| 322|0x000000072a400000, 0x000000072a4e0a58, 0x000000072a600000| 43%| E|  |TAMS 0x000000072a400000, 0x000000072a400000| Complete 
| 323|0x000000072a600000, 0x000000072a800000, 0x000000072a800000|100%| E|  |TAMS 0x000000072a600000, 0x000000072a600000| Complete 
| 324|0x000000072a800000, 0x000000072aa00000, 0x000000072aa00000|100%| E|  |TAMS 0x000000072a800000, 0x000000072a800000| Complete 
| 325|0x000000072aa00000, 0x000000072ac00000, 0x000000072ac00000|100%| E|  |TAMS 0x000000072aa00000, 0x000000072aa00000| Complete 
| 326|0x000000072ac00000, 0x000000072ae00000, 0x000000072ae00000|100%| E|  |TAMS 0x000000072ac00000, 0x000000072ac00000| Complete 
| 327|0x000000072ae00000, 0x000000072b000000, 0x000000072b000000|100%| E|  |TAMS 0x000000072ae00000, 0x000000072ae00000| Complete 
| 328|0x000000072b000000, 0x000000072b200000, 0x000000072b200000|100%| E|  |TAMS 0x000000072b000000, 0x000000072b000000| Complete 
| 329|0x000000072b200000, 0x000000072b400000, 0x000000072b400000|100%| E|  |TAMS 0x000000072b200000, 0x000000072b200000| Complete 
| 330|0x000000072b400000, 0x000000072b600000, 0x000000072b600000|100%| E|  |TAMS 0x000000072b400000, 0x000000072b400000| Complete 
| 331|0x000000072b600000, 0x000000072b800000, 0x000000072b800000|100%| E|  |TAMS 0x000000072b600000, 0x000000072b600000| Complete 
| 332|0x000000072b800000, 0x000000072ba00000, 0x000000072ba00000|100%| E|  |TAMS 0x000000072b800000, 0x000000072b800000| Complete 
| 333|0x000000072ba00000, 0x000000072bc00000, 0x000000072bc00000|100%| E|  |TAMS 0x000000072ba00000, 0x000000072ba00000| Complete 
| 334|0x000000072bc00000, 0x000000072be00000, 0x000000072be00000|100%| E|  |TAMS 0x000000072bc00000, 0x000000072bc00000| Complete 
| 335|0x000000072be00000, 0x000000072c000000, 0x000000072c000000|100%| E|  |TAMS 0x000000072be00000, 0x000000072be00000| Complete 
| 336|0x000000072c000000, 0x000000072c200000, 0x000000072c200000|100%| E|  |TAMS 0x000000072c000000, 0x000000072c000000| Complete 
| 337|0x000000072c200000, 0x000000072c400000, 0x000000072c400000|100%| E|  |TAMS 0x000000072c200000, 0x000000072c200000| Complete 
| 338|0x000000072c400000, 0x000000072c600000, 0x000000072c600000|100%| E|  |TAMS 0x000000072c400000, 0x000000072c400000| Complete 

Card table byte_map: [0x000001de92540000,0x000001de92d30000] _byte_map_base: 0x000001de8ed30000

Marking Bits (Prev, Next): (CMBitMap*) 0x000001de89641150, (CMBitMap*) 0x000001de89641110
 Prev Bits: [0x000001de974a0000, 0x000001de9b420000)
 Next Bits: [0x000001de93520000, 0x000001de974a0000)

Polling page: 0x000001de89680000

Metaspace:

Usage:
  Non-class:     82.48 MB used.
      Class:     12.71 MB used.
       Both:     95.19 MB used.

Virtual space:
  Non-class space:      128.00 MB reserved,      82.88 MB ( 65%) committed,  2 nodes.
      Class space:        1.00 GB reserved,      13.06 MB (  1%) committed,  1 nodes.
             Both:        1.12 GB reserved,      95.94 MB (  8%) committed. 

Chunk freelists:
   Non-Class:  12.68 MB
       Class:  2.97 MB
        Both:  15.65 MB

MaxMetaspaceSize: unlimited
CompressedClassSpaceSize: 1.00 GB
Initial GC threshold: 21.00 MB
Current GC threshold: 157.50 MB
CDS: off
MetaspaceReclaimPolicy: balanced
 - commit_granule_bytes: 65536.
 - commit_granule_words: 8192.
 - virtual_space_node_default_size: 8388608.
 - enlarge_chunks_in_place: 1.
 - new_chunks_are_fully_committed: 0.
 - uncommit_free_chunks: 1.
 - use_allocation_guard: 0.
 - handle_deallocations: 1.


Internal statistics:

num_allocs_failed_limit: 9.
num_arena_births: 1318.
num_arena_deaths: 302.
num_vsnodes_births: 3.
num_vsnodes_deaths: 0.
num_space_committed: 1535.
num_space_uncommitted: 0.
num_chunks_returned_to_freelist: 351.
num_chunks_taken_from_freelist: 4870.
num_chunk_merges: 126.
num_chunk_splits: 3292.
num_chunks_enlarged: 2408.
num_inconsistent_stats: 0.

CodeCache: size=49152Kb used=25616Kb max_used=27167Kb free=23535Kb
 bounds [0x000001de8e460000, 0x000001de8fef0000, 0x000001de91460000]
 total_blobs=15431 nmethods=14711 adapters=646
 compilation: enabled
              stopped_count=0, restarted_count=0
 full_count=0

Compilation events (20 events):
Event: 393.142 Thread 0x000001de9e011b10 14702       1       org.apache.tomcat.util.modeler.NoDescriptorRegistry::unregisterComponent (1 bytes)
Event: 393.142 Thread 0x000001de9e011b10 nmethod 14702 0x000001de8fe91610 code [0x000001de8fe917a0, 0x000001de8fe91858]
Event: 393.145 Thread 0x000001de9e011b10 14703  s    1       org.hibernate.boot.registry.internal.StandardServiceRegistryImpl::initiateService (15 bytes)
Event: 393.145 Thread 0x000001de9e011b10 nmethod 14703 0x000001de8fe91190 code [0x000001de8fe91340, 0x000001de8fe91548]
Event: 393.146 Thread 0x000001de9e011b10 14704   !   1       com.mysql.cj.jdbc.ConnectionImpl::setNetworkTimeout (90 bytes)
Event: 393.147 Thread 0x000001de9e011b10 nmethod 14704 0x000001de8fe90590 code [0x000001de8fe907a0, 0x000001de8fe90cc8]
Event: 393.147 Thread 0x000001de9e011b10 14705       1       com.mysql.cj.jdbc.ConnectionImpl$NetworkTimeoutSetter::<init> (22 bytes)
Event: 393.147 Thread 0x000001de9e011b10 nmethod 14705 0x000001de8fe90110 code [0x000001de8fe902a0, 0x000001de8fe90518]
Event: 393.147 Thread 0x000001de9e011b10 14706   !   1       com.zaxxer.hikari.pool.PoolBase$SynchronousExecutor::execute (25 bytes)
Event: 393.147 Thread 0x000001de9e011b10 nmethod 14706 0x000001de8fe8fc10 code [0x000001de8fe8fde0, 0x000001de8fe8ffe8]
Event: 393.147 Thread 0x000001de9e011b10 14707   !   1       com.mysql.cj.jdbc.ConnectionImpl$NetworkTimeoutSetter::run (51 bytes)
Event: 393.148 Thread 0x000001de9e011b10 nmethod 14707 0x000001de8fe8f190 code [0x000001de8fe8f380, 0x000001de8fe8f7d8]
Event: 393.148 Thread 0x000001de9e011b10 14708       1       com.mysql.cj.NativeSession::setSocketTimeout (33 bytes)
Event: 393.148 Thread 0x000001de9e011b10 nmethod 14708 0x000001de8fe8ea90 code [0x000001de8fe8ec60, 0x000001de8fe8ef28]
Event: 393.148 Thread 0x000001de9e011b10 14709       1       com.mysql.cj.conf.IntegerProperty::checkRange (11 bytes)
Event: 393.148 Thread 0x000001de9e011b10 nmethod 14709 0x000001de8fe8e710 code [0x000001de8fe8e8a0, 0x000001de8fe8e9a8]
Event: 393.148 Thread 0x000001de9e011b10 14710       1       com.mysql.cj.conf.IntegerProperty::checkRange (132 bytes)
Event: 393.149 Thread 0x000001de9e011b10 nmethod 14710 0x000001de8fe8d890 code [0x000001de8fe8db00, 0x000001de8fe8e238]
Event: 393.149 Thread 0x000001de9e011b10 14712       1       com.zaxxer.hikari.pool.PoolBase::setNetworkTimeout (21 bytes)
Event: 393.150 Thread 0x000001de9e011b10 nmethod 14712 0x000001de8fe8d190 code [0x000001de8fe8d320, 0x000001de8fe8d428]

GC Heap History (20 events):
Event: 197.497 GC heap after
{Heap after GC invocations=56 (full 5):
 garbage-first heap   total 262144K, used 77170K [0x0000000702000000, 0x0000000800000000)
  region size 2048K, 5 young (10240K), 5 survivors (10240K)
 Metaspace       used 94787K, committed 95424K, reserved 1179648K
  class space    used 12756K, committed 13056K, reserved 1048576K
}
Event: 197.695 GC heap before
{Heap before GC invocations=56 (full 5):
 garbage-first heap   total 262144K, used 195954K [0x0000000702000000, 0x0000000800000000)
  region size 2048K, 64 young (131072K), 5 survivors (10240K)
 Metaspace       used 94787K, committed 95424K, reserved 1179648K
  class space    used 12756K, committed 13056K, reserved 1048576K
}
Event: 197.700 GC heap after
{Heap after GC invocations=57 (full 5):
 garbage-first heap   total 262144K, used 79221K [0x0000000702000000, 0x0000000800000000)
  region size 2048K, 5 young (10240K), 5 survivors (10240K)
 Metaspace       used 94787K, committed 95424K, reserved 1179648K
  class space    used 12756K, committed 13056K, reserved 1048576K
}
Event: 209.985 GC heap before
{Heap before GC invocations=57 (full 5):
 garbage-first heap   total 262144K, used 116085K [0x0000000702000000, 0x0000000800000000)
  region size 2048K, 24 young (49152K), 5 survivors (10240K)
 Metaspace       used 94803K, committed 95424K, reserved 1179648K
  class space    used 12760K, committed 13056K, reserved 1048576K
}
Event: 210.048 GC heap after
{Heap after GC invocations=58 (full 6):
 garbage-first heap   total 239616K, used 64334K [0x0000000702000000, 0x0000000800000000)
  region size 2048K, 0 young (0K), 0 survivors (0K)
 Metaspace       used 94803K, committed 95424K, reserved 1179648K
  class space    used 12760K, committed 13056K, reserved 1048576K
}
Event: 210.771 GC heap before
{Heap before GC invocations=58 (full 6):
 garbage-first heap   total 239616K, used 185166K [0x0000000702000000, 0x0000000800000000)
  region size 2048K, 59 young (120832K), 0 survivors (0K)
 Metaspace       used 95587K, committed 96256K, reserved 1179648K
  class space    used 12841K, committed 13184K, reserved 1048576K
}
Event: 210.776 GC heap after
{Heap after GC invocations=59 (full 6):
 garbage-first heap   total 239616K, used 72526K [0x0000000702000000, 0x0000000800000000)
  region size 2048K, 4 young (8192K), 4 survivors (8192K)
 Metaspace       used 95587K, committed 96256K, reserved 1179648K
  class space    used 12841K, committed 13184K, reserved 1048576K
}
Event: 211.133 GC heap before
{Heap before GC invocations=59 (full 6):
 garbage-first heap   total 239616K, used 183118K [0x0000000702000000, 0x0000000800000000)
  region size 2048K, 59 young (120832K), 4 survivors (8192K)
 Metaspace       used 96069K, committed 96704K, reserved 1179648K
  class space    used 12878K, committed 13184K, reserved 1048576K
}
Event: 211.140 GC heap after
{Heap after GC invocations=60 (full 6):
 garbage-first heap   total 239616K, used 80852K [0x0000000702000000, 0x0000000800000000)
  region size 2048K, 8 young (16384K), 8 survivors (16384K)
 Metaspace       used 96069K, committed 96704K, reserved 1179648K
  class space    used 12878K, committed 13184K, reserved 1048576K
}
Event: 211.360 GC heap before
{Heap before GC invocations=60 (full 6):
 garbage-first heap   total 239616K, used 181204K [0x0000000702000000, 0x0000000800000000)
  region size 2048K, 58 young (118784K), 8 survivors (16384K)
 Metaspace       used 96069K, committed 96704K, reserved 1179648K
  class space    used 12878K, committed 13184K, reserved 1048576K
}
Event: 211.368 GC heap after
{Heap after GC invocations=61 (full 6):
 garbage-first heap   total 239616K, used 81809K [0x0000000702000000, 0x0000000800000000)
  region size 2048K, 4 young (8192K), 4 survivors (8192K)
 Metaspace       used 96069K, committed 96704K, reserved 1179648K
  class space    used 12878K, committed 13184K, reserved 1048576K
}
Event: 220.731 GC heap before
{Heap before GC invocations=61 (full 6):
 garbage-first heap   total 239616K, used 182161K [0x0000000702000000, 0x0000000800000000)
  region size 2048K, 54 young (110592K), 4 survivors (8192K)
 Metaspace       used 96081K, committed 96768K, reserved 1179648K
  class space    used 12880K, committed 13184K, reserved 1048576K
}
Event: 220.733 GC heap after
{Heap after GC invocations=62 (full 6):
 garbage-first heap   total 239616K, used 76575K [0x0000000702000000, 0x0000000800000000)
  region size 2048K, 1 young (2048K), 1 survivors (2048K)
 Metaspace       used 96081K, committed 96768K, reserved 1179648K
  class space    used 12880K, committed 13184K, reserved 1048576K
}
Event: 220.734 GC heap before
{Heap before GC invocations=62 (full 6):
 garbage-first heap   total 239616K, used 76575K [0x0000000702000000, 0x0000000800000000)
  region size 2048K, 2 young (4096K), 1 survivors (2048K)
 Metaspace       used 96081K, committed 96768K, reserved 1179648K
  class space    used 12880K, committed 13184K, reserved 1048576K
}
Event: 220.799 GC heap after
{Heap after GC invocations=63 (full 7):
 garbage-first heap   total 239616K, used 68124K [0x0000000702000000, 0x0000000800000000)
  region size 2048K, 0 young (0K), 0 survivors (0K)
 Metaspace       used 96081K, committed 96768K, reserved 1179648K
  class space    used 12880K, committed 13184K, reserved 1048576K
}
Event: 221.531 GC heap before
{Heap before GC invocations=63 (full 7):
 garbage-first heap   total 239616K, used 191004K [0x0000000702000000, 0x0000000800000000)
  region size 2048K, 60 young (122880K), 0 survivors (0K)
 Metaspace       used 96977K, committed 97664K, reserved 1179648K
  class space    used 12976K, committed 13312K, reserved 1048576K
}
Event: 221.538 GC heap after
{Heap after GC invocations=64 (full 7):
 garbage-first heap   total 694272K, used 76139K [0x0000000702000000, 0x0000000800000000)
  region size 2048K, 4 young (8192K), 4 survivors (8192K)
 Metaspace       used 96977K, committed 97664K, reserved 1179648K
  class space    used 12976K, committed 13312K, reserved 1048576K
}
Event: 222.413 GC heap before
{Heap before GC invocations=64 (full 7):
 garbage-first heap   total 694272K, used 424299K [0x0000000702000000, 0x0000000800000000)
  region size 2048K, 175 young (358400K), 4 survivors (8192K)
 Metaspace       used 97443K, committed 98176K, reserved 1179648K
  class space    used 13011K, committed 13376K, reserved 1048576K
}
Event: 222.421 GC heap after
{Heap after GC invocations=65 (full 7):
 garbage-first heap   total 694272K, used 79805K [0x0000000702000000, 0x0000000800000000)
  region size 2048K, 6 young (12288K), 6 survivors (12288K)
 Metaspace       used 97443K, committed 98176K, reserved 1179648K
  class space    used 13011K, committed 13376K, reserved 1048576K
}
Event: 393.150 GC heap before
{Heap before GC invocations=65 (full 7):
 garbage-first heap   total 694272K, used 112573K [0x0000000702000000, 0x0000000800000000)
  region size 2048K, 23 young (47104K), 6 survivors (12288K)
 Metaspace       used 97469K, committed 98240K, reserved 1179648K
  class space    used 13014K, committed 13376K, reserved 1048576K
}

Dll operation events (9 events):
Event: 0.007 Loaded shared library C:\sts-4.19.0.RELEASE\plugins\org.eclipse.justj.openjdk.hotspot.jre.full.win32.x86_64_17.0.7.v20230425-1502\jre\bin\java.dll
Event: 0.161 Loaded shared library C:\sts-4.19.0.RELEASE\plugins\org.eclipse.justj.openjdk.hotspot.jre.full.win32.x86_64_17.0.7.v20230425-1502\jre\bin\jimage.dll
Event: 0.173 Loaded shared library C:\sts-4.19.0.RELEASE\plugins\org.eclipse.justj.openjdk.hotspot.jre.full.win32.x86_64_17.0.7.v20230425-1502\jre\bin\net.dll
Event: 0.175 Loaded shared library C:\sts-4.19.0.RELEASE\plugins\org.eclipse.justj.openjdk.hotspot.jre.full.win32.x86_64_17.0.7.v20230425-1502\jre\bin\nio.dll
Event: 0.178 Loaded shared library C:\sts-4.19.0.RELEASE\plugins\org.eclipse.justj.openjdk.hotspot.jre.full.win32.x86_64_17.0.7.v20230425-1502\jre\bin\zip.dll
Event: 0.247 Loaded shared library C:\sts-4.19.0.RELEASE\plugins\org.eclipse.justj.openjdk.hotspot.jre.full.win32.x86_64_17.0.7.v20230425-1502\jre\bin\management.dll
Event: 0.257 Loaded shared library C:\sts-4.19.0.RELEASE\plugins\org.eclipse.justj.openjdk.hotspot.jre.full.win32.x86_64_17.0.7.v20230425-1502\jre\bin\management_ext.dll
Event: 2.762 Loaded shared library C:\sts-4.19.0.RELEASE\plugins\org.eclipse.justj.openjdk.hotspot.jre.full.win32.x86_64_17.0.7.v20230425-1502\jre\bin\sunmscapi.dll
Event: 3.566 Loaded shared library C:\sts-4.19.0.RELEASE\plugins\org.eclipse.justj.openjdk.hotspot.jre.full.win32.x86_64_17.0.7.v20230425-1502\jre\bin\verify.dll

Deoptimization events (20 events):
Event: 1.178 Thread 0x000001dea3325460 DEOPT PACKING pc=0x000001de8e9988f9 sp=0x0000001d73bfcaa0
Event: 1.178 Thread 0x000001dea3325460 DEOPT UNPACKING pc=0x000001de8e4b7143 sp=0x0000001d73bfbf80 mode 3
Event: 1.322 Thread 0x000001dea3325460 DEOPT PACKING pc=0x000001de8ea81f0c sp=0x0000001d73bfd890
Event: 1.322 Thread 0x000001dea3325460 DEOPT UNPACKING pc=0x000001de8e4b7143 sp=0x0000001d73bfcec0 mode 0
Event: 2.440 Thread 0x000001dea3325460 DEOPT PACKING pc=0x000001de8ed19379 sp=0x0000001d73bfc3e0
Event: 2.440 Thread 0x000001dea3325460 DEOPT UNPACKING pc=0x000001de8e4b7143 sp=0x0000001d73bfb8c0 mode 3
Event: 2.737 Thread 0x000001dea3325460 DEOPT PACKING pc=0x000001de8ed92425 sp=0x0000001d73bfca70
Event: 2.737 Thread 0x000001dea3325460 DEOPT UNPACKING pc=0x000001de8e4b7143 sp=0x0000001d73bfbfd8 mode 3
Event: 4.966 Thread 0x000001dea3325460 DEOPT PACKING pc=0x000001de8eab0a52 sp=0x0000001d73bfc300
Event: 4.966 Thread 0x000001dea3325460 DEOPT UNPACKING pc=0x000001de8e4b7143 sp=0x0000001d73bfb808 mode 3
Event: 4.967 Thread 0x000001dea3325460 DEOPT PACKING pc=0x000001de8ea98e55 sp=0x0000001d73bfc2c0
Event: 4.967 Thread 0x000001dea3325460 DEOPT UNPACKING pc=0x000001de8e4b7143 sp=0x0000001d73bfb808 mode 3
Event: 5.049 Thread 0x000001dea3325460 DEOPT PACKING pc=0x000001de8e9b4f54 sp=0x0000001d73bfc750
Event: 5.049 Thread 0x000001dea3325460 DEOPT UNPACKING pc=0x000001de8e4b7143 sp=0x0000001d73bfbca8 mode 0
Event: 6.088 Thread 0x000001dea3325460 DEOPT PACKING pc=0x000001de8f2bc613 sp=0x0000001d73bfa2b0
Event: 6.088 Thread 0x000001dea3325460 DEOPT UNPACKING pc=0x000001de8e4b7143 sp=0x0000001d73bf97f8 mode 3
Event: 88.417 Thread 0x000001dea529da60 DEOPT PACKING pc=0x000001de8e662e4b sp=0x0000001d715fde30
Event: 88.417 Thread 0x000001dea529da60 DEOPT UNPACKING pc=0x000001de8e4b7143 sp=0x0000001d715fd2f8 mode 3
Event: 124.032 Thread 0x000001dea5299bd0 DEOPT PACKING pc=0x000001de8f594cc3 sp=0x0000001d715fdb20
Event: 124.032 Thread 0x000001dea5299bd0 DEOPT UNPACKING pc=0x000001de8e4b7143 sp=0x0000001d715fcfe8 mode 3

Classes unloaded (20 events):
Event: 196.271 Thread 0x000001de9dfd0c50 Unloading class 0x0000000800142400 'java/lang/invoke/LambdaForm$MH+0x0000000800142400'
Event: 196.271 Thread 0x000001de9dfd0c50 Unloading class 0x0000000800142000 'java/lang/invoke/LambdaForm$MH+0x0000000800142000'
Event: 196.271 Thread 0x000001de9dfd0c50 Unloading class 0x0000000800141c00 'java/lang/invoke/LambdaForm$MH+0x0000000800141c00'
Event: 196.271 Thread 0x000001de9dfd0c50 Unloading class 0x0000000800141800 'jdk/internal/reflect/GeneratedSerializationConstructorAccessor3'
Event: 196.271 Thread 0x000001de9dfd0c50 Unloading class 0x0000000800141400 'jdk/internal/reflect/GeneratedSerializationConstructorAccessor2'
Event: 196.271 Thread 0x000001de9dfd0c50 Unloading class 0x0000000800141000 'jdk/internal/reflect/GeneratedSerializationConstructorAccessor1'
Event: 196.271 Thread 0x000001de9dfd0c50 Unloading class 0x0000000800140800 'java/lang/invoke/LambdaForm$DMH+0x0000000800140800'
Event: 196.271 Thread 0x000001de9dfd0c50 Unloading class 0x0000000800140000 'java/lang/invoke/LambdaForm$DMH+0x0000000800140000'
Event: 196.271 Thread 0x000001de9dfd0c50 Unloading class 0x00000008000c6c00 'jdk/internal/reflect/GeneratedConstructorAccessor1'
Event: 196.271 Thread 0x000001de9dfd0c50 Unloading class 0x00000008000c6000 'java/lang/invoke/LambdaForm$MH+0x00000008000c6000'
Event: 196.271 Thread 0x000001de9dfd0c50 Unloading class 0x00000008000c5c00 'java/lang/invoke/LambdaForm$MH+0x00000008000c5c00'
Event: 196.271 Thread 0x000001de9dfd0c50 Unloading class 0x00000008000c5800 'java/lang/invoke/LambdaForm$MH+0x00000008000c5800'
Event: 196.271 Thread 0x000001de9dfd0c50 Unloading class 0x00000008000c5400 'java/lang/invoke/LambdaForm$MH+0x00000008000c5400'
Event: 196.271 Thread 0x000001de9dfd0c50 Unloading class 0x00000008000c5000 'java/lang/invoke/LambdaForm$MH+0x00000008000c5000'
Event: 196.271 Thread 0x000001de9dfd0c50 Unloading class 0x00000008000c3c00 'java/lang/invoke/LambdaForm$MH+0x00000008000c3c00'
Event: 196.271 Thread 0x000001de9dfd0c50 Unloading class 0x00000008000c3800 'java/lang/invoke/LambdaForm$MH+0x00000008000c3800'
Event: 196.271 Thread 0x000001de9dfd0c50 Unloading class 0x00000008000c3000 'java/lang/invoke/LambdaForm$MH+0x00000008000c3000'
Event: 196.271 Thread 0x000001de9dfd0c50 Unloading class 0x00000008000c2400 'java/lang/invoke/LambdaForm$MH+0x00000008000c2400'
Event: 196.271 Thread 0x000001de9dfd0c50 Unloading class 0x00000008000c1c00 'java/lang/invoke/LambdaForm$MH+0x00000008000c1c00'
Event: 196.271 Thread 0x000001de9dfd0c50 Unloading class 0x00000008000c1400 'java/lang/invoke/LambdaForm$MH+0x00000008000c1400'

Classes redefined (0 events):
No events

Internal exceptions (20 events):
Event: 222.212 Thread 0x000001dea5298d60 Exception <a 'sun/nio/fs/WindowsException'{0x000000071bde2de0}> (0x000000071bde2de0) 
thrown [s\src\hotspot\share\prims\jni.cpp, line 516]
Event: 222.212 Thread 0x000001dea5298d60 Exception <a 'sun/nio/fs/WindowsException'{0x000000071bde3080}> (0x000000071bde3080) 
thrown [s\src\hotspot\share\prims\jni.cpp, line 516]
Event: 222.213 Thread 0x000001dea5298d60 Exception <a 'sun/nio/fs/WindowsException'{0x000000071bde3988}> (0x000000071bde3988) 
thrown [s\src\hotspot\share\prims\jni.cpp, line 516]
Event: 222.213 Thread 0x000001dea5298d60 Exception <a 'sun/nio/fs/WindowsException'{0x000000071bde3c48}> (0x000000071bde3c48) 
thrown [s\src\hotspot\share\prims\jni.cpp, line 516]
Event: 222.213 Thread 0x000001dea5298d60 Exception <a 'sun/nio/fs/WindowsException'{0x000000071bde4560}> (0x000000071bde4560) 
thrown [s\src\hotspot\share\prims\jni.cpp, line 516]
Event: 222.213 Thread 0x000001dea5298d60 Exception <a 'sun/nio/fs/WindowsException'{0x000000071bde4830}> (0x000000071bde4830) 
thrown [s\src\hotspot\share\prims\jni.cpp, line 516]
Event: 222.213 Thread 0x000001dea5298d60 Exception <a 'sun/nio/fs/WindowsException'{0x000000071bde5140}> (0x000000071bde5140) 
thrown [s\src\hotspot\share\prims\jni.cpp, line 516]
Event: 222.213 Thread 0x000001dea5298d60 Exception <a 'sun/nio/fs/WindowsException'{0x000000071bde5410}> (0x000000071bde5410) 
thrown [s\src\hotspot\share\prims\jni.cpp, line 516]
Event: 243.480 Thread 0x000001dea5298d60 Exception <a 'java/lang/reflect/InvocationTargetException'{0x000000072ba1e3a8}> (0x000000072ba1e3a8) 
thrown [s\src\hotspot\share\runtime\reflection.cpp, line 1121]
Event: 300.552 Thread 0x000001de9eb444e0 Exception <a 'java/lang/NoSuchMethodError'{0x000000072b21ba60}: static [B.<clinit>()V> (0x000000072b21ba60) 
thrown [s\src\hotspot\share\prims\jni.cpp, line 1107]
Event: 393.143 Thread 0x000001dea52a00e0 Exception <a 'java/lang/InterruptedException'{0x000000072a7dcd68}: sleep interrupted> (0x000000072a7dcd68) 
thrown [s\src\hotspot\share\prims\jvm.cpp, line 3070]
Event: 393.146 Thread 0x000001dea3325460 Exception <a 'java/io/IOException'{0x000000072a401950}> (0x000000072a401950) 
thrown [s\src\hotspot\share\prims\jni.cpp, line 516]
Event: 393.147 Thread 0x000001dea3325460 Exception <a 'java/io/IOException'{0x000000072a4046f0}> (0x000000072a4046f0) 
thrown [s\src\hotspot\share\prims\jni.cpp, line 516]
Event: 393.147 Thread 0x000001dea3325460 Exception <a 'java/io/IOException'{0x000000072a407490}> (0x000000072a407490) 
thrown [s\src\hotspot\share\prims\jni.cpp, line 516]
Event: 393.148 Thread 0x000001dea3325460 Exception <a 'java/io/IOException'{0x000000072a40a230}> (0x000000072a40a230) 
thrown [s\src\hotspot\share\prims\jni.cpp, line 516]
Event: 393.148 Thread 0x000001dea3325460 Exception <a 'java/io/IOException'{0x000000072a40f230}> (0x000000072a40f230) 
thrown [s\src\hotspot\share\prims\jni.cpp, line 516]
Event: 393.148 Thread 0x000001dea3325460 Exception <a 'java/io/IOException'{0x000000072a40fd70}> (0x000000072a40fd70) 
thrown [s\src\hotspot\share\prims\jni.cpp, line 516]
Event: 393.149 Thread 0x000001dea3325460 Exception <a 'java/io/IOException'{0x000000072a412b10}> (0x000000072a412b10) 
thrown [s\src\hotspot\share\prims\jni.cpp, line 516]
Event: 393.149 Thread 0x000001dea3325460 Exception <a 'java/net/SocketException'{0x000000072a417fe8}: Connection reset by peer: shutdown> (0x000000072a417fe8) 
thrown [s\src\hotspot\share\prims\jni.cpp, line 535]
Event: 393.150 Thread 0x000001dea3325460 Exception <a 'java/io/IOException'{0x000000072a419a10}> (0x000000072a419a10) 
thrown [s\src\hotspot\share\prims\jni.cpp, line 516]

VM Operations (20 events):
Event: 211.140 Executing VM operation: G1CollectForAllocation done
Event: 211.360 Executing VM operation: G1CollectForAllocation
Event: 211.369 Executing VM operation: G1CollectForAllocation done
Event: 212.379 Executing VM operation: Cleanup
Event: 212.379 Executing VM operation: Cleanup done
Event: 220.731 Executing VM operation: G1CollectForAllocation
Event: 220.733 Executing VM operation: G1CollectForAllocation done
Event: 220.734 Executing VM operation: G1CollectFull
Event: 220.799 Executing VM operation: G1CollectFull done
Event: 221.531 Executing VM operation: G1CollectForAllocation
Event: 221.538 Executing VM operation: G1CollectForAllocation done
Event: 222.413 Executing VM operation: G1CollectForAllocation
Event: 222.421 Executing VM operation: G1CollectForAllocation done
Event: 243.633 Executing VM operation: Cleanup
Event: 243.633 Executing VM operation: Cleanup done
Event: 304.199 Executing VM operation: Cleanup
Event: 304.199 Executing VM operation: Cleanup done
Event: 305.199 Executing VM operation: Cleanup
Event: 305.199 Executing VM operation: Cleanup done
Event: 393.150 Executing VM operation: G1CollectFull

Events (20 events):
Event: 393.129 Thread 0x000001dea3324120 Thread added: 0x000001dea3324120
Event: 393.129 Thread 0x000001dea5299bd0 Thread exited: 0x000001dea5299bd0
Event: 393.140 Thread 0x000001dea3325930 Thread exited: 0x000001dea3325930
Event: 393.142 Thread 0x000001dea3325460 Thread exited: 0x000001dea3325460
Event: 393.142 Thread 0x000001dea529d0c0 Thread exited: 0x000001dea529d0c0
Event: 393.142 Thread 0x000001dea529c720 Thread exited: 0x000001dea529c720
Event: 393.142 Thread 0x000001dea529b3e0 Thread exited: 0x000001dea529b3e0
Event: 393.142 Thread 0x000001dea529e400 Thread exited: 0x000001dea529e400
Event: 393.143 Thread 0x000001dea5298d60 Thread exited: 0x000001dea5298d60
Event: 393.143 Thread 0x000001dea529d590 Thread exited: 0x000001dea529d590
Event: 393.143 Thread 0x000001dea5299700 Thread exited: 0x000001dea5299700
Event: 393.143 Thread 0x000001dea529df30 Thread exited: 0x000001dea529df30
Event: 393.143 Thread 0x000001dea529c250 Thread exited: 0x000001dea529c250
Event: 393.143 Thread 0x000001dea529da60 Thread exited: 0x000001dea529da60
Event: 393.143 Thread 0x000001dea529fc10 Thread exited: 0x000001dea529fc10
Event: 393.143 Thread 0x000001dea529cbf0 Thread exited: 0x000001dea529cbf0
Event: 393.143 Thread 0x000001dea52a00e0 Thread exited: 0x000001dea52a00e0
Event: 393.145 Thread 0x000001dea3325460 Thread added: 0x000001dea3325460
Event: 393.145 Thread 0x000001dea529af10 Thread exited: 0x000001dea529af10
Event: 393.150 Thread 0x000001dea3325460 Thread exited: 0x000001dea3325460


Dynamic libraries:
0x00007ff671560000 - 0x00007ff67156e000 	C:\sts-4.19.0.RELEASE\plugins\org.eclipse.justj.openjdk.hotspot.jre.full.win32.x86_64_17.0.7.v20230425-1502\jre\bin\javaw.exe
0x00007fff1e030000 - 0x00007fff1e244000 	C:\Windows\SYSTEM32\ntdll.dll
0x00007ffef6dc0000 - 0x00007ffef6dd9000 	C:\Program Files\Avast Software\Avast\aswhook.dll
0x00007fff1d370000 - 0x00007fff1d434000 	C:\Windows\System32\KERNEL32.DLL
0x00007fff1b730000 - 0x00007fff1bad4000 	C:\Windows\System32\KERNELBASE.dll
0x00007fff1bb80000 - 0x00007fff1bc91000 	C:\Windows\System32\ucrtbase.dll
0x00007fff000d0000 - 0x00007fff000e9000 	C:\sts-4.19.0.RELEASE\plugins\org.eclipse.justj.openjdk.hotspot.jre.full.win32.x86_64_17.0.7.v20230425-1502\jre\bin\VCRUNTIME140.dll
0x00007ffef2830000 - 0x00007ffef2847000 	C:\sts-4.19.0.RELEASE\plugins\org.eclipse.justj.openjdk.hotspot.jre.full.win32.x86_64_17.0.7.v20230425-1502\jre\bin\jli.dll
0x00007fff1ce30000 - 0x00007fff1cfde000 	C:\Windows\System32\USER32.dll
0x00007fff1bae0000 - 0x00007fff1bb06000 	C:\Windows\System32\win32u.dll
0x00007fff1a5e0000 - 0x00007fff1a873000 	C:\Windows\WinSxS\amd64_microsoft.windows.common-controls_6595b64144ccf1df_6.0.22621.2215_none_270d72677387dfc3\COMCTL32.dll
0x00007fff1caf0000 - 0x00007fff1cb19000 	C:\Windows\System32\GDI32.dll
0x00007fff1cc20000 - 0x00007fff1ccc7000 	C:\Windows\System32\msvcrt.dll
0x00007fff1bca0000 - 0x00007fff1bdb8000 	C:\Windows\System32\gdi32full.dll
0x00007fff1b4a0000 - 0x00007fff1b53a000 	C:\Windows\System32\msvcp_win.dll
0x00007fff1c630000 - 0x00007fff1c661000 	C:\Windows\System32\IMM32.DLL
0x00007fff000c0000 - 0x00007fff000cc000 	C:\sts-4.19.0.RELEASE\plugins\org.eclipse.justj.openjdk.hotspot.jre.full.win32.x86_64_17.0.7.v20230425-1502\jre\bin\vcruntime140_1.dll
0x00007ffeb3540000 - 0x00007ffeb35d1000 	C:\sts-4.19.0.RELEASE\plugins\org.eclipse.justj.openjdk.hotspot.jre.full.win32.x86_64_17.0.7.v20230425-1502\jre\bin\msvcp140.dll
0x00007ffeb2150000 - 0x00007ffeb2d98000 	C:\sts-4.19.0.RELEASE\plugins\org.eclipse.justj.openjdk.hotspot.jre.full.win32.x86_64_17.0.7.v20230425-1502\jre\bin\server\jvm.dll
0x00007fff1bdf0000 - 0x00007fff1bea0000 	C:\Windows\System32\ADVAPI32.dll
0x00007fff1c250000 - 0x00007fff1c2f6000 	C:\Windows\System32\sechost.dll
0x00007fff1d1f0000 - 0x00007fff1d307000 	C:\Windows\System32\RPCRT4.dll
0x00007ffefced0000 - 0x00007ffefced9000 	C:\Windows\SYSTEM32\WSOCK32.dll
0x00007fff1ccd0000 - 0x00007fff1cd41000 	C:\Windows\System32\WS2_32.dll
0x00007fff12ce0000 - 0x00007fff12d14000 	C:\Windows\SYSTEM32\WINMM.dll
0x00007fff11ac0000 - 0x00007fff11aca000 	C:\Windows\SYSTEM32\VERSION.dll
0x00007fff19b60000 - 0x00007fff19b78000 	C:\Windows\SYSTEM32\kernel.appcore.dll
0x00007fff12eb0000 - 0x00007fff12eba000 	C:\sts-4.19.0.RELEASE\plugins\org.eclipse.justj.openjdk.hotspot.jre.full.win32.x86_64_17.0.7.v20230425-1502\jre\bin\jimage.dll
0x00007fff1ad60000 - 0x00007fff1af8e000 	C:\Windows\SYSTEM32\DBGHELP.DLL
0x00007fff1bea0000 - 0x00007fff1c22a000 	C:\Windows\System32\combase.dll
0x00007fff1cd50000 - 0x00007fff1ce27000 	C:\Windows\System32\OLEAUT32.dll
0x00007fff1abd0000 - 0x00007fff1ac02000 	C:\Windows\SYSTEM32\dbgcore.DLL
0x00007fff1b540000 - 0x00007fff1b5ba000 	C:\Windows\System32\bcryptPrimitives.dll
0x00007ffef2850000 - 0x00007ffef2875000 	C:\sts-4.19.0.RELEASE\plugins\org.eclipse.justj.openjdk.hotspot.jre.full.win32.x86_64_17.0.7.v20230425-1502\jre\bin\java.dll
0x00007ffef2810000 - 0x00007ffef2828000 	C:\sts-4.19.0.RELEASE\plugins\org.eclipse.justj.openjdk.hotspot.jre.full.win32.x86_64_17.0.7.v20230425-1502\jre\bin\zip.dll
0x00007fff1d440000 - 0x00007fff1dc63000 	C:\Windows\System32\SHELL32.dll
0x00007fff18900000 - 0x00007fff191ea000 	C:\Windows\SYSTEM32\windows.storage.dll
0x00007fff187b0000 - 0x00007fff188ee000 	C:\Windows\SYSTEM32\wintypes.dll
0x00007fff1d0f0000 - 0x00007fff1d1e3000 	C:\Windows\System32\SHCORE.dll
0x00007fff1d310000 - 0x00007fff1d36e000 	C:\Windows\System32\shlwapi.dll
0x00007fff1b310000 - 0x00007fff1b336000 	C:\Windows\SYSTEM32\profapi.dll
0x00007ffef27f0000 - 0x00007ffef2809000 	C:\sts-4.19.0.RELEASE\plugins\org.eclipse.justj.openjdk.hotspot.jre.full.win32.x86_64_17.0.7.v20230425-1502\jre\bin\net.dll
0x00007fff12a30000 - 0x00007fff12b67000 	C:\Windows\SYSTEM32\WINHTTP.dll
0x00007fff19fe0000 - 0x00007fff1a049000 	C:\Windows\system32\mswsock.dll
0x00007ffef27d0000 - 0x00007ffef27e5000 	C:\sts-4.19.0.RELEASE\plugins\org.eclipse.justj.openjdk.hotspot.jre.full.win32.x86_64_17.0.7.v20230425-1502\jre\bin\nio.dll
0x00007fff105e0000 - 0x00007fff105e9000 	C:\sts-4.19.0.RELEASE\plugins\org.eclipse.justj.openjdk.hotspot.jre.full.win32.x86_64_17.0.7.v20230425-1502\jre\bin\management.dll
0x00007ffef59b0000 - 0x00007ffef59bb000 	C:\sts-4.19.0.RELEASE\plugins\org.eclipse.justj.openjdk.hotspot.jre.full.win32.x86_64_17.0.7.v20230425-1502\jre\bin\management_ext.dll
0x00007fff1d0e0000 - 0x00007fff1d0e8000 	C:\Windows\System32\PSAPI.DLL
0x00007ffeeff30000 - 0x00007ffeeff47000 	C:\Windows\system32\napinsp.dll
0x00007ffeeff10000 - 0x00007ffeeff2b000 	C:\Windows\system32\pnrpnsp.dll
0x00007fff19670000 - 0x00007fff19762000 	C:\Windows\SYSTEM32\DNSAPI.dll
0x00007fff19600000 - 0x00007fff1962d000 	C:\Windows\SYSTEM32\IPHLPAPI.DLL
0x00007fff1cb90000 - 0x00007fff1cb99000 	C:\Windows\System32\NSI.dll
0x00007ffeed910000 - 0x00007ffeed921000 	C:\Windows\System32\winrnr.dll
0x00007fff121c0000 - 0x00007fff121d5000 	C:\Windows\system32\wshbth.dll
0x00007ffeed6e0000 - 0x00007ffeed701000 	C:\Windows\system32\nlansp_c.dll
0x00007fff10530000 - 0x00007fff1053a000 	C:\Windows\System32\rasadhlp.dll
0x00007fff10910000 - 0x00007fff10994000 	C:\Windows\System32\fwpuclnt.dll
0x00007fff1b080000 - 0x00007fff1b09b000 	C:\Windows\SYSTEM32\CRYPTSP.dll
0x00007fff1a260000 - 0x00007fff1a295000 	C:\Windows\system32\rsaenh.dll
0x00007fff1a050000 - 0x00007fff1a07c000 	C:\Windows\SYSTEM32\USERENV.dll
0x00007fff1aca0000 - 0x00007fff1acc8000 	C:\Windows\SYSTEM32\bcrypt.dll
0x00007fff1a540000 - 0x00007fff1a54c000 	C:\Windows\SYSTEM32\CRYPTBASE.dll
0x00007fff12cb0000 - 0x00007fff12cc9000 	C:\Windows\SYSTEM32\dhcpcsvc6.DLL
0x00007fff12770000 - 0x00007fff1278f000 	C:\Windows\SYSTEM32\dhcpcsvc.DLL
0x00007fff03600000 - 0x00007fff0360e000 	C:\sts-4.19.0.RELEASE\plugins\org.eclipse.justj.openjdk.hotspot.jre.full.win32.x86_64_17.0.7.v20230425-1502\jre\bin\sunmscapi.dll
0x00007fff1b5c0000 - 0x00007fff1b726000 	C:\Windows\System32\CRYPT32.dll
0x00007fff1a8c0000 - 0x00007fff1a8ee000 	C:\Windows\SYSTEM32\ncrypt.dll
0x00007fff1a880000 - 0x00007fff1a8b7000 	C:\Windows\SYSTEM32\NTASN1.dll
0x00007fff12d40000 - 0x00007fff12d50000 	C:\sts-4.19.0.RELEASE\plugins\org.eclipse.justj.openjdk.hotspot.jre.full.win32.x86_64_17.0.7.v20230425-1502\jre\bin\verify.dll
0x00007fff1ac20000 - 0x00007fff1ac28000 	C:\Windows\system32\wshunix.dll

dbghelp: loaded successfully - version: 4.0.5 - missing functions: none
symbol engine: initialized successfully - sym options: 0x614 - pdb path: .;C:\sts-4.19.0.RELEASE\plugins\org.eclipse.justj.openjdk.hotspot.jre.full.win32.x86_64_17.0.7.v20230425-1502\jre\bin;C:\Windows\SYSTEM32;C:\Program Files\Avast Software\Avast;C:\Windows\WinSxS\amd64_microsoft.windows.common-controls_6595b64144ccf1df_6.0.22621.2215_none_270d72677387dfc3;C:\sts-4.19.0.RELEASE\plugins\org.eclipse.justj.openjdk.hotspot.jre.full.win32.x86_64_17.0.7.v20230425-1502\jre\bin\server

VM Arguments:
jvm_args: -Dcom.sun.management.jmxremote -Dcom.sun.management.jmxremote.port=53623 -Dcom.sun.management.jmxremote.authenticate=false -Dcom.sun.management.jmxremote.ssl=false -Djava.rmi.server.hostname=localhost -Dspring.jmx.enabled=true -Dmanagement.endpoints.jmx.exposure.include=* -Dspring.application.admin.enabled=true -XX:TieredStopAtLevel=1 -Dspring.boot.project.name=HPS_Projet_BackEnd -Dfile.encoding=UTF-8 -XX:+ShowCodeDetailsInExceptionMessages 
java_command: com.example.hps.HpsAppApplication --spring.output.ansi.enabled=always
java_class_path (initial): C:\Users\hi\Desktop\HPS_Projet_BackEnd\target\classes;C:\Users\hi\.m2\repository\org\springframework\boot\spring-boot-starter-data-rest\3.1.1\spring-boot-starter-data-rest-3.1.1.jar;C:\Users\hi\.m2\repository\org\springframework\boot\spring-boot-starter-web\3.1.1\spring-boot-starter-web-3.1.1.jar;C:\Users\hi\.m2\repository\org\springframework\boot\spring-boot-starter-json\3.1.1\spring-boot-starter-json-3.1.1.jar;C:\Users\hi\.m2\repository\com\fasterxml\jackson\datatype\jackson-datatype-jdk8\2.15.2\jackson-datatype-jdk8-2.15.2.jar;C:\Users\hi\.m2\repository\com\fasterxml\jackson\datatype\jackson-datatype-jsr310\2.15.2\jackson-datatype-jsr310-2.15.2.jar;C:\Users\hi\.m2\repository\com\fasterxml\jackson\module\jackson-module-parameter-names\2.15.2\jackson-module-parameter-names-2.15.2.jar;C:\Users\hi\.m2\repository\org\springframework\boot\spring-boot-starter-tomcat\3.1.1\spring-boot-starter-tomcat-3.1.1.jar;C:\Users\hi\.m2\repository\org\apache\tomcat\embed\tomcat-embed-core\10.1.10\tomcat-embed-core-10.1.10.jar;C:\Users\hi\.m2\repository\org\apache\tomcat\embed\tomcat-embed-websocket\10.1.10\tomcat-embed-websocket-10.1.10.jar;C:\Users\hi\.m2\repository\org\springframework\spring-web\6.0.10\spring-web-6.0.10.jar;C:\Users\hi\.m2\repository\io\micrometer\micrometer-observation\1.11.1\micrometer-observation-1.11.1.jar;C:\Users\hi\.m2\repository\io\micrometer\micrometer-commons\1.11.1\micrometer-commons-1.11.1.jar;C:\Users\hi\.m2\repository\org\springframework\spring-webmvc\6.0.10\spring-webmvc-6.0.10.jar;C:\Users\hi\.m2\repository\org\springframework\data\spring-data-rest-webmvc\4.1.1\spring-data-rest-webmvc-4.1.1.jar;C:\Users\hi\.m2\repository\org\springframework\data\spring-data-rest-core\4.1.1\spring-data-rest-core-4.1.1.jar;C:\Users\hi\.m2\repository\org\springframework\hateoas\spring-hateoas\2.1.0\spring-hateoas-2.1.0.jar;C:\Users\hi\.m2\repository\org\springframework\plugin\spring-plugin-core\3.0.0\spring-plugin-core-3.0.0.jar;C:\Users\h
Launcher Type: SUN_STANDARD

[Global flags]
     intx CICompilerCount                          = 4                                         {product} {ergonomic}
     uint ConcGCThreads                            = 2                                         {product} {ergonomic}
     uint G1ConcRefinementThreads                  = 8                                         {product} {ergonomic}
   size_t G1HeapRegionSize                         = 2097152                                   {product} {ergonomic}
    uintx GCDrainStackTargetSize                   = 64                                        {product} {ergonomic}
   size_t InitialHeapSize                          = 266338304                                 {product} {ergonomic}
     bool ManagementServer                         = true                                      {product} {command line}
   size_t MarkStackSize                            = 4194304                                   {product} {ergonomic}
   size_t MaxHeapSize                              = 4261412864                                {product} {ergonomic}
   size_t MaxNewSize                               = 2556428288                                {product} {ergonomic}
   size_t MinHeapDeltaBytes                        = 2097152                                   {product} {ergonomic}
   size_t MinHeapSize                              = 8388608                                   {product} {ergonomic}
    uintx NonProfiledCodeHeapSize                  = 0                                      {pd product} {ergonomic}
     bool ProfileInterpreter                       = false                                  {pd product} {command line}
    uintx ProfiledCodeHeapSize                     = 0                                      {pd product} {ergonomic}
     bool ShowCodeDetailsInExceptionMessages       = true                                   {manageable} {command line}
   size_t SoftMaxHeapSize                          = 4261412864                             {manageable} {ergonomic}
     intx TieredStopAtLevel                        = 1                                         {product} {command line}
     bool UseCompressedClassPointers               = true                           {product lp64_product} {ergonomic}
     bool UseCompressedOops                        = true                           {product lp64_product} {ergonomic}
     bool UseG1GC                                  = true                                      {product} {ergonomic}
     bool UseLargePagesIndividualAllocation        = false                                  {pd product} {ergonomic}

Logging:
Log output configuration:
 #0: stdout all=warning uptime,level,tags
 #1: stderr all=off uptime,level,tags

Environment Variables:
JAVA_HOME=C:\Program Files\Java\jdk-20
PATH=C:/sts-4.19.0.RELEASE//plugins/org.eclipse.justj.openjdk.hotspot.jre.full.win32.x86_64_17.0.7.v20230425-1502/jre/bin/server;C:/sts-4.19.0.RELEASE//plugins/org.eclipse.justj.openjdk.hotspot.jre.full.win32.x86_64_17.0.7.v20230425-1502/jre/bin;C:\Program Files\Common Files\Oracle\Java\javapath;C:\Windows\system32;C:\Windows;C:\Windows\System32\Wbem;C:\Windows\System32\WindowsPowerShell\v1.0\;C:\Windows\System32\OpenSSH\;C:\Program Files\Java\jdk-20\bin;C:\Program Files\Git\cmd;C:\Program Files\Common Files\Oracle\Java\javapath;C:\Program Files\Git LFS;C:\Program Files\nodejs\;C:\Program Files\Docker\Docker\resources\bin;C:\Users\hi\AppData\Local\Microsoft\WindowsApps;C:\Users\hi\AppData\Local\GitHubDesktop\bin;C:\Users\hi\AppData\Roaming\npm;C:\Users\hi\AppData\Local\Programs\Microsoft VS Code\bin;C:\sts-4.19.0.RELEASE;
USERNAME=hi
OS=Windows_NT
PROCESSOR_IDENTIFIER=Intel64 Family 6 Model 142 Stepping 12, GenuineIntel
TMP=C:\Users\hi\AppData\Local\Temp
TEMP=C:\Users\hi\AppData\Local\Temp



---------------  S Y S T E M  ---------------

OS:
 Windows 11 , 64 bit Build 22621 (10.0.22621.2215)
OS uptime: 0 days 0:43 hours
Hyper-V role detected

CPU: total 8 (initial active 8) (4 cores per cpu, 2 threads per core) family 6 model 142 stepping 12 microcode 0xec, cx8, cmov, fxsr, ht, mmx, 3dnowpref, sse, sse2, sse3, ssse3, sse4.1, sse4.2, popcnt, lzcnt, tsc, tscinvbit, avx, avx2, aes, erms, clmul, bmi1, bmi2, adx, fma, vzeroupper, clflush, clflushopt, hv

Memory: 4k page, system-wide physical 16254M (4552M free)
TotalPageFile size 23934M (AvailPageFile size 7628M)
current process WorkingSet (physical memory assigned to process): 749M, peak: 752M
current process commit charge ("private bytes"): 964M, peak: 964M

vm_info: OpenJDK 64-Bit Server VM (17.0.7+7) for windows-amd64 JRE (17.0.7+7), built on Apr 18 2023 22:10:42 by "temurin" with MS VC++ 16.7 (VS2019)

END.
