#
# A fatal error has been detected by the Java Runtime Environment:
#
#  EXCEPTION_ACCESS_VIOLATION (0xc0000005) at pc=0x00007fffd0d4c800, pid=18956, tid=1616
#
# JRE version: OpenJDK Runtime Environment Temurin-17.0.7+7 (17.0.7+7) (build 17.0.7+7)
# Java VM: OpenJDK 64-Bit Server VM Temurin-17.0.7+7 (17.0.7+7, mixed mode, emulated-client, tiered, compressed oops, compressed class ptrs, g1 gc, windows-amd64)
# Problematic frame:
# V  [jvm.dll+0xc800]
#
# No core dump will be written. Minidumps are not enabled by default on client versions of Windows
#
# If you would like to submit a bug report, please visit:
#   https://github.com/adoptium/adoptium-support/issues
#

---------------  S U M M A R Y ------------

Command Line: -Dcom.sun.management.jmxremote -Dcom.sun.management.jmxremote.port=50169 -Dcom.sun.management.jmxremote.authenticate=false -Dcom.sun.management.jmxremote.ssl=false -Djava.rmi.server.hostname=localhost -Dspring.jmx.enabled=true -Dmanagement.endpoints.jmx.exposure.include=* -Dspring.application.admin.enabled=true -XX:TieredStopAtLevel=1 -Dspring.boot.project.name=HPS_Projet_BackEnd -Dfile.encoding=UTF-8 -XX:+ShowCodeDetailsInExceptionMessages com.example.hps.HpsAppApplication --spring.output.ansi.enabled=always

Host: Intel(R) Core(TM) i7-8565U CPU @ 1.80GHz, 8 cores, 15G,  Windows 11 , 64 bit Build 22621 (10.0.22621.2070)
Time: Thu Aug 24 09:01:23 2023 Morocco Daylight Time elapsed time: 2.822370 seconds (0d 0h 0m 2s)

---------------  T H R E A D  ---------------

Current thread (0x000002c7ae5cefb0):  JavaThread "restartedMain" [_thread_in_vm, id=1616, stack(0x000000f53bd00000,0x000000f53be00000)]

Stack: [0x000000f53bd00000,0x000000f53be00000],  sp=0x000000f53bdfdfc8,  free space=1015k
Native frames: (J=compiled Java code, j=interpreted, Vv=VM code, C=native code)
V  [jvm.dll+0xc800]

Java frames: (J=compiled Java code, j=interpreted, Vv=VM code)
J 2004  java.lang.Class.getConstantPool()Ljdk/internal/reflect/ConstantPool; java.base@17.0.7 (0 bytes) @ 0x000002c79a465263 [0x000002c79a465220+0x0000000000000043]
J 2116 c1 java.lang.Class.createAnnotationData(I)Ljava/lang/Class$AnnotationData; java.base@17.0.7 (195 bytes) @ 0x000002c79a48c23c [0x000002c79a48c1e0+0x000000000000005c]
J 2079 c1 java.lang.Class.annotationData()Ljava/lang/Class$AnnotationData; java.base@17.0.7 (44 bytes) @ 0x000002c79a47beac [0x000002c79a47be40+0x000000000000006c]
J 2858 c1 java.lang.Class.getDeclaredAnnotations()[Ljava/lang/annotation/Annotation; java.base@17.0.7 (11 bytes) @ 0x000002c79a65fb74 [0x000002c79a65fb40+0x0000000000000034]
J 2067 c1 org.springframework.core.annotation.AnnotationsScanner.getDeclaredAnnotations(Ljava/lang/reflect/AnnotatedElement;Z)[Ljava/lang/annotation/Annotation; (166 bytes) @ 0x000002c79a479314 [0x000002c79a479260+0x00000000000000b4]
J 2852 c1 org.springframework.core.annotation.AnnotationsScanner.isKnownEmpty(Ljava/lang/reflect/AnnotatedElement;Lorg/springframework/core/annotation/MergedAnnotations$SearchStrategy;Ljava/util/function/Predicate;)Z (63 bytes) @ 0x000002c79a65d784 [0x000002c79a65d660+0x0000000000000124]
J 2850 c1 org.springframework.core.annotation.MergedAnnotations.from(Ljava/lang/reflect/AnnotatedElement;Lorg/springframework/core/annotation/MergedAnnotations$SearchStrategy;Ljava/util/function/Predicate;Lorg/springframework/core/annotation/RepeatableContainers;Lorg/springframework/core/annotation/AnnotationFilter;)Lorg/springframework/core/annotation/MergedAnnotations; (41 bytes) @ 0x000002c79a65dc9c [0x000002c79a65dc20+0x000000000000007c]
J 2864 c1 org.springframework.core.annotation.MergedAnnotations.from(Ljava/lang/reflect/AnnotatedElement;Lorg/springframework/core/annotation/MergedAnnotations$SearchStrategy;)Lorg/springframework/core/annotation/MergedAnnotations; (9 bytes) @ 0x000002c79a660b54 [0x000002c79a660b20+0x0000000000000034]
j  org.springframework.beans.factory.support.DefaultListableBeanFactory.findAnnotationOnBean(Ljava/lang/String;Ljava/lang/Class;Z)Ljava/lang/annotation/Annotation;+18
j  org.springframework.boot.sql.init.dependency.AnnotationDependsOnDatabaseInitializationDetector.detect(Lorg/springframework/beans/factory/config/ConfigurableListableBeanFactory;)Ljava/util/Set;+41
j  org.springframework.boot.sql.init.dependency.DatabaseInitializationDependencyConfigurer$DependsOnDatabaseInitializationPostProcessor.detectDependsOnInitializationBeanNames(Lorg/springframework/beans/factory/config/ConfigurableListableBeanFactory;)Ljava/util/Collection;+50
j  org.springframework.boot.sql.init.dependency.DatabaseInitializationDependencyConfigurer$DependsOnDatabaseInitializationPostProcessor.postProcessBeanFactory(Lorg/springframework/beans/factory/config/ConfigurableListableBeanFactory;)V+125
j  org.springframework.context.support.PostProcessorRegistrationDelegate.invokeBeanFactoryPostProcessors(Ljava/util/Collection;Lorg/springframework/beans/factory/config/ConfigurableListableBeanFactory;)V+61
j  org.springframework.context.support.PostProcessorRegistrationDelegate.invokeBeanFactoryPostProcessors(Lorg/springframework/beans/factory/config/ConfigurableListableBeanFactory;Ljava/util/List;)V+786
j  org.springframework.context.support.AbstractApplicationContext.invokeBeanFactoryPostProcessors(Lorg/springframework/beans/factory/config/ConfigurableListableBeanFactory;)V+5
j  org.springframework.context.support.AbstractApplicationContext.refresh()V+53
j  org.springframework.boot.web.servlet.context.ServletWebServerApplicationContext.refresh()V+1
j  org.springframework.boot.SpringApplication.refresh(Lorg/springframework/context/ConfigurableApplicationContext;)V+1
j  org.springframework.boot.SpringApplication.refreshContext(Lorg/springframework/context/ConfigurableApplicationContext;)V+16
j  org.springframework.boot.SpringApplication.run([Ljava/lang/String;)Lorg/springframework/context/ConfigurableApplicationContext;+101
j  org.springframework.boot.SpringApplication.run([Ljava/lang/Class;[Ljava/lang/String;)Lorg/springframework/context/ConfigurableApplicationContext;+9
j  org.springframework.boot.SpringApplication.run(Ljava/lang/Class;[Ljava/lang/String;)Lorg/springframework/context/ConfigurableApplicationContext;+9
j  com.example.hps.HpsAppApplication.main([Ljava/lang/String;)V+3
v  ~StubRoutines::call_stub
j  jdk.internal.reflect.NativeMethodAccessorImpl.invoke0(Ljava/lang/reflect/Method;Ljava/lang/Object;[Ljava/lang/Object;)Ljava/lang/Object;+0 java.base@17.0.7
j  jdk.internal.reflect.NativeMethodAccessorImpl.invoke(Ljava/lang/Object;[Ljava/lang/Object;)Ljava/lang/Object;+133 java.base@17.0.7
j  jdk.internal.reflect.DelegatingMethodAccessorImpl.invoke(Ljava/lang/Object;[Ljava/lang/Object;)Ljava/lang/Object;+6 java.base@17.0.7
j  java.lang.reflect.Method.invoke(Ljava/lang/Object;[Ljava/lang/Object;)Ljava/lang/Object;+59 java.base@17.0.7
j  org.springframework.boot.devtools.restart.RestartLauncher.run()V+47
v  ~StubRoutines::call_stub

siginfo: EXCEPTION_ACCESS_VIOLATION (0xc0000005), reading address 0x0000024baeb2c2f8


Register to memory mapping:

RIP=0x00007fffd0d4c800 jvm.dll
RAX=0x0000000800444b78 is a pointer to class: 
org.springdoc.core.service.OperationService {0x0000000800444b80}
 - instance size:     4
 - klass size:        72
 - access:            public synchronized 
 - state:             loaded
 - name:              'org/springdoc/core/service/OperationService'
 - super:             'java/lang/Object'
 - sub:               
 - arrays:            NULL
 - methods:           Array<T>(0x000002c7abc91b38)
 - method ordering:   Array<T>(0x000002c7aa000018)
 - default_methods:   Array<T>(0x0000000000000000)
 - local interfaces:  Array<T>(0x000002c7aa000058)
 - trans. interfaces: Array<T>(0x000002c7aa000058)
 - constants:         constant pool [855]/operands[91] {0x000002c7abc90008} for 'org/springdoc/core/service/OperationService'
 - class loader data:  loader data: 0x000002c7a9499f70 for instance a 'jdk/internal/loader/ClassLoaders$AppClassLoader'{0x00000007024299b8}
 - source file:       'OperationService.java'
 - class annotations:       Array<T>(0x0000000000000000)
 - class type annotations:  Array<T>(0x0000000000000000)
 - field annotations:       Array<T>(0x0000000000000000)
 - field type annotations:  Array<T>(0x0000000000000000)
 - inner classes:     Array<T>(0x000002c7abc93690)
 - nest members:     Array<T>(0x000002c7aa000028)
 - permitted subclasses:     Array<T>(0x000002c7aa000028)

[error occurred during error reporting (printing register info), id 0xc0000005, EXCEPTION_ACCESS_VIOLATION (0xc0000005) at pc=0x00007fffd0d4c800]

Registers:
RAX=0x0000000800444b78, RBX=0x0000000705b09950, RCX=0x0000024baeb2c2f8, RDX=0x000002c7abc90000
RSP=0x000000f53bdfdfc8, RBP=0x000000f53bdfe0c0, RSI=0x0000000800444b78, RDI=0x0000000000000000
R8 =0x0000000000000000, R9 =0x000000070632f6f8, R10=0x00007ff865f13d5f, R11=0x000000f53bdfde20
R12=0x0000000000000000, R13=0x0000000000000005, R14=0x000000f53bdfe5c8, R15=0x000002c7ae5cefb0
RIP=0x00007fffd0d4c800, EFLAGS=0x0000000000010202

Top of Stack: (sp=0x000000f53bdfdfc8)
0x000000f53bdfdfc8:   00007fffd10d4ce0 000000f53bdfe060
0x000000f53bdfdfd8:   000002c7ae5cefb0 0000000000000002
0x000000f53bdfdfe8:   00007fffd0eefe37 000002c7ae5cefb0
0x000000f53bdfdff8:   00007fffd115813f 000002c7ae5cefb0
0x000000f53bdfe008:   000002c7ae528af8 0000000800444b78
0x000000f53bdfe018:   00007fffd114acbe 00007fffd16c9820
0x000000f53bdfe028:   0000000000000000 000002c7ae5cef00
0x000000f53bdfe038:   0000000000000000 0000000705b09800
0x000000f53bdfe048:   0000000000000000 000000070632f6f8
0x000000f53bdfe058:   000002c79a4652fb 000002c7ae528af8
0x000000f53bdfe068:   000002c7aa01d700 000000070632f6f8
0x000000f53bdfe078:   000002c7ae5cefb0 000000070632f6f8
0x000000f53bdfe088:   00007fffd134acb5 000000f53bdfe110
0x000000f53bdfe098:   000000f53bdfe110 0000000000000000
0x000000f53bdfe0a8:   000002c79a470000 000000f53bdfe110
0x000000f53bdfe0b8:   000002c7ae5cefb0 000000f53bdfe580 

Instructions: (pc=0x00007fffd0d4c800)
0x00007fffd0d4c700:   00 00 00 48 8b 41 38 48 8b 80 88 09 00 00 48 8b
0x00007fffd0d4c710:   48 08 48 8b 40 50 48 d3 ea 80 3c 02 01 0f 85 cd
0x00007fffd0d4c720:   00 00 00 48 8b 13 0f b6 c2 24 03 3c 03 75 19 48
0x00007fffd0d4c730:   83 e2 fc 74 13 48 3b da 74 11 48 8b c2 48 8b 5c
0x00007fffd0d4c740:   24 38 48 83 c4 20 5e c3 48 8b d3 48 8b 46 38 0f
0x00007fffd0d4c750:   be 88 f0 02 00 00 c1 e9 02 f6 c1 01 74 dc 48 89
0x00007fffd0d4c760:   7c 24 30 e8 28 e5 ff ff 48 8b 0d 39 58 b9 00 48
0x00007fffd0d4c770:   8b f8 48 81 c1 90 09 00 00 8b 41 40 0f b6 57 21
0x00007fffd0d4c780:   8d 42 01 88 47 21 84 d2 75 0a 48 8b d7 e8 4e a7
0x00007fffd0d4c790:   6f 00 eb 20 80 7f 22 00 75 1a 8b 41 40 85 05 11
0x00007fffd0d4c7a0:   bc 9a 00 74 0f b8 ff ff ff ff f0 0f c1 41 40 e8
0x00007fffd0d4c7b0:   7c a7 6f 00 48 8b 4e 38 4c 8b c7 48 8b d3 e8 dd
0x00007fffd0d4c7c0:   f7 ff ff 0f b6 4f 21 48 8b d8 48 8b 15 d7 57 b9
0x00007fffd0d4c7d0:   00 8d 41 ff 88 47 21 80 f9 01 77 0f 48 8d 8a 90
0x00007fffd0d4c7e0:   09 00 00 48 8b d7 e8 25 a7 6f 00 48 8b 7c 24 30
0x00007fffd0d4c7f0:   48 8b c3 48 8b 5c 24 38 48 83 c4 20 5e c3 cc cc
0x00007fffd0d4c800:   48 8b 01 c3 cc cc cc cc cc cc cc cc cc cc cc cc
0x00007fffd0d4c810:   4c 8b 01 4c 8b c9 48 8b 0d f3 e4 b4 00 ba 44 60
0x00007fffd0d4c820:   08 00 e9 59 f2 ff ff cc cc cc cc cc cc cc cc cc
0x00007fffd0d4c830:   48 89 5c 24 08 57 48 83 ec 20 48 8b 39 48 8b d9
0x00007fffd0d4c840:   48 85 3d 71 c6 b9 00 75 0e 48 8b c7 48 8b 5c 24
0x00007fffd0d4c850:   30 48 83 c4 20 5f c3 48 8b cf e8 81 87 85 00 48
0x00007fffd0d4c860:   8b d0 48 85 c0 74 20 48 8b c7 f0 48 0f b1 13 74
0x00007fffd0d4c870:   16 48 85 05 40 c6 b9 00 74 0d 48 8b c8 f0 48 0f
0x00007fffd0d4c880:   b1 13 48 3b c1 75 ea 48 8b 5c 24 30 48 8b c2 48
0x00007fffd0d4c890:   83 c4 20 5f c3 cc cc cc cc cc cc cc cc cc cc cc
0x00007fffd0d4c8a0:   4c 8b 01 4c 8b c9 48 8b 0d 63 e4 b4 00 ba 64 60
0x00007fffd0d4c8b0:   08 00 e9 c9 f1 ff ff cc cc cc cc cc cc cc cc cc
0x00007fffd0d4c8c0:   8b 05 32 2a af 00 c3 cc cc cc cc cc cc cc cc cc
0x00007fffd0d4c8d0:   0f b6 05 b8 ec b5 00 48 8b d1 84 c0 74 16 44 8b
0x00007fffd0d4c8e0:   41 08 8b 0d 10 2a af 00 49 d3 e0 4c 03 05 fe 29
0x00007fffd0d4c8f0:   af 00 eb 04 4c 8b 41 08 45 8b 50 08 45 85 d2 7e 


Stack slot to memory mapping:
stack at sp + 0 slots: 0x00007fffd10d4ce0 jvm.dll
stack at sp + 1 slots: 0x000000f53bdfe060 is pointing into the stack for thread: 0x000002c7ae5cefb0
stack at sp + 2 slots: 0x000002c7ae5cefb0 is a thread
stack at sp + 3 slots: 0x0000000000000002 is an unknown value
stack at sp + 4 slots: 0x00007fffd0eefe37 jvm.dll
stack at sp + 5 slots: 0x000002c7ae5cefb0 is a thread
stack at sp + 6 slots: 0x00007fffd115813f jvm.dll
stack at sp + 7 slots: 0x000002c7ae5cefb0 is a thread


---------------  P R O C E S S  ---------------

Threads class SMR info:
_java_thread_list=0x000002c7aec15d90, length=23, elements={
0x000002c7968a2a10, 0x000002c7a69ae7a0, 0x000002c7a92d7440, 0x000002c7a92dcef0,
0x000002c7a9321400, 0x000002c7a9321cc0, 0x000002c7a932c690, 0x000002c7a9331600,
0x000002c7a9331ff0, 0x000002c7a93a4b30, 0x000002c7a92c0b10, 0x000002c7a92c1430,
0x000002c7a94f8b10, 0x000002c7a9d088b0, 0x000002c7a9cf7bf0, 0x000002c7a9e7e690,
0x000002c7a9ebe1a0, 0x000002c7a9ebe670, 0x000002c7a9f1e050, 0x000002c7ae41c6d0,
0x000002c7ae5cfe20, 0x000002c7ae5cefb0, 0x000002c7ae97c010
}

Java Threads: ( => current thread )
  0x000002c7968a2a10 JavaThread "main" [_thread_blocked, id=6740, stack(0x000000f539900000,0x000000f539a00000)]
  0x000002c7a69ae7a0 JavaThread "Reference Handler" daemon [_thread_blocked, id=11916, stack(0x000000f53a000000,0x000000f53a100000)]
  0x000002c7a92d7440 JavaThread "Finalizer" daemon [_thread_blocked, id=13956, stack(0x000000f53a100000,0x000000f53a200000)]
  0x000002c7a92dcef0 JavaThread "Signal Dispatcher" daemon [_thread_blocked, id=13480, stack(0x000000f53a200000,0x000000f53a300000)]
  0x000002c7a9321400 JavaThread "Attach Listener" daemon [_thread_blocked, id=6204, stack(0x000000f53a300000,0x000000f53a400000)]
  0x000002c7a9321cc0 JavaThread "Service Thread" daemon [_thread_blocked, id=19184, stack(0x000000f53a400000,0x000000f53a500000)]
  0x000002c7a932c690 JavaThread "Monitor Deflation Thread" daemon [_thread_blocked, id=13144, stack(0x000000f53a500000,0x000000f53a600000)]
  0x000002c7a9331600 JavaThread "C1 CompilerThread0" daemon [_thread_blocked, id=8064, stack(0x000000f53a600000,0x000000f53a700000)]
  0x000002c7a9331ff0 JavaThread "Sweeper thread" daemon [_thread_blocked, id=5128, stack(0x000000f53a700000,0x000000f53a800000)]
  0x000002c7a93a4b30 JavaThread "Common-Cleaner" daemon [_thread_blocked, id=13776, stack(0x000000f53a800000,0x000000f53a900000)]
  0x000002c7a92c0b10 JavaThread "C1 CompilerThread1" daemon [_thread_blocked, id=7616, stack(0x000000f53a900000,0x000000f53aa00000)]
  0x000002c7a92c1430 JavaThread "C1 CompilerThread2" daemon [_thread_blocked, id=19040, stack(0x000000f53aa00000,0x000000f53ab00000)]
  0x000002c7a94f8b10 JavaThread "Notification Thread" daemon [_thread_blocked, id=11248, stack(0x000000f53ab00000,0x000000f53ac00000)]
  0x000002c7a9d088b0 JavaThread "RMI TCP Accept-0" daemon [_thread_in_native, id=5372, stack(0x000000f53ac00000,0x000000f53ad00000)]
  0x000002c7a9cf7bf0 JavaThread "RMI TCP Accept-50169" daemon [_thread_in_native, id=14948, stack(0x000000f53ad00000,0x000000f53ae00000)]
  0x000002c7a9e7e690 JavaThread "RMI TCP Accept-0" daemon [_thread_in_native, id=15696, stack(0x000000f53ae00000,0x000000f53af00000)]
  0x000002c7a9ebe1a0 JavaThread "RMI TCP Connection(1)-127.0.0.1" daemon [_thread_in_native, id=13656, stack(0x000000f53b000000,0x000000f53b100000)]
  0x000002c7a9ebe670 JavaThread "RMI Scheduler(0)" daemon [_thread_blocked, id=4816, stack(0x000000f53b100000,0x000000f53b200000)]
  0x000002c7a9f1e050 JavaThread "RMI TCP Connection(2)-127.0.0.1" daemon [_thread_in_native, id=8696, stack(0x000000f53b200000,0x000000f53b300000)]
  0x000002c7ae41c6d0 JavaThread "JMX server connection timeout 22" daemon [_thread_blocked, id=6488, stack(0x000000f53b300000,0x000000f53b400000)]
  0x000002c7ae5cfe20 JavaThread "Thread-0" [_thread_blocked, id=8844, stack(0x000000f53bc00000,0x000000f53bd00000)]
=>0x000002c7ae5cefb0 JavaThread "restartedMain" [_thread_in_vm, id=1616, stack(0x000000f53bd00000,0x000000f53be00000)]
  0x000002c7ae97c010 JavaThread "C1 CompilerThread3" daemon [_thread_blocked, id=6400, stack(0x000000f53c100000,0x000000f53c200000)]

Other Threads:
  0x000002c7a69ae180 VMThread "VM Thread" [stack: 0x000000f539f00000,0x000000f53a000000] [id=1612]
  0x000002c7a9d08d80 WatcherThread [stack: 0x000000f53af00000,0x000000f53b000000] [id=17148]
  0x000002c796911230 GCTaskThread "GC Thread#0" [stack: 0x000000f539a00000,0x000000f539b00000] [id=11948]
  0x000002c7a9f3ec40 GCTaskThread "GC Thread#1" [stack: 0x000000f53b400000,0x000000f53b500000] [id=3232]
  0x000002c7ae534810 GCTaskThread "GC Thread#2" [stack: 0x000000f53b500000,0x000000f53b600000] [id=7588]
  0x000002c7ae534ac0 GCTaskThread "GC Thread#3" [stack: 0x000000f53b600000,0x000000f53b700000] [id=7240]
  0x000002c7ae534d70 GCTaskThread "GC Thread#4" [stack: 0x000000f53b700000,0x000000f53b800000] [id=18660]
  0x000002c7ae535020 GCTaskThread "GC Thread#5" [stack: 0x000000f53b800000,0x000000f53b900000] [id=9012]
  0x000002c7ae559600 GCTaskThread "GC Thread#6" [stack: 0x000000f53b900000,0x000000f53ba00000] [id=10916]
  0x000002c7ae641f60 GCTaskThread "GC Thread#7" [stack: 0x000000f53be00000,0x000000f53bf00000] [id=8672]
  0x000002c79691e9b0 ConcurrentGCThread "G1 Main Marker" [stack: 0x000000f539b00000,0x000000f539c00000] [id=8592]
  0x000002c7a67f2400 ConcurrentGCThread "G1 Conc#0" [stack: 0x000000f539c00000,0x000000f539d00000] [id=6632]
  0x000002c7ae7dc680 ConcurrentGCThread "G1 Conc#1" [stack: 0x000000f53c000000,0x000000f53c100000] [id=1788]
  0x000002c7a689bf50 ConcurrentGCThread "G1 Refine#0" [stack: 0x000000f539d00000,0x000000f539e00000] [id=13420]
  0x000002c7ae55a8e0 ConcurrentGCThread "G1 Refine#1" [stack: 0x000000f53ba00000,0x000000f53bb00000] [id=8184]
  0x000002c7ae53b5e0 ConcurrentGCThread "G1 Refine#2" [stack: 0x000000f53bb00000,0x000000f53bc00000] [id=11600]
  0x000002c7a689e830 ConcurrentGCThread "G1 Service" [stack: 0x000000f539e00000,0x000000f539f00000] [id=7120]

Threads with active compile tasks:

VM state: not at safepoint (normal execution)

VM Mutex/Monitor currently owned by a thread: None

Heap address: 0x0000000702000000, size: 4064 MB, Compressed Oops mode: Zero based, Oop shift amount: 3

CDS archive(s) not mapped
Compressed class space mapped at: 0x0000000800000000-0x0000000840000000, reserved size: 1073741824
Narrow klass base: 0x0000000800000000, Narrow klass shift: 0, Narrow klass range: 0x40000000

GC Precious Log:
 CPUs: 8 total, 8 available
 Memory: 16254M
 Large Page Support: Disabled
 NUMA Support: Disabled
 Compressed Oops: Enabled (Zero based)
 Heap Region Size: 2M
 Heap Min Capacity: 8M
 Heap Initial Capacity: 254M
 Heap Max Capacity: 4064M
 Pre-touch: Disabled
 Parallel Workers: 8
 Concurrent Workers: 2
 Concurrent Refinement Workers: 8
 Periodic GC: Disabled

Heap:
 garbage-first heap   total 75776K, used 23993K [0x0000000702000000, 0x0000000800000000)
  region size 2048K, 8 young (16384K), 4 survivors (8192K)
 Metaspace       used 36513K, committed 36928K, reserved 1114112K
  class space    used 4630K, committed 4800K, reserved 1048576K

Heap Regions: E=young(eden), S=young(survivor), O=old, HS=humongous(starts), HC=humongous(continues), CS=collection set, F=free, OA=open archive, CA=closed archive, TAMS=top-at-mark-start (previous, next)
|   0|0x0000000702000000, 0x0000000702200000, 0x0000000702200000|100%| O|  |TAMS 0x0000000702200000, 0x0000000702000000| Untracked 
|   1|0x0000000702200000, 0x0000000702400000, 0x0000000702400000|100%| O|  |TAMS 0x0000000702400000, 0x0000000702200000| Untracked 
|   2|0x0000000702400000, 0x0000000702600000, 0x0000000702600000|100%| O|  |TAMS 0x0000000702600000, 0x0000000702400000| Untracked 
|   3|0x0000000702600000, 0x0000000702600000, 0x0000000702800000|  0%| F|  |TAMS 0x0000000702600000, 0x0000000702600000| Untracked 
|   4|0x0000000702800000, 0x0000000702a00000, 0x0000000702a00000|100%| O|  |TAMS 0x0000000702a00000, 0x0000000702800000| Untracked 
|   5|0x0000000702a00000, 0x0000000702c00000, 0x0000000702c00000|100%| O|  |TAMS 0x0000000702c00000, 0x0000000702a00000| Untracked 
|   6|0x0000000702c00000, 0x0000000702cb9a00, 0x0000000702e00000| 36%| O|  |TAMS 0x0000000702cb9a00, 0x0000000702c00000| Complete 
|   7|0x0000000702e00000, 0x0000000702e00000, 0x0000000703000000|  0%| F|  |TAMS 0x0000000702e00000, 0x0000000702e00000| Untracked 
|   8|0x0000000703000000, 0x0000000703000000, 0x0000000703200000|  0%| F|  |TAMS 0x0000000703000000, 0x0000000703000000| Untracked 
|   9|0x0000000703200000, 0x0000000703200000, 0x0000000703400000|  0%| F|  |TAMS 0x0000000703200000, 0x0000000703200000| Untracked 
|  10|0x0000000703400000, 0x0000000703400000, 0x0000000703600000|  0%| F|  |TAMS 0x0000000703400000, 0x0000000703400000| Untracked 
|  11|0x0000000703600000, 0x0000000703600000, 0x0000000703800000|  0%| F|  |TAMS 0x0000000703600000, 0x0000000703600000| Untracked 
|  12|0x0000000703800000, 0x0000000703800000, 0x0000000703a00000|  0%| F|  |TAMS 0x0000000703800000, 0x0000000703800000| Untracked 
|  13|0x0000000703a00000, 0x0000000703a00000, 0x0000000703c00000|  0%| F|  |TAMS 0x0000000703a00000, 0x0000000703a00000| Untracked 
|  14|0x0000000703c00000, 0x0000000703c00000, 0x0000000703e00000|  0%| F|  |TAMS 0x0000000703c00000, 0x0000000703c00000| Untracked 
|  15|0x0000000703e00000, 0x0000000703e00000, 0x0000000704000000|  0%| F|  |TAMS 0x0000000703e00000, 0x0000000703e00000| Untracked 
|  16|0x0000000704000000, 0x0000000704000000, 0x0000000704200000|  0%| F|  |TAMS 0x0000000704000000, 0x0000000704000000| Untracked 
|  17|0x0000000704200000, 0x0000000704200000, 0x0000000704400000|  0%| F|  |TAMS 0x0000000704200000, 0x0000000704200000| Untracked 
|  18|0x0000000704400000, 0x0000000704400000, 0x0000000704600000|  0%| F|  |TAMS 0x0000000704400000, 0x0000000704400000| Untracked 
|  19|0x0000000704600000, 0x0000000704600000, 0x0000000704800000|  0%| F|  |TAMS 0x0000000704600000, 0x0000000704600000| Untracked 
|  20|0x0000000704800000, 0x0000000704800000, 0x0000000704a00000|  0%| F|  |TAMS 0x0000000704800000, 0x0000000704800000| Untracked 
|  21|0x0000000704a00000, 0x0000000704a00000, 0x0000000704c00000|  0%| F|  |TAMS 0x0000000704a00000, 0x0000000704a00000| Untracked 
|  22|0x0000000704c00000, 0x0000000704c00000, 0x0000000704e00000|  0%| F|  |TAMS 0x0000000704c00000, 0x0000000704c00000| Untracked 
|  23|0x0000000704e00000, 0x0000000704e00000, 0x0000000705000000|  0%| F|  |TAMS 0x0000000704e00000, 0x0000000704e00000| Untracked 
|  24|0x0000000705000000, 0x0000000705000000, 0x0000000705200000|  0%| F|  |TAMS 0x0000000705000000, 0x0000000705000000| Untracked 
|  25|0x0000000705200000, 0x0000000705200000, 0x0000000705400000|  0%| F|  |TAMS 0x0000000705200000, 0x0000000705200000| Untracked 
|  26|0x0000000705400000, 0x0000000705400000, 0x0000000705600000|  0%| F|  |TAMS 0x0000000705400000, 0x0000000705400000| Untracked 
|  27|0x0000000705600000, 0x0000000705600000, 0x0000000705800000|  0%| F|  |TAMS 0x0000000705600000, 0x0000000705600000| Untracked 
|  28|0x0000000705800000, 0x0000000705800000, 0x0000000705a00000|  0%| F|  |TAMS 0x0000000705800000, 0x0000000705800000| Untracked 
|  29|0x0000000705a00000, 0x0000000705bdb698, 0x0000000705c00000| 92%| E|  |TAMS 0x0000000705a00000, 0x0000000705a00000| Complete 
|  30|0x0000000705c00000, 0x0000000705e00000, 0x0000000705e00000|100%| E|CS|TAMS 0x0000000705c00000, 0x0000000705c00000| Complete 
|  31|0x0000000705e00000, 0x0000000705eb4c80, 0x0000000706000000| 35%| S|CS|TAMS 0x0000000705e00000, 0x0000000705e00000| Complete 
|  32|0x0000000706000000, 0x0000000706200000, 0x0000000706200000|100%| S|CS|TAMS 0x0000000706000000, 0x0000000706000000| Complete 
|  33|0x0000000706200000, 0x0000000706400000, 0x0000000706400000|100%| S|CS|TAMS 0x0000000706200000, 0x0000000706200000| Complete 
|  34|0x0000000706400000, 0x0000000706600000, 0x0000000706600000|100%| S|CS|TAMS 0x0000000706400000, 0x0000000706400000| Complete 
|  35|0x0000000706600000, 0x0000000706800000, 0x0000000706800000|100%| E|CS|TAMS 0x0000000706600000, 0x0000000706600000| Complete 
| 126|0x0000000711c00000, 0x0000000711e00000, 0x0000000711e00000|100%| E|CS|TAMS 0x0000000711c00000, 0x0000000711c00000| Complete 

Card table byte_map: [0x000002c79d840000,0x000002c79e030000] _byte_map_base: 0x000002c79a030000

Marking Bits (Prev, Next): (CMBitMap*) 0x000002c796911840, (CMBitMap*) 0x000002c796911880
 Prev Bits: [0x000002c79e820000, 0x000002c7a27a0000)
 Next Bits: [0x000002c7a27a0000, 0x000002c7a6720000)

Polling page: 0x000002c7947d0000

Metaspace:

Usage:
  Non-class:     31.14 MB used.
      Class:      4.52 MB used.
       Both:     35.66 MB used.

Virtual space:
  Non-class space:       64.00 MB reserved,      31.38 MB ( 49%) committed,  1 nodes.
      Class space:        1.00 GB reserved,       4.69 MB ( <1%) committed,  1 nodes.
             Both:        1.06 GB reserved,      36.06 MB (  3%) committed. 

Chunk freelists:
   Non-Class:  365.00 KB
       Class:  11.17 MB
        Both:  11.52 MB

MaxMetaspaceSize: unlimited
CompressedClassSpaceSize: 1.00 GB
Initial GC threshold: 21.00 MB
Current GC threshold: 59.00 MB
CDS: off
MetaspaceReclaimPolicy: balanced
 - commit_granule_bytes: 65536.
 - commit_granule_words: 8192.
 - virtual_space_node_default_size: 8388608.
 - enlarge_chunks_in_place: 1.
 - new_chunks_are_fully_committed: 0.
 - uncommit_free_chunks: 1.
 - use_allocation_guard: 0.
 - handle_deallocations: 1.


Internal statistics:

num_allocs_failed_limit: 6.
num_arena_births: 468.
num_arena_deaths: 0.
num_vsnodes_births: 2.
num_vsnodes_deaths: 0.
num_space_committed: 577.
num_space_uncommitted: 0.
num_chunks_returned_to_freelist: 6.
num_chunks_taken_from_freelist: 1441.
num_chunk_merges: 3.
num_chunk_splits: 988.
num_chunks_enlarged: 727.
num_inconsistent_stats: 0.

CodeCache: size=49152Kb used=8959Kb max_used=8959Kb free=40192Kb
 bounds [0x000002c799f40000, 0x000002c79a800000, 0x000002c79cf40000]
 total_blobs=4352 nmethods=3835 adapters=441
 compilation: enabled
              stopped_count=0, restarted_count=0
 full_count=0

Compilation events (20 events):
Event: 2.810 Thread 0x000002c7a92c0b10 3826       1       java.lang.reflect.Proxy$ProxyBuilder::ensureAccess (39 bytes)
Event: 2.810 Thread 0x000002c7a92c1430 3827       1       jdk.internal.org.objectweb.asm.Type::getType (10 bytes)
Event: 2.810 Thread 0x000002c7a92c1430 nmethod 3827 0x000002c79a7fc290 code [0x000002c79a7fc420, 0x000002c79a7fc508]
Event: 2.810 Thread 0x000002c7a92c0b10 nmethod 3826 0x000002c79a7fc610 code [0x000002c79a7fc800, 0x000002c79a7fcb28]
Event: 2.811 Thread 0x000002c7a92c1430 3828       1       org.springframework.core.annotation.AttributeMethods::get (22 bytes)
Event: 2.811 Thread 0x000002c7a92c1430 nmethod 3828 0x000002c79a7fcd90 code [0x000002c79a7fcf40, 0x000002c79a7fd0a8]
Event: 2.811 Thread 0x000002c7ae97c010 3829       1       org.springframework.core.annotation.RepeatableContainers$StandardRepeatableContainers::findRepeatedAnnotations (29 bytes)
Event: 2.811 Thread 0x000002c7a9331600 3830       1       org.springframework.core.annotation.RepeatableContainers$StandardRepeatableContainers::getRepeatedAnnotationsMethod (31 bytes)
Event: 2.811 Thread 0x000002c7a9331600 nmethod 3830 0x000002c79a7fd190 code [0x000002c79a7fd340, 0x000002c79a7fd488]
Event: 2.812 Thread 0x000002c7ae97c010 nmethod 3829 0x000002c79a7fd510 code [0x000002c79a7fd7e0, 0x000002c79a7fe138]
Event: 2.814 Thread 0x000002c7a92c0b10 3831       1       org.springframework.core.annotation.TypeMappedAnnotations::get (8 bytes)
Event: 2.814 Thread 0x000002c7a92c0b10 nmethod 3831 0x000002c79a7fe710 code [0x000002c79a7fe8a0, 0x000002c79a7fe988]
Event: 2.814 Thread 0x000002c7ae97c010 3832       1       java.lang.Class::getMethods (26 bytes)
Event: 2.815 Thread 0x000002c7ae97c010 nmethod 3832 0x000002c79a7fea10 code [0x000002c79a7febc0, 0x000002c79a7fed38]
Event: 2.815 Thread 0x000002c7a9331600 3833   !   1       sun.reflect.annotation.AnnotationParser::parseClassValue (56 bytes)
Event: 2.815 Thread 0x000002c7a9331600 nmethod 3833 0x000002c79a7fee10 code [0x000002c79a7ff000, 0x000002c79a7ff388]
Event: 2.816 Thread 0x000002c7ae97c010 3834       1       org.springframework.beans.factory.support.RootBeanDefinition::getResolvedFactoryMethod (5 bytes)
Event: 2.816 Thread 0x000002c7ae97c010 nmethod 3834 0x000002c79a7ff610 code [0x000002c79a7ff7a0, 0x000002c79a7ff878]
Event: 2.816 Thread 0x000002c7ae97c010 3835       1       jdk.internal.reflect.ClassFileAssembler::append (30 bytes)
Event: 2.816 Thread 0x000002c7ae97c010 nmethod 3835 0x000002c79a7ff910 code [0x000002c79a7ffac0, 0x000002c79a7ffd38]

GC Heap History (14 events):
Event: 0.692 GC heap before
{Heap before GC invocations=0 (full 0):
 garbage-first heap   total 260096K, used 20480K [0x0000000702000000, 0x0000000800000000)
  region size 2048K, 11 young (22528K), 0 survivors (0K)
 Metaspace       used 14751K, committed 14912K, reserved 1114112K
  class space    used 1541K, committed 1600K, reserved 1048576K
}
Event: 0.698 GC heap after
{Heap after GC invocations=1 (full 0):
 garbage-first heap   total 260096K, used 8145K [0x0000000702000000, 0x0000000800000000)
  region size 2048K, 2 young (4096K), 2 survivors (4096K)
 Metaspace       used 14751K, committed 14912K, reserved 1114112K
  class space    used 1541K, committed 1600K, reserved 1048576K
}
Event: 1.035 GC heap before
{Heap before GC invocations=1 (full 0):
 garbage-first heap   total 260096K, used 26577K [0x0000000702000000, 0x0000000800000000)
  region size 2048K, 11 young (22528K), 2 survivors (4096K)
 Metaspace       used 17998K, committed 18240K, reserved 1114112K
  class space    used 2006K, committed 2112K, reserved 1048576K
}
Event: 1.039 GC heap after
{Heap after GC invocations=2 (full 0):
 garbage-first heap   total 260096K, used 9162K [0x0000000702000000, 0x0000000800000000)
  region size 2048K, 1 young (2048K), 1 survivors (2048K)
 Metaspace       used 17998K, committed 18240K, reserved 1114112K
  class space    used 2006K, committed 2112K, reserved 1048576K
}
Event: 1.289 GC heap before
{Heap before GC invocations=2 (full 0):
 garbage-first heap   total 260096K, used 25546K [0x0000000702000000, 0x0000000800000000)
  region size 2048K, 10 young (20480K), 1 survivors (2048K)
 Metaspace       used 21248K, committed 21504K, reserved 1114112K
  class space    used 2507K, committed 2624K, reserved 1048576K
}
Event: 1.291 GC heap after
{Heap after GC invocations=3 (full 0):
 garbage-first heap   total 260096K, used 10049K [0x0000000702000000, 0x0000000800000000)
  region size 2048K, 1 young (2048K), 1 survivors (2048K)
 Metaspace       used 21248K, committed 21504K, reserved 1114112K
  class space    used 2507K, committed 2624K, reserved 1048576K
}
Event: 1.503 GC heap before
{Heap before GC invocations=4 (full 0):
 garbage-first heap   total 40960K, used 28481K [0x0000000702000000, 0x0000000800000000)
  region size 2048K, 11 young (22528K), 1 survivors (2048K)
 Metaspace       used 24501K, committed 24832K, reserved 1114112K
  class space    used 3048K, committed 3200K, reserved 1048576K
}
Event: 1.506 GC heap after
{Heap after GC invocations=5 (full 0):
 garbage-first heap   total 40960K, used 11281K [0x0000000702000000, 0x0000000800000000)
  region size 2048K, 2 young (4096K), 2 survivors (4096K)
 Metaspace       used 24501K, committed 24832K, reserved 1114112K
  class space    used 3048K, committed 3200K, reserved 1048576K
}
Event: 1.528 GC heap before
{Heap before GC invocations=5 (full 0):
 garbage-first heap   total 40960K, used 11281K [0x0000000702000000, 0x0000000800000000)
  region size 2048K, 3 young (6144K), 2 survivors (4096K)
 Metaspace       used 24936K, committed 25216K, reserved 1114112K
  class space    used 3086K, committed 3200K, reserved 1048576K
}
Event: 1.532 GC heap after
{Heap after GC invocations=6 (full 0):
 garbage-first heap   total 40960K, used 11649K [0x0000000702000000, 0x0000000800000000)
  region size 2048K, 1 young (2048K), 1 survivors (2048K)
 Metaspace       used 24936K, committed 25216K, reserved 1114112K
  class space    used 3086K, committed 3200K, reserved 1048576K
}
Event: 1.666 GC heap before
{Heap before GC invocations=6 (full 0):
 garbage-first heap   total 40960K, used 25985K [0x0000000702000000, 0x0000000800000000)
  region size 2048K, 8 young (16384K), 1 survivors (2048K)
 Metaspace       used 27675K, committed 27968K, reserved 1114112K
  class space    used 3378K, committed 3520K, reserved 1048576K
}
Event: 1.668 GC heap after
{Heap after GC invocations=7 (full 0):
 garbage-first heap   total 151552K, used 12936K [0x0000000702000000, 0x0000000800000000)
  region size 2048K, 1 young (2048K), 1 survivors (2048K)
 Metaspace       used 27675K, committed 27968K, reserved 1114112K
  class space    used 3378K, committed 3520K, reserved 1048576K
}
Event: 2.716 GC heap before
{Heap before GC invocations=7 (full 0):
 garbage-first heap   total 151552K, used 90760K [0x0000000702000000, 0x0000000800000000)
  region size 2048K, 40 young (81920K), 1 survivors (2048K)
 Metaspace       used 35780K, committed 36096K, reserved 1114112K
  class space    used 4517K, committed 4672K, reserved 1048576K
}
Event: 2.722 GC heap after
{Heap after GC invocations=8 (full 0):
 garbage-first heap   total 151552K, used 17849K [0x0000000702000000, 0x0000000800000000)
  region size 2048K, 4 young (8192K), 4 survivors (8192K)
 Metaspace       used 35780K, committed 36096K, reserved 1114112K
  class space    used 4517K, committed 4672K, reserved 1048576K
}

Dll operation events (7 events):
Event: 0.008 Loaded shared library C:\sts-4.19.0.RELEASE\plugins\org.eclipse.justj.openjdk.hotspot.jre.full.win32.x86_64_17.0.7.v20230425-1502\jre\bin\java.dll
Event: 0.189 Loaded shared library C:\sts-4.19.0.RELEASE\plugins\org.eclipse.justj.openjdk.hotspot.jre.full.win32.x86_64_17.0.7.v20230425-1502\jre\bin\jimage.dll
Event: 0.202 Loaded shared library C:\sts-4.19.0.RELEASE\plugins\org.eclipse.justj.openjdk.hotspot.jre.full.win32.x86_64_17.0.7.v20230425-1502\jre\bin\net.dll
Event: 0.204 Loaded shared library C:\sts-4.19.0.RELEASE\plugins\org.eclipse.justj.openjdk.hotspot.jre.full.win32.x86_64_17.0.7.v20230425-1502\jre\bin\nio.dll
Event: 0.207 Loaded shared library C:\sts-4.19.0.RELEASE\plugins\org.eclipse.justj.openjdk.hotspot.jre.full.win32.x86_64_17.0.7.v20230425-1502\jre\bin\zip.dll
Event: 0.277 Loaded shared library C:\sts-4.19.0.RELEASE\plugins\org.eclipse.justj.openjdk.hotspot.jre.full.win32.x86_64_17.0.7.v20230425-1502\jre\bin\management.dll
Event: 0.290 Loaded shared library C:\sts-4.19.0.RELEASE\plugins\org.eclipse.justj.openjdk.hotspot.jre.full.win32.x86_64_17.0.7.v20230425-1502\jre\bin\management_ext.dll

Deoptimization events (6 events):
Event: 1.317 Thread 0x000002c7ae5cefb0 DEOPT PACKING pc=0x000002c79a46a2f9 sp=0x000000f53bdfcd90
Event: 1.317 Thread 0x000002c7ae5cefb0 DEOPT UNPACKING pc=0x000002c799f97143 sp=0x000000f53bdfc270 mode 3
Event: 1.488 Thread 0x000002c7ae5cefb0 DEOPT PACKING pc=0x000002c79a4b858c sp=0x000000f53bdfdb60
Event: 1.488 Thread 0x000002c7ae5cefb0 DEOPT UNPACKING pc=0x000002c799f97143 sp=0x000000f53bdfd190 mode 0
Event: 2.786 Thread 0x000002c7ae5cefb0 DEOPT PACKING pc=0x000002c79a7eb0f9 sp=0x000000f53bdfd6b0
Event: 2.786 Thread 0x000002c7ae5cefb0 DEOPT UNPACKING pc=0x000002c799f97143 sp=0x000000f53bdfcb90 mode 3

Classes unloaded (0 events):
No events

Classes redefined (0 events):
No events

Internal exceptions (20 events):
Event: 2.722 Thread 0x000002c7ae5cefb0 Exception <a 'java/lang/NoSuchMethodError'{0x0000000711c005e0}: 'java.lang.Object java.lang.invoke.DirectMethodHandle$Holder.invokeSpecial(java.lang.Object, java.lang.Object, java.lang.Object, java.lang.Object, java.lang.Object, java.lang.Object, java.lang.Object, java.lang.Object, java.lang.Object, java.lang.Object, java.lang.Object, java.lang.Object, java.lang.Object, java.lang.Object)'> (0x0000000711c005e0) 
thrown [s\src\hotspot\share\interpreter\linkResolver.cpp, line 759]
Event: 2.723 Thread 0x000002c7ae5cefb0 Exception <a 'java/lang/NoSuchMethodError'{0x0000000711c052b0}: 'java.lang.Object java.lang.invoke.Invokers$Holder.invoker(java.lang.Object, java.lang.Object, java.lang.Object, java.lang.Object, java.lang.Object, java.lang.Object, java.lang.Object, java.lang.Object, java.lang.Object, java.lang.Object, java.lang.Object, java.lang.Object, java.lang.Object, java.lang.Object)'> (0x0000000711c052b0) 
thrown [s\src\hotspot\share\interpreter\linkResolver.cpp, line 759]
Event: 2.723 Thread 0x000002c7ae5cefb0 Exception <a 'java/lang/NoSuchMethodError'{0x0000000711c0b020}: 'java.lang.Object java.lang.invoke.DirectMethodHandle$Holder.invokeSpecial(java.lang.Object, java.lang.Object, java.lang.Object, java.lang.Object, java.lang.Object, java.lang.Object, java.lang.Object, java.lang.Object, java.lang.Object, java.lang.Object, java.lang.Object, java.lang.Object, java.lang.Object, java.lang.Object, java.lang.Object)'> (0x0000000711c0b020) 
thrown [s\src\hotspot\share\interpreter\linkResolver.cpp, line 759]
Event: 2.725 Thread 0x000002c7ae5cefb0 Exception <a 'java/lang/NoSuchMethodError'{0x0000000711c1e1a0}: 'int java.lang.invoke.DirectMethodHandle$Holder.invokeVirtual(java.lang.Object, java.lang.Object, java.lang.Object)'> (0x0000000711c1e1a0) 
thrown [s\src\hotspot\share\interpreter\linkResolver.cpp, line 759]
Event: 2.725 Thread 0x000002c7ae5cefb0 Exception <a 'java/lang/NoSuchMethodError'{0x0000000711c21a58}: 'int java.lang.invoke.DirectMethodHandle$Holder.invokeVirtual(java.lang.Object, java.lang.Object)'> (0x0000000711c21a58) 
thrown [s\src\hotspot\share\interpreter\linkResolver.cpp, line 759]
Event: 2.725 Thread 0x000002c7ae5cefb0 Exception <a 'java/lang/NoSuchMethodError'{0x0000000711c25c58}: 'int java.lang.invoke.DirectMethodHandle$Holder.invokeStaticInit(java.lang.Object, int, int)'> (0x0000000711c25c58) 
thrown [s\src\hotspot\share\interpreter\linkResolver.cpp, line 759]
Event: 2.726 Thread 0x000002c7ae5cefb0 Exception <a 'java/lang/NoSuchMethodError'{0x0000000711c2d448}: 'int java.lang.invoke.DirectMethodHandle$Holder.invokeStaticInit(java.lang.Object, long, long)'> (0x0000000711c2d448) 
thrown [s\src\hotspot\share\interpreter\linkResolver.cpp, line 759]
Event: 2.726 Thread 0x000002c7ae5cefb0 Exception <a 'java/lang/NoSuchMethodError'{0x0000000711c34298}: 'int java.lang.invoke.DirectMethodHandle$Holder.invokeStaticInit(java.lang.Object, float, float)'> (0x0000000711c34298) 
thrown [s\src\hotspot\share\interpreter\linkResolver.cpp, line 759]
Event: 2.727 Thread 0x000002c7ae5cefb0 Exception <a 'java/lang/NoSuchMethodError'{0x0000000711c3b0f0}: 'int java.lang.invoke.DirectMethodHandle$Holder.invokeStaticInit(java.lang.Object, double, double)'> (0x0000000711c3b0f0) 
thrown [s\src\hotspot\share\interpreter\linkResolver.cpp, line 759]
Event: 2.727 Thread 0x000002c7ae5cefb0 Exception <a 'java/lang/NoSuchMethodError'{0x0000000711c3f5e0}: 'int java.lang.invoke.DirectMethodHandle$Holder.invokeStatic(java.lang.Object, long)'> (0x0000000711c3f5e0) 
thrown [s\src\hotspot\share\interpreter\linkResolver.cpp, line 759]
Event: 2.729 Thread 0x000002c7ae5cefb0 Exception <a 'java/lang/NoSuchMethodError'{0x0000000711c63ff8}: 'int java.lang.invoke.DirectMethodHandle$Holder.invokeSpecial(java.lang.Object, java.lang.Object, int)'> (0x0000000711c63ff8) 
thrown [s\src\hotspot\share\interpreter\linkResolver.cpp, line 759]
Event: 2.730 Thread 0x000002c7ae5cefb0 Exception <a 'java/lang/NoSuchMethodError'{0x0000000711c6b8f0}: 'int java.lang.invoke.Invokers$Holder.linkToTargetMethod(java.lang.Object, java.lang.Object)'> (0x0000000711c6b8f0) 
thrown [s\src\hotspot\share\interpreter\linkResolver.cpp, line 759]
Event: 2.743 Thread 0x000002c7ae5cefb0 Exception <a 'java/lang/NoSuchMethodError'{0x0000000711d51758}: 'java.lang.Object java.lang.invoke.DirectMethodHandle$Holder.invokeSpecial(java.lang.Object, java.lang.Object, java.lang.Object, java.lang.Object, java.lang.Object, java.lang.Object, java.lang.Object, java.lang.Object, java.lang.Object, java.lang.Object)'> (0x0000000711d51758) 
thrown [s\src\hotspot\share\interpreter\linkResolver.cpp, line 759]
Event: 2.744 Thread 0x000002c7ae5cefb0 Exception <a 'java/lang/NoSuchMethodError'{0x0000000711d55fe8}: 'java.lang.Object java.lang.invoke.Invokers$Holder.invoke_MT(java.lang.Object, java.lang.Object, java.lang.Object, java.lang.Object, java.lang.Object, java.lang.Object, java.lang.Object, java.lang.Object, java.lang.Object, java.lang.Object)'> (0x0000000711d55fe8) 
thrown [s\src\hotspot\share\interpreter\linkResolver.cpp, line 759]
Event: 2.746 Thread 0x000002c7ae5cefb0 Exception <a 'java/lang/NoSuchMethodError'{0x0000000711d950f8}: 'java.lang.Object java.lang.invoke.DirectMethodHandle$Holder.invokeSpecial(java.lang.Object, java.lang.Object, int, java.lang.Object, java.lang.Object)'> (0x0000000711d950f8) 
thrown [s\src\hotspot\share\interpreter\linkResolver.cpp, line 759]
Event: 2.746 Thread 0x000002c7ae5cefb0 Exception <a 'java/lang/NoSuchMethodError'{0x0000000711d98da0}: 'java.lang.Object java.lang.invoke.DelegatingMethodHandle$Holder.delegate(java.lang.Object, int, java.lang.Object, java.lang.Object)'> (0x0000000711d98da0) 
thrown [s\src\hotspot\share\interpreter\linkResolver.cpp, line 759]
Event: 2.747 Thread 0x000002c7ae5cefb0 Exception <a 'java/lang/NoSuchMethodError'{0x0000000711da9c28}: 'int java.lang.invoke.Invokers$Holder.linkToTargetMethod(java.lang.Object, java.lang.Object, java.lang.Object)'> (0x0000000711da9c28) 
thrown [s\src\hotspot\share\interpreter\linkResolver.cpp, line 759]
Event: 2.799 Thread 0x000002c7a9f1e050 Exception <a 'java/lang/reflect/InvocationTargetException'{0x0000000705cef898}> (0x0000000705cef898) 
thrown [s\src\hotspot\share\runtime\reflection.cpp, line 1121]
Event: 2.799 Thread 0x000002c7ae5cefb0 Exception <a 'java/lang/NoClassDefFoundError'{0x0000000705c7b8e0}: org/flywaydb/core/Flyway> (0x0000000705c7b8e0) 
thrown [s\src\hotspot\share\classfile\systemDictionary.cpp, line 245]
Event: 2.800 Thread 0x000002c7ae5cefb0 Exception <a 'java/lang/NoClassDefFoundError'{0x0000000705c7de10}: liquibase/integration/spring/SpringLiquibase> (0x0000000705c7de10) 
thrown [s\src\hotspot\share\classfile\systemDictionary.cpp, line 245]

VM Operations (20 events):
Event: 2.417 Executing VM operation: HandshakeAllThreads
Event: 2.417 Executing VM operation: HandshakeAllThreads done
Event: 2.502 Executing VM operation: HandshakeAllThreads
Event: 2.502 Executing VM operation: HandshakeAllThreads done
Event: 2.553 Executing VM operation: ICBufferFull
Event: 2.553 Executing VM operation: ICBufferFull done
Event: 2.589 Executing VM operation: HandshakeAllThreads
Event: 2.589 Executing VM operation: HandshakeAllThreads done
Event: 2.716 Executing VM operation: CollectForMetadataAllocation
Event: 2.722 Executing VM operation: CollectForMetadataAllocation done
Event: 2.733 Executing VM operation: HandshakeAllThreads
Event: 2.733 Executing VM operation: HandshakeAllThreads done
Event: 2.733 Executing VM operation: G1Concurrent
Event: 2.735 Executing VM operation: G1Concurrent done
Event: 2.739 Executing VM operation: HandshakeAllThreads
Event: 2.739 Executing VM operation: HandshakeAllThreads done
Event: 2.739 Executing VM operation: G1Concurrent
Event: 2.739 Executing VM operation: G1Concurrent done
Event: 2.752 Executing VM operation: HandshakeAllThreads
Event: 2.752 Executing VM operation: HandshakeAllThreads done

Events (20 events):
Event: 2.724 loading class sun/invoke/util/ValueConversions$WrapperCache
Event: 2.724 loading class sun/invoke/util/ValueConversions$WrapperCache done
Event: 2.724 loading class java/lang/invoke/BoundMethodHandle$Species_I
Event: 2.724 loading class java/lang/invoke/BoundMethodHandle$Species_I done
Event: 2.725 loading class java/lang/runtime/ObjectMethods$1
Event: 2.725 loading class java/lang/runtime/ObjectMethods$1 done
Event: 2.728 loading class java/lang/invoke/DirectMethodHandle$1
Event: 2.728 loading class java/lang/invoke/DirectMethodHandle$1 done
Event: 2.746 loading class java/util/AbstractList$RandomAccessSubList
Event: 2.746 loading class java/util/AbstractList$SubList
Event: 2.746 loading class java/util/AbstractList$SubList done
Event: 2.746 loading class java/util/AbstractList$RandomAccessSubList done
Event: 2.746 loading class java/util/AbstractList$SubList$1
Event: 2.746 loading class java/util/AbstractList$SubList$1 done
Event: 2.746 loading class java/lang/invoke/MethodHandleImpl$CountingWrapper
Event: 2.747 loading class java/lang/invoke/MethodHandleImpl$CountingWrapper done
Event: 2.757 loading class java/util/DualPivotQuicksort
Event: 2.757 loading class java/util/DualPivotQuicksort done
Event: 2.774 loading class jdk/internal/reflect/UnsafeStaticObjectFieldAccessorImpl
Event: 2.774 loading class jdk/internal/reflect/UnsafeStaticObjectFieldAccessorImpl done


Dynamic libraries:
0x00007ff63dad0000 - 0x00007ff63dade000 	C:\sts-4.19.0.RELEASE\plugins\org.eclipse.justj.openjdk.hotspot.jre.full.win32.x86_64_17.0.7.v20230425-1502\jre\bin\javaw.exe
0x00007ff8807d0000 - 0x00007ff8809e4000 	C:\Windows\SYSTEM32\ntdll.dll
0x00007ff8395b0000 - 0x00007ff8395c9000 	C:\Program Files\Avast Software\Avast\aswhook.dll
0x00007ff87f040000 - 0x00007ff87f104000 	C:\Windows\System32\KERNEL32.DLL
0x00007ff87dd40000 - 0x00007ff87e0e4000 	C:\Windows\System32\KERNELBASE.dll
0x00007ff87e300000 - 0x00007ff87e411000 	C:\Windows\System32\ucrtbase.dll
0x00007ff878ce0000 - 0x00007ff878cf9000 	C:\sts-4.19.0.RELEASE\plugins\org.eclipse.justj.openjdk.hotspot.jre.full.win32.x86_64_17.0.7.v20230425-1502\jre\bin\VCRUNTIME140.dll
0x00007ff865ee0000 - 0x00007ff865ef7000 	C:\sts-4.19.0.RELEASE\plugins\org.eclipse.justj.openjdk.hotspot.jre.full.win32.x86_64_17.0.7.v20230425-1502\jre\bin\jli.dll
0x00007ff87ff50000 - 0x00007ff8800fa000 	C:\Windows\System32\USER32.dll
0x00007ff87dd10000 - 0x00007ff87dd36000 	C:\Windows\System32\win32u.dll
0x00007ff87e590000 - 0x00007ff87e5b9000 	C:\Windows\System32\GDI32.dll
0x00007ff87e1e0000 - 0x00007ff87e2f9000 	C:\Windows\System32\gdi32full.dll
0x00007ff860bb0000 - 0x00007ff860e3f000 	C:\Windows\WinSxS\amd64_microsoft.windows.common-controls_6595b64144ccf1df_6.0.22621.2070_none_2713e6537381f706\COMCTL32.dll
0x00007ff87dc70000 - 0x00007ff87dd0a000 	C:\Windows\System32\msvcp_win.dll
0x00007ff87f380000 - 0x00007ff87f427000 	C:\Windows\System32\msvcrt.dll
0x00007ff87eaf0000 - 0x00007ff87eb21000 	C:\Windows\System32\IMM32.DLL
0x00007ff878cd0000 - 0x00007ff878cdc000 	C:\sts-4.19.0.RELEASE\plugins\org.eclipse.justj.openjdk.hotspot.jre.full.win32.x86_64_17.0.7.v20230425-1502\jre\bin\vcruntime140_1.dll
0x00007ff878c30000 - 0x00007ff878cc1000 	C:\sts-4.19.0.RELEASE\plugins\org.eclipse.justj.openjdk.hotspot.jre.full.win32.x86_64_17.0.7.v20230425-1502\jre\bin\msvcp140.dll
0x00007fffd0d40000 - 0x00007fffd1988000 	C:\sts-4.19.0.RELEASE\plugins\org.eclipse.justj.openjdk.hotspot.jre.full.win32.x86_64_17.0.7.v20230425-1502\jre\bin\server\jvm.dll
0x00007ff87f110000 - 0x00007ff87f1c0000 	C:\Windows\System32\ADVAPI32.dll
0x00007ff87fd10000 - 0x00007ff87fdb6000 	C:\Windows\System32\sechost.dll
0x00007ff87eb30000 - 0x00007ff87ec47000 	C:\Windows\System32\RPCRT4.dll
0x00007ff875c30000 - 0x00007ff875c64000 	C:\Windows\SYSTEM32\WINMM.dll
0x00007ff877770000 - 0x00007ff87777a000 	C:\Windows\SYSTEM32\VERSION.dll
0x00007ff85cdf0000 - 0x00007ff85cdf9000 	C:\Windows\SYSTEM32\WSOCK32.dll
0x00007ff87efc0000 - 0x00007ff87f031000 	C:\Windows\System32\WS2_32.dll
0x00007ff87cbd0000 - 0x00007ff87cbe8000 	C:\Windows\SYSTEM32\kernel.appcore.dll
0x00007ff865f40000 - 0x00007ff865f4a000 	C:\sts-4.19.0.RELEASE\plugins\org.eclipse.justj.openjdk.hotspot.jre.full.win32.x86_64_17.0.7.v20230425-1502\jre\bin\jimage.dll
0x00007ff87b520000 - 0x00007ff87b74e000 	C:\Windows\SYSTEM32\DBGHELP.DLL
0x00007ff87e760000 - 0x00007ff87eaea000 	C:\Windows\System32\combase.dll
0x00007ff8805b0000 - 0x00007ff880687000 	C:\Windows\System32\OLEAUT32.dll
0x00007ff8663f0000 - 0x00007ff866422000 	C:\Windows\SYSTEM32\dbgcore.DLL
0x00007ff87e160000 - 0x00007ff87e1da000 	C:\Windows\System32\bcryptPrimitives.dll
0x00007ff865f00000 - 0x00007ff865f25000 	C:\sts-4.19.0.RELEASE\plugins\org.eclipse.justj.openjdk.hotspot.jre.full.win32.x86_64_17.0.7.v20230425-1502\jre\bin\java.dll
0x00007ff865ec0000 - 0x00007ff865ed8000 	C:\sts-4.19.0.RELEASE\plugins\org.eclipse.justj.openjdk.hotspot.jre.full.win32.x86_64_17.0.7.v20230425-1502\jre\bin\zip.dll
0x00007ff87f480000 - 0x00007ff87fc96000 	C:\Windows\System32\SHELL32.dll
0x00007ff87bb30000 - 0x00007ff87c41a000 	C:\Windows\SYSTEM32\windows.storage.dll
0x00007ff87b9f0000 - 0x00007ff87bb2e000 	C:\Windows\SYSTEM32\wintypes.dll
0x00007ff87fdc0000 - 0x00007ff87feb3000 	C:\Windows\System32\SHCORE.dll
0x00007ff87ec70000 - 0x00007ff87ecce000 	C:\Windows\System32\shlwapi.dll
0x00007ff87dae0000 - 0x00007ff87db06000 	C:\Windows\SYSTEM32\profapi.dll
0x00007ff865ea0000 - 0x00007ff865eb9000 	C:\sts-4.19.0.RELEASE\plugins\org.eclipse.justj.openjdk.hotspot.jre.full.win32.x86_64_17.0.7.v20230425-1502\jre\bin\net.dll
0x00007ff875af0000 - 0x00007ff875c27000 	C:\Windows\SYSTEM32\WINHTTP.dll
0x00007ff87d110000 - 0x00007ff87d179000 	C:\Windows\system32\mswsock.dll
0x00007ff865e80000 - 0x00007ff865e95000 	C:\sts-4.19.0.RELEASE\plugins\org.eclipse.justj.openjdk.hotspot.jre.full.win32.x86_64_17.0.7.v20230425-1502\jre\bin\nio.dll
0x00007ff878c20000 - 0x00007ff878c29000 	C:\sts-4.19.0.RELEASE\plugins\org.eclipse.justj.openjdk.hotspot.jre.full.win32.x86_64_17.0.7.v20230425-1502\jre\bin\management.dll
0x00007ff878c10000 - 0x00007ff878c1b000 	C:\sts-4.19.0.RELEASE\plugins\org.eclipse.justj.openjdk.hotspot.jre.full.win32.x86_64_17.0.7.v20230425-1502\jre\bin\management_ext.dll
0x00007ff87ff40000 - 0x00007ff87ff48000 	C:\Windows\System32\PSAPI.DLL
0x00007ff84cc70000 - 0x00007ff84cc87000 	C:\Windows\system32\napinsp.dll
0x00007ff84cc50000 - 0x00007ff84cc6b000 	C:\Windows\system32\pnrpnsp.dll
0x00007ff87c6f0000 - 0x00007ff87c7e3000 	C:\Windows\SYSTEM32\DNSAPI.dll
0x00007ff87c680000 - 0x00007ff87c6ad000 	C:\Windows\SYSTEM32\IPHLPAPI.DLL
0x00007ff87ece0000 - 0x00007ff87ece9000 	C:\Windows\System32\NSI.dll
0x00007ff84cc30000 - 0x00007ff84cc41000 	C:\Windows\System32\winrnr.dll
0x00007ff875400000 - 0x00007ff875415000 	C:\Windows\system32\wshbth.dll
0x00007ff84cc00000 - 0x00007ff84cc21000 	C:\Windows\system32\nlansp_c.dll
0x00007ff8706f0000 - 0x00007ff8706fa000 	C:\Windows\System32\rasadhlp.dll
0x00007ff8733f0000 - 0x00007ff873474000 	C:\Windows\System32\fwpuclnt.dll
0x00007ff87d430000 - 0x00007ff87d44b000 	C:\Windows\SYSTEM32\CRYPTSP.dll
0x00007ff87cb90000 - 0x00007ff87cbc5000 	C:\Windows\system32\rsaenh.dll
0x00007ff87d1b0000 - 0x00007ff87d1dc000 	C:\Windows\SYSTEM32\USERENV.dll
0x00007ff87d570000 - 0x00007ff87d598000 	C:\Windows\SYSTEM32\bcrypt.dll
0x00007ff87d410000 - 0x00007ff87d41c000 	C:\Windows\SYSTEM32\CRYPTBASE.dll
0x00007ff875ad0000 - 0x00007ff875ae9000 	C:\Windows\SYSTEM32\dhcpcsvc6.DLL
0x00007ff875ab0000 - 0x00007ff875acf000 	C:\Windows\SYSTEM32\dhcpcsvc.DLL

dbghelp: loaded successfully - version: 4.0.5 - missing functions: none
symbol engine: initialized successfully - sym options: 0x614 - pdb path: .;C:\sts-4.19.0.RELEASE\plugins\org.eclipse.justj.openjdk.hotspot.jre.full.win32.x86_64_17.0.7.v20230425-1502\jre\bin;C:\Windows\SYSTEM32;C:\Program Files\Avast Software\Avast;C:\Windows\WinSxS\amd64_microsoft.windows.common-controls_6595b64144ccf1df_6.0.22621.2070_none_2713e6537381f706;C:\sts-4.19.0.RELEASE\plugins\org.eclipse.justj.openjdk.hotspot.jre.full.win32.x86_64_17.0.7.v20230425-1502\jre\bin\server

VM Arguments:
jvm_args: -Dcom.sun.management.jmxremote -Dcom.sun.management.jmxremote.port=50169 -Dcom.sun.management.jmxremote.authenticate=false -Dcom.sun.management.jmxremote.ssl=false -Djava.rmi.server.hostname=localhost -Dspring.jmx.enabled=true -Dmanagement.endpoints.jmx.exposure.include=* -Dspring.application.admin.enabled=true -XX:TieredStopAtLevel=1 -Dspring.boot.project.name=HPS_Projet_BackEnd -Dfile.encoding=UTF-8 -XX:+ShowCodeDetailsInExceptionMessages 
java_command: com.example.hps.HpsAppApplication --spring.output.ansi.enabled=always
java_class_path (initial): C:\Users\hi\Desktop\HPS\HPS_Projet_BackEnd\target\classes;C:\Users\hi\.m2\repository\org\springframework\boot\spring-boot-starter-data-rest\3.1.1\spring-boot-starter-data-rest-3.1.1.jar;C:\Users\hi\.m2\repository\org\springframework\boot\spring-boot-starter-web\3.1.1\spring-boot-starter-web-3.1.1.jar;C:\Users\hi\.m2\repository\org\springframework\boot\spring-boot-starter-json\3.1.1\spring-boot-starter-json-3.1.1.jar;C:\Users\hi\.m2\repository\com\fasterxml\jackson\datatype\jackson-datatype-jdk8\2.15.2\jackson-datatype-jdk8-2.15.2.jar;C:\Users\hi\.m2\repository\com\fasterxml\jackson\datatype\jackson-datatype-jsr310\2.15.2\jackson-datatype-jsr310-2.15.2.jar;C:\Users\hi\.m2\repository\com\fasterxml\jackson\module\jackson-module-parameter-names\2.15.2\jackson-module-parameter-names-2.15.2.jar;C:\Users\hi\.m2\repository\org\springframework\boot\spring-boot-starter-tomcat\3.1.1\spring-boot-starter-tomcat-3.1.1.jar;C:\Users\hi\.m2\repository\org\apache\tomcat\embed\tomcat-embed-core\10.1.10\tomcat-embed-core-10.1.10.jar;C:\Users\hi\.m2\repository\org\apache\tomcat\embed\tomcat-embed-websocket\10.1.10\tomcat-embed-websocket-10.1.10.jar;C:\Users\hi\.m2\repository\org\springframework\spring-web\6.0.10\spring-web-6.0.10.jar;C:\Users\hi\.m2\repository\io\micrometer\micrometer-observation\1.11.1\micrometer-observation-1.11.1.jar;C:\Users\hi\.m2\repository\io\micrometer\micrometer-commons\1.11.1\micrometer-commons-1.11.1.jar;C:\Users\hi\.m2\repository\org\springframework\spring-webmvc\6.0.10\spring-webmvc-6.0.10.jar;C:\Users\hi\.m2\repository\org\springframework\data\spring-data-rest-webmvc\4.1.1\spring-data-rest-webmvc-4.1.1.jar;C:\Users\hi\.m2\repository\org\springframework\data\spring-data-rest-core\4.1.1\spring-data-rest-core-4.1.1.jar;C:\Users\hi\.m2\repository\org\springframework\hateoas\spring-hateoas\2.1.0\spring-hateoas-2.1.0.jar;C:\Users\hi\.m2\repository\org\springframework\plugin\spring-plugin-core\3.0.0\spring-plugin-core-3.0.0.jar;C:\Use
Launcher Type: SUN_STANDARD

[Global flags]
     intx CICompilerCount                          = 4                                         {product} {ergonomic}
     uint ConcGCThreads                            = 2                                         {product} {ergonomic}
     uint G1ConcRefinementThreads                  = 8                                         {product} {ergonomic}
   size_t G1HeapRegionSize                         = 2097152                                   {product} {ergonomic}
    uintx GCDrainStackTargetSize                   = 64                                        {product} {ergonomic}
   size_t InitialHeapSize                          = 266338304                                 {product} {ergonomic}
     bool ManagementServer                         = true                                      {product} {command line}
   size_t MarkStackSize                            = 4194304                                   {product} {ergonomic}
   size_t MaxHeapSize                              = 4261412864                                {product} {ergonomic}
   size_t MaxNewSize                               = 2556428288                                {product} {ergonomic}
   size_t MinHeapDeltaBytes                        = 2097152                                   {product} {ergonomic}
   size_t MinHeapSize                              = 8388608                                   {product} {ergonomic}
    uintx NonProfiledCodeHeapSize                  = 0                                      {pd product} {ergonomic}
     bool ProfileInterpreter                       = false                                  {pd product} {command line}
    uintx ProfiledCodeHeapSize                     = 0                                      {pd product} {ergonomic}
     bool ShowCodeDetailsInExceptionMessages       = true                                   {manageable} {command line}
   size_t SoftMaxHeapSize                          = 4261412864                             {manageable} {ergonomic}
     intx TieredStopAtLevel                        = 1                                         {product} {command line}
     bool UseCompressedClassPointers               = true                           {product lp64_product} {ergonomic}
     bool UseCompressedOops                        = true                           {product lp64_product} {ergonomic}
     bool UseG1GC                                  = true                                      {product} {ergonomic}
     bool UseLargePagesIndividualAllocation        = false                                  {pd product} {ergonomic}

Logging:
Log output configuration:
 #0: stdout all=warning uptime,level,tags
 #1: stderr all=off uptime,level,tags

Environment Variables:
JAVA_HOME=C:\Program Files\Java\jdk-20
PATH=C:/sts-4.19.0.RELEASE//plugins/org.eclipse.justj.openjdk.hotspot.jre.full.win32.x86_64_17.0.7.v20230425-1502/jre/bin/server;C:/sts-4.19.0.RELEASE//plugins/org.eclipse.justj.openjdk.hotspot.jre.full.win32.x86_64_17.0.7.v20230425-1502/jre/bin;C:\Program Files\Common Files\Oracle\Java\javapath;C:\Windows\system32;C:\Windows;C:\Windows\System32\Wbem;C:\Windows\System32\WindowsPowerShell\v1.0\;C:\Windows\System32\OpenSSH\;C:\Program Files\Java\jdk-20\bin;C:\Program Files\Git\cmd;C:\Program Files\Common Files\Oracle\Java\javapath;C:\Program Files\Git LFS;C:\Program Files\nodejs\;C:\Users\hi\AppData\Local\Microsoft\WindowsApps;C:\Users\hi\AppData\Local\GitHubDesktop\bin;C:\Users\hi\AppData\Roaming\npm;C:\Users\hi\AppData\Local\Programs\Microsoft VS Code\bin;C:\sts-4.19.0.RELEASE;
USERNAME=hi
OS=Windows_NT
PROCESSOR_IDENTIFIER=Intel64 Family 6 Model 142 Stepping 12, GenuineIntel
TMP=C:\Users\hi\AppData\Local\Temp
TEMP=C:\Users\hi\AppData\Local\Temp



---------------  S Y S T E M  ---------------

OS:
 Windows 11 , 64 bit Build 22621 (10.0.22621.2070)
OS uptime: 0 days 0:11 hours
Hyper-V role detected

CPU: total 8 (initial active 8) (4 cores per cpu, 2 threads per core) family 6 model 142 stepping 12 microcode 0xec, cx8, cmov, fxsr, ht, mmx, 3dnowpref, sse, sse2, sse3, ssse3, sse4.1, sse4.2, popcnt, lzcnt, tsc, tscinvbit, avx, avx2, aes, erms, clmul, bmi1, bmi2, adx, fma, vzeroupper, clflush, clflushopt, hv

Memory: 4k page, system-wide physical 16254M (7734M free)
TotalPageFile size 22398M (AvailPageFile size 12392M)
current process WorkingSet (physical memory assigned to process): 155M, peak: 215M
current process commit charge ("private bytes"): 282M, peak: 365M

vm_info: OpenJDK 64-Bit Server VM (17.0.7+7) for windows-amd64 JRE (17.0.7+7), built on Apr 18 2023 22:10:42 by "temurin" with MS VC++ 16.7 (VS2019)

END.
