#
# A fatal error has been detected by the Java Runtime Environment:
#
#  Internal Error (macroAssembler_x86.cpp:864), pid=18120, tid=14080
#  fatal error: DEBUG MESSAGE: illegal bytecode sequence - method not verified
#
# JRE version: OpenJDK Runtime Environment Temurin-17.0.7+7 (17.0.7+7) (build 17.0.7+7)
# Java VM: OpenJDK 64-Bit Server VM Temurin-17.0.7+7 (17.0.7+7, mixed mode, emulated-client, tiered, compressed oops, compressed class ptrs, g1 gc, windows-amd64)
# No core dump will be written. Minidumps are not enabled by default on client versions of Windows
#
# If you would like to submit a bug report, please visit:
#   https://github.com/adoptium/adoptium-support/issues
#

---------------  S U M M A R Y ------------

Command Line: -Dcom.sun.management.jmxremote -Dcom.sun.management.jmxremote.port=49967 -Dcom.sun.management.jmxremote.authenticate=false -Dcom.sun.management.jmxremote.ssl=false -Djava.rmi.server.hostname=localhost -Dspring.jmx.enabled=true -Dmanagement.endpoints.jmx.exposure.include=* -Dspring.application.admin.enabled=true -XX:TieredStopAtLevel=1 -Dspring.boot.project.name=HPS_Projet_BackEnd -Dfile.encoding=UTF-8 -XX:+ShowCodeDetailsInExceptionMessages com.example.hps.HpsAppApplication --spring.output.ansi.enabled=always

Host: Intel(R) Core(TM) i7-8565U CPU @ 1.80GHz, 8 cores, 15G,  Windows 11 , 64 bit Build 22621 (10.0.22621.1928)
Time: Tue Jul 25 15:30:48 2023 Morocco Daylight Time elapsed time: 160.351539 seconds (0d 0h 2m 40s)

---------------  T H R E A D  ---------------

Current thread (0x000001656847c8e0):  JavaThread "restartedMain" [_thread_in_Java, id=14080, stack(0x0000000195100000,0x0000000195200000)]

Stack: [0x0000000195100000,0x0000000195200000]
Native frames: (J=compiled Java code, j=interpreted, Vv=VM code, C=native code)
V  [jvm.dll+0x67754a]
V  [jvm.dll+0x834304]
V  [jvm.dll+0x835aae]
V  [jvm.dll+0x24668b]
V  [jvm.dll+0x5adbde]
C  0x0000016552b99077


---------------  P R O C E S S  ---------------

Threads class SMR info:
_java_thread_list=0x0000016566b8daf0, length=22, elements={
0x0000016566061640, 0x0000016566064f20, 0x0000016561e8e4c0, 0x00000165660a9000,
0x00000165660a98c0, 0x00000165660aa180, 0x00000165660aff50, 0x00000165660b9870,
0x000001656616d330, 0x0000016566290380, 0x00000165669097f0, 0x00000165668eee80,
0x0000016566902d80, 0x00000165670c8e40, 0x00000165670ec820, 0x0000016567120970,
0x00000165671c45a0, 0x0000016568478f20, 0x000001656847d280, 0x000001656847ef60,
0x000001656847c8e0, 0x0000016566787500
}

Java Threads: ( => current thread )
  0x0000016566061640 JavaThread "Reference Handler" daemon [_thread_blocked, id=13536, stack(0x0000000195a00000,0x0000000195b00000)]
  0x0000016566064f20 JavaThread "Finalizer" daemon [_thread_blocked, id=18528, stack(0x0000000195b00000,0x0000000195c00000)]
  0x0000016561e8e4c0 JavaThread "Signal Dispatcher" daemon [_thread_blocked, id=18532, stack(0x0000000195c00000,0x0000000195d00000)]
  0x00000165660a9000 JavaThread "Attach Listener" daemon [_thread_blocked, id=18536, stack(0x0000000195d00000,0x0000000195e00000)]
  0x00000165660a98c0 JavaThread "Service Thread" daemon [_thread_blocked, id=18540, stack(0x0000000195e00000,0x0000000195f00000)]
  0x00000165660aa180 JavaThread "Monitor Deflation Thread" daemon [_thread_blocked, id=18544, stack(0x0000000195f00000,0x0000000196000000)]
  0x00000165660aff50 JavaThread "C1 CompilerThread0" daemon [_thread_blocked, id=18548, stack(0x0000000196000000,0x0000000196100000)]
  0x00000165660b9870 JavaThread "Sweeper thread" daemon [_thread_blocked, id=18552, stack(0x0000000196100000,0x0000000196200000)]
  0x000001656616d330 JavaThread "Common-Cleaner" daemon [_thread_blocked, id=18556, stack(0x0000000196200000,0x0000000196300000)]
  0x0000016566290380 JavaThread "Notification Thread" daemon [_thread_blocked, id=1476, stack(0x0000000196400000,0x0000000196500000)]
  0x00000165669097f0 JavaThread "RMI TCP Accept-0" daemon [_thread_in_native, id=18560, stack(0x0000000196700000,0x0000000196800000)]
  0x00000165668eee80 JavaThread "RMI TCP Accept-49967" daemon [_thread_in_native, id=4504, stack(0x0000000196800000,0x0000000196900000)]
  0x0000016566902d80 JavaThread "RMI TCP Accept-0" daemon [_thread_in_native, id=14704, stack(0x0000000196900000,0x0000000196a00000)]
  0x00000165670c8e40 JavaThread "RMI Scheduler(0)" daemon [_thread_blocked, id=11056, stack(0x0000000196c00000,0x0000000196d00000)]
  0x00000165670ec820 JavaThread "RMI TCP Connection(idle)" daemon [_thread_blocked, id=4140, stack(0x0000000196d00000,0x0000000196e00000)]
  0x0000016567120970 JavaThread "JMX server connection timeout 22" daemon [_thread_blocked, id=10232, stack(0x0000000196e00000,0x0000000196f00000)]
  0x00000165671c45a0 JavaThread "mysql-cj-abandoned-connection-cleanup" daemon [_thread_blocked, id=3436, stack(0x0000000197a00000,0x0000000197b00000)]
  0x0000016568478f20 JavaThread "Live Reload Server" daemon [_thread_in_native, id=2392, stack(0x0000000198400000,0x0000000198500000)]
  0x000001656847d280 JavaThread "DestroyJavaVM" [_thread_blocked, id=18476, stack(0x0000000195300000,0x0000000195400000)]
  0x000001656847ef60 JavaThread "Thread-5" [_thread_blocked, id=2456, stack(0x0000000195000000,0x0000000195100000)]
=>0x000001656847c8e0 JavaThread "restartedMain" [_thread_in_Java, id=14080, stack(0x0000000195100000,0x0000000195200000)]
  0x0000016566787500 JavaThread "C1 CompilerThread1" daemon [_thread_blocked, id=3024, stack(0x0000000195200000,0x0000000195300000)]

Other Threads:
  0x0000016561e89350 VMThread "VM Thread" [stack: 0x0000000195900000,0x0000000195a00000] [id=18504]
  0x000001654f581d50 WatcherThread [stack: 0x0000000196a00000,0x0000000196b00000] [id=18288]
  0x000001654f563710 GCTaskThread "GC Thread#0" [stack: 0x0000000195400000,0x0000000195500000] [id=18480]
  0x00000165670f92c0 GCTaskThread "GC Thread#1" [stack: 0x0000000196f00000,0x0000000197000000] [id=16852]
  0x00000165671283d0 GCTaskThread "GC Thread#2" [stack: 0x0000000197000000,0x0000000197100000] [id=16272]
  0x0000016567130bd0 GCTaskThread "GC Thread#3" [stack: 0x0000000197100000,0x0000000197200000] [id=3212]
  0x0000016567130e80 GCTaskThread "GC Thread#4" [stack: 0x0000000197200000,0x0000000197300000] [id=824]
  0x0000016567131130 GCTaskThread "GC Thread#5" [stack: 0x0000000197300000,0x0000000197400000] [id=18104]
  0x000001656716e5f0 GCTaskThread "GC Thread#6" [stack: 0x0000000197400000,0x0000000197500000] [id=13552]
  0x00000165673028a0 GCTaskThread "GC Thread#7" [stack: 0x0000000197900000,0x0000000197a00000] [id=14844]
  0x000001654f5745b0 ConcurrentGCThread "G1 Main Marker" [stack: 0x0000000195500000,0x0000000195600000] [id=18492]
  0x000001654f5766e0 ConcurrentGCThread "G1 Conc#0" [stack: 0x0000000195600000,0x0000000195700000] [id=18484]
  0x00000165673985e0 ConcurrentGCThread "G1 Conc#1" [stack: 0x0000000197b00000,0x0000000197c00000] [id=18360]
  0x000001654f59e5c0 ConcurrentGCThread "G1 Refine#0" [stack: 0x0000000195700000,0x0000000195800000] [id=18488]
  0x00000165671317f0 ConcurrentGCThread "G1 Refine#1" [stack: 0x0000000197500000,0x0000000197600000] [id=15060]
  0x000001656713a330 ConcurrentGCThread "G1 Refine#2" [stack: 0x0000000197600000,0x0000000197700000] [id=1700]
  0x0000016561d40230 ConcurrentGCThread "G1 Service" [stack: 0x0000000195800000,0x0000000195900000] [id=18496]

Threads with active compile tasks:

VM state: not at safepoint (normal execution)

VM Mutex/Monitor currently owned by a thread: None

Heap address: 0x0000000702000000, size: 4064 MB, Compressed Oops mode: Zero based, Oop shift amount: 3

CDS archive(s) not mapped
Compressed class space mapped at: 0x0000000800000000-0x0000000840000000, reserved size: 1073741824
Narrow klass base: 0x0000000800000000, Narrow klass shift: 0, Narrow klass range: 0x40000000

GC Precious Log:
 CPUs: 8 total, 8 available
 Memory: 16254M
 Large Page Support: Disabled
 NUMA Support: Disabled
 Compressed Oops: Enabled (Zero based)
 Heap Region Size: 2M
 Heap Min Capacity: 8M
 Heap Initial Capacity: 254M
 Heap Max Capacity: 4064M
 Pre-touch: Disabled
 Parallel Workers: 8
 Concurrent Workers: 2
 Concurrent Refinement Workers: 8
 Periodic GC: Disabled

Heap:
 garbage-first heap   total 116736K, used 33067K [0x0000000702000000, 0x0000000800000000)
  region size 2048K, 2 young (4096K), 0 survivors (0K)
 Metaspace       used 82162K, committed 82880K, reserved 1179648K
  class space    used 11346K, committed 11712K, reserved 1048576K

Heap Regions: E=young(eden), S=young(survivor), O=old, HS=humongous(starts), HC=humongous(continues), CS=collection set, F=free, OA=open archive, CA=closed archive, TAMS=top-at-mark-start (previous, next)
|   0|0x0000000702000000, 0x0000000702200000, 0x0000000702200000|100%| O|  |TAMS 0x0000000702200000, 0x0000000702000000| Untracked 
|   1|0x0000000702200000, 0x0000000702400000, 0x0000000702400000|100%| O|  |TAMS 0x0000000702400000, 0x0000000702200000| Untracked 
|   2|0x0000000702400000, 0x0000000702600000, 0x0000000702600000|100%| O|  |TAMS 0x0000000702400000, 0x0000000702400000| Untracked 
|   3|0x0000000702600000, 0x00000007027ff670, 0x0000000702800000| 99%| O|  |TAMS 0x0000000702600000, 0x0000000702600000| Untracked 
|   4|0x0000000702800000, 0x00000007029ff3b8, 0x0000000702a00000| 99%| O|  |TAMS 0x0000000702800000, 0x0000000702800000| Untracked 
|   5|0x0000000702a00000, 0x0000000702bffff8, 0x0000000702c00000| 99%| O|  |TAMS 0x0000000702a00000, 0x0000000702a00000| Untracked 
|   6|0x0000000702c00000, 0x0000000702dfffd8, 0x0000000702e00000| 99%| O|  |TAMS 0x0000000702c00000, 0x0000000702c00000| Untracked 
|   7|0x0000000702e00000, 0x0000000702ffffd8, 0x0000000703000000| 99%| O|  |TAMS 0x0000000702e00000, 0x0000000702e00000| Untracked 
|   8|0x0000000703000000, 0x00000007031ffff0, 0x0000000703200000| 99%| O|  |TAMS 0x0000000703000000, 0x0000000703000000| Untracked 
|   9|0x0000000703200000, 0x00000007033fffe8, 0x0000000703400000| 99%| O|  |TAMS 0x0000000703200000, 0x0000000703200000| Untracked 
|  10|0x0000000703400000, 0x000000070359f8e8, 0x0000000703600000| 81%| O|  |TAMS 0x0000000703400000, 0x0000000703400000| Untracked 
|  11|0x0000000703600000, 0x00000007037ffff0, 0x0000000703800000| 99%| O|  |TAMS 0x0000000703600000, 0x0000000703600000| Untracked 
|  12|0x0000000703800000, 0x00000007039c3e98, 0x0000000703a00000| 88%| O|  |TAMS 0x0000000703800000, 0x0000000703800000| Untracked 
|  13|0x0000000703a00000, 0x0000000703ba7fc8, 0x0000000703c00000| 82%| O|  |TAMS 0x0000000703a00000, 0x0000000703a00000| Untracked 
|  14|0x0000000703c00000, 0x0000000703df19a8, 0x0000000703e00000| 97%| O|  |TAMS 0x0000000703c00000, 0x0000000703c00000| Untracked 
|  15|0x0000000703e00000, 0x0000000703ed5bb0, 0x0000000704000000| 41%| O|  |TAMS 0x0000000703e00000, 0x0000000703e00000| Untracked 
|  16|0x0000000704000000, 0x00000007040796d8, 0x0000000704200000| 23%| O|  |TAMS 0x0000000704000000, 0x0000000704000000| Untracked 
|  17|0x0000000704200000, 0x0000000704200000, 0x0000000704400000|  0%| F|  |TAMS 0x0000000704200000, 0x0000000704200000| Untracked 
|  18|0x0000000704400000, 0x0000000704400000, 0x0000000704600000|  0%| F|  |TAMS 0x0000000704400000, 0x0000000704400000| Untracked 
|  19|0x0000000704600000, 0x0000000704600000, 0x0000000704800000|  0%| F|  |TAMS 0x0000000704600000, 0x0000000704600000| Untracked 
|  20|0x0000000704800000, 0x0000000704800000, 0x0000000704a00000|  0%| F|  |TAMS 0x0000000704800000, 0x0000000704800000| Untracked 
|  21|0x0000000704a00000, 0x0000000704a00000, 0x0000000704c00000|  0%| F|  |TAMS 0x0000000704a00000, 0x0000000704a00000| Untracked 
|  22|0x0000000704c00000, 0x0000000704c00000, 0x0000000704e00000|  0%| F|  |TAMS 0x0000000704c00000, 0x0000000704c00000| Untracked 
|  23|0x0000000704e00000, 0x0000000704e00000, 0x0000000705000000|  0%| F|  |TAMS 0x0000000704e00000, 0x0000000704e00000| Untracked 
|  24|0x0000000705000000, 0x0000000705000000, 0x0000000705200000|  0%| F|  |TAMS 0x0000000705000000, 0x0000000705000000| Untracked 
|  25|0x0000000705200000, 0x0000000705200000, 0x0000000705400000|  0%| F|  |TAMS 0x0000000705200000, 0x0000000705200000| Untracked 
|  26|0x0000000705400000, 0x0000000705400000, 0x0000000705600000|  0%| F|  |TAMS 0x0000000705400000, 0x0000000705400000| Untracked 
|  27|0x0000000705600000, 0x0000000705600000, 0x0000000705800000|  0%| F|  |TAMS 0x0000000705600000, 0x0000000705600000| Untracked 
|  28|0x0000000705800000, 0x0000000705800000, 0x0000000705a00000|  0%| F|  |TAMS 0x0000000705800000, 0x0000000705800000| Untracked 
|  29|0x0000000705a00000, 0x0000000705a00000, 0x0000000705c00000|  0%| F|  |TAMS 0x0000000705a00000, 0x0000000705a00000| Untracked 
|  30|0x0000000705c00000, 0x0000000705c00000, 0x0000000705e00000|  0%| F|  |TAMS 0x0000000705c00000, 0x0000000705c00000| Untracked 
|  31|0x0000000705e00000, 0x0000000705e00000, 0x0000000706000000|  0%| F|  |TAMS 0x0000000705e00000, 0x0000000705e00000| Untracked 
|  32|0x0000000706000000, 0x0000000706000000, 0x0000000706200000|  0%| F|  |TAMS 0x0000000706000000, 0x0000000706000000| Untracked 
|  33|0x0000000706200000, 0x0000000706200000, 0x0000000706400000|  0%| F|  |TAMS 0x0000000706200000, 0x0000000706200000| Untracked 
|  34|0x0000000706400000, 0x0000000706400000, 0x0000000706600000|  0%| F|  |TAMS 0x0000000706400000, 0x0000000706400000| Untracked 
|  35|0x0000000706600000, 0x0000000706600000, 0x0000000706800000|  0%| F|  |TAMS 0x0000000706600000, 0x0000000706600000| Untracked 
|  36|0x0000000706800000, 0x0000000706800000, 0x0000000706a00000|  0%| F|  |TAMS 0x0000000706800000, 0x0000000706800000| Untracked 
|  37|0x0000000706a00000, 0x0000000706a00000, 0x0000000706c00000|  0%| F|  |TAMS 0x0000000706a00000, 0x0000000706a00000| Untracked 
|  38|0x0000000706c00000, 0x0000000706c00000, 0x0000000706e00000|  0%| F|  |TAMS 0x0000000706c00000, 0x0000000706c00000| Untracked 
|  39|0x0000000706e00000, 0x0000000706e00000, 0x0000000707000000|  0%| F|  |TAMS 0x0000000706e00000, 0x0000000706e00000| Untracked 
|  40|0x0000000707000000, 0x0000000707000000, 0x0000000707200000|  0%| F|  |TAMS 0x0000000707000000, 0x0000000707000000| Untracked 
|  41|0x0000000707200000, 0x0000000707200000, 0x0000000707400000|  0%| F|  |TAMS 0x0000000707200000, 0x0000000707200000| Untracked 
|  42|0x0000000707400000, 0x0000000707400000, 0x0000000707600000|  0%| F|  |TAMS 0x0000000707400000, 0x0000000707400000| Untracked 
|  43|0x0000000707600000, 0x0000000707600000, 0x0000000707800000|  0%| F|  |TAMS 0x0000000707600000, 0x0000000707600000| Untracked 
|  44|0x0000000707800000, 0x0000000707800000, 0x0000000707a00000|  0%| F|  |TAMS 0x0000000707800000, 0x0000000707800000| Untracked 
|  45|0x0000000707a00000, 0x0000000707a00000, 0x0000000707c00000|  0%| F|  |TAMS 0x0000000707a00000, 0x0000000707a00000| Untracked 
|  46|0x0000000707c00000, 0x0000000707c00000, 0x0000000707e00000|  0%| F|  |TAMS 0x0000000707c00000, 0x0000000707c00000| Untracked 
|  47|0x0000000707e00000, 0x0000000707e00000, 0x0000000708000000|  0%| F|  |TAMS 0x0000000707e00000, 0x0000000707e00000| Untracked 
|  48|0x0000000708000000, 0x0000000708000000, 0x0000000708200000|  0%| F|  |TAMS 0x0000000708000000, 0x0000000708000000| Untracked 
|  49|0x0000000708200000, 0x0000000708200000, 0x0000000708400000|  0%| F|  |TAMS 0x0000000708200000, 0x0000000708200000| Untracked 
|  50|0x0000000708400000, 0x0000000708400000, 0x0000000708600000|  0%| F|  |TAMS 0x0000000708400000, 0x0000000708400000| Untracked 
|  51|0x0000000708600000, 0x0000000708600000, 0x0000000708800000|  0%| F|  |TAMS 0x0000000708600000, 0x0000000708600000| Untracked 
|  52|0x0000000708800000, 0x0000000708800000, 0x0000000708a00000|  0%| F|  |TAMS 0x0000000708800000, 0x0000000708800000| Untracked 
|  53|0x0000000708a00000, 0x0000000708a00000, 0x0000000708c00000|  0%| F|  |TAMS 0x0000000708a00000, 0x0000000708a00000| Untracked 
|  54|0x0000000708c00000, 0x0000000708c00000, 0x0000000708e00000|  0%| F|  |TAMS 0x0000000708c00000, 0x0000000708c00000| Untracked 
|  55|0x0000000708e00000, 0x0000000708edeef0, 0x0000000709000000| 43%| E|  |TAMS 0x0000000708e00000, 0x0000000708e00000| Complete 
|  56|0x0000000709000000, 0x0000000709200000, 0x0000000709200000|100%| E|CS|TAMS 0x0000000709000000, 0x0000000709000000| Complete 

Card table byte_map: [0x0000016556490000,0x0000016556c80000] _byte_map_base: 0x0000016552c80000

Marking Bits (Prev, Next): (CMBitMap*) 0x000001654f563d20, (CMBitMap*) 0x000001654f563d60
 Prev Bits: [0x0000016557470000, 0x000001655b3f0000)
 Next Bits: [0x000001655b3f0000, 0x000001655f370000)

Polling page: 0x000001654eca0000

Metaspace:

Usage:
  Non-class:     69.16 MB used.
      Class:     11.08 MB used.
       Both:     80.24 MB used.

Virtual space:
  Non-class space:      128.00 MB reserved,      69.50 MB ( 54%) committed,  2 nodes.
      Class space:        1.00 GB reserved,      11.44 MB (  1%) committed,  1 nodes.
             Both:        1.12 GB reserved,      80.94 MB (  7%) committed. 

Chunk freelists:
   Non-Class:  9.89 MB
       Class:  4.60 MB
        Both:  14.48 MB

MaxMetaspaceSize: unlimited
CompressedClassSpaceSize: 1.00 GB
Initial GC threshold: 21.00 MB
Current GC threshold: 134.94 MB
CDS: off
MetaspaceReclaimPolicy: balanced
 - commit_granule_bytes: 65536.
 - commit_granule_words: 8192.
 - virtual_space_node_default_size: 8388608.
 - enlarge_chunks_in_place: 1.
 - new_chunks_are_fully_committed: 0.
 - uncommit_free_chunks: 1.
 - use_allocation_guard: 0.
 - handle_deallocations: 1.


Internal statistics:

num_allocs_failed_limit: 9.
num_arena_births: 1052.
num_arena_deaths: 0.
num_vsnodes_births: 3.
num_vsnodes_deaths: 0.
num_space_committed: 1295.
num_space_uncommitted: 0.
num_chunks_returned_to_freelist: 9.
num_chunks_taken_from_freelist: 3850.
num_chunk_merges: 9.
num_chunk_splits: 2748.
num_chunks_enlarged: 2058.
num_inconsistent_stats: 0.

CodeCache: size=49152Kb used=14301Kb max_used=14301Kb free=34850Kb
 bounds [0x0000016552b90000, 0x0000016553a00000, 0x0000016555b90000]
 total_blobs=8353 nmethods=7667 adapters=611
 compilation: enabled
              stopped_count=0, restarted_count=0
 full_count=0

Compilation events (20 events):
Event: 160.346 Thread 0x0000016566787500 nmethod 7658 0x0000016552f02b90 code [0x0000016552f02d40, 0x0000016552f02ff8]
Event: 160.346 Thread 0x00000165660aff50 nmethod 7659 0x0000016552f02790 code [0x0000016552f02920, 0x0000016552f02aa8]
Event: 160.348 Thread 0x00000165660aff50 7660       1       org.springframework.core.annotation.AnnotationTypeMapping::getFirstRootAttributeIndex (42 bytes)
Event: 160.348 Thread 0x0000016566787500 7661       1       org.springframework.core.annotation.AnnotationTypeMapping$$Lambda$325/0x00000008002b51e0::extract (6 bytes)
Event: 160.348 Thread 0x00000165660aff50 nmethod 7660 0x0000016552f02310 code [0x0000016552f024c0, 0x0000016552f02668]
Event: 160.348 Thread 0x00000165660aff50 7662       1       org.springframework.core.annotation.TypeMappedAnnotations$Aggregate::size (10 bytes)
Event: 160.348 Thread 0x00000165660aff50 nmethod 7662 0x0000016552f02010 code [0x0000016552f021a0, 0x0000016552f02288]
Event: 160.348 Thread 0x00000165660aff50 7663       1       org.springframework.context.event.GenericApplicationListenerAdapter::resolveDeclaredEventType (41 bytes)
Event: 160.348 Thread 0x00000165660aff50 nmethod 7663 0x0000016552f01b10 code [0x0000016552f01ce0, 0x0000016552f01ed8]
Event: 160.348 Thread 0x00000165660aff50 7664       1       org.springframework.context.event.GenericApplicationListenerAdapter::supportsEventType (100 bytes)
Event: 160.348 Thread 0x00000165660aff50 nmethod 7664 0x0000016552f01490 code [0x0000016552f01660, 0x0000016552f019c8]
Event: 160.348 Thread 0x00000165660aff50 7668       1       java.util.concurrent.atomic.AtomicBoolean::set (14 bytes)
Event: 160.348 Thread 0x00000165660aff50 nmethod 7668 0x0000016552f01190 code [0x0000016552f01320, 0x0000016552f013f8]
Event: 160.348 Thread 0x00000165660aff50 7665       1       org.springframework.boot.logging.DeferredLog$Line::getLevel (5 bytes)
Event: 160.348 Thread 0x00000165660aff50 nmethod 7665 0x0000016552f00e90 code [0x0000016552f01020, 0x0000016552f010f8]
Event: 160.348 Thread 0x00000165660aff50 7666       1       org.springframework.boot.logging.DeferredLog$Line::getMessage (5 bytes)
Event: 160.348 Thread 0x00000165660aff50 nmethod 7666 0x0000016552f00b90 code [0x0000016552f00d20, 0x0000016552f00df8]
Event: 160.348 Thread 0x00000165660aff50 7667       1       org.springframework.boot.logging.DeferredLog$Line::getThrowable (5 bytes)
Event: 160.349 Thread 0x00000165660aff50 nmethod 7667 0x0000016552f00890 code [0x0000016552f00a20, 0x0000016552f00af8]
Event: 160.349 Thread 0x0000016566787500 nmethod 7661 0x0000016552eff910 code [0x0000016552effba0, 0x0000016552f00368]

GC Heap History (20 events):
Event: 4.514 GC heap before
{Heap before GC invocations=12 (full 0):
 garbage-first heap   total 131072K, used 76264K [0x0000000702000000, 0x0000000800000000)
  region size 2048K, 29 young (59392K), 2 survivors (4096K)
 Metaspace       used 59951K, committed 60416K, reserved 1114112K
  class space    used 8033K, committed 8256K, reserved 1048576K
}
Event: 4.518 GC heap after
{Heap after GC invocations=13 (full 0):
 garbage-first heap   total 131072K, used 25358K [0x0000000702000000, 0x0000000800000000)
  region size 2048K, 3 young (6144K), 3 survivors (6144K)
 Metaspace       used 59951K, committed 60416K, reserved 1114112K
  class space    used 8033K, committed 8256K, reserved 1048576K
}
Event: 5.318 GC heap before
{Heap before GC invocations=14 (full 0):
 garbage-first heap   total 96256K, used 76558K [0x0000000702000000, 0x0000000800000000)
  region size 2048K, 28 young (57344K), 3 survivors (6144K)
 Metaspace       used 67406K, committed 67968K, reserved 1114112K
  class space    used 9198K, committed 9472K, reserved 1048576K
}
Event: 5.323 GC heap after
{Heap after GC invocations=15 (full 0):
 garbage-first heap   total 96256K, used 28146K [0x0000000702000000, 0x0000000800000000)
  region size 2048K, 3 young (6144K), 3 survivors (6144K)
 Metaspace       used 67406K, committed 67968K, reserved 1114112K
  class space    used 9198K, committed 9472K, reserved 1048576K
}
Event: 5.328 GC heap before
{Heap before GC invocations=15 (full 0):
 garbage-first heap   total 96256K, used 30194K [0x0000000702000000, 0x0000000800000000)
  region size 2048K, 4 young (8192K), 3 survivors (6144K)
 Metaspace       used 67406K, committed 67968K, reserved 1114112K
  class space    used 9198K, committed 9472K, reserved 1048576K
}
Event: 5.333 GC heap after
{Heap after GC invocations=16 (full 0):
 garbage-first heap   total 96256K, used 28250K [0x0000000702000000, 0x0000000800000000)
  region size 2048K, 1 young (2048K), 1 survivors (2048K)
 Metaspace       used 67406K, committed 67968K, reserved 1114112K
  class space    used 9198K, committed 9472K, reserved 1048576K
}
Event: 5.527 GC heap before
{Heap before GC invocations=16 (full 0):
 garbage-first heap   total 96256K, used 71258K [0x0000000702000000, 0x0000000800000000)
  region size 2048K, 22 young (45056K), 1 survivors (2048K)
 Metaspace       used 68859K, committed 69440K, reserved 1114112K
  class space    used 9415K, committed 9664K, reserved 1048576K
}
Event: 5.528 GC heap after
{Heap after GC invocations=17 (full 0):
 garbage-first heap   total 96256K, used 28822K [0x0000000702000000, 0x0000000800000000)
  region size 2048K, 1 young (2048K), 1 survivors (2048K)
 Metaspace       used 68859K, committed 69440K, reserved 1114112K
  class space    used 9415K, committed 9664K, reserved 1048576K
}
Event: 5.943 GC heap before
{Heap before GC invocations=17 (full 0):
 garbage-first heap   total 96256K, used 73878K [0x0000000702000000, 0x0000000800000000)
  region size 2048K, 23 young (47104K), 1 survivors (2048K)
 Metaspace       used 72601K, committed 73216K, reserved 1114112K
  class space    used 9981K, committed 10240K, reserved 1048576K
}
Event: 5.947 GC heap after
{Heap after GC invocations=18 (full 0):
 garbage-first heap   total 96256K, used 32156K [0x0000000702000000, 0x0000000800000000)
  region size 2048K, 3 young (6144K), 3 survivors (6144K)
 Metaspace       used 72601K, committed 73216K, reserved 1114112K
  class space    used 9981K, committed 10240K, reserved 1048576K
}
Event: 6.118 GC heap before
{Heap before GC invocations=18 (full 0):
 garbage-first heap   total 96256K, used 71068K [0x0000000702000000, 0x0000000800000000)
  region size 2048K, 23 young (47104K), 3 survivors (6144K)
 Metaspace       used 73842K, committed 74432K, reserved 1114112K
  class space    used 10122K, committed 10368K, reserved 1048576K
}
Event: 6.125 GC heap after
{Heap after GC invocations=19 (full 0):
 garbage-first heap   total 96256K, used 39852K [0x0000000702000000, 0x0000000800000000)
  region size 2048K, 3 young (6144K), 3 survivors (6144K)
 Metaspace       used 73842K, committed 74432K, reserved 1114112K
  class space    used 10122K, committed 10368K, reserved 1048576K
}
Event: 6.200 GC heap before
{Heap before GC invocations=19 (full 0):
 garbage-first heap   total 96256K, used 70572K [0x0000000702000000, 0x0000000800000000)
  region size 2048K, 19 young (38912K), 3 survivors (6144K)
 Metaspace       used 73938K, committed 74560K, reserved 1114112K
  class space    used 10136K, committed 10432K, reserved 1048576K
}
Event: 6.204 GC heap after
{Heap after GC invocations=20 (full 0):
 garbage-first heap   total 96256K, used 45000K [0x0000000702000000, 0x0000000800000000)
  region size 2048K, 3 young (6144K), 3 survivors (6144K)
 Metaspace       used 73938K, committed 74560K, reserved 1114112K
  class space    used 10136K, committed 10432K, reserved 1048576K
}
Event: 6.260 GC heap before
{Heap before GC invocations=20 (full 0):
 garbage-first heap   total 96256K, used 71624K [0x0000000702000000, 0x0000000800000000)
  region size 2048K, 16 young (32768K), 3 survivors (6144K)
 Metaspace       used 73938K, committed 74560K, reserved 1114112K
  class space    used 10136K, committed 10432K, reserved 1048576K
}
Event: 6.266 GC heap after
{Heap after GC invocations=21 (full 0):
 garbage-first heap   total 204800K, used 50974K [0x0000000702000000, 0x0000000800000000)
  region size 2048K, 2 young (4096K), 2 survivors (4096K)
 Metaspace       used 73938K, committed 74560K, reserved 1114112K
  class space    used 10136K, committed 10432K, reserved 1048576K
}
Event: 6.438 GC heap before
{Heap before GC invocations=21 (full 0):
 garbage-first heap   total 204800K, used 141086K [0x0000000702000000, 0x0000000800000000)
  region size 2048K, 47 young (96256K), 2 survivors (4096K)
 Metaspace       used 74295K, committed 74880K, reserved 1114112K
  class space    used 10186K, committed 10432K, reserved 1048576K
}
Event: 6.442 GC heap after
{Heap after GC invocations=22 (full 0):
 garbage-first heap   total 204800K, used 51384K [0x0000000702000000, 0x0000000800000000)
  region size 2048K, 3 young (6144K), 3 survivors (6144K)
 Metaspace       used 74295K, committed 74880K, reserved 1114112K
  class space    used 10186K, committed 10432K, reserved 1048576K
}
Event: 160.269 GC heap before
{Heap before GC invocations=22 (full 0):
 garbage-first heap   total 204800K, used 116920K [0x0000000702000000, 0x0000000800000000)
  region size 2048K, 36 young (73728K), 3 survivors (6144K)
 Metaspace       used 82158K, committed 82880K, reserved 1179648K
  class space    used 11344K, committed 11712K, reserved 1048576K
}
Event: 160.314 GC heap after
{Heap after GC invocations=23 (full 1):
 garbage-first heap   total 116736K, used 31019K [0x0000000702000000, 0x0000000800000000)
  region size 2048K, 0 young (0K), 0 survivors (0K)
 Metaspace       used 82158K, committed 82880K, reserved 1179648K
  class space    used 11344K, committed 11712K, reserved 1048576K
}

Dll operation events (9 events):
Event: 0.010 Loaded shared library C:\sts-4.19.0.RELEASE\plugins\org.eclipse.justj.openjdk.hotspot.jre.full.win32.x86_64_17.0.7.v20230425-1502\jre\bin\java.dll
Event: 0.217 Loaded shared library C:\sts-4.19.0.RELEASE\plugins\org.eclipse.justj.openjdk.hotspot.jre.full.win32.x86_64_17.0.7.v20230425-1502\jre\bin\jimage.dll
Event: 0.231 Loaded shared library C:\sts-4.19.0.RELEASE\plugins\org.eclipse.justj.openjdk.hotspot.jre.full.win32.x86_64_17.0.7.v20230425-1502\jre\bin\net.dll
Event: 0.233 Loaded shared library C:\sts-4.19.0.RELEASE\plugins\org.eclipse.justj.openjdk.hotspot.jre.full.win32.x86_64_17.0.7.v20230425-1502\jre\bin\nio.dll
Event: 0.238 Loaded shared library C:\sts-4.19.0.RELEASE\plugins\org.eclipse.justj.openjdk.hotspot.jre.full.win32.x86_64_17.0.7.v20230425-1502\jre\bin\zip.dll
Event: 0.311 Loaded shared library C:\sts-4.19.0.RELEASE\plugins\org.eclipse.justj.openjdk.hotspot.jre.full.win32.x86_64_17.0.7.v20230425-1502\jre\bin\management.dll
Event: 0.326 Loaded shared library C:\sts-4.19.0.RELEASE\plugins\org.eclipse.justj.openjdk.hotspot.jre.full.win32.x86_64_17.0.7.v20230425-1502\jre\bin\management_ext.dll
Event: 2.740 Loaded shared library C:\sts-4.19.0.RELEASE\plugins\org.eclipse.justj.openjdk.hotspot.jre.full.win32.x86_64_17.0.7.v20230425-1502\jre\bin\sunmscapi.dll
Event: 3.496 Loaded shared library C:\sts-4.19.0.RELEASE\plugins\org.eclipse.justj.openjdk.hotspot.jre.full.win32.x86_64_17.0.7.v20230425-1502\jre\bin\verify.dll

Deoptimization events (12 events):
Event: 1.227 Thread 0x00000165671c4f40 DEOPT PACKING pc=0x000001655313dcf9 sp=0x00000001978fc860
Event: 1.227 Thread 0x00000165671c4f40 DEOPT UNPACKING pc=0x0000016552be7143 sp=0x00000001978fbd40 mode 3
Event: 1.393 Thread 0x00000165671c4f40 DEOPT PACKING pc=0x00000165531a5d8c sp=0x00000001978fd6c0
Event: 1.393 Thread 0x00000165671c4f40 DEOPT UNPACKING pc=0x0000016552be7143 sp=0x00000001978fccf0 mode 0
Event: 2.945 Thread 0x00000165671c4f40 DEOPT PACKING pc=0x000001655343eda5 sp=0x00000001978f7df0
Event: 2.945 Thread 0x00000165671c4f40 DEOPT UNPACKING pc=0x0000016552be7143 sp=0x00000001978f7358 mode 3
Event: 5.257 Thread 0x00000165671c4f40 DEOPT PACKING pc=0x0000016553162754 sp=0x00000001978fc580
Event: 5.257 Thread 0x00000165671c4f40 DEOPT UNPACKING pc=0x0000016552be7143 sp=0x00000001978fbad8 mode 0
Event: 5.420 Thread 0x00000165671c4f40 DEOPT PACKING pc=0x00000165531c5e52 sp=0x00000001978fc830
Event: 5.421 Thread 0x00000165671c4f40 DEOPT UNPACKING pc=0x0000016552be7143 sp=0x00000001978fbd38 mode 3
Event: 6.044 Thread 0x00000165671c4f40 DEOPT PACKING pc=0x00000165537c7913 sp=0x00000001978fc430
Event: 6.044 Thread 0x00000165671c4f40 DEOPT UNPACKING pc=0x0000016552be7143 sp=0x00000001978fb978 mode 3

Classes unloaded (0 events):
No events

Classes redefined (0 events):
No events

Internal exceptions (20 events):
Event: 6.443 Thread 0x00000165670ec820 Exception <a 'java/lang/reflect/InvocationTargetException'{0x0000000711c7bb80}> (0x0000000711c7bb80) 
thrown [s\src\hotspot\share\runtime\reflection.cpp, line 1121]
Event: 6.629 Thread 0x00000165671c4f40 Exception <a 'java/lang/NoSuchMethodError'{0x000000070d844988}: 'java.lang.Object java.lang.invoke.DirectMethodHandle$Holder.newInvokeSpecial(java.lang.Object, java.lang.Object, int, java.lang.Object, java.lang.Object)'> (0x000000070d844988) 
thrown [s\src\hotspot\share\interpreter\linkResolver.cpp, line 759]
Event: 6.629 Thread 0x00000165671c4f40 Exception <a 'java/lang/NoSuchMethodError'{0x000000070d84fc20}: 'java.lang.Object java.lang.invoke.DirectMethodHandle$Holder.invokeSpecial(java.lang.Object, java.lang.Object, int, java.lang.Object, int, java.lang.Object)'> (0x000000070d84fc20) 
thrown [s\src\hotspot\share\interpreter\linkResolver.cpp, line 759]
Event: 6.630 Thread 0x00000165671c4f40 Exception <a 'java/lang/NoSuchMethodError'{0x000000070d857c40}: 'java.lang.Object java.lang.invoke.DirectMethodHandle$Holder.newInvokeSpecial(java.lang.Object, java.lang.Object, int, java.lang.Object, int)'> (0x000000070d857c40) 
thrown [s\src\hotspot\share\interpreter\linkResolver.cpp, line 759]
Event: 6.630 Thread 0x00000165671c4f40 Exception <a 'java/lang/NoSuchMethodError'{0x000000070d85bd40}: 'java.lang.Object java.lang.invoke.DirectMethodHandle$Holder.invokeSpecial(java.lang.Object, java.lang.Object, java.lang.Object, int, java.lang.Object, int)'> (0x000000070d85bd40) 
thrown [s\src\hotspot\share\interpreter\linkResolver.cpp, line 759]
Event: 18.610 Thread 0x000001656847e5c0 Exception <a 'java/lang/NoSuchMethodError'{0x000000070d2b2d70}: 'java.lang.Object java.lang.invoke.DirectMethodHandle$Holder.invokeSpecial(java.lang.Object, java.lang.Object, java.lang.Object, java.lang.Object, java.lang.Object, long)'> (0x000000070d2b2d70) 
thrown [s\src\hotspot\share\interpreter\linkResolver.cpp, line 759]
Event: 18.610 Thread 0x000001656847e5c0 Exception <a 'java/lang/NoSuchMethodError'{0x000000070d2b67b0}: 'java.lang.Object java.lang.invoke.Invokers$Holder.linkToTargetMethod(java.lang.Object, java.lang.Object, java.lang.Object, long, java.lang.Object)'> (0x000000070d2b67b0) 
thrown [s\src\hotspot\share\interpreter\linkResolver.cpp, line 759]
Event: 18.653 Thread 0x000001656847e5c0 Exception <a 'java/lang/NoSuchMethodError'{0x000000070d063b80}: 'java.lang.Object java.lang.invoke.DirectMethodHandle$Holder.invokeStatic(java.lang.Object, int, int)'> (0x000000070d063b80) 
thrown [s\src\hotspot\share\interpreter\linkResolver.cpp, line 759]
Event: 18.866 Thread 0x000001656847e5c0 Exception <a 'java/lang/NoSuchMethodError'{0x000000070c647de0}: 'java.lang.Object java.lang.invoke.Invokers$Holder.invoker(java.lang.Object, java.lang.Object, java.lang.Object, java.lang.Object)'> (0x000000070c647de0) 
thrown [s\src\hotspot\share\interpreter\linkResolver.cpp, line 759]
Event: 18.867 Thread 0x000001656847e5c0 Exception <a 'java/lang/NoSuchMethodError'{0x000000070c6516d0}: 'int java.lang.invoke.DirectMethodHandle$Holder.invokeSpecial(java.lang.Object, java.lang.Object, java.lang.Object, int)'> (0x000000070c6516d0) 
thrown [s\src\hotspot\share\interpreter\linkResolver.cpp, line 759]
Event: 18.868 Thread 0x000001656847e5c0 Exception <a 'java/lang/NoSuchMethodError'{0x000000070c6637a0}: 'java.lang.Object java.lang.invoke.DirectMethodHandle$Holder.invokeStatic(java.lang.Object, java.lang.Object, java.lang.Object, java.lang.Object, int)'> (0x000000070c6637a0) 
thrown [s\src\hotspot\share\interpreter\linkResolver.cpp, line 759]
Event: 18.868 Thread 0x000001656847e5c0 Exception <a 'java/lang/NoSuchMethodError'{0x000000070c66ac20}: 'void java.lang.invoke.DelegatingMethodHandle$Holder.reinvoke_L(java.lang.Object, java.lang.Object, int)'> (0x000000070c66ac20) 
thrown [s\src\hotspot\share\interpreter\linkResolver.cpp, line 759]
Event: 18.868 Thread 0x000001656847e5c0 Exception <a 'java/lang/NoSuchMethodError'{0x000000070c678af0}: 'java.lang.Object java.lang.invoke.Invokers$Holder.invokeExact_MT(java.lang.Object, java.lang.Object, java.lang.Object, java.lang.Object)'> (0x000000070c678af0) 
thrown [s\src\hotspot\share\interpreter\linkResolver.cpp, line 759]
Event: 18.897 Thread 0x000001656847e5c0 Exception <a 'java/lang/NoSuchMethodError'{0x000000070c4483e8}: 'void java.lang.invoke.DirectMethodHandle$Holder.invokeSpecialIFC(java.lang.Object, java.lang.Object, int, java.lang.Object, java.lang.Object, java.lang.Object, java.lang.Object)'> (0x000000070c4483e8) 
thrown [s\src\hotspot\share\interpreter\linkResolver.cpp, line 759]
Event: 45.403 Thread 0x0000016568478a50 Exception <a 'java/lang/reflect/InvocationTargetException'{0x000000070b8686f0}> (0x000000070b8686f0) 
thrown [s\src\hotspot\share\runtime\reflection.cpp, line 1121]
Event: 59.779 Thread 0x000001656847cdb0 Exception <a 'java/lang/NoSuchMethodError'{0x000000070b6b3e40}: 'void java.lang.invoke.DirectMethodHandle$Holder.invokeSpecial(java.lang.Object, java.lang.Object, java.lang.Object, java.lang.Object, java.lang.Object, java.lang.Object, java.lang.Object, java.lang.Object, java.lang.Object)'> (0x000000070b6b3e40) 
thrown [s\src\hotspot\share\interpreter\linkResolver.cpp, line 759]
Event: 59.781 Thread 0x000001656847cdb0 Exception <a 'java/lang/NoSuchMethodError'{0x000000070b6d6030}: 'int java.lang.invoke.DirectMethodHandle$Holder.invokeStatic(java.lang.Object, java.lang.Object, int, int)'> (0x000000070b6d6030) 
thrown [s\src\hotspot\share\interpreter\linkResolver.cpp, line 759]
Event: 59.808 Thread 0x000001656847cdb0 Exception <a 'java/lang/IncompatibleClassChangeError'{0x000000070b40fa58}: Found class java.lang.Object, but interface was expected> (0x000000070b40fa58) 
thrown [s\src\hotspot\share\interpreter\linkResolver.cpp, line 826]
Event: 160.251 Thread 0x0000016568478580 Exception <a 'java/lang/InterruptedException'{0x000000070a953a38}: sleep interrupted> (0x000000070a953a38) 
thrown [s\src\hotspot\share\prims\jvm.cpp, line 3070]
Event: 160.327 Thread 0x000001656847c8e0 Exception <a 'sun/nio/fs/WindowsException'{0x00000007090af8c0}> (0x00000007090af8c0) 
thrown [s\src\hotspot\share\prims\jni.cpp, line 516]

VM Operations (20 events):
Event: 45.386 Executing VM operation: HandshakeAllThreads
Event: 45.386 Executing VM operation: HandshakeAllThreads done
Event: 45.386 Executing VM operation: Cleanup
Event: 45.386 Executing VM operation: Cleanup done
Event: 45.396 Executing VM operation: HandshakeAllThreads
Event: 45.396 Executing VM operation: HandshakeAllThreads done
Event: 46.396 Executing VM operation: Cleanup
Event: 46.396 Executing VM operation: Cleanup done
Event: 60.404 Executing VM operation: Cleanup
Event: 60.405 Executing VM operation: Cleanup done
Event: 65.442 Executing VM operation: Cleanup
Event: 65.443 Executing VM operation: Cleanup done
Event: 66.456 Executing VM operation: Cleanup
Event: 66.456 Executing VM operation: Cleanup done
Event: 76.541 Executing VM operation: Cleanup
Event: 76.542 Executing VM operation: Cleanup done
Event: 131.946 Executing VM operation: Cleanup
Event: 131.946 Executing VM operation: Cleanup done
Event: 160.269 Executing VM operation: G1CollectFull
Event: 160.314 Executing VM operation: G1CollectFull done

Events (20 events):
Event: 160.263 loading class java/security/spec/KeySpec done
Event: 160.263 loading class java/security/UnrecoverableKeyException
Event: 160.263 loading class java/security/UnrecoverableEntryException
Event: 160.263 loading class java/security/UnrecoverableEntryException done
Event: 160.263 loading class java/security/UnrecoverableKeyException done
Event: 160.263 loading class java/security/KeyStoreException
Event: 160.263 loading class java/security/KeyStoreException done
Event: 160.263 loading class java/security/KeyManagementException
Event: 160.263 loading class java/security/KeyManagementException done
Event: 160.263 loading class javax/net/ssl/TrustManager
Event: 160.263 loading class javax/net/ssl/TrustManager done
Event: 160.268 Thread 0x000001656847d750 Thread exited: 0x000001656847d750
Event: 160.314 loading class java/lang/ref/Finalizer$2
Event: 160.315 loading class java/lang/ref/Finalizer$2 done
Event: 160.315 loading class java/lang/ref/Finalizer$1
Event: 160.315 loading class java/lang/ref/Finalizer$1 done
Event: 160.315 Thread 0x00000165684798c0 Thread added: 0x00000165684798c0
Event: 160.315 Thread 0x00000165684798c0 Thread exited: 0x00000165684798c0
Event: 160.315 Thread 0x000001656847c8e0 Thread added: 0x000001656847c8e0
Event: 160.344 Thread 0x0000016566787500 Thread added: 0x0000016566787500


Dynamic libraries:
0x00007ff7498e0000 - 0x00007ff7498ee000 	C:\sts-4.19.0.RELEASE\plugins\org.eclipse.justj.openjdk.hotspot.jre.full.win32.x86_64_17.0.7.v20230425-1502\jre\bin\javaw.exe
0x00007ffa83c70000 - 0x00007ffa83e84000 	C:\Windows\SYSTEM32\ntdll.dll
0x00007ffa80910000 - 0x00007ffa80929000 	C:\Program Files\Avast Software\Avast\aswhook.dll
0x00007ffa81fd0000 - 0x00007ffa82092000 	C:\Windows\System32\KERNEL32.DLL
0x00007ffa812a0000 - 0x00007ffa81643000 	C:\Windows\System32\KERNELBASE.dll
0x00007ffa818b0000 - 0x00007ffa819c1000 	C:\Windows\System32\ucrtbase.dll
0x00007ffa3f3d0000 - 0x00007ffa3f3e7000 	C:\sts-4.19.0.RELEASE\plugins\org.eclipse.justj.openjdk.hotspot.jre.full.win32.x86_64_17.0.7.v20230425-1502\jre\bin\jli.dll
0x00007ffa6a0a0000 - 0x00007ffa6a0b9000 	C:\sts-4.19.0.RELEASE\plugins\org.eclipse.justj.openjdk.hotspot.jre.full.win32.x86_64_17.0.7.v20230425-1502\jre\bin\VCRUNTIME140.dll
0x00007ffa82240000 - 0x00007ffa823ea000 	C:\Windows\System32\USER32.dll
0x00007ffa81650000 - 0x00007ffa81676000 	C:\Windows\System32\win32u.dll
0x00007ffa80280000 - 0x00007ffa8050e000 	C:\Windows\WinSxS\amd64_microsoft.windows.common-controls_6595b64144ccf1df_6.0.22621.1635_none_270f70857386168e\COMCTL32.dll
0x00007ffa82160000 - 0x00007ffa82189000 	C:\Windows\System32\GDI32.dll
0x00007ffa83b80000 - 0x00007ffa83c27000 	C:\Windows\System32\msvcrt.dll
0x00007ffa816f0000 - 0x00007ffa81809000 	C:\Windows\System32\gdi32full.dll
0x00007ffa81810000 - 0x00007ffa818aa000 	C:\Windows\System32\msvcp_win.dll
0x00007ffa81f90000 - 0x00007ffa81fc1000 	C:\Windows\System32\IMM32.DLL
0x00007ffa6a090000 - 0x00007ffa6a09c000 	C:\sts-4.19.0.RELEASE\plugins\org.eclipse.justj.openjdk.hotspot.jre.full.win32.x86_64_17.0.7.v20230425-1502\jre\bin\vcruntime140_1.dll
0x00007ffa06ec0000 - 0x00007ffa06f51000 	C:\sts-4.19.0.RELEASE\plugins\org.eclipse.justj.openjdk.hotspot.jre.full.win32.x86_64_17.0.7.v20230425-1502\jre\bin\msvcp140.dll
0x00007ffa09950000 - 0x00007ffa0a598000 	C:\sts-4.19.0.RELEASE\plugins\org.eclipse.justj.openjdk.hotspot.jre.full.win32.x86_64_17.0.7.v20230425-1502\jre\bin\server\jvm.dll
0x00007ffa81ca0000 - 0x00007ffa81d4e000 	C:\Windows\System32\ADVAPI32.dll
0x00007ffa82190000 - 0x00007ffa82234000 	C:\Windows\System32\sechost.dll
0x00007ffa83220000 - 0x00007ffa83337000 	C:\Windows\System32\RPCRT4.dll
0x00007ffa4bb60000 - 0x00007ffa4bb69000 	C:\Windows\SYSTEM32\WSOCK32.dll
0x00007ffa789d0000 - 0x00007ffa78a04000 	C:\Windows\SYSTEM32\WINMM.dll
0x00007ffa83830000 - 0x00007ffa838a1000 	C:\Windows\System32\WS2_32.dll
0x00007ffa76e10000 - 0x00007ffa76e1a000 	C:\Windows\SYSTEM32\VERSION.dll
0x00007ffa7f840000 - 0x00007ffa7f858000 	C:\Windows\SYSTEM32\kernel.appcore.dll
0x00007ffa7a160000 - 0x00007ffa7a16a000 	C:\sts-4.19.0.RELEASE\plugins\org.eclipse.justj.openjdk.hotspot.jre.full.win32.x86_64_17.0.7.v20230425-1502\jre\bin\jimage.dll
0x00007ffa809f0000 - 0x00007ffa80c1e000 	C:\Windows\SYSTEM32\DBGHELP.DLL
0x00007ffa82cf0000 - 0x00007ffa83079000 	C:\Windows\System32\combase.dll
0x00007ffa83a80000 - 0x00007ffa83b57000 	C:\Windows\System32\OLEAUT32.dll
0x00007ffa80860000 - 0x00007ffa80892000 	C:\Windows\SYSTEM32\dbgcore.DLL
0x00007ffa819d0000 - 0x00007ffa81a4a000 	C:\Windows\System32\bcryptPrimitives.dll
0x00007ffa3f3f0000 - 0x00007ffa3f415000 	C:\sts-4.19.0.RELEASE\plugins\org.eclipse.justj.openjdk.hotspot.jre.full.win32.x86_64_17.0.7.v20230425-1502\jre\bin\java.dll
0x00007ffa3f3b0000 - 0x00007ffa3f3c8000 	C:\sts-4.19.0.RELEASE\plugins\org.eclipse.justj.openjdk.hotspot.jre.full.win32.x86_64_17.0.7.v20230425-1502\jre\bin\zip.dll
0x00007ffa823f0000 - 0x00007ffa82be9000 	C:\Windows\System32\SHELL32.dll
0x00007ffa7e610000 - 0x00007ffa7eede000 	C:\Windows\SYSTEM32\windows.storage.dll
0x00007ffa7e4b0000 - 0x00007ffa7e5ee000 	C:\Windows\SYSTEM32\wintypes.dll
0x00007ffa830a0000 - 0x00007ffa83191000 	C:\Windows\System32\SHCORE.dll
0x00007ffa82100000 - 0x00007ffa8215e000 	C:\Windows\System32\shlwapi.dll
0x00007ffa80fa0000 - 0x00007ffa80fc6000 	C:\Windows\SYSTEM32\profapi.dll
0x00007ffa3a430000 - 0x00007ffa3a449000 	C:\sts-4.19.0.RELEASE\plugins\org.eclipse.justj.openjdk.hotspot.jre.full.win32.x86_64_17.0.7.v20230425-1502\jre\bin\net.dll
0x00007ffa78560000 - 0x00007ffa78697000 	C:\Windows\SYSTEM32\WINHTTP.dll
0x00007ffa7fe60000 - 0x00007ffa7fec9000 	C:\Windows\system32\mswsock.dll
0x00007ffa3a410000 - 0x00007ffa3a425000 	C:\sts-4.19.0.RELEASE\plugins\org.eclipse.justj.openjdk.hotspot.jre.full.win32.x86_64_17.0.7.v20230425-1502\jre\bin\nio.dll
0x00007ff9fd180000 - 0x00007ff9fd189000 	C:\sts-4.19.0.RELEASE\plugins\org.eclipse.justj.openjdk.hotspot.jre.full.win32.x86_64_17.0.7.v20230425-1502\jre\bin\management.dll
0x00007ff9fc0a0000 - 0x00007ff9fc0ab000 	C:\sts-4.19.0.RELEASE\plugins\org.eclipse.justj.openjdk.hotspot.jre.full.win32.x86_64_17.0.7.v20230425-1502\jre\bin\management_ext.dll
0x00007ffa81d50000 - 0x00007ffa81d58000 	C:\Windows\System32\PSAPI.DLL
0x00007ffa366f0000 - 0x00007ffa36707000 	C:\Windows\system32\napinsp.dll
0x00007ffa36730000 - 0x00007ffa3674b000 	C:\Windows\system32\pnrpnsp.dll
0x00007ffa7f350000 - 0x00007ffa7f443000 	C:\Windows\SYSTEM32\DNSAPI.dll
0x00007ffa7f2e0000 - 0x00007ffa7f30d000 	C:\Windows\SYSTEM32\IPHLPAPI.DLL
0x00007ffa838b0000 - 0x00007ffa838b9000 	C:\Windows\System32\NSI.dll
0x00007ffa36710000 - 0x00007ffa36721000 	C:\Windows\System32\winrnr.dll
0x00007ffa76a40000 - 0x00007ffa76a55000 	C:\Windows\system32\wshbth.dll
0x00007ffa35fb0000 - 0x00007ffa35fd1000 	C:\Windows\system32\nlansp_c.dll
0x00007ffa5f710000 - 0x00007ffa5f71a000 	C:\Windows\System32\rasadhlp.dll
0x00007ffa76bf0000 - 0x00007ffa76c74000 	C:\Windows\System32\fwpuclnt.dll
0x00007ffa80d10000 - 0x00007ffa80d2b000 	C:\Windows\SYSTEM32\CRYPTSP.dll
0x00007ffa7fa60000 - 0x00007ffa7fa95000 	C:\Windows\system32\rsaenh.dll
0x00007ffa7ff00000 - 0x00007ffa7ff2c000 	C:\Windows\SYSTEM32\USERENV.dll
0x00007ffa80930000 - 0x00007ffa80958000 	C:\Windows\SYSTEM32\bcrypt.dll
0x00007ffa80190000 - 0x00007ffa8019c000 	C:\Windows\SYSTEM32\CRYPTBASE.dll
0x00007ffa78460000 - 0x00007ffa78479000 	C:\Windows\SYSTEM32\dhcpcsvc6.DLL
0x00007ffa78440000 - 0x00007ffa7845f000 	C:\Windows\SYSTEM32\dhcpcsvc.DLL
0x00007ffa355e0000 - 0x00007ffa355ee000 	C:\sts-4.19.0.RELEASE\plugins\org.eclipse.justj.openjdk.hotspot.jre.full.win32.x86_64_17.0.7.v20230425-1502\jre\bin\sunmscapi.dll
0x00007ffa81070000 - 0x00007ffa811d7000 	C:\Windows\System32\CRYPT32.dll
0x00007ffa80550000 - 0x00007ffa8057e000 	C:\Windows\SYSTEM32\ncrypt.dll
0x00007ffa80510000 - 0x00007ffa80547000 	C:\Windows\SYSTEM32\NTASN1.dll
0x00007ffa3f3a0000 - 0x00007ffa3f3b0000 	C:\sts-4.19.0.RELEASE\plugins\org.eclipse.justj.openjdk.hotspot.jre.full.win32.x86_64_17.0.7.v20230425-1502\jre\bin\verify.dll
0x00007ffa60a50000 - 0x00007ffa60a58000 	C:\Windows\system32\wshunix.dll

dbghelp: loaded successfully - version: 4.0.5 - missing functions: none
symbol engine: initialized successfully - sym options: 0x614 - pdb path: .;C:\sts-4.19.0.RELEASE\plugins\org.eclipse.justj.openjdk.hotspot.jre.full.win32.x86_64_17.0.7.v20230425-1502\jre\bin;C:\Windows\SYSTEM32;C:\Program Files\Avast Software\Avast;C:\Windows\WinSxS\amd64_microsoft.windows.common-controls_6595b64144ccf1df_6.0.22621.1635_none_270f70857386168e;C:\sts-4.19.0.RELEASE\plugins\org.eclipse.justj.openjdk.hotspot.jre.full.win32.x86_64_17.0.7.v20230425-1502\jre\bin\server

VM Arguments:
jvm_args: -Dcom.sun.management.jmxremote -Dcom.sun.management.jmxremote.port=49967 -Dcom.sun.management.jmxremote.authenticate=false -Dcom.sun.management.jmxremote.ssl=false -Djava.rmi.server.hostname=localhost -Dspring.jmx.enabled=true -Dmanagement.endpoints.jmx.exposure.include=* -Dspring.application.admin.enabled=true -XX:TieredStopAtLevel=1 -Dspring.boot.project.name=HPS_Projet_BackEnd -Dfile.encoding=UTF-8 -XX:+ShowCodeDetailsInExceptionMessages 
java_command: com.example.hps.HpsAppApplication --spring.output.ansi.enabled=always
java_class_path (initial): C:\Users\hi\Desktop\HPS\HPS_Projet_BackEnd\target\classes;C:\Users\hi\.m2\repository\org\springframework\boot\spring-boot-starter-data-rest\3.1.1\spring-boot-starter-data-rest-3.1.1.jar;C:\Users\hi\.m2\repository\org\springframework\boot\spring-boot-starter-web\3.1.1\spring-boot-starter-web-3.1.1.jar;C:\Users\hi\.m2\repository\org\springframework\boot\spring-boot-starter-json\3.1.1\spring-boot-starter-json-3.1.1.jar;C:\Users\hi\.m2\repository\com\fasterxml\jackson\datatype\jackson-datatype-jdk8\2.15.2\jackson-datatype-jdk8-2.15.2.jar;C:\Users\hi\.m2\repository\com\fasterxml\jackson\datatype\jackson-datatype-jsr310\2.15.2\jackson-datatype-jsr310-2.15.2.jar;C:\Users\hi\.m2\repository\com\fasterxml\jackson\module\jackson-module-parameter-names\2.15.2\jackson-module-parameter-names-2.15.2.jar;C:\Users\hi\.m2\repository\org\springframework\boot\spring-boot-starter-tomcat\3.1.1\spring-boot-starter-tomcat-3.1.1.jar;C:\Users\hi\.m2\repository\org\apache\tomcat\embed\tomcat-embed-core\10.1.10\tomcat-embed-core-10.1.10.jar;C:\Users\hi\.m2\repository\org\apache\tomcat\embed\tomcat-embed-websocket\10.1.10\tomcat-embed-websocket-10.1.10.jar;C:\Users\hi\.m2\repository\org\springframework\spring-web\6.0.10\spring-web-6.0.10.jar;C:\Users\hi\.m2\repository\io\micrometer\micrometer-observation\1.11.1\micrometer-observation-1.11.1.jar;C:\Users\hi\.m2\repository\io\micrometer\micrometer-commons\1.11.1\micrometer-commons-1.11.1.jar;C:\Users\hi\.m2\repository\org\springframework\spring-webmvc\6.0.10\spring-webmvc-6.0.10.jar;C:\Users\hi\.m2\repository\org\springframework\spring-expression\6.0.10\spring-expression-6.0.10.jar;C:\Users\hi\.m2\repository\org\springframework\data\spring-data-rest-webmvc\4.1.1\spring-data-rest-webmvc-4.1.1.jar;C:\Users\hi\.m2\repository\org\springframework\data\spring-data-rest-core\4.1.1\spring-data-rest-core-4.1.1.jar;C:\Users\hi\.m2\repository\org\springframework\hateoas\spring-hateoas\2.1.0\spring-hateoas-2.1.0.jar;C:\Users\hi\.
Launcher Type: SUN_STANDARD

[Global flags]
     intx CICompilerCount                          = 4                                         {product} {ergonomic}
     uint ConcGCThreads                            = 2                                         {product} {ergonomic}
     uint G1ConcRefinementThreads                  = 8                                         {product} {ergonomic}
   size_t G1HeapRegionSize                         = 2097152                                   {product} {ergonomic}
    uintx GCDrainStackTargetSize                   = 64                                        {product} {ergonomic}
   size_t InitialHeapSize                          = 266338304                                 {product} {ergonomic}
     bool ManagementServer                         = true                                      {product} {command line}
   size_t MarkStackSize                            = 4194304                                   {product} {ergonomic}
   size_t MaxHeapSize                              = 4261412864                                {product} {ergonomic}
   size_t MaxNewSize                               = 2556428288                                {product} {ergonomic}
   size_t MinHeapDeltaBytes                        = 2097152                                   {product} {ergonomic}
   size_t MinHeapSize                              = 8388608                                   {product} {ergonomic}
    uintx NonProfiledCodeHeapSize                  = 0                                      {pd product} {ergonomic}
     bool ProfileInterpreter                       = false                                  {pd product} {command line}
    uintx ProfiledCodeHeapSize                     = 0                                      {pd product} {ergonomic}
     bool ShowCodeDetailsInExceptionMessages       = true                                   {manageable} {command line}
   size_t SoftMaxHeapSize                          = 4261412864                             {manageable} {ergonomic}
     intx TieredStopAtLevel                        = 1                                         {product} {command line}
     bool UseCompressedClassPointers               = true                           {product lp64_product} {ergonomic}
     bool UseCompressedOops                        = true                           {product lp64_product} {ergonomic}
     bool UseG1GC                                  = true                                      {product} {ergonomic}
     bool UseLargePagesIndividualAllocation        = false                                  {pd product} {ergonomic}

Logging:
Log output configuration:
 #0: stdout all=warning uptime,level,tags
 #1: stderr all=off uptime,level,tags

Environment Variables:
JAVA_HOME=C:\Program Files\Java\jdk-20
PATH=C:/sts-4.19.0.RELEASE//plugins/org.eclipse.justj.openjdk.hotspot.jre.full.win32.x86_64_17.0.7.v20230425-1502/jre/bin/server;C:/sts-4.19.0.RELEASE//plugins/org.eclipse.justj.openjdk.hotspot.jre.full.win32.x86_64_17.0.7.v20230425-1502/jre/bin;C:\Program Files\Common Files\Oracle\Java\javapath;C:\Windows\system32;C:\Windows;C:\Windows\System32\Wbem;C:\Windows\System32\WindowsPowerShell\v1.0\;C:\Windows\System32\OpenSSH\;C:\Program Files\Java\jdk-20\bin;C:\Program Files\Git\cmd;C:\Program Files\Common Files\Oracle\Java\javapath;C:\Program Files\nodejs\;C:\Program Files\Git LFS;C:\Users\hi\AppData\Local\Microsoft\WindowsApps;C:\Users\hi\AppData\Local\Programs\Microsoft VS Code\bin;C:\Users\hi\AppData\Roaming\npm;C:\Users\hi\AppData\Local\GitHubDesktop\bin;C:\sts-4.19.0.RELEASE;
USERNAME=hi
OS=Windows_NT
PROCESSOR_IDENTIFIER=Intel64 Family 6 Model 142 Stepping 12, GenuineIntel
TMP=C:\Users\hi\AppData\Local\Temp
TEMP=C:\Users\hi\AppData\Local\Temp



---------------  S Y S T E M  ---------------

OS:
 Windows 11 , 64 bit Build 22621 (10.0.22621.1928)
OS uptime: 0 days 0:06 hours
Hyper-V role detected

CPU: total 8 (initial active 8) (4 cores per cpu, 2 threads per core) family 6 model 142 stepping 12 microcode 0xec, cx8, cmov, fxsr, ht, mmx, 3dnowpref, sse, sse2, sse3, ssse3, sse4.1, sse4.2, popcnt, lzcnt, tsc, tscinvbit, avx, avx2, aes, erms, clmul, bmi1, bmi2, adx, fma, vzeroupper, clflush, clflushopt, hv

Memory: 4k page, system-wide physical 16254M (6185M free)
TotalPageFile size 17726M (AvailPageFile size 6095M)
current process WorkingSet (physical memory assigned to process): 355M, peak: 355M
current process commit charge ("private bytes"): 409M, peak: 426M

vm_info: OpenJDK 64-Bit Server VM (17.0.7+7) for windows-amd64 JRE (17.0.7+7), built on Apr 18 2023 22:10:42 by "temurin" with MS VC++ 16.7 (VS2019)

END.
