#
# A fatal error has been detected by the Java Runtime Environment:
#
#  EXCEPTION_ACCESS_VIOLATION (0xc0000005) at pc=0x00007ffe378bf542, pid=21472, tid=14408
#
# JRE version: OpenJDK Runtime Environment Temurin-17.0.7+7 (17.0.7+7) (build 17.0.7+7)
# Java VM: OpenJDK 64-Bit Server VM Temurin-17.0.7+7 (17.0.7+7, mixed mode, emulated-client, tiered, compressed oops, compressed class ptrs, g1 gc, windows-amd64)
# Problematic frame:
# V  [jvm.dll+0x22f542]
#
# No core dump will be written. Minidumps are not enabled by default on client versions of Windows
#
# If you would like to submit a bug report, please visit:
#   https://github.com/adoptium/adoptium-support/issues
#

---------------  S U M M A R Y ------------

Command Line: -Dcom.sun.management.jmxremote -Dcom.sun.management.jmxremote.port=59619 -Dcom.sun.management.jmxremote.authenticate=false -Dcom.sun.management.jmxremote.ssl=false -Djava.rmi.server.hostname=localhost -Dspring.jmx.enabled=true -Dmanagement.endpoints.jmx.exposure.include=* -Dspring.application.admin.enabled=true -XX:TieredStopAtLevel=1 -Dspring.boot.project.name=HPS_Projet_BackEnd -Dfile.encoding=UTF-8 -XX:+ShowCodeDetailsInExceptionMessages com.example.hps.HpsAppApplication --spring.output.ansi.enabled=always

Host: Intel(R) Core(TM) i7-8565U CPU @ 1.80GHz, 8 cores, 15G,  Windows 11 , 64 bit Build 22621 (10.0.22621.2215)
Time: Mon Aug 28 10:59:28 2023 Morocco Daylight Time elapsed time: 997.020104 seconds (0d 0h 16m 37s)

---------------  T H R E A D  ---------------

Current thread (0x000002074e24fc20):  GCTaskThread "GC Thread#0" [stack: 0x000000a9abc00000,0x000000a9abd00000] [id=14408]

Stack: [0x000000a9abc00000,0x000000a9abd00000],  sp=0x000000a9abcffa60,  free space=1022k
Native frames: (J=compiled Java code, j=interpreted, Vv=VM code, C=native code)
V  [jvm.dll+0x22f542]
V  [jvm.dll+0x2305f3]
V  [jvm.dll+0x64d4e8]
V  [jvm.dll+0x6820c3]
V  [jvm.dll+0x309073]
V  [jvm.dll+0x860ffb]
V  [jvm.dll+0x861046]
V  [jvm.dll+0x7e4e7a]
V  [jvm.dll+0x676395]
C  [ucrtbase.dll+0x29363]
C  [KERNEL32.DLL+0x1257d]
C  [ntdll.dll+0x5aa68]


siginfo: EXCEPTION_ACCESS_VIOLATION (0xc0000005), reading address 0x0000010000000000


Register to memory mapping:

RIP=0x00007ffe378bf542 jvm.dll
RAX=0x0000010000000000 is an unknown value
RBX=0x0000010000000000 is an unknown value
RCX=0x0 is NULL
RDX=0x0 is NULL
RSP=0x000000a9abcffa60 points into unknown readable memory: 0x0000000000000000 | 00 00 00 00 00 00 00 00
RBP=0x000000a9abcffb09 points into unknown readable memory: fa cf ab a9 00 00 00
RSI=0x0000000000000001 is an unknown value
RDI=0x0 is NULL
R8 =0x0000000000000048 is an unknown value
R9 =0x0000000000000001 is an unknown value
R10=0x00007ffe37690000 jvm.dll
R11=0x000000a9abcffa20 points into unknown readable memory: 0x0000000000000000 | 00 00 00 00 00 00 00 00
R12=0x0 is NULL
R13=0x000002074c18a7d0 points into unknown readable memory: 0x005f006d00000002 | 02 00 00 00 6d 00 5f 00
R14=0x000002075276c310 is at entry_point+-3536 in (nmethod*)0x000002075276c310
R15=0x000002074e1f6000 points into unknown readable memory: 0x0000000000000000 | 00 00 00 00 00 00 00 00


Registers:
RAX=0x0000010000000000, RBX=0x0000010000000000, RCX=0x0000000000000000, RDX=0x0000000000000000
RSP=0x000000a9abcffa60, RBP=0x000000a9abcffb09, RSI=0x0000000000000001, RDI=0x0000000000000000
R8 =0x0000000000000048, R9 =0x0000000000000001, R10=0x00007ffe37690000, R11=0x000000a9abcffa20
R12=0x0000000000000000, R13=0x000002074c18a7d0, R14=0x000002075276c310, R15=0x000002074e1f6000
RIP=0x00007ffe378bf542, EFLAGS=0x0000000000010206

Top of Stack: (sp=0x000000a9abcffa60)
0x000000a9abcffa60:   0000000000000000 000000a9abcffb09
0x000000a9abcffa70:   0000000000000001 0000000000000000
0x000000a9abcffa80:   000002074e1f6080 000002074e1f6458
0x000000a9abcffa90:   0000000000000000 000002075276cafe
0x000000a9abcffaa0:   000002075276d0d0 000002075276c310
0x000000a9abcffab0:   0000020752771f25 000000000000000a
0x000000a9abcffac0:   000002075276cafa 0000000000000000
0x000000a9abcffad0:   000002075276d0e0 000002075276d0e0
0x000000a9abcffae0:   0000020752771be0 000002075276d0e0
0x000000a9abcffaf0:   0000020752771be0 0000020752772888
0x000000a9abcffb00:   00007ffe37fc8a08 000000a9abcffa90
0x000000a9abcffb10:   000002070000000c 0000000000000000
0x000000a9abcffb20:   0000020700000000 000002074e1f6070
0x000000a9abcffb30:   000002074e1f6070 000002074c18a7d0
0x000000a9abcffb40:   000002074e1f6080 0000000000000001
0x000000a9abcffb50:   000002074e1f6458 00000000000003d8 

Instructions: (pc=0x00007ffe378bf542)
0x00007ffe378bf442:   7d 07 48 8d 4d 87 e8 13 7f 49 00 45 32 ff 48 8d
0x00007ffe378bf452:   1d b1 95 70 00 b9 00 f0 00 00 0f 1f 40 00 48 8b
0x00007ffe378bf462:   45 8f 48 83 c0 02 48 89 45 8f 48 3b 45 97 0f 84
0x00007ffe378bf472:   51 03 00 00 66 89 7d bf 0f b7 00 66 23 c1 66 3b
0x00007ffe378bf482:   c1 75 09 48 8d 4d 87 e8 f2 78 49 00 48 8b 45 8f
0x00007ffe378bf492:   0f b7 10 48 8b 45 87 81 e2 ff 03 00 00 48 03 55
0x00007ffe378bf4a2:   a7 48 89 55 a7 48 85 c0 74 09 48 3b d0 0f 83 12
0x00007ffe378bf4b2:   03 00 00 48 8b 45 8f 0f b7 08 c1 e9 0c 83 e9 02
0x00007ffe378bf4c2:   0f 84 ba 01 00 00 83 e9 01 0f 84 75 01 00 00 83
0x00007ffe378bf4d2:   e9 01 0f 84 c5 00 00 00 83 e9 01 0f 84 b4 00 00
0x00007ffe378bf4e2:   00 83 f9 07 b9 00 f0 00 00 0f 85 6f ff ff ff 45
0x00007ffe378bf4f2:   84 ff 0f 84 66 ff ff ff 49 8b 06 49 8b ce 45 32
0x00007ffe378bf502:   ff ff 90 20 02 00 00 84 c0 0f 85 2e 01 00 00 48
0x00007ffe378bf512:   8d 45 87 c7 45 07 0c 00 00 00 48 8d 4d f7 48 89
0x00007ffe378bf522:   45 ff 48 89 5d f7 e8 f3 91 49 00 48 8d 4d f7 e8
0x00007ffe378bf532:   2a 80 49 00 48 8b d8 48 85 c0 0f 84 fd 00 00 00
0x00007ffe378bf542:   48 8b 10 48 8b c8 ff 52 10 84 c0 0f 84 ec 00 00
0x00007ffe378bf552:   00 48 8b 43 08 48 8b 48 08 48 8b 49 18 48 8b 89
0x00007ffe378bf562:   98 00 00 00 e8 35 62 fc ff 84 c0 0f 85 cc 00 00
0x00007ffe378bf572:   00 48 8d 4d f7 e8 c4 7f 49 00 48 89 38 83 7d 0f
0x00007ffe378bf582:   00 0f 84 b6 00 00 00 48 8d 4d f7 e8 2e 7c 49 00
0x00007ffe378bf592:   e9 b9 fe ff ff 41 b7 01 e9 b8 fe ff ff 49 8b 1e
0x00007ffe378bf5a2:   48 8d 4d 87 e8 65 86 49 00 48 8b d0 49 8b ce ff
0x00007ffe378bf5b2:   93 08 02 00 00 48 8b c8 48 8b f0 48 8b 10 ff 12
0x00007ffe378bf5c2:   48 8b c8 e8 e6 43 fd ff 48 8b f8 48 85 c0 74 69
0x00007ffe378bf5d2:   48 8b 10 48 8b c8 ff 52 58 33 db 84 c0 48 0f 45
0x00007ffe378bf5e2:   df 48 85 db 74 53 45 84 e4 75 2d 48 8b 03 48 8b
0x00007ffe378bf5f2:   cb ff 90 c0 00 00 00 84 c0 74 1d 48 8b 03 48 8b
0x00007ffe378bf602:   cb ff 90 20 02 00 00 84 c0 75 0d 48 8b 43 70 48
0x00007ffe378bf612:   8b 40 48 48 3b c3 74 21 49 8b 06 49 8b ce ff 90
0x00007ffe378bf622:   20 02 00 00 84 c0 48 8b ce 0f 94 c2 e8 4d f0 ff
0x00007ffe378bf632:   ff 84 c0 0f 84 88 01 00 00 0f b6 75 6f 33 ff e9 


Stack slot to memory mapping:
stack at sp + 0 slots: 0x0 is NULL
stack at sp + 1 slots: 0x000000a9abcffb09 points into unknown readable memory: fa cf ab a9 00 00 00
stack at sp + 2 slots: 0x0000000000000001 is an unknown value
stack at sp + 3 slots: 0x0 is NULL
stack at sp + 4 slots: 0x000002074e1f6080 points into unknown readable memory: 0x00007ffe380314d8 | d8 14 03 38 fe 7f 00 00
stack at sp + 5 slots: 0x000002074e1f6458 points into unknown readable memory: 0x08077b8c56ddfd8c | 8c fd dd 56 8c 7b 07 08
stack at sp + 6 slots: 0x0 is NULL
stack at sp + 7 slots: 0x000002075276cafe is at entry_point+-1506 in (nmethod*)0x000002075276c310


---------------  P R O C E S S  ---------------

Threads class SMR info:
_java_thread_list=0x0000020767fea6a0, length=20, elements={
0x0000020760c24270, 0x0000020760c24cf0, 0x000002076072de70, 0x000002076072e4a0,
0x000002076072ea60, 0x0000020760c4e630, 0x0000020760c56cb0, 0x0000020760c572b0,
0x0000020760cdb5b0, 0x0000020760e24d50, 0x0000020765672da0, 0x0000020765663240,
0x000002076566f460, 0x0000020766076670, 0x0000020765fc3080, 0x0000020765fc43c0,
0x0000020765fc4890, 0x0000020765e28970, 0x0000020765e29310, 0x0000020765e29cb0
}

Java Threads: ( => current thread )
  0x0000020760c24270 JavaThread "Reference Handler" daemon [_thread_blocked, id=22604, stack(0x000000a9ac200000,0x000000a9ac300000)]
  0x0000020760c24cf0 JavaThread "Finalizer" daemon [_thread_blocked, id=20992, stack(0x000000a9ac300000,0x000000a9ac400000)]
  0x000002076072de70 JavaThread "Signal Dispatcher" daemon [_thread_blocked, id=7592, stack(0x000000a9ac400000,0x000000a9ac500000)]
  0x000002076072e4a0 JavaThread "Attach Listener" daemon [_thread_blocked, id=23948, stack(0x000000a9ac500000,0x000000a9ac600000)]
  0x000002076072ea60 JavaThread "Service Thread" daemon [_thread_blocked, id=17888, stack(0x000000a9ac600000,0x000000a9ac700000)]
  0x0000020760c4e630 JavaThread "Monitor Deflation Thread" daemon [_thread_blocked, id=22320, stack(0x000000a9ac700000,0x000000a9ac800000)]
  0x0000020760c56cb0 JavaThread "C1 CompilerThread0" daemon [_thread_blocked, id=15752, stack(0x000000a9ac800000,0x000000a9ac900000)]
  0x0000020760c572b0 JavaThread "Sweeper thread" daemon [_thread_blocked, id=1280, stack(0x000000a9ac900000,0x000000a9aca00000)]
  0x0000020760cdb5b0 JavaThread "Common-Cleaner" daemon [_thread_blocked, id=7308, stack(0x000000a9aca00000,0x000000a9acb00000)]
  0x0000020760e24d50 JavaThread "Notification Thread" daemon [_thread_blocked, id=24164, stack(0x000000a9acd00000,0x000000a9ace00000)]
  0x0000020765672da0 JavaThread "RMI TCP Accept-0" daemon [_thread_in_native, id=7832, stack(0x000000a9ace00000,0x000000a9acf00000)]
  0x0000020765663240 JavaThread "RMI TCP Accept-59619" daemon [_thread_in_native, id=22740, stack(0x000000a9acf00000,0x000000a9ad000000)]
  0x000002076566f460 JavaThread "RMI TCP Accept-0" daemon [_thread_in_native, id=12016, stack(0x000000a9ad000000,0x000000a9ad100000)]
  0x0000020766076670 JavaThread "RMI Scheduler(0)" daemon [_thread_blocked, id=6208, stack(0x000000a9ade00000,0x000000a9adf00000)]
  0x0000020765fc3080 JavaThread "RMI TCP Connection(idle)" daemon [_thread_blocked, id=13988, stack(0x000000a9adf00000,0x000000a9ae000000)]
  0x0000020765fc43c0 JavaThread "JMX server connection timeout 25" daemon [_thread_blocked, id=17848, stack(0x000000a9ae000000,0x000000a9ae100000)]
  0x0000020765fc4890 JavaThread "mysql-cj-abandoned-connection-cleanup" daemon [_thread_blocked, id=25436, stack(0x000000a9ae100000,0x000000a9ae200000)]
  0x0000020765e28970 JavaThread "Live Reload Server" daemon [_thread_in_native, id=7816, stack(0x000000a9aec00000,0x000000a9aed00000)]
  0x0000020765e29310 JavaThread "DestroyJavaVM" [_thread_blocked, id=12092, stack(0x000000a9abb00000,0x000000a9abc00000)]
  0x0000020765e29cb0 JavaThread "Thread-11" [_thread_blocked, id=23404, stack(0x000000a9ab800000,0x000000a9ab900000)]

Other Threads:
  0x0000020760c10630 VMThread "VM Thread" [stack: 0x000000a9ac100000,0x000000a9ac200000] [id=12952]
  0x00000207655ca850 WatcherThread [stack: 0x000000a9ad100000,0x000000a9ad200000] [id=12332]
=>0x000002074e24fc20 GCTaskThread "GC Thread#0" [stack: 0x000000a9abc00000,0x000000a9abd00000] [id=14408]
  0x0000020765e9a3e0 GCTaskThread "GC Thread#1" [stack: 0x000000a9ad200000,0x000000a9ad300000] [id=24696]
  0x0000020765ec5d70 GCTaskThread "GC Thread#2" [stack: 0x000000a9ad300000,0x000000a9ad400000] [id=12104]
  0x0000020765ef1280 GCTaskThread "GC Thread#3" [stack: 0x000000a9ad400000,0x000000a9ad500000] [id=15152]
  0x0000020765ef1530 GCTaskThread "GC Thread#4" [stack: 0x000000a9ad500000,0x000000a9ad600000] [id=21932]
  0x0000020765ef17e0 GCTaskThread "GC Thread#5" [stack: 0x000000a9ad600000,0x000000a9ad700000] [id=20564]
  0x0000020765f17fd0 GCTaskThread "GC Thread#6" [stack: 0x000000a9ad700000,0x000000a9ad800000] [id=17192]
  0x000002076608bc80 GCTaskThread "GC Thread#7" [stack: 0x000000a9adc00000,0x000000a9add00000] [id=3928]
  0x000002074e260a40 ConcurrentGCThread "G1 Main Marker" [stack: 0x000000a9abd00000,0x000000a9abe00000] [id=17832]
  0x000002074e261bf0 ConcurrentGCThread "G1 Conc#0" [stack: 0x000000a9abe00000,0x000000a9abf00000] [id=5764]
  0x000002076619d330 ConcurrentGCThread "G1 Conc#1" [stack: 0x000000a9ae200000,0x000000a9ae300000] [id=24792]
  0x000002076060b520 ConcurrentGCThread "G1 Refine#0" [stack: 0x000000a9abf00000,0x000000a9ac000000] [id=21764]
  0x0000020765837fa0 ConcurrentGCThread "G1 Refine#1" [stack: 0x000000a9ad800000,0x000000a9ad900000] [id=16488]
  0x0000020765ef2da0 ConcurrentGCThread "G1 Refine#2" [stack: 0x000000a9ad900000,0x000000a9ada00000] [id=25492]
  0x000002076060bb50 ConcurrentGCThread "G1 Service" [stack: 0x000000a9ac000000,0x000000a9ac100000] [id=10304]

Threads with active compile tasks:

VM state: at safepoint (normal execution)

VM Mutex/Monitor currently owned by a thread:  ([mutex/lock_event])
[0x000002074e1cc490] Threads_lock - owner thread: 0x0000020760c10630
[0x000002074e1cc7f0] Heap_lock - owner thread: 0x0000020765e29cb0

Heap address: 0x0000000702000000, size: 4064 MB, Compressed Oops mode: Zero based, Oop shift amount: 3

CDS archive(s) not mapped
Compressed class space mapped at: 0x0000000800000000-0x0000000840000000, reserved size: 1073741824
Narrow klass base: 0x0000000800000000, Narrow klass shift: 0, Narrow klass range: 0x40000000

GC Precious Log:
 CPUs: 8 total, 8 available
 Memory: 16254M
 Large Page Support: Disabled
 NUMA Support: Disabled
 Compressed Oops: Enabled (Zero based)
 Heap Region Size: 2M
 Heap Min Capacity: 8M
 Heap Initial Capacity: 254M
 Heap Max Capacity: 4064M
 Pre-touch: Disabled
 Parallel Workers: 8
 Concurrent Workers: 2
 Concurrent Refinement Workers: 8
 Periodic GC: Disabled

Heap:
 garbage-first heap   total 174080K, used 63294K [0x0000000702000000, 0x0000000800000000)
  region size 2048K, 4 young (8192K), 1 survivors (2048K)
 Metaspace       used 84654K, committed 85376K, reserved 1179648K
  class space    used 11547K, committed 11840K, reserved 1048576K

Heap Regions: E=young(eden), S=young(survivor), O=old, HS=humongous(starts), HC=humongous(continues), CS=collection set, F=free, OA=open archive, CA=closed archive, TAMS=top-at-mark-start (previous, next)
|   0|0x0000000702000000, 0x0000000702200000, 0x0000000702200000|100%| O|  |TAMS 0x0000000702200000, 0x0000000702000000| Untracked 
|   1|0x0000000702200000, 0x0000000702400000, 0x0000000702400000|100%| O|  |TAMS 0x0000000702400000, 0x0000000702200000| Untracked 
|   2|0x0000000702400000, 0x00000007025ffff8, 0x0000000702600000| 99%| O|  |TAMS 0x00000007025ffff8, 0x0000000702400000| Untracked 
|   3|0x0000000702600000, 0x00000007027fb568, 0x0000000702800000| 99%| O|  |TAMS 0x00000007027fb568, 0x0000000702600000| Untracked 
|   4|0x0000000702800000, 0x00000007029fffc8, 0x0000000702a00000| 99%| O|  |TAMS 0x00000007029fffc8, 0x0000000702800000| Untracked 
|   5|0x0000000702a00000, 0x0000000702c00000, 0x0000000702c00000|100%| O|  |TAMS 0x0000000702c00000, 0x0000000702a00000| Untracked 
|   6|0x0000000702c00000, 0x0000000702e00000, 0x0000000702e00000|100%| O|  |TAMS 0x0000000702e00000, 0x0000000702c00000| Untracked 
|   7|0x0000000702e00000, 0x0000000702fffff0, 0x0000000703000000| 99%| O|  |TAMS 0x0000000702fffff0, 0x0000000702e00000| Untracked 
|   8|0x0000000703000000, 0x00000007031fffd8, 0x0000000703200000| 99%| O|  |TAMS 0x00000007031fffd8, 0x0000000703000000| Untracked 
|   9|0x0000000703200000, 0x0000000703400000, 0x0000000703400000|100%| O|  |TAMS 0x0000000703400000, 0x0000000703200000| Untracked 
|  10|0x0000000703400000, 0x0000000703600000, 0x0000000703600000|100%| O|  |TAMS 0x0000000703600000, 0x0000000703400000| Untracked 
|  11|0x0000000703600000, 0x0000000703800000, 0x0000000703800000|100%| O|  |TAMS 0x0000000703600000, 0x0000000703600000| Untracked 
|  12|0x0000000703800000, 0x00000007039f3ba8, 0x0000000703a00000| 97%| O|  |TAMS 0x0000000703800000, 0x0000000703800000| Untracked 
|  13|0x0000000703a00000, 0x0000000703bffff0, 0x0000000703c00000| 99%| O|  |TAMS 0x0000000703a00000, 0x0000000703a00000| Untracked 
|  14|0x0000000703c00000, 0x0000000703dfffe8, 0x0000000703e00000| 99%| O|  |TAMS 0x0000000703dfffe8, 0x0000000703c00000| Untracked 
|  15|0x0000000703e00000, 0x0000000703fcdbd0, 0x0000000704000000| 90%| O|  |TAMS 0x0000000703e00000, 0x0000000703e00000| Untracked 
|  16|0x0000000704000000, 0x000000070406c688, 0x0000000704200000| 21%| O|  |TAMS 0x0000000704000000, 0x0000000704000000| Untracked 
|  17|0x0000000704200000, 0x0000000704400000, 0x0000000704400000|100%| O|  |TAMS 0x0000000704200000, 0x0000000704200000| Untracked 
|  18|0x0000000704400000, 0x000000070452fab0, 0x0000000704600000| 59%| O|  |TAMS 0x0000000704400000, 0x0000000704400000| Untracked 
|  19|0x0000000704600000, 0x0000000704800000, 0x0000000704800000|100%| O|  |TAMS 0x0000000704600000, 0x0000000704600000| Untracked 
|  20|0x0000000704800000, 0x0000000704a00000, 0x0000000704a00000|100%| O|  |TAMS 0x0000000704800000, 0x0000000704800000| Untracked 
|  21|0x0000000704a00000, 0x0000000704c00000, 0x0000000704c00000|100%| O|  |TAMS 0x0000000704a00000, 0x0000000704a00000| Untracked 
|  22|0x0000000704c00000, 0x0000000704e00000, 0x0000000704e00000|100%| O|  |TAMS 0x0000000704c00000, 0x0000000704c00000| Untracked 
|  23|0x0000000704e00000, 0x0000000705000000, 0x0000000705000000|100%| O|  |TAMS 0x0000000704e00000, 0x0000000704e00000| Untracked 
|  24|0x0000000705000000, 0x0000000705200000, 0x0000000705200000|100%| O|  |TAMS 0x0000000705000000, 0x0000000705000000| Untracked 
|  25|0x0000000705200000, 0x0000000705400000, 0x0000000705400000|100%| O|  |TAMS 0x0000000705200000, 0x0000000705200000| Untracked 
|  26|0x0000000705400000, 0x0000000705600000, 0x0000000705600000|100%| O|  |TAMS 0x0000000705400000, 0x0000000705400000| Untracked 
|  27|0x0000000705600000, 0x0000000705618040, 0x0000000705800000|  4%| O|  |TAMS 0x0000000705600000, 0x0000000705600000| Untracked 
|  28|0x0000000705800000, 0x0000000705a00000, 0x0000000705a00000|100%| O|  |TAMS 0x0000000705800000, 0x0000000705800000| Untracked 
|  29|0x0000000705a00000, 0x0000000705bed600, 0x0000000705c00000| 96%| O|  |TAMS 0x0000000705a00000, 0x0000000705a00000| Untracked 
|  30|0x0000000705c00000, 0x0000000705c00000, 0x0000000705e00000|  0%| F|  |TAMS 0x0000000705c00000, 0x0000000705c00000| Untracked 
|  31|0x0000000705e00000, 0x0000000705e00000, 0x0000000706000000|  0%| F|  |TAMS 0x0000000705e00000, 0x0000000705e00000| Untracked 
|  32|0x0000000706000000, 0x0000000706000000, 0x0000000706200000|  0%| F|  |TAMS 0x0000000706000000, 0x0000000706000000| Untracked 
|  33|0x0000000706200000, 0x0000000706200000, 0x0000000706400000|  0%| F|  |TAMS 0x0000000706200000, 0x0000000706200000| Untracked 
|  34|0x0000000706400000, 0x0000000706400000, 0x0000000706600000|  0%| F|  |TAMS 0x0000000706400000, 0x0000000706400000| Untracked 
|  35|0x0000000706600000, 0x0000000706600000, 0x0000000706800000|  0%| F|  |TAMS 0x0000000706600000, 0x0000000706600000| Untracked 
|  36|0x0000000706800000, 0x0000000706800000, 0x0000000706a00000|  0%| F|  |TAMS 0x0000000706800000, 0x0000000706800000| Untracked 
|  37|0x0000000706a00000, 0x0000000706a00000, 0x0000000706c00000|  0%| F|  |TAMS 0x0000000706a00000, 0x0000000706a00000| Untracked 
|  38|0x0000000706c00000, 0x0000000706c00000, 0x0000000706e00000|  0%| F|  |TAMS 0x0000000706c00000, 0x0000000706c00000| Untracked 
|  39|0x0000000706e00000, 0x0000000706e00000, 0x0000000707000000|  0%| F|  |TAMS 0x0000000706e00000, 0x0000000706e00000| Untracked 
|  40|0x0000000707000000, 0x0000000707000000, 0x0000000707200000|  0%| F|  |TAMS 0x0000000707000000, 0x0000000707000000| Untracked 
|  41|0x0000000707200000, 0x0000000707200000, 0x0000000707400000|  0%| F|  |TAMS 0x0000000707200000, 0x0000000707200000| Untracked 
|  42|0x0000000707400000, 0x0000000707400000, 0x0000000707600000|  0%| F|  |TAMS 0x0000000707400000, 0x0000000707400000| Untracked 
|  43|0x0000000707600000, 0x0000000707600000, 0x0000000707800000|  0%| F|  |TAMS 0x0000000707600000, 0x0000000707600000| Untracked 
|  44|0x0000000707800000, 0x0000000707800000, 0x0000000707a00000|  0%| F|  |TAMS 0x0000000707800000, 0x0000000707800000| Untracked 
|  45|0x0000000707a00000, 0x0000000707a00000, 0x0000000707c00000|  0%| F|  |TAMS 0x0000000707a00000, 0x0000000707a00000| Untracked 
|  46|0x0000000707c00000, 0x0000000707c00000, 0x0000000707e00000|  0%| F|  |TAMS 0x0000000707c00000, 0x0000000707c00000| Untracked 
|  47|0x0000000707e00000, 0x0000000707f5a7e8, 0x0000000708000000| 67%| S|  |TAMS 0x0000000707e00000, 0x0000000707e00000| Complete 
|  48|0x0000000708000000, 0x0000000708000000, 0x0000000708200000|  0%| F|  |TAMS 0x0000000708000000, 0x0000000708000000| Untracked 
|  49|0x0000000708200000, 0x0000000708200000, 0x0000000708400000|  0%| F|  |TAMS 0x0000000708200000, 0x0000000708200000| Untracked 
|  50|0x0000000708400000, 0x0000000708400000, 0x0000000708600000|  0%| F|  |TAMS 0x0000000708400000, 0x0000000708400000| Untracked 
|  51|0x0000000708600000, 0x0000000708600000, 0x0000000708800000|  0%| F|  |TAMS 0x0000000708600000, 0x0000000708600000| Untracked 
|  52|0x0000000708800000, 0x0000000708800000, 0x0000000708a00000|  0%| F|  |TAMS 0x0000000708800000, 0x0000000708800000| Untracked 
|  53|0x0000000708a00000, 0x0000000708a00000, 0x0000000708c00000|  0%| F|  |TAMS 0x0000000708a00000, 0x0000000708a00000| Untracked 
|  54|0x0000000708c00000, 0x0000000708c00000, 0x0000000708e00000|  0%| F|  |TAMS 0x0000000708c00000, 0x0000000708c00000| Untracked 
|  55|0x0000000708e00000, 0x0000000708e00000, 0x0000000709000000|  0%| F|  |TAMS 0x0000000708e00000, 0x0000000708e00000| Untracked 
|  56|0x0000000709000000, 0x0000000709000000, 0x0000000709200000|  0%| F|  |TAMS 0x0000000709000000, 0x0000000709000000| Untracked 
|  57|0x0000000709200000, 0x0000000709200000, 0x0000000709400000|  0%| F|  |TAMS 0x0000000709200000, 0x0000000709200000| Untracked 
|  58|0x0000000709400000, 0x0000000709400000, 0x0000000709600000|  0%| F|  |TAMS 0x0000000709400000, 0x0000000709400000| Untracked 
|  59|0x0000000709600000, 0x0000000709600000, 0x0000000709800000|  0%| F|  |TAMS 0x0000000709600000, 0x0000000709600000| Untracked 
|  60|0x0000000709800000, 0x0000000709800000, 0x0000000709a00000|  0%| F|  |TAMS 0x0000000709800000, 0x0000000709800000| Untracked 
|  61|0x0000000709a00000, 0x0000000709a00000, 0x0000000709c00000|  0%| F|  |TAMS 0x0000000709a00000, 0x0000000709a00000| Untracked 
|  62|0x0000000709c00000, 0x0000000709c00000, 0x0000000709e00000|  0%| F|  |TAMS 0x0000000709c00000, 0x0000000709c00000| Untracked 
|  63|0x0000000709e00000, 0x0000000709e00000, 0x000000070a000000|  0%| F|  |TAMS 0x0000000709e00000, 0x0000000709e00000| Untracked 
|  64|0x000000070a000000, 0x000000070a000000, 0x000000070a200000|  0%| F|  |TAMS 0x000000070a000000, 0x000000070a000000| Untracked 
|  65|0x000000070a200000, 0x000000070a200000, 0x000000070a400000|  0%| F|  |TAMS 0x000000070a200000, 0x000000070a200000| Untracked 
|  66|0x000000070a400000, 0x000000070a400000, 0x000000070a600000|  0%| F|  |TAMS 0x000000070a400000, 0x000000070a400000| Untracked 
|  67|0x000000070a600000, 0x000000070a600000, 0x000000070a800000|  0%| F|  |TAMS 0x000000070a600000, 0x000000070a600000| Untracked 
|  68|0x000000070a800000, 0x000000070a800000, 0x000000070aa00000|  0%| F|  |TAMS 0x000000070a800000, 0x000000070a800000| Untracked 
|  69|0x000000070aa00000, 0x000000070aa00000, 0x000000070ac00000|  0%| F|  |TAMS 0x000000070aa00000, 0x000000070aa00000| Untracked 
|  70|0x000000070ac00000, 0x000000070ac00000, 0x000000070ae00000|  0%| F|  |TAMS 0x000000070ac00000, 0x000000070ac00000| Untracked 
|  71|0x000000070ae00000, 0x000000070ae00000, 0x000000070b000000|  0%| F|  |TAMS 0x000000070ae00000, 0x000000070ae00000| Untracked 
|  72|0x000000070b000000, 0x000000070b000000, 0x000000070b200000|  0%| F|  |TAMS 0x000000070b000000, 0x000000070b000000| Untracked 
|  73|0x000000070b200000, 0x000000070b200000, 0x000000070b400000|  0%| F|  |TAMS 0x000000070b200000, 0x000000070b200000| Untracked 
|  74|0x000000070b400000, 0x000000070b400000, 0x000000070b600000|  0%| F|  |TAMS 0x000000070b400000, 0x000000070b400000| Untracked 
|  75|0x000000070b600000, 0x000000070b600000, 0x000000070b800000|  0%| F|  |TAMS 0x000000070b600000, 0x000000070b600000| Untracked 
|  76|0x000000070b800000, 0x000000070b800000, 0x000000070ba00000|  0%| F|  |TAMS 0x000000070b800000, 0x000000070b800000| Untracked 
|  77|0x000000070ba00000, 0x000000070ba00000, 0x000000070bc00000|  0%| F|  |TAMS 0x000000070ba00000, 0x000000070ba00000| Untracked 
|  78|0x000000070bc00000, 0x000000070bc00000, 0x000000070be00000|  0%| F|  |TAMS 0x000000070bc00000, 0x000000070bc00000| Untracked 
|  79|0x000000070be00000, 0x000000070be00000, 0x000000070c000000|  0%| F|  |TAMS 0x000000070be00000, 0x000000070be00000| Untracked 
|  80|0x000000070c000000, 0x000000070c000000, 0x000000070c200000|  0%| F|  |TAMS 0x000000070c000000, 0x000000070c000000| Untracked 
|  81|0x000000070c200000, 0x000000070c200000, 0x000000070c400000|  0%| F|  |TAMS 0x000000070c200000, 0x000000070c200000| Untracked 
|  82|0x000000070c400000, 0x000000070c517058, 0x000000070c600000| 54%| E|  |TAMS 0x000000070c400000, 0x000000070c400000| Complete 
|  83|0x000000070c600000, 0x000000070c800000, 0x000000070c800000|100%| E|  |TAMS 0x000000070c600000, 0x000000070c600000| Complete 
|  84|0x000000070c800000, 0x000000070ca00000, 0x000000070ca00000|100%| E|  |TAMS 0x000000070c800000, 0x000000070c800000| Complete 

Card table byte_map: [0x0000020755180000,0x0000020755970000] _byte_map_base: 0x0000020751970000

Marking Bits (Prev, Next): (CMBitMap*) 0x000002074e250240, (CMBitMap*) 0x000002074e250280
 Prev Bits: [0x0000020756160000, 0x000002075a0e0000)
 Next Bits: [0x000002075a0e0000, 0x000002075e060000)

Polling page: 0x000002074d990000

Metaspace:

Usage:
  Non-class:     71.39 MB used.
      Class:     11.28 MB used.
       Both:     82.67 MB used.

Virtual space:
  Non-class space:      128.00 MB reserved,      71.81 MB ( 56%) committed,  2 nodes.
      Class space:        1.00 GB reserved,      11.56 MB (  1%) committed,  1 nodes.
             Both:        1.12 GB reserved,      83.38 MB (  7%) committed. 

Chunk freelists:
   Non-Class:  7.30 MB
       Class:  4.39 MB
        Both:  11.69 MB

MaxMetaspaceSize: unlimited
CompressedClassSpaceSize: 1.00 GB
Initial GC threshold: 21.00 MB
Current GC threshold: 137.00 MB
CDS: off
MetaspaceReclaimPolicy: balanced
 - commit_granule_bytes: 65536.
 - commit_granule_words: 8192.
 - virtual_space_node_default_size: 8388608.
 - enlarge_chunks_in_place: 1.
 - new_chunks_are_fully_committed: 0.
 - uncommit_free_chunks: 1.
 - use_allocation_guard: 0.
 - handle_deallocations: 1.


Internal statistics:

num_allocs_failed_limit: 9.
num_arena_births: 1064.
num_arena_deaths: 0.
num_vsnodes_births: 3.
num_vsnodes_deaths: 0.
num_space_committed: 1334.
num_space_uncommitted: 0.
num_chunks_returned_to_freelist: 9.
num_chunks_taken_from_freelist: 3905.
num_chunk_merges: 6.
num_chunk_splits: 2736.
num_chunks_enlarged: 2015.
num_inconsistent_stats: 0.

CodeCache: size=49152Kb used=19137Kb max_used=20672Kb free=30014Kb
 bounds [0x0000020751880000, 0x0000020752cc0000, 0x0000020754880000]
 total_blobs=11403 nmethods=10703 adapters=625
 compilation: enabled
              stopped_count=0, restarted_count=0
 full_count=0

Compilation events (20 events):
Event: 996.964 Thread 0x0000020760c56cb0 10694   !   1       org.springframework.beans.factory.support.AbstractAutowireCapableBeanFactory::removeSingleton (34 bytes)
Event: 996.965 Thread 0x0000020760c56cb0 nmethod 10694 0x000002075290de10 code [0x000002075290dfe0, 0x000002075290e348]
Event: 996.965 Thread 0x0000020760c56cb0 10695   !   1       org.springframework.beans.factory.support.FactoryBeanRegistrySupport::removeSingleton (34 bytes)
Event: 996.965 Thread 0x0000020760c56cb0 nmethod 10695 0x000002075290d910 code [0x000002075290dac0, 0x000002075290dcb8]
Event: 996.965 Thread 0x0000020760c56cb0 10696   !   1       org.springframework.beans.factory.support.DefaultSingletonBeanRegistry::removeSingleton (62 bytes)
Event: 996.965 Thread 0x0000020760c56cb0 nmethod 10696 0x000002075290d310 code [0x000002075290d4e0, 0x000002075290d758]
Event: 996.965 Thread 0x0000020760c56cb0 10697       1       org.springframework.beans.factory.support.DefaultListableBeanFactory::destroySingleton (15 bytes)
Event: 996.965 Thread 0x0000020760c56cb0 nmethod 10697 0x000002075290cc10 code [0x000002075290ce00, 0x000002075290d0f8]
Event: 996.966 Thread 0x0000020760c56cb0 10698   !   1       org.hibernate.internal.util.collections.BoundedConcurrentHashMap$Segment::clear (60 bytes)
Event: 996.966 Thread 0x0000020760c56cb0 nmethod 10698 0x000002075290c390 code [0x000002075290c5a0, 0x000002075290c978]
Event: 996.967 Thread 0x0000020760c56cb0 10699       1       java.util.concurrent.atomic.AtomicInteger::compareAndSet (13 bytes)
Event: 996.967 Thread 0x0000020760c56cb0 nmethod 10699 0x000002075290c090 code [0x000002075290c220, 0x000002075290c2f8]
Event: 996.967 Thread 0x0000020760c56cb0 10700       1       java.net.Socket::isInputShutdown (5 bytes)
Event: 996.967 Thread 0x0000020760c56cb0 nmethod 10700 0x000002075290bd90 code [0x000002075290bf20, 0x000002075290bff8]
Event: 996.969 Thread 0x0000020760c56cb0 10701       1       java.util.regex.CharPredicates$$Lambda$40/0x00000008000f0f18::is (5 bytes)
Event: 996.969 Thread 0x0000020760c56cb0 nmethod 10701 0x000002075290ba90 code [0x000002075290bc20, 0x000002075290bd38]
Event: 996.969 Thread 0x0000020760c56cb0 10702       1       java.util.regex.CharPredicates::lambda$ASCII_DIGIT$18 (20 bytes)
Event: 996.969 Thread 0x0000020760c56cb0 nmethod 10702 0x000002075290b790 code [0x000002075290b920, 0x000002075290ba18]
Event: 996.970 Thread 0x0000020760c56cb0 10703       1       java.net.Socket::isOutputShutdown (5 bytes)
Event: 996.970 Thread 0x0000020760c56cb0 nmethod 10703 0x000002075290b490 code [0x000002075290b620, 0x000002075290b6f8]

GC Heap History (20 events):
Event: 55.211 GC heap after
{Heap after GC invocations=34 (full 1):
 garbage-first heap   total 161792K, used 57241K [0x0000000702000000, 0x0000000800000000)
  region size 2048K, 3 young (6144K), 3 survivors (6144K)
 Metaspace       used 83245K, committed 83904K, reserved 1179648K
  class space    used 11408K, committed 11712K, reserved 1048576K
}
Event: 166.780 GC heap before
{Heap before GC invocations=34 (full 1):
 garbage-first heap   total 161792K, used 106393K [0x0000000702000000, 0x0000000800000000)
  region size 2048K, 29 young (59392K), 3 survivors (6144K)
 Metaspace       used 83429K, committed 84160K, reserved 1179648K
  class space    used 11436K, committed 11776K, reserved 1048576K
}
Event: 166.823 GC heap after
{Heap after GC invocations=35 (full 2):
 garbage-first heap   total 131072K, used 34243K [0x0000000702000000, 0x0000000800000000)
  region size 2048K, 0 young (0K), 0 survivors (0K)
 Metaspace       used 83429K, committed 84160K, reserved 1179648K
  class space    used 11436K, committed 11776K, reserved 1048576K
}
Event: 167.289 GC heap before
{Heap before GC invocations=35 (full 2):
 garbage-first heap   total 131072K, used 95683K [0x0000000702000000, 0x0000000800000000)
  region size 2048K, 30 young (61440K), 0 survivors (0K)
 Metaspace       used 83851K, committed 84544K, reserved 1179648K
  class space    used 11481K, committed 11776K, reserved 1048576K
}
Event: 167.293 GC heap after
{Heap after GC invocations=36 (full 2):
 garbage-first heap   total 131072K, used 39495K [0x0000000702000000, 0x0000000800000000)
  region size 2048K, 3 young (6144K), 3 survivors (6144K)
 Metaspace       used 83851K, committed 84544K, reserved 1179648K
  class space    used 11481K, committed 11776K, reserved 1048576K
}
Event: 167.715 GC heap before
{Heap before GC invocations=36 (full 2):
 garbage-first heap   total 131072K, used 94791K [0x0000000702000000, 0x0000000800000000)
  region size 2048K, 30 young (61440K), 3 survivors (6144K)
 Metaspace       used 84172K, committed 84928K, reserved 1179648K
  class space    used 11511K, committed 11840K, reserved 1048576K
}
Event: 167.720 GC heap after
{Heap after GC invocations=37 (full 2):
 garbage-first heap   total 131072K, used 42205K [0x0000000702000000, 0x0000000800000000)
  region size 2048K, 2 young (4096K), 2 survivors (4096K)
 Metaspace       used 84172K, committed 84928K, reserved 1179648K
  class space    used 11511K, committed 11840K, reserved 1048576K
}
Event: 167.876 GC heap before
{Heap before GC invocations=37 (full 2):
 garbage-first heap   total 131072K, used 95453K [0x0000000702000000, 0x0000000800000000)
  region size 2048K, 28 young (57344K), 2 survivors (4096K)
 Metaspace       used 84480K, committed 85184K, reserved 1179648K
  class space    used 11532K, committed 11840K, reserved 1048576K
}
Event: 167.879 GC heap after
{Heap after GC invocations=38 (full 2):
 garbage-first heap   total 131072K, used 43159K [0x0000000702000000, 0x0000000800000000)
  region size 2048K, 3 young (6144K), 3 survivors (6144K)
 Metaspace       used 84480K, committed 85184K, reserved 1179648K
  class space    used 11532K, committed 11840K, reserved 1048576K
}
Event: 168.108 GC heap before
{Heap before GC invocations=38 (full 2):
 garbage-first heap   total 131072K, used 96407K [0x0000000702000000, 0x0000000800000000)
  region size 2048K, 29 young (59392K), 3 survivors (6144K)
 Metaspace       used 84637K, committed 85312K, reserved 1179648K
  class space    used 11544K, committed 11840K, reserved 1048576K
}
Event: 168.113 GC heap after
{Heap after GC invocations=39 (full 2):
 garbage-first heap   total 174080K, used 49786K [0x0000000702000000, 0x0000000800000000)
  region size 2048K, 4 young (8192K), 4 survivors (8192K)
 Metaspace       used 84637K, committed 85312K, reserved 1179648K
  class space    used 11544K, committed 11840K, reserved 1048576K
}
Event: 168.286 GC heap before
{Heap before GC invocations=39 (full 2):
 garbage-first heap   total 174080K, used 129658K [0x0000000702000000, 0x0000000800000000)
  region size 2048K, 44 young (90112K), 4 survivors (8192K)
 Metaspace       used 84644K, committed 85376K, reserved 1179648K
  class space    used 11545K, committed 11840K, reserved 1048576K
}
Event: 168.294 GC heap after
{Heap after GC invocations=40 (full 2):
 garbage-first heap   total 174080K, used 57139K [0x0000000702000000, 0x0000000800000000)
  region size 2048K, 6 young (12288K), 6 survivors (12288K)
 Metaspace       used 84644K, committed 85376K, reserved 1179648K
  class space    used 11545K, committed 11840K, reserved 1048576K
}
Event: 168.423 GC heap before
{Heap before GC invocations=40 (full 2):
 garbage-first heap   total 174080K, used 122675K [0x0000000702000000, 0x0000000800000000)
  region size 2048K, 39 young (79872K), 6 survivors (12288K)
 Metaspace       used 84644K, committed 85376K, reserved 1179648K
  class space    used 11545K, committed 11840K, reserved 1048576K
}
Event: 168.430 GC heap after
{Heap after GC invocations=41 (full 2):
 garbage-first heap   total 174080K, used 63353K [0x0000000702000000, 0x0000000800000000)
  region size 2048K, 4 young (8192K), 4 survivors (8192K)
 Metaspace       used 84644K, committed 85376K, reserved 1179648K
  class space    used 11545K, committed 11840K, reserved 1048576K
}
Event: 340.718 GC heap before
{Heap before GC invocations=41 (full 2):
 garbage-first heap   total 174080K, used 128889K [0x0000000702000000, 0x0000000800000000)
  region size 2048K, 36 young (73728K), 4 survivors (8192K)
 Metaspace       used 84650K, committed 85376K, reserved 1179648K
  class space    used 11546K, committed 11840K, reserved 1048576K
}
Event: 340.722 GC heap after
{Heap after GC invocations=42 (full 2):
 garbage-first heap   total 174080K, used 58643K [0x0000000702000000, 0x0000000800000000)
  region size 2048K, 1 young (2048K), 1 survivors (2048K)
 Metaspace       used 84650K, committed 85376K, reserved 1179648K
  class space    used 11546K, committed 11840K, reserved 1048576K
}
Event: 972.611 GC heap before
{Heap before GC invocations=42 (full 2):
 garbage-first heap   total 174080K, used 132371K [0x0000000702000000, 0x0000000800000000)
  region size 2048K, 37 young (75776K), 1 survivors (2048K)
 Metaspace       used 84651K, committed 85376K, reserved 1179648K
  class space    used 11546K, committed 11840K, reserved 1048576K
}
Event: 972.614 GC heap after
{Heap after GC invocations=43 (full 2):
 garbage-first heap   total 174080K, used 58082K [0x0000000702000000, 0x0000000800000000)
  region size 2048K, 1 young (2048K), 1 survivors (2048K)
 Metaspace       used 84651K, committed 85376K, reserved 1179648K
  class space    used 11546K, committed 11840K, reserved 1048576K
}
Event: 996.974 GC heap before
{Heap before GC invocations=43 (full 2):
 garbage-first heap   total 174080K, used 62178K [0x0000000702000000, 0x0000000800000000)
  region size 2048K, 4 young (8192K), 1 survivors (2048K)
 Metaspace       used 84654K, committed 85376K, reserved 1179648K
  class space    used 11547K, committed 11840K, reserved 1048576K
}

Dll operation events (9 events):
Event: 0.008 Loaded shared library C:\sts-4.19.0.RELEASE\plugins\org.eclipse.justj.openjdk.hotspot.jre.full.win32.x86_64_17.0.7.v20230425-1502\jre\bin\java.dll
Event: 0.205 Loaded shared library C:\sts-4.19.0.RELEASE\plugins\org.eclipse.justj.openjdk.hotspot.jre.full.win32.x86_64_17.0.7.v20230425-1502\jre\bin\jimage.dll
Event: 0.220 Loaded shared library C:\sts-4.19.0.RELEASE\plugins\org.eclipse.justj.openjdk.hotspot.jre.full.win32.x86_64_17.0.7.v20230425-1502\jre\bin\net.dll
Event: 0.222 Loaded shared library C:\sts-4.19.0.RELEASE\plugins\org.eclipse.justj.openjdk.hotspot.jre.full.win32.x86_64_17.0.7.v20230425-1502\jre\bin\nio.dll
Event: 0.227 Loaded shared library C:\sts-4.19.0.RELEASE\plugins\org.eclipse.justj.openjdk.hotspot.jre.full.win32.x86_64_17.0.7.v20230425-1502\jre\bin\zip.dll
Event: 0.307 Loaded shared library C:\sts-4.19.0.RELEASE\plugins\org.eclipse.justj.openjdk.hotspot.jre.full.win32.x86_64_17.0.7.v20230425-1502\jre\bin\management.dll
Event: 0.319 Loaded shared library C:\sts-4.19.0.RELEASE\plugins\org.eclipse.justj.openjdk.hotspot.jre.full.win32.x86_64_17.0.7.v20230425-1502\jre\bin\management_ext.dll
Event: 2.854 Loaded shared library C:\sts-4.19.0.RELEASE\plugins\org.eclipse.justj.openjdk.hotspot.jre.full.win32.x86_64_17.0.7.v20230425-1502\jre\bin\sunmscapi.dll
Event: 3.722 Loaded shared library C:\sts-4.19.0.RELEASE\plugins\org.eclipse.justj.openjdk.hotspot.jre.full.win32.x86_64_17.0.7.v20230425-1502\jre\bin\verify.dll

Deoptimization events (20 events):
Event: 1.225 Thread 0x0000020765f40320 DEOPT PACKING pc=0x0000020751dadc79 sp=0x000000a9adbfce90
Event: 1.225 Thread 0x0000020765f40320 DEOPT UNPACKING pc=0x00000207518d7143 sp=0x000000a9adbfc370 mode 3
Event: 1.365 Thread 0x0000020765f40320 DEOPT PACKING pc=0x0000020751dfa10c sp=0x000000a9adbfdc80
Event: 1.365 Thread 0x0000020765f40320 DEOPT UNPACKING pc=0x00000207518d7143 sp=0x000000a9adbfd2b0 mode 0
Event: 2.494 Thread 0x0000020765f40320 DEOPT PACKING pc=0x0000020752136579 sp=0x000000a9adbfc7d0
Event: 2.494 Thread 0x0000020765f40320 DEOPT UNPACKING pc=0x00000207518d7143 sp=0x000000a9adbfbcb0 mode 3
Event: 2.826 Thread 0x0000020765f40320 DEOPT PACKING pc=0x00000207521ab0a5 sp=0x000000a9adbfce60
Event: 2.826 Thread 0x0000020765f40320 DEOPT UNPACKING pc=0x00000207518d7143 sp=0x000000a9adbfc3c8 mode 3
Event: 3.332 Thread 0x0000020765fc4d60 DEOPT PACKING pc=0x0000020751d2509f sp=0x000000a9ae5fec70
Event: 3.332 Thread 0x0000020765fc4d60 DEOPT UNPACKING pc=0x00000207518d7143 sp=0x000000a9ae5fe0c8 mode 3
Event: 5.290 Thread 0x0000020765f40320 DEOPT PACKING pc=0x0000020751eec552 sp=0x000000a9adbfc6f0
Event: 5.290 Thread 0x0000020765f40320 DEOPT UNPACKING pc=0x00000207518d7143 sp=0x000000a9adbfbbf8 mode 3
Event: 5.367 Thread 0x0000020765f40320 DEOPT PACKING pc=0x0000020751dca854 sp=0x000000a9adbfcb40
Event: 5.367 Thread 0x0000020765f40320 DEOPT UNPACKING pc=0x00000207518d7143 sp=0x000000a9adbfc098 mode 0
Event: 6.405 Thread 0x0000020765f40320 DEOPT PACKING pc=0x00000207526cb193 sp=0x000000a9adbfa740
Event: 6.405 Thread 0x0000020765f40320 DEOPT UNPACKING pc=0x00000207518d7143 sp=0x000000a9adbf9c88 mode 3
Event: 166.770 Thread 0x0000020765e2a180 DEOPT PACKING pc=0x0000020751e8554b sp=0x000000a9ab8fd900
Event: 166.770 Thread 0x0000020765e2a180 DEOPT UNPACKING pc=0x00000207518d7143 sp=0x000000a9ab8fcdc8 mode 3
Event: 996.961 Thread 0x0000020765e29cb0 DEOPT PACKING pc=0x0000020751ab7f43 sp=0x000000a9ab8fdda0
Event: 996.961 Thread 0x0000020765e29cb0 DEOPT UNPACKING pc=0x00000207518d7143 sp=0x000000a9ab8fd268 mode 3

Classes unloaded (20 events):
Event: 996.998 Thread 0x0000020760c10630 Unloading class 0x0000000800141c00 'java/lang/invoke/LambdaForm$MH+0x0000000800141c00'
Event: 996.998 Thread 0x0000020760c10630 Unloading class 0x0000000800141800 'jdk/internal/reflect/GeneratedSerializationConstructorAccessor3'
Event: 996.998 Thread 0x0000020760c10630 Unloading class 0x0000000800141400 'jdk/internal/reflect/GeneratedSerializationConstructorAccessor2'
Event: 996.998 Thread 0x0000020760c10630 Unloading class 0x0000000800141000 'jdk/internal/reflect/GeneratedSerializationConstructorAccessor1'
Event: 996.998 Thread 0x0000020760c10630 Unloading class 0x0000000800140800 'java/lang/invoke/LambdaForm$DMH+0x0000000800140800'
Event: 996.998 Thread 0x0000020760c10630 Unloading class 0x0000000800140000 'java/lang/invoke/LambdaForm$DMH+0x0000000800140000'
Event: 996.998 Thread 0x0000020760c10630 Unloading class 0x00000008000c6c00 'jdk/internal/reflect/GeneratedConstructorAccessor1'
Event: 996.998 Thread 0x0000020760c10630 Unloading class 0x00000008000c6000 'java/lang/invoke/LambdaForm$MH+0x00000008000c6000'
Event: 996.998 Thread 0x0000020760c10630 Unloading class 0x00000008000c5c00 'java/lang/invoke/LambdaForm$MH+0x00000008000c5c00'
Event: 996.998 Thread 0x0000020760c10630 Unloading class 0x00000008000c5800 'java/lang/invoke/LambdaForm$MH+0x00000008000c5800'
Event: 996.998 Thread 0x0000020760c10630 Unloading class 0x00000008000c5400 'java/lang/invoke/LambdaForm$MH+0x00000008000c5400'
Event: 996.998 Thread 0x0000020760c10630 Unloading class 0x00000008000c5000 'java/lang/invoke/LambdaForm$MH+0x00000008000c5000'
Event: 996.998 Thread 0x0000020760c10630 Unloading class 0x00000008000c4c00 'java/lang/invoke/LambdaForm$MH+0x00000008000c4c00'
Event: 996.998 Thread 0x0000020760c10630 Unloading class 0x00000008000c3c00 'java/lang/invoke/LambdaForm$MH+0x00000008000c3c00'
Event: 996.998 Thread 0x0000020760c10630 Unloading class 0x00000008000c3800 'java/lang/invoke/LambdaForm$MH+0x00000008000c3800'
Event: 996.998 Thread 0x0000020760c10630 Unloading class 0x00000008000c3000 'java/lang/invoke/LambdaForm$MH+0x00000008000c3000'
Event: 996.998 Thread 0x0000020760c10630 Unloading class 0x00000008000c2400 'java/lang/invoke/LambdaForm$MH+0x00000008000c2400'
Event: 996.998 Thread 0x0000020760c10630 Unloading class 0x00000008000c1c00 'java/lang/invoke/LambdaForm$MH+0x00000008000c1c00'
Event: 996.998 Thread 0x0000020760c10630 Unloading class 0x00000008000c1400 'java/lang/invoke/LambdaForm$MH+0x00000008000c1400'
Event: 996.998 Thread 0x0000020760c10630 Unloading class 0x00000008000c0c00 'java/lang/invoke/LambdaForm$MH+0x00000008000c0c00'

Classes redefined (0 events):
No events

Internal exceptions (20 events):
Event: 168.392 Thread 0x0000020765e28e40 Exception <a 'sun/nio/fs/WindowsException'{0x0000000709b69258}> (0x0000000709b69258) 
thrown [s\src\hotspot\share\prims\jni.cpp, line 516]
Event: 168.392 Thread 0x0000020765e28e40 Exception <a 'sun/nio/fs/WindowsException'{0x0000000709b69518}> (0x0000000709b69518) 
thrown [s\src\hotspot\share\prims\jni.cpp, line 516]
Event: 168.392 Thread 0x0000020765e28e40 Exception <a 'sun/nio/fs/WindowsException'{0x0000000709b69e30}> (0x0000000709b69e30) 
thrown [s\src\hotspot\share\prims\jni.cpp, line 516]
Event: 168.393 Thread 0x0000020765e28e40 Exception <a 'sun/nio/fs/WindowsException'{0x0000000709b6a100}> (0x0000000709b6a100) 
thrown [s\src\hotspot\share\prims\jni.cpp, line 516]
Event: 168.393 Thread 0x0000020765e28e40 Exception <a 'sun/nio/fs/WindowsException'{0x0000000709b6aa10}> (0x0000000709b6aa10) 
thrown [s\src\hotspot\share\prims\jni.cpp, line 516]
Event: 168.393 Thread 0x0000020765e28e40 Exception <a 'sun/nio/fs/WindowsException'{0x0000000709b6ace0}> (0x0000000709b6ace0) 
thrown [s\src\hotspot\share\prims\jni.cpp, line 516]
Event: 168.496 Thread 0x0000020765e297e0 Exception <a 'java/io/FileNotFoundException'{0x000000070ad91248}> (0x000000070ad91248) 
thrown [s\src\hotspot\share\prims\jni.cpp, line 516]
Event: 168.496 Thread 0x0000020765e297e0 Exception <a 'java/io/FileNotFoundException'{0x000000070ad91e08}> (0x000000070ad91e08) 
thrown [s\src\hotspot\share\prims\jni.cpp, line 516]
Event: 996.961 Thread 0x0000020765e29cb0 Implicit null exception at 0x0000020751ab7e05 to 0x0000020751ab7f3e
Event: 996.963 Thread 0x0000020765e2d1a0 Exception <a 'java/lang/InterruptedException'{0x000000070c40f188}: sleep interrupted> (0x000000070c40f188) 
thrown [s\src\hotspot\share\prims\jvm.cpp, line 3070]
Event: 996.968 Thread 0x0000020765e2e010 Exception <a 'java/io/IOException'{0x000000070c4e4e68}> (0x000000070c4e4e68) 
thrown [s\src\hotspot\share\prims\jni.cpp, line 516]
Event: 996.969 Thread 0x0000020765e2e010 Exception <a 'java/io/IOException'{0x000000070c4e76e0}> (0x000000070c4e76e0) 
thrown [s\src\hotspot\share\prims\jni.cpp, line 516]
Event: 996.969 Thread 0x0000020765e2e010 Exception <a 'java/io/IOException'{0x000000070c4e8220}> (0x000000070c4e8220) 
thrown [s\src\hotspot\share\prims\jni.cpp, line 516]
Event: 996.969 Thread 0x0000020765e2e010 Exception <a 'java/io/IOException'{0x000000070c4eafc0}> (0x000000070c4eafc0) 
thrown [s\src\hotspot\share\prims\jni.cpp, line 516]
Event: 996.970 Thread 0x0000020765e2e010 Exception <a 'java/io/IOException'{0x000000070c4edd60}> (0x000000070c4edd60) 
thrown [s\src\hotspot\share\prims\jni.cpp, line 516]
Event: 996.970 Thread 0x0000020765e2e010 Exception <a 'java/io/IOException'{0x000000070c4f0b00}> (0x000000070c4f0b00) 
thrown [s\src\hotspot\share\prims\jni.cpp, line 516]
Event: 996.971 Thread 0x0000020765e2e010 Exception <a 'java/io/IOException'{0x000000070c4f3378}> (0x000000070c4f3378) 
thrown [s\src\hotspot\share\prims\jni.cpp, line 516]
Event: 996.971 Thread 0x0000020765e2e010 Exception <a 'java/io/IOException'{0x000000070c4f3eb8}> (0x000000070c4f3eb8) 
thrown [s\src\hotspot\share\prims\jni.cpp, line 516]
Event: 996.972 Thread 0x0000020765e2e010 Exception <a 'java/io/IOException'{0x000000070c4f6c58}> (0x000000070c4f6c58) 
thrown [s\src\hotspot\share\prims\jni.cpp, line 516]
Event: 996.973 Thread 0x0000020765e2e010 Exception <a 'java/io/IOException'{0x000000070c4fc198}> (0x000000070c4fc198) 
thrown [s\src\hotspot\share\prims\jni.cpp, line 516]

VM Operations (20 events):
Event: 167.879 Executing VM operation: G1CollectForAllocation done
Event: 168.108 Executing VM operation: G1CollectForAllocation
Event: 168.114 Executing VM operation: G1CollectForAllocation done
Event: 168.286 Executing VM operation: G1CollectForAllocation
Event: 168.294 Executing VM operation: G1CollectForAllocation done
Event: 168.423 Executing VM operation: G1CollectForAllocation
Event: 168.430 Executing VM operation: G1CollectForAllocation done
Event: 169.438 Executing VM operation: Cleanup
Event: 169.438 Executing VM operation: Cleanup done
Event: 211.568 Executing VM operation: Cleanup
Event: 211.568 Executing VM operation: Cleanup done
Event: 217.571 Executing VM operation: Cleanup
Event: 217.571 Executing VM operation: Cleanup done
Event: 340.718 Executing VM operation: G1CollectForAllocation
Event: 340.722 Executing VM operation: G1CollectForAllocation done
Event: 548.278 Executing VM operation: Cleanup
Event: 548.278 Executing VM operation: Cleanup done
Event: 972.611 Executing VM operation: G1CollectForAllocation
Event: 972.614 Executing VM operation: G1CollectForAllocation done
Event: 996.974 Executing VM operation: G1CollectFull

Events (20 events):
Event: 996.947 Thread 0x0000020765e29cb0 Thread added: 0x0000020765e29cb0
Event: 996.947 Thread 0x0000020765e2e4e0 Thread exited: 0x0000020765e2e4e0
Event: 996.959 Thread 0x0000020765e2ee80 Thread exited: 0x0000020765e2ee80
Event: 996.962 Thread 0x0000020765e2ccd0 Thread exited: 0x0000020765e2ccd0
Event: 996.962 Thread 0x0000020765e2f350 Thread exited: 0x0000020765e2f350
Event: 996.962 Thread 0x0000020765e2b990 Thread exited: 0x0000020765e2b990
Event: 996.962 Thread 0x0000020765e2b4c0 Thread exited: 0x0000020765e2b4c0
Event: 996.962 Thread 0x0000020765e2a650 Thread exited: 0x0000020765e2a650
Event: 996.962 Thread 0x0000020765e28e40 Thread exited: 0x0000020765e28e40
Event: 996.962 Thread 0x0000020765e2aff0 Thread exited: 0x0000020765e2aff0
Event: 996.962 Thread 0x0000020765e2ab20 Thread exited: 0x0000020765e2ab20
Event: 996.962 Thread 0x0000020765e2be60 Thread exited: 0x0000020765e2be60
Event: 996.962 Thread 0x0000020765e2f820 Thread exited: 0x0000020765e2f820
Event: 996.962 Thread 0x0000020765e2c800 Thread exited: 0x0000020765e2c800
Event: 996.963 Thread 0x0000020765e2e010 Thread exited: 0x0000020765e2e010
Event: 996.963 Thread 0x0000020765e27fd0 Thread exited: 0x0000020765e27fd0
Event: 996.963 Thread 0x0000020765e2d1a0 Thread exited: 0x0000020765e2d1a0
Event: 996.967 Thread 0x0000020765e2e010 Thread added: 0x0000020765e2e010
Event: 996.967 Thread 0x0000020765e284a0 Thread exited: 0x0000020765e284a0
Event: 996.973 Thread 0x0000020765e2e010 Thread exited: 0x0000020765e2e010


Dynamic libraries:
0x00007ff7e9ee0000 - 0x00007ff7e9eee000 	C:\sts-4.19.0.RELEASE\plugins\org.eclipse.justj.openjdk.hotspot.jre.full.win32.x86_64_17.0.7.v20230425-1502\jre\bin\javaw.exe
0x00007ffee0990000 - 0x00007ffee0ba4000 	C:\Windows\SYSTEM32\ntdll.dll
0x00007ffe925d0000 - 0x00007ffe925e9000 	C:\Program Files\Avast Software\Avast\aswhook.dll
0x00007ffedfdf0000 - 0x00007ffedfeb4000 	C:\Windows\System32\KERNEL32.DLL
0x00007ffeddf00000 - 0x00007ffede2a4000 	C:\Windows\System32\KERNELBASE.dll
0x00007ffeddd40000 - 0x00007ffedde51000 	C:\Windows\System32\ucrtbase.dll
0x00007ffe88dd0000 - 0x00007ffe88de7000 	C:\sts-4.19.0.RELEASE\plugins\org.eclipse.justj.openjdk.hotspot.jre.full.win32.x86_64_17.0.7.v20230425-1502\jre\bin\jli.dll
0x00007ffeadc60000 - 0x00007ffeadc79000 	C:\sts-4.19.0.RELEASE\plugins\org.eclipse.justj.openjdk.hotspot.jre.full.win32.x86_64_17.0.7.v20230425-1502\jre\bin\VCRUNTIME140.dll
0x00007ffedfec0000 - 0x00007ffee006e000 	C:\Windows\System32\USER32.dll
0x00007ffedde60000 - 0x00007ffedde86000 	C:\Windows\System32\win32u.dll
0x00007ffedf240000 - 0x00007ffedf269000 	C:\Windows\System32\GDI32.dll
0x00007ffede600000 - 0x00007ffede718000 	C:\Windows\System32\gdi32full.dll
0x00007ffec1be0000 - 0x00007ffec1e73000 	C:\Windows\WinSxS\amd64_microsoft.windows.common-controls_6595b64144ccf1df_6.0.22621.2215_none_270d72677387dfc3\COMCTL32.dll
0x00007ffede560000 - 0x00007ffede5fa000 	C:\Windows\System32\msvcp_win.dll
0x00007ffee08a0000 - 0x00007ffee0947000 	C:\Windows\System32\msvcrt.dll
0x00007ffedec60000 - 0x00007ffedec91000 	C:\Windows\System32\IMM32.DLL
0x00007ffea6b60000 - 0x00007ffea6b6c000 	C:\sts-4.19.0.RELEASE\plugins\org.eclipse.justj.openjdk.hotspot.jre.full.win32.x86_64_17.0.7.v20230425-1502\jre\bin\vcruntime140_1.dll
0x00007ffe3b620000 - 0x00007ffe3b6b1000 	C:\sts-4.19.0.RELEASE\plugins\org.eclipse.justj.openjdk.hotspot.jre.full.win32.x86_64_17.0.7.v20230425-1502\jre\bin\msvcp140.dll
0x00007ffe37690000 - 0x00007ffe382d8000 	C:\sts-4.19.0.RELEASE\plugins\org.eclipse.justj.openjdk.hotspot.jre.full.win32.x86_64_17.0.7.v20230425-1502\jre\bin\server\jvm.dll
0x00007ffee0090000 - 0x00007ffee0140000 	C:\Windows\System32\ADVAPI32.dll
0x00007ffee0430000 - 0x00007ffee04d6000 	C:\Windows\System32\sechost.dll
0x00007ffee0710000 - 0x00007ffee0827000 	C:\Windows\System32\RPCRT4.dll
0x00007ffed5150000 - 0x00007ffed515a000 	C:\Windows\SYSTEM32\VERSION.dll
0x00007ffebcfe0000 - 0x00007ffebcfe9000 	C:\Windows\SYSTEM32\WSOCK32.dll
0x00007ffed6e90000 - 0x00007ffed6ec4000 	C:\Windows\SYSTEM32\WINMM.dll
0x00007ffedeca0000 - 0x00007ffeded11000 	C:\Windows\System32\WS2_32.dll
0x00007ffedcd80000 - 0x00007ffedcd98000 	C:\Windows\SYSTEM32\kernel.appcore.dll
0x00007ffed9040000 - 0x00007ffed904a000 	C:\sts-4.19.0.RELEASE\plugins\org.eclipse.justj.openjdk.hotspot.jre.full.win32.x86_64_17.0.7.v20230425-1502\jre\bin\jimage.dll
0x00007ffec56c0000 - 0x00007ffec58ee000 	C:\Windows\SYSTEM32\DBGHELP.DLL
0x00007ffede870000 - 0x00007ffedebfa000 	C:\Windows\System32\combase.dll
0x00007ffee05e0000 - 0x00007ffee06b7000 	C:\Windows\System32\OLEAUT32.dll
0x00007ffec53c0000 - 0x00007ffec53f2000 	C:\Windows\SYSTEM32\dbgcore.DLL
0x00007ffede420000 - 0x00007ffede49a000 	C:\Windows\System32\bcryptPrimitives.dll
0x00007ffe518d0000 - 0x00007ffe518f5000 	C:\sts-4.19.0.RELEASE\plugins\org.eclipse.justj.openjdk.hotspot.jre.full.win32.x86_64_17.0.7.v20230425-1502\jre\bin\java.dll
0x00007ffe528f0000 - 0x00007ffe52908000 	C:\sts-4.19.0.RELEASE\plugins\org.eclipse.justj.openjdk.hotspot.jre.full.win32.x86_64_17.0.7.v20230425-1502\jre\bin\zip.dll
0x00007ffedf490000 - 0x00007ffedfcb3000 	C:\Windows\System32\SHELL32.dll
0x00007ffedbc80000 - 0x00007ffedc56a000 	C:\Windows\SYSTEM32\windows.storage.dll
0x00007ffedbb40000 - 0x00007ffedbc7e000 	C:\Windows\SYSTEM32\wintypes.dll
0x00007ffedfcd0000 - 0x00007ffedfdc3000 	C:\Windows\System32\SHCORE.dll
0x00007ffedec00000 - 0x00007ffedec5e000 	C:\Windows\System32\shlwapi.dll
0x00007ffeddc70000 - 0x00007ffeddc96000 	C:\Windows\SYSTEM32\profapi.dll
0x00007ffe50cf0000 - 0x00007ffe50d09000 	C:\sts-4.19.0.RELEASE\plugins\org.eclipse.justj.openjdk.hotspot.jre.full.win32.x86_64_17.0.7.v20230425-1502\jre\bin\net.dll
0x00007ffed5dc0000 - 0x00007ffed5ef7000 	C:\Windows\SYSTEM32\WINHTTP.dll
0x00007ffedd2b0000 - 0x00007ffedd319000 	C:\Windows\system32\mswsock.dll
0x00007ffe4cee0000 - 0x00007ffe4cef5000 	C:\sts-4.19.0.RELEASE\plugins\org.eclipse.justj.openjdk.hotspot.jre.full.win32.x86_64_17.0.7.v20230425-1502\jre\bin\nio.dll
0x00007ffe95440000 - 0x00007ffe95449000 	C:\sts-4.19.0.RELEASE\plugins\org.eclipse.justj.openjdk.hotspot.jre.full.win32.x86_64_17.0.7.v20230425-1502\jre\bin\management.dll
0x00007ffe92790000 - 0x00007ffe9279b000 	C:\sts-4.19.0.RELEASE\plugins\org.eclipse.justj.openjdk.hotspot.jre.full.win32.x86_64_17.0.7.v20230425-1502\jre\bin\management_ext.dll
0x00007ffedfcc0000 - 0x00007ffedfcc8000 	C:\Windows\System32\PSAPI.DLL
0x00007ffe9af90000 - 0x00007ffe9afa7000 	C:\Windows\system32\napinsp.dll
0x00007ffe9afb0000 - 0x00007ffe9afcb000 	C:\Windows\system32\pnrpnsp.dll
0x00007ffedc840000 - 0x00007ffedc932000 	C:\Windows\SYSTEM32\DNSAPI.dll
0x00007ffedc810000 - 0x00007ffedc83d000 	C:\Windows\SYSTEM32\IPHLPAPI.DLL
0x00007ffee0890000 - 0x00007ffee0899000 	C:\Windows\System32\NSI.dll
0x00007ffe9afd0000 - 0x00007ffe9afe1000 	C:\Windows\System32\winrnr.dll
0x00007ffed6220000 - 0x00007ffed6235000 	C:\Windows\system32\wshbth.dll
0x00007ffe9aff0000 - 0x00007ffe9b011000 	C:\Windows\system32\nlansp_c.dll
0x00007ffecffa0000 - 0x00007ffecffaa000 	C:\Windows\System32\rasadhlp.dll
0x00007ffed4cd0000 - 0x00007ffed4d54000 	C:\Windows\System32\fwpuclnt.dll
0x00007ffedd5d0000 - 0x00007ffedd5eb000 	C:\Windows\SYSTEM32\CRYPTSP.dll
0x00007ffedcd30000 - 0x00007ffedcd65000 	C:\Windows\system32\rsaenh.dll
0x00007ffedd350000 - 0x00007ffedd37c000 	C:\Windows\SYSTEM32\USERENV.dll
0x00007ffedd710000 - 0x00007ffedd738000 	C:\Windows\SYSTEM32\bcrypt.dll
0x00007ffedd5b0000 - 0x00007ffedd5bc000 	C:\Windows\SYSTEM32\CRYPTBASE.dll
0x00007ffed6e70000 - 0x00007ffed6e89000 	C:\Windows\SYSTEM32\dhcpcsvc6.DLL
0x00007ffed53c0000 - 0x00007ffed53df000 	C:\Windows\SYSTEM32\dhcpcsvc.DLL
0x00007ffec79a0000 - 0x00007ffec79ae000 	C:\sts-4.19.0.RELEASE\plugins\org.eclipse.justj.openjdk.hotspot.jre.full.win32.x86_64_17.0.7.v20230425-1502\jre\bin\sunmscapi.dll
0x00007ffede2b0000 - 0x00007ffede416000 	C:\Windows\System32\CRYPT32.dll
0x00007ffedd6e0000 - 0x00007ffedd70e000 	C:\Windows\SYSTEM32\ncrypt.dll
0x00007ffedd6a0000 - 0x00007ffedd6d7000 	C:\Windows\SYSTEM32\NTASN1.dll
0x00007ffe92800000 - 0x00007ffe92810000 	C:\sts-4.19.0.RELEASE\plugins\org.eclipse.justj.openjdk.hotspot.jre.full.win32.x86_64_17.0.7.v20230425-1502\jre\bin\verify.dll
0x00007ffec79d0000 - 0x00007ffec79d8000 	C:\Windows\system32\wshunix.dll

dbghelp: loaded successfully - version: 4.0.5 - missing functions: none
symbol engine: initialized successfully - sym options: 0x614 - pdb path: .;C:\sts-4.19.0.RELEASE\plugins\org.eclipse.justj.openjdk.hotspot.jre.full.win32.x86_64_17.0.7.v20230425-1502\jre\bin;C:\Windows\SYSTEM32;C:\Program Files\Avast Software\Avast;C:\Windows\WinSxS\amd64_microsoft.windows.common-controls_6595b64144ccf1df_6.0.22621.2215_none_270d72677387dfc3;C:\sts-4.19.0.RELEASE\plugins\org.eclipse.justj.openjdk.hotspot.jre.full.win32.x86_64_17.0.7.v20230425-1502\jre\bin\server

VM Arguments:
jvm_args: -Dcom.sun.management.jmxremote -Dcom.sun.management.jmxremote.port=59619 -Dcom.sun.management.jmxremote.authenticate=false -Dcom.sun.management.jmxremote.ssl=false -Djava.rmi.server.hostname=localhost -Dspring.jmx.enabled=true -Dmanagement.endpoints.jmx.exposure.include=* -Dspring.application.admin.enabled=true -XX:TieredStopAtLevel=1 -Dspring.boot.project.name=HPS_Projet_BackEnd -Dfile.encoding=UTF-8 -XX:+ShowCodeDetailsInExceptionMessages 
java_command: com.example.hps.HpsAppApplication --spring.output.ansi.enabled=always
java_class_path (initial): C:\Users\hi\Desktop\HPS_Projet_BackEnd\target\classes;C:\Users\hi\.m2\repository\org\springframework\boot\spring-boot-starter-data-rest\3.1.1\spring-boot-starter-data-rest-3.1.1.jar;C:\Users\hi\.m2\repository\org\springframework\boot\spring-boot-starter-web\3.1.1\spring-boot-starter-web-3.1.1.jar;C:\Users\hi\.m2\repository\org\springframework\boot\spring-boot-starter-json\3.1.1\spring-boot-starter-json-3.1.1.jar;C:\Users\hi\.m2\repository\com\fasterxml\jackson\datatype\jackson-datatype-jdk8\2.15.2\jackson-datatype-jdk8-2.15.2.jar;C:\Users\hi\.m2\repository\com\fasterxml\jackson\datatype\jackson-datatype-jsr310\2.15.2\jackson-datatype-jsr310-2.15.2.jar;C:\Users\hi\.m2\repository\com\fasterxml\jackson\module\jackson-module-parameter-names\2.15.2\jackson-module-parameter-names-2.15.2.jar;C:\Users\hi\.m2\repository\org\springframework\boot\spring-boot-starter-tomcat\3.1.1\spring-boot-starter-tomcat-3.1.1.jar;C:\Users\hi\.m2\repository\org\apache\tomcat\embed\tomcat-embed-core\10.1.10\tomcat-embed-core-10.1.10.jar;C:\Users\hi\.m2\repository\org\apache\tomcat\embed\tomcat-embed-websocket\10.1.10\tomcat-embed-websocket-10.1.10.jar;C:\Users\hi\.m2\repository\org\springframework\spring-web\6.0.10\spring-web-6.0.10.jar;C:\Users\hi\.m2\repository\io\micrometer\micrometer-observation\1.11.1\micrometer-observation-1.11.1.jar;C:\Users\hi\.m2\repository\io\micrometer\micrometer-commons\1.11.1\micrometer-commons-1.11.1.jar;C:\Users\hi\.m2\repository\org\springframework\spring-webmvc\6.0.10\spring-webmvc-6.0.10.jar;C:\Users\hi\.m2\repository\org\springframework\data\spring-data-rest-webmvc\4.1.1\spring-data-rest-webmvc-4.1.1.jar;C:\Users\hi\.m2\repository\org\springframework\data\spring-data-rest-core\4.1.1\spring-data-rest-core-4.1.1.jar;C:\Users\hi\.m2\repository\org\springframework\hateoas\spring-hateoas\2.1.0\spring-hateoas-2.1.0.jar;C:\Users\hi\.m2\repository\org\springframework\plugin\spring-plugin-core\3.0.0\spring-plugin-core-3.0.0.jar;C:\Users\h
Launcher Type: SUN_STANDARD

[Global flags]
     intx CICompilerCount                          = 4                                         {product} {ergonomic}
     uint ConcGCThreads                            = 2                                         {product} {ergonomic}
     uint G1ConcRefinementThreads                  = 8                                         {product} {ergonomic}
   size_t G1HeapRegionSize                         = 2097152                                   {product} {ergonomic}
    uintx GCDrainStackTargetSize                   = 64                                        {product} {ergonomic}
   size_t InitialHeapSize                          = 266338304                                 {product} {ergonomic}
     bool ManagementServer                         = true                                      {product} {command line}
   size_t MarkStackSize                            = 4194304                                   {product} {ergonomic}
   size_t MaxHeapSize                              = 4261412864                                {product} {ergonomic}
   size_t MaxNewSize                               = 2556428288                                {product} {ergonomic}
   size_t MinHeapDeltaBytes                        = 2097152                                   {product} {ergonomic}
   size_t MinHeapSize                              = 8388608                                   {product} {ergonomic}
    uintx NonProfiledCodeHeapSize                  = 0                                      {pd product} {ergonomic}
     bool ProfileInterpreter                       = false                                  {pd product} {command line}
    uintx ProfiledCodeHeapSize                     = 0                                      {pd product} {ergonomic}
     bool ShowCodeDetailsInExceptionMessages       = true                                   {manageable} {command line}
   size_t SoftMaxHeapSize                          = 4261412864                             {manageable} {ergonomic}
     intx TieredStopAtLevel                        = 1                                         {product} {command line}
     bool UseCompressedClassPointers               = true                           {product lp64_product} {ergonomic}
     bool UseCompressedOops                        = true                           {product lp64_product} {ergonomic}
     bool UseG1GC                                  = true                                      {product} {ergonomic}
     bool UseLargePagesIndividualAllocation        = false                                  {pd product} {ergonomic}

Logging:
Log output configuration:
 #0: stdout all=warning uptime,level,tags
 #1: stderr all=off uptime,level,tags

Environment Variables:
JAVA_HOME=C:\Program Files\Java\jdk-20
PATH=C:/sts-4.19.0.RELEASE//plugins/org.eclipse.justj.openjdk.hotspot.jre.full.win32.x86_64_17.0.7.v20230425-1502/jre/bin/server;C:/sts-4.19.0.RELEASE//plugins/org.eclipse.justj.openjdk.hotspot.jre.full.win32.x86_64_17.0.7.v20230425-1502/jre/bin;C:\Program Files\Common Files\Oracle\Java\javapath;C:\Windows\system32;C:\Windows;C:\Windows\System32\Wbem;C:\Windows\System32\WindowsPowerShell\v1.0\;C:\Windows\System32\OpenSSH\;C:\Program Files\Java\jdk-20\bin;C:\Program Files\Git\cmd;C:\Program Files\Common Files\Oracle\Java\javapath;C:\Program Files\Git LFS;C:\Program Files\nodejs\;C:\Users\hi\AppData\Local\Microsoft\WindowsApps;C:\Users\hi\AppData\Local\GitHubDesktop\bin;C:\Users\hi\AppData\Roaming\npm;C:\Users\hi\AppData\Local\Programs\Microsoft VS Code\bin;C:\sts-4.19.0.RELEASE;
USERNAME=hi
OS=Windows_NT
PROCESSOR_IDENTIFIER=Intel64 Family 6 Model 142 Stepping 12, GenuineIntel
TMP=C:\Users\hi\AppData\Local\Temp
TEMP=C:\Users\hi\AppData\Local\Temp



---------------  S Y S T E M  ---------------

OS:
 Windows 11 , 64 bit Build 22621 (10.0.22621.2215)
OS uptime: 0 days 2:44 hours
Hyper-V role detected

CPU: total 8 (initial active 8) (4 cores per cpu, 2 threads per core) family 6 model 142 stepping 12 microcode 0xec, cx8, cmov, fxsr, ht, mmx, 3dnowpref, sse, sse2, sse3, ssse3, sse4.1, sse4.2, popcnt, lzcnt, tsc, tscinvbit, avx, avx2, aes, erms, clmul, bmi1, bmi2, adx, fma, vzeroupper, clflush, clflushopt, hv

Memory: 4k page, system-wide physical 16254M (4149M free)
TotalPageFile size 23181M (AvailPageFile size 3499M)
current process WorkingSet (physical memory assigned to process): 351M, peak: 359M
current process commit charge ("private bytes"): 407M, peak: 407M

vm_info: OpenJDK 64-Bit Server VM (17.0.7+7) for windows-amd64 JRE (17.0.7+7), built on Apr 18 2023 22:10:42 by "temurin" with MS VC++ 16.7 (VS2019)

END.
