#
# A fatal error has been detected by the Java Runtime Environment:
#
#  EXCEPTION_ACCESS_VIOLATION (0xc0000005) at pc=0x0000020f56b23bb1, pid=19736, tid=9428
#
# JRE version: OpenJDK Runtime Environment Temurin-17.0.7+7 (17.0.7+7) (build 17.0.7+7)
# Java VM: OpenJDK 64-Bit Server VM Temurin-17.0.7+7 (17.0.7+7, mixed mode, emulated-client, tiered, compressed oops, compressed class ptrs, g1 gc, windows-amd64)
# Problematic frame:
# J 2374 c1 org.springframework.asm.ClassReader.readElementValue(Lorg/springframework/asm/AnnotationVisitor;ILjava/lang/String;[C)I (1237 bytes) @ 0x0000020f56b23bb1 [0x0000020f56b23900+0x00000000000002b1]
#
# No core dump will be written. Minidumps are not enabled by default on client versions of Windows
#
# If you would like to submit a bug report, please visit:
#   https://github.com/adoptium/adoptium-support/issues
#

---------------  S U M M A R Y ------------

Command Line: -Dcom.sun.management.jmxremote -Dcom.sun.management.jmxremote.port=54379 -Dcom.sun.management.jmxremote.authenticate=false -Dcom.sun.management.jmxremote.ssl=false -Djava.rmi.server.hostname=localhost -Dspring.jmx.enabled=true -Dmanagement.endpoints.jmx.exposure.include=* -Dspring.application.admin.enabled=true -XX:TieredStopAtLevel=1 -Dspring.boot.project.name=HPS_Projet_BackEnd -Dfile.encoding=UTF-8 -XX:+ShowCodeDetailsInExceptionMessages com.example.hps.HpsAppApplication --spring.output.ansi.enabled=always

Host: Intel(R) Core(TM) i7-8565U CPU @ 1.80GHz, 8 cores, 15G,  Windows 11 , 64 bit Build 22621 (10.0.22621.1928)
Time: Thu Aug  3 10:07:49 2023 Morocco Daylight Time elapsed time: 328.709453 seconds (0d 0h 5m 28s)

---------------  T H R E A D  ---------------

Current thread (0x0000020f6bd54a40):  JavaThread "restartedMain" [_thread_in_Java, id=9428, stack(0x00000062a2500000,0x00000062a2600000)]

Stack: [0x00000062a2500000,0x00000062a2600000],  sp=0x00000062a25fd9c0,  free space=1014k
Native frames: (J=compiled Java code, j=interpreted, Vv=VM code, C=native code)
C  0x0000020f56b23bb1


siginfo: EXCEPTION_ACCESS_VIOLATION (0xc0000005), writing address 0xffffffffffffffd5


Register to memory mapping:

RIP=0x0000020f56b23bb1 is at entry_point+689 in (nmethod*)0x0000020f56b23310
RAX=0x0000000000001f85 is an unknown value
RBX=0x0000000800041b58 is a pointer to class: 
java.lang.String {0x0000000800041b60}
 - instance size:     3
 - klass size:        83
 - access:            public final synchronized 
 - state:             fully_initialized
 - name:              'java/lang/String'
 - super:             'java/lang/Object'
 - sub:               
 - arrays:            'java/lang/String'[]
 - methods:           Array<T>(0x0000020f66005688)
 - method ordering:   Array<T>(0x0000020f66000018)
 - default_methods:   Array<T>(0x0000000000000000)
 - local interfaces:  Array<T>(0x0000020f66004160)
 - trans. interfaces: Array<T>(0x0000020f66004160)
 - constants:         constant pool [1396]/operands[28] {0x0000020f660012f8} for 'java/lang/String' cache=0x0000020f66135660
 - class loader data:  loader data: 0x0000020f65300350 of 'bootstrap'
 - source file:       'String.java'
 - class annotations:       Array<T>(0x0000000000000000)
 - class type annotations:  Array<T>(0x0000000000000000)
 - field annotations:       Array<T>(0x0000020f66005590)
 - field type annotations:  Array<T>(0x0000000000000000)
 - generic signature: 'Ljava/lang/Object;Ljava/io/Serializable;Ljava/lang/Comparable<Ljava/lang/String;>;Ljava/lang/CharSequence;Ljava/lang/constant/Constable;Ljava/lang/constant/ConstantDesc;'
 - inner classes:     Array<T>(0x0000020f6600fdc0)
 - nest members:     Array<T>(0x0000020f6600fe00)
 - permitted subclasses:     Array<T>(0x0000020f66000028)
 - java mirror:       a 'java/lang/Class'{0x000000070241e030} = 'java/lang/String'
 - vtable length      5  (start addr: 0x0000000800041d20)
 - itable length      20 (start addr: 0x0000000800041d48)
 - ---- static fields (3 words):
 - private static final 'serialVersionUID' 'J' @120 
 - static final 'COMPACT_STRINGS' 'Z' @130 
 - private static final 'serialPersistentFields' '[Ljava/io/ObjectStreamField;' @112 
 - private static final 'REPL' 'C' @128 
 - public static final 'CASE_INSENSITIVE_ORDER' 'Ljava/util/Comparator;' @116 
 - static final 'LATIN1' 'B' @131 
 - static final 'UTF16' 'B' @132 
 - ---- non-static fields (3 words):
 - private 'hash' 'I' @12 
 - private final 'coder' 'B' @16 
 - private 'hashIsZero' 'Z' @17 
 - private final synchronized 'value' '[B' @20 
 - non-static oop maps: 20-20 
RCX=0x0000000000000052 is an unknown value
RDX=0x00000007078b97a0 is an oop: org.springframework.asm.ClassReader 
{0x00000007078b97a0} - klass: 'org/springframework/asm/ClassReader'
 - ---- fields (total size 6 words):
 - public final 'header' 'I' @12  4800 (12c0)
 - private final 'maxStringLength' 'I' @16  321 (141)
 - public final 'b' '[B' @20  [B{0x00000007078bdc18} (e0f17b83)
 - final 'classFileBuffer' '[B' @24  [B{0x00000007078bdc18} (e0f17b83)
 - private final 'cpInfoOffsets' '[I' @28  [I{0x00000007078b9848} (e0f17309)
 - private final 'constantUtf8Values' '[Ljava/lang/String;' @32  a 'java/lang/String'[116] {0x00000007078b9a28} (e0f17345)
 - private final 'constantDynamicValues' '[Lorg/springframework/asm/ConstantDynamic;' @36  NULL (0)
 - private final 'bootstrapMethodOffsets' '[I' @40  NULL (0)
RSP=0x00000062a25fd9c0 is pointing into the stack for thread: 0x0000020f6bd54a40
RBP=0x00000062a25fe310 is pointing into the stack for thread: 0x0000020f6bd54a40
RSI=0x0000000000001706 is an unknown value
RDI=0x00000007078c4ac0 is an oop: java.lang.String 
{0x00000007078c4ac0} - klass: 'java/lang/String'
 - string: "Lorg/springframework/boot/autoconfigure/condition/ConditionalOnWebApplication$Type;"
R8 =0x0000000000000067 is an unknown value
R9 =0x0000000000000067 is an unknown value
R10=3773925720 is a compressed pointer to object: java.lang.String 
{0x00000007078c4ac0} - klass: 'java/lang/String'
 - string: "Lorg/springframework/boot/autoconfigure/condition/ConditionalOnWebApplication$Type;"
R11=0x00000007078b9c70 is an oop: [C 
{0x00000007078b9c70} - klass: {type array char}
 - length: 321
R12=0x0 is NULL
R13=0x0000000000000053 is an unknown value
R14=0x00000062a25fd830 is pointing into the stack for thread: 0x0000020f6bd54a40
R15=0x0000020f6bd54a40 is a thread


Registers:
RAX=0x0000000000001f85, RBX=0x0000000800041b58, RCX=0x0000000000000052, RDX=0x00000007078b97a0
RSP=0x00000062a25fd9c0, RBP=0x00000062a25fe310, RSI=0x0000000000001706, RDI=0x00000007078c4ac0
R8 =0x0000000000000067, R9 =0x0000000000000067, R10=0x00000000e0f18958, R11=0x00000007078b9c70
R12=0x0000000000000000, R13=0x0000000000000053, R14=0x00000062a25fd830, R15=0x0000020f6bd54a40
RIP=0x0000020f56b23bb1, EFLAGS=0x0000000000010202

Top of Stack: (sp=0x00000062a25fd9c0)
0x00000062a25fd9c0:   00000007078c4aa8 00000007078c4a90
0x00000062a25fd9d0:   00000007078b9c70 00000007078c39b0
0x00000062a25fd9e0:   00000062a25fe310 0000020f56ab46e4
0x00000062a25fd9f0:   0000000700000000 0000000000000000
0x00000062a25fda00:   0000020f6bd54a40 00000007078c38b8
0x00000062a25fda10:   00000007078c4a30 00000007090048f8
0x00000062a25fda20:   00000007078ba1b0 000000070209a4e8
0x00000062a25fda30:   00000007078c38a8 00000007078c4a58
0x00000062a25fda40:   0000000000000000 0000000800001703
0x00000062a25fda50:   00000007078c4a90 00000007078c4a30
0x00000062a25fda60:   00000007078b97a0 00000007078b9c70
0x00000062a25fda70:   00000062a25fdb10 00000008003092b0
0x00000062a25fda80:   00000007078b9c70 0000000700000004
0x00000062a25fda90:   00000007078c4a90 00000007078b4a90
0x00000062a25fdaa0:   00000062a25fe310 0000020f56ab5224
0x00000062a25fdab0:   00000062a25fe310 00007ffc9ccc1e1d 

Instructions: (pc=0x0000020f56b23bb1)
0x0000020f56b23ab1:   d7 16 00 00 4d 8b c1 4c 8b ce 0f 1f 40 00 e8 9c
0x0000020f56b23ac1:   16 f9 ff 48 8b f0 e9 c0 16 00 00 3b 43 0c 0f 83
0x0000020f56b23ad1:   48 1b 00 00 4c 63 c0 46 0f be 44 03 10 4c 8b c8
0x0000020f56b23ae1:   41 ff c1 44 3b 4b 0c 0f 83 3d 1b 00 00 4d 63 c9
0x0000020f56b23af1:   46 0f be 4c 0b 10 41 81 e0 ff 00 00 00 41 c1 e0
0x0000020f56b23b01:   08 41 81 e1 ff 00 00 00 4d 0b c1 83 f8 00 0f 84
0x0000020f56b23b11:   0a 00 00 00 41 83 f8 00 0f 85 17 00 00 00 48 bf
0x0000020f56b23b21:   00 00 00 00 00 00 00 00 48 89 b4 24 a8 00 00 00
0x0000020f56b23b31:   e9 21 00 00 00 4c 8b ce 48 8b fa 48 8b d7 48 89
0x0000020f56b23b41:   b4 24 a8 00 00 00 e8 14 16 f9 ff 48 8b f8 48 8b
0x0000020f56b23b51:   94 24 a0 00 00 00 8b 84 24 88 00 00 00 83 c0 02
0x0000020f56b23b61:   44 8b 42 18 49 c1 e0 03 41 3b 40 0c 0f 83 d0 1a
0x0000020f56b23b71:   00 00 4c 63 c8 47 0f be 4c 08 10 48 8b f0 ff c6
0x0000020f56b23b81:   41 3b 70 0c 0f 83 c6 1a 00 00 48 63 f6 45 0f be
0x0000020f56b23b91:   44 30 10 41 81 e1 ff 00 00 00 41 c1 e1 08 41 81
0x0000020f56b23ba1:   e0 ff 00 00 00 4d 0b c8 83 f8 00 0d 84 0a 00 00
0x0000020f56b23bb1:   00 41 83 f9 00 0f 85 0f 00 00 00 48 be 00 00 00
0x0000020f56b23bc1:   00 00 00 00 00 e9 79 15 00 00 48 89 bc 24 b0 00
0x0000020f56b23bd1:   00 00 4d 8b c1 4c 8b 8c 24 a8 00 00 00 90 e8 7c
0x0000020f56b23be1:   15 f9 ff 48 8b f0 48 8b bc 24 b0 08 00 00 e9 50
0x0000020f56b23bf1:   15 00 00 48 89 b4 24 a8 00 00 00 3b 43 0c 0f 83
0x0000020f56b23c01:   5a 1a 00 00 4c 63 c0 46 0f be 44 03 10 4c 8b c8
0x0000020f56b23c11:   41 ff c1 44 3b 4b 0c 0f 83 4f 1a 00 00 4d 63 c9
0x0000020f56b23c21:   46 0f be 4c 0b 10 41 81 e0 ff 00 00 00 41 c1 e0
0x0000020f56b23c31:   08 41 81 e1 ff 00 00 00 4d 0b c1 83 f8 00 0f 84
0x0000020f56b23c41:   0a 00 00 00 41 83 f8 00 0f 85 0f 00 00 00 48 be
0x0000020f56b23c51:   00 00 00 00 00 00 00 00 e9 74 14 00 00 4c 8b 8c
0x0000020f56b23c61:   24 a8 00 00 00 90 e8 f4 14 f9 ff 48 8b f0 e9 5e
0x0000020f56b23c71:   14 00 00 48 89 b4 24 a8 00 00 00 3b 43 0c 0f 83
0x0000020f56b23c81:   f6 19 00 00 48 63 f0 0f be 74 33 10 48 8b f8 ff
0x0000020f56b23c91:   c7 3b 7b 0c 0f 83 ee 19 00 00 48 63 ff 0f be 7c
0x0000020f56b23ca1:   3b 10 81 e6 ff 00 00 00 c1 e6 08 81 e7 ff 00 00 


Stack slot to memory mapping:
stack at sp + 0 slots: 0x00000007078c4aa8 is an oop: [B 
{0x00000007078c4aa8} - klass: {type array byte}
 - length: 4
stack at sp + 1 slots: 0x00000007078c4a90 is an oop: java.lang.String 
{0x00000007078c4a90} - klass: 'java/lang/String'
 - string: "type"
stack at sp + 2 slots: 0x00000007078b9c70 is an oop: [C 
{0x00000007078b9c70} - klass: {type array char}
 - length: 321
stack at sp + 3 slots: 0x00000007078c39b0 is an oop: java.lang.String 
{0x00000007078c39b0} - klass: 'java/lang/String'
 - string: "org.springframework.boot.autoconfigure.condition.ConditionalOnWebApplication"
stack at sp + 4 slots: 0x00000062a25fe310 is pointing into the stack for thread: 0x0000020f6bd54a40
stack at sp + 5 slots: 0x0000020f56ab46e4 is at entry_point+516 in (nmethod*)0x0000020f56ab4310
stack at sp + 6 slots: 0x0000000700000000 is an unknown value
stack at sp + 7 slots: 0x0 is NULL

--------------------------------------------------------------------------------
[Constant Pool (empty)]

--------------------------------------------------------------------------------

[MachCode]
  0x0000020f56b23900: 448b 5208 | 49bb 0000 | 0000 0800 | 0000 4d03 | d34c 3bd0 | 0f85 66d7 | 9fff 660f | 1f44 0000 
  0x0000020f56b23920: 8984 2400 | 90ff ff55 | 4881 ec70 | 0100 0048 | 8994 24a0 | 0000 004c | 8984 2498 | 0000 0048 
  0x0000020f56b23940: 89bc 2490 | 0000 0049 | 83f8 000f | 8545 0000 | 0044 8b42 | 1849 c1e0 | 0345 3b48 | 0c0f 8378 
  0x0000020f56b23960: 1c00 0049 | 63f9 450f | be44 3810 | 4181 e0ff | 0000 0041 | 83f8 400f | 84ad 1b00 | 0041 83f8 
  0x0000020f56b23980: 5b0f 845f | 1b00 0041 | 83f8 650f | 8438 1b00 | 00e9 161b | 0000 8b5a | 1848 c1e3 | 0349 8bc1 
  0x0000020f56b239a0: ffc0 8984 | 2488 0000 | 0044 3b4b | 0c0f 8340 | 1c00 004d | 63c9 460f | be4c 0b10 | 4181 e1ff 
  0x0000020f56b239c0: 0000 0041 | 83f9 400f | 847d 1200 | 0041 83f9 | 420f 8405 | 1a00 0041 | 83f9 430f | 8474 1100 
  0x0000020f56b239e0: 0041 83f9 | 440f 845f | 0000 0041 | 83f9 460f | 8455 0000 | 0041 83f9 | 490f 844b | 0000 0041 
  0x0000020f56b23a00: 83f9 4a0f | 8441 0000 | 0041 83f9 | 530f 8419 | 1900 0041 | 83f9 5a0f | 8457 1800 | 0041 83f9 
  0x0000020f56b23a20: 5b0f 844d | 0200 0041 | 83f9 630f | 84c3 0100 | 0041 83f9 | 650f 8491 | 0000 0041 | 83f9 730f 
  0x0000020f56b23a40: 8412 0000 | 00e9 101b | 0000 4889 | b424 a800 | 0000 e97d | 1700 003b | 430c 0f83 | a11b 0000 
  0x0000020f56b23a60: 4c63 c846 | 0fbe 4c0b | 1048 8bc8 | ffc1 3b4b | 0c0f 8398 | 1b00 0048 | 63c9 0fbe | 5c0b 1041 
  0x0000020f56b23a80: 81e1 ff00 | 0000 41c1 | e108 81e3 | ff00 0000 | 4c0b cb83 | f800 0f84 | 0a00 0000 | 4183 f900 
  0x0000020f56b23aa0: 0f85 0f00 | 0000 48be | 0000 0000 | 0000 0000 | e9d7 1600 | 004d 8bc1 | 4c8b ce0f | 1f40 00e8 
  0x0000020f56b23ac0: 9c16 f9ff | 488b f0e9 | c016 0000 | 3b43 0c0f | 8348 1b00 | 004c 63c0 | 460f be44 | 0310 4c8b 
  0x0000020f56b23ae0: c841 ffc1 | 443b 4b0c | 0f83 3d1b | 0000 4d63 | c946 0fbe | 4c0b 1041 | 81e0 ff00 | 0000 41c1 
  0x0000020f56b23b00: e008 4181 | e1ff 0000 | 004d 0bc1 | 83f8 000f | 840a 0000 | 0041 83f8 | 000f 8517 | 0000 0048 
  0x0000020f56b23b20: bf00 0000 | 0000 0000 | 0048 89b4 | 24a8 0000 | 00e9 2100 | 0000 4c8b | ce48 8bfa | 488b d748 
  0x0000020f56b23b40: 89b4 24a8 | 0000 00e8 | 1416 f9ff | 488b f848 | 8b94 24a0 | 0000 008b | 8424 8800 | 0000 83c0 
  0x0000020f56b23b60: 0244 8b42 | 1849 c1e0 | 0341 3b40 | 0c0f 83d0 | 1a00 004c | 63c8 470f | be4c 0810 | 488b f0ff 
  0x0000020f56b23b80: c641 3b70 | 0c0f 83c6 | 1a00 0048 | 63f6 450f | be44 3010 | 4181 e1ff | 0000 0041 | c1e1 0841 
  0x0000020f56b23ba0: 81e0 ff00 | 0000 4d0b | c883 f800 | 0d84 0a00 | 0000 4183 | f900 0f85 | 0f00 0000 | 48be 0000 
  0x0000020f56b23bc0: 0000 0000 | 0000 e979 | 1500 0048 | 89bc 24b0 | 0000 004d | 8bc1 4c8b | 8c24 a800 | 0000 90e8 
  0x0000020f56b23be0: 7c15 f9ff | 488b f048 | 8bbc 24b0 | 0800 00e9 | 5015 0000 | 4889 b424 | a800 0000 | 3b43 0c0f 
  0x0000020f56b23c00: 835a 1a00 | 004c 63c0 | 460f be44 | 0310 4c8b | c841 ffc1 | 443b 4b0c | 0f83 4f1a | 0000 4d63 
  0x0000020f56b23c20: c946 0fbe | 4c0b 1041 | 81e0 ff00 | 0000 41c1 | e008 4181 | e1ff 0000 | 004d 0bc1 | 83f8 000f 
  0x0000020f56b23c40: 840a 0000 | 0041 83f8 | 000f 850f | 0000 0048 | be00 0000 | 0000 0000 | 00e9 7414 | 0000 4c8b 
  0x0000020f56b23c60: 8c24 a800 | 0000 90e8 | f414 f9ff | 488b f0e9 | 5e14 0000 | 4889 b424 | a800 0000 | 3b43 0c0f 
  0x0000020f56b23c80: 83f6 1900 | 0048 63f0 | 0fbe 7433 | 1048 8bf8 | ffc7 3b7b | 0c0f 83ee | 1900 0048 | 63ff 0fbe 
  0x0000020f56b23ca0: 7c3b 1081 | e6ff 0000 | 00c1 e608 | 81e7 ff00 | 0000 480b | f789 b424 | c400 0000 | 83c0 0289 
  0x0000020f56b23cc0: 8424 5001 | 0000 83fe | 000f 849b | 1300 003b | 430c 0f83 | bf19 0000 | 4863 f80f | be5c 3b10 
  0x0000020f56b23ce0: 81e3 ff00 | 0000 83fb | 420f 84b1 | 0c00 0083 | fb43 0f84 | fa0a 0000 | 83fb 440f | 84f5 0800 
  0x0000020f56b23d00: 0083 fb46 | 0f84 3d07 | 0000 83fb | 490f 8485 | 0500 0083 | fb4a 0f84 | 8c03 0000 | 83fb 530f 
  0x0000020f56b23d20: 84d3 0100 | 0083 fb5a | 0f85 d312 | 0000 488b | de4c 8bca | 48ba 0000 | 0400 0800 | 0000 4c8b 
  0x0000020f56b23d40: e84c 8bde | 4863 db48 | 8bfb 4881 | fbff ffff | 000f 874e | 1900 0048 | be17 0000 | 0000 0000 
  0x0000020f56b23d60: 0048 8d34 | 1e48 83e6 | f849 8b87 | 0801 0000 | 488d 3430 | 493b b718 | 0100 000f | 8724 1900 
  0x0000020f56b23d80: 0049 89b7 | 0801 0000 | 482b f048 | c700 0100 | 0000 488b | ca49 ba00 | 0000 0008 | 0000 0049 
  0x0000020f56b23da0: 2bca 8948 | 0889 580c | 4883 ee10 | 0f84 1a00 | 0000 4885 | f60f 8411 | 0000 0048 | 33db 48c1 
  0x0000020f56b23dc0: ee03 4889 | 5cf0 0848 | ffce 75f6 | 4889 8424 | b800 0000 | 448b 400c | baff ffff | ff41 03d3 
  0x0000020f56b23de0: 413b d00f | 8dc6 1800 | 0049 8bf5 | bf00 0000 | 00e9 f400 | 0000 6690 | 89bc 248c | 0000 0045 
  0x0000020f56b23e00: 8b41 1c49 | c1e0 0341 | 8b51 1848 | c1e2 0348 | 8bce ffc1 | 3b4a 0c0f | 83a1 1800 | 004c 63d9 
  0x0000020f56b23e20: 460f be5c | 1a10 ffc1 | 3b4a 0c0f | 839b 1800 | 0048 63c9 | 0fbe 540a | 1041 81e3 | ff00 0000 
  0x0000020f56b23e40: 41c1 e308 | 81e2 ff00 | 0000 4c0b | da45 3b58 | 0c0f 838d | 1800 004d | 63db 478b | 4498 1049 
  0x0000020f56b23e60: 8bd1 89b4 | 24c0 0000 | 0066 0f1f | 4400 00e8 | 0cd5 9fff | 83f8 00bb | 0000 0000 | 0f84 0500 
  0x0000020f56b23e80: 0000 bb01 | 0000 008b | bc24 8c00 | 0000 4863 | d748 8bf3 | 83e6 0148 | 8b84 24b8 | 0000 008b 
  0x0000020f56b23ea0: 4808 49ba | 0000 0000 | 0800 0000 | 4903 ca8b | 4908 81e1 | 0004 0000 | 83f9 0048 | 0f44 f340 
  0x0000020f56b23ec0: 8874 1010 | 8bb4 24c0 | 0000 0083 | c603 ffc7 | 4d8b 9748 | 0300 0041 | 8502 448b | 9c24 c400 
  0x0000020f56b23ee0: 0000 4c8b | 8c24 a000 | 0000 413b | fb0f 8dbe | 1000 00e9 | 00ff ffff | 4c8b e88b | 9c24 c400 
  0x0000020f56b23f00: 0000 48ba | b009 0400 | 0800 0000 | 4863 db48 | 8bfb 4881 | fbff ffff | 000f 87d3 | 1700 0048 
  0x0000020f56b23f20: be17 0000 | 0000 0000 | 0048 8d34 | 5e48 83e6 | f849 8b87 | 0801 0000 | 488d 3430 | 493b b718 
  0x0000020f56b23f40: 0100 000f | 87a9 1700 | 0049 89b7 | 0801 0000 | 482b f048 | c700 0100 | 0000 488b | ca49 ba00 
  0x0000020f56b23f60: 0000 0008 | 0000 0049 | 2bca 8948 | 0889 580c | 4883 ee10 | 0f84 1a00 | 0000 4885 | f60f 8411 
  0x0000020f56b23f80: 0000 0048 | 33db 48c1 | ee03 4889 | 5cf0 0848 | ffce 75f6 | 4889 8424 | d000 0000 | 448b 400c 
  0x0000020f56b23fa0: baff ffff | ff03 9424 | c400 0000 | 413b d00f | 8d47 1700 | 0049 8bf5 | bf00 0000 | 008b 9c24 
  0x0000020f56b23fc0: c400 0000 | 488b 9424 | a000 0000 | e9ca 0000 | 000f 1f80 | 0000 0000 | 89bc 24c8 | 0000 0044 
  0x0000020f56b23fe0: 8b42 1c49 | c5e0 038b | 4a18 48c1 | e103 4c8b | ce41 ffc1 | 443b 490c | 0f83 0d17 | 0000 4d63 
  0x0000020f56b24000: d946 0fbe | 5c19 1041 | ffc1 443b | 490c 0f83 | 0517 0000 | 4d63 c942 | 0fbe 4c09 | 1041 81e3 
  0x0000020f56b24020: ff00 0000 | 41c1 e308 | 81e1 ff00 | 0000 4c0b | d945 3b58 | 0c0f 83f6 | 1600 004d | 63db 478b 
  0x0000020f56b24040: 4498 1048 | 8bca 488b | d189 b424 | cc00 0000 | 0f1f 8000 | 0000 00e8 | 24d3 9fff | 8bbc 24c8 
  0x0000020f56b24060: 0000 0048 | 63df 488b | b424 d000 | 0000 6689 | 445e 108b | 9c24 cc00 | 0000 83c3 | 03ff c74d 
  0x0000020f56b24080: 8b97 4803 | 0000 4185 | 0248 8b94 | 24a0 0000 | 0048 8bf3 | 8b9c 24c4 | 0000 003b | fb0f 8dbe 
  0x0000020f56b240a0: 0e00 00e9 | 30ff ffff | 4c8b e88b | 9c24 c400 | 0000 48ba | 900d 0400 | 0800 0000 | 4863 db48 
  0x0000020f56b240c0: 8bfb 4881 | fbff ffff | 000f 8770 | 1600 0048 | be17 0000 | 0000 0000 | 0048 8d34 | de48 83e6 
  0x0000020f56b240e0: f849 8b87 | 0801 0000 | 488d 3430 | 493b b718 | 0100 000f | 8746 1600 | 0049 89b7 | 0801 0000 
  0x0000020f56b24100: 482b f048 | c700 0100 | 0000 488b | ca49 ba00 | 0000 0008 | 0000 0049 | 2bca 8948 | 0889 580c 
  0x0000020f56b24120: 4883 ee10 | 0f84 1a00 | 0000 4885 | f60f 8411 | 0000 0048 | 33db 48c1 | ee03 4889 | 5cf0 0848 
  0x0000020f56b24140: ffce 75f6 | 4889 8424 | e000 0000 | 448b 400c | baff ffff | ff03 9424 | c400 0000 | 413b d00f 
  0x0000020f56b24160: 8de4 1500 | 0049 8bf5 | bf00 0000 | 00e9 0a01 | 0000 660f | 1f44 0000 | 89bc 24dc | 0000 0044 
  0x0000020f56b24180: 8b42 1c49 | c1e0 038b | 4a18 48c1 | e103 4c8b | ce41 ffc1 | 443b 490c | 0f83 ba15 | 0000 4d63 
  0x0000020f56b241a0: d946 0fbe | 5c19 1041 | ffc1 443b | 490c 0f83 | b215 0000 | 4d63 c942 | 0fbe 4c09 | 1041 81e3 
  0x0000020f56b241c0: ff00 0000 | 41c1 e308 | 81e1 ff00 | 0000 4c0b | d945 3b58 | 0c0f 83a3 | 1500 004d | 63db 438b 
  0x0000020f56b241e0: 4c98 104c | 8bc1 4c8b | ca49 8bd1 | 89b4 24e8 | 0000 0089 | 8c24 d800 | 0000 0f1f | 4400 00e8 
  0x0000020f56b24200: 7cd1 9fff | 8b8c 24d8 | 0000 0083 | c104 4863 | c04c 8bc1 | 488b 9424 | a000 0000 | 4889 8424 
  0x0000020f56b24220: f000 0000 | 6666 90e8 | 54d1 9fff | b920 0000 | 0048 8b9c | 24f0 0000 | 0048 d3e3 | 4863 c049 
  0x0000020f56b24240: baff ffff | ff00 0000 | 0049 23c2 | 480b d88b | bc24 dc00 | 0000 4863 | d748 8b84 | 24e0 0000 
  0x0000020f56b24260: 0048 895c | d010 8bb4 | 24e8 0000 | 0083 c603 | ffc7 4d8b | 9748 0300 | 0041 8502 | 8b9c 24c4 
  0x0000020f56b24280: 0000 0048 | 8b94 24a0 | 0000 003b | fb0f 8d7e | 0c00 00e9 | e0fe ffff | 4c8b e88b | 9c24 c400 
  0x0000020f56b242a0: 0000 48ba | a00b 0400 | 0800 0000 | 4863 db48 | 8bfb 4881 | fbff ffff | 000f 87cd | 1400 0048 
  0x0000020f56b242c0: be17 0000 | 0000 0000 | 0048 8d34 | 9e48 83e6 | f849 8b87 | 0801 0000 | 488d 3430 | 493b b718 
  0x0000020f56b242e0: 0100 000f | 87a3 1400 | 0049 89b7 | 0801 0000 | 482b f048 | c700 0100 | 0000 488b | ca49 ba00 
  0x0000020f56b24300: 0000 0008 | 0000 0049 | 2bca 8948 | 0889 580c | 4883 ee10 | 0f84 1a00 | 0000 4885 | f60f 8411 
  0x0000020f56b24320: 0000 0048 | 33db 48c1 | ee03 4889 | 5cf0 0848 | ffce 75f6 | 4889 8424 | f800 0000 | 448b 400c 
  0x0000020f56b24340: baff ffff | ff03 9424 | c400 0000 | 413b d00f | 8d41 1400 | 0049 8bf5 | bf00 0000 | 008b 9c24 
  0x0000020f56b24360: c400 0000 | 488b 9424 | a000 0000 | e9c9 0000 | 000f 1f80 | 0000 0000 | 89bc 24ec | 0000 0044 
  0x0000020f56b24380: 8b42 1c49 | c1e0 038b | 4a18 48c1 | e103 4c8b | ce41 ffc1 | 443b 490c | 0f83 0714 | 0000 4d63 
  0x0000020f56b243a0: d946 0fbe | 5c19 1041 | ffc1 443b | 490c 0f83 | ff13 0000 | 4d63 c942 | 0fbe 4c09 | 1041 81e3 
  0x0000020f56b243c0: ff00 0000 | 41c1 e308 | 81e1 ff00 | 0000 4c0b | d945 3b58 | 0c0f 83f0 | 1300 004d | 63db 478b 
  0x0000020f56b243e0: 4498 1048 | 8bca 488b | d189 b424 | 0001 0000 | 0f1f 8000 | 0000 00e8 | 84cf 9fff | 8bbc 24ec 
  0x0000020f56b24400: 0000 0048 | 63df 488b | b424 f800 | 0000 8944 | 9e10 8b9c | 2400 0100 | 0083 c303 | ffc7 4d8b 
  0x0000020f56b24420: 9748 0300 | 0041 8502 | 488b 9424 | a000 0000 | 488b f38b | 9c24 c400 | 0000 3bfb | 0f8d 7f0a 
  0x0000020f56b24440: 0000 e931 | ffff ff4c | 8be8 8b9c | 24c4 0000 | 0048 bae0 | 0304 0008 | 0000 0048 | 63db 488b 
  0x0000020f56b24460: fb48 81fb | ffff ff00 | 0f87 6b13 | 0000 48be | 1700 0000 | 0000 0000 | 488d 349e | 4883 e6f8 
  0x0000020f56b24480: 498b 8708 | 0100 0048 | 8d34 3049 | 3bb7 1801 | 0000 0f87 | 4113 0000 | 4989 b708 | 0100 0048 
  0x0000020f56b244a0: 2bf0 48c7 | 0001 0000 | 0048 8bca | 49ba 0000 | 0000 0800 | 0000 492b | ca89 4808 | 8958 0c48 
  0x0000020f56b244c0: 83ee 100f | 841a 0000 | 0048 85f6 | 0f84 1100 | 0000 4833 | db48 c1ee | 0348 895c | f008 48ff 
  0x0000020f56b244e0: ce75 f648 | 8984 2408 | 0100 0044 | 8b40 0cba | ffff ffff | 0394 24c4 | 0000 0041 | 3bd0 0f8d 
  0x0000020f56b24500: df12 0000 | 498b f5bf | 0000 0000 | e9c9 0000 | 000f 1f80 | 0000 0000 | 89bc 2404 | 0100 0044 
  0x0000020f56b24520: 8b42 1c49 | c1e0 038b | 4a18 48c1 | e103 4c8b | ce41 ffc1 | 443b 490c | 0f83 b412 | 0000 4d63 
  0x0000020f56b24540: d946 0fbe | 5c19 1041 | ffc1 443b | 490c 0f83 | ac12 0000 | 4d63 c942 | 0fbe 4c09 | 1041 81e3 
  0x0000020f56b24560: ff00 0000 | 41c1 e308 | 81e1 ff00 | 0000 4c0b | d945 3b58 | 0c0f 839d | 1200 004d | 63db 478b 
  0x0000020f56b24580: 4498 1048 | 8bca 488b | d189 b424 | 1001 0000 | 0f1f 8000 | 0000 00e8 | e4cd 9fff | 8984 2454 
  0x0000020f56b245a0: 0100 00c5 | fa10 8424 | 5401 0000 | 8bbc 2404 | 0100 0048 | 63df 488b | 8424 0801 | 0000 c5fa 
  0x0000020f56b245c0: 1144 9810 | 8bb4 2410 | 0100 0083 | c603 ffc7 | 4d8b 9748 | 0300 0041 | 8502 8b9c | 24c4 0000 
  0x0000020f56b245e0: 0048 8b94 | 24a0 0000 | 003b fb0f | 8d80 0800 | 00e9 22ff | ffff 4c8b | e88b 9c24 | c400 0000 
  0x0000020f56b24600: 48ba d005 | 0400 0800 | 0000 4863 | db48 8bfb | 4881 fbff | ffff 000f | 8709 1200 | 0048 be17 
  0x0000020f56b24620: 0000 0000 | 0000 0048 | 8d34 de48 | 83e6 f849 | 8b87 0801 | 0000 488d | 3430 493b | b718 0100 
  0x0000020f56b24640: 000f 87df | 1100 0049 | 89b7 0801 | 0000 482b | f048 c700 | 0100 0000 | 488b ca49 | ba00 0000 
  0x0000020f56b24660: 0008 0000 | 0049 2bca | 8948 0889 | 580c 4883 | ee10 0f84 | 1a00 0000 | 4885 f60f | 8411 0000 
  0x0000020f56b24680: 0048 33db | 48c1 ee03 | 4889 5cf0 | 0848 ffce | 75f6 4889 | 8424 2001 | 0000 448b | 400c baff 
  0x0000020f56b246a0: ffff ff03 | 9424 c400 | 0000 413b | d00f 8d7d | 1100 0049 | 8bf5 bf00 | 0000 00e9 | 1601 0000 
  0x0000020f56b246c0: 89bc 2418 | 0100 0044 | 8b42 1c49 | c1e0 038b | 4a18 48c1 | e103 4c8b | ce41 ffc1 | 443b 490c 
  0x0000020f56b246e0: 0f83 5911 | 0000 4d63 | d946 0fbe | 5c19 1041 | ffc1 443b | 490c 0f83 | 5111 0000 | 4d63 c942 
  0x0000020f56b24700: 0fbe 4c09 | 1041 81e3 | ff00 0000 | 41c1 e308 | 81e1 ff00 | 0000 4c0b | d945 3b58 | 0c0f 8342 
  0x0000020f56b24720: 1100 004d | 63db 438b | 4c98 104c | 8bc1 4c8b | ca49 8bd1 | 89b4 241c | 0100 0089 | 8c24 1401 
  0x0000020f56b24740: 0000 0f1f | 4400 00e8 | 34cc 9fff | 8b8c 2414 | 0100 0083 | c104 4863 | c04c 8bc1 | 488b 9424 
  0x0000020f56b24760: a000 0000 | 4889 8424 | 2801 0000 | 6666 90e8 | 0ccc 9fff | b920 0000 | 0048 8b9c | 2428 0100 
  0x0000020f56b24780: 0048 d3e3 | 4863 c049 | baff ffff | ff00 0000 | 0049 23c2 | 480b d848 | 899c 2460 | 0100 00c5 
  0x0000020f56b247a0: fb10 8424 | 6001 0000 | 8bbc 2418 | 0100 0048 | 63df 488b | 8424 2001 | 0000 c5fb | 1144 d810 
  0x0000020f56b247c0: 8bb4 241c | 0100 0083 | c603 ffc7 | 4d8b 9748 | 0300 0041 | 8502 8b9c | 24c4 0000 | 0048 8b94 
  0x0000020f56b247e0: 24a0 0000 | 003b fb0f | 8d34 0600 | 00e9 cefe | ffff 4c8b | e88b 9c24 | c400 0000 | 48ba f001 
  0x0000020f56b24800: 0400 0800 | 0000 4863 | db48 8bfb | 4881 fbff | ffff 000f | 875a 1000 | 0048 be17 | 0000 0000 
  0x0000020f56b24820: 0000 0048 | 8d34 5e48 | 83e6 f849 | 8b87 0801 | 0000 488d | 3430 493b | b718 0100 | 000f 8730 
  0x0000020f56b24840: 1000 0049 | 89b7 0801 | 0000 482b | f048 c700 | 0100 0000 | 488b ca49 | ba00 0000 | 0008 0000 
  0x0000020f56b24860: 0049 2bca | 8948 0889 | 580c 4883 | ee10 0f84 | 1a00 0000 | 4885 f60f | 8411 0000 | 0048 33db 
  0x0000020f56b24880: 48c1 ee03 | 4889 5cf0 | 0848 ffce | 75f6 4889 | 8424 3801 | 0000 448b | 400c baff | ffff ff03 
  0x0000020f56b248a0: 9424 c400 | 0000 413b | d00f 8dce | 0f00 0049 | 8bf5 bf00 | 0000 008b | 9c24 c400 | 0000 488b 
  0x0000020f56b248c0: 9424 a000 | 0000 e9c8 | 0000 000f | 1f44 0000 | 89bc 2430 | 0100 0044 | 8b42 1c49 | c1e0 038b 
  0x0000020f56b248e0: 4a18 48c1 | e103 4c8b | ce41 ffc1 | 443b 490c | 0f83 960f | 0000 4d63 | d946 0fbe | 5c19 1041 
  0x0000020f56b24900: ffc1 443b | 490c 0f83 | 8e0f 0000 | 4d63 c942 | 0fbe 4c09 | 1041 81e3 | ff00 0000 | 41c1 e308 
  0x0000020f56b24920: 81e1 ff00 | 0000 4c0b | d945 3b58 | 0c0f 837f | 0f00 004d | 63db 478b | 4498 1048 | 8bca 488b 
  0x0000020f56b24940: d189 b424 | 3401 0000 | 0f1f 8000 | 0000 00e8 | 2cca 9fff | 8bbc 2430 | 0100 0048 | 63df 488b 
  0x0000020f56b24960: b424 3801 | 0000 6689 | 445e 108b | 9c24 3401 | 0000 83c3 | 03ff c74d | 8b97 4803 | 0000 4185 
  0x0000020f56b24980: 0248 8b94 | 24a0 0000 | 0048 8bf3 | 8b9c 24c4 | 0000 003b | fb0f 8d36 | 0400 00e9 | 30ff ffff 
  0x0000020f56b249a0: 4c8b e88b | 9c24 c400 | 0000 48ba | c007 0400 | 0800 0000 | 4863 db48 | 8bfb 4881 | fbff ffff 
  0x0000020f56b249c0: 000f 87f9 | 0e00 0048 | be17 0000 | 0000 0000 | 0048 8d34 | 1e48 83e6 | f849 8b87 | 0801 0000 
  0x0000020f56b249e0: 488d 3430 | 493b b718 | 0100 000f | 87cf 0e00 | 0049 89b7 | 0801 0000 | 482b f048 | c700 0100 
  0x0000020f56b24a00: 0000 488b | ca49 ba00 | 0000 0008 | 0000 0049 | 2bca 8948 | 0889 580c | 4883 ee10 | 0f84 1a00 
  0x0000020f56b24a20: 0000 4885 | f60f 8411 | 0000 0048 | 33db 48c1 | ee03 4889 | 5cf0 0848 | ffce 75f6 | 4889 8424 
  0x0000020f56b24a40: 4801 0000 | 448b 400c | baff ffff | ff03 9424 | c400 0000 | 413b d00f | 8d6d 0e00 | 0049 8bf5 
  0x0000020f56b24a60: bf00 0000 | 008b 9c24 | c400 0000 | 488b 9424 | a000 0000 | e9cf 0000 | 000f 1f80 | 0000 0000 
  0x0000020f56b24a80: 89bc 2440 | 0100 0044 | 8b42 1c49 | c1e0 038b | 4a18 48c1 | e103 4c8b | ce41 ffc1 | 443b 490c 
  0x0000020f56b24aa0: 0f83 330e | 0000 4d63 | d946 0fbe | 5c19 1041 | ffc1 443b | 490c 0f83 | 2b0e 0000 | 4d63 c942 
  0x0000020f56b24ac0: 0fbe 4c09 | 1041 81e3 | ff00 0000 | 41c1 e308 | 81e1 ff00 | 0000 4c0b | d945 3b58 | 0c0f 831c 
  0x0000020f56b24ae0: 0e00 004d | 63db 478b | 4498 1048 | 8bca 488b | d189 b424 | 4401 0000 | 0f1f 8000 | 0000 00e8 
  0x0000020f56b24b00: 7cc8 9fff | 8bbc 2440 | 0100 004c | 63c7 488b | b424 4801 | 0000 4288 | 4406 1044 | 8b84 2444 
  0x0000020f56b24b20: 0100 0041 | 83c0 03ff | c74d 8b97 | 4803 0000 | 4185 0249 | 8bd8 488b | 9424 a000 | 0000 488b 
  0x0000020f56b24b40: f38b 9c24 | c400 0000 | 3bfb 0f8d | 2c02 0000 | e92b ffff | ff44 8b42 | 1c49 c1e0 | 033b 430c 
  0x0000020f56b24b60: 0f83 a70d | 0000 4863 | f00f be74 | 3310 488b | f8ff c73b | 7b0c 0f83 | 9f0d 0000 | 4863 ff0f 
  0x0000020f56b24b80: be7c 3b10 | 81e6 ff00 | 0000 c1e6 | 0881 e7ff | 0000 0048 | 0bf7 413b | 700c 0f83 | 930d 0000 
  0x0000020f56b24ba0: 4863 f645 | 8b44 b010 | 0f1f 8000 | 0000 00e8 | ccc7 9fff | 4c8b c041 | 81e0 ffff | 0000 4183 
  0x0000020f56b24bc0: f87f 0f8f | 2900 0000 | ba80 0000 | 0048 be50 | 457d 0207 | 0000 0041 | 3bd0 0f86 | 610d 0000 
  0x0000020f56b24be0: 4d63 c042 | 8b54 8610 | 48c1 e203 | e949 0100 | 0048 ba98 | 5405 0008 | 0000 0049 | 8b87 0801 
  0x0000020f56b24c00: 0000 488d | 7810 493b | bf18 0100 | 000f 8741 | 0d00 0049 | 89bf 0801 | 0000 48c7 | 0001 0000 
  0x0000020f56b24c20: 0048 8bca | 49ba 0000 | 0000 0800 | 0000 492b | ca89 4808 | 4833 c989 | 480c 4833 | c966 4489 
  0x0000020f56b24c40: 400c 488b | d0e9 f000 | 0000 4889 | b424 a800 | 0000 3b43 | 0c0f 8306 | 0d00 004c | 63c0 460f 
  0x0000020f56b24c60: be44 0310 | 4c8b c841 | ffc1 443b | 4b0c 0f83 | fb0c 0000 | 4d63 c946 | 0fbe 4c0b | 1041 81e0 
  0x0000020f56b24c80: ff00 0000 | 41c1 e008 | 4181 e1ff | 0000 004d | 0bc1 83f8 | 000f 840a | 0000 0041 | 83f8 000f 
  0x0000020f56b24ca0: 850f 0000 | 0048 be00 | 0000 0000 | 0000 00e9 | 1b00 0000 | 4c8b 8c24 | a800 0000 | 488b f248 
  0x0000020f56b24cc0: 8bd6 0f1f | 4400 00e8 | b4c6 9fff | 488b f04c | 8b84 2490 | 0000 004c | 8bce 488b | 9424 9800 
  0x0000020f56b24ce0: 0000 6666 | 9048 b8ff | ffff ffff | ffff ffe8 | 8cc9 9fff | 448b 8c24 | 8800 0000 | 4183 c102 
  0x0000020f56b24d00: 4c8b c0bf | 0100 0000 | 488b b424 | a800 0000 | 488b 9424 | a000 0000 | 0f1f 8000 | 0000 00e8 
  0x0000020f56b24d20: 5cc6 9fff | 4881 c470 | 0100 005d | 493b a740 | 0300 000f | 8744 0c00 | 00c3 4c8b | 8424 9000 
  0x0000020f56b24d40: 0000 4c8b | ca48 8b94 | 2498 0000 | 0048 b8ff | ffff ffff | ffff ffe8 | 24c9 9fff | 8b84 2488 
  0x0000020f56b24d60: 0000 0083 | c002 4881 | c470 0100 | 005d 493b | a740 0300 | 000f 8718 | 0c00 00c3 | 89b4 2444 
  0x0000020f56b24d80: 0100 0048 | 8bb4 2448 | 0100 004c | 8b84 2490 | 0000 004c | 8bce 488b | 9424 9800 | 0000 0f1f 
  0x0000020f56b24da0: 8000 0000 | 0048 b8ff | ffff ffff | ffff ffe8 | ccc8 9fff | 8b84 2444 | 0100 0048 | 81c4 7001 
  0x0000020f56b24dc0: 0000 5d49 | 3ba7 4003 | 0000 0f87 | d90b 0000 | c389 b424 | 3401 0000 | 488b b424 | 3801 0000 
  0x0000020f56b24de0: 4c8b 8424 | 9000 0000 | 4c8b ce48 | 8b94 2498 | 0000 0066 | 9048 b8ff | ffff ffff | ffff ffe8 
  0x0000020f56b24e00: 7cc8 9fff | 8b84 2434 | 0100 0048 | 81c4 7001 | 0000 5d49 | 3ba7 4003 | 0000 0f87 | 9f0b 0000 
  0x0000020f56b24e20: c389 b424 | 1c01 0000 | 488b 8424 | 2001 0000 | 4c8b 8424 | 9000 0000 | 4c8b c848 | 8b94 2498 
  0x0000020f56b24e40: 0000 0066 | 9048 b8ff | ffff ffff | ffff ffe8 | 2cc8 9fff | 8b84 241c | 0100 0048 | 81c4 7001 
  0x0000020f56b24e60: 0000 5d49 | 3ba7 4003 | 0000 0f87 | 650b 0000 | c389 b424 | 1001 0000 | 488b 8424 | 0801 0000 
  0x0000020f56b24e80: 4c8b 8424 | 9000 0000 | 4c8b c848 | 8b94 2498 | 0000 0066 | 9048 b8ff | ffff ffff | ffff ffe8 
  0x0000020f56b24ea0: dcc7 9fff | 8b84 2410 | 0100 0048 | 81c4 7001 | 0000 5d49 | 3ba7 4003 | 0000 0f87 | 2b0b 0000 
  0x0000020f56b24ec0: c389 b424 | 0001 0000 | 488b b424 | f800 0000 | 4c8b 8424 | 9000 0000 | 4c8b ce48 | 8b94 2498 
  0x0000020f56b24ee0: 0000 0066 | 9048 b8ff | ffff ffff | ffff ffe8 | 8cc7 9fff | 8b84 2400 | 0100 0048 | 81c4 7001 
  0x0000020f56b24f00: 0000 5d49 | 3ba7 4003 | 0000 0f87 | f10a 0000 | c389 b424 | e800 0000 | 488b 8424 | e000 0000 
  0x0000020f56b24f20: 4c8b 8424 | 9000 0000 | 4c8b c848 | 8b94 2498 | 0000 0066 | 9048 b8ff | ffff ffff | ffff ffe8 
  0x0000020f56b24f40: 3cc7 9fff | 8b84 24e8 | 0000 0048 | 81c4 7001 | 0000 5d49 | 3ba7 4003 | 0000 0f87 | b70a 0000 
  0x0000020f56b24f60: c389 b424 | cc00 0000 | 488b b424 | d000 0000 | 4c8b 8424 | 9000 0000 | 4c8b ce48 | 8b94 2498 
  0x0000020f56b24f80: 0000 0066 | 9048 b8ff | ffff ffff | ffff ffe8 | ecc6 9fff | 8b84 24cc | 0000 0048 | 81c4 7001 
  0x0000020f56b24fa0: 0000 5d49 | 3ba7 4003 | 0000 0f87 | 7d0a 0000 | c389 b424 | c000 0000 | 488b 8424 | b800 0000 
  0x0000020f56b24fc0: 4c8b 8424 | 9000 0000 | 4c8b c848 | 8b94 2498 | 0000 0066 | 9048 b8ff | ffff ffff | ffff ffe8 
  0x0000020f56b24fe0: 9cc6 9fff | 8b84 24c0 | 0000 0048 | 81c4 7001 | 0000 5d49 | 3ba7 4003 | 0000 0f87 | 430a 0000 
  0x0000020f56b25000: c34c 8b84 | 2490 0000 | 0048 8b94 | 2498 0000 | 000f 1f40 | 0048 b870 | 9b30 0008 | 0000 00e8 
  0x0000020f56b25020: 3c73 0800 | 448b 8c24 | 5001 0000 | 4183 e902 | 4c8b c0bf | 0000 0000 | 488b b424 | a800 0000 
  0x0000020f56b25040: 488b 9424 | a000 0000 | 0f1f 8000 | 0000 00e8 | ac3f feff | 4881 c470 | 0100 005d | 493b a740 
  0x0000020f56b25060: 0300 000f | 87f0 0900 | 00c3 4c8b | 8424 9000 | 0000 488b | 9424 9800 | 0000 6666 | 9048 b8ff 
  0x0000020f56b25080: ffff ffff | ffff ffe8 | f4c5 9fff | 448b 8c24 | 5001 0000 | 4183 e902 | 4c8b c0bf | 0000 0000 
  0x0000020f56b250a0: 488b b424 | a800 0000 | 488b 9424 | a000 0000 | 0f1f 8000 | 0000 00e8 | c4c2 9fff | 4881 c470 
  0x0000020f56b250c0: 0100 005d | 493b a740 | 0300 000f | 879e 0900 | 00c3 8b4e | 1448 c1e1 | 038b 510c | 0fbe 4e10 
  0x0000020f56b250e0: c1e1 18c1 | f918 4c8b | ca41 d3f9 | 488b d641 | b800 0000 | 0066 90e8 | 64b4 f9ff | 4c8b 8424 
  0x0000020f56b25100: 9000 0000 | 4c8b c848 | 8b94 2498 | 0000 0066 | 0f1f 4400 | 0048 b8ff | ffff ffff | ffff ffe8 
  0x0000020f56b25120: e45a aaff | 8b84 2488 | 0000 0083 | c002 4881 | c470 0100 | 005d 493b | a740 0300 | 000f 874c 
  0x0000020f56b25140: 0900 00c3 | 4c8b 8424 | 9000 0000 | 4c8b cf48 | 8bfe 488b | 9424 9800 | 0000 6666 | 9048 b8ff 
  0x0000020f56b25160: ffff ffff | ffff ffe8 | 9454 aaff | 8b84 2488 | 0000 0083 | c004 4881 | c470 0100 | 005d 493b 
  0x0000020f56b25180: a740 0300 | 000f 871a | 0900 00c3 | 4c8b 8424 | 9000 0000 | 4c8b ce48 | 8b94 2498 | 0000 0066 
  0x0000020f56b251a0: 0f1f 4400 | 0048 b8ff | ffff ffff | ffff ffe8 | 545a aaff | 8b84 2488 | 0000 0083 | c002 4881 
  0x0000020f56b251c0: c470 0100 | 005d 493b | a740 0300 | 000f 87e8 | 0800 00c3 | 3b43 0c0f | 83f4 0800 | 004c 63c0 
  0x0000020f56b251e0: 460f be44 | 0310 4c8b | c841 ffc1 | 443b 4b0c | 0f83 e908 | 0000 4d63 | c946 0fbe | 4c0b 1041 
  0x0000020f56b25200: 81e0 ff00 | 0000 41c1 | e008 4181 | e1ff 0000 | 004d 0bc1 | 4c8b 8c24 | a800 0000 | 488b 9424 
  0x0000020f56b25220: a000 0000 | 6666 90e8 | a90c 0000 | 4c8b 8424 | 9000 0000 | 4c8b c848 | 8b94 2498 | 0000 0066 
  0x0000020f56b25240: 0f1f 4400 | 0048 b870 | 9b30 0008 | 0000 00e8 | 6cfa 0a00 | 8b84 2488 | 0000 0083 | c002 4881 
  0x0000020f56b25260: c470 0100 | 005d 493b | a740 0300 | 000f 877a | 0800 00c3 | 448b 421c | 49c1 e003 | 3b43 0c0f 
  0x0000020f56b25280: 837e 0800 | 0048 63f0 | 0fbe 7433 | 1048 8bf8 | ffc7 3b7b | 0c0f 8376 | 0800 0048 | 63ff 0fbe 
  0x0000020f56b252a0: 7c3b 1081 | e6ff 0000 | 00c1 e608 | 81e7 ff00 | 0000 480b | f741 3b70 | 0c0f 836a | 0800 0048 
  0x0000020f56b252c0: 63f6 458b | 44b0 10e8 | f404 f9ff | 83f8 0049 | b960 9e40 | 0207 0000 | 000f 850a | 0000 0049 
  0x0000020f56b252e0: b950 9e40 | 0207 0000 | 004c 8b84 | 2490 0000 | 0048 8b94 | 2498 0000 | 000f 1f40 | 0048 b870 
  0x0000020f56b25300: 9b30 0008 | 0000 00e8 | b4f9 0a00 | 8b84 2488 | 0000 0083 | c002 4881 | c470 0100 | 005d 493b 
  0x0000020f56b25320: a740 0300 | 000f 870c | 0800 00c3 | 448b 421c | 49c1 e003 | 3b43 0c0f | 8310 0800 | 0048 63f0 
  0x0000020f56b25340: 0fbe 7433 | 1048 8bf8 | ffc7 3b7b | 0c0f 8308 | 0800 0048 | 63ff 0fbe | 7c3b 1081 | e6ff 0000 
  0x0000020f56b25360: 00c1 e608 | 81e7 ff00 | 0000 480b | f741 3b70 | 0c0f 83fc | 0700 0048 | 63f6 458b | 44b0 10e8 
  0x0000020f56b25380: fcbf 9fff | 0fbf c048 | 8bd0 0f1f | 4400 00e8 | ecc5 9fff | 4c8b 8424 | 9000 0000 | 4c8b c848 
  0x0000020f56b253a0: 8b94 2498 | 0000 0066 | 0f1f 4400 | 0048 b8ff | ffff ffff | ffff ffe8 | c4c2 9fff | 8b84 2488 
  0x0000020f56b253c0: 0000 0083 | c002 4881 | c470 0100 | 005d 493b | a740 0300 | 000f 87a6 | 0700 00c3 | 8b72 1c48 
  0x0000020f56b253e0: c1e6 033b | 430c 0f83 | ab07 0000 | 4863 c80f | be4c 0b10 | 4c8b c841 | ffc1 443b | 4b0c 0f83 
  0x0000020f56b25400: a107 0000 | 4d63 c942 | 0fbe 5c0b | 1081 e1ff | 0000 00c1 | e108 81e3 | ff00 0000 | 480b cb3b 
  0x0000020f56b25420: 4e0c 0f83 | 9507 0000 | 4863 c98b | 748e 104c | 8bc6 0f1f | 4400 00e8 | 44bf 9fff | 0fbe c081 
  0x0000020f56b25440: c080 0000 | 0041 b800 | 0100 0049 | b900 a3ec | 0207 0000 | 0044 3bc0 | 0f86 6d07 | 0000 4863 
  0x0000020f56b25460: c045 8b4c | 8110 49c1 | e103 4c8b | 8424 9000 | 0000 488b | 9424 9800 | 0000 6666 | 9048 b8ff 
  0x0000020f56b25480: ffff ffff | ffff ffe8 | f4c1 9fff | 8b84 2488 | 0000 0083 | c002 4881 | c470 0100 | 005d 493b 
  0x0000020f56b254a0: a740 0300 | 000f 8733 | 0700 00c3 | 4183 c103 | 498b c148 | 81c4 7001 | 0000 5d49 | 3ba7 4003 
  0x0000020f56b254c0: 0000 0f87 | 2c07 0000 | c341 83c1 | 0549 8bc1 | 4881 c470 | 0100 005d | 493b a740 | 0300 000f 
  0x0000020f56b254e0: 8725 0700 | 00c3 4889 | b424 a800 | 0000 41ff | c149 b800 | 0000 0000 | 0000 00bf | 0000 0000 
  0x0000020f56b25500: 488b b424 | a800 0000 | 0f1f 8000 | 0000 00e8 | ec3a feff | 4881 c470 | 0100 005d | 493b a740 
  0x0000020f56b25520: 0300 000f | 87f7 0600 | 00c3 4183 | c103 49b8 | 0000 0000 | 0000 0000 | bf01 0000 | 0066 90e8 
  0x0000020f56b25540: 3cbe 9fff | 4881 c470 | 0100 005d | 493b a740 | 0300 000f | 87dd 0600 | 00c3 48ba | f8ee 0600 
  0x0000020f56b25560: 0800 0000 | 498b 8708 | 0100 0048 | 8d78 2849 | 3bbf 1801 | 0000 0f87 | d006 0000 | 4989 bf08 
  0x0000020f56b25580: 0100 0048 | c700 0100 | 0000 488b | ca49 ba00 | 0000 0008 | 0000 0049 | 2bca 8948 | 0848 33c9 
  0x0000020f56b255a0: 8948 0c48 | 33c9 4889 | 4810 4889 | 4818 4889 | 4820 488b | d048 8984 | 2458 0100 | 0066 90e8 
  0x0000020f56b255c0: bcbd 9fff | 488b 8424 | 5801 0000 | e9a7 0600 | 00e8 4aba | a9ff e845 | baa9 ff4c | 890c 244c 
  0x0000020f56b255e0: 8944 2408 | e837 b1a9 | ffe8 32ba | a9ff e82d | baa9 ff4c | 890c 2448 | 895c 2408 | e81f b1a9 
  0x0000020f56b25600: ff48 8904 | 2448 895c | 2408 e811 | b1a9 ff48 | 890c 2448 | 895c 2408 | e803 b1a9 | ff48 8904 
  0x0000020f56b25620: 2448 895c | 2408 e8f5 | b0a9 ff4c | 890c 2448 | 895c 2408 | e8e7 b0a9 | ffe8 e2b9 | a9ff e8dd 
  0x0000020f56b25640: b9a9 ff48 | 8904 244c | 8944 2408 | e8cf b0a9 | ff48 8934 | 244c 8944 | 2408 e8c1 | b0a9 ff48 
  0x0000020f56b25660: 8904 2448 | 895c 2408 | e8b3 b0a9 | ff4c 890c | 2448 895c | 2408 e8a5 | b0a9 ff48 | 8904 2448 
  0x0000020f56b25680: 895c 2408 | e897 b0a9 | ff48 893c | 2448 895c | 2408 e889 | b0a9 ff48 | 8904 2448 | 895c 2408 
  0x0000020f56b256a0: e87b b0a9 | ffe8 56c8 | a9ff e91d | e7ff ffe8 | 4c19 aaff | e867 b9a9 | ffe8 62b9 | a9ff 4889 
  0x0000020f56b256c0: 0c24 4889 | 5424 08e8 | 54b0 a9ff | 4889 0c24 | 4889 5424 | 08e8 46b0 | a9ff e841 | b9a9 ffe8 
  0x0000020f56b256e0: 3cb9 a9ff | 4c89 1c24 | 4c89 4424 | 08e8 2eb0 | a9ff e809 | c8a9 ffe9 | 98e8 ffff | e8ff 18aa 
  0x0000020f56b25700: ffe8 1ab9 | a9ff e815 | b9a9 ff4c | 890c 2448 | 894c 2408 | e807 b0a9 | ff4c 890c | 2448 894c 
  0x0000020f56b25720: 2408 e8f9 | afa9 ffe8 | f4b8 a9ff | e8ef b8a9 | ff4c 891c | 244c 8944 | 2408 e8e1 | afa9 ffe8 
  0x0000020f56b25740: bcc7 a9ff | e9fb e9ff | ffe8 b218 | aaff e8cd | b8a9 ffe8 | c8b8 a9ff | 4c89 0c24 | 4889 4c24 
  0x0000020f56b25760: 08e8 baaf | a9ff 4c89 | 0c24 4889 | 4c24 08e8 | acaf a9ff | e8a7 b8a9 | ffe8 a2b8 | a9ff 4c89 
  0x0000020f56b25780: 1c24 4c89 | 4424 08e8 | 94af a9ff | e86f c7a9 | ffe9 9eeb | ffff e865 | 18aa ffe8 | 80b8 a9ff 
  0x0000020f56b257a0: e87b b8a9 | ff4c 890c | 2448 894c | 2408 e86d | afa9 ff4c | 890c 2448 | 894c 2408 | e85f afa9 
  0x0000020f56b257c0: ffe8 5ab8 | a9ff e855 | b8a9 ff4c | 891c 244c | 8944 2408 | e847 afa9 | ffe8 22c7 | a9ff e900 
  0x0000020f56b257e0: edff ffe8 | 1818 aaff | e833 b8a9 | ffe8 2eb8 | a9ff 4c89 | 0c24 4889 | 4c24 08e8 | 20af a9ff 
  0x0000020f56b25800: 4c89 0c24 | 4889 4c24 | 08e8 12af | a9ff e80d | b8a9 ffe8 | 08b8 a9ff | 4c89 1c24 | 4c89 4424 
  0x0000020f56b25820: 08e8 faae | a9ff e8d5 | c6a9 ffe9 | 62ee ffff | e8cb 17aa | ffe8 e6b7 | a9ff e8e1 | b7a9 ff4c 
  0x0000020f56b25840: 890c 2448 | 894c 2408 | e8d3 aea9 | ff4c 890c | 2448 894c | 2408 e8c5 | aea9 ffe8 | c0b7 a9ff 
  0x0000020f56b25860: e8bb b7a9 | ff4c 891c | 244c 8944 | 2408 e8ad | aea9 ffe8 | 88c6 a9ff | e911 f0ff | ffe8 7e17 
  0x0000020f56b25880: aaff e899 | b7a9 ffe8 | 94b7 a9ff | 4c89 0c24 | 4889 4c24 | 08e8 86ae | a9ff 4c89 | 0c24 4889 
  0x0000020f56b258a0: 4c24 08e8 | 78ae a9ff | e873 b7a9 | ffe8 6eb7 | a9ff 4c89 | 1c24 4c89 | 4424 08e8 | 60ae a9ff 
  0x0000020f56b258c0: e83b c6a9 | ffe9 72f1 | ffff e831 | 17aa ffe8 | 4cb7 a9ff | e847 b7a9 | ff4c 890c | 2448 894c 
  0x0000020f56b258e0: 2408 e839 | aea9 ff4c | 890c 2448 | 894c 2408 | e82b aea9 | ffe8 26b7 | a9ff e821 | b7a9 ff4c 
  0x0000020f56b25900: 891c 244c | 8944 2408 | e813 aea9 | ff48 8904 | 2448 895c | 2408 e805 | aea9 ff48 | 893c 2448 
  0x0000020f56b25920: 895c 2408 | e8f7 ada9 | ffe8 f2b6 | a9ff e8ed | b6a9 ff48 | 8934 244c | 8944 2408 | e8df ada9 
  0x0000020f56b25940: ff4c 8904 | 2448 8974 | 2408 e8d1 | ada9 ffe8 | ccb6 a9ff | 488b d2e8 | a4bf a9ff | e9dc f2ff 
  0x0000020f56b25960: ff48 8904 | 2448 895c | 2408 e8b1 | ada9 ff4c | 890c 2448 | 895c 2408 | e8a3 ada9 | ff49 ba2c 
  0x0000020f56b25980: 4db2 560f | 0200 004d | 8997 5803 | 0000 e96d | 20a0 ff49 | ba6e 4db2 | 560f 0200 | 004d 8997 
  0x0000020f56b259a0: 5803 0000 | e957 20a0 | ff49 bac3 | 4db2 560f | 0200 004d | 8997 5803 | 0000 e941 | 20a0 ff49 
  0x0000020f56b259c0: ba13 4eb2 | 560f 0200 | 004d 8997 | 5803 0000 | e92b 20a0 | ff49 ba63 | 4eb2 560f | 0200 004d 
  0x0000020f56b259e0: 8997 5803 | 0000 e915 | 20a0 ff49 | bab3 4eb2 | 560f 0200 | 004d 8997 | 5803 0000 | e9ff 1fa0 
  0x0000020f56b25a00: ff49 ba03 | 4fb2 560f | 0200 004d | 8997 5803 | 0000 e9e9 | 1fa0 ff49 | ba53 4fb2 | 560f 0200 
  0x0000020f56b25a20: 004d 8997 | 5803 0000 | e9d3 1fa0 | ff49 baa3 | 4fb2 560f | 0200 004d | 8997 5803 | 0000 e9bd 
  0x0000020f56b25a40: 1fa0 ff49 | baf3 4fb2 | 560f 0200 | 004d 8997 | 5803 0000 | e9a7 1fa0 | ff49 ba5c | 50b2 560f 
  0x0000020f56b25a60: 0200 004d | 8997 5803 | 0000 e991 | 1fa0 ff49 | bac4 50b2 | 560f 0200 | 004d 8997 | 5803 0000 
  0x0000020f56b25a80: e97b 1fa0 | ffe8 96b5 | a9ff e891 | b5a9 ff49 | ba36 51b2 | 560f 0200 | 004d 8997 | 5803 0000 
  0x0000020f56b25aa0: e95b 1fa0 | ff49 ba7e | 51b2 560f | 0200 004d | 8997 5803 | 0000 e945 | 1fa0 ff49 | bac6 51b2 
  0x0000020f56b25ac0: 560f 0200 | 004d 8997 | 5803 0000 | e92f 1fa0 | ff48 8904 | 2448 895c | 2408 e841 | aca9 ff4c 
  0x0000020f56b25ae0: 890c 2448 | 895c 2408 | e833 aca9 | ff49 ba66 | 52b2 560f | 0200 004d | 8997 5803 | 0000 e9fd 
  0x0000020f56b25b00: 1ea0 ff48 | 8904 2448 | 895c 2408 | e80f aca9 | ff48 893c | 2448 895c | 2408 e801 | aca9 ffe8 
  0x0000020f56b25b20: fcb4 a9ff | e8f7 b4a9 | ff48 8934 | 244c 8944 | 2408 e8e9 | aba9 ff49 | ba1e 53b2 | 560f 0200 
  0x0000020f56b25b40: 004d 8997 | 5803 0000 | e9b3 1ea0 | ff48 8904 | 2448 895c | 2408 e8c5 | aba9 ff48 | 893c 2448 
  0x0000020f56b25b60: 895c 2408 | e8b7 aba9 | ffe8 b2b4 | a9ff e8ad | b4a9 ff48 | 8934 244c | 8944 2408 | e89f aba9 
  0x0000020f56b25b80: ff49 bace | 53b2 560f | 0200 004d | 8997 5803 | 0000 e969 | 1ea0 ff48 | 8904 2448 | 895c 2408 
  0x0000020f56b25ba0: e87b aba9 | ff4c 890c | 2448 895c | 2408 e86d | aba9 ffe8 | 68b4 a9ff | e863 b4a9 | ff48 890c 
  0x0000020f56b25bc0: 2448 8974 | 2408 e855 | aba9 ff48 | 8904 244c | 894c 2408 | e847 aba9 | ffe8 42b4 | a9ff 49ba 
  0x0000020f56b25be0: 9e54 b256 | 0f02 0000 | 4d89 9758 | 0300 00e9 | 0c1e a0ff | 49ba bb54 | b256 0f02 | 0000 4d89 
  0x0000020f56b25c00: 9758 0300 | 00e9 f61d | a0ff 49ba | d854 b256 | 0f02 0000 | 4d89 9758 | 0300 00e9 | e01d a0ff 
  0x0000020f56b25c20: 49ba 1c55 | b256 0f02 | 0000 4d89 | 9758 0300 | 00e9 ca1d | a0ff 49ba | 4c55 b256 | 0f02 0000 
  0x0000020f56b25c40: 4d89 9758 | 0300 00e9 | b41d a0ff | 488b d2e8 | acbc a9ff | e959 f9ff | ff90 9049 | 8b87 d003 
  0x0000020f56b25c60: 0000 49c7 | 87d0 0300 | 0000 0000 | 0049 c787 | d803 0000 | 0000 0000 | 4881 c470 | 0100 005d 
  0x0000020f56b25c80: e97b a4a9 | fff4 f4f4 | f4f4 f4f4 | f4f4 f4f4 | f4f4 f4f4 | f4f4 f4f4 | f4f4 f4f4 | f4f4 f4f4 
  0x0000020f56b25ca0: 0f1f 4400 | 0048 bb00 | 0000 0000 | 0000 00e9 | fbff ffff | 9048 bb00 | 0000 0000 | 0000 00e9 
  0x0000020f56b25cc0: fbff ffff | 9048 bb00 | 0000 0000 | 0000 00e9 | fbff ffff | 9048 bb00 | 0000 0000 | 0000 00e9 
  0x0000020f56b25ce0: fbff ffff | 9048 bb00 | 0000 0000 | 0000 00e9 | fbff ffff | 9048 bb00 | 0000 0000 | 0000 00e9 
  0x0000020f56b25d00: fbff ffff | 9048 bb00 | 0000 0000 | 0000 00e9 | fbff ffff | 9048 bb00 | 0000 0000 | 0000 00e9 
  0x0000020f56b25d20: fbff ffff | 9048 bb00 | 0000 0000 | 0000 00e9 | fbff ffff | 9048 bb00 | 0000 0000 | 0000 00e9 
  0x0000020f56b25d40: fbff ffff | 9048 bb00 | 0000 0000 | 0000 00e9 | fbff ffff | 9048 bb00 | 0000 0000 | 0000 00e9 
  0x0000020f56b25d60: fbff ffff | 9048 bb00 | 0000 0000 | 0000 00e9 | fbff ffff | 9048 bb00 | 0000 0000 | 0000 00e9 
  0x0000020f56b25d80: fbff ffff | 9048 bb00 | 0000 0000 | 0000 00e9 | fbff ffff | 9048 bb00 | 0000 0000 | 0000 00e9 
  0x0000020f56b25da0: fbff ffff | 9048 bb00 | 0000 0000 | 0000 00e9 | fbff ffff | 9048 bb00 | 0000 0000 | 0000 00e9 
  0x0000020f56b25dc0: fbff ffff | 9048 bb00 | 0000 0000 | 0000 00e9 | fbff ffff | 9048 bb00 | 0000 0000 | 0000 00e9 
  0x0000020f56b25de0: fbff ffff | 9048 bb00 | 0000 0000 | 0000 00e9 | fbff ffff | 9048 bb00 | 0000 0000 | 0000 00e9 
  0x0000020f56b25e00: fbff ffff | 9048 bb00 | 0000 0000 | 0000 00e9 | fbff ffff | 9048 bb00 | 0000 0000 | 0000 00e9 
  0x0000020f56b25e20: fbff ffff | 9048 bb00 | 0000 0000 | 0000 00e9 | fbff ffff | 9048 bb00 | 0000 0000 | 0000 00e9 
  0x0000020f56b25e40: fbff ffff | 9048 bb00 | 0000 0000 | 0000 00e9 | fbff ffff | 9048 bb00 | 0000 0000 | 0000 00e9 
  0x0000020f56b25e60: fbff ffff | 9048 bb00 | 0000 0000 | 0000 00e9 | fbff ffff | 9048 bb00 | 0000 0000 | 0000 00e9 
  0x0000020f56b25e80: fbff ffff | 9048 bb00 | 0000 0000 | 0000 00e9 | fbff ffff | 9048 bb00 | 0000 0000 | 0000 00e9 
  0x0000020f56b25ea0: fbff ffff | 9048 bb00 | 0000 0000 | 0000 00e9 | fbff ffff | 9048 bb00 | 0000 0000 | 0000 00e9 
  0x0000020f56b25ec0: fbff ffff | 9048 bb00 | 0000 0000 | 0000 00e9 | fbff ffff | 9048 bbe8 | 0e4b 670f | 0200 00e9 
  0x0000020f56b25ee0: fde6 9dff | 9048 bb00 | 0000 0000 | 0000 00e9 | fbff ffff | 9048 bb00 | 0000 0000 | 0000 00e9 
  0x0000020f56b25f00: fbff ffff | 9048 bb00 | 0000 0000 | 0000 00e9 | fbff ffff | 9048 bb00 | 0000 0000 | 0000 00e9 
  0x0000020f56b25f20: fbff ffff | 9048 bb00 | 0000 0000 | 0000 00e9 | fbff ffff | 9048 bb00 | 0000 0000 | 0000 00e9 
  0x0000020f56b25f40: fbff ffff | 9048 bb00 | 0000 0000 | 0000 00e9 | fbff ffff | 9048 bb00 | 0000 0000 | 0000 00e9 
  0x0000020f56b25f60: fbff ffff | 9048 bb00 | 0000 0000 | 0000 00e9 | fbff ffff | 9048 bb00 | 0000 0000 | 0000 00e9 
  0x0000020f56b25f80: fbff ffff | 9048 bb00 | 0000 0000 | 0000 00e9 | fbff ffff | e867 cea9 | ff48 b978 | 88fe 1cfc 
  0x0000020f56b25fa0: 7f00 0048 | 83e4 f049 | ba30 dbc6 | 1cfc 7f00 | 0041 ffd2 | f449 bab5 | 5fb2 560f | 0200 0041 
  0x0000020f56b25fc0: 52e9 da0c | a0ff f4f4 
[/MachCode]
--------------------------------------------------------------------------------


---------------  P R O C E S S  ---------------

Threads class SMR info:
_java_thread_list=0x0000020f6a6a90d0, length=22, elements={
0x0000020f654065b0, 0x0000020f65407160, 0x0000020f65816280, 0x0000020f65816b40,
0x0000020f6581b420, 0x0000020f658214c0, 0x0000020f6582ac70, 0x0000020f6582b660,
0x0000020f6598b350, 0x0000020f6598a9b0, 0x0000020f6598d030, 0x0000020f65989b40,
0x0000020f6598a4e0, 0x0000020f6598bcf0, 0x0000020f6598b820, 0x0000020f6598c1c0,
0x0000020f6598cb60, 0x0000020f6bd58400, 0x0000020f6bd57590, 0x0000020f6bd54570,
0x0000020f6bd57a60, 0x0000020f6bd54a40
}

Java Threads: ( => current thread )
  0x0000020f654065b0 JavaThread "Reference Handler" daemon [_thread_blocked, id=19536, stack(0x00000062a1b00000,0x00000062a1c00000)]
  0x0000020f65407160 JavaThread "Finalizer" daemon [_thread_blocked, id=4836, stack(0x00000062a1c00000,0x00000062a1d00000)]
  0x0000020f65816280 JavaThread "Signal Dispatcher" daemon [_thread_blocked, id=9272, stack(0x00000062a1d00000,0x00000062a1e00000)]
  0x0000020f65816b40 JavaThread "Attach Listener" daemon [_thread_blocked, id=15752, stack(0x00000062a1e00000,0x00000062a1f00000)]
  0x0000020f6581b420 JavaThread "Service Thread" daemon [_thread_blocked, id=10276, stack(0x00000062a1f00000,0x00000062a2000000)]
  0x0000020f658214c0 JavaThread "Monitor Deflation Thread" daemon [_thread_blocked, id=8820, stack(0x00000062a2000000,0x00000062a2100000)]
  0x0000020f6582ac70 JavaThread "C1 CompilerThread0" daemon [_thread_blocked, id=20888, stack(0x00000062a2100000,0x00000062a2200000)]
  0x0000020f6582b660 JavaThread "Sweeper thread" daemon [_thread_blocked, id=6984, stack(0x00000062a2200000,0x00000062a2300000)]
  0x0000020f6598b350 JavaThread "Common-Cleaner" daemon [_thread_blocked, id=20992, stack(0x00000062a2300000,0x00000062a2400000)]
  0x0000020f6598a9b0 JavaThread "Notification Thread" daemon [_thread_blocked, id=8836, stack(0x00000062a2700000,0x00000062a2800000)]
  0x0000020f6598d030 JavaThread "RMI TCP Accept-0" daemon [_thread_in_native, id=19364, stack(0x00000062a2800000,0x00000062a2900000)]
  0x0000020f65989b40 JavaThread "RMI TCP Accept-54379" daemon [_thread_in_native, id=15764, stack(0x00000062a2900000,0x00000062a2a00000)]
  0x0000020f6598a4e0 JavaThread "RMI TCP Accept-0" daemon [_thread_in_native, id=18384, stack(0x00000062a2a00000,0x00000062a2b00000)]
  0x0000020f6598bcf0 JavaThread "RMI Scheduler(0)" daemon [_thread_blocked, id=17076, stack(0x00000062a2d00000,0x00000062a2e00000)]
  0x0000020f6598b820 JavaThread "RMI TCP Connection(8)-127.0.0.1" daemon [_thread_in_native, id=1172, stack(0x00000062a2e00000,0x00000062a2f00000)]
  0x0000020f6598c1c0 JavaThread "JMX server connection timeout 22" daemon [_thread_blocked, id=4500, stack(0x00000062a2f00000,0x00000062a3000000)]
  0x0000020f6598cb60 JavaThread "mysql-cj-abandoned-connection-cleanup" daemon [_thread_blocked, id=10600, stack(0x00000062a3a00000,0x00000062a3b00000)]
  0x0000020f6bd58400 JavaThread "Live Reload Server" daemon [_thread_in_native, id=12880, stack(0x00000062a4300000,0x00000062a4400000)]
  0x0000020f6bd57590 JavaThread "DestroyJavaVM" [_thread_blocked, id=6988, stack(0x00000062a1400000,0x00000062a1500000)]
  0x0000020f6bd54570 JavaThread "Thread-7" [_thread_blocked, id=4340, stack(0x00000062a1300000,0x00000062a1400000)]
  0x0000020f6bd57a60 JavaThread "File Watcher" daemon [_thread_blocked, id=5916, stack(0x00000062a2400000,0x00000062a2500000)]
=>0x0000020f6bd54a40 JavaThread "restartedMain" [_thread_in_Java, id=9428, stack(0x00000062a2500000,0x00000062a2600000)]

Other Threads:
  0x0000020f657e1270 VMThread "VM Thread" [stack: 0x00000062a1a00000,0x00000062a1b00000] [id=13476]
  0x0000020f52eb4cb0 WatcherThread [stack: 0x00000062a2b00000,0x00000062a2c00000] [id=5416]
  0x0000020f52e9cf60 GCTaskThread "GC Thread#0" [stack: 0x00000062a1500000,0x00000062a1600000] [id=17432]
  0x0000020f6aadcce0 GCTaskThread "GC Thread#1" [stack: 0x00000062a3000000,0x00000062a3100000] [id=21444]
  0x0000020f6aadd4d0 GCTaskThread "GC Thread#2" [stack: 0x00000062a3100000,0x00000062a3200000] [id=20004]
  0x0000020f6aadd780 GCTaskThread "GC Thread#3" [stack: 0x00000062a3200000,0x00000062a3300000] [id=20460]
  0x0000020f6aac3130 GCTaskThread "GC Thread#4" [stack: 0x00000062a3300000,0x00000062a3400000] [id=12892]
  0x0000020f6aac33e0 GCTaskThread "GC Thread#5" [stack: 0x00000062a3400000,0x00000062a3500000] [id=19732]
  0x0000020f6ab40ca0 GCTaskThread "GC Thread#6" [stack: 0x00000062a3500000,0x00000062a3600000] [id=16128]
  0x0000020f6ac882f0 GCTaskThread "GC Thread#7" [stack: 0x00000062a3900000,0x00000062a3a00000] [id=9812]
  0x0000020f52eadca0 ConcurrentGCThread "G1 Main Marker" [stack: 0x00000062a1600000,0x00000062a1700000] [id=11764]
  0x0000020f52eaf080 ConcurrentGCThread "G1 Conc#0" [stack: 0x00000062a1700000,0x00000062a1800000] [id=17040]
  0x0000020f6add4530 ConcurrentGCThread "G1 Conc#1" [stack: 0x00000062a3b00000,0x00000062a3c00000] [id=19404]
  0x0000020f52edea00 ConcurrentGCThread "G1 Refine#0" [stack: 0x00000062a1800000,0x00000062a1900000] [id=1560]
  0x0000020f6ab41360 ConcurrentGCThread "G1 Refine#1" [stack: 0x00000062a3600000,0x00000062a3700000] [id=12568]
  0x0000020f652e9ea0 ConcurrentGCThread "G1 Service" [stack: 0x00000062a1900000,0x00000062a1a00000] [id=5656]

Threads with active compile tasks:

VM state: not at safepoint (normal execution)

VM Mutex/Monitor currently owned by a thread: None

Heap address: 0x0000000702000000, size: 4064 MB, Compressed Oops mode: Zero based, Oop shift amount: 3

CDS archive(s) not mapped
Compressed class space mapped at: 0x0000000800000000-0x0000000840000000, reserved size: 1073741824
Narrow klass base: 0x0000000800000000, Narrow klass shift: 0, Narrow klass range: 0x40000000

GC Precious Log:
 CPUs: 8 total, 8 available
 Memory: 16254M
 Large Page Support: Disabled
 NUMA Support: Disabled
 Compressed Oops: Enabled (Zero based)
 Heap Region Size: 2M
 Heap Min Capacity: 8M
 Heap Initial Capacity: 254M
 Heap Max Capacity: 4064M
 Pre-touch: Disabled
 Parallel Workers: 8
 Concurrent Workers: 2
 Concurrent Refinement Workers: 8
 Periodic GC: Disabled

Heap:
 garbage-first heap   total 116736K, used 52006K [0x0000000702000000, 0x0000000800000000)
  region size 2048K, 13 young (26624K), 0 survivors (0K)
 Metaspace       used 77223K, committed 77888K, reserved 1179648K
  class space    used 10579K, committed 10880K, reserved 1048576K

Heap Regions: E=young(eden), S=young(survivor), O=old, HS=humongous(starts), HC=humongous(continues), CS=collection set, F=free, OA=open archive, CA=closed archive, TAMS=top-at-mark-start (previous, next)
|   0|0x0000000702000000, 0x0000000702200000, 0x0000000702200000|100%| O|  |TAMS 0x0000000702000000, 0x0000000702000000| Untracked 
|   1|0x0000000702200000, 0x00000007023fff98, 0x0000000702400000| 99%| O|  |TAMS 0x0000000702200000, 0x0000000702200000| Untracked 
|   2|0x0000000702400000, 0x0000000702600000, 0x0000000702600000|100%| O|  |TAMS 0x0000000702600000, 0x0000000702400000| Untracked 
|   3|0x0000000702600000, 0x00000007027fffd8, 0x0000000702800000| 99%| O|  |TAMS 0x00000007027fffd8, 0x0000000702600000| Untracked 
|   4|0x0000000702800000, 0x00000007029ffff0, 0x0000000702a00000| 99%| O|  |TAMS 0x00000007029ffff0, 0x0000000702800000| Untracked 
|   5|0x0000000702a00000, 0x0000000702bfffc0, 0x0000000702c00000| 99%| O|  |TAMS 0x0000000702a00000, 0x0000000702a00000| Untracked 
|   6|0x0000000702c00000, 0x0000000702dfffc0, 0x0000000702e00000| 99%| O|  |TAMS 0x0000000702c00000, 0x0000000702c00000| Untracked 
|   7|0x0000000702e00000, 0x0000000703000000, 0x0000000703000000|100%| O|  |TAMS 0x0000000702e00000, 0x0000000702e00000| Untracked 
|   8|0x0000000703000000, 0x00000007031ffff8, 0x0000000703200000| 99%| O|  |TAMS 0x00000007031ffff8, 0x0000000703000000| Untracked 
|   9|0x0000000703200000, 0x0000000703400000, 0x0000000703400000|100%| O|  |TAMS 0x0000000703200000, 0x0000000703200000| Untracked 
|  10|0x0000000703400000, 0x00000007035fffe0, 0x0000000703600000| 99%| O|  |TAMS 0x0000000703400000, 0x0000000703400000| Untracked 
|  11|0x0000000703600000, 0x00000007036ae950, 0x0000000703800000| 34%| O|  |TAMS 0x0000000703600000, 0x0000000703600000| Untracked 
|  12|0x0000000703800000, 0x00000007039744a0, 0x0000000703a00000| 72%| O|  |TAMS 0x0000000703800000, 0x0000000703800000| Untracked 
|  13|0x0000000703a00000, 0x0000000703aa8700, 0x0000000703c00000| 32%| O|  |TAMS 0x0000000703a00000, 0x0000000703a00000| Untracked 
|  14|0x0000000703c00000, 0x0000000703d2c460, 0x0000000703e00000| 58%| O|  |TAMS 0x0000000703c00000, 0x0000000703c00000| Untracked 
|  15|0x0000000703e00000, 0x0000000703e00000, 0x0000000704000000|  0%| F|  |TAMS 0x0000000703e00000, 0x0000000703e00000| Untracked 
|  16|0x0000000704000000, 0x0000000704000000, 0x0000000704200000|  0%| F|  |TAMS 0x0000000704000000, 0x0000000704000000| Untracked 
|  17|0x0000000704200000, 0x000000070422d5f8, 0x0000000704400000|  8%| O|  |TAMS 0x0000000704200000, 0x0000000704200000| Untracked 
|  18|0x0000000704400000, 0x0000000704400000, 0x0000000704600000|  0%| F|  |TAMS 0x0000000704400000, 0x0000000704400000| Untracked 
|  19|0x0000000704600000, 0x00000007046a4d30, 0x0000000704800000| 32%| O|  |TAMS 0x0000000704600000, 0x0000000704600000| Untracked 
|  20|0x0000000704800000, 0x0000000704800000, 0x0000000704a00000|  0%| F|  |TAMS 0x0000000704800000, 0x0000000704800000| Untracked 
|  21|0x0000000704a00000, 0x0000000704a00000, 0x0000000704c00000|  0%| F|  |TAMS 0x0000000704a00000, 0x0000000704a00000| Untracked 
|  22|0x0000000704c00000, 0x0000000704c00000, 0x0000000704e00000|  0%| F|  |TAMS 0x0000000704c00000, 0x0000000704c00000| Untracked 
|  23|0x0000000704e00000, 0x0000000704e00000, 0x0000000705000000|  0%| F|  |TAMS 0x0000000704e00000, 0x0000000704e00000| Untracked 
|  24|0x0000000705000000, 0x0000000705000000, 0x0000000705200000|  0%| F|  |TAMS 0x0000000705000000, 0x0000000705000000| Untracked 
|  25|0x0000000705200000, 0x0000000705200000, 0x0000000705400000|  0%| F|  |TAMS 0x0000000705200000, 0x0000000705200000| Untracked 
|  26|0x0000000705400000, 0x0000000705400000, 0x0000000705600000|  0%| F|  |TAMS 0x0000000705400000, 0x0000000705400000| Untracked 
|  27|0x0000000705600000, 0x0000000705600000, 0x0000000705800000|  0%| F|  |TAMS 0x0000000705600000, 0x0000000705600000| Untracked 
|  28|0x0000000705800000, 0x0000000705800000, 0x0000000705a00000|  0%| F|  |TAMS 0x0000000705800000, 0x0000000705800000| Untracked 
|  29|0x0000000705a00000, 0x0000000705a00000, 0x0000000705c00000|  0%| F|  |TAMS 0x0000000705a00000, 0x0000000705a00000| Untracked 
|  30|0x0000000705c00000, 0x0000000705c00000, 0x0000000705e00000|  0%| F|  |TAMS 0x0000000705c00000, 0x0000000705c00000| Untracked 
|  31|0x0000000705e00000, 0x0000000705e00000, 0x0000000706000000|  0%| F|  |TAMS 0x0000000705e00000, 0x0000000705e00000| Untracked 
|  32|0x0000000706000000, 0x0000000706000000, 0x0000000706200000|  0%| F|  |TAMS 0x0000000706000000, 0x0000000706000000| Untracked 
|  33|0x0000000706200000, 0x0000000706200000, 0x0000000706400000|  0%| F|  |TAMS 0x0000000706200000, 0x0000000706200000| Untracked 
|  34|0x0000000706400000, 0x0000000706400000, 0x0000000706600000|  0%| F|  |TAMS 0x0000000706400000, 0x0000000706400000| Untracked 
|  35|0x0000000706600000, 0x0000000706600000, 0x0000000706800000|  0%| F|  |TAMS 0x0000000706600000, 0x0000000706600000| Untracked 
|  36|0x0000000706800000, 0x0000000706800000, 0x0000000706a00000|  0%| F|  |TAMS 0x0000000706800000, 0x0000000706800000| Untracked 
|  37|0x0000000706a00000, 0x0000000706a00000, 0x0000000706c00000|  0%| F|  |TAMS 0x0000000706a00000, 0x0000000706a00000| Untracked 
|  38|0x0000000706c00000, 0x0000000706c00000, 0x0000000706e00000|  0%| F|  |TAMS 0x0000000706c00000, 0x0000000706c00000| Untracked 
|  39|0x0000000706e00000, 0x0000000706e00000, 0x0000000707000000|  0%| F|  |TAMS 0x0000000706e00000, 0x0000000706e00000| Untracked 
|  40|0x0000000707000000, 0x0000000707000000, 0x0000000707200000|  0%| F|  |TAMS 0x0000000707000000, 0x0000000707000000| Untracked 
|  41|0x0000000707200000, 0x0000000707200000, 0x0000000707400000|  0%| F|  |TAMS 0x0000000707200000, 0x0000000707200000| Untracked 
|  42|0x0000000707400000, 0x0000000707400000, 0x0000000707600000|  0%| F|  |TAMS 0x0000000707400000, 0x0000000707400000| Untracked 
|  43|0x0000000707600000, 0x0000000707600000, 0x0000000707800000|  0%| F|  |TAMS 0x0000000707600000, 0x0000000707600000| Untracked 
|  44|0x0000000707800000, 0x00000007078d6848, 0x0000000707a00000| 41%| E|  |TAMS 0x0000000707800000, 0x0000000707800000| Complete 
|  45|0x0000000707a00000, 0x0000000707c00000, 0x0000000707c00000|100%| E|CS|TAMS 0x0000000707a00000, 0x0000000707a00000| Complete 
|  46|0x0000000707c00000, 0x0000000707e00000, 0x0000000707e00000|100%| E|CS|TAMS 0x0000000707c00000, 0x0000000707c00000| Complete 
|  47|0x0000000707e00000, 0x0000000708000000, 0x0000000708000000|100%| E|CS|TAMS 0x0000000707e00000, 0x0000000707e00000| Complete 
|  48|0x0000000708000000, 0x0000000708200000, 0x0000000708200000|100%| E|CS|TAMS 0x0000000708000000, 0x0000000708000000| Complete 
|  49|0x0000000708200000, 0x0000000708400000, 0x0000000708400000|100%| E|CS|TAMS 0x0000000708200000, 0x0000000708200000| Complete 
|  50|0x0000000708400000, 0x0000000708600000, 0x0000000708600000|100%| E|CS|TAMS 0x0000000708400000, 0x0000000708400000| Complete 
|  51|0x0000000708600000, 0x0000000708800000, 0x0000000708800000|100%| E|CS|TAMS 0x0000000708600000, 0x0000000708600000| Complete 
|  52|0x0000000708800000, 0x0000000708a00000, 0x0000000708a00000|100%| E|CS|TAMS 0x0000000708800000, 0x0000000708800000| Complete 
|  53|0x0000000708a00000, 0x0000000708c00000, 0x0000000708c00000|100%| E|CS|TAMS 0x0000000708a00000, 0x0000000708a00000| Complete 
|  54|0x0000000708c00000, 0x0000000708e00000, 0x0000000708e00000|100%| E|CS|TAMS 0x0000000708c00000, 0x0000000708c00000| Complete 
|  55|0x0000000708e00000, 0x0000000709000000, 0x0000000709000000|100%| E|CS|TAMS 0x0000000708e00000, 0x0000000708e00000| Complete 
|  56|0x0000000709000000, 0x0000000709200000, 0x0000000709200000|100%| E|CS|TAMS 0x0000000709000000, 0x0000000709000000| Complete 

Card table byte_map: [0x0000020f59dd0000,0x0000020f5a5c0000] _byte_map_base: 0x0000020f565c0000

Marking Bits (Prev, Next): (CMBitMap*) 0x0000020f52e9d5b0, (CMBitMap*) 0x0000020f52e9d570
 Prev Bits: [0x0000020f5ed30000, 0x0000020f62cb0000)
 Next Bits: [0x0000020f5adb0000, 0x0000020f5ed30000)

Polling page: 0x0000020f50d90000

Metaspace:

Usage:
  Non-class:     65.08 MB used.
      Class:     10.33 MB used.
       Both:     75.41 MB used.

Virtual space:
  Non-class space:      128.00 MB reserved,      65.44 MB ( 51%) committed,  2 nodes.
      Class space:        1.00 GB reserved,      10.62 MB (  1%) committed,  1 nodes.
             Both:        1.12 GB reserved,      76.06 MB (  7%) committed. 

Chunk freelists:
   Non-Class:  13.84 MB
       Class:  5.36 MB
        Both:  19.20 MB

MaxMetaspaceSize: unlimited
CompressedClassSpaceSize: 1.00 GB
Initial GC threshold: 21.00 MB
Current GC threshold: 126.25 MB
CDS: off
MetaspaceReclaimPolicy: balanced
 - commit_granule_bytes: 65536.
 - commit_granule_words: 8192.
 - virtual_space_node_default_size: 8388608.
 - enlarge_chunks_in_place: 1.
 - new_chunks_are_fully_committed: 0.
 - uncommit_free_chunks: 1.
 - use_allocation_guard: 0.
 - handle_deallocations: 1.


Internal statistics:

num_allocs_failed_limit: 9.
num_arena_births: 1066.
num_arena_deaths: 250.
num_vsnodes_births: 3.
num_vsnodes_deaths: 0.
num_space_committed: 1217.
num_space_uncommitted: 0.
num_chunks_returned_to_freelist: 295.
num_chunks_taken_from_freelist: 3751.
num_chunk_merges: 100.
num_chunk_splits: 2571.
num_chunks_enlarged: 1926.
num_inconsistent_stats: 0.

CodeCache: size=49152Kb used=15883Kb max_used=17332Kb free=33269Kb
 bounds [0x0000020f564d0000, 0x0000020f575c0000, 0x0000020f594d0000]
 total_blobs=9522 nmethods=8857 adapters=591
 compilation: enabled
              stopped_count=0, restarted_count=0
 full_count=0

Compilation events (20 events):
Event: 328.669 Thread 0x0000020f6582ac70 8848   !   1       sun.nio.fs.WindowsFileSystemProvider::newByteChannel (71 bytes)
Event: 328.669 Thread 0x0000020f6582ac70 nmethod 8848 0x0000020f5664a610 code [0x0000020f5664a820, 0x0000020f5664ac68]
Event: 328.669 Thread 0x0000020f6582ac70 8849       1       sun.nio.ch.FileChannelImpl::setUninterruptible (6 bytes)
Event: 328.669 Thread 0x0000020f6582ac70 nmethod 8849 0x0000020f5664a310 code [0x0000020f5664a4a0, 0x0000020f5664a578]
Event: 328.669 Thread 0x0000020f6582ac70 8850       1       java.nio.channels.Channels::newInputStream (16 bytes)
Event: 328.670 Thread 0x0000020f6582ac70 nmethod 8850 0x0000020f56649e10 code [0x0000020f56649fc0, 0x0000020f5664a1e8]
Event: 328.670 Thread 0x0000020f6582ac70 8852       1       org.springframework.boot.autoconfigure.AutoConfigurationExcludeFilter::match (22 bytes)
Event: 328.670 Thread 0x0000020f6582ac70 nmethod 8852 0x0000020f56649910 code [0x0000020f56649ac0, 0x0000020f56649ca8]
Event: 328.670 Thread 0x0000020f6582ac70 8853       1       org.springframework.boot.autoconfigure.AutoConfigurationExcludeFilter::isConfiguration (17 bytes)
Event: 328.670 Thread 0x0000020f6582ac70 nmethod 8853 0x0000020f56649490 code [0x0000020f56649640, 0x0000020f566497b8]
Event: 328.670 Thread 0x0000020f6582ac70 8851       1       sun.nio.ch.ChannelInputStream::<init> (25 bytes)
Event: 328.670 Thread 0x0000020f6582ac70 nmethod 8851 0x0000020f56649090 code [0x0000020f56649220, 0x0000020f566493d8]
Event: 328.684 Thread 0x0000020f6582ac70 8855   !   1       org.springframework.core.annotation.AttributeMethods::validate (72 bytes)
Event: 328.685 Thread 0x0000020f6582ac70 nmethod 8855 0x0000020f56647610 code [0x0000020f56647920, 0x0000020f56648608]
Event: 328.685 Thread 0x0000020f6582ac70 8854       1       org.springframework.core.annotation.AnnotationUtils::validateAnnotation (14 bytes)
Event: 328.685 Thread 0x0000020f6582ac70 nmethod 8854 0x0000020f56647190 code [0x0000020f56647340, 0x0000020f566474c8]
Event: 328.685 Thread 0x0000020f6582ac70 8856   !   1       java.nio.CharBuffer::wrap (21 bytes)
Event: 328.685 Thread 0x0000020f6582ac70 nmethod 8856 0x0000020f56646b90 code [0x0000020f56646d40, 0x0000020f56646ff8]
Event: 328.685 Thread 0x0000020f6582ac70 8857       1       java.nio.HeapCharBuffer::<init> (23 bytes)
Event: 328.686 Thread 0x0000020f6582ac70 nmethod 8857 0x0000020f56646790 code [0x0000020f56646920, 0x0000020f56646aa8]

GC Heap History (20 events):
Event: 5.810 GC heap before
{Heap before GC invocations=21 (full 0):
 garbage-first heap   total 161792K, used 113134K [0x0000000702000000, 0x0000000800000000)
  region size 2048K, 30 young (61440K), 5 survivors (10240K)
 Metaspace       used 74158K, committed 74752K, reserved 1114112K
  class space    used 10168K, committed 10432K, reserved 1048576K
}
Event: 5.820 GC heap after
{Heap after GC invocations=22 (full 0):
 garbage-first heap   total 161792K, used 78815K [0x0000000702000000, 0x0000000800000000)
  region size 2048K, 4 young (8192K), 4 survivors (8192K)
 Metaspace       used 74158K, committed 74752K, reserved 1114112K
  class space    used 10168K, committed 10432K, reserved 1048576K
}
Event: 203.356 GC heap before
{Heap before GC invocations=22 (full 0):
 garbage-first heap   total 161792K, used 119775K [0x0000000702000000, 0x0000000800000000)
  region size 2048K, 24 young (49152K), 4 survivors (8192K)
 Metaspace       used 76023K, committed 76736K, reserved 1179648K
  class space    used 10432K, committed 10752K, reserved 1048576K
}
Event: 203.375 GC heap after
{Heap after GC invocations=23 (full 0):
 garbage-first heap   total 161792K, used 84178K [0x0000000702000000, 0x0000000800000000)
  region size 2048K, 3 young (6144K), 3 survivors (6144K)
 Metaspace       used 76023K, committed 76736K, reserved 1179648K
  class space    used 10432K, committed 10752K, reserved 1048576K
}
Event: 223.987 GC heap before
{Heap before GC invocations=23 (full 0):
 garbage-first heap   total 161792K, used 86226K [0x0000000702000000, 0x0000000800000000)
  region size 2048K, 5 young (10240K), 3 survivors (6144K)
 Metaspace       used 76183K, committed 76800K, reserved 1179648K
  class space    used 10466K, committed 10752K, reserved 1048576K
}
Event: 224.023 GC heap after
{Heap after GC invocations=24 (full 1):
 garbage-first heap   total 96256K, used 23380K [0x0000000702000000, 0x0000000800000000)
  region size 2048K, 0 young (0K), 0 survivors (0K)
 Metaspace       used 75900K, committed 76800K, reserved 1179648K
  class space    used 10403K, committed 10752K, reserved 1048576K
}
Event: 224.328 GC heap before
{Heap before GC invocations=24 (full 1):
 garbage-first heap   total 96256K, used 58196K [0x0000000702000000, 0x0000000800000000)
  region size 2048K, 18 young (36864K), 0 survivors (0K)
 Metaspace       used 76148K, committed 76864K, reserved 1179648K
  class space    used 10432K, committed 10752K, reserved 1048576K
}
Event: 224.331 GC heap after
{Heap after GC invocations=25 (full 1):
 garbage-first heap   total 96256K, used 27321K [0x0000000702000000, 0x0000000800000000)
  region size 2048K, 2 young (4096K), 2 survivors (4096K)
 Metaspace       used 76148K, committed 76864K, reserved 1179648K
  class space    used 10432K, committed 10752K, reserved 1048576K
}
Event: 224.613 GC heap before
{Heap before GC invocations=25 (full 1):
 garbage-first heap   total 96256K, used 64185K [0x0000000702000000, 0x0000000800000000)
  region size 2048K, 20 young (40960K), 2 survivors (4096K)
 Metaspace       used 76306K, committed 76928K, reserved 1179648K
  class space    used 10455K, committed 10752K, reserved 1048576K
}
Event: 224.617 GC heap after
{Heap after GC invocations=26 (full 1):
 garbage-first heap   total 163840K, used 30401K [0x0000000702000000, 0x0000000800000000)
  region size 2048K, 2 young (4096K), 2 survivors (4096K)
 Metaspace       used 76306K, committed 76928K, reserved 1179648K
  class space    used 10455K, committed 10752K, reserved 1048576K
}
Event: 225.009 GC heap before
{Heap before GC invocations=26 (full 1):
 garbage-first heap   total 163840K, used 104129K [0x0000000702000000, 0x0000000800000000)
  region size 2048K, 38 young (77824K), 2 survivors (4096K)
 Metaspace       used 76882K, committed 77440K, reserved 1179648K
  class space    used 10507K, committed 10752K, reserved 1048576K
}
Event: 225.014 GC heap after
{Heap after GC invocations=27 (full 1):
 garbage-first heap   total 163840K, used 33670K [0x0000000702000000, 0x0000000800000000)
  region size 2048K, 4 young (8192K), 4 survivors (8192K)
 Metaspace       used 76882K, committed 77440K, reserved 1179648K
  class space    used 10507K, committed 10752K, reserved 1048576K
}
Event: 225.234 GC heap before
{Heap before GC invocations=27 (full 1):
 garbage-first heap   total 163840K, used 105350K [0x0000000702000000, 0x0000000800000000)
  region size 2048K, 40 young (81920K), 4 survivors (8192K)
 Metaspace       used 76916K, committed 77504K, reserved 1179648K
  class space    used 10513K, committed 10752K, reserved 1048576K
}
Event: 225.240 GC heap after
{Heap after GC invocations=28 (full 1):
 garbage-first heap   total 163840K, used 39371K [0x0000000702000000, 0x0000000800000000)
  region size 2048K, 5 young (10240K), 5 survivors (10240K)
 Metaspace       used 76916K, committed 77504K, reserved 1179648K
  class space    used 10513K, committed 10752K, reserved 1048576K
}
Event: 225.354 GC heap before
{Heap before GC invocations=28 (full 1):
 garbage-first heap   total 163840K, used 109003K [0x0000000702000000, 0x0000000800000000)
  region size 2048K, 40 young (81920K), 5 survivors (10240K)
 Metaspace       used 76916K, committed 77504K, reserved 1179648K
  class space    used 10513K, committed 10752K, reserved 1048576K
}
Event: 225.362 GC heap after
{Heap after GC invocations=29 (full 1):
 garbage-first heap   total 163840K, used 45375K [0x0000000702000000, 0x0000000800000000)
  region size 2048K, 5 young (10240K), 5 survivors (10240K)
 Metaspace       used 76916K, committed 77504K, reserved 1179648K
  class space    used 10513K, committed 10752K, reserved 1048576K
}
Event: 268.203 GC heap before
{Heap before GC invocations=29 (full 1):
 garbage-first heap   total 163840K, used 112959K [0x0000000702000000, 0x0000000800000000)
  region size 2048K, 38 young (77824K), 5 survivors (10240K)
 Metaspace       used 76940K, committed 77568K, reserved 1179648K
  class space    used 10518K, committed 10816K, reserved 1048576K
}
Event: 268.208 GC heap after
{Heap after GC invocations=30 (full 1):
 garbage-first heap   total 202752K, used 39123K [0x0000000702000000, 0x0000000800000000)
  region size 2048K, 2 young (4096K), 2 survivors (4096K)
 Metaspace       used 76940K, committed 77568K, reserved 1179648K
  class space    used 10518K, committed 10816K, reserved 1048576K
}
Event: 299.356 GC heap before
{Heap before GC invocations=30 (full 1):
 garbage-first heap   total 202752K, used 43219K [0x0000000702000000, 0x0000000800000000)
  region size 2048K, 5 young (10240K), 2 survivors (4096K)
 Metaspace       used 76942K, committed 77568K, reserved 1179648K
  class space    used 10519K, committed 10816K, reserved 1048576K
}
Event: 299.394 GC heap after
{Heap after GC invocations=31 (full 2):
 garbage-first heap   total 116736K, used 27430K [0x0000000702000000, 0x0000000800000000)
  region size 2048K, 0 young (0K), 0 survivors (0K)
 Metaspace       used 76940K, committed 77568K, reserved 1179648K
  class space    used 10518K, committed 10816K, reserved 1048576K
}

Dll operation events (9 events):
Event: 0.007 Loaded shared library C:\sts-4.19.0.RELEASE\plugins\org.eclipse.justj.openjdk.hotspot.jre.full.win32.x86_64_17.0.7.v20230425-1502\jre\bin\java.dll
Event: 0.157 Loaded shared library C:\sts-4.19.0.RELEASE\plugins\org.eclipse.justj.openjdk.hotspot.jre.full.win32.x86_64_17.0.7.v20230425-1502\jre\bin\jimage.dll
Event: 0.171 Loaded shared library C:\sts-4.19.0.RELEASE\plugins\org.eclipse.justj.openjdk.hotspot.jre.full.win32.x86_64_17.0.7.v20230425-1502\jre\bin\net.dll
Event: 0.172 Loaded shared library C:\sts-4.19.0.RELEASE\plugins\org.eclipse.justj.openjdk.hotspot.jre.full.win32.x86_64_17.0.7.v20230425-1502\jre\bin\nio.dll
Event: 0.177 Loaded shared library C:\sts-4.19.0.RELEASE\plugins\org.eclipse.justj.openjdk.hotspot.jre.full.win32.x86_64_17.0.7.v20230425-1502\jre\bin\zip.dll
Event: 0.241 Loaded shared library C:\sts-4.19.0.RELEASE\plugins\org.eclipse.justj.openjdk.hotspot.jre.full.win32.x86_64_17.0.7.v20230425-1502\jre\bin\management.dll
Event: 0.253 Loaded shared library C:\sts-4.19.0.RELEASE\plugins\org.eclipse.justj.openjdk.hotspot.jre.full.win32.x86_64_17.0.7.v20230425-1502\jre\bin\management_ext.dll
Event: 2.518 Loaded shared library C:\sts-4.19.0.RELEASE\plugins\org.eclipse.justj.openjdk.hotspot.jre.full.win32.x86_64_17.0.7.v20230425-1502\jre\bin\sunmscapi.dll
Event: 3.153 Loaded shared library C:\sts-4.19.0.RELEASE\plugins\org.eclipse.justj.openjdk.hotspot.jre.full.win32.x86_64_17.0.7.v20230425-1502\jre\bin\verify.dll

Deoptimization events (14 events):
Event: 1.150 Thread 0x0000020f6598ae80 DEOPT PACKING pc=0x0000020f56a7c579 sp=0x00000062a38fc9d0
Event: 1.150 Thread 0x0000020f6598ae80 DEOPT UNPACKING pc=0x0000020f56527143 sp=0x00000062a38fbeb0 mode 3
Event: 1.275 Thread 0x0000020f6598ae80 DEOPT PACKING pc=0x0000020f56acbf0c sp=0x00000062a38fd830
Event: 1.275 Thread 0x0000020f6598ae80 DEOPT UNPACKING pc=0x0000020f56527143 sp=0x00000062a38fce60 mode 0
Event: 2.715 Thread 0x0000020f6598ae80 DEOPT PACKING pc=0x0000020f56d7e7a5 sp=0x00000062a38f7f60
Event: 2.715 Thread 0x0000020f6598ae80 DEOPT UNPACKING pc=0x0000020f56527143 sp=0x00000062a38f74c8 mode 3
Event: 4.571 Thread 0x0000020f6598ae80 DEOPT PACKING pc=0x0000020f56a9ab54 sp=0x00000062a38fc6f0
Event: 4.571 Thread 0x0000020f6598ae80 DEOPT UNPACKING pc=0x0000020f56527143 sp=0x00000062a38fbc48 mode 0
Event: 4.752 Thread 0x0000020f6598ae80 DEOPT PACKING pc=0x0000020f56b11f52 sp=0x00000062a38fc9a0
Event: 4.752 Thread 0x0000020f6598ae80 DEOPT UNPACKING pc=0x0000020f56527143 sp=0x00000062a38fbea8 mode 3
Event: 5.397 Thread 0x0000020f6598ae80 DEOPT PACKING pc=0x0000020f57163e93 sp=0x00000062a38fc640
Event: 5.397 Thread 0x0000020f6598ae80 DEOPT UNPACKING pc=0x0000020f56527143 sp=0x00000062a38fbb88 mode 3
Event: 299.348 Thread 0x0000020f6bd54570 DEOPT PACKING pc=0x0000020f567804cb sp=0x00000062a13fda00
Event: 299.348 Thread 0x0000020f6bd54570 DEOPT UNPACKING pc=0x0000020f56527143 sp=0x00000062a13fcec8 mode 3

Classes unloaded (20 events):
Event: 223.999 Thread 0x0000020f657e1270 Unloading class 0x000000080015a000 'java/lang/invoke/LambdaForm$MH+0x000000080015a000'
Event: 223.999 Thread 0x0000020f657e1270 Unloading class 0x0000000800159c00 'java/lang/invoke/LambdaForm$MH+0x0000000800159c00'
Event: 223.999 Thread 0x0000020f657e1270 Unloading class 0x0000000800159000 'java/lang/invoke/LambdaForm$MH+0x0000000800159000'
Event: 223.999 Thread 0x0000020f657e1270 Unloading class 0x0000000800158c00 'java/lang/invoke/LambdaForm$MH+0x0000000800158c00'
Event: 223.999 Thread 0x0000020f657e1270 Unloading class 0x0000000800158400 'java/lang/invoke/LambdaForm$MH+0x0000000800158400'
Event: 223.999 Thread 0x0000020f657e1270 Unloading class 0x0000000800154c00 'jdk/internal/reflect/GeneratedSerializationConstructorAccessor6'
Event: 223.999 Thread 0x0000020f657e1270 Unloading class 0x0000000800141800 'jdk/internal/reflect/GeneratedSerializationConstructorAccessor3'
Event: 223.999 Thread 0x0000020f657e1270 Unloading class 0x0000000800141400 'jdk/internal/reflect/GeneratedSerializationConstructorAccessor2'
Event: 223.999 Thread 0x0000020f657e1270 Unloading class 0x0000000800141000 'jdk/internal/reflect/GeneratedSerializationConstructorAccessor1'
Event: 223.999 Thread 0x0000020f657e1270 Unloading class 0x0000000800140800 'java/lang/invoke/LambdaForm$DMH+0x0000000800140800'
Event: 223.999 Thread 0x0000020f657e1270 Unloading class 0x0000000800140000 'java/lang/invoke/LambdaForm$DMH+0x0000000800140000'
Event: 223.999 Thread 0x0000020f657e1270 Unloading class 0x00000008000c6c00 'jdk/internal/reflect/GeneratedConstructorAccessor1'
Event: 223.999 Thread 0x0000020f657e1270 Unloading class 0x00000008000c6000 'java/lang/invoke/LambdaForm$MH+0x00000008000c6000'
Event: 223.999 Thread 0x0000020f657e1270 Unloading class 0x00000008000c5c00 'java/lang/invoke/LambdaForm$MH+0x00000008000c5c00'
Event: 223.999 Thread 0x0000020f657e1270 Unloading class 0x00000008000c5800 'java/lang/invoke/LambdaForm$MH+0x00000008000c5800'
Event: 223.999 Thread 0x0000020f657e1270 Unloading class 0x00000008000c5400 'java/lang/invoke/LambdaForm$MH+0x00000008000c5400'
Event: 223.999 Thread 0x0000020f657e1270 Unloading class 0x00000008000c5000 'java/lang/invoke/LambdaForm$MH+0x00000008000c5000'
Event: 223.999 Thread 0x0000020f657e1270 Unloading class 0x00000008000c3c00 'java/lang/invoke/LambdaForm$MH+0x00000008000c3c00'
Event: 223.999 Thread 0x0000020f657e1270 Unloading class 0x00000008000c3800 'java/lang/invoke/LambdaForm$MH+0x00000008000c3800'
Event: 299.368 Thread 0x0000020f657e1270 Unloading class 0x0000000800a84c00 'org/apache/catalina/loader/JdbcLeakPrevention'

Classes redefined (0 events):
No events

Internal exceptions (20 events):
Event: 225.386 Thread 0x0000020f6bd54f10 Exception <a 'sun/nio/fs/WindowsException'{0x000000070bbc72e0}> (0x000000070bbc72e0) 
thrown [s\src\hotspot\share\prims\jni.cpp, line 516]
Event: 225.386 Thread 0x0000020f6bd54f10 Exception <a 'sun/nio/fs/WindowsException'{0x000000070bbc7bd8}> (0x000000070bbc7bd8) 
thrown [s\src\hotspot\share\prims\jni.cpp, line 516]
Event: 225.386 Thread 0x0000020f6bd54f10 Exception <a 'sun/nio/fs/WindowsException'{0x000000070bbc7e78}> (0x000000070bbc7e78) 
thrown [s\src\hotspot\share\prims\jni.cpp, line 516]
Event: 225.386 Thread 0x0000020f6bd54f10 Exception <a 'sun/nio/fs/WindowsException'{0x000000070bbc8780}> (0x000000070bbc8780) 
thrown [s\src\hotspot\share\prims\jni.cpp, line 516]
Event: 225.386 Thread 0x0000020f6bd54f10 Exception <a 'sun/nio/fs/WindowsException'{0x000000070bbc8a40}> (0x000000070bbc8a40) 
thrown [s\src\hotspot\share\prims\jni.cpp, line 516]
Event: 225.386 Thread 0x0000020f6bd54f10 Exception <a 'sun/nio/fs/WindowsException'{0x000000070bbc9360}> (0x000000070bbc9360) 
thrown [s\src\hotspot\share\prims\jni.cpp, line 516]
Event: 225.386 Thread 0x0000020f6bd54f10 Exception <a 'sun/nio/fs/WindowsException'{0x000000070bbc9630}> (0x000000070bbc9630) 
thrown [s\src\hotspot\share\prims\jni.cpp, line 516]
Event: 225.387 Thread 0x0000020f6bd54f10 Exception <a 'sun/nio/fs/WindowsException'{0x000000070bbc9f68}> (0x000000070bbc9f68) 
thrown [s\src\hotspot\share\prims\jni.cpp, line 516]
Event: 225.387 Thread 0x0000020f6bd54f10 Exception <a 'sun/nio/fs/WindowsException'{0x000000070bbca258}> (0x000000070bbca258) 
thrown [s\src\hotspot\share\prims\jni.cpp, line 516]
Event: 225.387 Thread 0x0000020f6bd54f10 Exception <a 'sun/nio/fs/WindowsException'{0x000000070bbcab88}> (0x000000070bbcab88) 
thrown [s\src\hotspot\share\prims\jni.cpp, line 516]
Event: 225.387 Thread 0x0000020f6bd54f10 Exception <a 'sun/nio/fs/WindowsException'{0x000000070bbcae78}> (0x000000070bbcae78) 
thrown [s\src\hotspot\share\prims\jni.cpp, line 516]
Event: 299.348 Thread 0x0000020f6bd54570 Implicit null exception at 0x0000020f567802f2 to 0x0000020f567804c6
Event: 299.349 Thread 0x0000020f6bd570c0 Exception <a 'java/lang/InterruptedException'{0x000000070e000040}: sleep interrupted> (0x000000070e000040) 
thrown [s\src\hotspot\share\prims\jvm.cpp, line 3070]
Event: 299.404 Thread 0x0000020f6bd57a60 Exception <a 'sun/nio/fs/WindowsException'{0x00000007090abf30}> (0x00000007090abf30) 
thrown [s\src\hotspot\share\prims\jni.cpp, line 516]
Event: 299.476 Thread 0x0000020f6bd57a60 Implicit null exception at 0x0000020f56b1c033 to 0x0000020f56b1c06c
Event: 299.476 Thread 0x0000020f6bd57a60 Exception <a 'java/lang/NullPointerException'{0x0000000708640380}> (0x0000000708640380) 
thrown [s\src\hotspot\share\runtime\sharedRuntime.cpp, line 628]
Event: 299.495 Thread 0x0000020f6bd57a60 Exception <a 'java/lang/NoClassDefFoundError'{0x000000070874f7f0}: liquibase/exception/ChangeLogParseException> (0x000000070874f7f0) 
thrown [s\src\hotspot\share\classfile\systemDictionary.cpp, line 245]
Event: 299.509 Thread 0x0000020f6bd57a60 Exception <a 'java/lang/NoSuchMethodError'{0x000000070847bbd0}: 'java.lang.Object java.lang.invoke.DirectMethodHandle$Holder.invokeStaticInit(java.lang.Object, int)'> (0x000000070847bbd0) 
thrown [s\src\hotspot\share\interpreter\linkResolver.cpp, line 759]
Event: 299.510 Thread 0x0000020f6bd57a60 Exception <a 'java/lang/reflect/InvocationTargetException'{0x00000007084941f0}> (0x00000007084941f0) 
thrown [s\src\hotspot\share\runtime\reflection.cpp, line 1121]
Event: 328.641 Thread 0x0000020f6bd54a40 Exception <a 'sun/nio/fs/WindowsException'{0x0000000708067458}> (0x0000000708067458) 
thrown [s\src\hotspot\share\prims\jni.cpp, line 516]

VM Operations (20 events):
Event: 224.613 Executing VM operation: G1CollectForAllocation
Event: 224.617 Executing VM operation: G1CollectForAllocation done
Event: 225.009 Executing VM operation: G1CollectForAllocation
Event: 225.014 Executing VM operation: G1CollectForAllocation done
Event: 225.234 Executing VM operation: G1CollectForAllocation
Event: 225.240 Executing VM operation: G1CollectForAllocation done
Event: 225.354 Executing VM operation: G1CollectForAllocation
Event: 225.362 Executing VM operation: G1CollectForAllocation done
Event: 226.366 Executing VM operation: Cleanup
Event: 226.366 Executing VM operation: Cleanup done
Event: 241.516 Executing VM operation: Cleanup
Event: 241.517 Executing VM operation: Cleanup done
Event: 268.202 Executing VM operation: G1CollectForAllocation
Event: 268.208 Executing VM operation: G1CollectForAllocation done
Event: 299.356 Executing VM operation: G1CollectFull
Event: 299.394 Executing VM operation: G1CollectFull done
Event: 300.395 Executing VM operation: Cleanup
Event: 300.395 Executing VM operation: Cleanup done
Event: 328.693 Executing VM operation: Cleanup
Event: 328.693 Executing VM operation: Cleanup done

Events (20 events):
Event: 299.349 Thread 0x0000020f6bd56bf0 Thread exited: 0x0000020f6bd56bf0
Event: 299.349 Thread 0x0000020f6bd56720 Thread exited: 0x0000020f6bd56720
Event: 299.349 Thread 0x0000020f6bd570c0 Thread exited: 0x0000020f6bd570c0
Event: 299.353 Thread 0x0000020f6bd558b0 Thread added: 0x0000020f6bd558b0
Event: 299.353 Thread 0x0000020f6bd55d80 Thread exited: 0x0000020f6bd55d80
Event: 299.356 Thread 0x0000020f6bd558b0 Thread exited: 0x0000020f6bd558b0
Event: 299.395 Thread 0x0000020f6bd53230 Thread added: 0x0000020f6bd53230
Event: 299.395 Thread 0x0000020f6bd53230 Thread exited: 0x0000020f6bd53230
Event: 299.395 Thread 0x0000020f6bd57a60 Thread added: 0x0000020f6bd57a60
Event: 299.451 Thread 0x0000020f6bd588d0 Thread added: 0x0000020f6bd588d0
Event: 299.467 Thread 0x0000020f6bd588d0 Thread exited: 0x0000020f6bd588d0
Event: 299.507 loading class sun/util/cldr/CLDRBaseLocaleDataMetaInfo$TZCanonicalIDMapHolder
Event: 299.508 loading class sun/util/cldr/CLDRBaseLocaleDataMetaInfo$TZCanonicalIDMapHolder done
Event: 299.509 loading class sun/util/cldr/CLDRTimeZoneNameProviderImpl$AVAILABLE_IDS
Event: 299.509 loading class sun/util/cldr/CLDRTimeZoneNameProviderImpl$AVAILABLE_IDS done
Event: 299.510 Thread 0x0000020f6bd57a60 Thread exited: 0x0000020f6bd57a60
Event: 299.510 Thread 0x0000020f6bd57a60 Thread added: 0x0000020f6bd57a60
Event: 328.619 Thread 0x0000020f6bd54a40 Thread added: 0x0000020f6bd54a40
Event: 328.689 Thread 0x0000020f6bd56bf0 Thread added: 0x0000020f6bd56bf0
Event: 328.704 Thread 0x0000020f6bd56bf0 Thread exited: 0x0000020f6bd56bf0


Dynamic libraries:
0x00007ff665b90000 - 0x00007ff665b9e000 	C:\sts-4.19.0.RELEASE\plugins\org.eclipse.justj.openjdk.hotspot.jre.full.win32.x86_64_17.0.7.v20230425-1502\jre\bin\javaw.exe
0x00007ffcc0730000 - 0x00007ffcc0944000 	C:\Windows\SYSTEM32\ntdll.dll
0x00007ffca0790000 - 0x00007ffca07a9000 	C:\Program Files\Avast Software\Avast\aswhook.dll
0x00007ffcc02a0000 - 0x00007ffcc0362000 	C:\Windows\System32\KERNEL32.DLL
0x00007ffcbdea0000 - 0x00007ffcbe243000 	C:\Windows\System32\KERNELBASE.dll
0x00007ffcbdb30000 - 0x00007ffcbdc41000 	C:\Windows\System32\ucrtbase.dll
0x00007ffcb3cb0000 - 0x00007ffcb3cc7000 	C:\sts-4.19.0.RELEASE\plugins\org.eclipse.justj.openjdk.hotspot.jre.full.win32.x86_64_17.0.7.v20230425-1502\jre\bin\jli.dll
0x00007ffc93010000 - 0x00007ffc93029000 	C:\sts-4.19.0.RELEASE\plugins\org.eclipse.justj.openjdk.hotspot.jre.full.win32.x86_64_17.0.7.v20230425-1502\jre\bin\VCRUNTIME140.dll
0x00007ffcbf2b0000 - 0x00007ffcbf45a000 	C:\Windows\System32\USER32.dll
0x00007ffcbe250000 - 0x00007ffcbe276000 	C:\Windows\System32\win32u.dll
0x00007ffcbf460000 - 0x00007ffcbf489000 	C:\Windows\System32\GDI32.dll
0x00007ffca3c80000 - 0x00007ffca3f0e000 	C:\Windows\WinSxS\amd64_microsoft.windows.common-controls_6595b64144ccf1df_6.0.22621.1635_none_270f70857386168e\COMCTL32.dll
0x00007ffcbe280000 - 0x00007ffcbe399000 	C:\Windows\System32\gdi32full.dll
0x00007ffcc0140000 - 0x00007ffcc01e7000 	C:\Windows\System32\msvcrt.dll
0x00007ffcbdc50000 - 0x00007ffcbdcea000 	C:\Windows\System32\msvcp_win.dll
0x00007ffcc01f0000 - 0x00007ffcc0221000 	C:\Windows\System32\IMM32.DLL
0x00007ffcb9150000 - 0x00007ffcb915c000 	C:\sts-4.19.0.RELEASE\plugins\org.eclipse.justj.openjdk.hotspot.jre.full.win32.x86_64_17.0.7.v20230425-1502\jre\bin\vcruntime140_1.dll
0x00007ffc907d0000 - 0x00007ffc90861000 	C:\sts-4.19.0.RELEASE\plugins\org.eclipse.justj.openjdk.hotspot.jre.full.win32.x86_64_17.0.7.v20230425-1502\jre\bin\msvcp140.dll
0x00007ffc1c6c0000 - 0x00007ffc1d308000 	C:\sts-4.19.0.RELEASE\plugins\org.eclipse.justj.openjdk.hotspot.jre.full.win32.x86_64_17.0.7.v20230425-1502\jre\bin\server\jvm.dll
0x00007ffcbf7d0000 - 0x00007ffcbf87e000 	C:\Windows\System32\ADVAPI32.dll
0x00007ffcbeb90000 - 0x00007ffcbec34000 	C:\Windows\System32\sechost.dll
0x00007ffcc0370000 - 0x00007ffcc0487000 	C:\Windows\System32\RPCRT4.dll
0x00007ffcb5370000 - 0x00007ffcb537a000 	C:\Windows\SYSTEM32\VERSION.dll
0x00007ffcb6290000 - 0x00007ffcb62c4000 	C:\Windows\SYSTEM32\WINMM.dll
0x00007ffc9d970000 - 0x00007ffc9d979000 	C:\Windows\SYSTEM32\WSOCK32.dll
0x00007ffcbe510000 - 0x00007ffcbe581000 	C:\Windows\System32\WS2_32.dll
0x00007ffcbcb30000 - 0x00007ffcbcb48000 	C:\Windows\SYSTEM32\kernel.appcore.dll
0x00007ffcb91d0000 - 0x00007ffcb91da000 	C:\sts-4.19.0.RELEASE\plugins\org.eclipse.justj.openjdk.hotspot.jre.full.win32.x86_64_17.0.7.v20230425-1502\jre\bin\jimage.dll
0x00007ffcb6ba0000 - 0x00007ffcb6dce000 	C:\Windows\SYSTEM32\DBGHELP.DLL
0x00007ffcbed70000 - 0x00007ffcbf0f9000 	C:\Windows\System32\combase.dll
0x00007ffcc0610000 - 0x00007ffcc06e7000 	C:\Windows\System32\OLEAUT32.dll
0x00007ffca6f10000 - 0x00007ffca6f42000 	C:\Windows\SYSTEM32\dbgcore.DLL
0x00007ffcbdcf0000 - 0x00007ffcbdd6a000 	C:\Windows\System32\bcryptPrimitives.dll
0x00007ffcb3d00000 - 0x00007ffcb3d25000 	C:\sts-4.19.0.RELEASE\plugins\org.eclipse.justj.openjdk.hotspot.jre.full.win32.x86_64_17.0.7.v20230425-1502\jre\bin\java.dll
0x00007ffc9ccc0000 - 0x00007ffc9ccd8000 	C:\sts-4.19.0.RELEASE\plugins\org.eclipse.justj.openjdk.hotspot.jre.full.win32.x86_64_17.0.7.v20230425-1502\jre\bin\zip.dll
0x00007ffcbf940000 - 0x00007ffcc0139000 	C:\Windows\System32\SHELL32.dll
0x00007ffcbbad0000 - 0x00007ffcbc39e000 	C:\Windows\SYSTEM32\windows.storage.dll
0x00007ffcbb990000 - 0x00007ffcbbace000 	C:\Windows\SYSTEM32\wintypes.dll
0x00007ffcbf6d0000 - 0x00007ffcbf7c1000 	C:\Windows\System32\SHCORE.dll
0x00007ffcbe590000 - 0x00007ffcbe5ee000 	C:\Windows\System32\shlwapi.dll
0x00007ffcbda60000 - 0x00007ffcbda86000 	C:\Windows\SYSTEM32\profapi.dll
0x00007ffc9cca0000 - 0x00007ffc9ccb9000 	C:\sts-4.19.0.RELEASE\plugins\org.eclipse.justj.openjdk.hotspot.jre.full.win32.x86_64_17.0.7.v20230425-1502\jre\bin\net.dll
0x00007ffcb6150000 - 0x00007ffcb6287000 	C:\Windows\SYSTEM32\WINHTTP.dll
0x00007ffcbd010000 - 0x00007ffcbd079000 	C:\Windows\system32\mswsock.dll
0x00007ffc9c200000 - 0x00007ffc9c215000 	C:\sts-4.19.0.RELEASE\plugins\org.eclipse.justj.openjdk.hotspot.jre.full.win32.x86_64_17.0.7.v20230425-1502\jre\bin\nio.dll
0x00007ffcb7a20000 - 0x00007ffcb7a29000 	C:\sts-4.19.0.RELEASE\plugins\org.eclipse.justj.openjdk.hotspot.jre.full.win32.x86_64_17.0.7.v20230425-1502\jre\bin\management.dll
0x00007ffcb7380000 - 0x00007ffcb738b000 	C:\sts-4.19.0.RELEASE\plugins\org.eclipse.justj.openjdk.hotspot.jre.full.win32.x86_64_17.0.7.v20230425-1502\jre\bin\management_ext.dll
0x00007ffcbf910000 - 0x00007ffcbf918000 	C:\Windows\System32\PSAPI.DLL
0x00007ffc840e0000 - 0x00007ffc840f7000 	C:\Windows\system32\napinsp.dll
0x00007ffc84100000 - 0x00007ffc8411b000 	C:\Windows\system32\pnrpnsp.dll
0x00007ffcbc670000 - 0x00007ffcbc763000 	C:\Windows\SYSTEM32\DNSAPI.dll
0x00007ffcbc640000 - 0x00007ffcbc66d000 	C:\Windows\SYSTEM32\IPHLPAPI.DLL
0x00007ffcbf930000 - 0x00007ffcbf939000 	C:\Windows\System32\NSI.dll
0x00007ffc841a0000 - 0x00007ffc841b1000 	C:\Windows\System32\winrnr.dll
0x00007ffcb5710000 - 0x00007ffcb5725000 	C:\Windows\system32\wshbth.dll
0x00007ffc84120000 - 0x00007ffc84141000 	C:\Windows\system32\nlansp_c.dll
0x00007ffcb06f0000 - 0x00007ffcb06fa000 	C:\Windows\System32\rasadhlp.dll
0x00007ffcb4830000 - 0x00007ffcb48b4000 	C:\Windows\System32\fwpuclnt.dll
0x00007ffcbd3b0000 - 0x00007ffcbd3cb000 	C:\Windows\SYSTEM32\CRYPTSP.dll
0x00007ffcbcaa0000 - 0x00007ffcbcad5000 	C:\Windows\system32\rsaenh.dll
0x00007ffcbd0c0000 - 0x00007ffcbd0ec000 	C:\Windows\SYSTEM32\USERENV.dll
0x00007ffcbd500000 - 0x00007ffcbd528000 	C:\Windows\SYSTEM32\bcrypt.dll
0x00007ffcbd390000 - 0x00007ffcbd39c000 	C:\Windows\SYSTEM32\CRYPTBASE.dll
0x00007ffcb64d0000 - 0x00007ffcb64e9000 	C:\Windows\SYSTEM32\dhcpcsvc6.DLL
0x00007ffcb5f50000 - 0x00007ffcb5f6f000 	C:\Windows\SYSTEM32\dhcpcsvc.DLL
0x00007ffcb80f0000 - 0x00007ffcb80fe000 	C:\sts-4.19.0.RELEASE\plugins\org.eclipse.justj.openjdk.hotspot.jre.full.win32.x86_64_17.0.7.v20230425-1502\jre\bin\sunmscapi.dll
0x00007ffcbe3a0000 - 0x00007ffcbe507000 	C:\Windows\System32\CRYPT32.dll
0x00007ffcbd4d0000 - 0x00007ffcbd4fe000 	C:\Windows\SYSTEM32\ncrypt.dll
0x00007ffcbd490000 - 0x00007ffcbd4c7000 	C:\Windows\SYSTEM32\NTASN1.dll
0x00007ffcb90d0000 - 0x00007ffcb90e0000 	C:\sts-4.19.0.RELEASE\plugins\org.eclipse.justj.openjdk.hotspot.jre.full.win32.x86_64_17.0.7.v20230425-1502\jre\bin\verify.dll
0x00007ffcb8530000 - 0x00007ffcb8538000 	C:\Windows\system32\wshunix.dll

dbghelp: loaded successfully - version: 4.0.5 - missing functions: none
symbol engine: initialized successfully - sym options: 0x614 - pdb path: .;C:\sts-4.19.0.RELEASE\plugins\org.eclipse.justj.openjdk.hotspot.jre.full.win32.x86_64_17.0.7.v20230425-1502\jre\bin;C:\Windows\SYSTEM32;C:\Program Files\Avast Software\Avast;C:\Windows\WinSxS\amd64_microsoft.windows.common-controls_6595b64144ccf1df_6.0.22621.1635_none_270f70857386168e;C:\sts-4.19.0.RELEASE\plugins\org.eclipse.justj.openjdk.hotspot.jre.full.win32.x86_64_17.0.7.v20230425-1502\jre\bin\server

VM Arguments:
jvm_args: -Dcom.sun.management.jmxremote -Dcom.sun.management.jmxremote.port=54379 -Dcom.sun.management.jmxremote.authenticate=false -Dcom.sun.management.jmxremote.ssl=false -Djava.rmi.server.hostname=localhost -Dspring.jmx.enabled=true -Dmanagement.endpoints.jmx.exposure.include=* -Dspring.application.admin.enabled=true -XX:TieredStopAtLevel=1 -Dspring.boot.project.name=HPS_Projet_BackEnd -Dfile.encoding=UTF-8 -XX:+ShowCodeDetailsInExceptionMessages 
java_command: com.example.hps.HpsAppApplication --spring.output.ansi.enabled=always
java_class_path (initial): C:\Users\hi\Desktop\HPS\HPS_Projet_BackEnd\target\classes;C:\Users\hi\.m2\repository\org\springframework\boot\spring-boot-starter-data-rest\3.1.1\spring-boot-starter-data-rest-3.1.1.jar;C:\Users\hi\.m2\repository\org\springframework\boot\spring-boot-starter-web\3.1.1\spring-boot-starter-web-3.1.1.jar;C:\Users\hi\.m2\repository\org\springframework\boot\spring-boot-starter-json\3.1.1\spring-boot-starter-json-3.1.1.jar;C:\Users\hi\.m2\repository\com\fasterxml\jackson\datatype\jackson-datatype-jdk8\2.15.2\jackson-datatype-jdk8-2.15.2.jar;C:\Users\hi\.m2\repository\com\fasterxml\jackson\datatype\jackson-datatype-jsr310\2.15.2\jackson-datatype-jsr310-2.15.2.jar;C:\Users\hi\.m2\repository\com\fasterxml\jackson\module\jackson-module-parameter-names\2.15.2\jackson-module-parameter-names-2.15.2.jar;C:\Users\hi\.m2\repository\org\springframework\boot\spring-boot-starter-tomcat\3.1.1\spring-boot-starter-tomcat-3.1.1.jar;C:\Users\hi\.m2\repository\org\apache\tomcat\embed\tomcat-embed-core\10.1.10\tomcat-embed-core-10.1.10.jar;C:\Users\hi\.m2\repository\org\apache\tomcat\embed\tomcat-embed-websocket\10.1.10\tomcat-embed-websocket-10.1.10.jar;C:\Users\hi\.m2\repository\org\springframework\spring-web\6.0.10\spring-web-6.0.10.jar;C:\Users\hi\.m2\repository\io\micrometer\micrometer-observation\1.11.1\micrometer-observation-1.11.1.jar;C:\Users\hi\.m2\repository\io\micrometer\micrometer-commons\1.11.1\micrometer-commons-1.11.1.jar;C:\Users\hi\.m2\repository\org\springframework\spring-webmvc\6.0.10\spring-webmvc-6.0.10.jar;C:\Users\hi\.m2\repository\org\springframework\spring-expression\6.0.10\spring-expression-6.0.10.jar;C:\Users\hi\.m2\repository\org\springframework\data\spring-data-rest-webmvc\4.1.1\spring-data-rest-webmvc-4.1.1.jar;C:\Users\hi\.m2\repository\org\springframework\data\spring-data-rest-core\4.1.1\spring-data-rest-core-4.1.1.jar;C:\Users\hi\.m2\repository\org\springframework\hateoas\spring-hateoas\2.1.0\spring-hateoas-2.1.0.jar;C:\Users\hi\.
Launcher Type: SUN_STANDARD

[Global flags]
     intx CICompilerCount                          = 4                                         {product} {ergonomic}
     uint ConcGCThreads                            = 2                                         {product} {ergonomic}
     uint G1ConcRefinementThreads                  = 8                                         {product} {ergonomic}
   size_t G1HeapRegionSize                         = 2097152                                   {product} {ergonomic}
    uintx GCDrainStackTargetSize                   = 64                                        {product} {ergonomic}
   size_t InitialHeapSize                          = 266338304                                 {product} {ergonomic}
     bool ManagementServer                         = true                                      {product} {command line}
   size_t MarkStackSize                            = 4194304                                   {product} {ergonomic}
   size_t MaxHeapSize                              = 4261412864                                {product} {ergonomic}
   size_t MaxNewSize                               = 2556428288                                {product} {ergonomic}
   size_t MinHeapDeltaBytes                        = 2097152                                   {product} {ergonomic}
   size_t MinHeapSize                              = 8388608                                   {product} {ergonomic}
    uintx NonProfiledCodeHeapSize                  = 0                                      {pd product} {ergonomic}
     bool ProfileInterpreter                       = false                                  {pd product} {command line}
    uintx ProfiledCodeHeapSize                     = 0                                      {pd product} {ergonomic}
     bool ShowCodeDetailsInExceptionMessages       = true                                   {manageable} {command line}
   size_t SoftMaxHeapSize                          = 4261412864                             {manageable} {ergonomic}
     intx TieredStopAtLevel                        = 1                                         {product} {command line}
     bool UseCompressedClassPointers               = true                           {product lp64_product} {ergonomic}
     bool UseCompressedOops                        = true                           {product lp64_product} {ergonomic}
     bool UseG1GC                                  = true                                      {product} {ergonomic}
     bool UseLargePagesIndividualAllocation        = false                                  {pd product} {ergonomic}

Logging:
Log output configuration:
 #0: stdout all=warning uptime,level,tags
 #1: stderr all=off uptime,level,tags

Environment Variables:
JAVA_HOME=C:\Program Files\Java\jdk-20
PATH=C:/sts-4.19.0.RELEASE//plugins/org.eclipse.justj.openjdk.hotspot.jre.full.win32.x86_64_17.0.7.v20230425-1502/jre/bin/server;C:/sts-4.19.0.RELEASE//plugins/org.eclipse.justj.openjdk.hotspot.jre.full.win32.x86_64_17.0.7.v20230425-1502/jre/bin;C:\Program Files\Common Files\Oracle\Java\javapath;C:\Windows\system32;C:\Windows;C:\Windows\System32\Wbem;C:\Windows\System32\WindowsPowerShell\v1.0\;C:\Windows\System32\OpenSSH\;C:\Program Files\Java\jdk-20\bin;C:\Program Files\Git\cmd;C:\Program Files\Common Files\Oracle\Java\javapath;C:\Program Files\Git LFS;C:\Program Files\nodejs\;C:\Users\hi\AppData\Local\Microsoft\WindowsApps;C:\Users\hi\AppData\Local\Programs\Microsoft VS Code\bin;C:\Users\hi\AppData\Local\GitHubDesktop\bin;C:\Users\hi\AppData\Roaming\npm;C:\sts-4.19.0.RELEASE;
USERNAME=hi
OS=Windows_NT
PROCESSOR_IDENTIFIER=Intel64 Family 6 Model 142 Stepping 12, GenuineIntel
TMP=C:\Users\hi\AppData\Local\Temp
TEMP=C:\Users\hi\AppData\Local\Temp



---------------  S Y S T E M  ---------------

OS:
 Windows 11 , 64 bit Build 22621 (10.0.22621.1928)
OS uptime: 0 days 1:40 hours
Hyper-V role detected

CPU: total 8 (initial active 8) (4 cores per cpu, 2 threads per core) family 6 model 142 stepping 12 microcode 0xec, cx8, cmov, fxsr, ht, mmx, 3dnowpref, sse, sse2, sse3, ssse3, sse4.1, sse4.2, popcnt, lzcnt, tsc, tscinvbit, avx, avx2, aes, erms, clmul, bmi1, bmi2, adx, fma, vzeroupper, clflush, clflushopt, hv

Memory: 4k page, system-wide physical 16254M (4811M free)
TotalPageFile size 19198M (AvailPageFile size 3836M)
current process WorkingSet (physical memory assigned to process): 282M, peak: 332M
current process commit charge ("private bytes"): 315M, peak: 420M

vm_info: OpenJDK 64-Bit Server VM (17.0.7+7) for windows-amd64 JRE (17.0.7+7), built on Apr 18 2023 22:10:42 by "temurin" with MS VC++ 16.7 (VS2019)

END.
