#
# A fatal error has been detected by the Java Runtime Environment:
#
#  EXCEPTION_ACCESS_VIOLATION (0xc0000005) at pc=0x00007ffa2b567592, pid=10824, tid=3604
#
# JRE version: OpenJDK Runtime Environment Temurin-17.0.7+7 (17.0.7+7) (build 17.0.7+7)
# Java VM: OpenJDK 64-Bit Server VM Temurin-17.0.7+7 (17.0.7+7, mixed mode, emulated-client, tiered, compressed oops, compressed class ptrs, g1 gc, windows-amd64)
# Problematic frame:
# V  [jvm.dll+0x2d7592]
#
# No core dump will be written. Minidumps are not enabled by default on client versions of Windows
#
# If you would like to submit a bug report, please visit:
#   https://github.com/adoptium/adoptium-support/issues
#

---------------  S U M M A R Y ------------

Command Line: -Dcom.sun.management.jmxremote -Dcom.sun.management.jmxremote.port=50268 -Dcom.sun.management.jmxremote.authenticate=false -Dcom.sun.management.jmxremote.ssl=false -Djava.rmi.server.hostname=localhost -Dspring.jmx.enabled=true -Dmanagement.endpoints.jmx.exposure.include=* -Dspring.application.admin.enabled=true -XX:TieredStopAtLevel=1 -Dspring.boot.project.name=HPS_Projet_BackEnd -Dfile.encoding=UTF-8 -XX:+ShowCodeDetailsInExceptionMessages com.example.hps.HpsAppApplication --spring.output.ansi.enabled=always

Host: Intel(R) Core(TM) i7-8565U CPU @ 1.80GHz, 8 cores, 15G,  Windows 11 , 64 bit Build 22621 (10.0.22621.2215)
Time: Tue Aug 29 08:42:41 2023 Morocco Daylight Time elapsed time: 19.832234 seconds (0d 0h 0m 19s)

---------------  T H R E A D  ---------------

Current thread (0x000002b559444890):  ConcurrentGCThread "G1 Conc#1" [stack: 0x000000bdbef00000,0x000000bdbf000000] [id=3604]

Stack: [0x000000bdbef00000,0x000000bdbf000000],  sp=0x000000bdbefff960,  free space=1022k
Native frames: (J=compiled Java code, j=interpreted, Vv=VM code, C=native code)
V  [jvm.dll+0x2d7592]
V  [jvm.dll+0x2d72df]
V  [jvm.dll+0x2d5b2d]
V  [jvm.dll+0x2d5151]
V  [jvm.dll+0x2eacee]
V  [jvm.dll+0x2e7451]
V  [jvm.dll+0x2e8dac]
V  [jvm.dll+0x2e7d84]
V  [jvm.dll+0x2eb916]
V  [jvm.dll+0x860ffb]
V  [jvm.dll+0x861046]
V  [jvm.dll+0x7e4e7a]
V  [jvm.dll+0x676395]
C  [ucrtbase.dll+0x29363]
C  [KERNEL32.DLL+0x1257d]
C  [ntdll.dll+0x5aa68]


siginfo: EXCEPTION_ACCESS_VIOLATION (0xc0000005), reading address 0x00000000000000c0


Register to memory mapping:

RIP=0x00007ffa2b567592 jvm.dll
RAX=0x000002b53f556f80 points into unknown readable memory: 0x0000000000000000 | 00 00 00 00 00 00 00 00
RBX=0x000002b53f5b8c10 points into unknown readable memory: 0x00007ffa2bbe3818 | 18 38 be 2b fa 7f 00 00
RCX=0x0000000000000015 is an unknown value
RDX=0x0000000000000001 is an unknown value
RSP=0x000000bdbefff960 points into unknown readable memory: 0x0000000800041de8 | e8 1d 04 00 08 00 00 00
RBP=0x0000000000000001 is an unknown value
RSI=0x000002b53f5a1260 points into unknown readable memory: 0x000002b53f5b19a0 | a0 19 5b 3f b5 02 00 00
RDI=0x0000000000000048 is an unknown value
R8 =0x0000000000000048 is an unknown value
R9 =0x0 is NULL
R10=0x0000000000000005 is an unknown value
R11=0x0000000000000003 is an unknown value
R12=0x0 is NULL
R13=0xaaaaaaaaaaaaaaab is an unknown value
R14=0x0000000000000001 is an unknown value
R15=0x000000bdbefffae0 points into unknown readable memory: 0x000002b53f5a1260 | 60 12 5a 3f b5 02 00 00


Registers:
RAX=0x000002b53f556f80, RBX=0x000002b53f5b8c10, RCX=0x0000000000000015, RDX=0x0000000000000001
RSP=0x000000bdbefff960, RBP=0x0000000000000001, RSI=0x000002b53f5a1260, RDI=0x0000000000000048
R8 =0x0000000000000048, R9 =0x0000000000000000, R10=0x0000000000000005, R11=0x0000000000000003
R12=0x0000000000000000, R13=0xaaaaaaaaaaaaaaab, R14=0x0000000000000001, R15=0x000000bdbefffae0
RIP=0x00007ffa2b567592, EFLAGS=0x0000000000010246

Top of Stack: (sp=0x000000bdbefff960)
0x000000bdbefff960:   0000000800041de8 000000bdbefffb20
0x000000bdbefff970:   0000000702a392d8 00007ffa2b5672df
0x000000bdbefff980:   0000000000000048 00007ffa2b5672df
0x000000bdbefff990:   000002b53f5b8c10 000000bdbefffb20
0x000000bdbefff9a0:   0000000702a3957c 00007ffa2b56550d
0x000000bdbefff9b0:   000000bdbefffb20 00007ffa2b565b2d
0x000000bdbefff9c0:   0000000702a39300 0000000800181f88
0x000000bdbefff9d0:   000000bdbefffae0 0000000000000001
0x000000bdbefff9e0:   0000000800057620 00007ffa2b565151
0x000000bdbefff9f0:   0000000000000055 0000000702a392d8
0x000000bdbefffa00:   000000bdbefffb20 0000000702a38ec0
0x000000bdbefffa10:   000002b53f5b8c10 00007ffa2b57acee
0x000000bdbefffa20:   0000000702a392d8 000002b53f5a1270
0x000000bdbefffa30:   000000bdbefffae0 000002b53f5a1270
0x000000bdbefffa40:   0000000702a392d8 00007ffa2b577451
0x000000bdbefffa50:   000000000014725b 000002b5594033d0 

Instructions: (pc=0x00007ffa2b567592)
0x00007ffa2b567492:   48 3b c8 75 ee 32 db 48 8b 6c 24 38 0f b6 c3 48
0x00007ffa2b5674a2:   8b 5c 24 30 48 8b 74 24 40 48 83 c4 20 5f c3 80
0x00007ffa2b5674b2:   3d d7 40 89 00 00 b3 01 74 15 8b 57 08 8b 0d 33
0x00007ffa2b5674c2:   7e 82 00 48 d3 e2 48 03 15 21 7e 82 00 eb 04 48
0x00007ffa2b5674d2:   8b 57 08 48 8b cf e8 b3 54 d3 ff 4c 63 d8 48 8b
0x00007ffa2b5674e2:   86 08 03 00 00 4c 8b 04 e8 49 8b 40 18 8b 88 c0
0x00007ffa2b5674f2:   01 00 00 48 8b 90 b8 01 00 00 48 d3 e2 8b 0d cb
0x00007ffa2b567502:   49 89 00 48 2b fa 41 8b 50 60 48 d3 ef 44 8b d7
0x00007ffa2b567512:   49 23 d2 48 c1 e2 04 49 03 50 40 8b 02 3b c7 74
0x00007ffa2b567522:   2d 4c 8b 4a 08 4d 85 c9 74 0c 8b c8 49 8b 40 38
0x00007ffa2b567532:   f0 4c 0f c1 0c c8 48 c7 42 08 00 00 00 00 44 89
0x00007ffa2b567542:   12 49 ff 40 58 4c 01 5a 08 e9 49 ff ff ff 49 ff
0x00007ffa2b567552:   40 50 4c 01 5a 08 e9 3c ff ff ff cc cc cc 48 89
0x00007ffa2b567562:   6c 24 10 48 89 74 24 18 57 48 83 ec 20 48 8b 41
0x00007ffa2b567572:   08 48 8b f1 4d 8b c8 8b ea 49 8b f8 8b 88 c0 01
0x00007ffa2b567582:   00 00 48 8b 80 b0 01 00 00 49 d3 e9 4e 8b 0c c8
0x00007ffa2b567592:   4d 3b 81 c0 00 00 00 72 12 32 c0 48 8b 6c 24 38
0x00007ffa2b5675a2:   48 8b 74 24 40 48 83 c4 20 5f c3 48 89 5c 24 30
0x00007ffa2b5675b2:   48 8b d7 48 8b 9e 98 00 00 00 48 8b cb 48 8b 03
0x00007ffa2b5675c2:   ff 10 8b 4b 18 48 8b d7 48 2b 53 08 48 8b 43 20
0x00007ffa2b5675d2:   48 c1 ea 03 48 d3 ea 48 8b ca 48 c1 e9 06 4c 8d
0x00007ffa2b5675e2:   04 c8 0f b6 ca 49 8b 00 80 e1 3f ba 01 00 00 00
0x00007ffa2b5675f2:   48 d3 e2 48 8b c8 48 0b ca 48 3b c8 74 12 f0 49
0x00007ffa2b567602:   0f b1 08 74 25 48 8b c8 48 0b ca 48 3b c8 75 ee
0x00007ffa2b567612:   32 db 48 8b 6c 24 38 0f b6 c3 48 8b 5c 24 30 48
0x00007ffa2b567622:   8b 74 24 40 48 83 c4 20 5f c3 80 3d 5c 3f 89 00
0x00007ffa2b567632:   00 b3 01 74 15 8b 57 08 8b 0d b8 7c 82 00 48 d3
0x00007ffa2b567642:   e2 48 03 15 a6 7c 82 00 eb 04 48 8b 57 08 48 8b
0x00007ffa2b567652:   cf e8 38 53 d3 ff 4c 63 d8 48 8b 86 08 03 00 00
0x00007ffa2b567662:   4c 8b 04 e8 49 8b 40 18 8b 88 c0 01 00 00 48 8b
0x00007ffa2b567672:   90 b8 01 00 00 48 d3 e2 8b 0d 50 48 89 00 48 2b
0x00007ffa2b567682:   fa 41 8b 50 60 48 d3 ef 44 8b d7 49 23 d2 48 c1 


Stack slot to memory mapping:
stack at sp + 0 slots: 0x0000000800041de8 is pointing into metadata
stack at sp + 1 slots: 0x000000bdbefffb20 points into unknown readable memory: 0x00007ffa2bbe3838 | 38 38 be 2b fa 7f 00 00
stack at sp + 2 slots: 0x0000000702a392d8 is an oop: [Ljava.lang.Object; 
{0x0000000702a392d8} - klass: 'java/lang/Object'[]
 - length: 165
stack at sp + 3 slots: 0x00007ffa2b5672df jvm.dll
stack at sp + 4 slots: 0x0000000000000048 is an unknown value
stack at sp + 5 slots: 0x00007ffa2b5672df jvm.dll
stack at sp + 6 slots: 0x000002b53f5b8c10 points into unknown readable memory: 0x00007ffa2bbe3818 | 18 38 be 2b fa 7f 00 00
stack at sp + 7 slots: 0x000000bdbefffb20 points into unknown readable memory: 0x00007ffa2bbe3838 | 38 38 be 2b fa 7f 00 00


---------------  P R O C E S S  ---------------

Threads class SMR info:
_java_thread_list=0x000002b559876bf0, length=23, elements={
0x000002b53f534430, 0x000002b558040950, 0x000002b5580417c0, 0x000002b55809f2a0,
0x000002b55809fe20, 0x000002b5580a17e0, 0x000002b5580a66a0, 0x000002b5580af110,
0x000002b5580b2b40, 0x000002b558135310, 0x000002b558269c70, 0x000002b5587fce10,
0x000002b5588e0050, 0x000002b558968900, 0x000002b558a1e4b0, 0x000002b55896fb20,
0x000002b5591e88f0, 0x000002b5592337e0, 0x000002b559215720, 0x000002b559235510,
0x000002b559235040, 0x000002b5595d9430, 0x000002b559560770
}

Java Threads: ( => current thread )
  0x000002b53f534430 JavaThread "main" [_thread_blocked, id=4724, stack(0x000000bdbc900000,0x000000bdbca00000)]
  0x000002b558040950 JavaThread "Reference Handler" daemon [_thread_blocked, id=3100, stack(0x000000bdbd000000,0x000000bdbd100000)]
  0x000002b5580417c0 JavaThread "Finalizer" daemon [_thread_blocked, id=19988, stack(0x000000bdbd100000,0x000000bdbd200000)]
  0x000002b55809f2a0 JavaThread "Signal Dispatcher" daemon [_thread_blocked, id=11076, stack(0x000000bdbd200000,0x000000bdbd300000)]
  0x000002b55809fe20 JavaThread "Attach Listener" daemon [_thread_blocked, id=18964, stack(0x000000bdbd300000,0x000000bdbd400000)]
  0x000002b5580a17e0 JavaThread "Service Thread" daemon [_thread_blocked, id=12872, stack(0x000000bdbd400000,0x000000bdbd500000)]
  0x000002b5580a66a0 JavaThread "Monitor Deflation Thread" daemon [_thread_blocked, id=2472, stack(0x000000bdbd500000,0x000000bdbd600000)]
  0x000002b5580af110 JavaThread "C1 CompilerThread0" daemon [_thread_blocked, id=10512, stack(0x000000bdbd600000,0x000000bdbd700000)]
  0x000002b5580b2b40 JavaThread "Sweeper thread" daemon [_thread_blocked, id=14952, stack(0x000000bdbd700000,0x000000bdbd800000)]
  0x000002b558135310 JavaThread "Common-Cleaner" daemon [_thread_blocked, id=4912, stack(0x000000bdbd800000,0x000000bdbd900000)]
  0x000002b558269c70 JavaThread "Notification Thread" daemon [_thread_blocked, id=3064, stack(0x000000bdbda00000,0x000000bdbdb00000)]
  0x000002b5587fce10 JavaThread "C1 CompilerThread1" daemon [_thread_blocked, id=10724, stack(0x000000bdbd900000,0x000000bdbda00000)]
  0x000002b5588e0050 JavaThread "RMI TCP Accept-0" daemon [_thread_in_native, id=18624, stack(0x000000bdbdb00000,0x000000bdbdc00000)]
  0x000002b558968900 JavaThread "RMI TCP Accept-50268" daemon [_thread_in_native, id=2064, stack(0x000000bdbdc00000,0x000000bdbdd00000)]
  0x000002b558a1e4b0 JavaThread "RMI TCP Accept-0" daemon [_thread_in_native, id=19792, stack(0x000000bdbdd00000,0x000000bdbde00000)]
  0x000002b55896fb20 JavaThread "RMI TCP Connection(1)-127.0.0.1" daemon [_thread_in_native, id=3048, stack(0x000000bdbe700000,0x000000bdbe800000)]
  0x000002b5591e88f0 JavaThread "RMI Scheduler(0)" daemon [_thread_blocked, id=7632, stack(0x000000bdbe800000,0x000000bdbe900000)]
  0x000002b5592337e0 JavaThread "RMI TCP Connection(2)-127.0.0.1" daemon [_thread_blocked, id=18260, stack(0x000000bdbe900000,0x000000bdbea00000)]
  0x000002b559215720 JavaThread "JMX server connection timeout 22" daemon [_thread_blocked, id=4896, stack(0x000000bdbea00000,0x000000bdbeb00000)]
  0x000002b559235510 JavaThread "Thread-0" [_thread_blocked, id=16540, stack(0x000000bdbeb00000,0x000000bdbec00000)]
  0x000002b559235040 JavaThread "restartedMain" [_thread_blocked, id=8616, stack(0x000000bdbec00000,0x000000bdbed00000)]
  0x000002b5595d9430 JavaThread "C1 CompilerThread2" daemon [_thread_blocked, id=13284, stack(0x000000bdbf000000,0x000000bdbf100000)]
  0x000002b559560770 JavaThread "C1 CompilerThread3" daemon [_thread_blocked, id=18708, stack(0x000000bdbf100000,0x000000bdbf200000)]

Other Threads:
  0x000002b55803be20 VMThread "VM Thread" [stack: 0x000000bdbcf00000,0x000000bdbd000000] [id=14088]
  0x000002b558980360 WatcherThread [stack: 0x000000bdbde00000,0x000000bdbdf00000] [id=4876]
  0x000002b53f5a0c60 GCTaskThread "GC Thread#0" [stack: 0x000000bdbca00000,0x000000bdbcb00000] [id=14644]
  0x000002b5591aae60 GCTaskThread "GC Thread#1" [stack: 0x000000bdbdf00000,0x000000bdbe000000] [id=8872]
  0x000002b5591ab110 GCTaskThread "GC Thread#2" [stack: 0x000000bdbe000000,0x000000bdbe100000] [id=2916]
  0x000002b5591ab7d0 GCTaskThread "GC Thread#3" [stack: 0x000000bdbe100000,0x000000bdbe200000] [id=5480]
  0x000002b5591a9420 GCTaskThread "GC Thread#4" [stack: 0x000000bdbe200000,0x000000bdbe300000] [id=5924]
  0x000002b5591bd820 GCTaskThread "GC Thread#5" [stack: 0x000000bdbe300000,0x000000bdbe400000] [id=20228]
  0x000002b5591d9220 GCTaskThread "GC Thread#6" [stack: 0x000000bdbe400000,0x000000bdbe500000] [id=1524]
  0x000002b55934b440 GCTaskThread "GC Thread#7" [stack: 0x000000bdbed00000,0x000000bdbee00000] [id=12812]
  0x000002b53f5b19a0 ConcurrentGCThread "G1 Main Marker" [stack: 0x000000bdbcb00000,0x000000bdbcc00000] [id=11660]
  0x000002b53f5b23b0 ConcurrentGCThread "G1 Conc#0" [stack: 0x000000bdbcc00000,0x000000bdbcd00000] [id=3508]
=>0x000002b559444890 ConcurrentGCThread "G1 Conc#1" [stack: 0x000000bdbef00000,0x000000bdbf000000] [id=3604]
  0x000002b553d0e5e0 ConcurrentGCThread "G1 Refine#0" [stack: 0x000000bdbcd00000,0x000000bdbce00000] [id=5620]
  0x000002b5591e18f0 ConcurrentGCThread "G1 Refine#1" [stack: 0x000000bdbe500000,0x000000bdbe600000] [id=1204]
  0x000002b5591e25f0 ConcurrentGCThread "G1 Refine#2" [stack: 0x000000bdbe600000,0x000000bdbe700000] [id=15400]
  0x000002b553d0f000 ConcurrentGCThread "G1 Service" [stack: 0x000000bdbce00000,0x000000bdbcf00000] [id=15800]

Threads with active compile tasks:

VM state: not at safepoint (normal execution)

VM Mutex/Monitor currently owned by a thread:  ([mutex/lock_event])
[0x000002b53f530010] Heap_lock - owner thread: 0x000002b559235040

Heap address: 0x0000000702000000, size: 4064 MB, Compressed Oops mode: Zero based, Oop shift amount: 3

CDS archive(s) not mapped
Compressed class space mapped at: 0x0000000800000000-0x0000000840000000, reserved size: 1073741824
Narrow klass base: 0x0000000800000000, Narrow klass shift: 0, Narrow klass range: 0x40000000

GC Precious Log:
 CPUs: 8 total, 8 available
 Memory: 16254M
 Large Page Support: Disabled
 NUMA Support: Disabled
 Compressed Oops: Enabled (Zero based)
 Heap Region Size: 2M
 Heap Min Capacity: 8M
 Heap Initial Capacity: 254M
 Heap Max Capacity: 4064M
 Pre-touch: Disabled
 Parallel Workers: 8
 Concurrent Workers: 2
 Concurrent Refinement Workers: 8
 Periodic GC: Disabled

Heap:
 garbage-first heap   total 155648K, used 18111K [0x0000000702000000, 0x0000000800000000)
  region size 2048K, 5 young (10240K), 4 survivors (8192K)
 Metaspace       used 36049K, committed 36416K, reserved 1114112K
  class space    used 4554K, committed 4736K, reserved 1048576K

Heap Regions: E=young(eden), S=young(survivor), O=old, HS=humongous(starts), HC=humongous(continues), CS=collection set, F=free, OA=open archive, CA=closed archive, TAMS=top-at-mark-start (previous, next)
|   0|0x0000000702000000, 0x0000000702000000, 0x0000000702200000|  0%| F|  |TAMS 0x0000000702000000, 0x0000000702000000| Untracked 
|   1|0x0000000702200000, 0x0000000702400000, 0x0000000702400000|100%| O|  |TAMS 0x0000000702400000, 0x0000000702400000| Untracked 
|   2|0x0000000702400000, 0x0000000702600000, 0x0000000702600000|100%| O|  |TAMS 0x0000000702600000, 0x0000000702600000| Untracked 
|   3|0x0000000702600000, 0x0000000702800000, 0x0000000702800000|100%| O|  |TAMS 0x0000000702800000, 0x0000000702800000| Untracked 
|   4|0x0000000702800000, 0x0000000702a00000, 0x0000000702a00000|100%| O|  |TAMS 0x0000000702800000, 0x0000000702a00000| Untracked 
|   5|0x0000000702a00000, 0x0000000702c00000, 0x0000000702c00000|100%| O|  |TAMS 0x0000000702a00000, 0x0000000702c00000| Untracked 
|   6|0x0000000702c00000, 0x0000000702cf7000, 0x0000000702e00000| 48%| O|  |TAMS 0x0000000702c00000, 0x0000000702cf7000| Untracked 
|   7|0x0000000702e00000, 0x0000000702e00000, 0x0000000703000000|  0%| F|  |TAMS 0x0000000702e00000, 0x0000000702e00000| Untracked 
|   8|0x0000000703000000, 0x0000000703000000, 0x0000000703200000|  0%| F|  |TAMS 0x0000000703000000, 0x0000000703000000| Untracked 
|   9|0x0000000703200000, 0x0000000703200000, 0x0000000703400000|  0%| F|  |TAMS 0x0000000703200000, 0x0000000703200000| Untracked 
|  10|0x0000000703400000, 0x0000000703400000, 0x0000000703600000|  0%| F|  |TAMS 0x0000000703400000, 0x0000000703400000| Untracked 
|  11|0x0000000703600000, 0x0000000703600000, 0x0000000703800000|  0%| F|  |TAMS 0x0000000703600000, 0x0000000703600000| Untracked 
|  12|0x0000000703800000, 0x0000000703800000, 0x0000000703a00000|  0%| F|  |TAMS 0x0000000703800000, 0x0000000703800000| Untracked 
|  13|0x0000000703a00000, 0x0000000703a00000, 0x0000000703c00000|  0%| F|  |TAMS 0x0000000703a00000, 0x0000000703a00000| Untracked 
|  14|0x0000000703c00000, 0x0000000703c00000, 0x0000000703e00000|  0%| F|  |TAMS 0x0000000703c00000, 0x0000000703c00000| Untracked 
|  15|0x0000000703e00000, 0x0000000703e00000, 0x0000000704000000|  0%| F|  |TAMS 0x0000000703e00000, 0x0000000703e00000| Untracked 
|  16|0x0000000704000000, 0x0000000704000000, 0x0000000704200000|  0%| F|  |TAMS 0x0000000704000000, 0x0000000704000000| Untracked 
|  17|0x0000000704200000, 0x0000000704200000, 0x0000000704400000|  0%| F|  |TAMS 0x0000000704200000, 0x0000000704200000| Untracked 
|  18|0x0000000704400000, 0x0000000704400000, 0x0000000704600000|  0%| F|  |TAMS 0x0000000704400000, 0x0000000704400000| Untracked 
|  19|0x0000000704600000, 0x0000000704600000, 0x0000000704800000|  0%| F|  |TAMS 0x0000000704600000, 0x0000000704600000| Untracked 
|  20|0x0000000704800000, 0x0000000704800000, 0x0000000704a00000|  0%| F|  |TAMS 0x0000000704800000, 0x0000000704800000| Untracked 
|  21|0x0000000704a00000, 0x0000000704a00000, 0x0000000704c00000|  0%| F|  |TAMS 0x0000000704a00000, 0x0000000704a00000| Untracked 
|  22|0x0000000704c00000, 0x0000000704c00000, 0x0000000704e00000|  0%| F|  |TAMS 0x0000000704c00000, 0x0000000704c00000| Untracked 
|  23|0x0000000704e00000, 0x0000000704e00000, 0x0000000705000000|  0%| F|  |TAMS 0x0000000704e00000, 0x0000000704e00000| Untracked 
|  24|0x0000000705000000, 0x0000000705000000, 0x0000000705200000|  0%| F|  |TAMS 0x0000000705000000, 0x0000000705000000| Untracked 
|  25|0x0000000705200000, 0x0000000705200000, 0x0000000705400000|  0%| F|  |TAMS 0x0000000705200000, 0x0000000705200000| Untracked 
|  26|0x0000000705400000, 0x0000000705400000, 0x0000000705600000|  0%| F|  |TAMS 0x0000000705400000, 0x0000000705400000| Untracked 
|  27|0x0000000705600000, 0x0000000705600000, 0x0000000705800000|  0%| F|  |TAMS 0x0000000705600000, 0x0000000705600000| Untracked 
|  28|0x0000000705800000, 0x0000000705800000, 0x0000000705a00000|  0%| F|  |TAMS 0x0000000705800000, 0x0000000705800000| Untracked 
|  29|0x0000000705a00000, 0x0000000705a00000, 0x0000000705c00000|  0%| F|  |TAMS 0x0000000705a00000, 0x0000000705a00000| Untracked 
|  30|0x0000000705c00000, 0x0000000705c00000, 0x0000000705e00000|  0%| F|  |TAMS 0x0000000705c00000, 0x0000000705c00000| Untracked 
|  31|0x0000000705e00000, 0x0000000705e00000, 0x0000000706000000|  0%| F|  |TAMS 0x0000000705e00000, 0x0000000705e00000| Untracked 
|  32|0x0000000706000000, 0x0000000706000000, 0x0000000706200000|  0%| F|  |TAMS 0x0000000706000000, 0x0000000706000000| Untracked 
|  33|0x0000000706200000, 0x0000000706200000, 0x0000000706400000|  0%| F|  |TAMS 0x0000000706200000, 0x0000000706200000| Untracked 
|  34|0x0000000706400000, 0x0000000706400000, 0x0000000706600000|  0%| F|  |TAMS 0x0000000706400000, 0x0000000706400000| Untracked 
|  35|0x0000000706600000, 0x0000000706600000, 0x0000000706800000|  0%| F|  |TAMS 0x0000000706600000, 0x0000000706600000| Untracked 
|  36|0x0000000706800000, 0x0000000706800000, 0x0000000706a00000|  0%| F|  |TAMS 0x0000000706800000, 0x0000000706800000| Untracked 
|  37|0x0000000706a00000, 0x0000000706a00000, 0x0000000706c00000|  0%| F|  |TAMS 0x0000000706a00000, 0x0000000706a00000| Untracked 
|  38|0x0000000706c00000, 0x0000000706c00000, 0x0000000706e00000|  0%| F|  |TAMS 0x0000000706c00000, 0x0000000706c00000| Untracked 
|  39|0x0000000706e00000, 0x0000000706e00000, 0x0000000707000000|  0%| F|  |TAMS 0x0000000706e00000, 0x0000000706e00000| Untracked 
|  40|0x0000000707000000, 0x0000000707000000, 0x0000000707200000|  0%| F|  |TAMS 0x0000000707000000, 0x0000000707000000| Untracked 
|  41|0x0000000707200000, 0x0000000707200000, 0x0000000707400000|  0%| F|  |TAMS 0x0000000707200000, 0x0000000707200000| Untracked 
|  42|0x0000000707400000, 0x0000000707400000, 0x0000000707600000|  0%| F|  |TAMS 0x0000000707400000, 0x0000000707400000| Untracked 
|  43|0x0000000707600000, 0x00000007076b8e28, 0x0000000707800000| 36%| S|CS|TAMS 0x0000000707600000, 0x0000000707600000| Complete 
|  44|0x0000000707800000, 0x0000000707a00000, 0x0000000707a00000|100%| S|CS|TAMS 0x0000000707800000, 0x0000000707800000| Complete 
|  45|0x0000000707a00000, 0x0000000707c00000, 0x0000000707c00000|100%| S|CS|TAMS 0x0000000707a00000, 0x0000000707a00000| Complete 
|  46|0x0000000707c00000, 0x0000000707e00000, 0x0000000707e00000|100%| S|CS|TAMS 0x0000000707c00000, 0x0000000707c00000| Complete 
|  47|0x0000000707e00000, 0x0000000707e00000, 0x0000000708000000|  0%| F|  |TAMS 0x0000000707e00000, 0x0000000707e00000| Untracked 
|  48|0x0000000708000000, 0x0000000708000000, 0x0000000708200000|  0%| F|  |TAMS 0x0000000708000000, 0x0000000708000000| Untracked 
|  49|0x0000000708200000, 0x0000000708200000, 0x0000000708400000|  0%| F|  |TAMS 0x0000000708200000, 0x0000000708200000| Untracked 
|  50|0x0000000708400000, 0x0000000708400000, 0x0000000708600000|  0%| F|  |TAMS 0x0000000708400000, 0x0000000708400000| Untracked 
|  51|0x0000000708600000, 0x0000000708600000, 0x0000000708800000|  0%| F|  |TAMS 0x0000000708600000, 0x0000000708600000| Untracked 
|  52|0x0000000708800000, 0x0000000708800000, 0x0000000708a00000|  0%| F|  |TAMS 0x0000000708800000, 0x0000000708800000| Untracked 
|  53|0x0000000708a00000, 0x0000000708a00000, 0x0000000708c00000|  0%| F|  |TAMS 0x0000000708a00000, 0x0000000708a00000| Untracked 
|  54|0x0000000708c00000, 0x0000000708c00000, 0x0000000708e00000|  0%| F|  |TAMS 0x0000000708c00000, 0x0000000708c00000| Untracked 
|  55|0x0000000708e00000, 0x0000000708e00000, 0x0000000709000000|  0%| F|  |TAMS 0x0000000708e00000, 0x0000000708e00000| Untracked 
|  56|0x0000000709000000, 0x0000000709000000, 0x0000000709200000|  0%| F|  |TAMS 0x0000000709000000, 0x0000000709000000| Untracked 
|  57|0x0000000709200000, 0x0000000709200000, 0x0000000709400000|  0%| F|  |TAMS 0x0000000709200000, 0x0000000709200000| Untracked 
|  58|0x0000000709400000, 0x0000000709400000, 0x0000000709600000|  0%| F|  |TAMS 0x0000000709400000, 0x0000000709400000| Untracked 
|  59|0x0000000709600000, 0x0000000709600000, 0x0000000709800000|  0%| F|  |TAMS 0x0000000709600000, 0x0000000709600000| Untracked 
|  60|0x0000000709800000, 0x0000000709800000, 0x0000000709a00000|  0%| F|  |TAMS 0x0000000709800000, 0x0000000709800000| Untracked 
|  61|0x0000000709a00000, 0x0000000709a00000, 0x0000000709c00000|  0%| F|  |TAMS 0x0000000709a00000, 0x0000000709a00000| Untracked 
|  62|0x0000000709c00000, 0x0000000709c00000, 0x0000000709e00000|  0%| F|  |TAMS 0x0000000709c00000, 0x0000000709c00000| Untracked 
|  63|0x0000000709e00000, 0x0000000709e00000, 0x000000070a000000|  0%| F|  |TAMS 0x0000000709e00000, 0x0000000709e00000| Untracked 
|  64|0x000000070a000000, 0x000000070a000000, 0x000000070a200000|  0%| F|  |TAMS 0x000000070a000000, 0x000000070a000000| Untracked 
|  65|0x000000070a200000, 0x000000070a200000, 0x000000070a400000|  0%| F|  |TAMS 0x000000070a200000, 0x000000070a200000| Untracked 
|  66|0x000000070a400000, 0x000000070a400000, 0x000000070a600000|  0%| F|  |TAMS 0x000000070a400000, 0x000000070a400000| Untracked 
|  67|0x000000070a600000, 0x000000070a600000, 0x000000070a800000|  0%| F|  |TAMS 0x000000070a600000, 0x000000070a600000| Untracked 
|  68|0x000000070a800000, 0x000000070a800000, 0x000000070aa00000|  0%| F|  |TAMS 0x000000070a800000, 0x000000070a800000| Untracked 
|  69|0x000000070aa00000, 0x000000070aa00000, 0x000000070ac00000|  0%| F|  |TAMS 0x000000070aa00000, 0x000000070aa00000| Untracked 
|  70|0x000000070ac00000, 0x000000070ac00000, 0x000000070ae00000|  0%| F|  |TAMS 0x000000070ac00000, 0x000000070ac00000| Untracked 
|  71|0x000000070ae00000, 0x000000070ae00000, 0x000000070b000000|  0%| F|  |TAMS 0x000000070ae00000, 0x000000070ae00000| Untracked 
|  72|0x000000070b000000, 0x000000070b000000, 0x000000070b200000|  0%| F|  |TAMS 0x000000070b000000, 0x000000070b000000| Untracked 
| 115|0x0000000710600000, 0x0000000710600000, 0x0000000710800000|  0%| F|  |TAMS 0x0000000710600000, 0x0000000710600000| Untracked 
| 116|0x0000000710800000, 0x0000000710800000, 0x0000000710a00000|  0%| F|  |TAMS 0x0000000710800000, 0x0000000710800000| Untracked 
| 126|0x0000000711c00000, 0x0000000711e00000, 0x0000000711e00000|100%| E|  |TAMS 0x0000000711c00000, 0x0000000711c00000| Complete 

Card table byte_map: [0x000002b548470000,0x000002b548c60000] _byte_map_base: 0x000002b544c60000

Marking Bits (Prev, Next): (CMBitMap*) 0x000002b53f5a12b0, (CMBitMap*) 0x000002b53f5a1270
 Prev Bits: [0x000002b54d3d0000, 0x000002b551350000)
 Next Bits: [0x000002b549450000, 0x000002b54d3d0000)

Polling page: 0x000002b53f5e0000

Metaspace:

Usage:
  Non-class:     30.76 MB used.
      Class:      4.45 MB used.
       Both:     35.20 MB used.

Virtual space:
  Non-class space:       64.00 MB reserved,      30.94 MB ( 48%) committed,  1 nodes.
      Class space:        1.00 GB reserved,       4.62 MB ( <1%) committed,  1 nodes.
             Both:        1.06 GB reserved,      35.56 MB (  3%) committed. 

Chunk freelists:
   Non-Class:  704.00 KB
       Class:  11.23 MB
        Both:  11.92 MB

MaxMetaspaceSize: unlimited
CompressedClassSpaceSize: 1.00 GB
Initial GC threshold: 21.00 MB
Current GC threshold: 35.56 MB
CDS: off
MetaspaceReclaimPolicy: balanced
 - commit_granule_bytes: 65536.
 - commit_granule_words: 8192.
 - virtual_space_node_default_size: 8388608.
 - enlarge_chunks_in_place: 1.
 - new_chunks_are_fully_committed: 0.
 - uncommit_free_chunks: 1.
 - use_allocation_guard: 0.
 - handle_deallocations: 1.


Internal statistics:

num_allocs_failed_limit: 10.
num_arena_births: 420.
num_arena_deaths: 0.
num_vsnodes_births: 2.
num_vsnodes_deaths: 0.
num_space_committed: 569.
num_space_uncommitted: 0.
num_chunks_returned_to_freelist: 10.
num_chunks_taken_from_freelist: 1329.
num_chunk_merges: 7.
num_chunk_splits: 944.
num_chunks_enlarged: 721.
num_inconsistent_stats: 0.

CodeCache: size=49152Kb used=8683Kb max_used=8683Kb free=40468Kb
 bounds [0x000002b5443a0000, 0x000002b544c20000, 0x000002b5473a0000]
 total_blobs=4204 nmethods=3689 adapters=438
 compilation: enabled
              stopped_count=0, restarted_count=0
 full_count=0

Compilation events (20 events):
Event: 19.775 Thread 0x000002b5580af110 3653       1       java.lang.invoke.MemberName::equals (24 bytes)
Event: 19.775 Thread 0x000002b5580af110 nmethod 3653 0x000002b544c0f810 code [0x000002b544c0f9a0, 0x000002b544c0fb28]
Event: 19.792 Thread 0x000002b5580af110 3660       1       java.lang.invoke.InvokerBytecodeGenerator::assertStaticType (58 bytes)
Event: 19.793 Thread 0x000002b5580af110 nmethod 3660 0x000002b544c10e10 code [0x000002b544c10fe0, 0x000002b544c112d8]
Event: 19.794 Thread 0x000002b559560770 3661       1       java.lang.invoke.LambdaForm::methodType (48 bytes)
Event: 19.795 Thread 0x000002b5595d9430 3662       1       java.lang.invoke.ClassSpecializer$SpeciesData::getterFunctions (5 bytes)
Event: 19.795 Thread 0x000002b5595d9430 nmethod 3662 0x000002b544c11490 code [0x000002b544c11620, 0x000002b544c116f8]
Event: 19.795 Thread 0x000002b559560770 nmethod 3661 0x000002b544c11790 code [0x000002b544c11960, 0x000002b544c11cd8]
Event: 19.812 Thread 0x000002b559560770 3667       1       java.lang.invoke.MethodTypeForm::<init> (322 bytes)
Event: 19.814 Thread 0x000002b5595d9430 3668       1       java.lang.invoke.LambdaForm::<init> (115 bytes)
Event: 19.814 Thread 0x000002b5587fce10 3669       1       java.lang.invoke.LambdaForm::fixResult (31 bytes)
Event: 19.814 Thread 0x000002b5580af110 3671   !   1       java.lang.invoke.LambdaForm::compileToBytecode (164 bytes)
Event: 19.815 Thread 0x000002b5587fce10 nmethod 3669 0x000002b544c12e10 code [0x000002b544c12fa0, 0x000002b544c130b8]
Event: 19.815 Thread 0x000002b5587fce10 3672       1       java.lang.invoke.InvokerBytecodeGenerator::generateCustomizedCode (34 bytes)
Event: 19.815 Thread 0x000002b5595d9430 nmethod 3668 0x000002b544c13190 code [0x000002b544c13360, 0x000002b544c136a8]
Event: 19.815 Thread 0x000002b559560770 nmethod 3667 0x000002b544c13890 code [0x000002b544c13aa0, 0x000002b544c14548]
Event: 19.815 Thread 0x000002b5595d9430 3673       1       java.lang.invoke.InvokerBytecodeGenerator::lookupPregenerated (294 bytes)
Event: 19.816 Thread 0x000002b5587fce10 nmethod 3672 0x000002b544c14b90 code [0x000002b544c14da0, 0x000002b544c151b8]
Event: 19.816 Thread 0x000002b5580af110 nmethod 3671 0x000002b544c15710 code [0x000002b544c15980, 0x000002b544c161e8]
Event: 19.818 Thread 0x000002b5595d9430 nmethod 3673 0x000002b544c16a90 code [0x000002b544c16d60, 0x000002b544c17788]

GC Heap History (16 events):
Event: 16.657 GC heap before
{Heap before GC invocations=0 (full 0):
 garbage-first heap   total 260096K, used 20480K [0x0000000702000000, 0x0000000800000000)
  region size 2048K, 11 young (22528K), 0 survivors (0K)
 Metaspace       used 14632K, committed 14784K, reserved 1114112K
  class space    used 1524K, committed 1600K, reserved 1048576K
}
Event: 16.667 GC heap after
{Heap after GC invocations=1 (full 0):
 garbage-first heap   total 260096K, used 8548K [0x0000000702000000, 0x0000000800000000)
  region size 2048K, 2 young (4096K), 2 survivors (4096K)
 Metaspace       used 14632K, committed 14784K, reserved 1114112K
  class space    used 1524K, committed 1600K, reserved 1048576K
}
Event: 17.271 GC heap before
{Heap before GC invocations=1 (full 0):
 garbage-first heap   total 260096K, used 26980K [0x0000000702000000, 0x0000000800000000)
  region size 2048K, 11 young (22528K), 2 survivors (4096K)
 Metaspace       used 18049K, committed 18304K, reserved 1114112K
  class space    used 2012K, committed 2112K, reserved 1048576K
}
Event: 17.275 GC heap after
{Heap after GC invocations=2 (full 0):
 garbage-first heap   total 260096K, used 9457K [0x0000000702000000, 0x0000000800000000)
  region size 2048K, 1 young (2048K), 1 survivors (2048K)
 Metaspace       used 18049K, committed 18304K, reserved 1114112K
  class space    used 2012K, committed 2112K, reserved 1048576K
}
Event: 17.660 GC heap before
{Heap before GC invocations=2 (full 0):
 garbage-first heap   total 260096K, used 25841K [0x0000000702000000, 0x0000000800000000)
  region size 2048K, 10 young (20480K), 1 survivors (2048K)
 Metaspace       used 21187K, committed 21504K, reserved 1114112K
  class space    used 2494K, committed 2624K, reserved 1048576K
}
Event: 17.664 GC heap after
{Heap after GC invocations=3 (full 0):
 garbage-first heap   total 260096K, used 10358K [0x0000000702000000, 0x0000000800000000)
  region size 2048K, 2 young (4096K), 2 survivors (4096K)
 Metaspace       used 21187K, committed 21504K, reserved 1114112K
  class space    used 2494K, committed 2624K, reserved 1048576K
}
Event: 18.116 GC heap before
{Heap before GC invocations=4 (full 0):
 garbage-first heap   total 49152K, used 32886K [0x0000000702000000, 0x0000000800000000)
  region size 2048K, 14 young (28672K), 2 survivors (4096K)
 Metaspace       used 25039K, committed 25280K, reserved 1114112K
  class space    used 3091K, committed 3200K, reserved 1048576K
}
Event: 18.122 GC heap after
{Heap after GC invocations=5 (full 0):
 garbage-first heap   total 49152K, used 11661K [0x0000000702000000, 0x0000000800000000)
  region size 2048K, 2 young (4096K), 2 survivors (4096K)
 Metaspace       used 25039K, committed 25280K, reserved 1114112K
  class space    used 3091K, committed 3200K, reserved 1048576K
}
Event: 18.150 GC heap before
{Heap before GC invocations=5 (full 0):
 garbage-first heap   total 49152K, used 13709K [0x0000000702000000, 0x0000000800000000)
  region size 2048K, 3 young (6144K), 2 survivors (4096K)
 Metaspace       used 25380K, committed 25664K, reserved 1114112K
  class space    used 3121K, committed 3264K, reserved 1048576K
}
Event: 18.157 GC heap after
{Heap after GC invocations=6 (full 0):
 garbage-first heap   total 49152K, used 11888K [0x0000000702000000, 0x0000000800000000)
  region size 2048K, 1 young (2048K), 1 survivors (2048K)
 Metaspace       used 25380K, committed 25664K, reserved 1114112K
  class space    used 3121K, committed 3264K, reserved 1048576K
}
Event: 18.402 GC heap before
{Heap before GC invocations=6 (full 0):
 garbage-first heap   total 49152K, used 26224K [0x0000000702000000, 0x0000000800000000)
  region size 2048K, 9 young (18432K), 1 survivors (2048K)
 Metaspace       used 28443K, committed 28736K, reserved 1114112K
  class space    used 3461K, committed 3584K, reserved 1048576K
}
Event: 18.406 GC heap after
{Heap after GC invocations=7 (full 0):
 garbage-first heap   total 49152K, used 13318K [0x0000000702000000, 0x0000000800000000)
  region size 2048K, 2 young (4096K), 2 survivors (4096K)
 Metaspace       used 28443K, committed 28736K, reserved 1114112K
  class space    used 3461K, committed 3584K, reserved 1048576K
}
Event: 18.704 GC heap before
{Heap before GC invocations=7 (full 0):
 garbage-first heap   total 49152K, used 29702K [0x0000000702000000, 0x0000000800000000)
  region size 2048K, 10 young (20480K), 2 survivors (4096K)
 Metaspace       used 30502K, committed 30784K, reserved 1114112K
  class space    used 3759K, committed 3904K, reserved 1048576K
}
Event: 18.707 GC heap after
{Heap after GC invocations=8 (full 0):
 garbage-first heap   total 155648K, used 14598K [0x0000000702000000, 0x0000000800000000)
  region size 2048K, 2 young (4096K), 2 survivors (4096K)
 Metaspace       used 30502K, committed 30784K, reserved 1114112K
  class space    used 3759K, committed 3904K, reserved 1048576K
}
Event: 19.796 GC heap before
{Heap before GC invocations=8 (full 0):
 garbage-first heap   total 155648K, used 69894K [0x0000000702000000, 0x0000000800000000)
  region size 2048K, 31 young (63488K), 2 survivors (4096K)
 Metaspace       used 35804K, committed 36096K, reserved 1114112K
  class space    used 4517K, committed 4672K, reserved 1048576K
}
Event: 19.807 GC heap after
{Heap after GC invocations=9 (full 0):
 garbage-first heap   total 155648K, used 18111K [0x0000000702000000, 0x0000000800000000)
  region size 2048K, 4 young (8192K), 4 survivors (8192K)
 Metaspace       used 35804K, committed 36096K, reserved 1114112K
  class space    used 4517K, committed 4672K, reserved 1048576K
}

Dll operation events (7 events):
Event: 0.013 Loaded shared library C:\sts-4.19.0.RELEASE\plugins\org.eclipse.justj.openjdk.hotspot.jre.full.win32.x86_64_17.0.7.v20230425-1502\jre\bin\java.dll
Event: 0.365 Loaded shared library C:\sts-4.19.0.RELEASE\plugins\org.eclipse.justj.openjdk.hotspot.jre.full.win32.x86_64_17.0.7.v20230425-1502\jre\bin\jimage.dll
Event: 0.384 Loaded shared library C:\sts-4.19.0.RELEASE\plugins\org.eclipse.justj.openjdk.hotspot.jre.full.win32.x86_64_17.0.7.v20230425-1502\jre\bin\net.dll
Event: 0.386 Loaded shared library C:\sts-4.19.0.RELEASE\plugins\org.eclipse.justj.openjdk.hotspot.jre.full.win32.x86_64_17.0.7.v20230425-1502\jre\bin\nio.dll
Event: 0.391 Loaded shared library C:\sts-4.19.0.RELEASE\plugins\org.eclipse.justj.openjdk.hotspot.jre.full.win32.x86_64_17.0.7.v20230425-1502\jre\bin\zip.dll
Event: 15.819 Loaded shared library C:\sts-4.19.0.RELEASE\plugins\org.eclipse.justj.openjdk.hotspot.jre.full.win32.x86_64_17.0.7.v20230425-1502\jre\bin\management.dll
Event: 15.836 Loaded shared library C:\sts-4.19.0.RELEASE\plugins\org.eclipse.justj.openjdk.hotspot.jre.full.win32.x86_64_17.0.7.v20230425-1502\jre\bin\management_ext.dll

Deoptimization events (2 events):
Event: 17.745 Thread 0x000002b559235040 DEOPT PACKING pc=0x000002b54483fb79 sp=0x000000bdbecfc850
Event: 17.745 Thread 0x000002b559235040 DEOPT UNPACKING pc=0x000002b5443f7143 sp=0x000000bdbecfbd30 mode 3

Classes unloaded (0 events):
No events

Classes redefined (0 events):
No events

Internal exceptions (20 events):
Event: 18.493 Thread 0x000002b5592376c0 Exception <a 'java/lang/NoSuchMethodError'{0x00000007048a88a8}: 'long java.lang.invoke.DirectMethodHandle$Holder.invokeInterface(java.lang.Object, java.lang.Object)'> (0x00000007048a88a8) 
thrown [s\src\hotspot\share\interpreter\linkResolver.cpp, line 759]
Event: 18.493 Thread 0x000002b5592376c0 Exception <a 'java/lang/IncompatibleClassChangeError'{0x00000007048abe38}: Found class java.lang.Object, but interface was expected> (0x00000007048abe38) 
thrown [s\src\hotspot\share\interpreter\linkResolver.cpp, line 826]
Event: 18.501 Thread 0x000002b5592376c0 Exception <a 'java/lang/NoSuchMethodError'{0x00000007049a5338}: 'java.lang.Object java.lang.invoke.DirectMethodHandle$Holder.invokeVirtual(java.lang.Object, java.lang.Object, java.lang.Object, java.lang.Object)'> (0x00000007049a5338) 
thrown [s\src\hotspot\share\interpreter\linkResolver.cpp, line 759]
Event: 18.907 Thread 0x000002b5592337e0 Exception <a 'java/lang/reflect/InvocationTargetException'{0x000000070a9c3f30}> (0x000000070a9c3f30) 
thrown [s\src\hotspot\share\runtime\reflection.cpp, line 1121]
Event: 19.410 Thread 0x000002b5592337e0 Exception <a 'java/lang/reflect/InvocationTargetException'{0x000000070a9c7890}> (0x000000070a9c7890) 
thrown [s\src\hotspot\share\runtime\reflection.cpp, line 1121]
Event: 19.452 Thread 0x000002b559235040 Exception <a 'java/lang/NoSuchMethodError'{0x0000000708eb8178}: 'java.lang.Object java.lang.invoke.DirectMethodHandle$Holder.invokeSpecialIFC(java.lang.Object, java.lang.Object, java.lang.Object)'> (0x0000000708eb8178) 
thrown [s\src\hotspot\share\interpreter\linkResolver.cpp, line 759]
Event: 19.785 Thread 0x000002b559235040 Exception <a 'java/lang/NoSuchMethodError'{0x0000000707e64130}: 'java.lang.Object java.lang.invoke.DirectMethodHandle$Holder.invokeStaticInit(java.lang.Object, java.lang.Object, java.lang.Object, java.lang.Object, java.lang.Object, java.lang.Object, java.lang.Object)'> (0x0000000707e64130) 
thrown [s\src\hotspot\share\interpreter\linkResolver.cpp, line 759]
Event: 19.788 Thread 0x000002b559235040 Exception <a 'java/lang/NoSuchMethodError'{0x0000000707e6f110}: 'java.lang.Object java.lang.invoke.DirectMethodHandle$Holder.invokeStatic(java.lang.Object, java.lang.Object, int)'> (0x0000000707e6f110) 
thrown [s\src\hotspot\share\interpreter\linkResolver.cpp, line 759]
Event: 19.791 Thread 0x000002b559235040 Exception <a 'java/lang/NoSuchMethodError'{0x0000000707e814a0}: 'void java.lang.invoke.DelegatingMethodHandle$Holder.delegate(java.lang.Object, java.lang.Object, int, java.lang.Object)'> (0x0000000707e814a0) 
thrown [s\src\hotspot\share\interpreter\linkResolver.cpp, line 759]
Event: 19.792 Thread 0x000002b559235040 Exception <a 'java/lang/NoSuchMethodError'{0x0000000707e899c8}: 'java.lang.Object java.lang.invoke.DirectMethodHandle$Holder.invokeSpecial(java.lang.Object, java.lang.Object, java.lang.Object, java.lang.Object, java.lang.Object, java.lang.Object, java.lang.Object, java.lang.Object, java.lang.Object)'> (0x0000000707e899c8) 
thrown [s\src\hotspot\share\interpreter\linkResolver.cpp, line 759]
Event: 19.808 Thread 0x000002b559235040 Exception <a 'java/lang/NoSuchMethodError'{0x0000000711c010b0}: 'java.lang.Object java.lang.invoke.DirectMethodHandle$Holder.invokeSpecial(java.lang.Object, java.lang.Object, java.lang.Object, java.lang.Object, java.lang.Object, java.lang.Object, java.lang.Object, java.lang.Object, java.lang.Object, java.lang.Object, java.lang.Object, java.lang.Object, java.lang.Object, java.lang.Object)'> (0x0000000711c010b0) 
thrown [s\src\hotspot\share\interpreter\linkResolver.cpp, line 759]
Event: 19.809 Thread 0x000002b559235040 Exception <a 'java/lang/NoSuchMethodError'{0x0000000711c05d80}: 'java.lang.Object java.lang.invoke.Invokers$Holder.invoker(java.lang.Object, java.lang.Object, java.lang.Object, java.lang.Object, java.lang.Object, java.lang.Object, java.lang.Object, java.lang.Object, java.lang.Object, java.lang.Object, java.lang.Object, java.lang.Object, java.lang.Object, java.lang.Object)'> (0x0000000711c05d80) 
thrown [s\src\hotspot\share\interpreter\linkResolver.cpp, line 759]
Event: 19.810 Thread 0x000002b559235040 Exception <a 'java/lang/NoSuchMethodError'{0x0000000711c0baf0}: 'java.lang.Object java.lang.invoke.DirectMethodHandle$Holder.invokeSpecial(java.lang.Object, java.lang.Object, java.lang.Object, java.lang.Object, java.lang.Object, java.lang.Object, java.lang.Object, java.lang.Object, java.lang.Object, java.lang.Object, java.lang.Object, java.lang.Object, java.lang.Object, java.lang.Object, java.lang.Object)'> (0x0000000711c0baf0) 
thrown [s\src\hotspot\share\interpreter\linkResolver.cpp, line 759]
Event: 19.815 Thread 0x000002b559235040 Exception <a 'java/lang/NoSuchMethodError'{0x0000000711c1ec70}: 'int java.lang.invoke.DirectMethodHandle$Holder.invokeVirtual(java.lang.Object, java.lang.Object, java.lang.Object)'> (0x0000000711c1ec70) 
thrown [s\src\hotspot\share\interpreter\linkResolver.cpp, line 759]
Event: 19.816 Thread 0x000002b559235040 Exception <a 'java/lang/NoSuchMethodError'{0x0000000711c22528}: 'int java.lang.invoke.DirectMethodHandle$Holder.invokeVirtual(java.lang.Object, java.lang.Object)'> (0x0000000711c22528) 
thrown [s\src\hotspot\share\interpreter\linkResolver.cpp, line 759]
Event: 19.816 Thread 0x000002b559235040 Exception <a 'java/lang/NoSuchMethodError'{0x0000000711c26728}: 'int java.lang.invoke.DirectMethodHandle$Holder.invokeStaticInit(java.lang.Object, int, int)'> (0x0000000711c26728) 
thrown [s\src\hotspot\share\interpreter\linkResolver.cpp, line 759]
Event: 19.817 Thread 0x000002b559235040 Exception <a 'java/lang/NoSuchMethodError'{0x0000000711c2df18}: 'int java.lang.invoke.DirectMethodHandle$Holder.invokeStaticInit(java.lang.Object, long, long)'> (0x0000000711c2df18) 
thrown [s\src\hotspot\share\interpreter\linkResolver.cpp, line 759]
Event: 19.818 Thread 0x000002b559235040 Exception <a 'java/lang/NoSuchMethodError'{0x0000000711c34d68}: 'int java.lang.invoke.DirectMethodHandle$Holder.invokeStaticInit(java.lang.Object, float, float)'> (0x0000000711c34d68) 
thrown [s\src\hotspot\share\interpreter\linkResolver.cpp, line 759]
Event: 19.819 Thread 0x000002b559235040 Exception <a 'java/lang/NoSuchMethodError'{0x0000000711c3bbc0}: 'int java.lang.invoke.DirectMethodHandle$Holder.invokeStaticInit(java.lang.Object, double, double)'> (0x0000000711c3bbc0) 
thrown [s\src\hotspot\share\interpreter\linkResolver.cpp, line 759]
Event: 19.819 Thread 0x000002b559235040 Exception <a 'java/lang/NoSuchMethodError'{0x0000000711c400b0}: 'int java.lang.invoke.DirectMethodHandle$Holder.invokeStatic(java.lang.Object, long)'> (0x0000000711c400b0) 
thrown [s\src\hotspot\share\interpreter\linkResolver.cpp, line 759]

VM Operations (20 events):
Event: 18.402 Executing VM operation: G1CollectForAllocation
Event: 18.406 Executing VM operation: G1CollectForAllocation done
Event: 18.704 Executing VM operation: G1CollectForAllocation
Event: 18.707 Executing VM operation: G1CollectForAllocation done
Event: 19.345 Executing VM operation: HandshakeAllThreads
Event: 19.345 Executing VM operation: HandshakeAllThreads done
Event: 19.346 Executing VM operation: HandshakeAllThreads
Event: 19.346 Executing VM operation: HandshakeAllThreads done
Event: 19.352 Executing VM operation: HandshakeAllThreads
Event: 19.352 Executing VM operation: HandshakeAllThreads done
Event: 19.356 Executing VM operation: HandshakeAllThreads
Event: 19.356 Executing VM operation: HandshakeAllThreads done
Event: 19.364 Executing VM operation: ICBufferFull
Event: 19.364 Executing VM operation: ICBufferFull done
Event: 19.469 Executing VM operation: HandshakeAllThreads
Event: 19.469 Executing VM operation: HandshakeAllThreads done
Event: 19.578 Executing VM operation: HandshakeAllThreads
Event: 19.578 Executing VM operation: HandshakeAllThreads done
Event: 19.795 Executing VM operation: CollectForMetadataAllocation
Event: 19.807 Executing VM operation: CollectForMetadataAllocation done

Events (20 events):
Event: 19.789 loading class java/lang/invoke/MethodHandleImpl$ArrayAccessor$1
Event: 19.789 loading class java/lang/invoke/MethodHandleImpl$ArrayAccessor$1 done
Event: 19.789 loading class java/lang/invoke/MethodHandleImpl$ArrayAccess
Event: 19.789 loading class java/lang/invoke/MethodHandleImpl$ArrayAccess done
Event: 19.790 loading class java/lang/invoke/MethodHandleImpl$2
Event: 19.790 loading class java/lang/invoke/MethodHandleImpl$2 done
Event: 19.809 loading class java/lang/invoke/MethodHandleImpl$WrappedMember
Event: 19.809 loading class java/lang/invoke/MethodHandleImpl$WrappedMember done
Event: 19.810 loading class java/lang/invoke/MethodHandleImpl$CasesHolder
Event: 19.810 loading class java/lang/invoke/MethodHandleImpl$CasesHolder done
Event: 19.810 loading class java/lang/invoke/MethodHandleImpl$LoopClauses
Event: 19.811 loading class java/lang/invoke/MethodHandleImpl$LoopClauses done
Event: 19.812 loading class java/lang/invoke/DirectMethodHandle$EnsureInitialized
Event: 19.812 loading class java/lang/invoke/DirectMethodHandle$EnsureInitialized done
Event: 19.813 loading class sun/invoke/util/ValueConversions$WrapperCache
Event: 19.813 loading class sun/invoke/util/ValueConversions$WrapperCache done
Event: 19.813 loading class java/lang/invoke/BoundMethodHandle$Species_I
Event: 19.813 loading class java/lang/invoke/BoundMethodHandle$Species_I done
Event: 19.815 loading class java/lang/runtime/ObjectMethods$1
Event: 19.815 loading class java/lang/runtime/ObjectMethods$1 done


Dynamic libraries:
0x00007ff67ddf0000 - 0x00007ff67ddfe000 	C:\sts-4.19.0.RELEASE\plugins\org.eclipse.justj.openjdk.hotspot.jre.full.win32.x86_64_17.0.7.v20230425-1502\jre\bin\javaw.exe
0x00007ffa7e810000 - 0x00007ffa7ea24000 	C:\Windows\SYSTEM32\ntdll.dll
0x00007ffa65970000 - 0x00007ffa65989000 	C:\Program Files\Avast Software\Avast\aswhook.dll
0x00007ffa7ced0000 - 0x00007ffa7cf94000 	C:\Windows\System32\KERNEL32.DLL
0x00007ffa7bef0000 - 0x00007ffa7c294000 	C:\Windows\System32\KERNELBASE.dll
0x00007ffa7bbc0000 - 0x00007ffa7bcd1000 	C:\Windows\System32\ucrtbase.dll
0x00007ffa72e50000 - 0x00007ffa72e67000 	C:\sts-4.19.0.RELEASE\plugins\org.eclipse.justj.openjdk.hotspot.jre.full.win32.x86_64_17.0.7.v20230425-1502\jre\bin\jli.dll
0x00007ffa3d4e0000 - 0x00007ffa3d4f9000 	C:\sts-4.19.0.RELEASE\plugins\org.eclipse.justj.openjdk.hotspot.jre.full.win32.x86_64_17.0.7.v20230425-1502\jre\bin\VCRUNTIME140.dll
0x00007ffa7cc40000 - 0x00007ffa7cdee000 	C:\Windows\System32\USER32.dll
0x00007ffa7be50000 - 0x00007ffa7be76000 	C:\Windows\System32\win32u.dll
0x00007ffa7cc10000 - 0x00007ffa7cc39000 	C:\Windows\System32\GDI32.dll
0x00007ffa7c480000 - 0x00007ffa7c598000 	C:\Windows\System32\gdi32full.dll
0x00007ffa7adc0000 - 0x00007ffa7b053000 	C:\Windows\WinSxS\amd64_microsoft.windows.common-controls_6595b64144ccf1df_6.0.22621.2215_none_270d72677387dfc3\COMCTL32.dll
0x00007ffa7c3e0000 - 0x00007ffa7c47a000 	C:\Windows\System32\msvcp_win.dll
0x00007ffa7cfb0000 - 0x00007ffa7d057000 	C:\Windows\System32\msvcrt.dll
0x00007ffa7e790000 - 0x00007ffa7e7c1000 	C:\Windows\System32\IMM32.DLL
0x00007ffa44320000 - 0x00007ffa4432c000 	C:\sts-4.19.0.RELEASE\plugins\org.eclipse.justj.openjdk.hotspot.jre.full.win32.x86_64_17.0.7.v20230425-1502\jre\bin\vcruntime140_1.dll
0x00007ffa3bc00000 - 0x00007ffa3bc91000 	C:\sts-4.19.0.RELEASE\plugins\org.eclipse.justj.openjdk.hotspot.jre.full.win32.x86_64_17.0.7.v20230425-1502\jre\bin\msvcp140.dll
0x00007ffa2b290000 - 0x00007ffa2bed8000 	C:\sts-4.19.0.RELEASE\plugins\org.eclipse.justj.openjdk.hotspot.jre.full.win32.x86_64_17.0.7.v20230425-1502\jre\bin\server\jvm.dll
0x00007ffa7e500000 - 0x00007ffa7e5b0000 	C:\Windows\System32\ADVAPI32.dll
0x00007ffa7c8d0000 - 0x00007ffa7c976000 	C:\Windows\System32\sechost.dll
0x00007ffa7ca50000 - 0x00007ffa7cb67000 	C:\Windows\System32\RPCRT4.dll
0x00007ffa5ccf0000 - 0x00007ffa5ccf9000 	C:\Windows\SYSTEM32\WSOCK32.dll
0x00007ffa72b50000 - 0x00007ffa72b84000 	C:\Windows\SYSTEM32\WINMM.dll
0x00007ffa7c600000 - 0x00007ffa7c671000 	C:\Windows\System32\WS2_32.dll
0x00007ffa78480000 - 0x00007ffa7848a000 	C:\Windows\SYSTEM32\VERSION.dll
0x00007ffa7a340000 - 0x00007ffa7a358000 	C:\Windows\SYSTEM32\kernel.appcore.dll
0x00007ffa746c0000 - 0x00007ffa746ca000 	C:\sts-4.19.0.RELEASE\plugins\org.eclipse.justj.openjdk.hotspot.jre.full.win32.x86_64_17.0.7.v20230425-1502\jre\bin\jimage.dll
0x00007ffa7b540000 - 0x00007ffa7b76e000 	C:\Windows\SYSTEM32\DBGHELP.DLL
0x00007ffa7d220000 - 0x00007ffa7d5aa000 	C:\Windows\System32\combase.dll
0x00007ffa7e6b0000 - 0x00007ffa7e787000 	C:\Windows\System32\OLEAUT32.dll
0x00007ffa7b3b0000 - 0x00007ffa7b3e2000 	C:\Windows\SYSTEM32\dbgcore.DLL
0x00007ffa7c2a0000 - 0x00007ffa7c31a000 	C:\Windows\System32\bcryptPrimitives.dll
0x00007ffa72e20000 - 0x00007ffa72e45000 	C:\sts-4.19.0.RELEASE\plugins\org.eclipse.justj.openjdk.hotspot.jre.full.win32.x86_64_17.0.7.v20230425-1502\jre\bin\java.dll
0x00007ffa72e00000 - 0x00007ffa72e18000 	C:\sts-4.19.0.RELEASE\plugins\org.eclipse.justj.openjdk.hotspot.jre.full.win32.x86_64_17.0.7.v20230425-1502\jre\bin\zip.dll
0x00007ffa7dab0000 - 0x00007ffa7e2d3000 	C:\Windows\System32\SHELL32.dll
0x00007ffa79100000 - 0x00007ffa799ea000 	C:\Windows\SYSTEM32\windows.storage.dll
0x00007ffa78fa0000 - 0x00007ffa790de000 	C:\Windows\SYSTEM32\wintypes.dll
0x00007ffa7e5b0000 - 0x00007ffa7e6a3000 	C:\Windows\System32\SHCORE.dll
0x00007ffa7c5a0000 - 0x00007ffa7c5fe000 	C:\Windows\System32\shlwapi.dll
0x00007ffa7baf0000 - 0x00007ffa7bb16000 	C:\Windows\SYSTEM32\profapi.dll
0x00007ffa57830000 - 0x00007ffa57849000 	C:\sts-4.19.0.RELEASE\plugins\org.eclipse.justj.openjdk.hotspot.jre.full.win32.x86_64_17.0.7.v20230425-1502\jre\bin\net.dll
0x00007ffa73130000 - 0x00007ffa73267000 	C:\Windows\SYSTEM32\WINHTTP.dll
0x00007ffa7a7c0000 - 0x00007ffa7a829000 	C:\Windows\system32\mswsock.dll
0x00007ffa41950000 - 0x00007ffa41965000 	C:\sts-4.19.0.RELEASE\plugins\org.eclipse.justj.openjdk.hotspot.jre.full.win32.x86_64_17.0.7.v20230425-1502\jre\bin\nio.dll
0x00007ffa3f400000 - 0x00007ffa3f409000 	C:\sts-4.19.0.RELEASE\plugins\org.eclipse.justj.openjdk.hotspot.jre.full.win32.x86_64_17.0.7.v20230425-1502\jre\bin\management.dll
0x00007ffa3bbf0000 - 0x00007ffa3bbfb000 	C:\sts-4.19.0.RELEASE\plugins\org.eclipse.justj.openjdk.hotspot.jre.full.win32.x86_64_17.0.7.v20230425-1502\jre\bin\management_ext.dll
0x00007ffa7cb70000 - 0x00007ffa7cb78000 	C:\Windows\System32\PSAPI.DLL
0x00007ffa4d9b0000 - 0x00007ffa4d9c7000 	C:\Windows\system32\napinsp.dll
0x00007ffa4d990000 - 0x00007ffa4d9ab000 	C:\Windows\system32\pnrpnsp.dll
0x00007ffa79e40000 - 0x00007ffa79f32000 	C:\Windows\SYSTEM32\DNSAPI.dll
0x00007ffa79dd0000 - 0x00007ffa79dfd000 	C:\Windows\SYSTEM32\IPHLPAPI.DLL
0x00007ffa7cfa0000 - 0x00007ffa7cfa9000 	C:\Windows\System32\NSI.dll
0x00007ffa4d530000 - 0x00007ffa4d541000 	C:\Windows\System32\winrnr.dll
0x00007ffa72a60000 - 0x00007ffa72a75000 	C:\Windows\system32\wshbth.dll
0x00007ffa4c470000 - 0x00007ffa4c491000 	C:\Windows\system32\nlansp_c.dll
0x00007ffa6fe90000 - 0x00007ffa6fe9a000 	C:\Windows\System32\rasadhlp.dll
0x00007ffa71930000 - 0x00007ffa719b4000 	C:\Windows\System32\fwpuclnt.dll
0x00007ffa7b860000 - 0x00007ffa7b87b000 	C:\Windows\SYSTEM32\CRYPTSP.dll
0x00007ffa7ac30000 - 0x00007ffa7ac65000 	C:\Windows\system32\rsaenh.dll
0x00007ffa7a830000 - 0x00007ffa7a85c000 	C:\Windows\SYSTEM32\USERENV.dll
0x00007ffa7b480000 - 0x00007ffa7b4a8000 	C:\Windows\SYSTEM32\bcrypt.dll
0x00007ffa7acf0000 - 0x00007ffa7acfc000 	C:\Windows\SYSTEM32\CRYPTBASE.dll
0x00007ffa73070000 - 0x00007ffa73089000 	C:\Windows\SYSTEM32\dhcpcsvc6.DLL
0x00007ffa72b90000 - 0x00007ffa72baf000 	C:\Windows\SYSTEM32\dhcpcsvc.DLL

dbghelp: loaded successfully - version: 4.0.5 - missing functions: none
symbol engine: initialized successfully - sym options: 0x614 - pdb path: .;C:\sts-4.19.0.RELEASE\plugins\org.eclipse.justj.openjdk.hotspot.jre.full.win32.x86_64_17.0.7.v20230425-1502\jre\bin;C:\Windows\SYSTEM32;C:\Program Files\Avast Software\Avast;C:\Windows\WinSxS\amd64_microsoft.windows.common-controls_6595b64144ccf1df_6.0.22621.2215_none_270d72677387dfc3;C:\sts-4.19.0.RELEASE\plugins\org.eclipse.justj.openjdk.hotspot.jre.full.win32.x86_64_17.0.7.v20230425-1502\jre\bin\server

VM Arguments:
jvm_args: -Dcom.sun.management.jmxremote -Dcom.sun.management.jmxremote.port=50268 -Dcom.sun.management.jmxremote.authenticate=false -Dcom.sun.management.jmxremote.ssl=false -Djava.rmi.server.hostname=localhost -Dspring.jmx.enabled=true -Dmanagement.endpoints.jmx.exposure.include=* -Dspring.application.admin.enabled=true -XX:TieredStopAtLevel=1 -Dspring.boot.project.name=HPS_Projet_BackEnd -Dfile.encoding=UTF-8 -XX:+ShowCodeDetailsInExceptionMessages 
java_command: com.example.hps.HpsAppApplication --spring.output.ansi.enabled=always
java_class_path (initial): C:\Users\hi\Desktop\HPS_Projet_BackEnd\target\classes;C:\Users\hi\.m2\repository\org\springframework\boot\spring-boot-starter-data-rest\3.1.1\spring-boot-starter-data-rest-3.1.1.jar;C:\Users\hi\.m2\repository\org\springframework\boot\spring-boot-starter-web\3.1.1\spring-boot-starter-web-3.1.1.jar;C:\Users\hi\.m2\repository\org\springframework\boot\spring-boot-starter-json\3.1.1\spring-boot-starter-json-3.1.1.jar;C:\Users\hi\.m2\repository\com\fasterxml\jackson\datatype\jackson-datatype-jdk8\2.15.2\jackson-datatype-jdk8-2.15.2.jar;C:\Users\hi\.m2\repository\com\fasterxml\jackson\datatype\jackson-datatype-jsr310\2.15.2\jackson-datatype-jsr310-2.15.2.jar;C:\Users\hi\.m2\repository\com\fasterxml\jackson\module\jackson-module-parameter-names\2.15.2\jackson-module-parameter-names-2.15.2.jar;C:\Users\hi\.m2\repository\org\springframework\boot\spring-boot-starter-tomcat\3.1.1\spring-boot-starter-tomcat-3.1.1.jar;C:\Users\hi\.m2\repository\org\apache\tomcat\embed\tomcat-embed-core\10.1.10\tomcat-embed-core-10.1.10.jar;C:\Users\hi\.m2\repository\org\apache\tomcat\embed\tomcat-embed-websocket\10.1.10\tomcat-embed-websocket-10.1.10.jar;C:\Users\hi\.m2\repository\org\springframework\spring-web\6.0.10\spring-web-6.0.10.jar;C:\Users\hi\.m2\repository\io\micrometer\micrometer-observation\1.11.1\micrometer-observation-1.11.1.jar;C:\Users\hi\.m2\repository\io\micrometer\micrometer-commons\1.11.1\micrometer-commons-1.11.1.jar;C:\Users\hi\.m2\repository\org\springframework\spring-webmvc\6.0.10\spring-webmvc-6.0.10.jar;C:\Users\hi\.m2\repository\org\springframework\data\spring-data-rest-webmvc\4.1.1\spring-data-rest-webmvc-4.1.1.jar;C:\Users\hi\.m2\repository\org\springframework\data\spring-data-rest-core\4.1.1\spring-data-rest-core-4.1.1.jar;C:\Users\hi\.m2\repository\org\springframework\hateoas\spring-hateoas\2.1.0\spring-hateoas-2.1.0.jar;C:\Users\hi\.m2\repository\org\springframework\plugin\spring-plugin-core\3.0.0\spring-plugin-core-3.0.0.jar;C:\Users\h
Launcher Type: SUN_STANDARD

[Global flags]
     intx CICompilerCount                          = 4                                         {product} {ergonomic}
     uint ConcGCThreads                            = 2                                         {product} {ergonomic}
     uint G1ConcRefinementThreads                  = 8                                         {product} {ergonomic}
   size_t G1HeapRegionSize                         = 2097152                                   {product} {ergonomic}
    uintx GCDrainStackTargetSize                   = 64                                        {product} {ergonomic}
   size_t InitialHeapSize                          = 266338304                                 {product} {ergonomic}
     bool ManagementServer                         = true                                      {product} {command line}
   size_t MarkStackSize                            = 4194304                                   {product} {ergonomic}
   size_t MaxHeapSize                              = 4261412864                                {product} {ergonomic}
   size_t MaxNewSize                               = 2556428288                                {product} {ergonomic}
   size_t MinHeapDeltaBytes                        = 2097152                                   {product} {ergonomic}
   size_t MinHeapSize                              = 8388608                                   {product} {ergonomic}
    uintx NonProfiledCodeHeapSize                  = 0                                      {pd product} {ergonomic}
     bool ProfileInterpreter                       = false                                  {pd product} {command line}
    uintx ProfiledCodeHeapSize                     = 0                                      {pd product} {ergonomic}
     bool ShowCodeDetailsInExceptionMessages       = true                                   {manageable} {command line}
   size_t SoftMaxHeapSize                          = 4261412864                             {manageable} {ergonomic}
     intx TieredStopAtLevel                        = 1                                         {product} {command line}
     bool UseCompressedClassPointers               = true                           {product lp64_product} {ergonomic}
     bool UseCompressedOops                        = true                           {product lp64_product} {ergonomic}
     bool UseG1GC                                  = true                                      {product} {ergonomic}
     bool UseLargePagesIndividualAllocation        = false                                  {pd product} {ergonomic}

Logging:
Log output configuration:
 #0: stdout all=warning uptime,level,tags
 #1: stderr all=off uptime,level,tags

Environment Variables:
JAVA_HOME=C:\Program Files\Java\jdk-20
PATH=C:/sts-4.19.0.RELEASE//plugins/org.eclipse.justj.openjdk.hotspot.jre.full.win32.x86_64_17.0.7.v20230425-1502/jre/bin/server;C:/sts-4.19.0.RELEASE//plugins/org.eclipse.justj.openjdk.hotspot.jre.full.win32.x86_64_17.0.7.v20230425-1502/jre/bin;C:\Program Files\Common Files\Oracle\Java\javapath;C:\Windows\system32;C:\Windows;C:\Windows\System32\Wbem;C:\Windows\System32\WindowsPowerShell\v1.0\;C:\Windows\System32\OpenSSH\;C:\Program Files\Java\jdk-20\bin;C:\Program Files\Git\cmd;C:\Program Files\Common Files\Oracle\Java\javapath;C:\Program Files\Git LFS;C:\Program Files\nodejs\;C:\Program Files\Docker\Docker\resources\bin;C:\Users\hi\AppData\Local\Microsoft\WindowsApps;C:\Users\hi\AppData\Local\GitHubDesktop\bin;C:\Users\hi\AppData\Roaming\npm;C:\Users\hi\AppData\Local\Programs\Microsoft VS Code\bin;C:\sts-4.19.0.RELEASE;
USERNAME=hi
OS=Windows_NT
PROCESSOR_IDENTIFIER=Intel64 Family 6 Model 142 Stepping 12, GenuineIntel
TMP=C:\Users\hi\AppData\Local\Temp
TEMP=C:\Users\hi\AppData\Local\Temp



---------------  S Y S T E M  ---------------

OS:
 Windows 11 , 64 bit Build 22621 (10.0.22621.2215)
OS uptime: 0 days 0:07 hours
Hyper-V role detected

CPU: total 8 (initial active 8) (4 cores per cpu, 2 threads per core) family 6 model 142 stepping 12 microcode 0xec, cx8, cmov, fxsr, ht, mmx, 3dnowpref, sse, sse2, sse3, ssse3, sse4.1, sse4.2, popcnt, lzcnt, tsc, tscinvbit, avx, avx2, aes, erms, clmul, bmi1, bmi2, adx, fma, vzeroupper, clflush, clflushopt, hv

Memory: 4k page, system-wide physical 16254M (8112M free)
TotalPageFile size 22398M (AvailPageFile size 12521M)
current process WorkingSet (physical memory assigned to process): 196M, peak: 196M
current process commit charge ("private bytes"): 286M, peak: 363M

vm_info: OpenJDK 64-Bit Server VM (17.0.7+7) for windows-amd64 JRE (17.0.7+7), built on Apr 18 2023 22:10:42 by "temurin" with MS VC++ 16.7 (VS2019)

END.
