#
# A fatal error has been detected by the Java Runtime Environment:
#
#  EXCEPTION_ACCESS_VIOLATION (0xc0000005) at pc=0x00007ffc7333bdc4, pid=7644, tid=10868
#
# JRE version: OpenJDK Runtime Environment Temurin-17.0.7+7 (17.0.7+7) (build 17.0.7+7)
# Java VM: OpenJDK 64-Bit Server VM Temurin-17.0.7+7 (17.0.7+7, mixed mode, emulated-client, tiered, compressed oops, compressed class ptrs, g1 gc, windows-amd64)
# Problematic frame:
# V  [jvm.dll+0x2dbdc4]
#
# No core dump will be written. Minidumps are not enabled by default on client versions of Windows
#
# If you would like to submit a bug report, please visit:
#   https://github.com/adoptium/adoptium-support/issues
#

---------------  S U M M A R Y ------------

Command Line: -Dcom.sun.management.jmxremote -Dcom.sun.management.jmxremote.port=50299 -Dcom.sun.management.jmxremote.authenticate=false -Dcom.sun.management.jmxremote.ssl=false -Djava.rmi.server.hostname=localhost -Dspring.jmx.enabled=true -Dmanagement.endpoints.jmx.exposure.include=* -Dspring.application.admin.enabled=true -XX:TieredStopAtLevel=1 -Dspring.boot.project.name=HPS_APP -Dfile.encoding=UTF-8 -XX:+ShowCodeDetailsInExceptionMessages com.example.hps.HpsAppApplication --spring.output.ansi.enabled=always

Host: Intel(R) Core(TM) i7-8565U CPU @ 1.80GHz, 8 cores, 15G,  Windows 11 , 64 bit Build 22621 (10.0.22621.1778)
Time: Tue Jul 11 17:10:20 2023 Maroc (heure d64 bit Build 22621 (10.0.22621.1778) elapsed time: 2.991169 seconds (0d 0h 0m 2s)

---------------  T H R E A D  ---------------

Current thread (0x000001cf9dd42770):  GCTaskThread "GC Thread#3" [stack: 0x0000004570d00000,0x0000004570e00000] [id=10868]

Stack: [0x0000004570d00000,0x0000004570e00000],  sp=0x0000004570dff7c8,  free space=1021k
Native frames: (J=compiled Java code, j=interpreted, Vv=VM code, C=native code)
V  [jvm.dll+0x2dbdc4]


siginfo: EXCEPTION_ACCESS_VIOLATION (0xc0000005), reading address 0x0000000503ea06b8


Register to memory mapping:

RIP=0x00007ffc7333bdc4 jvm.dll
RAX=0x000001cf8614d0e0 points into unknown readable memory: 0x0000000000000000 | 00 00 00 00 00 00 00 00
RBX=0x0000000000000008 is an unknown value
RCX=0x0 is NULL
RDX=0x0000000503ea06b8 is an unknown value
RSP=0x0000004570dff7c8 points into unknown readable memory: 0x00007ffc73338426 | 26 84 33 73 fc 7f 00 00
RBP=0x0000004570dff869 points into unknown readable memory: 01 00 00 00 00 00 00
RSI=0x000001cf9ede8060 points into unknown readable memory: 0x0000000503ea06b8 | b8 06 ea 03 05 00 00 00
RDI=0xffffffffe0000000 is an unknown value
R8 =0x000000000000281f is an unknown value
R9 =0x0000000703ea0668 is an oop: java.lang.String 
{0x0000000703ea0668} - klass: 'java/lang/String'
 - string: "com.mysql.cj.testsuite.mysqlx.url"
R10=0x000001cf860fc340 points into unknown readable memory: 0x00007ffc739b1b90 | 90 1b 9b 73 fc 7f 00 00
R11=0xfffffffff8acd0c6 is an unknown value
R12=0x0000000000000a80 is an unknown value
R13=0x000000456f6fea38 points into unknown readable memory: 0x000001cf860f64d0 | d0 64 0f 86 cf 01 00 00
R14=0x000001cf9ede7f80 points into unknown readable memory: 0x0000000703a51ac8 | c8 1a a5 03 07 00 00 00
R15=0x000000000000014d is an unknown value


Registers:
RAX=0x000001cf8614d0e0, RBX=0x0000000000000008, RCX=0x0000000000000000, RDX=0x0000000503ea06b8
RSP=0x0000004570dff7c8, RBP=0x0000004570dff869, RSI=0x000001cf9ede8060, RDI=0xffffffffe0000000
R8 =0x000000000000281f, R9 =0x0000000703ea0668, R10=0x000001cf860fc340, R11=0xfffffffff8acd0c6
R12=0x0000000000000a80, R13=0x000000456f6fea38, R14=0x000001cf9ede7f80, R15=0x000000000000014d
RIP=0x00007ffc7333bdc4, EFLAGS=0x0000000000010246

Top of Stack: (sp=0x0000004570dff7c8)
0x0000004570dff7c8:   00007ffc73338426 0000000000000007
0x0000004570dff7d8:   0000004570dff869 0000000000000000
0x0000004570dff7e8:   000001cf0000000e 0000000000000000
0x0000004570dff7f8:   000001cf00000003 0000000000000000
0x0000004570dff808:   000000456f6fe6e0 000000456f6fe6f0
0x0000004570dff818:   0000000000000006 0000000000000000
0x0000004570dff828:   0000000000000c96 000000456f6fe948
0x0000004570dff838:   000000456f6fe6f0 000000456f6fe6e0
0x0000004570dff848:   000001cf9dd20a50 0000000000000008
0x0000004570dff858:   0000000001c7b8a0 0000000161cad8db
0x0000004570dff868:   000000000000014d 000000000000014f
0x0000004570dff878:   0000000000000032 00008d2bd0b98f34
0x0000004570dff888:   0000000000000000 0000000000000000
0x0000004570dff898:   000001cf9dd42770 0000000000000000
0x0000004570dff8a8:   0000000000000000 000000456f6fe930
0x0000004570dff8b8:   000001cf9dd42770 0000000000000000 

Instructions: (pc=0x00007ffc7333bdc4)
0x00007ffc7333bcc4:   8b 82 94 00 00 00 c1 e8 05 a8 01 75 13 8b 82 94
0x00007ffc7333bcd4:   00 00 00 83 f8 0d 74 08 48 8b ca e8 8c 08 08 00
0x00007ffc7333bce4:   32 c0 48 83 c4 28 c3 cc cc cc cc cc 4c 8b 41 08
0x00007ffc7333bcf4:   4c 8b ca 48 85 d2 74 67 41 8b 88 c0 01 00 00 49
0x00007ffc7333bd04:   8b 80 b0 01 00 00 48 d3 ea 4c 8b 14 d0 4d 3b 8a
0x00007ffc7333bd14:   c0 00 00 00 73 49 49 8b 80 c8 04 00 00 48 8b 90
0x00007ffc7333bd24:   98 00 00 00 4c 2b 4a 08 8b 4a 18 48 8b 52 20 49
0x00007ffc7333bd34:   c1 e9 03 49 d3 e9 41 0f b6 c1 4d 8b c1 24 3f 49
0x00007ffc7333bd44:   c1 e8 06 0f b6 c8 4a 8b 04 c2 48 0f a3 c8 72 0f
0x00007ffc7333bd54:   41 8b 82 94 00 00 00 83 f8 29 74 03 32 c0 c3 b0
0x00007ffc7333bd64:   01 c3 cc cc cc cc cc cc cc cc cc cc 48 85 d2 75
0x00007ffc7333bd74:   03 32 c0 c3 48 8b 41 08 8b 88 c0 01 00 00 48 8b
0x00007ffc7333bd84:   80 b0 01 00 00 48 d3 ea 48 8b 0c d0 8b 81 94 00
0x00007ffc7333bd94:   00 00 a8 34 0f 95 c0 c3 cc cc cc cc 48 8b 41 08
0x00007ffc7333bda4:   4c 8b c2 8b 88 90 05 00 00 48 8b 80 80 05 00 00
0x00007ffc7333bdb4:   49 d3 e8 42 0f b7 0c 40 66 c1 e9 08 84 c9 78 0c
0x00007ffc7333bdc4:   48 8b 02 24 03 3c 03 74 03 32 c0 c3 b0 01 c3 cc
0x00007ffc7333bdd4:   cc cc cc cc cc cc cc cc cc cc cc cc 4c 8b 49 08
0x00007ffc7333bde4:   4c 8b c2 41 8b 89 90 05 00 00 49 8b 81 80 05 00
0x00007ffc7333bdf4:   00 49 d3 e8 42 0f b7 0c 40 66 c1 e9 08 84 c9 79
0x00007ffc7333be04:   23 41 8b 89 c0 01 00 00 49 8b 81 b0 01 00 00 48
0x00007ffc7333be14:   d3 ea 48 8b 0c d0 8b 81 94 00 00 00 83 f8 03 74
0x00007ffc7333be24:   03 32 c0 c3 b0 01 c3 cc cc cc cc cc 48 8b 41 08
0x00007ffc7333be34:   4c 8b d1 4c 8b 02 8b 88 90 05 00 00 48 8b 80 80
0x00007ffc7333be44:   05 00 00 49 d3 e8 46 0f b7 0c 40 66 41 c1 e9 08
0x00007ffc7333be54:   45 84 c9 79 06 41 80 f9 fe 75 09 49 8b 4a 10 e9
0x00007ffc7333be64:   f8 3f 00 00 c3 cc cc cc cc cc cc cc 8b 02 4c 8b
0x00007ffc7333be74:   c9 85 c0 75 05 45 33 c0 eb 13 8b 0d 64 34 82 00
0x00007ffc7333be84:   4c 8b c0 49 d3 e0 4c 03 05 4f 34 82 00 49 8b 41
0x00007ffc7333be94:   08 8b 88 90 05 00 00 48 8b 80 80 05 00 00 49 d3
0x00007ffc7333bea4:   e8 42 0f b7 0c 40 66 c1 e9 08 84 c9 79 05 80 f9
0x00007ffc7333beb4:   fe 75 0c 49 8b 49 10 48 ff c2 e9 9d 3f 00 00 c3 


Stack slot to memory mapping:
stack at sp + 0 slots: 0x00007ffc73338426 jvm.dll
stack at sp + 1 slots: 0x0000000000000007 is an unknown value
stack at sp + 2 slots: 0x0000004570dff869 points into unknown readable memory: 01 00 00 00 00 00 00
stack at sp + 3 slots: 0x0 is NULL
stack at sp + 4 slots: 0x000001cf0000000e is an unknown value
stack at sp + 5 slots: 0x0 is NULL
stack at sp + 6 slots: 0x000001cf00000003 is an unknown value
stack at sp + 7 slots: 0x0 is NULL


---------------  P R O C E S S  ---------------

Threads class SMR info:
_java_thread_list=0x000001cf9ec54f80, length=24, elements={
0x000001cf860e7f40, 0x000001cf98b1da50, 0x000001cf98b1e810, 0x000001cf98b496a0,
0x000001cf98b4bf70, 0x000001cf98b4c920, 0x000001cf98b5a0e0, 0x000001cf98b631e0,
0x000001cf98b70890, 0x000001cf98b10940, 0x000001cf98c86760, 0x000001cf98cf0460,
0x000001cf98d34bc0, 0x000001cf9d4d3fa0, 0x000001cf9d4d3450, 0x000001cf9d4d7b90,
0x000001cf9d65f100, 0x000001cf9dcc4cc0, 0x000001cf9dcc2cb0, 0x000001cf9dcf5010,
0x000001cf9dd975f0, 0x000001cf9dd962b0, 0x000001cf9e127310, 0x000001cf9dd96780
}

Java Threads: ( => current thread )
  0x000001cf860e7f40 JavaThread "main" [_thread_blocked, id=5968, stack(0x000000456f000000,0x000000456f100000)]
  0x000001cf98b1da50 JavaThread "Reference Handler" daemon [_thread_blocked, id=9480, stack(0x000000456f700000,0x000000456f800000)]
  0x000001cf98b1e810 JavaThread "Finalizer" daemon [_thread_blocked, id=12944, stack(0x000000456f800000,0x000000456f900000)]
  0x000001cf98b496a0 JavaThread "Signal Dispatcher" daemon [_thread_blocked, id=3552, stack(0x000000456f900000,0x000000456fa00000)]
  0x000001cf98b4bf70 JavaThread "Attach Listener" daemon [_thread_blocked, id=11736, stack(0x000000456fa00000,0x000000456fb00000)]
  0x000001cf98b4c920 JavaThread "Service Thread" daemon [_thread_blocked, id=1468, stack(0x000000456fb00000,0x000000456fc00000)]
  0x000001cf98b5a0e0 JavaThread "Monitor Deflation Thread" daemon [_thread_blocked, id=8528, stack(0x000000456fc00000,0x000000456fd00000)]
  0x000001cf98b631e0 JavaThread "C1 CompilerThread0" daemon [_thread_blocked, id=3700, stack(0x000000456fd00000,0x000000456fe00000)]
  0x000001cf98b70890 JavaThread "Sweeper thread" daemon [_thread_blocked, id=4124, stack(0x000000456fe00000,0x000000456ff00000)]
  0x000001cf98b10940 JavaThread "Common-Cleaner" daemon [_thread_blocked, id=7376, stack(0x000000456ff00000,0x0000004570000000)]
  0x000001cf98c86760 JavaThread "C1 CompilerThread1" daemon [_thread_blocked, id=11292, stack(0x0000004570000000,0x0000004570100000)]
  0x000001cf98cf0460 JavaThread "C1 CompilerThread2" daemon [_thread_blocked, id=14200, stack(0x0000004570100000,0x0000004570200000)]
  0x000001cf98d34bc0 JavaThread "Notification Thread" daemon [_thread_blocked, id=2172, stack(0x0000004570200000,0x0000004570300000)]
  0x000001cf9d4d3fa0 JavaThread "RMI TCP Accept-0" daemon [_thread_in_native, id=2632, stack(0x0000004570300000,0x0000004570400000)]
  0x000001cf9d4d3450 JavaThread "RMI TCP Accept-50299" daemon [_thread_in_native, id=4560, stack(0x0000004570400000,0x0000004570500000)]
  0x000001cf9d4d7b90 JavaThread "RMI TCP Accept-0" daemon [_thread_in_native, id=13364, stack(0x0000004570500000,0x0000004570600000)]
  0x000001cf9d65f100 JavaThread "RMI TCP Connection(1)-127.0.0.1" daemon [_thread_in_native, id=9544, stack(0x0000004570700000,0x0000004570800000)]
  0x000001cf9dcc4cc0 JavaThread "RMI Scheduler(0)" daemon [_thread_blocked, id=5872, stack(0x0000004570800000,0x0000004570900000)]
  0x000001cf9dcc2cb0 JavaThread "RMI TCP Connection(2)-127.0.0.1" daemon [_thread_in_native, id=12392, stack(0x0000004570900000,0x0000004570a00000)]
  0x000001cf9dcf5010 JavaThread "JMX server connection timeout 22" daemon [_thread_blocked, id=10604, stack(0x0000004570a00000,0x0000004570b00000)]
  0x000001cf9dd975f0 JavaThread "Thread-0" [_thread_blocked, id=10420, stack(0x0000004571400000,0x0000004571500000)]
  0x000001cf9dd962b0 JavaThread "restartedMain" [_thread_blocked, id=12080, stack(0x0000004571500000,0x0000004571600000)]
  0x000001cf9e127310 JavaThread "C1 CompilerThread3" daemon [_thread_blocked, id=12092, stack(0x0000004571800000,0x0000004571900000)]
  0x000001cf9dd96780 JavaThread "mysql-cj-abandoned-connection-cleanup" daemon [_thread_blocked, id=10048, stack(0x0000004571600000,0x0000004571700000)]

Other Threads:
  0x000001cf98637190 VMThread "VM Thread" [stack: 0x000000456f600000,0x000000456f700000] [id=7068]
  0x000001cf86170e20 WatcherThread [stack: 0x0000004570600000,0x0000004570700000] [id=3224]
  0x000001cf861559c0 GCTaskThread "GC Thread#0" [stack: 0x000000456f100000,0x000000456f200000] [id=4148]
  0x000001cf9dd21ae0 GCTaskThread "GC Thread#1" [stack: 0x0000004570b00000,0x0000004570c00000] [id=14920]
  0x000001cf9dd3a4b0 GCTaskThread "GC Thread#2" [stack: 0x0000004570c00000,0x0000004570d00000] [id=10508]
=>0x000001cf9dd42770 GCTaskThread "GC Thread#3" [stack: 0x0000004570d00000,0x0000004570e00000] [id=10868]
  0x000001cf9dd4aa30 GCTaskThread "GC Thread#4" [stack: 0x0000004570e00000,0x0000004570f00000] [id=8012]
  0x000001cf9dd4ace0 GCTaskThread "GC Thread#5" [stack: 0x0000004570f00000,0x0000004571000000] [id=7080]
  0x000001cf9dd6dc30 GCTaskThread "GC Thread#6" [stack: 0x0000004571000000,0x0000004571100000] [id=7020]
  0x000001cf9dd6dee0 GCTaskThread "GC Thread#7" [stack: 0x0000004571100000,0x0000004571200000] [id=8524]
  0x000001cf86167010 ConcurrentGCThread "G1 Main Marker" [stack: 0x000000456f200000,0x000000456f300000] [id=8532]
  0x000001cf86167a20 ConcurrentGCThread "G1 Conc#0" [stack: 0x000000456f300000,0x000000456f400000] [id=6872]
  0x000001cf9ded4160 ConcurrentGCThread "G1 Conc#1" [stack: 0x0000004571700000,0x0000004571800000] [id=2200]
  0x000001cf985130e0 ConcurrentGCThread "G1 Refine#0" [stack: 0x000000456f400000,0x000000456f500000] [id=14932]
  0x000001cf9dd6e9a0 ConcurrentGCThread "G1 Refine#1" [stack: 0x0000004571200000,0x0000004571300000] [id=12304]
  0x000001cf9dd6ec80 ConcurrentGCThread "G1 Refine#2" [stack: 0x0000004571300000,0x0000004571400000] [id=14956]
  0x000001cf985139a0 ConcurrentGCThread "G1 Service" [stack: 0x000000456f500000,0x000000456f600000] [id=2900]

Threads with active compile tasks:

VM state: at safepoint (normal execution)

VM Mutex/Monitor currently owned by a thread:  ([mutex/lock_event])
[0x000001cf83fdcbc0] Threads_lock - owner thread: 0x000001cf98637190
[0x000001cf83fdce90] Heap_lock - owner thread: 0x000001cf9dd962b0

Heap address: 0x0000000702000000, size: 4064 MB, Compressed Oops mode: Zero based, Oop shift amount: 3

CDS archive(s) not mapped
Compressed class space mapped at: 0x0000000800000000-0x0000000840000000, reserved size: 1073741824
Narrow klass base: 0x0000000800000000, Narrow klass shift: 0, Narrow klass range: 0x40000000

GC Precious Log:
 CPUs: 8 total, 8 available
 Memory: 16254M
 Large Page Support: Disabled
 NUMA Support: Disabled
 Compressed Oops: Enabled (Zero based)
 Heap Region Size: 2M
 Heap Min Capacity: 8M
 Heap Initial Capacity: 254M
 Heap Max Capacity: 4064M
 Pre-touch: Disabled
 Parallel Workers: 8
 Concurrent Workers: 2
 Concurrent Refinement Workers: 8
 Periodic GC: Disabled

Heap:
 garbage-first heap   total 69632K, used 51741K [0x0000000702000000, 0x0000000800000000)
  region size 2048K, 19 young (38912K), 2 survivors (4096K)
 Metaspace       used 41354K, committed 41792K, reserved 1114112K
  class space    used 5284K, committed 5504K, reserved 1048576K

Heap Regions: E=young(eden), S=young(survivor), O=old, HS=humongous(starts), HC=humongous(continues), CS=collection set, F=free, OA=open archive, CA=closed archive, TAMS=top-at-mark-start (previous, next)
|   0|0x0000000702000000, 0x0000000702200000, 0x0000000702200000|100%| O|  |TAMS 0x0000000702200000, 0x0000000702000000| Untracked 
|   1|0x0000000702200000, 0x0000000702400000, 0x0000000702400000|100%| O|  |TAMS 0x0000000702400000, 0x0000000702200000| Untracked 
|   2|0x0000000702400000, 0x0000000702600000, 0x0000000702600000|100%| O|  |TAMS 0x0000000702600000, 0x0000000702400000| Untracked 
|   3|0x0000000702600000, 0x0000000702800000, 0x0000000702800000|100%| O|  |TAMS 0x0000000702600000, 0x0000000702600000| Untracked 
|   4|0x0000000702800000, 0x0000000702a00000, 0x0000000702a00000|100%| O|  |TAMS 0x0000000702a00000, 0x0000000702800000| Untracked 
|   5|0x0000000702a00000, 0x0000000702c00000, 0x0000000702c00000|100%| O|  |TAMS 0x0000000702c00000, 0x0000000702a00000| Untracked 
|   6|0x0000000702c00000, 0x0000000702c9bc00, 0x0000000702e00000| 30%| O|  |TAMS 0x0000000702c9bc00, 0x0000000702c00000| Complete 
|   7|0x0000000702e00000, 0x0000000703000000, 0x0000000703000000|100%| O|  |TAMS 0x0000000702e00000, 0x0000000702e00000| Untracked 
|   8|0x0000000703000000, 0x00000007031661d0, 0x0000000703200000| 69%| O|  |TAMS 0x0000000703000000, 0x0000000703000000| Untracked 
|   9|0x0000000703200000, 0x0000000703200000, 0x0000000703400000|  0%| F|  |TAMS 0x0000000703200000, 0x0000000703200000| Untracked 
|  10|0x0000000703400000, 0x0000000703400000, 0x0000000703600000|  0%| F|  |TAMS 0x0000000703400000, 0x0000000703400000| Untracked 
|  11|0x0000000703600000, 0x0000000703600000, 0x0000000703800000|  0%| F|  |TAMS 0x0000000703600000, 0x0000000703600000| Untracked 
|  12|0x0000000703800000, 0x00000007039a0168, 0x0000000703a00000| 81%| S|  |TAMS 0x0000000703800000, 0x0000000703800000| Complete 
|  13|0x0000000703a00000, 0x0000000703c00000, 0x0000000703c00000|100%| S|  |TAMS 0x0000000703a00000, 0x0000000703a00000| Complete 
|  14|0x0000000703c00000, 0x0000000703e00000, 0x0000000703e00000|100%| E|CS|TAMS 0x0000000703c00000, 0x0000000703c00000| Complete 
|  15|0x0000000703e00000, 0x0000000704000000, 0x0000000704000000|100%| E|CS|TAMS 0x0000000703e00000, 0x0000000703e00000| Complete 
|  16|0x0000000704000000, 0x0000000704200000, 0x0000000704200000|100%| E|CS|TAMS 0x0000000704000000, 0x0000000704000000| Complete 
|  17|0x0000000704200000, 0x0000000704400000, 0x0000000704400000|100%| E|CS|TAMS 0x0000000704200000, 0x0000000704200000| Complete 
|  18|0x0000000704400000, 0x0000000704600000, 0x0000000704600000|100%| E|CS|TAMS 0x0000000704400000, 0x0000000704400000| Complete 
|  19|0x0000000704600000, 0x0000000704800000, 0x0000000704800000|100%| E|CS|TAMS 0x0000000704600000, 0x0000000704600000| Complete 
|  20|0x0000000704800000, 0x0000000704a00000, 0x0000000704a00000|100%| E|CS|TAMS 0x0000000704800000, 0x0000000704800000| Complete 
|  21|0x0000000704a00000, 0x0000000704c00000, 0x0000000704c00000|100%| E|CS|TAMS 0x0000000704a00000, 0x0000000704a00000| Complete 
|  22|0x0000000704c00000, 0x0000000704e00000, 0x0000000704e00000|100%| E|CS|TAMS 0x0000000704c00000, 0x0000000704c00000| Complete 
|  23|0x0000000704e00000, 0x0000000705000000, 0x0000000705000000|100%| E|CS|TAMS 0x0000000704e00000, 0x0000000704e00000| Complete 
|  24|0x0000000705000000, 0x0000000705200000, 0x0000000705200000|100%| E|CS|TAMS 0x0000000705000000, 0x0000000705000000| Complete 
|  25|0x0000000705200000, 0x0000000705400000, 0x0000000705400000|100%| E|CS|TAMS 0x0000000705200000, 0x0000000705200000| Complete 
|  26|0x0000000705400000, 0x0000000705600000, 0x0000000705600000|100%| E|CS|TAMS 0x0000000705400000, 0x0000000705400000| Complete 
|  27|0x0000000705600000, 0x0000000705800000, 0x0000000705800000|100%| E|CS|TAMS 0x0000000705600000, 0x0000000705600000| Complete 
|  28|0x0000000705800000, 0x0000000705a00000, 0x0000000705a00000|100%| E|CS|TAMS 0x0000000705800000, 0x0000000705800000| Complete 
|  29|0x0000000705a00000, 0x0000000705c00000, 0x0000000705c00000|100%| E|CS|TAMS 0x0000000705a00000, 0x0000000705a00000| Complete 
|  41|0x0000000707200000, 0x00000007073ebb78, 0x0000000707400000| 96%| E|CS|TAMS 0x0000000707200000, 0x0000000707200000| Complete 
|  42|0x0000000707400000, 0x0000000707600000, 0x0000000707600000|100%| E|CS|TAMS 0x0000000707400000, 0x0000000707400000| Complete 
|  43|0x0000000707600000, 0x0000000707800000, 0x0000000707800000|100%| E|CS|TAMS 0x0000000707600000, 0x0000000707600000| Complete 
| 126|0x0000000711c00000, 0x0000000711e00000, 0x0000000711e00000|100%| E|CS|TAMS 0x0000000711c00000, 0x0000000711c00000| Complete 

Card table byte_map: [0x000001cf8d090000,0x000001cf8d880000] _byte_map_base: 0x000001cf89880000

Marking Bits (Prev, Next): (CMBitMap*) 0x000001cf86155fe0, (CMBitMap*) 0x000001cf86156020
 Prev Bits: [0x000001cf8e070000, 0x000001cf91ff0000)
 Next Bits: [0x000001cf91ff0000, 0x000001cf95f70000)

Polling page: 0x000001cf858a0000

Metaspace:

Usage:
  Non-class:     35.22 MB used.
      Class:      5.16 MB used.
       Both:     40.39 MB used.

Virtual space:
  Non-class space:       64.00 MB reserved,      35.44 MB ( 55%) committed,  1 nodes.
      Class space:        1.00 GB reserved,       5.38 MB ( <1%) committed,  1 nodes.
             Both:        1.06 GB reserved,      40.81 MB (  4%) committed. 

Chunk freelists:
   Non-Class:  12.28 MB
       Class:  10.56 MB
        Both:  22.84 MB

MaxMetaspaceSize: unlimited
CompressedClassSpaceSize: 1.00 GB
Initial GC threshold: 21.00 MB
Current GC threshold: 59.06 MB
CDS: off
MetaspaceReclaimPolicy: balanced
 - commit_granule_bytes: 65536.
 - commit_granule_words: 8192.
 - virtual_space_node_default_size: 8388608.
 - enlarge_chunks_in_place: 1.
 - new_chunks_are_fully_committed: 0.
 - uncommit_free_chunks: 1.
 - use_allocation_guard: 0.
 - handle_deallocations: 1.


Internal statistics:

num_allocs_failed_limit: 6.
num_arena_births: 568.
num_arena_deaths: 0.
num_vsnodes_births: 2.
num_vsnodes_deaths: 0.
num_space_committed: 653.
num_space_uncommitted: 0.
num_chunks_returned_to_freelist: 6.
num_chunks_taken_from_freelist: 1728.
num_chunk_merges: 6.
num_chunk_splits: 1190.
num_chunks_enlarged: 864.
num_inconsistent_stats: 0.

CodeCache: size=49152Kb used=9074Kb max_used=9074Kb free=40077Kb
 bounds [0x000001cf89790000, 0x000001cf8a070000, 0x000001cf8c790000]
 total_blobs=4477 nmethods=3934 adapters=467
 compilation: enabled
              stopped_count=0, restarted_count=0
 full_count=0

Compilation events (20 events):
Event: 2.929 Thread 0x000001cf98c86760 3925       1       com.mysql.cj.conf.AbstractPropertyDefinition::getDefaultValue (5 bytes)
Event: 2.929 Thread 0x000001cf98b631e0 3926       1       com.mysql.cj.conf.AbstractRuntimeProperty::getPropertyDefinition (5 bytes)
Event: 2.929 Thread 0x000001cf98c86760 nmethod 3925 0x000001cf8a068b90 code [0x000001cf8a068d20, 0x000001cf8a068df8]
Event: 2.929 Thread 0x000001cf98b631e0 nmethod 3926 0x000001cf8a068e90 code [0x000001cf8a069020, 0x000001cf8a0690f8]
Event: 2.929 Thread 0x000001cf98c86760 3927       1       com.mysql.cj.conf.AbstractPropertyDefinition::getName (5 bytes)
Event: 2.929 Thread 0x000001cf9e127310 3928       1       com.mysql.cj.conf.AbstractPropertyDefinition::getCcAlias (5 bytes)
Event: 2.929 Thread 0x000001cf9e127310 nmethod 3928 0x000001cf8a069190 code [0x000001cf8a069320, 0x000001cf8a0693f8]
Event: 2.929 Thread 0x000001cf98c86760 nmethod 3927 0x000001cf8a069490 code [0x000001cf8a069620, 0x000001cf8a0696f8]
Event: 2.933 Thread 0x000001cf98c86760 3929       1       java.nio.MappedByteBuffer::limit (6 bytes)
Event: 2.933 Thread 0x000001cf98c86760 nmethod 3929 0x000001cf8a069790 code [0x000001cf8a069920, 0x000001cf8a069a08]
Event: 2.954 Thread 0x000001cf98c86760 3930   !   1       com.mysql.cj.conf.DefaultPropertySet::getProperty (52 bytes)
Event: 2.954 Thread 0x000001cf98c86760 nmethod 3930 0x000001cf8a06a090 code [0x000001cf8a06a260, 0x000001cf8a06a508]
Event: 2.960 Thread 0x000001cf98c86760 3931       1       java.net.URI::<init> (23 bytes)
Event: 2.960 Thread 0x000001cf98c86760 nmethod 3931 0x000001cf8a06ad10 code [0x000001cf8a06aec0, 0x000001cf8a06b148]
Event: 2.976 Thread 0x000001cf98c86760 3932       1       java.util.zip.Inflater::inflate (9 bytes)
Event: 2.976 Thread 0x000001cf98c86760 nmethod 3932 0x000001cf8a06be10 code [0x000001cf8a06bfa0, 0x000001cf8a06c088]
Event: 2.976 Thread 0x000001cf98c86760 3933       1       jdk.internal.misc.Unsafe::toUnsignedLong (7 bytes)
Event: 2.976 Thread 0x000001cf98c86760 nmethod 3933 0x000001cf8a06c190 code [0x000001cf8a06c320, 0x000001cf8a06c3d8]
Event: 2.979 Thread 0x000001cf98c86760 3934       1       java.lang.invoke.MethodHandleImpl$IntrinsicMethodHandle::<init> (25 bytes)
Event: 2.979 Thread 0x000001cf98c86760 nmethod 3934 0x000001cf8a06c490 code [0x000001cf8a06c640, 0x000001cf8a06c958]

GC Heap History (15 events):
Event: 0.563 GC heap before
{Heap before GC invocations=0 (full 0):
 garbage-first heap   total 260096K, used 22528K [0x0000000702000000, 0x0000000800000000)
  region size 2048K, 11 young (22528K), 0 survivors (0K)
 Metaspace       used 15336K, committed 15616K, reserved 1114112K
  class space    used 1618K, committed 1728K, reserved 1048576K
}
Event: 0.568 GC heap after
{Heap after GC invocations=1 (full 0):
 garbage-first heap   total 260096K, used 7834K [0x0000000702000000, 0x0000000800000000)
  region size 2048K, 2 young (4096K), 2 survivors (4096K)
 Metaspace       used 15336K, committed 15616K, reserved 1114112K
  class space    used 1618K, committed 1728K, reserved 1048576K
}
Event: 0.910 GC heap before
{Heap before GC invocations=1 (full 0):
 garbage-first heap   total 260096K, used 28314K [0x0000000702000000, 0x0000000800000000)
  region size 2048K, 13 young (26624K), 2 survivors (4096K)
 Metaspace       used 19262K, committed 19584K, reserved 1114112K
  class space    used 2194K, committed 2368K, reserved 1048576K
}
Event: 0.914 GC heap after
{Heap after GC invocations=2 (full 0):
 garbage-first heap   total 260096K, used 9564K [0x0000000702000000, 0x0000000800000000)
  region size 2048K, 1 young (2048K), 1 survivors (2048K)
 Metaspace       used 19262K, committed 19584K, reserved 1114112K
  class space    used 2194K, committed 2368K, reserved 1048576K
}
Event: 1.013 GC heap before
{Heap before GC invocations=2 (full 0):
 garbage-first heap   total 260096K, used 19804K [0x0000000702000000, 0x0000000800000000)
  region size 2048K, 7 young (14336K), 1 survivors (2048K)
 Metaspace       used 21257K, committed 21504K, reserved 1114112K
  class space    used 2493K, committed 2624K, reserved 1048576K
}
Event: 1.015 GC heap after
{Heap after GC invocations=3 (full 0):
 garbage-first heap   total 260096K, used 9880K [0x0000000702000000, 0x0000000800000000)
  region size 2048K, 1 young (2048K), 1 survivors (2048K)
 Metaspace       used 21257K, committed 21504K, reserved 1114112K
  class space    used 2493K, committed 2624K, reserved 1048576K
}
Event: 1.251 GC heap before
{Heap before GC invocations=4 (full 0):
 garbage-first heap   total 49152K, used 34456K [0x0000000702000000, 0x0000000800000000)
  region size 2048K, 14 young (28672K), 1 survivors (2048K)
 Metaspace       used 25470K, committed 25728K, reserved 1114112K
  class space    used 3132K, committed 3264K, reserved 1048576K
}
Event: 1.254 GC heap after
{Heap after GC invocations=5 (full 0):
 garbage-first heap   total 49152K, used 11197K [0x0000000702000000, 0x0000000800000000)
  region size 2048K, 2 young (4096K), 2 survivors (4096K)
 Metaspace       used 25470K, committed 25728K, reserved 1114112K
  class space    used 3132K, committed 3264K, reserved 1048576K
}
Event: 1.272 GC heap before
{Heap before GC invocations=5 (full 0):
 garbage-first heap   total 49152K, used 13245K [0x0000000702000000, 0x0000000800000000)
  region size 2048K, 3 young (6144K), 2 survivors (4096K)
 Metaspace       used 25855K, committed 26112K, reserved 1114112K
  class space    used 3168K, committed 3264K, reserved 1048576K
}
Event: 1.276 GC heap after
{Heap after GC invocations=6 (full 0):
 garbage-first heap   total 49152K, used 11478K [0x0000000702000000, 0x0000000800000000)
  region size 2048K, 1 young (2048K), 1 survivors (2048K)
 Metaspace       used 25855K, committed 26112K, reserved 1114112K
  class space    used 3168K, committed 3264K, reserved 1048576K
}
Event: 1.406 GC heap before
{Heap before GC invocations=6 (full 0):
 garbage-first heap   total 49152K, used 27862K [0x0000000702000000, 0x0000000800000000)
  region size 2048K, 9 young (18432K), 1 survivors (2048K)
 Metaspace       used 29054K, committed 29312K, reserved 1114112K
  class space    used 3529K, committed 3648K, reserved 1048576K
}
Event: 1.408 GC heap after
{Heap after GC invocations=7 (full 0):
 garbage-first heap   total 155648K, used 12604K [0x0000000702000000, 0x0000000800000000)
  region size 2048K, 1 young (2048K), 1 survivors (2048K)
 Metaspace       used 29054K, committed 29312K, reserved 1114112K
  class space    used 3529K, committed 3648K, reserved 1048576K
}
Event: 2.373 GC heap before
{Heap before GC invocations=7 (full 0):
 garbage-first heap   total 155648K, used 76092K [0x0000000702000000, 0x0000000800000000)
  region size 2048K, 33 young (67584K), 1 survivors (2048K)
 Metaspace       used 35753K, committed 36096K, reserved 1114112K
  class space    used 4589K, committed 4736K, reserved 1048576K
}
Event: 2.379 GC heap after
{Heap after GC invocations=8 (full 0):
 garbage-first heap   total 155648K, used 16925K [0x0000000702000000, 0x0000000800000000)
  region size 2048K, 3 young (6144K), 3 survivors (6144K)
 Metaspace       used 35753K, committed 36096K, reserved 1114112K
  class space    used 4589K, committed 4736K, reserved 1048576K
}
Event: 2.979 GC heap before
{Heap before GC invocations=9 (full 0):
 garbage-first heap   total 69632K, used 51741K [0x0000000702000000, 0x0000000800000000)
  region size 2048K, 20 young (40960K), 3 survivors (6144K)
 Metaspace       used 41354K, committed 41792K, reserved 1114112K
  class space    used 5284K, committed 5504K, reserved 1048576K
}

Dll operation events (8 events):
Event: 0.006 Loaded shared library C:\sts-4.19.0.RELEASE\plugins\org.eclipse.justj.openjdk.hotspot.jre.full.win32.x86_64_17.0.7.v20230425-1502\jre\bin\java.dll
Event: 0.157 Loaded shared library C:\sts-4.19.0.RELEASE\plugins\org.eclipse.justj.openjdk.hotspot.jre.full.win32.x86_64_17.0.7.v20230425-1502\jre\bin\jimage.dll
Event: 0.169 Loaded shared library C:\sts-4.19.0.RELEASE\plugins\org.eclipse.justj.openjdk.hotspot.jre.full.win32.x86_64_17.0.7.v20230425-1502\jre\bin\net.dll
Event: 0.170 Loaded shared library C:\sts-4.19.0.RELEASE\plugins\org.eclipse.justj.openjdk.hotspot.jre.full.win32.x86_64_17.0.7.v20230425-1502\jre\bin\nio.dll
Event: 0.174 Loaded shared library C:\sts-4.19.0.RELEASE\plugins\org.eclipse.justj.openjdk.hotspot.jre.full.win32.x86_64_17.0.7.v20230425-1502\jre\bin\zip.dll
Event: 0.236 Loaded shared library C:\sts-4.19.0.RELEASE\plugins\org.eclipse.justj.openjdk.hotspot.jre.full.win32.x86_64_17.0.7.v20230425-1502\jre\bin\management.dll
Event: 0.246 Loaded shared library C:\sts-4.19.0.RELEASE\plugins\org.eclipse.justj.openjdk.hotspot.jre.full.win32.x86_64_17.0.7.v20230425-1502\jre\bin\management_ext.dll
Event: 2.678 Loaded shared library C:\sts-4.19.0.RELEASE\plugins\org.eclipse.justj.openjdk.hotspot.jre.full.win32.x86_64_17.0.7.v20230425-1502\jre\bin\sunmscapi.dll

Deoptimization events (4 events):
Event: 1.066 Thread 0x000001cf9dd962b0 DEOPT PACKING pc=0x000001cf89caf9f9 sp=0x00000045715fcc40
Event: 1.066 Thread 0x000001cf9dd962b0 DEOPT UNPACKING pc=0x000001cf897e7143 sp=0x00000045715fc120 mode 3
Event: 2.883 Thread 0x000001cf9dd962b0 DEOPT PACKING pc=0x000001cf8a017c25 sp=0x00000045715f81d0
Event: 2.883 Thread 0x000001cf9dd962b0 DEOPT UNPACKING pc=0x000001cf897e7143 sp=0x00000045715f7738 mode 3

Classes unloaded (0 events):
No events

Classes redefined (0 events):
No events

Internal exceptions (20 events):
Event: 2.263 Thread 0x000001cf9dd962b0 Exception <a 'java/lang/NoClassDefFoundError'{0x0000000707f01d78}: org/springframework/session/jdbc/JdbcIndexedSessionRepository> (0x0000000707f01d78) 
thrown [s\src\hotspot\share\classfile\systemDictionary.cpp, line 245]
Event: 2.292 Thread 0x000001cf9dd962b0 Exception <a 'java/lang/NoSuchMethodError'{0x0000000707c804a0}: 'void java.lang.invoke.DirectMethodHandle$Holder.invokeSpecial(java.lang.Object, java.lang.Object, java.lang.Object, java.lang.Object, java.lang.Object, java.lang.Object)'> (0x0000000707c804a0) 
thrown [s\src\hotspot\share\interpreter\linkResolver.cpp, line 759]
Event: 2.478 Thread 0x000001cf9dd962b0 Exception <a 'java/lang/NoSuchMethodError'{0x00000007058d38e0}: 'void java.lang.invoke.DirectMethodHandle$Holder.invokeInterface(java.lang.Object, java.lang.Object, int)'> (0x00000007058d38e0) 
thrown [s\src\hotspot\share\interpreter\linkResolver.cpp, line 759]
Event: 2.481 Thread 0x000001cf9dd962b0 Exception <a 'java/lang/IncompatibleClassChangeError'{0x0000000705923490}: Found class java.lang.Object, but interface was expected> (0x0000000705923490) 
thrown [s\src\hotspot\share\interpreter\linkResolver.cpp, line 826]
Event: 2.483 Thread 0x000001cf9dd962b0 Exception <a 'java/lang/NoSuchMethodError'{0x000000070593bed0}: 'void java.lang.invoke.DirectMethodHandle$Holder.invokeStatic(java.lang.Object, int, java.lang.Object)'> (0x000000070593bed0) 
thrown [s\src\hotspot\share\interpreter\linkResolver.cpp, line 759]
Event: 2.486 Thread 0x000001cf9dd962b0 Exception <a 'java/lang/NoSuchMethodError'{0x0000000705977c40}: 'void java.lang.invoke.DirectMethodHandle$Holder.invokeVirtual(java.lang.Object, java.lang.Object, int)'> (0x0000000705977c40) 
thrown [s\src\hotspot\share\interpreter\linkResolver.cpp, line 759]
Event: 2.487 Thread 0x000001cf9dd962b0 Exception <a 'java/lang/NoSuchMethodError'{0x000000070597de88}: 'void java.lang.invoke.DirectMethodHandle$Holder.invokeStatic(java.lang.Object, java.lang.Object, java.lang.Object, int, java.lang.Object)'> (0x000000070597de88) 
thrown [s\src\hotspot\share\interpreter\linkResolver.cpp, line 759]
Event: 2.487 Thread 0x000001cf9dd962b0 Exception <a 'java/lang/NoSuchMethodError'{0x0000000705985390}: 'java.lang.Object java.lang.invoke.DirectMethodHandle$Holder.newInvokeSpecial(java.lang.Object, java.lang.Object, java.lang.Object, int)'> (0x0000000705985390) 
thrown [s\src\hotspot\share\interpreter\linkResolver.cpp, line 759]
Event: 2.487 Thread 0x000001cf9dd962b0 Exception <a 'java/lang/NoSuchMethodError'{0x0000000705989678}: 'java.lang.Object java.lang.invoke.DirectMethodHandle$Holder.invokeSpecial(java.lang.Object, java.lang.Object, java.lang.Object, java.lang.Object, int)'> (0x0000000705989678) 
thrown [s\src\hotspot\share\interpreter\linkResolver.cpp, line 759]
Event: 2.487 Thread 0x000001cf9dd962b0 Exception <a 'java/lang/NoSuchMethodError'{0x000000070598d240}: 'java.lang.Object java.lang.invoke.Invokers$Holder.linkToTargetMethod(java.lang.Object, java.lang.Object, int, java.lang.Object)'> (0x000000070598d240) 
thrown [s\src\hotspot\share\interpreter\linkResolver.cpp, line 759]
Event: 2.596 Thread 0x000001cf9dcc2cb0 Exception <a 'java/lang/reflect/InvocationTargetException'{0x00000007053eb6d0}> (0x00000007053eb6d0) 
thrown [s\src\hotspot\share\runtime\reflection.cpp, line 1121]
Event: 2.703 Thread 0x000001cf9dd962b0 Exception <a 'sun/nio/fs/WindowsException'{0x0000000704b2c980}> (0x0000000704b2c980) 
thrown [s\src\hotspot\share\prims\jni.cpp, line 516]
Event: 2.704 Thread 0x000001cf9dd962b0 Exception <a 'sun/nio/fs/WindowsException'{0x0000000704b32378}> (0x0000000704b32378) 
thrown [s\src\hotspot\share\prims\jni.cpp, line 516]
Event: 2.704 Thread 0x000001cf9dd962b0 Exception <a 'sun/nio/fs/WindowsException'{0x0000000704b32668}> (0x0000000704b32668) 
thrown [s\src\hotspot\share\prims\jni.cpp, line 516]
Event: 2.704 Thread 0x000001cf9dd962b0 Exception <a 'sun/nio/fs/WindowsException'{0x0000000704b336e0}> (0x0000000704b336e0) 
thrown [s\src\hotspot\share\prims\jni.cpp, line 516]
Event: 2.704 Thread 0x000001cf9dd962b0 Exception <a 'sun/nio/fs/WindowsException'{0x0000000704b33a38}> (0x0000000704b33a38) 
thrown [s\src\hotspot\share\prims\jni.cpp, line 516]
Event: 2.728 Thread 0x000001cf9dd962b0 Exception <a 'java/lang/NoSuchMethodError'{0x000000070483b2e0}: 'java.lang.Object java.lang.invoke.DirectMethodHandle$Holder.invokeSpecial(java.lang.Object, java.lang.Object, long, java.lang.Object, java.lang.Object, java.lang.Object, java.lang.Object, java.lang.Object, java.lang.Object)'> (0x000000070483b2e0) 
thrown [s\src\hotspot\share\interpreter\linkResolver.cpp, line 759]
Event: 2.728 Thread 0x000001cf9dd962b0 Exception <a 'java/lang/NoSuchMethodError'{0x000000070483fe08}: 'java.lang.Object java.lang.invoke.DelegatingMethodHandle$Holder.reinvoke_L(java.lang.Object, long, java.lang.Object, java.lang.Object, java.lang.Object, java.lang.Object, java.lang.Object, java.lang.Object)'> (0x000000070483fe08) 
thrown [s\src\hotspot\share\interpreter\linkResolver.cpp, line 759]
Event: 2.781 Thread 0x000001cf9dd962b0 Exception <a 'java/io/FileNotFoundException'{0x000000070466c4c0}> (0x000000070466c4c0) 
thrown [s\src\hotspot\share\prims\jni.cpp, line 516]
Event: 2.804 Thread 0x000001cf9dd962b0 Exception <a 'java/lang/NoSuchMethodError'{0x00000007047d5bc0}: 'int java.lang.invoke.DirectMethodHandle$Holder.invokeInterface(java.lang.Object, java.lang.Object, java.lang.Object, java.lang.Object)'> (0x00000007047d5bc0) 
thrown [s\src\hotspot\share\interpreter\linkResolver.cpp, line 759]

VM Operations (20 events):
Event: 2.166 Executing VM operation: ICBufferFull done
Event: 2.181 Executing VM operation: HandshakeAllThreads
Event: 2.181 Executing VM operation: HandshakeAllThreads done
Event: 2.184 Executing VM operation: HandshakeAllThreads
Event: 2.184 Executing VM operation: HandshakeAllThreads done
Event: 2.255 Executing VM operation: HandshakeAllThreads
Event: 2.255 Executing VM operation: HandshakeAllThreads done
Event: 2.373 Executing VM operation: CollectForMetadataAllocation
Event: 2.379 Executing VM operation: CollectForMetadataAllocation done
Event: 2.392 Executing VM operation: G1Concurrent
Event: 2.394 Executing VM operation: G1Concurrent done
Event: 2.399 Executing VM operation: G1Concurrent
Event: 2.400 Executing VM operation: G1Concurrent done
Event: 2.659 Executing VM operation: HandshakeAllThreads
Event: 2.659 Executing VM operation: HandshakeAllThreads done
Event: 2.742 Executing VM operation: HandshakeAllThreads
Event: 2.742 Executing VM operation: HandshakeAllThreads done
Event: 2.835 Executing VM operation: HandshakeAllThreads
Event: 2.835 Executing VM operation: HandshakeAllThreads done
Event: 2.979 Executing VM operation: G1CollectForAllocation

Events (20 events):
Event: 2.959 loading class java/net/DelegatingSocketImpl done
Event: 2.959 loading class java/net/SocksSocketImpl done
Event: 2.959 loading class java/net/SocksSocketImpl$3
Event: 2.959 loading class java/net/SocksSocketImpl$3 done
Event: 2.959 loading class java/net/ProxySelector
Event: 2.959 loading class java/net/ProxySelector done
Event: 2.959 loading class sun/net/spi/DefaultProxySelector
Event: 2.960 loading class sun/net/spi/DefaultProxySelector done
Event: 2.960 loading class java/net/Proxy
Event: 2.960 loading class java/net/Proxy done
Event: 2.960 loading class java/net/Proxy$Type
Event: 2.960 loading class java/net/Proxy$Type done
Event: 2.960 loading class sun/net/spi/DefaultProxySelector$1
Event: 2.960 loading class sun/net/spi/DefaultProxySelector$1 done
Event: 2.960 loading class sun/net/spi/DefaultProxySelector$NonProxyInfo
Event: 2.960 loading class sun/net/spi/DefaultProxySelector$NonProxyInfo done
Event: 2.960 loading class sun/net/spi/DefaultProxySelector$3
Event: 2.960 loading class sun/net/spi/DefaultProxySelector$3 done
Event: 2.961 loading class java/io/EOFException
Event: 2.961 loading class java/io/EOFException done


Dynamic libraries:
0x00007ff78ed50000 - 0x00007ff78ed5e000 	C:\sts-4.19.0.RELEASE\plugins\org.eclipse.justj.openjdk.hotspot.jre.full.win32.x86_64_17.0.7.v20230425-1502\jre\bin\javaw.exe
0x00007ffcf9a70000 - 0x00007ffcf9c84000 	C:\WINDOWS\SYSTEM32\ntdll.dll
0x00007ffcf9510000 - 0x00007ffcf95d2000 	C:\WINDOWS\System32\KERNEL32.DLL
0x00007ffcf6fe0000 - 0x00007ffcf7383000 	C:\WINDOWS\System32\KERNELBASE.dll
0x00007ffcf75f0000 - 0x00007ffcf7701000 	C:\WINDOWS\System32\ucrtbase.dll
0x00007ffce2de0000 - 0x00007ffce2df9000 	C:\sts-4.19.0.RELEASE\plugins\org.eclipse.justj.openjdk.hotspot.jre.full.win32.x86_64_17.0.7.v20230425-1502\jre\bin\VCRUNTIME140.dll
0x00007ffce2dc0000 - 0x00007ffce2dd7000 	C:\sts-4.19.0.RELEASE\plugins\org.eclipse.justj.openjdk.hotspot.jre.full.win32.x86_64_17.0.7.v20230425-1502\jre\bin\jli.dll
0x00007ffcf95f0000 - 0x00007ffcf979b000 	C:\WINDOWS\System32\USER32.dll
0x00007ffcf77b0000 - 0x00007ffcf77d6000 	C:\WINDOWS\System32\win32u.dll
0x00007ffcf84b0000 - 0x00007ffcf84d9000 	C:\WINDOWS\System32\GDI32.dll
0x00007ffcf74d0000 - 0x00007ffcf75e9000 	C:\WINDOWS\System32\gdi32full.dll
0x00007ffcd5b50000 - 0x00007ffcd5dde000 	C:\WINDOWS\WinSxS\amd64_microsoft.windows.common-controls_6595b64144ccf1df_6.0.22621.1635_none_270f70857386168e\COMCTL32.dll
0x00007ffcf7710000 - 0x00007ffcf77aa000 	C:\WINDOWS\System32\msvcp_win.dll
0x00007ffcf7fa0000 - 0x00007ffcf8047000 	C:\WINDOWS\System32\msvcrt.dll
0x00007ffcf8ae0000 - 0x00007ffcf8b11000 	C:\WINDOWS\System32\IMM32.DLL
0x00007ffce7540000 - 0x00007ffce754c000 	C:\sts-4.19.0.RELEASE\plugins\org.eclipse.justj.openjdk.hotspot.jre.full.win32.x86_64_17.0.7.v20230425-1502\jre\bin\vcruntime140_1.dll
0x00007ffcd6670000 - 0x00007ffcd6701000 	C:\sts-4.19.0.RELEASE\plugins\org.eclipse.justj.openjdk.hotspot.jre.full.win32.x86_64_17.0.7.v20230425-1502\jre\bin\msvcp140.dll
0x00007ffc73060000 - 0x00007ffc73ca8000 	C:\sts-4.19.0.RELEASE\plugins\org.eclipse.justj.openjdk.hotspot.jre.full.win32.x86_64_17.0.7.v20230425-1502\jre\bin\server\jvm.dll
0x00007ffcf9460000 - 0x00007ffcf950e000 	C:\WINDOWS\System32\ADVAPI32.dll
0x00007ffcf8a30000 - 0x00007ffcf8ad4000 	C:\WINDOWS\System32\sechost.dll
0x00007ffcf7930000 - 0x00007ffcf7a47000 	C:\WINDOWS\System32\RPCRT4.dll
0x00007ffcd6980000 - 0x00007ffcd6989000 	C:\WINDOWS\SYSTEM32\WSOCK32.dll
0x00007ffcf7aa0000 - 0x00007ffcf7b11000 	C:\WINDOWS\System32\WS2_32.dll
0x00007ffce4230000 - 0x00007ffce4264000 	C:\WINDOWS\SYSTEM32\WINMM.dll
0x00007ffce9a40000 - 0x00007ffce9a4a000 	C:\WINDOWS\SYSTEM32\VERSION.dll
0x00007ffcf5f70000 - 0x00007ffcf5f88000 	C:\WINDOWS\SYSTEM32\kernel.appcore.dll
0x00007ffce7ad0000 - 0x00007ffce7ada000 	C:\sts-4.19.0.RELEASE\plugins\org.eclipse.justj.openjdk.hotspot.jre.full.win32.x86_64_17.0.7.v20230425-1502\jre\bin\jimage.dll
0x00007ffcf4830000 - 0x00007ffcf4a5e000 	C:\WINDOWS\SYSTEM32\DBGHELP.DLL
0x00007ffcf84e0000 - 0x00007ffcf8869000 	C:\WINDOWS\System32\combase.dll
0x00007ffcf7850000 - 0x00007ffcf7927000 	C:\WINDOWS\System32\OLEAUT32.dll
0x00007ffce7500000 - 0x00007ffce7532000 	C:\WINDOWS\SYSTEM32\dbgcore.DLL
0x00007ffcf7450000 - 0x00007ffcf74cb000 	C:\WINDOWS\System32\bcryptPrimitives.dll
0x00007ffce7380000 - 0x00007ffce73a5000 	C:\sts-4.19.0.RELEASE\plugins\org.eclipse.justj.openjdk.hotspot.jre.full.win32.x86_64_17.0.7.v20230425-1502\jre\bin\java.dll
0x00007ffce6bc0000 - 0x00007ffce6bd8000 	C:\sts-4.19.0.RELEASE\plugins\org.eclipse.justj.openjdk.hotspot.jre.full.win32.x86_64_17.0.7.v20230425-1502\jre\bin\zip.dll
0x00007ffcf8b20000 - 0x00007ffcf931a000 	C:\WINDOWS\System32\SHELL32.dll
0x00007ffcf4d10000 - 0x00007ffcf55de000 	C:\WINDOWS\SYSTEM32\windows.storage.dll
0x00007ffcf4bd0000 - 0x00007ffcf4d0e000 	C:\WINDOWS\SYSTEM32\wintypes.dll
0x00007ffcf83a0000 - 0x00007ffcf8491000 	C:\WINDOWS\System32\SHCORE.dll
0x00007ffcf8100000 - 0x00007ffcf815e000 	C:\WINDOWS\System32\shlwapi.dll
0x00007ffcf6da0000 - 0x00007ffcf6dc1000 	C:\WINDOWS\SYSTEM32\profapi.dll
0x00007ffce6b60000 - 0x00007ffce6b79000 	C:\sts-4.19.0.RELEASE\plugins\org.eclipse.justj.openjdk.hotspot.jre.full.win32.x86_64_17.0.7.v20230425-1502\jre\bin\net.dll
0x00007ffceabf0000 - 0x00007ffcead27000 	C:\WINDOWS\SYSTEM32\WINHTTP.dll
0x00007ffcf63d0000 - 0x00007ffcf6439000 	C:\WINDOWS\system32\mswsock.dll
0x00007ffce6ac0000 - 0x00007ffce6ad5000 	C:\sts-4.19.0.RELEASE\plugins\org.eclipse.justj.openjdk.hotspot.jre.full.win32.x86_64_17.0.7.v20230425-1502\jre\bin\nio.dll
0x00007ffce4c20000 - 0x00007ffce4c29000 	C:\sts-4.19.0.RELEASE\plugins\org.eclipse.justj.openjdk.hotspot.jre.full.win32.x86_64_17.0.7.v20230425-1502\jre\bin\management.dll
0x00007ffce0a30000 - 0x00007ffce0a3b000 	C:\sts-4.19.0.RELEASE\plugins\org.eclipse.justj.openjdk.hotspot.jre.full.win32.x86_64_17.0.7.v20230425-1502\jre\bin\management_ext.dll
0x00007ffcf95e0000 - 0x00007ffcf95e8000 	C:\WINDOWS\System32\PSAPI.DLL
0x00007ffccfe30000 - 0x00007ffccfe47000 	C:\WINDOWS\system32\napinsp.dll
0x00007ffccfe10000 - 0x00007ffccfe2b000 	C:\WINDOWS\system32\pnrpnsp.dll
0x00007ffcf5970000 - 0x00007ffcf5a63000 	C:\WINDOWS\SYSTEM32\DNSAPI.dll
0x00007ffcf5910000 - 0x00007ffcf593d000 	C:\WINDOWS\SYSTEM32\IPHLPAPI.DLL
0x00007ffcf84a0000 - 0x00007ffcf84a9000 	C:\WINDOWS\System32\NSI.dll
0x00007ffccfdf0000 - 0x00007ffccfe01000 	C:\WINDOWS\System32\winrnr.dll
0x00007ffce31d0000 - 0x00007ffce31e5000 	C:\WINDOWS\system32\wshbth.dll
0x00007ffccfdc0000 - 0x00007ffccfde1000 	C:\WINDOWS\system32\nlansp_c.dll
0x00007ffcea2d0000 - 0x00007ffcea2da000 	C:\Windows\System32\rasadhlp.dll
0x00007ffcea1c0000 - 0x00007ffcea244000 	C:\WINDOWS\System32\fwpuclnt.dll
0x00007ffcf66f0000 - 0x00007ffcf670b000 	C:\WINDOWS\SYSTEM32\CRYPTSP.dll
0x00007ffcf5ee0000 - 0x00007ffcf5f15000 	C:\WINDOWS\system32\rsaenh.dll
0x00007ffcf6470000 - 0x00007ffcf6498000 	C:\WINDOWS\SYSTEM32\USERENV.dll
0x00007ffcf6840000 - 0x00007ffcf6868000 	C:\WINDOWS\SYSTEM32\bcrypt.dll
0x00007ffcf66d0000 - 0x00007ffcf66dc000 	C:\WINDOWS\SYSTEM32\CRYPTBASE.dll
0x00007ffcef370000 - 0x00007ffcef389000 	C:\WINDOWS\SYSTEM32\dhcpcsvc6.DLL
0x00007ffcea2e0000 - 0x00007ffcea2ff000 	C:\WINDOWS\SYSTEM32\dhcpcsvc.DLL
0x00007ffcc0bc0000 - 0x00007ffcc0bce000 	C:\sts-4.19.0.RELEASE\plugins\org.eclipse.justj.openjdk.hotspot.jre.full.win32.x86_64_17.0.7.v20230425-1502\jre\bin\sunmscapi.dll
0x00007ffcf6e70000 - 0x00007ffcf6fd7000 	C:\WINDOWS\System32\CRYPT32.dll
0x00007ffcf6810000 - 0x00007ffcf683e000 	C:\WINDOWS\SYSTEM32\ncrypt.dll
0x00007ffcf67d0000 - 0x00007ffcf6807000 	C:\WINDOWS\SYSTEM32\NTASN1.dll

dbghelp: loaded successfully - version: 4.0.5 - missing functions: none
symbol engine: initialized successfully - sym options: 0x614 - pdb path: .;C:\sts-4.19.0.RELEASE\plugins\org.eclipse.justj.openjdk.hotspot.jre.full.win32.x86_64_17.0.7.v20230425-1502\jre\bin;C:\WINDOWS\SYSTEM32;C:\WINDOWS\WinSxS\amd64_microsoft.windows.common-controls_6595b64144ccf1df_6.0.22621.1635_none_270f70857386168e;C:\sts-4.19.0.RELEASE\plugins\org.eclipse.justj.openjdk.hotspot.jre.full.win32.x86_64_17.0.7.v20230425-1502\jre\bin\server

VM Arguments:
jvm_args: -Dcom.sun.management.jmxremote -Dcom.sun.management.jmxremote.port=50299 -Dcom.sun.management.jmxremote.authenticate=false -Dcom.sun.management.jmxremote.ssl=false -Djava.rmi.server.hostname=localhost -Dspring.jmx.enabled=true -Dmanagement.endpoints.jmx.exposure.include=* -Dspring.application.admin.enabled=true -XX:TieredStopAtLevel=1 -Dspring.boot.project.name=HPS_APP -Dfile.encoding=UTF-8 -XX:+ShowCodeDetailsInExceptionMessages 
java_command: com.example.hps.HpsAppApplication --spring.output.ansi.enabled=always
java_class_path (initial): C:\Users\ayoub\Documents\workspace-spring-tool-suite-4-4.18.0.RELEASE\HPS_APP\target\classes;C:\Users\ayoub\.m2\repository\org\springframework\boot\spring-boot-starter-data-rest\3.1.1\spring-boot-starter-data-rest-3.1.1.jar;C:\Users\ayoub\.m2\repository\org\springframework\boot\spring-boot-starter-web\3.1.1\spring-boot-starter-web-3.1.1.jar;C:\Users\ayoub\.m2\repository\org\springframework\boot\spring-boot-starter-json\3.1.1\spring-boot-starter-json-3.1.1.jar;C:\Users\ayoub\.m2\repository\com\fasterxml\jackson\datatype\jackson-datatype-jdk8\2.15.2\jackson-datatype-jdk8-2.15.2.jar;C:\Users\ayoub\.m2\repository\com\fasterxml\jackson\datatype\jackson-datatype-jsr310\2.15.2\jackson-datatype-jsr310-2.15.2.jar;C:\Users\ayoub\.m2\repository\com\fasterxml\jackson\module\jackson-module-parameter-names\2.15.2\jackson-module-parameter-names-2.15.2.jar;C:\Users\ayoub\.m2\repository\org\springframework\boot\spring-boot-starter-tomcat\3.1.1\spring-boot-starter-tomcat-3.1.1.jar;C:\Users\ayoub\.m2\repository\org\apache\tomcat\embed\tomcat-embed-core\10.1.10\tomcat-embed-core-10.1.10.jar;C:\Users\ayoub\.m2\repository\org\apache\tomcat\embed\tomcat-embed-websocket\10.1.10\tomcat-embed-websocket-10.1.10.jar;C:\Users\ayoub\.m2\repository\org\springframework\spring-web\6.0.10\spring-web-6.0.10.jar;C:\Users\ayoub\.m2\repository\io\micrometer\micrometer-observation\1.11.1\micrometer-observation-1.11.1.jar;C:\Users\ayoub\.m2\repository\io\micrometer\micrometer-commons\1.11.1\micrometer-commons-1.11.1.jar;C:\Users\ayoub\.m2\repository\org\springframework\spring-webmvc\6.0.10\spring-webmvc-6.0.10.jar;C:\Users\ayoub\.m2\repository\org\springframework\spring-expression\6.0.10\spring-expression-6.0.10.jar;C:\Users\ayoub\.m2\repository\org\springframework\data\spring-data-rest-webmvc\4.1.1\spring-data-rest-webmvc-4.1.1.jar;C:\Users\ayoub\.m2\repository\org\springframework\data\spring-data-rest-core\4.1.1\spring-data-rest-core-4.1.1.jar;C:\Users\ayoub\.m2\repository\o
Launcher Type: SUN_STANDARD

[Global flags]
     intx CICompilerCount                          = 4                                         {product} {ergonomic}
     uint ConcGCThreads                            = 2                                         {product} {ergonomic}
     uint G1ConcRefinementThreads                  = 8                                         {product} {ergonomic}
   size_t G1HeapRegionSize                         = 2097152                                   {product} {ergonomic}
    uintx GCDrainStackTargetSize                   = 64                                        {product} {ergonomic}
   size_t InitialHeapSize                          = 266338304                                 {product} {ergonomic}
     bool ManagementServer                         = true                                      {product} {command line}
   size_t MarkStackSize                            = 4194304                                   {product} {ergonomic}
   size_t MaxHeapSize                              = 4261412864                                {product} {ergonomic}
   size_t MaxNewSize                               = 2556428288                                {product} {ergonomic}
   size_t MinHeapDeltaBytes                        = 2097152                                   {product} {ergonomic}
   size_t MinHeapSize                              = 8388608                                   {product} {ergonomic}
    uintx NonProfiledCodeHeapSize                  = 0                                      {pd product} {ergonomic}
     bool ProfileInterpreter                       = false                                  {pd product} {command line}
    uintx ProfiledCodeHeapSize                     = 0                                      {pd product} {ergonomic}
     bool ShowCodeDetailsInExceptionMessages       = true                                   {manageable} {command line}
   size_t SoftMaxHeapSize                          = 4261412864                             {manageable} {ergonomic}
     intx TieredStopAtLevel                        = 1                                         {product} {command line}
     bool UseCompressedClassPointers               = true                           {product lp64_product} {ergonomic}
     bool UseCompressedOops                        = true                           {product lp64_product} {ergonomic}
     bool UseG1GC                                  = true                                      {product} {ergonomic}
     bool UseLargePagesIndividualAllocation        = false                                  {pd product} {ergonomic}

Logging:
Log output configuration:
 #0: stdout all=warning uptime,level,tags
 #1: stderr all=off uptime,level,tags

Environment Variables:
PATH=C:/sts-4.19.0.RELEASE//plugins/org.eclipse.justj.openjdk.hotspot.jre.full.win32.x86_64_17.0.7.v20230425-1502/jre/bin/server;C:/sts-4.19.0.RELEASE//plugins/org.eclipse.justj.openjdk.hotspot.jre.full.win32.x86_64_17.0.7.v20230425-1502/jre/bin;C:\Orcl\WINDOWS.X64_193000_db_home\bin;C:\Program Files (x86)\Common Files\Oracle\Java\javapath;C:\WINDOWS\system32;C:\WINDOWS;C:\WINDOWS\System32\Wbem;C:\WINDOWS\System32\WindowsPowerShell\v1.0\;C:\WINDOWS\System32\OpenSSH\;C:\Program Files\Java\jdk1.8.0_361\bin;C:\Program Files\nodejs\;C:\Program Files\Git\cmd;C:\Program Files\apache-maven-3.8.8\bin;;C:\Program Files\Docker\Docker\resources\bin;C:\Users\ayoub\AppData\Local\Programs\Python\Python311\Scripts\;C:\Users\ayoub\AppData\Local\Programs\Python\Python311\;C:\Users\ayoub\AppData\Local\Microsoft\WindowsApps;C:\Users\ayoub\AppData\Local\Programs\Microsoft VS Code\bin;C:\Users\ayoub\AppData\Roaming\npm;C:\Users\ayoub\AppData\Local\GitHubDesktop\bin;D:\flutter_Dev\bin;;C:\sts-4.19.0.RELEASE;
USERNAME=ayoub
OS=Windows_NT
PROCESSOR_IDENTIFIER=Intel64 Family 6 Model 142 Stepping 12, GenuineIntel
TMP=C:\Users\ayoub\AppData\Local\Temp
TEMP=C:\Users\ayoub\AppData\Local\Temp



---------------  S Y S T E M  ---------------

OS:
 Windows 11 , 64 bit Build 22621 (10.0.22621.1778)
OS uptime: 0 days 0:14 hours
Hyper-V role detected

CPU: total 8 (initial active 8) (4 cores per cpu, 2 threads per core) family 6 model 142 stepping 12 microcode 0xec, cx8, cmov, fxsr, ht, mmx, 3dnowpref, sse, sse2, sse3, ssse3, sse4.1, sse4.2, popcnt, lzcnt, tsc, tscinvbit, avx, avx2, aes, erms, clmul, bmi1, bmi2, adx, fma, vzeroupper, clflush, clflushopt, hv

Memory: 4k page, system-wide physical 16254M (9560M free)
TotalPageFile size 32638M (AvailPageFile size 21280M)
current process WorkingSet (physical memory assigned to process): 169M, peak: 203M
current process commit charge ("private bytes"): 207M, peak: 363M

vm_info: OpenJDK 64-Bit Server VM (17.0.7+7) for windows-amd64 JRE (17.0.7+7), built on Apr 18 2023 22:10:42 by "temurin" with MS VC++ 16.7 (VS2019)

END.
