#
# A fatal error has been detected by the Java Runtime Environment:
#
#  EXCEPTION_ACCESS_VIOLATION (0xc0000005) at pc=0x00007ffc2f8bec07, pid=17440, tid=18564
#
# JRE version: OpenJDK Runtime Environment Temurin-17.0.7+7 (17.0.7+7) (build 17.0.7+7)
# Java VM: OpenJDK 64-Bit Server VM Temurin-17.0.7+7 (17.0.7+7, mixed mode, emulated-client, tiered, compressed oops, compressed class ptrs, g1 gc, windows-amd64)
# Problematic frame:
# V  [jvm.dll+0x62ec07]
#
# No core dump will be written. Minidumps are not enabled by default on client versions of Windows
#
# If you would like to submit a bug report, please visit:
#   https://github.com/adoptium/adoptium-support/issues
#

---------------  S U M M A R Y ------------

Command Line: -Dcom.sun.management.jmxremote -Dcom.sun.management.jmxremote.port=63661 -Dcom.sun.management.jmxremote.authenticate=false -Dcom.sun.management.jmxremote.ssl=false -Djava.rmi.server.hostname=localhost -Dspring.jmx.enabled=true -Dmanagement.endpoints.jmx.exposure.include=* -Dspring.application.admin.enabled=true -XX:TieredStopAtLevel=1 -Dspring.boot.project.name=HPS_Projet_BackEnd -Dfile.encoding=UTF-8 -XX:+ShowCodeDetailsInExceptionMessages com.example.hps.HpsAppApplication --spring.output.ansi.enabled=always

Host: Intel(R) Core(TM) i7-8565U CPU @ 1.80GHz, 8 cores, 15G,  Windows 11 , 64 bit Build 22621 (10.0.22621.2215)
Time: Mon Sep  4 14:54:04 2023 Morocco Daylight Time elapsed time: 174.572462 seconds (0d 0h 2m 54s)

---------------  T H R E A D  ---------------

Current thread (0x00000244c37efd00):  GCTaskThread "GC Thread#0" [stack: 0x0000008756a00000,0x0000008756b00000] [id=18564]

Stack: [0x0000008756a00000,0x0000008756b00000],  sp=0x0000008756aff810,  free space=1022k
Native frames: (J=compiled Java code, j=interpreted, Vv=VM code, C=native code)
V  [jvm.dll+0x62ec07]
V  [jvm.dll+0x36de28]
V  [jvm.dll+0x682192]
V  [jvm.dll+0x309082]
V  [jvm.dll+0x860ffb]
V  [jvm.dll+0x861046]
V  [jvm.dll+0x7e4e7a]
V  [jvm.dll+0x676395]
C  [ucrtbase.dll+0x29363]
C  [KERNEL32.DLL+0x1257d]
C  [ntdll.dll+0x5aa68]


siginfo: EXCEPTION_ACCESS_VIOLATION (0xc0000005), reading address 0x000000c000000100


Register to memory mapping:

RIP=0x00007ffc2f8bec07 jvm.dll
RAX=0x0000000000000050 is an unknown value
RBX=0x00000244c35d6a50 points into unknown readable memory: 0x0000000000000000 | 00 00 00 00 00 00 00 00
RCX=0x000000c000000000 is an unknown value
RDX=0x0 is NULL
RSP=0x0000008756aff810 points into unknown readable memory: 0x0000008756ffe870 | 70 e8 ff 56 87 00 00 00
RBP=0x0000000800acd8e8 is a pointer to class: 
nonapi.io.github.classgraph.fastzipfilereader.NestedJarHandler {0x0000000800acd8f0}
 - instance size:     7
 - klass size:        72
 - access:            public synchronized 
 - state:             fully_initialized
 - name:              'nonapi/io/github/classgraph/fastzipfilereader/NestedJarHandler'
 - super:             'java/lang/Object'
 - sub:               
 - arrays:            NULL
 - methods:           Array<T>(0x00000244e1342f68)
 - method ordering:   Array<T>(0x00000244d9000018)
 - default_methods:   Array<T>(0x0000000000000000)
 - local interfaces:  Array<T>(0x00000244d9000058)
 - trans. interfaces: Array<T>(0x00000244d9000058)
 - constants:         constant pool [612] {0x00000244e1341b38} for 'nonapi/io/github/classgraph/fastzipfilereader/NestedJarHandler' cache=0x00000244e134cf80
 - class loader data:  loader data: 0x00000244d828c900 for instance a 'jdk/internal/loader/ClassLoaders$AppClassLoader'{0x000000070240ef08}
 - source file:       'NestedJarHandler.java'
 - class annotations:       Array<T>(0x0000000000000000)
 - class type annotations:  Array<T>(0x0000000000000000)
 - field annotations:       Array<T>(0x0000000000000000)
 - field type annotations:  Array<T>(0x0000000000000000)
 - inner classes:     Array<T>(0x00000244e1344710)
 - nest members:     Array<T>(0x00000244d9000028)
 - permitted subclasses:     Array<T>(0x00000244d9000028)
 - java mirror:       a 'java/lang/Class'{0x00000007041ee368} = 'nonapi/io/github/classgraph/fastzipfilereader/NestedJarHandler'
 - vtable length      12  (start addr: 0x0000000800acdab0)
 - itable length      2 (start addr: 0x0000000800acdb10)
 - ---- static fields (2 words):
 - public static final 'TEMP_FILENAME_LEAF_SEPARATOR' 'Ljava/lang/String;' @112 
 - private static final 'DEFAULT_BUFFER_SIZE' 'I' @116 
 - private static final 'MAX_INITIAL_BUFFER_SIZE' 'I' @120 
 - private static final 'HTTP_TIMEOUT' 'I' @124 
 - ---- non-static fields (11 words):
 - public final 'scanSpec' 'Lnonapi/io/github/classgraph/scanspec/ScanSpec;' @12 
 - private 'canonicalFileToPhysicalZipFileMap' 'Lnonapi/io/github/classgraph/concurrency/SingletonMap;' @16 
 - private 'fastZipEntryToZipFileSliceMap' 'Lnonapi/io/github/classgraph/concurrency/SingletonMap;' @20 
 - private 'zipFileSliceToLogicalZipFileMap' 'Lnonapi/io/github/classgraph/concurrency/SingletonMap;' @24 
 - public 'nestedPathToLogicalZipFileAndPackageRootMap' 'Lnonapi/io/github/classgraph/concurrency/SingletonMap;' @28 
 - public 'moduleRefToModuleReaderProxyRecyclerMap' 'Lnonapi/io/github/classgraph/concurrency/SingletonMap;' @32 
 - private 'inflaterRecycler' 'Lnonapi/io/github/classgraph/recycler/Recycler;' @36 
 - private 'openSlices' 'Ljava/util/Set;' @40 
 - private 'tempFiles' 'Ljava/util/Set;' @44 
 - private final 'closed' 'Ljava/util/concurrent/atomic/AtomicBoolean;' @48 
 - public 'interruptionChecker' 'Lnonapi/io/github/classgraph/concurrency/InterruptionChecker;' @52 
 - non-static oop maps: 12-52 
RSI=0x000000c000000000 is an unknown value
RDI=0x000000000000000f is an unknown value
R8 =0x0000000000000003 is an unknown value
R9 =0x00000000000007ff is an unknown value
R10=0x00000244c9709560 is at entry_point+-32 in (nmethod*)0x00000244c9709290
R11=0x0000008756aff8d0 points into unknown readable memory: 0x0000000000000000 | 00 00 00 00 00 00 00 00
R12=0x0 is NULL
R13=0x0 is NULL
R14=0x0 is NULL
R15=0x00000000000003d8 is an unknown value


Registers:
RAX=0x0000000000000050, RBX=0x00000244c35d6a50, RCX=0x000000c000000000, RDX=0x0000000000000000
RSP=0x0000008756aff810, RBP=0x0000000800acd8e8, RSI=0x000000c000000000, RDI=0x000000000000000f
R8 =0x0000000000000003, R9 =0x00000000000007ff, R10=0x00000244c9709560, R11=0x0000008756aff8d0
R12=0x0000000000000000, R13=0x0000000000000000, R14=0x0000000000000000, R15=0x00000000000003d8
RIP=0x00007ffc2f8bec07, EFLAGS=0x0000000000010202

Top of Stack: (sp=0x0000008756aff810)
0x0000008756aff810:   0000008756ffe870 00000244c35d05e0
0x0000008756aff820:   0000000000000000 00000244c35d05e0
0x0000008756aff830:   0000000000000001 00007ffc2f4857b3
0x0000008756aff840:   00000000000003d8 0000000000000078
0x0000008756aff850:   0000000000000000 0000000000000000
0x0000008756aff860:   000000000000000f 00007ffc2f5fde28
0x0000008756aff870:   00000244c9705b10 000000c000000000
0x0000008756aff880:   0000000800acd8e8 00000244c3795fe0
0x0000008756aff890:   00000244c37963c8 00000244c368aa50
0x0000008756aff8a0:   00000244c3795fe0 00000244c3795ff0
0x0000008756aff8b0:   0000008756ffe8a8 00007ffc2f912192
0x0000008756aff8c0:   0000be9d8549caf8 0000000000000001
0x0000008756aff8d0:   0000000000000000 00000244c37efd00
0x0000008756aff8e0:   0000000000000000 00000244c37efd00
0x0000008756aff8f0:   0000000000000005 00007ffc2f599082
0x0000008756aff900:   0000008756ffe850 0000000000000000 

Instructions: (pc=0x00007ffc2f8bec07)
0x00007ffc2f8beb07:   8b cb e8 32 1d 00 00 48 8b cb 48 3b d8 73 1a 48
0x00007ffc2f8beb17:   f7 df 0f 1f 80 00 00 00 00 48 8b 11 48 89 14 f9
0x00007ffc2f8beb27:   48 83 c1 08 48 3b c8 72 f0 0f b6 03 3c 01 76 32
0x00007ffc2f8beb37:   3c 0d 75 07 b8 10 00 00 00 eb 2c 4c 8d 0d 4f f0
0x00007ffc2f8beb47:   36 00 89 44 24 20 41 b8 64 05 00 00 48 8d 15 56
0x00007ffc2f8beb57:   f0 36 00 b9 00 00 00 e0 e8 7c 7a c1 ff e8 f7 84
0x00007ffc2f8beb67:   04 00 b8 08 00 00 00 48 03 d8 48 3b dd 0f 82 86
0x00007ffc2f8beb77:   fe ff ff eb 2d 85 f6 74 29 4c 8d 04 fd 00 00 00
0x00007ffc2f8beb87:   00 48 8b cb 49 2b c8 49 c1 e8 03 48 3b cb 4d 0f
0x00007ffc2f8beb97:   47 c7 4d 85 c0 74 0b 49 c1 e0 03 33 d2 e8 a9 15
0x00007ffc2f8beba7:   26 00 48 8b 7c 24 68 4c 8b 64 24 70 48 83 c4 30
0x00007ffc2f8bebb7:   41 5f 41 5e 5e 5d 5b c3 cc 48 89 5c 24 10 48 89
0x00007ffc2f8bebc7:   6c 24 18 48 89 74 24 20 57 41 54 41 55 41 56 41
0x00007ffc2f8bebd7:   57 48 83 ec 30 65 48 8b 04 25 58 00 00 00 44 0f
0x00007ffc2f8bebe7:   b6 f2 44 8b 05 c8 bd 57 00 48 8b f1 4a 8b 1c c0
0x00007ffc2f8bebf7:   b8 50 00 00 00 80 3c 18 00 75 05 e8 79 03 26 00
0x00007ffc2f8bec07:   83 be 00 01 00 00 00 b8 20 00 00 00 48 8b 04 18
0x00007ffc2f8bec17:   48 8b a8 30 02 00 00 48 8b 7d 28 4c 8b 7d 10 4c
0x00007ffc2f8bec27:   8b 65 18 4c 8b 6d 20 48 89 7c 24 60 7e 65 48 8d
0x00007ffc2f8bec37:   8e 08 01 00 00 e8 ff 0b 00 00 48 8b f8 48 85 c0
0x00007ffc2f8bec47:   74 4c 0f 1f 80 00 00 00 00 48 8b 07 41 0f b6 d6
0x00007ffc2f8bec57:   48 8b cf ff 90 80 00 00 00 8b 5f 08 48 8b cf 48
0x00007ffc2f8bec67:   8b 07 2b de ff 10 8d 48 e0 8d 0c cb 3b 8e 00 01
0x00007ffc2f8bec77:   00 00 7d 1a 48 63 c1 48 8d 8e 08 01 00 00 48 03
0x00007ffc2f8bec87:   c8 e8 b3 0b 00 00 48 8b f8 48 85 c0 75 bb 48 8b
0x00007ffc2f8bec97:   7c 24 60 48 63 86 04 01 00 00 83 f8 fe 74 35 48
0x00007ffc2f8beca7:   8d 8e 08 01 00 00 48 03 c8 e8 8b 0b 00 00 48 8b
0x00007ffc2f8becb7:   c8 48 8b d8 48 8b 10 ff 52 68 33 c9 84 c0 48 0f
0x00007ffc2f8becc7:   45 cb 48 85 c9 74 0d 48 8b 01 41 0f b6 d6 ff 90
0x00007ffc2f8becd7:   80 00 00 00 48 8d 05 76 f2 36 00 44 88 74 24 28
0x00007ffc2f8bece7:   48 8d 54 24 20 48 89 44 24 20 48 8b ce e8 b7 fc
0x00007ffc2f8becf7:   ff ff 49 83 3f 00 74 13 48 8b d7 48 8b cd e8 36 


Stack slot to memory mapping:
stack at sp + 0 slots: 0x0000008756ffe870 points into unknown readable memory: 0x00007ffc2fbc8ce8 | e8 8c bc 2f fc 7f 00 00
stack at sp + 1 slots: 0x00000244c35d05e0 points into unknown readable memory: 0x0000000300000001 | 01 00 00 00 03 00 00 00
stack at sp + 2 slots: 0x0 is NULL
stack at sp + 3 slots: 0x00000244c35d05e0 points into unknown readable memory: 0x0000000300000001 | 01 00 00 00 03 00 00 00
stack at sp + 4 slots: 0x0000000000000001 is an unknown value
stack at sp + 5 slots: 0x00007ffc2f4857b3 jvm.dll
stack at sp + 6 slots: 0x00000000000003d8 is an unknown value
stack at sp + 7 slots: 0x0000000000000078 is an unknown value


---------------  P R O C E S S  ---------------

Threads class SMR info:
_java_thread_list=0x00000244df7d86f0, length=20, elements={
0x00000244d8114a10, 0x00000244d8115880, 0x00000244d8137bf0, 0x00000244d813a620,
0x00000244d813aee0, 0x00000244d8183000, 0x00000244d8185680, 0x00000244d81be930,
0x00000244d80b0f50, 0x00000244d834e030, 0x00000244d8b54900, 0x00000244d8b786c0,
0x00000244d8afae20, 0x00000244dd806a20, 0x00000244dd82ed60, 0x00000244dd830a40,
0x00000244dd82fbd0, 0x00000244dd82def0, 0x00000244dfb3b6f0, 0x00000244dfb39070
}

Java Threads: ( => current thread )
  0x00000244d8114a10 JavaThread "Reference Handler" daemon [_thread_blocked, id=9064, stack(0x0000008757000000,0x0000008757100000)]
  0x00000244d8115880 JavaThread "Finalizer" daemon [_thread_blocked, id=1780, stack(0x0000008757100000,0x0000008757200000)]
  0x00000244d8137bf0 JavaThread "Signal Dispatcher" daemon [_thread_blocked, id=1776, stack(0x0000008757200000,0x0000008757300000)]
  0x00000244d813a620 JavaThread "Attach Listener" daemon [_thread_blocked, id=17572, stack(0x0000008757300000,0x0000008757400000)]
  0x00000244d813aee0 JavaThread "Service Thread" daemon [_thread_blocked, id=17552, stack(0x0000008757400000,0x0000008757500000)]
  0x00000244d8183000 JavaThread "Monitor Deflation Thread" daemon [_thread_blocked, id=18140, stack(0x0000008757500000,0x0000008757600000)]
  0x00000244d8185680 JavaThread "C1 CompilerThread0" daemon [_thread_blocked, id=17528, stack(0x0000008757600000,0x0000008757700000)]
  0x00000244d81be930 JavaThread "Sweeper thread" daemon [_thread_blocked, id=17900, stack(0x0000008757700000,0x0000008757800000)]
  0x00000244d80b0f50 JavaThread "Common-Cleaner" daemon [_thread_blocked, id=16556, stack(0x0000008757800000,0x0000008757900000)]
  0x00000244d834e030 JavaThread "Notification Thread" daemon [_thread_blocked, id=16592, stack(0x0000008757b00000,0x0000008757c00000)]
  0x00000244d8b54900 JavaThread "RMI TCP Accept-0" daemon [_thread_in_native, id=18600, stack(0x0000008757c00000,0x0000008757d00000)]
  0x00000244d8b786c0 JavaThread "RMI TCP Accept-63661" daemon [_thread_in_native, id=18588, stack(0x0000008757d00000,0x0000008757e00000)]
  0x00000244d8afae20 JavaThread "RMI TCP Accept-0" daemon [_thread_in_native, id=18604, stack(0x0000008757e00000,0x0000008757f00000)]
  0x00000244dd806a20 JavaThread "RMI Scheduler(0)" daemon [_thread_blocked, id=8508, stack(0x0000008758c00000,0x0000008758d00000)]
  0x00000244dd82ed60 JavaThread "RMI TCP Connection(idle)" daemon [_thread_blocked, id=8708, stack(0x0000008758d00000,0x0000008758e00000)]
  0x00000244dd830a40 JavaThread "JMX server connection timeout 25" daemon [_thread_blocked, id=17000, stack(0x0000008758e00000,0x0000008758f00000)]
  0x00000244dd82fbd0 JavaThread "mysql-cj-abandoned-connection-cleanup" daemon [_thread_blocked, id=19520, stack(0x0000008758f00000,0x0000008759000000)]
  0x00000244dd82def0 JavaThread "Live Reload Server" daemon [_thread_in_native, id=15116, stack(0x0000008759a00000,0x0000008759b00000)]
  0x00000244dfb3b6f0 JavaThread "DestroyJavaVM" [_thread_blocked, id=10172, stack(0x0000008756900000,0x0000008756a00000)]
  0x00000244dfb39070 JavaThread "Thread-5" [_thread_blocked, id=21544, stack(0x0000008756600000,0x0000008756700000)]

Other Threads:
  0x00000244d8112d10 VMThread "VM Thread" [stack: 0x0000008756f00000,0x0000008757000000] [id=14780]
  0x00000244d8afb2f0 WatcherThread [stack: 0x0000008757f00000,0x0000008758000000] [id=14492]
=>0x00000244c37efd00 GCTaskThread "GC Thread#0" [stack: 0x0000008756a00000,0x0000008756b00000] [id=18564]
  0x00000244d8c9c200 GCTaskThread "GC Thread#1" [stack: 0x0000008758000000,0x0000008758100000] [id=18624]
  0x00000244dd61ff80 GCTaskThread "GC Thread#2" [stack: 0x0000008758100000,0x0000008758200000] [id=18628]
  0x00000244dd620230 GCTaskThread "GC Thread#3" [stack: 0x0000008758200000,0x0000008758300000] [id=18612]
  0x00000244dd63c0c0 GCTaskThread "GC Thread#4" [stack: 0x0000008758300000,0x0000008758400000] [id=18644]
  0x00000244dd63c370 GCTaskThread "GC Thread#5" [stack: 0x0000008758400000,0x0000008758500000] [id=18648]
  0x00000244dd6842a0 GCTaskThread "GC Thread#6" [stack: 0x0000008758500000,0x0000008758600000] [id=18660]
  0x00000244dd7b2c40 GCTaskThread "GC Thread#7" [stack: 0x0000008758a00000,0x0000008758b00000] [id=15480]
  0x00000244c3800a40 ConcurrentGCThread "G1 Main Marker" [stack: 0x0000008756b00000,0x0000008756c00000] [id=6072]
  0x00000244c3801450 ConcurrentGCThread "G1 Conc#0" [stack: 0x0000008756c00000,0x0000008756d00000] [id=18376]
  0x00000244dd8ecc40 ConcurrentGCThread "G1 Conc#1" [stack: 0x0000008759000000,0x0000008759100000] [id=16996]
  0x00000244c382e500 ConcurrentGCThread "G1 Refine#0" [stack: 0x0000008756d00000,0x0000008756e00000] [id=16476]
  0x00000244dd63ce30 ConcurrentGCThread "G1 Refine#1" [stack: 0x0000008758600000,0x0000008758700000] [id=18592]
  0x00000244dd63d320 ConcurrentGCThread "G1 Refine#2" [stack: 0x0000008758700000,0x0000008758800000] [id=18652]
  0x00000244d7f7e210 ConcurrentGCThread "G1 Service" [stack: 0x0000008756e00000,0x0000008756f00000] [id=18048]

Threads with active compile tasks:

VM state: at safepoint (normal execution)

VM Mutex/Monitor currently owned by a thread:  ([mutex/lock_event])
[0x00000244c376d2a0] Threads_lock - owner thread: 0x00000244d8112d10
[0x00000244c376cfd0] Heap_lock - owner thread: 0x00000244dfb39070

Heap address: 0x0000000702000000, size: 4064 MB, Compressed Oops mode: Zero based, Oop shift amount: 3

CDS archive(s) not mapped
Compressed class space mapped at: 0x0000000800000000-0x0000000840000000, reserved size: 1073741824
Narrow klass base: 0x0000000800000000, Narrow klass shift: 0, Narrow klass range: 0x40000000

GC Precious Log:
 CPUs: 8 total, 8 available
 Memory: 16254M
 Large Page Support: Disabled
 NUMA Support: Disabled
 Compressed Oops: Enabled (Zero based)
 Heap Region Size: 2M
 Heap Min Capacity: 8M
 Heap Initial Capacity: 254M
 Heap Max Capacity: 4064M
 Pre-touch: Disabled
 Parallel Workers: 8
 Concurrent Workers: 2
 Concurrent Refinement Workers: 8
 Periodic GC: Disabled

Heap:
 garbage-first heap   total 253952K, used 129233K [0x0000000702000000, 0x0000000800000000)
  region size 2048K, 25 young (51200K), 1 survivors (2048K)
 Metaspace       used 90386K, committed 91072K, reserved 1179648K
  class space    used 12604K, committed 12928K, reserved 1048576K

Heap Regions: E=young(eden), S=young(survivor), O=old, HS=humongous(starts), HC=humongous(continues), CS=collection set, F=free, OA=open archive, CA=closed archive, TAMS=top-at-mark-start (previous, next)
|   0|0x0000000702000000, 0x0000000702200000, 0x0000000702200000|100%| O|  |TAMS 0x0000000702200000, 0x0000000702000000| Untracked 
|   1|0x0000000702200000, 0x0000000702400000, 0x0000000702400000|100%| O|  |TAMS 0x0000000702400000, 0x0000000702200000| Untracked 
|   2|0x0000000702400000, 0x0000000702600000, 0x0000000702600000|100%| O|  |TAMS 0x0000000702600000, 0x0000000702400000| Untracked 
|   3|0x0000000702600000, 0x0000000702800000, 0x0000000702800000|100%| O|  |TAMS 0x0000000702800000, 0x0000000702600000| Untracked 
|   4|0x0000000702800000, 0x0000000702a00000, 0x0000000702a00000|100%| O|  |TAMS 0x0000000702a00000, 0x0000000702800000| Untracked 
|   5|0x0000000702a00000, 0x0000000702c00000, 0x0000000702c00000|100%| O|  |TAMS 0x0000000702c00000, 0x0000000702a00000| Untracked 
|   6|0x0000000702c00000, 0x0000000702e00000, 0x0000000702e00000|100%| O|  |TAMS 0x0000000702e00000, 0x0000000702c00000| Untracked 
|   7|0x0000000702e00000, 0x0000000703000000, 0x0000000703000000|100%| O|  |TAMS 0x0000000703000000, 0x0000000702e00000| Untracked 
|   8|0x0000000703000000, 0x0000000703200000, 0x0000000703200000|100%| O|  |TAMS 0x0000000703200000, 0x0000000703000000| Untracked 
|   9|0x0000000703200000, 0x0000000703400000, 0x0000000703400000|100%| O|  |TAMS 0x0000000703400000, 0x0000000703200000| Untracked 
|  10|0x0000000703400000, 0x0000000703600000, 0x0000000703600000|100%| O|  |TAMS 0x0000000703600000, 0x0000000703400000| Untracked 
|  11|0x0000000703600000, 0x0000000703800000, 0x0000000703800000|100%| O|  |TAMS 0x0000000703800000, 0x0000000703600000| Untracked 
|  12|0x0000000703800000, 0x0000000703a00000, 0x0000000703a00000|100%| O|  |TAMS 0x0000000703a00000, 0x0000000703800000| Untracked 
|  13|0x0000000703a00000, 0x0000000703c00000, 0x0000000703c00000|100%| O|  |TAMS 0x0000000703c00000, 0x0000000703a00000| Untracked 
|  14|0x0000000703c00000, 0x0000000703e00000, 0x0000000703e00000|100%| O|  |TAMS 0x0000000703e00000, 0x0000000703c00000| Untracked 
|  15|0x0000000703e00000, 0x0000000704000000, 0x0000000704000000|100%| O|  |TAMS 0x0000000704000000, 0x0000000703e00000| Untracked 
|  16|0x0000000704000000, 0x0000000704200000, 0x0000000704200000|100%| O|  |TAMS 0x0000000704200000, 0x0000000704000000| Untracked 
|  17|0x0000000704200000, 0x0000000704400000, 0x0000000704400000|100%| O|  |TAMS 0x0000000704400000, 0x0000000704200000| Untracked 
|  18|0x0000000704400000, 0x0000000704600000, 0x0000000704600000|100%| O|  |TAMS 0x0000000704600000, 0x0000000704400000| Untracked 
|  19|0x0000000704600000, 0x0000000704800000, 0x0000000704800000|100%| O|  |TAMS 0x0000000704800000, 0x0000000704600000| Untracked 
|  20|0x0000000704800000, 0x0000000704800000, 0x0000000704a00000|  0%| F|  |TAMS 0x0000000704800000, 0x0000000704800000| Untracked 
|  21|0x0000000704a00000, 0x0000000704a00000, 0x0000000704c00000|  0%| F|  |TAMS 0x0000000704a00000, 0x0000000704a00000| Untracked 
|  22|0x0000000704c00000, 0x0000000704e00000, 0x0000000704e00000|100%| O|  |TAMS 0x0000000704c00000, 0x0000000704c00000| Untracked 
|  23|0x0000000704e00000, 0x0000000704e00000, 0x0000000705000000|  0%| F|  |TAMS 0x0000000704e00000, 0x0000000704e00000| Untracked 
|  24|0x0000000705000000, 0x0000000705000000, 0x0000000705200000|  0%| F|  |TAMS 0x0000000705000000, 0x0000000705000000| Untracked 
|  25|0x0000000705200000, 0x0000000705400000, 0x0000000705400000|100%| O|  |TAMS 0x0000000705200000, 0x0000000705200000| Untracked 
|  26|0x0000000705400000, 0x0000000705400000, 0x0000000705600000|  0%| F|  |TAMS 0x0000000705400000, 0x0000000705400000| Untracked 
|  27|0x0000000705600000, 0x0000000705600000, 0x0000000705800000|  0%| F|  |TAMS 0x0000000705600000, 0x0000000705600000| Untracked 
|  28|0x0000000705800000, 0x0000000705a00000, 0x0000000705a00000|100%| O|  |TAMS 0x0000000705a00000, 0x0000000705800000| Untracked 
|  29|0x0000000705a00000, 0x0000000705a00000, 0x0000000705c00000|  0%| F|  |TAMS 0x0000000705a00000, 0x0000000705a00000| Untracked 
|  30|0x0000000705c00000, 0x0000000705e00000, 0x0000000705e00000|100%| O|  |TAMS 0x0000000705e00000, 0x0000000705c00000| Untracked 
|  31|0x0000000705e00000, 0x0000000706000000, 0x0000000706000000|100%| O|  |TAMS 0x0000000706000000, 0x0000000705e00000| Untracked 
|  32|0x0000000706000000, 0x0000000706200000, 0x0000000706200000|100%| O|  |TAMS 0x0000000706200000, 0x0000000706000000| Untracked 
|  33|0x0000000706200000, 0x0000000706400000, 0x0000000706400000|100%| O|  |TAMS 0x0000000706400000, 0x0000000706200000| Untracked 
|  34|0x0000000706400000, 0x0000000706600000, 0x0000000706600000|100%| O|  |TAMS 0x0000000706600000, 0x0000000706400000| Untracked 
|  35|0x0000000706600000, 0x0000000706600000, 0x0000000706800000|  0%| F|  |TAMS 0x0000000706600000, 0x0000000706600000| Untracked 
|  36|0x0000000706800000, 0x0000000706a00000, 0x0000000706a00000|100%| O|  |TAMS 0x0000000706a00000, 0x0000000706800000| Untracked 
|  37|0x0000000706a00000, 0x0000000706c00000, 0x0000000706c00000|100%| O|  |TAMS 0x0000000706ab1400, 0x0000000706a00000| Untracked 
|  38|0x0000000706c00000, 0x0000000706e00000, 0x0000000706e00000|100%| O|  |TAMS 0x0000000706c00000, 0x0000000706c00000| Untracked 
|  39|0x0000000706e00000, 0x0000000707000000, 0x0000000707000000|100%| O|  |TAMS 0x0000000706e00000, 0x0000000706e00000| Untracked 
|  40|0x0000000707000000, 0x0000000707200000, 0x0000000707200000|100%| O|  |TAMS 0x0000000707000000, 0x0000000707000000| Untracked 
|  41|0x0000000707200000, 0x0000000707400000, 0x0000000707400000|100%| O|  |TAMS 0x0000000707200000, 0x0000000707200000| Untracked 
|  42|0x0000000707400000, 0x0000000707600000, 0x0000000707600000|100%| O|  |TAMS 0x0000000707400000, 0x0000000707400000| Untracked 
|  43|0x0000000707600000, 0x0000000707800000, 0x0000000707800000|100%| O|  |TAMS 0x0000000707600000, 0x0000000707600000| Untracked 
|  44|0x0000000707800000, 0x0000000707a00000, 0x0000000707a00000|100%| O|  |TAMS 0x0000000707800000, 0x0000000707800000| Untracked 
|  45|0x0000000707a00000, 0x0000000707c00000, 0x0000000707c00000|100%| O|  |TAMS 0x0000000707a00000, 0x0000000707a00000| Untracked 
|  46|0x0000000707c00000, 0x0000000707cae000, 0x0000000707e00000| 33%| O|  |TAMS 0x0000000707c00000, 0x0000000707c00000| Untracked 
|  47|0x0000000707e00000, 0x0000000707e00000, 0x0000000708000000|  0%| F|  |TAMS 0x0000000707e00000, 0x0000000707e00000| Untracked 
|  48|0x0000000708000000, 0x0000000708000000, 0x0000000708200000|  0%| F|  |TAMS 0x0000000708000000, 0x0000000708000000| Untracked 
|  49|0x0000000708200000, 0x0000000708200000, 0x0000000708400000|  0%| F|  |TAMS 0x0000000708200000, 0x0000000708200000| Untracked 
|  50|0x0000000708400000, 0x0000000708400000, 0x0000000708600000|  0%| F|  |TAMS 0x0000000708400000, 0x0000000708400000| Untracked 
|  51|0x0000000708600000, 0x0000000708600000, 0x0000000708800000|  0%| F|  |TAMS 0x0000000708600000, 0x0000000708600000| Untracked 
|  52|0x0000000708800000, 0x0000000708800000, 0x0000000708a00000|  0%| F|  |TAMS 0x0000000708800000, 0x0000000708800000| Untracked 
|  53|0x0000000708a00000, 0x0000000708a00000, 0x0000000708c00000|  0%| F|  |TAMS 0x0000000708a00000, 0x0000000708a00000| Untracked 
|  54|0x0000000708c00000, 0x0000000708c00000, 0x0000000708e00000|  0%| F|  |TAMS 0x0000000708c00000, 0x0000000708c00000| Untracked 
|  55|0x0000000708e00000, 0x0000000708e00000, 0x0000000709000000|  0%| F|  |TAMS 0x0000000708e00000, 0x0000000708e00000| Untracked 
|  56|0x0000000709000000, 0x0000000709000000, 0x0000000709200000|  0%| F|  |TAMS 0x0000000709000000, 0x0000000709000000| Untracked 
|  57|0x0000000709200000, 0x0000000709200000, 0x0000000709400000|  0%| F|  |TAMS 0x0000000709200000, 0x0000000709200000| Untracked 
|  58|0x0000000709400000, 0x0000000709400000, 0x0000000709600000|  0%| F|  |TAMS 0x0000000709400000, 0x0000000709400000| Untracked 
|  59|0x0000000709600000, 0x0000000709600000, 0x0000000709800000|  0%| F|  |TAMS 0x0000000709600000, 0x0000000709600000| Untracked 
|  60|0x0000000709800000, 0x0000000709800000, 0x0000000709a00000|  0%| F|  |TAMS 0x0000000709800000, 0x0000000709800000| Untracked 
|  61|0x0000000709a00000, 0x0000000709a00000, 0x0000000709c00000|  0%| F|  |TAMS 0x0000000709a00000, 0x0000000709a00000| Untracked 
|  62|0x0000000709c00000, 0x0000000709c00000, 0x0000000709e00000|  0%| F|  |TAMS 0x0000000709c00000, 0x0000000709c00000| Untracked 
|  63|0x0000000709e00000, 0x0000000709e00000, 0x000000070a000000|  0%| F|  |TAMS 0x0000000709e00000, 0x0000000709e00000| Untracked 
|  64|0x000000070a000000, 0x000000070a000000, 0x000000070a200000|  0%| F|  |TAMS 0x000000070a000000, 0x000000070a000000| Untracked 
|  65|0x000000070a200000, 0x000000070a200000, 0x000000070a400000|  0%| F|  |TAMS 0x000000070a200000, 0x000000070a200000| Untracked 
|  66|0x000000070a400000, 0x000000070a400000, 0x000000070a600000|  0%| F|  |TAMS 0x000000070a400000, 0x000000070a400000| Untracked 
|  67|0x000000070a600000, 0x000000070a600000, 0x000000070a800000|  0%| F|  |TAMS 0x000000070a600000, 0x000000070a600000| Untracked 
|  68|0x000000070a800000, 0x000000070a800000, 0x000000070aa00000|  0%| F|  |TAMS 0x000000070a800000, 0x000000070a800000| Untracked 
|  69|0x000000070aa00000, 0x000000070aa00000, 0x000000070ac00000|  0%| F|  |TAMS 0x000000070aa00000, 0x000000070aa00000| Untracked 
|  70|0x000000070ac00000, 0x000000070ac00000, 0x000000070ae00000|  0%| F|  |TAMS 0x000000070ac00000, 0x000000070ac00000| Untracked 
|  71|0x000000070ae00000, 0x000000070ae00000, 0x000000070b000000|  0%| F|  |TAMS 0x000000070ae00000, 0x000000070ae00000| Untracked 
|  72|0x000000070b000000, 0x000000070b000000, 0x000000070b200000|  0%| F|  |TAMS 0x000000070b000000, 0x000000070b000000| Untracked 
|  73|0x000000070b200000, 0x000000070b200000, 0x000000070b400000|  0%| F|  |TAMS 0x000000070b200000, 0x000000070b200000| Untracked 
|  74|0x000000070b400000, 0x000000070b400000, 0x000000070b600000|  0%| F|  |TAMS 0x000000070b400000, 0x000000070b400000| Untracked 
|  75|0x000000070b600000, 0x000000070b600000, 0x000000070b800000|  0%| F|  |TAMS 0x000000070b600000, 0x000000070b600000| Untracked 
|  76|0x000000070b800000, 0x000000070b800000, 0x000000070ba00000|  0%| F|  |TAMS 0x000000070b800000, 0x000000070b800000| Untracked 
|  77|0x000000070ba00000, 0x000000070ba00000, 0x000000070bc00000|  0%| F|  |TAMS 0x000000070ba00000, 0x000000070ba00000| Untracked 
|  78|0x000000070bc00000, 0x000000070bc00000, 0x000000070be00000|  0%| F|  |TAMS 0x000000070bc00000, 0x000000070bc00000| Untracked 
|  79|0x000000070be00000, 0x000000070be00000, 0x000000070c000000|  0%| F|  |TAMS 0x000000070be00000, 0x000000070be00000| Untracked 
|  80|0x000000070c000000, 0x000000070c000000, 0x000000070c200000|  0%| F|  |TAMS 0x000000070c000000, 0x000000070c000000| Untracked 
|  81|0x000000070c200000, 0x000000070c200000, 0x000000070c400000|  0%| F|  |TAMS 0x000000070c200000, 0x000000070c200000| Untracked 
|  82|0x000000070c400000, 0x000000070c400000, 0x000000070c600000|  0%| F|  |TAMS 0x000000070c400000, 0x000000070c400000| Untracked 
|  83|0x000000070c600000, 0x000000070c600000, 0x000000070c800000|  0%| F|  |TAMS 0x000000070c600000, 0x000000070c600000| Untracked 
|  84|0x000000070c800000, 0x000000070c800000, 0x000000070ca00000|  0%| F|  |TAMS 0x000000070c800000, 0x000000070c800000| Untracked 
|  85|0x000000070ca00000, 0x000000070ca00000, 0x000000070cc00000|  0%| F|  |TAMS 0x000000070ca00000, 0x000000070ca00000| Untracked 
|  86|0x000000070cc00000, 0x000000070cc00000, 0x000000070ce00000|  0%| F|  |TAMS 0x000000070cc00000, 0x000000070cc00000| Untracked 
|  87|0x000000070ce00000, 0x000000070ce00000, 0x000000070d000000|  0%| F|  |TAMS 0x000000070ce00000, 0x000000070ce00000| Untracked 
|  88|0x000000070d000000, 0x000000070d000000, 0x000000070d200000|  0%| F|  |TAMS 0x000000070d000000, 0x000000070d000000| Untracked 
|  89|0x000000070d200000, 0x000000070d200000, 0x000000070d400000|  0%| F|  |TAMS 0x000000070d200000, 0x000000070d200000| Untracked 
|  90|0x000000070d400000, 0x000000070d400000, 0x000000070d600000|  0%| F|  |TAMS 0x000000070d400000, 0x000000070d400000| Untracked 
|  91|0x000000070d600000, 0x000000070d600000, 0x000000070d800000|  0%| F|  |TAMS 0x000000070d600000, 0x000000070d600000| Untracked 
|  92|0x000000070d800000, 0x000000070d800000, 0x000000070da00000|  0%| F|  |TAMS 0x000000070d800000, 0x000000070d800000| Untracked 
|  93|0x000000070da00000, 0x000000070da00000, 0x000000070dc00000|  0%| F|  |TAMS 0x000000070da00000, 0x000000070da00000| Untracked 
|  94|0x000000070dc00000, 0x000000070dc00000, 0x000000070de00000|  0%| F|  |TAMS 0x000000070dc00000, 0x000000070dc00000| Untracked 
|  95|0x000000070de00000, 0x000000070de00000, 0x000000070e000000|  0%| F|  |TAMS 0x000000070de00000, 0x000000070de00000| Untracked 
|  96|0x000000070e000000, 0x000000070e000000, 0x000000070e200000|  0%| F|  |TAMS 0x000000070e000000, 0x000000070e000000| Untracked 
|  97|0x000000070e200000, 0x000000070e200000, 0x000000070e400000|  0%| F|  |TAMS 0x000000070e200000, 0x000000070e200000| Untracked 
|  98|0x000000070e400000, 0x000000070e400000, 0x000000070e600000|  0%| F|  |TAMS 0x000000070e400000, 0x000000070e400000| Untracked 
|  99|0x000000070e600000, 0x000000070e7d31c8, 0x000000070e800000| 91%| E|  |TAMS 0x000000070e600000, 0x000000070e600000| Complete 
| 100|0x000000070e800000, 0x000000070ea00000, 0x000000070ea00000|100%| E|  |TAMS 0x000000070e800000, 0x000000070e800000| Complete 
| 101|0x000000070ea00000, 0x000000070ec00000, 0x000000070ec00000|100%| E|  |TAMS 0x000000070ea00000, 0x000000070ea00000| Complete 
| 102|0x000000070ec00000, 0x000000070ee00000, 0x000000070ee00000|100%| E|  |TAMS 0x000000070ec00000, 0x000000070ec00000| Complete 
| 103|0x000000070ee00000, 0x000000070f000000, 0x000000070f000000|100%| E|  |TAMS 0x000000070ee00000, 0x000000070ee00000| Complete 
| 104|0x000000070f000000, 0x000000070f200000, 0x000000070f200000|100%| E|  |TAMS 0x000000070f000000, 0x000000070f000000| Complete 
| 105|0x000000070f200000, 0x000000070f400000, 0x000000070f400000|100%| E|  |TAMS 0x000000070f200000, 0x000000070f200000| Complete 
| 106|0x000000070f400000, 0x000000070f600000, 0x000000070f600000|100%| E|  |TAMS 0x000000070f400000, 0x000000070f400000| Complete 
| 107|0x000000070f600000, 0x000000070f800000, 0x000000070f800000|100%| E|  |TAMS 0x000000070f600000, 0x000000070f600000| Complete 
| 108|0x000000070f800000, 0x000000070fa00000, 0x000000070fa00000|100%| E|  |TAMS 0x000000070f800000, 0x000000070f800000| Complete 
| 109|0x000000070fa00000, 0x000000070fc00000, 0x000000070fc00000|100%| E|  |TAMS 0x000000070fa00000, 0x000000070fa00000| Complete 
| 110|0x000000070fc00000, 0x000000070fe00000, 0x000000070fe00000|100%| E|  |TAMS 0x000000070fc00000, 0x000000070fc00000| Complete 
| 111|0x000000070fe00000, 0x0000000710000000, 0x0000000710000000|100%| E|  |TAMS 0x000000070fe00000, 0x000000070fe00000| Complete 
| 112|0x0000000710000000, 0x0000000710200000, 0x0000000710200000|100%| E|  |TAMS 0x0000000710000000, 0x0000000710000000| Complete 
| 113|0x0000000710200000, 0x0000000710400000, 0x0000000710400000|100%| E|  |TAMS 0x0000000710200000, 0x0000000710200000| Complete 
| 114|0x0000000710400000, 0x0000000710600000, 0x0000000710600000|100%| E|  |TAMS 0x0000000710400000, 0x0000000710400000| Complete 
| 115|0x0000000710600000, 0x0000000710800000, 0x0000000710800000|100%| E|  |TAMS 0x0000000710600000, 0x0000000710600000| Complete 
| 116|0x0000000710800000, 0x0000000710a00000, 0x0000000710a00000|100%| E|  |TAMS 0x0000000710800000, 0x0000000710800000| Complete 
| 117|0x0000000710a00000, 0x0000000710c00000, 0x0000000710c00000|100%| E|  |TAMS 0x0000000710a00000, 0x0000000710a00000| Complete 
| 118|0x0000000710c00000, 0x0000000710e00000, 0x0000000710e00000|100%| E|  |TAMS 0x0000000710c00000, 0x0000000710c00000| Complete 
| 119|0x0000000710e00000, 0x0000000711000000, 0x0000000711000000|100%| E|  |TAMS 0x0000000710e00000, 0x0000000710e00000| Complete 
| 120|0x0000000711000000, 0x0000000711200000, 0x0000000711200000|100%| E|  |TAMS 0x0000000711000000, 0x0000000711000000| Complete 
| 121|0x0000000711200000, 0x0000000711400000, 0x0000000711400000|100%| E|  |TAMS 0x0000000711200000, 0x0000000711200000| Complete 
| 122|0x0000000711400000, 0x00000007115b3340, 0x0000000711600000| 85%| S|  |TAMS 0x0000000711400000, 0x0000000711400000| Complete 
| 126|0x0000000711c00000, 0x0000000711e00000, 0x0000000711e00000|100%| E|  |TAMS 0x0000000711c00000, 0x0000000711c00000| Complete 

Card table byte_map: [0x00000244cc6e0000,0x00000244cced0000] _byte_map_base: 0x00000244c8ed0000

Marking Bits (Prev, Next): (CMBitMap*) 0x00000244c37f0310, (CMBitMap*) 0x00000244c37f0350
 Prev Bits: [0x00000244cd6c0000, 0x00000244d1640000)
 Next Bits: [0x00000244d1640000, 0x00000244d55c0000)

Polling page: 0x00000244c3830000

Metaspace:

Usage:
  Non-class:     75.96 MB used.
      Class:     12.31 MB used.
       Both:     88.27 MB used.

Virtual space:
  Non-class space:      128.00 MB reserved,      76.31 MB ( 60%) committed,  2 nodes.
      Class space:        1.00 GB reserved,      12.62 MB (  1%) committed,  1 nodes.
             Both:        1.12 GB reserved,      88.94 MB (  8%) committed. 

Chunk freelists:
   Non-Class:  3.69 MB
       Class:  3.38 MB
        Both:  7.07 MB

MaxMetaspaceSize: unlimited
CompressedClassSpaceSize: 1.00 GB
Initial GC threshold: 21.00 MB
Current GC threshold: 130.00 MB
CDS: off
MetaspaceReclaimPolicy: balanced
 - commit_granule_bytes: 65536.
 - commit_granule_words: 8192.
 - virtual_space_node_default_size: 8388608.
 - enlarge_chunks_in_place: 1.
 - new_chunks_are_fully_committed: 0.
 - uncommit_free_chunks: 1.
 - use_allocation_guard: 0.
 - handle_deallocations: 1.


Internal statistics:

num_allocs_failed_limit: 9.
num_arena_births: 1162.
num_arena_deaths: 0.
num_vsnodes_births: 3.
num_vsnodes_deaths: 0.
num_space_committed: 1423.
num_space_uncommitted: 0.
num_chunks_returned_to_freelist: 9.
num_chunks_taken_from_freelist: 4176.
num_chunk_merges: 6.
num_chunk_splits: 2950.
num_chunks_enlarged: 2185.
num_inconsistent_stats: 0.

CodeCache: size=49152Kb used=17023Kb max_used=17639Kb free=32128Kb
 bounds [0x00000244c8600000, 0x00000244c9740000, 0x00000244cb600000]
 total_blobs=10440 nmethods=9719 adapters=646
 compilation: enabled
              stopped_count=0, restarted_count=0
 full_count=0

Compilation events (20 events):
Event: 174.488 Thread 0x00000244d8185680 9711       1       java.net.Socket$SocketOutputStream::write (11 bytes)
Event: 174.488 Thread 0x00000244d8185680 nmethod 9711 0x00000244c9638010 code [0x00000244c96381a0, 0x00000244c9638288]
Event: 174.488 Thread 0x00000244d8185680 9713   !   1       sun.nio.ch.NioSocketImpl::implWrite (114 bytes)
Event: 174.489 Thread 0x00000244d8185680 nmethod 9713 0x00000244c9637510 code [0x00000244c9637720, 0x00000244c9637c78]
Event: 174.489 Thread 0x00000244d8185680 9708       1       java.nio.ByteBuffer::put (69 bytes)
Event: 174.489 Thread 0x00000244d8185680 nmethod 9708 0x00000244c9636d90 code [0x00000244c9636f80, 0x00000244c96372f8]
Event: 174.489 Thread 0x00000244d8185680 9714       1       com.mysql.cj.conf.AbstractPropertyDefinition::getLowerBound (5 bytes)
Event: 174.489 Thread 0x00000244d8185680 nmethod 9714 0x00000244c9636a90 code [0x00000244c9636c20, 0x00000244c9636cf8]
Event: 174.489 Thread 0x00000244d8185680 9715       1       com.mysql.cj.conf.AbstractPropertyDefinition::getUpperBound (5 bytes)
Event: 174.489 Thread 0x00000244d8185680 nmethod 9715 0x00000244c9636790 code [0x00000244c9636920, 0x00000244c96369f8]
Event: 174.491 Thread 0x00000244d8185680 9716       1       java.net.Socket::isConnected (5 bytes)
Event: 174.491 Thread 0x00000244d8185680 nmethod 9716 0x00000244c9636490 code [0x00000244c9636620, 0x00000244c96366f8]
Event: 174.492 Thread 0x00000244d8185680 9717       1       java.lang.Throwable::getMessage (5 bytes)
Event: 174.492 Thread 0x00000244d8185680 nmethod 9717 0x00000244c9636190 code [0x00000244c9636320, 0x00000244c96363f8]
Event: 174.492 Thread 0x00000244d8185680 9718       1       java.net.Socket::getImpl (17 bytes)
Event: 174.492 Thread 0x00000244d8185680 nmethod 9718 0x00000244c9635e10 code [0x00000244c9635fa0, 0x00000244c96360a8]
Event: 174.492 Thread 0x00000244d8185680 9719       1       sun.nio.ch.NioSocketImpl::ensureOpen (35 bytes)
Event: 174.493 Thread 0x00000244d8185680 nmethod 9719 0x00000244c9635990 code [0x00000244c9635b40, 0x00000244c9635d58]
Event: 174.493 Thread 0x00000244d8185680 9720       1       java.lang.Integer::toString (8 bytes)
Event: 174.493 Thread 0x00000244d8185680 nmethod 9720 0x00000244c9635690 code [0x00000244c9635820, 0x00000244c9635908]

GC Heap History (20 events):
Event: 7.058 GC heap after
{Heap after GC invocations=19 (full 0):
 garbage-first heap   total 98304K, used 32416K [0x0000000702000000, 0x0000000800000000)
  region size 2048K, 2 young (4096K), 2 survivors (4096K)
 Metaspace       used 73597K, committed 74176K, reserved 1114112K
  class space    used 10013K, committed 10304K, reserved 1048576K
}
Event: 7.405 GC heap before
{Heap before GC invocations=19 (full 0):
 garbage-first heap   total 98304K, used 79520K [0x0000000702000000, 0x0000000800000000)
  region size 2048K, 25 young (51200K), 2 survivors (4096K)
 Metaspace       used 76030K, committed 76608K, reserved 1179648K
  class space    used 10351K, committed 10624K, reserved 1048576K
}
Event: 7.410 GC heap after
{Heap after GC invocations=20 (full 0):
 garbage-first heap   total 98304K, used 34817K [0x0000000702000000, 0x0000000800000000)
  region size 2048K, 4 young (8192K), 4 survivors (8192K)
 Metaspace       used 76030K, committed 76608K, reserved 1179648K
  class space    used 10351K, committed 10624K, reserved 1048576K
}
Event: 7.880 GC heap before
{Heap before GC invocations=20 (full 0):
 garbage-first heap   total 98304K, used 75777K [0x0000000702000000, 0x0000000800000000)
  region size 2048K, 25 young (51200K), 4 survivors (8192K)
 Metaspace       used 78982K, committed 79616K, reserved 1179648K
  class space    used 10781K, committed 11072K, reserved 1048576K
}
Event: 7.888 GC heap after
{Heap after GC invocations=21 (full 0):
 garbage-first heap   total 98304K, used 42171K [0x0000000702000000, 0x0000000800000000)
  region size 2048K, 4 young (8192K), 4 survivors (8192K)
 Metaspace       used 78982K, committed 79616K, reserved 1179648K
  class space    used 10781K, committed 11072K, reserved 1048576K
}
Event: 7.991 GC heap before
{Heap before GC invocations=21 (full 0):
 garbage-first heap   total 98304K, used 76987K [0x0000000702000000, 0x0000000800000000)
  region size 2048K, 21 young (43008K), 4 survivors (8192K)
 Metaspace       used 79079K, committed 79744K, reserved 1179648K
  class space    used 10794K, committed 11136K, reserved 1048576K
}
Event: 8.001 GC heap after
{Heap after GC invocations=22 (full 0):
 garbage-first heap   total 137216K, used 50048K [0x0000000702000000, 0x0000000800000000)
  region size 2048K, 3 young (6144K), 3 survivors (6144K)
 Metaspace       used 79079K, committed 79744K, reserved 1179648K
  class space    used 10794K, committed 11136K, reserved 1048576K
}
Event: 8.106 GC heap before
{Heap before GC invocations=22 (full 0):
 garbage-first heap   total 137216K, used 99200K [0x0000000702000000, 0x0000000800000000)
  region size 2048K, 27 young (55296K), 3 survivors (6144K)
 Metaspace       used 79079K, committed 79744K, reserved 1179648K
  class space    used 10794K, committed 11136K, reserved 1048576K
}
Event: 8.114 GC heap after
{Heap after GC invocations=23 (full 0):
 garbage-first heap   total 137216K, used 62862K [0x0000000702000000, 0x0000000800000000)
  region size 2048K, 4 young (8192K), 4 survivors (8192K)
 Metaspace       used 79079K, committed 79744K, reserved 1179648K
  class space    used 10794K, committed 11136K, reserved 1048576K
}
Event: 8.216 GC heap before
{Heap before GC invocations=23 (full 0):
 garbage-first heap   total 137216K, used 97678K [0x0000000702000000, 0x0000000800000000)
  region size 2048K, 22 young (45056K), 4 survivors (8192K)
 Metaspace       used 79079K, committed 79744K, reserved 1179648K
  class space    used 10794K, committed 11136K, reserved 1048576K
}
Event: 8.222 GC heap after
{Heap after GC invocations=24 (full 0):
 garbage-first heap   total 137216K, used 71524K [0x0000000702000000, 0x0000000800000000)
  region size 2048K, 3 young (6144K), 3 survivors (6144K)
 Metaspace       used 79079K, committed 79744K, reserved 1179648K
  class space    used 10794K, committed 11136K, reserved 1048576K
}
Event: 8.292 GC heap before
{Heap before GC invocations=24 (full 0):
 garbage-first heap   total 137216K, used 100196K [0x0000000702000000, 0x0000000800000000)
  region size 2048K, 18 young (36864K), 3 survivors (6144K)
 Metaspace       used 79120K, committed 79808K, reserved 1179648K
  class space    used 10801K, committed 11136K, reserved 1048576K
}
Event: 8.299 GC heap after
{Heap after GC invocations=25 (full 0):
 garbage-first heap   total 137216K, used 82629K [0x0000000702000000, 0x0000000800000000)
  region size 2048K, 3 young (6144K), 3 survivors (6144K)
 Metaspace       used 79120K, committed 79808K, reserved 1179648K
  class space    used 10801K, committed 11136K, reserved 1048576K
}
Event: 8.338 GC heap before
{Heap before GC invocations=25 (full 0):
 garbage-first heap   total 137216K, used 105157K [0x0000000702000000, 0x0000000800000000)
  region size 2048K, 14 young (28672K), 3 survivors (6144K)
 Metaspace       used 79120K, committed 79808K, reserved 1179648K
  class space    used 10801K, committed 11136K, reserved 1048576K
}
Event: 8.344 GC heap after
{Heap after GC invocations=26 (full 0):
 garbage-first heap   total 253952K, used 88910K [0x0000000702000000, 0x0000000800000000)
  region size 2048K, 2 young (4096K), 2 survivors (4096K)
 Metaspace       used 79120K, committed 79808K, reserved 1179648K
  class space    used 10801K, committed 11136K, reserved 1048576K
}
Event: 119.870 GC heap before
{Heap before GC invocations=27 (full 0):
 garbage-first heap   total 253952K, used 160590K [0x0000000702000000, 0x0000000800000000)
  region size 2048K, 40 young (81920K), 2 survivors (4096K)
 Metaspace       used 85985K, committed 86656K, reserved 1179648K
  class space    used 11864K, committed 12160K, reserved 1048576K
}
Event: 119.884 GC heap after
{Heap after GC invocations=28 (full 0):
 garbage-first heap   total 253952K, used 94208K [0x0000000702000000, 0x0000000800000000)
  region size 2048K, 5 young (10240K), 5 survivors (10240K)
 Metaspace       used 85985K, committed 86656K, reserved 1179648K
  class space    used 11864K, committed 12160K, reserved 1048576K
}
Event: 119.982 GC heap before
{Heap before GC invocations=28 (full 0):
 garbage-first heap   total 253952K, used 96256K [0x0000000702000000, 0x0000000800000000)
  region size 2048K, 6 young (12288K), 5 survivors (10240K)
 Metaspace       used 86433K, committed 87104K, reserved 1179648K
  class space    used 11928K, committed 12224K, reserved 1048576K
}
Event: 119.990 GC heap after
{Heap after GC invocations=29 (full 0):
 garbage-first heap   total 253952K, used 80260K [0x0000000702000000, 0x0000000800000000)
  region size 2048K, 1 young (2048K), 1 survivors (2048K)
 Metaspace       used 86433K, committed 87104K, reserved 1179648K
  class space    used 11928K, committed 12224K, reserved 1048576K
}
Event: 174.495 GC heap before
{Heap before GC invocations=29 (full 0):
 garbage-first heap   total 253952K, used 127364K [0x0000000702000000, 0x0000000800000000)
  region size 2048K, 25 young (51200K), 1 survivors (2048K)
 Metaspace       used 90386K, committed 91072K, reserved 1179648K
  class space    used 12604K, committed 12928K, reserved 1048576K
}

Dll operation events (9 events):
Event: 0.012 Loaded shared library C:\sts-4.19.0.RELEASE\plugins\org.eclipse.justj.openjdk.hotspot.jre.full.win32.x86_64_17.0.7.v20230425-1502\jre\bin\java.dll
Event: 0.270 Loaded shared library C:\sts-4.19.0.RELEASE\plugins\org.eclipse.justj.openjdk.hotspot.jre.full.win32.x86_64_17.0.7.v20230425-1502\jre\bin\jimage.dll
Event: 0.284 Loaded shared library C:\sts-4.19.0.RELEASE\plugins\org.eclipse.justj.openjdk.hotspot.jre.full.win32.x86_64_17.0.7.v20230425-1502\jre\bin\net.dll
Event: 0.285 Loaded shared library C:\sts-4.19.0.RELEASE\plugins\org.eclipse.justj.openjdk.hotspot.jre.full.win32.x86_64_17.0.7.v20230425-1502\jre\bin\nio.dll
Event: 0.289 Loaded shared library C:\sts-4.19.0.RELEASE\plugins\org.eclipse.justj.openjdk.hotspot.jre.full.win32.x86_64_17.0.7.v20230425-1502\jre\bin\zip.dll
Event: 0.369 Loaded shared library C:\sts-4.19.0.RELEASE\plugins\org.eclipse.justj.openjdk.hotspot.jre.full.win32.x86_64_17.0.7.v20230425-1502\jre\bin\management.dll
Event: 0.381 Loaded shared library C:\sts-4.19.0.RELEASE\plugins\org.eclipse.justj.openjdk.hotspot.jre.full.win32.x86_64_17.0.7.v20230425-1502\jre\bin\management_ext.dll
Event: 3.488 Loaded shared library C:\sts-4.19.0.RELEASE\plugins\org.eclipse.justj.openjdk.hotspot.jre.full.win32.x86_64_17.0.7.v20230425-1502\jre\bin\sunmscapi.dll
Event: 4.525 Loaded shared library C:\sts-4.19.0.RELEASE\plugins\org.eclipse.justj.openjdk.hotspot.jre.full.win32.x86_64_17.0.7.v20230425-1502\jre\bin\verify.dll

Deoptimization events (16 events):
Event: 1.348 Thread 0x00000244dd6c4f70 DEOPT PACKING pc=0x00000244c8b33f79 sp=0x00000087589fcd40
Event: 1.348 Thread 0x00000244dd6c4f70 DEOPT UNPACKING pc=0x00000244c8657143 sp=0x00000087589fc220 mode 3
Event: 1.523 Thread 0x00000244dd6c4f70 DEOPT PACKING pc=0x00000244c8b7e00c sp=0x00000087589fdb30
Event: 1.523 Thread 0x00000244dd6c4f70 DEOPT UNPACKING pc=0x00000244c8657143 sp=0x00000087589fd160 mode 0
Event: 2.871 Thread 0x00000244dd6c4f70 DEOPT PACKING pc=0x00000244c8ebcef9 sp=0x00000087589fc610
Event: 2.871 Thread 0x00000244dd6c4f70 DEOPT UNPACKING pc=0x00000244c8657143 sp=0x00000087589fbaf0 mode 3
Event: 3.433 Thread 0x00000244dd6c4f70 DEOPT PACKING pc=0x00000244c8f39325 sp=0x00000087589fcd10
Event: 3.433 Thread 0x00000244dd6c4f70 DEOPT UNPACKING pc=0x00000244c8657143 sp=0x00000087589fc278 mode 3
Event: 4.012 Thread 0x00000244dd8300a0 DEOPT PACKING pc=0x00000244c8aab89f sp=0x00000087593ff380
Event: 4.012 Thread 0x00000244dd8300a0 DEOPT UNPACKING pc=0x00000244c8657143 sp=0x00000087593fe7d8 mode 3
Event: 6.505 Thread 0x00000244dd6c4f70 DEOPT PACKING pc=0x00000244c8c44bd2 sp=0x00000087589fc5a0
Event: 6.505 Thread 0x00000244dd6c4f70 DEOPT UNPACKING pc=0x00000244c8657143 sp=0x00000087589fbaa8 mode 3
Event: 6.589 Thread 0x00000244dd6c4f70 DEOPT PACKING pc=0x00000244c8b51354 sp=0x00000087589fc9f0
Event: 6.589 Thread 0x00000244dd6c4f70 DEOPT UNPACKING pc=0x00000244c8657143 sp=0x00000087589fbf48 mode 0
Event: 7.811 Thread 0x00000244dd6c4f70 DEOPT PACKING pc=0x00000244c9466713 sp=0x00000087589fa5f0
Event: 7.812 Thread 0x00000244dd6c4f70 DEOPT UNPACKING pc=0x00000244c8657143 sp=0x00000087589f9b38 mode 3

Classes unloaded (5 events):
Event: 174.514 Thread 0x00000244d8112d10 Unloading class 0x0000000800bd1400 'java/lang/invoke/LambdaForm$DMH+0x0000000800bd1400'
Event: 174.514 Thread 0x00000244d8112d10 Unloading class 0x0000000800bd1000 'java/lang/invoke/LambdaForm$DMH+0x0000000800bd1000'
Event: 174.514 Thread 0x00000244d8112d10 Unloading class 0x0000000800bd0800 'java/lang/invoke/LambdaForm$DMH+0x0000000800bd0800'
Event: 174.514 Thread 0x00000244d8112d10 Unloading class 0x0000000800bd0c00 'java/lang/invoke/LambdaForm$DMH+0x0000000800bd0c00'
Event: 174.514 Thread 0x00000244d8112d10 Unloading class 0x0000000800bd0400 'java/lang/invoke/LambdaForm$DMH+0x0000000800bd0400'

Classes redefined (0 events):
No events

Internal exceptions (20 events):
Event: 119.789 Thread 0x00000244dfb3ad50 Exception <a 'java/lang/NoSuchMethodError'{0x000000070cec2648}: 'java.lang.Object java.lang.invoke.DirectMethodHandle$Holder.invokeStatic(java.lang.Object, int, int)'> (0x000000070cec2648) 
thrown [s\src\hotspot\share\interpreter\linkResolver.cpp, line 759]
Event: 120.146 Thread 0x00000244dd82e3c0 Exception <a 'java/lang/NoSuchMethodError'{0x0000000711191bd0}: 'java.lang.Object java.lang.invoke.DirectMethodHandle$Holder.invokeInterface(java.lang.Object, java.lang.Object, int)'> (0x0000000711191bd0) 
thrown [s\src\hotspot\share\interpreter\linkResolver.cpp, line 759]
Event: 120.194 Thread 0x00000244dfb39540 Exception <a 'java/lang/NoSuchMethodError'{0x0000000710fff6e8}: 'java.lang.Object java.lang.invoke.Invokers$Holder.invoker(java.lang.Object, java.lang.Object, java.lang.Object, java.lang.Object)'> (0x0000000710fff6e8) 
thrown [s\src\hotspot\share\interpreter\linkResolver.cpp, line 759]
Event: 120.196 Thread 0x00000244dfb39540 Exception <a 'java/lang/NoSuchMethodError'{0x0000000710c09618}: 'int java.lang.invoke.DirectMethodHandle$Holder.invokeSpecial(java.lang.Object, java.lang.Object, java.lang.Object, int)'> (0x0000000710c09618) 
thrown [s\src\hotspot\share\interpreter\linkResolver.cpp, line 759]
Event: 120.200 Thread 0x00000244dfb39540 Exception <a 'java/lang/NoSuchMethodError'{0x0000000710c1bc38}: 'java.lang.Object java.lang.invoke.DirectMethodHandle$Holder.invokeStatic(java.lang.Object, java.lang.Object, java.lang.Object, java.lang.Object, int)'> (0x0000000710c1bc38) 
thrown [s\src\hotspot\share\interpreter\linkResolver.cpp, line 759]
Event: 120.201 Thread 0x00000244dfb39540 Exception <a 'java/lang/NoSuchMethodError'{0x0000000710c23648}: 'void java.lang.invoke.DelegatingMethodHandle$Holder.reinvoke_L(java.lang.Object, java.lang.Object, int)'> (0x0000000710c23648) 
thrown [s\src\hotspot\share\interpreter\linkResolver.cpp, line 759]
Event: 120.202 Thread 0x00000244dfb39540 Exception <a 'java/lang/NoSuchMethodError'{0x0000000710c317a8}: 'java.lang.Object java.lang.invoke.Invokers$Holder.invokeExact_MT(java.lang.Object, java.lang.Object, java.lang.Object, java.lang.Object)'> (0x0000000710c317a8) 
thrown [s\src\hotspot\share\interpreter\linkResolver.cpp, line 759]
Event: 174.465 Thread 0x00000244dd830570 Exception <a 'java/lang/InterruptedException'{0x000000070e6a0460}: sleep interrupted> (0x000000070e6a0460) 
thrown [s\src\hotspot\share\prims\jvm.cpp, line 3070]
Event: 174.488 Thread 0x00000244dfb3ca30 Exception <a 'java/io/IOException'{0x000000070e7a5668}> (0x000000070e7a5668) 
thrown [s\src\hotspot\share\prims\jni.cpp, line 516]
Event: 174.488 Thread 0x00000244dfb3ca30 Exception <a 'java/io/IOException'{0x000000070e7a61a8}> (0x000000070e7a61a8) 
thrown [s\src\hotspot\share\prims\jni.cpp, line 516]
Event: 174.488 Thread 0x00000244dfb3ca30 Exception <a 'java/io/IOException'{0x000000070e7a8aa8}> (0x000000070e7a8aa8) 
thrown [s\src\hotspot\share\prims\jni.cpp, line 516]
Event: 174.489 Thread 0x00000244dfb3ca30 Exception <a 'java/io/IOException'{0x000000070e7a95e8}> (0x000000070e7a95e8) 
thrown [s\src\hotspot\share\prims\jni.cpp, line 516]
Event: 174.489 Thread 0x00000244dfb3ca30 Exception <a 'java/io/IOException'{0x000000070e7abe60}> (0x000000070e7abe60) 
thrown [s\src\hotspot\share\prims\jni.cpp, line 516]
Event: 174.489 Thread 0x00000244dfb3ca30 Exception <a 'java/io/IOException'{0x000000070e7ac9a0}> (0x000000070e7ac9a0) 
thrown [s\src\hotspot\share\prims\jni.cpp, line 516]
Event: 174.490 Thread 0x00000244dfb3ca30 Exception <a 'java/net/SocketException'{0x000000070e7af6f0}: Connection reset by peer: shutdown> (0x000000070e7af6f0) 
thrown [s\src\hotspot\share\prims\jni.cpp, line 535]
Event: 174.491 Thread 0x00000244dfb3ca30 Exception <a 'java/io/IOException'{0x000000070e7b1118}> (0x000000070e7b1118) 
thrown [s\src\hotspot\share\prims\jni.cpp, line 516]
Event: 174.491 Thread 0x00000244dfb3ca30 Exception <a 'java/io/IOException'{0x000000070e7b3eb8}> (0x000000070e7b3eb8) 
thrown [s\src\hotspot\share\prims\jni.cpp, line 516]
Event: 174.492 Thread 0x00000244dfb3ca30 Exception <a 'java/io/IOException'{0x000000070e7b6c58}> (0x000000070e7b6c58) 
thrown [s\src\hotspot\share\prims\jni.cpp, line 516]
Event: 174.493 Thread 0x00000244dfb3ca30 Exception <a 'java/io/IOException'{0x000000070e7b9aa0}> (0x000000070e7b9aa0) 
thrown [s\src\hotspot\share\prims\jni.cpp, line 516]
Event: 174.493 Thread 0x00000244dfb3ca30 Exception <a 'java/io/IOException'{0x000000070e7bc840}> (0x000000070e7bc840) 
thrown [s\src\hotspot\share\prims\jni.cpp, line 516]

VM Operations (20 events):
Event: 120.143 Executing VM operation: HandshakeAllThreads done
Event: 120.151 Executing VM operation: HandshakeAllThreads
Event: 120.151 Executing VM operation: HandshakeAllThreads done
Event: 120.161 Executing VM operation: HandshakeAllThreads
Event: 120.161 Executing VM operation: HandshakeAllThreads done
Event: 120.308 Executing VM operation: HandshakeAllThreads
Event: 120.308 Executing VM operation: HandshakeAllThreads done
Event: 121.316 Executing VM operation: Cleanup
Event: 121.316 Executing VM operation: Cleanup done
Event: 122.501 Executing VM operation: HandshakeAllThreads
Event: 122.502 Executing VM operation: HandshakeAllThreads done
Event: 122.502 Executing VM operation: Cleanup
Event: 122.502 Executing VM operation: Cleanup done
Event: 122.552 Executing VM operation: HandshakeAllThreads
Event: 122.552 Executing VM operation: HandshakeAllThreads done
Event: 123.553 Executing VM operation: Cleanup
Event: 123.553 Executing VM operation: Cleanup done
Event: 124.554 Executing VM operation: Cleanup
Event: 124.554 Executing VM operation: Cleanup done
Event: 174.494 Executing VM operation: G1CollectFull

Events (20 events):
Event: 174.465 Thread 0x00000244dd82d080 Thread exited: 0x00000244dd82d080
Event: 174.465 Thread 0x00000244dd82f230 Thread exited: 0x00000244dd82f230
Event: 174.465 Thread 0x00000244dd830570 Thread exited: 0x00000244dd830570
Event: 174.466 loading class javax/management/ObjectName$PatternProperty
Event: 174.466 loading class javax/management/ObjectName$PatternProperty done
Event: 174.475 loading class java/util/AbstractMap$2
Event: 174.475 loading class java/util/AbstractMap$2 done
Event: 174.479 loading class java/util/AbstractMap$2$1
Event: 174.479 loading class java/util/AbstractMap$2$1 done
Event: 174.483 Thread 0x00000244dfb3ca30 Thread added: 0x00000244dfb3ca30
Event: 174.483 Thread 0x00000244dd8300a0 Thread exited: 0x00000244dd8300a0
Event: 174.483 loading class sun/security/ssl/Alert
Event: 174.484 loading class sun/security/ssl/Alert done
Event: 174.484 loading class sun/security/ssl/Alert$AlertConsumer
Event: 174.484 loading class sun/security/ssl/Alert$AlertConsumer done
Event: 174.484 loading class sun/security/ssl/Alert$Level
Event: 174.484 loading class sun/security/ssl/Alert$Level done
Event: 174.488 loading class sun/net/ConnectionResetException
Event: 174.488 loading class sun/net/ConnectionResetException done
Event: 174.493 Thread 0x00000244dfb3ca30 Thread exited: 0x00000244dfb3ca30


Dynamic libraries:
0x00007ff65dfe0000 - 0x00007ff65dfee000 	C:\sts-4.19.0.RELEASE\plugins\org.eclipse.justj.openjdk.hotspot.jre.full.win32.x86_64_17.0.7.v20230425-1502\jre\bin\javaw.exe
0x00007ffc89510000 - 0x00007ffc89724000 	C:\Windows\SYSTEM32\ntdll.dll
0x00007ffc671d0000 - 0x00007ffc671e9000 	C:\Program Files\Avast Software\Avast\aswhook.dll
0x00007ffc88880000 - 0x00007ffc88944000 	C:\Windows\System32\KERNEL32.DLL
0x00007ffc86b80000 - 0x00007ffc86f24000 	C:\Windows\System32\KERNELBASE.dll
0x00007ffc86940000 - 0x00007ffc86a51000 	C:\Windows\System32\ucrtbase.dll
0x00007ffc37a20000 - 0x00007ffc37a37000 	C:\sts-4.19.0.RELEASE\plugins\org.eclipse.justj.openjdk.hotspot.jre.full.win32.x86_64_17.0.7.v20230425-1502\jre\bin\jli.dll
0x00007ffc7ed00000 - 0x00007ffc7ed19000 	C:\sts-4.19.0.RELEASE\plugins\org.eclipse.justj.openjdk.hotspot.jre.full.win32.x86_64_17.0.7.v20230425-1502\jre\bin\VCRUNTIME140.dll
0x00007ffc88a70000 - 0x00007ffc88c1e000 	C:\Windows\System32\USER32.dll
0x00007ffc87040000 - 0x00007ffc87066000 	C:\Windows\System32\win32u.dll
0x00007ffc88850000 - 0x00007ffc88879000 	C:\Windows\System32\GDI32.dll
0x00007ffc661c0000 - 0x00007ffc66453000 	C:\Windows\WinSxS\amd64_microsoft.windows.common-controls_6595b64144ccf1df_6.0.22621.2215_none_270d72677387dfc3\COMCTL32.dll
0x00007ffc86a60000 - 0x00007ffc86b78000 	C:\Windows\System32\gdi32full.dll
0x00007ffc88e20000 - 0x00007ffc88ec7000 	C:\Windows\System32\msvcrt.dll
0x00007ffc86f30000 - 0x00007ffc86fca000 	C:\Windows\System32\msvcp_win.dll
0x00007ffc88560000 - 0x00007ffc88591000 	C:\Windows\System32\IMM32.DLL
0x00007ffc7ed40000 - 0x00007ffc7ed4c000 	C:\sts-4.19.0.RELEASE\plugins\org.eclipse.justj.openjdk.hotspot.jre.full.win32.x86_64_17.0.7.v20230425-1502\jre\bin\vcruntime140_1.dll
0x00007ffc58630000 - 0x00007ffc586c1000 	C:\sts-4.19.0.RELEASE\plugins\org.eclipse.justj.openjdk.hotspot.jre.full.win32.x86_64_17.0.7.v20230425-1502\jre\bin\msvcp140.dll
0x00007ffc2f290000 - 0x00007ffc2fed8000 	C:\sts-4.19.0.RELEASE\plugins\org.eclipse.justj.openjdk.hotspot.jre.full.win32.x86_64_17.0.7.v20230425-1502\jre\bin\server\jvm.dll
0x00007ffc88fa0000 - 0x00007ffc89050000 	C:\Windows\System32\ADVAPI32.dll
0x00007ffc88d10000 - 0x00007ffc88db6000 	C:\Windows\System32\sechost.dll
0x00007ffc87a80000 - 0x00007ffc87b97000 	C:\Windows\System32\RPCRT4.dll
0x00007ffc671c0000 - 0x00007ffc671c9000 	C:\Windows\SYSTEM32\WSOCK32.dll
0x00007ffc88960000 - 0x00007ffc889d1000 	C:\Windows\System32\WS2_32.dll
0x00007ffc7d100000 - 0x00007ffc7d10a000 	C:\Windows\SYSTEM32\VERSION.dll
0x00007ffc7e4d0000 - 0x00007ffc7e504000 	C:\Windows\SYSTEM32\WINMM.dll
0x00007ffc85970000 - 0x00007ffc85988000 	C:\Windows\SYSTEM32\kernel.appcore.dll
0x00007ffc397d0000 - 0x00007ffc397da000 	C:\sts-4.19.0.RELEASE\plugins\org.eclipse.justj.openjdk.hotspot.jre.full.win32.x86_64_17.0.7.v20230425-1502\jre\bin\jimage.dll
0x00007ffc734a0000 - 0x00007ffc736ce000 	C:\Windows\SYSTEM32\DBGHELP.DLL
0x00007ffc87300000 - 0x00007ffc8768a000 	C:\Windows\System32\combase.dll
0x00007ffc88c20000 - 0x00007ffc88cf7000 	C:\Windows\System32\OLEAUT32.dll
0x00007ffc6e110000 - 0x00007ffc6e142000 	C:\Windows\SYSTEM32\dbgcore.DLL
0x00007ffc868c0000 - 0x00007ffc8693a000 	C:\Windows\System32\bcryptPrimitives.dll
0x00007ffc379f0000 - 0x00007ffc37a15000 	C:\sts-4.19.0.RELEASE\plugins\org.eclipse.justj.openjdk.hotspot.jre.full.win32.x86_64_17.0.7.v20230425-1502\jre\bin\java.dll
0x00007ffc379d0000 - 0x00007ffc379e8000 	C:\sts-4.19.0.RELEASE\plugins\org.eclipse.justj.openjdk.hotspot.jre.full.win32.x86_64_17.0.7.v20230425-1502\jre\bin\zip.dll
0x00007ffc87d30000 - 0x00007ffc88553000 	C:\Windows\System32\SHELL32.dll
0x00007ffc84800000 - 0x00007ffc850ea000 	C:\Windows\SYSTEM32\windows.storage.dll
0x00007ffc846c0000 - 0x00007ffc847fe000 	C:\Windows\SYSTEM32\wintypes.dll
0x00007ffc87c30000 - 0x00007ffc87d23000 	C:\Windows\System32\SHCORE.dll
0x00007ffc872a0000 - 0x00007ffc872fe000 	C:\Windows\System32\shlwapi.dll
0x00007ffc867f0000 - 0x00007ffc86816000 	C:\Windows\SYSTEM32\profapi.dll
0x00007ffc379a0000 - 0x00007ffc379b9000 	C:\sts-4.19.0.RELEASE\plugins\org.eclipse.justj.openjdk.hotspot.jre.full.win32.x86_64_17.0.7.v20230425-1502\jre\bin\net.dll
0x00007ffc7f0f0000 - 0x00007ffc7f227000 	C:\Windows\SYSTEM32\WINHTTP.dll
0x00007ffc85e30000 - 0x00007ffc85e99000 	C:\Windows\system32\mswsock.dll
0x00007ffc372e0000 - 0x00007ffc372f5000 	C:\sts-4.19.0.RELEASE\plugins\org.eclipse.justj.openjdk.hotspot.jre.full.win32.x86_64_17.0.7.v20230425-1502\jre\bin\nio.dll
0x00007ffc62840000 - 0x00007ffc62849000 	C:\sts-4.19.0.RELEASE\plugins\org.eclipse.justj.openjdk.hotspot.jre.full.win32.x86_64_17.0.7.v20230425-1502\jre\bin\management.dll
0x00007ffc62230000 - 0x00007ffc6223b000 	C:\sts-4.19.0.RELEASE\plugins\org.eclipse.justj.openjdk.hotspot.jre.full.win32.x86_64_17.0.7.v20230425-1502\jre\bin\management_ext.dll
0x00007ffc88d00000 - 0x00007ffc88d08000 	C:\Windows\System32\PSAPI.DLL
0x00007ffc57c10000 - 0x00007ffc57c27000 	C:\Windows\system32\napinsp.dll
0x00007ffc5b490000 - 0x00007ffc5b4ab000 	C:\Windows\system32\pnrpnsp.dll
0x00007ffc853c0000 - 0x00007ffc854b2000 	C:\Windows\SYSTEM32\DNSAPI.dll
0x00007ffc85390000 - 0x00007ffc853bd000 	C:\Windows\SYSTEM32\IPHLPAPI.DLL
0x00007ffc88950000 - 0x00007ffc88959000 	C:\Windows\System32\NSI.dll
0x00007ffc5b470000 - 0x00007ffc5b481000 	C:\Windows\System32\winrnr.dll
0x00007ffc7e1e0000 - 0x00007ffc7e1f5000 	C:\Windows\system32\wshbth.dll
0x00007ffc5b440000 - 0x00007ffc5b461000 	C:\Windows\system32\nlansp_c.dll
0x00007ffc7a5c0000 - 0x00007ffc7a5ca000 	C:\Windows\System32\rasadhlp.dll
0x00007ffc7dbe0000 - 0x00007ffc7dc64000 	C:\Windows\System32\fwpuclnt.dll
0x00007ffc86150000 - 0x00007ffc8616b000 	C:\Windows\SYSTEM32\CRYPTSP.dll
0x00007ffc85930000 - 0x00007ffc85965000 	C:\Windows\system32\rsaenh.dll
0x00007ffc85ed0000 - 0x00007ffc85efc000 	C:\Windows\SYSTEM32\USERENV.dll
0x00007ffc86290000 - 0x00007ffc862b8000 	C:\Windows\SYSTEM32\bcrypt.dll
0x00007ffc86130000 - 0x00007ffc8613c000 	C:\Windows\SYSTEM32\CRYPTBASE.dll
0x00007ffc7ec50000 - 0x00007ffc7ec69000 	C:\Windows\SYSTEM32\dhcpcsvc6.DLL
0x00007ffc7ec30000 - 0x00007ffc7ec4f000 	C:\Windows\SYSTEM32\dhcpcsvc.DLL
0x00007ffc808b0000 - 0x00007ffc808be000 	C:\sts-4.19.0.RELEASE\plugins\org.eclipse.justj.openjdk.hotspot.jre.full.win32.x86_64_17.0.7.v20230425-1502\jre\bin\sunmscapi.dll
0x00007ffc87130000 - 0x00007ffc87296000 	C:\Windows\System32\CRYPT32.dll
0x00007ffc86260000 - 0x00007ffc8628e000 	C:\Windows\SYSTEM32\ncrypt.dll
0x00007ffc86200000 - 0x00007ffc86237000 	C:\Windows\SYSTEM32\NTASN1.dll
0x00007ffc37990000 - 0x00007ffc379a0000 	C:\sts-4.19.0.RELEASE\plugins\org.eclipse.justj.openjdk.hotspot.jre.full.win32.x86_64_17.0.7.v20230425-1502\jre\bin\verify.dll
0x00007ffc5ed20000 - 0x00007ffc5ed28000 	C:\Windows\system32\wshunix.dll

dbghelp: loaded successfully - version: 4.0.5 - missing functions: none
symbol engine: initialized successfully - sym options: 0x614 - pdb path: .;C:\sts-4.19.0.RELEASE\plugins\org.eclipse.justj.openjdk.hotspot.jre.full.win32.x86_64_17.0.7.v20230425-1502\jre\bin;C:\Windows\SYSTEM32;C:\Program Files\Avast Software\Avast;C:\Windows\WinSxS\amd64_microsoft.windows.common-controls_6595b64144ccf1df_6.0.22621.2215_none_270d72677387dfc3;C:\sts-4.19.0.RELEASE\plugins\org.eclipse.justj.openjdk.hotspot.jre.full.win32.x86_64_17.0.7.v20230425-1502\jre\bin\server

VM Arguments:
jvm_args: -Dcom.sun.management.jmxremote -Dcom.sun.management.jmxremote.port=63661 -Dcom.sun.management.jmxremote.authenticate=false -Dcom.sun.management.jmxremote.ssl=false -Djava.rmi.server.hostname=localhost -Dspring.jmx.enabled=true -Dmanagement.endpoints.jmx.exposure.include=* -Dspring.application.admin.enabled=true -XX:TieredStopAtLevel=1 -Dspring.boot.project.name=HPS_Projet_BackEnd -Dfile.encoding=UTF-8 -XX:+ShowCodeDetailsInExceptionMessages 
java_command: com.example.hps.HpsAppApplication --spring.output.ansi.enabled=always
java_class_path (initial): C:\Users\hi\Desktop\HPS_Projet_BackEnd\target\classes;C:\Users\hi\.m2\repository\org\springframework\boot\spring-boot-starter-data-rest\3.1.1\spring-boot-starter-data-rest-3.1.1.jar;C:\Users\hi\.m2\repository\org\springframework\boot\spring-boot-starter-web\3.1.1\spring-boot-starter-web-3.1.1.jar;C:\Users\hi\.m2\repository\org\springframework\boot\spring-boot-starter-json\3.1.1\spring-boot-starter-json-3.1.1.jar;C:\Users\hi\.m2\repository\com\fasterxml\jackson\datatype\jackson-datatype-jdk8\2.15.2\jackson-datatype-jdk8-2.15.2.jar;C:\Users\hi\.m2\repository\com\fasterxml\jackson\datatype\jackson-datatype-jsr310\2.15.2\jackson-datatype-jsr310-2.15.2.jar;C:\Users\hi\.m2\repository\com\fasterxml\jackson\module\jackson-module-parameter-names\2.15.2\jackson-module-parameter-names-2.15.2.jar;C:\Users\hi\.m2\repository\org\springframework\boot\spring-boot-starter-tomcat\3.1.1\spring-boot-starter-tomcat-3.1.1.jar;C:\Users\hi\.m2\repository\org\apache\tomcat\embed\tomcat-embed-core\10.1.10\tomcat-embed-core-10.1.10.jar;C:\Users\hi\.m2\repository\org\apache\tomcat\embed\tomcat-embed-websocket\10.1.10\tomcat-embed-websocket-10.1.10.jar;C:\Users\hi\.m2\repository\org\springframework\spring-web\6.0.10\spring-web-6.0.10.jar;C:\Users\hi\.m2\repository\io\micrometer\micrometer-observation\1.11.1\micrometer-observation-1.11.1.jar;C:\Users\hi\.m2\repository\io\micrometer\micrometer-commons\1.11.1\micrometer-commons-1.11.1.jar;C:\Users\hi\.m2\repository\org\springframework\spring-webmvc\6.0.10\spring-webmvc-6.0.10.jar;C:\Users\hi\.m2\repository\org\springframework\data\spring-data-rest-webmvc\4.1.1\spring-data-rest-webmvc-4.1.1.jar;C:\Users\hi\.m2\repository\org\springframework\data\spring-data-rest-core\4.1.1\spring-data-rest-core-4.1.1.jar;C:\Users\hi\.m2\repository\org\springframework\hateoas\spring-hateoas\2.1.0\spring-hateoas-2.1.0.jar;C:\Users\hi\.m2\repository\org\springframework\plugin\spring-plugin-core\3.0.0\spring-plugin-core-3.0.0.jar;C:\Users\h
Launcher Type: SUN_STANDARD

[Global flags]
     intx CICompilerCount                          = 4                                         {product} {ergonomic}
     uint ConcGCThreads                            = 2                                         {product} {ergonomic}
     uint G1ConcRefinementThreads                  = 8                                         {product} {ergonomic}
   size_t G1HeapRegionSize                         = 2097152                                   {product} {ergonomic}
    uintx GCDrainStackTargetSize                   = 64                                        {product} {ergonomic}
   size_t InitialHeapSize                          = 266338304                                 {product} {ergonomic}
     bool ManagementServer                         = true                                      {product} {command line}
   size_t MarkStackSize                            = 4194304                                   {product} {ergonomic}
   size_t MaxHeapSize                              = 4261412864                                {product} {ergonomic}
   size_t MaxNewSize                               = 2556428288                                {product} {ergonomic}
   size_t MinHeapDeltaBytes                        = 2097152                                   {product} {ergonomic}
   size_t MinHeapSize                              = 8388608                                   {product} {ergonomic}
    uintx NonProfiledCodeHeapSize                  = 0                                      {pd product} {ergonomic}
     bool ProfileInterpreter                       = false                                  {pd product} {command line}
    uintx ProfiledCodeHeapSize                     = 0                                      {pd product} {ergonomic}
     bool ShowCodeDetailsInExceptionMessages       = true                                   {manageable} {command line}
   size_t SoftMaxHeapSize                          = 4261412864                             {manageable} {ergonomic}
     intx TieredStopAtLevel                        = 1                                         {product} {command line}
     bool UseCompressedClassPointers               = true                           {product lp64_product} {ergonomic}
     bool UseCompressedOops                        = true                           {product lp64_product} {ergonomic}
     bool UseG1GC                                  = true                                      {product} {ergonomic}
     bool UseLargePagesIndividualAllocation        = false                                  {pd product} {ergonomic}

Logging:
Log output configuration:
 #0: stdout all=warning uptime,level,tags
 #1: stderr all=off uptime,level,tags

Environment Variables:
JAVA_HOME=C:\Program Files\Java\jdk-20
PATH=C:/sts-4.19.0.RELEASE//plugins/org.eclipse.justj.openjdk.hotspot.jre.full.win32.x86_64_17.0.7.v20230425-1502/jre/bin/server;C:/sts-4.19.0.RELEASE//plugins/org.eclipse.justj.openjdk.hotspot.jre.full.win32.x86_64_17.0.7.v20230425-1502/jre/bin;C:\Program Files\Common Files\Oracle\Java\javapath;C:\Windows\system32;C:\Windows;C:\Windows\System32\Wbem;C:\Windows\System32\WindowsPowerShell\v1.0\;C:\Windows\System32\OpenSSH\;C:\Program Files\Java\jdk-20\bin;C:\Program Files\Git\cmd;C:\Program Files\Common Files\Oracle\Java\javapath;C:\Program Files\Git LFS;C:\Program Files\nodejs\;C:\Program Files\Docker\Docker\resources\bin;C:\Users\hi\AppData\Local\Microsoft\WindowsApps;C:\Users\hi\AppData\Local\GitHubDesktop\bin;C:\Users\hi\AppData\Roaming\npm;C:\Users\hi\AppData\Local\Programs\Microsoft VS Code\bin;C:\sts-4.19.0.RELEASE;
USERNAME=hi
OS=Windows_NT
PROCESSOR_IDENTIFIER=Intel64 Family 6 Model 142 Stepping 12, GenuineIntel
TMP=C:\Users\hi\AppData\Local\Temp
TEMP=C:\Users\hi\AppData\Local\Temp



---------------  S Y S T E M  ---------------

OS:
 Windows 11 , 64 bit Build 22621 (10.0.22621.2215)
OS uptime: 0 days 0:06 hours
Hyper-V role detected

CPU: total 8 (initial active 8) (4 cores per cpu, 2 threads per core) family 6 model 142 stepping 12 microcode 0xec, cx8, cmov, fxsr, ht, mmx, 3dnowpref, sse, sse2, sse3, ssse3, sse4.1, sse4.2, popcnt, lzcnt, tsc, tscinvbit, avx, avx2, aes, erms, clmul, bmi1, bmi2, adx, fma, vzeroupper, clflush, clflushopt, hv

Memory: 4k page, system-wide physical 16254M (2721M free)
TotalPageFile size 23934M (AvailPageFile size 8226M)
current process WorkingSet (physical memory assigned to process): 403M, peak: 404M
current process commit charge ("private bytes"): 493M, peak: 493M

vm_info: OpenJDK 64-Bit Server VM (17.0.7+7) for windows-amd64 JRE (17.0.7+7), built on Apr 18 2023 22:10:42 by "temurin" with MS VC++ 16.7 (VS2019)

END.
