#
# A fatal error has been detected by the Java Runtime Environment:
#
#  EXCEPTION_ACCESS_VIOLATION (0xc0000005) at pc=0x00007ffaafcb8d41, pid=17204, tid=17504
#
# JRE version: OpenJDK Runtime Environment Temurin-17.0.7+7 (17.0.7+7) (build 17.0.7+7)
# Java VM: OpenJDK 64-Bit Server VM Temurin-17.0.7+7 (17.0.7+7, mixed mode, emulated-client, tiered, compressed oops, compressed class ptrs, g1 gc, windows-amd64)
# Problematic frame:
# V  [jvm.dll+0x308d41]
#
# No core dump will be written. Minidumps are not enabled by default on client versions of Windows
#
# If you would like to submit a bug report, please visit:
#   https://github.com/adoptium/adoptium-support/issues
#

---------------  S U M M A R Y ------------

Command Line: -Dcom.sun.management.jmxremote -Dcom.sun.management.jmxremote.port=49849 -Dcom.sun.management.jmxremote.authenticate=false -Dcom.sun.management.jmxremote.ssl=false -Djava.rmi.server.hostname=localhost -Dspring.jmx.enabled=true -Dmanagement.endpoints.jmx.exposure.include=* -Dspring.application.admin.enabled=true -XX:TieredStopAtLevel=1 -Dspring.boot.project.name=HPS_Projet_BackEnd -Dfile.encoding=UTF-8 -XX:+ShowCodeDetailsInExceptionMessages com.example.hps.HpsAppApplication --spring.output.ansi.enabled=always

Host: Intel(R) Core(TM) i7-8565U CPU @ 1.80GHz, 8 cores, 15G,  Windows 11 , 64 bit Build 22621 (10.0.22621.1928)
Time: Tue Aug  8 09:02:32 2023 Morocco Daylight Time elapsed time: 1704.922146 seconds (0d 0h 28m 24s)

---------------  T H R E A D  ---------------

Current thread (0x0000012e8527a0e0):  GCTaskThread "GC Thread#3" [stack: 0x0000000c30100000,0x0000000c30200000] [id=17504]

Stack: [0x0000000c30100000,0x0000000c30200000],  sp=0x0000000c301ff5e0,  free space=1021k
Native frames: (J=compiled Java code, j=interpreted, Vv=VM code, C=native code)
V  [jvm.dll+0x308d41]
V  [jvm.dll+0x308906]
V  [jvm.dll+0x2dc224]
V  [jvm.dll+0x2dc9ca]
V  [jvm.dll+0x2dcac7]
V  [jvm.dll+0x2e208b]
V  [jvm.dll+0x860ffb]
V  [jvm.dll+0x861046]
V  [jvm.dll+0x7e4e7a]
V  [jvm.dll+0x676395]
C  [ucrtbase.dll+0x29363]
C  [KERNEL32.DLL+0x126ad]
C  [ntdll.dll+0x5aa68]


siginfo: EXCEPTION_ACCESS_VIOLATION (0xc0000005), reading address 0x0000000000000008


Register to memory mapping:

RIP=0x00007ffaafcb8d41 jvm.dll
RAX=0x0000012eed7241e0 points into unknown readable memory: 0x0000000000000000 | 00 00 00 00 00 00 00 00
RBX=
[error occurred during error reporting (printing register info), id 0xc0000005, EXCEPTION_ACCESS_VIOLATION (0xc0000005) at pc=0x00007ffaafc84071]

Registers:
RAX=0x0000012eed7241e0, RBX=0x0000000708bd11dd, RCX=0x0000000000000000, RDX=0x0000000000000000
RSP=0x0000000c301ff5e0, RBP=0x00000000000017bb, RSI=0x0000000708bd11dc, RDI=0x0000012e85cd8010
R8 =0x0000000708bd1230, R9 =0x0000000708bd1230, R10=0x0000000000000008, R11=0x0000000000000001
R12=0x0000000000000004, R13=0x0000000c301ff780, R14=0x0000000000000000, R15=0x0000000000000000
RIP=0x00007ffaafcb8d41, EFLAGS=0x0000000000010246

Top of Stack: (sp=0x0000000c301ff5e0)
0x0000000c301ff5e0:   0000000700000000 0000000000000001
0x0000000c301ff5f0:   0000000000000001 0000000000000009
0x0000000c301ff600:   00002174000017a8 00002173000017a8
0x0000000c301ff610:   00000000000017ab 000000000000008c
0x0000000c301ff620:   0000012e85cd8010 000000000000008c
0x0000000c301ff630:   0000012e85cd8010 000000000001506a
0x0000000c301ff640:   0000000708bfe3b8 0000012eed6ce130
0x0000000c301ff650:   0000012e85cd8010 00007ffaafcb8906
0x0000000c301ff660:   0000223500000000 0000012e85cd0001
0x0000000c301ff670:   0000012eed6c0000 0000000000000009
0x0000000c301ff680:   0000000c2ecfec00 0000000c301ff700
0x0000000c301ff690:   0000000000000000 00007ffaafc8c224
0x0000000c301ff6a0:   0000012e84a00001 00007ffab0305e78
0x0000000c301ff6b0:   0000000708bfe3b9 00007ffa00000004
0x0000000c301ff6c0:   0000000000000008 00007ffaafcad5f7
0x0000000c301ff6d0:   0000000000000000 0000000000000000 

Instructions: (pc=0x00007ffaafcb8d41)
0x00007ffaafcb8c41:   1b fd ff ff 66 66 66 0f 1f 84 00 00 00 00 00 48
0x00007ffaafcb8c51:   8b 77 10 8b ae 80 00 00 00 8b cd 8b 86 00 01 00
0x00007ffaafcb8c61:   00 2b c8 81 e1 ff ff 01 00 41 3b ce 0f 86 06 03
0x00007ffaafcb8c71:   00 00 ff cd 81 e5 ff ff 01 00 89 ae 80 00 00 00
0x00007ffaafcb8c81:   e8 5a fa 35 00 8b 86 00 01 00 00 8b cd 48 8b 9e
0x00007ffaafcb8c91:   80 01 00 00 2b c8 81 e1 ff ff 01 00 8b d5 81 f9
0x00007ffaafcb8ca1:   ff ff 01 00 48 8b 1c eb 41 0f 44 cf 85 c9 75 41
0x00007ffaafcb8cb1:   48 8b 86 00 01 00 00 48 8b c8 48 89 44 24 28 48
0x00007ffaafcb8cc1:   c1 e9 20 ff c1 89 6c 24 20 89 4c 24 24 3b e8 0f
0x00007ffaafcb8cd1:   85 91 02 00 00 48 c1 e1 20 48 0b ca f0 48 0f b1
0x00007ffaafcb8ce1:   8e 00 01 00 00 0f 85 7b 02 00 00 8b 86 00 01 00
0x00007ffaafcb8cf1:   00 f6 c3 01 0f 84 3c 01 00 00 8b 0d e7 65 7f 00
0x00007ffaafcb8d01:   48 8d 73 ff 48 8b 47 08 44 8b 16 49 d3 e2 4c 03
0x00007ffaafcb8d11:   15 ca 65 7f 00 8b 88 90 05 00 00 49 8b d2 48 8b
0x00007ffaafcb8d21:   80 80 05 00 00 48 d3 ea 0f b7 0c 50 66 89 8c 24
0x00007ffaafcb8d31:   90 00 00 00 66 c1 e9 08 84 c9 0f 88 0f ff ff ff
0x00007ffaafcb8d41:   4d 8b 02 41 0f b6 c0 24 03 3c 03 75 1e 44 38 3d
0x00007ffaafcb8d51:   fb 28 86 00 74 0f 41 0f b6 c0 24 07 3c 05 75 05
0x00007ffaafcb8d61:   4d 8b c7 eb 1f 49 83 e0 fc eb 19 0f b7 94 24 90
0x00007ffaafcb8d71:   00 00 00 4d 8b c8 4d 8b c2 48 8b cf e8 1e ef ff
0x00007ffaafcb8d81:   ff 4c 8b c0 8b 0d 5d 65 7f 00 49 8b d0 48 2b 15
0x00007ffaafcb8d91:   4b 65 7f 00 48 d3 ea 89 16 49 8b d0 8b 0d 2d 31
0x00007ffaafcb8da1:   86 00 48 33 d6 48 d3 ea 48 85 d2 0f 84 9e fe ff
0x00007ffaafcb8db1:   ff 48 8b 47 08 48 8b d6 8b 88 c0 01 00 00 48 8b
0x00007ffaafcb8dc1:   80 b0 01 00 00 48 d3 ea 48 8b 0c d0 8b 81 94 00
0x00007ffaafcb8dd1:   00 00 d1 e8 a8 01 0f 85 73 fe ff ff 48 8b 47 08
0x00007ffaafcb8de1:   8b 88 90 05 00 00 48 8b 80 80 05 00 00 49 d3 e8
0x00007ffaafcb8df1:   46 38 3c 40 0f 84 55 fe ff ff 48 8b 47 60 48 c1
0x00007ffaafcb8e01:   ee 09 48 8b 58 40 48 8b 48 38 48 03 de 48 2b d9
0x00007ffaafcb8e11:   48 39 9f b0 01 00 00 0f 84 32 fe ff ff 48 8d 14
0x00007ffaafcb8e21:   0b 48 8d 4f 18 e8 c5 40 00 00 48 89 9f b0 01 00
0x00007ffaafcb8e31:   00 e9 19 fe ff ff f6 c3 03 0f 85 16 01 00 00 48 


Stack slot to memory mapping:
stack at sp + 0 slots: 0x0000000700000000 is an unknown value
stack at sp + 1 slots: 0x0000000000000001 is an unknown value
stack at sp + 2 slots: 0x0000000000000001 is an unknown value
stack at sp + 3 slots: 0x0000000000000009 is an unknown value
stack at sp + 4 slots: 0x00002174000017a8 is an unknown value
stack at sp + 5 slots: 0x00002173000017a8 is an unknown value
stack at sp + 6 slots: 0x00000000000017ab is an unknown value
stack at sp + 7 slots: 0x000000000000008c is an unknown value


---------------  P R O C E S S  ---------------

Threads class SMR info:
_java_thread_list=0x0000012e874394d0, length=29, elements={
0x0000012e84056c20, 0x0000012e8408c140, 0x0000012e840ba2a0, 0x0000012e840bab60,
0x0000012e840bd430, 0x0000012e840bdde0, 0x0000012e840be840, 0x0000012e840f52b0,
0x0000012efff98dc0, 0x0000012e8425a480, 0x0000012e84a1b7f0, 0x0000012e84a01f80,
0x0000012e84af1e00, 0x0000012e852976b0, 0x0000012e8529e410, 0x0000012e852c1340,
0x0000012e852c0e70, 0x0000012e852bf190, 0x0000012e87754c10, 0x0000012e879dc960,
0x0000012e86b1f030, 0x0000012e87750d80, 0x0000012e877520c0, 0x0000012e87751720,
0x0000012e87754270, 0x0000012e87752590, 0x0000012e87752f30, 0x0000012e877550e0,
0x0000012e86e40550
}

Java Threads: ( => current thread )
  0x0000012e84056c20 JavaThread "Reference Handler" daemon [_thread_blocked, id=14072, stack(0x0000000c2ed00000,0x0000000c2ee00000)]
  0x0000012e8408c140 JavaThread "Finalizer" daemon [_thread_blocked, id=16740, stack(0x0000000c2ee00000,0x0000000c2ef00000)]
  0x0000012e840ba2a0 JavaThread "Signal Dispatcher" daemon [_thread_blocked, id=4880, stack(0x0000000c2ef00000,0x0000000c2f000000)]
  0x0000012e840bab60 JavaThread "Attach Listener" daemon [_thread_blocked, id=3832, stack(0x0000000c2f000000,0x0000000c2f100000)]
  0x0000012e840bd430 JavaThread "Service Thread" daemon [_thread_blocked, id=13528, stack(0x0000000c2f100000,0x0000000c2f200000)]
  0x0000012e840bdde0 JavaThread "Monitor Deflation Thread" daemon [_thread_blocked, id=7156, stack(0x0000000c2f200000,0x0000000c2f300000)]
  0x0000012e840be840 JavaThread "C1 CompilerThread0" daemon [_thread_blocked, id=17064, stack(0x0000000c2f300000,0x0000000c2f400000)]
  0x0000012e840f52b0 JavaThread "Sweeper thread" daemon [_thread_blocked, id=3836, stack(0x0000000c2f400000,0x0000000c2f500000)]
  0x0000012efff98dc0 JavaThread "Common-Cleaner" daemon [_thread_blocked, id=15704, stack(0x0000000c2f500000,0x0000000c2f600000)]
  0x0000012e8425a480 JavaThread "Notification Thread" daemon [_thread_blocked, id=3920, stack(0x0000000c2f700000,0x0000000c2f800000)]
  0x0000012e84a1b7f0 JavaThread "RMI TCP Accept-0" daemon [_thread_in_native, id=17464, stack(0x0000000c2fa00000,0x0000000c2fb00000)]
  0x0000012e84a01f80 JavaThread "RMI TCP Accept-49849" daemon [_thread_in_native, id=17468, stack(0x0000000c2fb00000,0x0000000c2fc00000)]
  0x0000012e84af1e00 JavaThread "RMI TCP Accept-0" daemon [_thread_in_native, id=17472, stack(0x0000000c2fc00000,0x0000000c2fd00000)]
  0x0000012e852976b0 JavaThread "RMI Scheduler(0)" daemon [_thread_blocked, id=17524, stack(0x0000000c30600000,0x0000000c30700000)]
  0x0000012e8529e410 JavaThread "RMI TCP Connection(30)-127.0.0.1" daemon [_thread_in_native, id=17544, stack(0x0000000c30700000,0x0000000c30800000)]
  0x0000012e852c1340 JavaThread "JMX server connection timeout 22" daemon [_thread_blocked, id=17548, stack(0x0000000c30800000,0x0000000c30900000)]
  0x0000012e852c0e70 JavaThread "mysql-cj-abandoned-connection-cleanup" daemon [_thread_blocked, id=17956, stack(0x0000000c30e00000,0x0000000c30f00000)]
  0x0000012e852bf190 JavaThread "Live Reload Server" daemon [_thread_in_native, id=2260, stack(0x0000000c31500000,0x0000000c31600000)]
  0x0000012e87754c10 JavaThread "DestroyJavaVM" [_thread_blocked, id=17048, stack(0x0000000c2e600000,0x0000000c2e700000)]
  0x0000012e879dc960 JavaThread "C1 CompilerThread1" daemon [_thread_blocked, id=1272, stack(0x0000000c30f00000,0x0000000c31000000)]
  0x0000012e86b1f030 JavaThread "C1 CompilerThread2" daemon [_thread_blocked, id=19004, stack(0x0000000c31000000,0x0000000c31100000)]
  0x0000012e87750d80 JavaThread "Thread-39" [_thread_blocked, id=15836, stack(0x0000000c2f900000,0x0000000c2fa00000)]
  0x0000012e877520c0 JavaThread "restartedMain" [_thread_blocked, id=1500, stack(0x0000000c2fe00000,0x0000000c2ff00000)]
  0x0000012e87751720 JavaThread "HikariPool-11 housekeeper" daemon [_thread_blocked, id=4844, stack(0x0000000c2f800000,0x0000000c2f900000)]
  0x0000012e87754270 JavaThread "Catalina-utility-1" [_thread_blocked, id=14232, stack(0x0000000c30900000,0x0000000c30a00000)]
  0x0000012e87752590 JavaThread "Catalina-utility-2" [_thread_blocked, id=12084, stack(0x0000000c30a00000,0x0000000c30b00000)]
  0x0000012e87752f30 JavaThread "container-0" [_thread_blocked, id=18428, stack(0x0000000c30c00000,0x0000000c30d00000)]
  0x0000012e877550e0 JavaThread "HikariPool-11 connection adder" daemon [_thread_blocked, id=10832, stack(0x0000000c31100000,0x0000000c31200000)]
  0x0000012e86e40550 JavaThread "C1 CompilerThread3" daemon [_thread_blocked, id=10964, stack(0x0000000c31200000,0x0000000c31300000)]

Other Threads:
  0x0000012efffaea60 VMThread "VM Thread" [stack: 0x0000000c2ec00000,0x0000000c2ed00000] [id=9328]
  0x0000012e84af66f0 WatcherThread [stack: 0x0000000c2fd00000,0x0000000c2fe00000] [id=17476]
  0x0000012eed72caf0 GCTaskThread "GC Thread#0" [stack: 0x0000000c2e700000,0x0000000c2e800000] [id=13352]
  0x0000012e8524aa50 GCTaskThread "GC Thread#1" [stack: 0x0000000c2ff00000,0x0000000c30000000] [id=17496]
  0x0000012e8524ad00 GCTaskThread "GC Thread#2" [stack: 0x0000000c30000000,0x0000000c30100000] [id=17500]
=>0x0000012e8527a0e0 GCTaskThread "GC Thread#3" [stack: 0x0000000c30100000,0x0000000c30200000] [id=17504]
  0x0000012e8527a390 GCTaskThread "GC Thread#4" [stack: 0x0000000c30200000,0x0000000c30300000] [id=17508]
  0x0000012e8527a640 GCTaskThread "GC Thread#5" [stack: 0x0000000c30300000,0x0000000c30400000] [id=17512]
  0x0000012e85297120 GCTaskThread "GC Thread#6" [stack: 0x0000000c30400000,0x0000000c30500000] [id=17516]
  0x0000012e85423fc0 GCTaskThread "GC Thread#7" [stack: 0x0000000c30b00000,0x0000000c30c00000] [id=17616]
  0x0000012eed73d830 ConcurrentGCThread "G1 Main Marker" [stack: 0x0000000c2e800000,0x0000000c2e900000] [id=8284]
  0x0000012eed73e240 ConcurrentGCThread "G1 Conc#0" [stack: 0x0000000c2e900000,0x0000000c2ea00000] [id=3444]
  0x0000012e855a76b0 ConcurrentGCThread "G1 Conc#1" [stack: 0x0000000c30d00000,0x0000000c30e00000] [id=17684]
  0x0000012eed75e540 ConcurrentGCThread "G1 Refine#0" [stack: 0x0000000c2ea00000,0x0000000c2eb00000] [id=4320]
  0x0000012e852973d0 ConcurrentGCThread "G1 Refine#1" [stack: 0x0000000c30500000,0x0000000c30600000] [id=17520]
  0x0000012effe66260 ConcurrentGCThread "G1 Service" [stack: 0x0000000c2eb00000,0x0000000c2ec00000] [id=7524]

Threads with active compile tasks:

VM state: at safepoint (normal execution)

VM Mutex/Monitor currently owned by a thread:  ([mutex/lock_event])
[0x0000012eed6a89d0] Threads_lock - owner thread: 0x0000012efffaea60
[0x0000012eed6a8670] Heap_lock - owner thread: 0x0000012e877520c0

Heap address: 0x0000000702000000, size: 4064 MB, Compressed Oops mode: Zero based, Oop shift amount: 3

CDS archive(s) not mapped
Compressed class space mapped at: 0x0000000800000000-0x0000000840000000, reserved size: 1073741824
Narrow klass base: 0x0000000800000000, Narrow klass shift: 0, Narrow klass range: 0x40000000

GC Precious Log:
 CPUs: 8 total, 8 available
 Memory: 16254M
 Large Page Support: Disabled
 NUMA Support: Disabled
 Compressed Oops: Enabled (Zero based)
 Heap Region Size: 2M
 Heap Min Capacity: 8M
 Heap Initial Capacity: 254M
 Heap Max Capacity: 4064M
 Pre-touch: Disabled
 Parallel Workers: 8
 Concurrent Workers: 2
 Concurrent Refinement Workers: 8
 Periodic GC: Disabled

Heap:
 garbage-first heap   total 253952K, used 185535K [0x0000000702000000, 0x0000000800000000)
  region size 2048K, 72 young (147456K), 2 survivors (4096K)
 Metaspace       used 92715K, committed 93568K, reserved 1179648K
  class space    used 12445K, committed 12864K, reserved 1048576K

Heap Regions: E=young(eden), S=young(survivor), O=old, HS=humongous(starts), HC=humongous(continues), CS=collection set, F=free, OA=open archive, CA=closed archive, TAMS=top-at-mark-start (previous, next)
|   0|0x0000000702000000, 0x0000000702200000, 0x0000000702200000|100%| O|  |TAMS 0x0000000702200000, 0x0000000702000000| Untracked 
|   1|0x0000000702200000, 0x00000007023fffe8, 0x0000000702400000| 99%| O|  |TAMS 0x00000007023fffe8, 0x0000000702200000| Untracked 
|   2|0x0000000702400000, 0x0000000702600000, 0x0000000702600000|100%| O|  |TAMS 0x0000000702600000, 0x0000000702400000| Untracked 
|   3|0x0000000702600000, 0x0000000702800000, 0x0000000702800000|100%| O|  |TAMS 0x0000000702800000, 0x0000000702600000| Untracked 
|   4|0x0000000702800000, 0x00000007029ffff0, 0x0000000702a00000| 99%| O|  |TAMS 0x00000007029ffff0, 0x0000000702800000| Untracked 
|   5|0x0000000702a00000, 0x0000000702bfffc8, 0x0000000702c00000| 99%| O|  |TAMS 0x0000000702bfffc8, 0x0000000702a00000| Untracked 
|   6|0x0000000702c00000, 0x0000000702dfffd8, 0x0000000702e00000| 99%| O|  |TAMS 0x0000000702dfffd8, 0x0000000702c00000| Untracked 
|   7|0x0000000702e00000, 0x0000000702ffffe8, 0x0000000703000000| 99%| O|  |TAMS 0x0000000702ffffe8, 0x0000000702e00000| Untracked 
|   8|0x0000000703000000, 0x00000007031ffff0, 0x0000000703200000| 99%| O|  |TAMS 0x00000007031ffff0, 0x0000000703000000| Untracked 
|   9|0x0000000703200000, 0x00000007033fffc8, 0x0000000703400000| 99%| O|  |TAMS 0x00000007033fffc8, 0x0000000703200000| Untracked 
|  10|0x0000000703400000, 0x00000007035ffb50, 0x0000000703600000| 99%| O|  |TAMS 0x00000007035ffb50, 0x0000000703400000| Untracked 
|  11|0x0000000703600000, 0x00000007037fffe8, 0x0000000703800000| 99%| O|  |TAMS 0x00000007037fffe8, 0x0000000703600000| Untracked 
|  12|0x0000000703800000, 0x00000007039fffd8, 0x0000000703a00000| 99%| O|  |TAMS 0x00000007039fffd8, 0x0000000703800000| Untracked 
|  13|0x0000000703a00000, 0x0000000703bfff88, 0x0000000703c00000| 99%| O|  |TAMS 0x0000000703bfff88, 0x0000000703a00000| Untracked 
|  14|0x0000000703c00000, 0x0000000703cedce0, 0x0000000703e00000| 46%| O|  |TAMS 0x0000000703cedce0, 0x0000000703c00000| Untracked 
|  15|0x0000000703e00000, 0x0000000703e96898, 0x0000000704000000| 29%| O|  |TAMS 0x0000000703e96898, 0x0000000703e00000| Untracked 
|  16|0x0000000704000000, 0x0000000704200000, 0x0000000704200000|100%| O|  |TAMS 0x0000000704200000, 0x0000000704000000| Untracked 
|  17|0x0000000704200000, 0x000000070428ad80, 0x0000000704400000| 27%| O|  |TAMS 0x000000070428ad80, 0x0000000704200000| Untracked 
|  18|0x0000000704400000, 0x0000000704400000, 0x0000000704600000|  0%| F|  |TAMS 0x0000000704400000, 0x0000000704400000| Untracked 
|  19|0x0000000704600000, 0x0000000704731308, 0x0000000704800000| 59%| O|  |TAMS 0x0000000704731308, 0x0000000704600000| Untracked 
|  20|0x0000000704800000, 0x0000000704a00000, 0x0000000704a00000|100%| O|  |TAMS 0x0000000704a00000, 0x0000000704800000| Untracked 
|  21|0x0000000704a00000, 0x0000000704c00000, 0x0000000704c00000|100%| O|  |TAMS 0x0000000704c00000, 0x0000000704a00000| Untracked 
|  22|0x0000000704c00000, 0x0000000704d43400, 0x0000000704e00000| 63%| O|  |TAMS 0x0000000704d43400, 0x0000000704c00000| Untracked 
|  23|0x0000000704e00000, 0x0000000704e00000, 0x0000000705000000|  0%| F|  |TAMS 0x0000000704e00000, 0x0000000704e00000| Untracked 
|  24|0x0000000705000000, 0x0000000705000000, 0x0000000705200000|  0%| F|  |TAMS 0x0000000705000000, 0x0000000705000000| Untracked 
|  25|0x0000000705200000, 0x0000000705200000, 0x0000000705400000|  0%| F|  |TAMS 0x0000000705200000, 0x0000000705200000| Untracked 
|  26|0x0000000705400000, 0x0000000705400000, 0x0000000705600000|  0%| F|  |TAMS 0x0000000705400000, 0x0000000705400000| Untracked 
|  27|0x0000000705600000, 0x0000000705600000, 0x0000000705800000|  0%| F|  |TAMS 0x0000000705600000, 0x0000000705600000| Untracked 
|  28|0x0000000705800000, 0x0000000705800000, 0x0000000705a00000|  0%| F|  |TAMS 0x0000000705800000, 0x0000000705800000| Untracked 
|  29|0x0000000705a00000, 0x0000000705a00000, 0x0000000705c00000|  0%| F|  |TAMS 0x0000000705a00000, 0x0000000705a00000| Untracked 
|  30|0x0000000705c00000, 0x0000000705c00000, 0x0000000705e00000|  0%| F|  |TAMS 0x0000000705c00000, 0x0000000705c00000| Untracked 
|  31|0x0000000705e00000, 0x0000000705e00000, 0x0000000706000000|  0%| F|  |TAMS 0x0000000705e00000, 0x0000000705e00000| Untracked 
|  32|0x0000000706000000, 0x0000000706000000, 0x0000000706200000|  0%| F|  |TAMS 0x0000000706000000, 0x0000000706000000| Untracked 
|  33|0x0000000706200000, 0x0000000706200000, 0x0000000706400000|  0%| F|  |TAMS 0x0000000706200000, 0x0000000706200000| Untracked 
|  34|0x0000000706400000, 0x00000007064acbc0, 0x0000000706600000| 33%| E|CS|TAMS 0x0000000706400000, 0x0000000706400000| Complete 
|  35|0x0000000706600000, 0x0000000706800000, 0x0000000706800000|100%| E|CS|TAMS 0x0000000706600000, 0x0000000706600000| Complete 
|  36|0x0000000706800000, 0x0000000706800000, 0x0000000706a00000|  0%| F|  |TAMS 0x0000000706800000, 0x0000000706800000| Untracked 
|  37|0x0000000706a00000, 0x0000000706a00000, 0x0000000706c00000|  0%| F|  |TAMS 0x0000000706a00000, 0x0000000706a00000| Untracked 
|  38|0x0000000706c00000, 0x0000000706c00000, 0x0000000706e00000|  0%| F|  |TAMS 0x0000000706c00000, 0x0000000706c00000| Untracked 
|  39|0x0000000706e00000, 0x0000000706e00000, 0x0000000707000000|  0%| F|  |TAMS 0x0000000706e00000, 0x0000000706e00000| Untracked 
|  40|0x0000000707000000, 0x0000000707000000, 0x0000000707200000|  0%| F|  |TAMS 0x0000000707000000, 0x0000000707000000| Untracked 
|  41|0x0000000707200000, 0x0000000707200000, 0x0000000707400000|  0%| F|  |TAMS 0x0000000707200000, 0x0000000707200000| Untracked 
|  42|0x0000000707400000, 0x0000000707400000, 0x0000000707600000|  0%| F|  |TAMS 0x0000000707400000, 0x0000000707400000| Untracked 
|  43|0x0000000707600000, 0x0000000707600000, 0x0000000707800000|  0%| F|  |TAMS 0x0000000707600000, 0x0000000707600000| Untracked 
|  44|0x0000000707800000, 0x0000000707800000, 0x0000000707a00000|  0%| F|  |TAMS 0x0000000707800000, 0x0000000707800000| Untracked 
|  45|0x0000000707a00000, 0x0000000707a00000, 0x0000000707c00000|  0%| F|  |TAMS 0x0000000707a00000, 0x0000000707a00000| Untracked 
|  46|0x0000000707c00000, 0x0000000707c00000, 0x0000000707e00000|  0%| F|  |TAMS 0x0000000707c00000, 0x0000000707c00000| Untracked 
|  47|0x0000000707e00000, 0x0000000707e00000, 0x0000000708000000|  0%| F|  |TAMS 0x0000000707e00000, 0x0000000707e00000| Untracked 
|  48|0x0000000708000000, 0x0000000708000000, 0x0000000708200000|  0%| F|  |TAMS 0x0000000708000000, 0x0000000708000000| Untracked 
|  49|0x0000000708200000, 0x0000000708200000, 0x0000000708400000|  0%| F|  |TAMS 0x0000000708200000, 0x0000000708200000| Untracked 
|  50|0x0000000708400000, 0x0000000708400000, 0x0000000708600000|  0%| F|  |TAMS 0x0000000708400000, 0x0000000708400000| Untracked 
|  51|0x0000000708600000, 0x0000000708600000, 0x0000000708800000|  0%| F|  |TAMS 0x0000000708600000, 0x0000000708600000| Untracked 
|  52|0x0000000708800000, 0x0000000708832aa0, 0x0000000708a00000|  9%| S|  |TAMS 0x0000000708800000, 0x0000000708800000| Complete 
|  53|0x0000000708a00000, 0x0000000708c00000, 0x0000000708c00000|100%| S|  |TAMS 0x0000000708a00000, 0x0000000708a00000| Complete 
|  54|0x0000000708c00000, 0x0000000708e00000, 0x0000000708e00000|100%| E|CS|TAMS 0x0000000708c00000, 0x0000000708c00000| Complete 
|  55|0x0000000708e00000, 0x0000000709000000, 0x0000000709000000|100%| E|CS|TAMS 0x0000000708e00000, 0x0000000708e00000| Complete 
|  56|0x0000000709000000, 0x0000000709200000, 0x0000000709200000|100%| E|CS|TAMS 0x0000000709000000, 0x0000000709000000| Complete 
|  57|0x0000000709200000, 0x0000000709400000, 0x0000000709400000|100%| E|CS|TAMS 0x0000000709200000, 0x0000000709200000| Complete 
|  58|0x0000000709400000, 0x0000000709600000, 0x0000000709600000|100%| E|CS|TAMS 0x0000000709400000, 0x0000000709400000| Complete 
|  59|0x0000000709600000, 0x0000000709800000, 0x0000000709800000|100%| E|CS|TAMS 0x0000000709600000, 0x0000000709600000| Complete 
|  60|0x0000000709800000, 0x0000000709a00000, 0x0000000709a00000|100%| E|CS|TAMS 0x0000000709800000, 0x0000000709800000| Complete 
|  61|0x0000000709a00000, 0x0000000709c00000, 0x0000000709c00000|100%| E|CS|TAMS 0x0000000709a00000, 0x0000000709a00000| Complete 
|  62|0x0000000709c00000, 0x0000000709e00000, 0x0000000709e00000|100%| E|CS|TAMS 0x0000000709c00000, 0x0000000709c00000| Complete 
|  63|0x0000000709e00000, 0x000000070a000000, 0x000000070a000000|100%| E|CS|TAMS 0x0000000709e00000, 0x0000000709e00000| Complete 
|  64|0x000000070a000000, 0x000000070a200000, 0x000000070a200000|100%| E|CS|TAMS 0x000000070a000000, 0x000000070a000000| Complete 
|  65|0x000000070a200000, 0x000000070a400000, 0x000000070a400000|100%| E|CS|TAMS 0x000000070a200000, 0x000000070a200000| Complete 
|  66|0x000000070a400000, 0x000000070a600000, 0x000000070a600000|100%| E|CS|TAMS 0x000000070a400000, 0x000000070a400000| Complete 
|  67|0x000000070a600000, 0x000000070a800000, 0x000000070a800000|100%| E|CS|TAMS 0x000000070a600000, 0x000000070a600000| Complete 
|  68|0x000000070a800000, 0x000000070aa00000, 0x000000070aa00000|100%| E|CS|TAMS 0x000000070a800000, 0x000000070a800000| Complete 
|  69|0x000000070aa00000, 0x000000070ac00000, 0x000000070ac00000|100%| E|CS|TAMS 0x000000070aa00000, 0x000000070aa00000| Complete 
|  70|0x000000070ac00000, 0x000000070ae00000, 0x000000070ae00000|100%| E|CS|TAMS 0x000000070ac00000, 0x000000070ac00000| Complete 
|  71|0x000000070ae00000, 0x000000070b000000, 0x000000070b000000|100%| E|CS|TAMS 0x000000070ae00000, 0x000000070ae00000| Complete 
|  72|0x000000070b000000, 0x000000070b200000, 0x000000070b200000|100%| E|CS|TAMS 0x000000070b000000, 0x000000070b000000| Complete 
|  73|0x000000070b200000, 0x000000070b400000, 0x000000070b400000|100%| E|CS|TAMS 0x000000070b200000, 0x000000070b200000| Complete 
|  74|0x000000070b400000, 0x000000070b600000, 0x000000070b600000|100%| E|CS|TAMS 0x000000070b400000, 0x000000070b400000| Complete 
|  75|0x000000070b600000, 0x000000070b800000, 0x000000070b800000|100%| E|CS|TAMS 0x000000070b600000, 0x000000070b600000| Complete 
|  76|0x000000070b800000, 0x000000070ba00000, 0x000000070ba00000|100%| E|CS|TAMS 0x000000070b800000, 0x000000070b800000| Complete 
|  77|0x000000070ba00000, 0x000000070bc00000, 0x000000070bc00000|100%| E|CS|TAMS 0x000000070ba00000, 0x000000070ba00000| Complete 
|  78|0x000000070bc00000, 0x000000070be00000, 0x000000070be00000|100%| E|CS|TAMS 0x000000070bc00000, 0x000000070bc00000| Complete 
|  79|0x000000070be00000, 0x000000070c000000, 0x000000070c000000|100%| E|CS|TAMS 0x000000070be00000, 0x000000070be00000| Complete 
|  80|0x000000070c000000, 0x000000070c200000, 0x000000070c200000|100%| E|CS|TAMS 0x000000070c000000, 0x000000070c000000| Complete 
|  81|0x000000070c200000, 0x000000070c400000, 0x000000070c400000|100%| E|CS|TAMS 0x000000070c200000, 0x000000070c200000| Complete 
|  82|0x000000070c400000, 0x000000070c600000, 0x000000070c600000|100%| E|CS|TAMS 0x000000070c400000, 0x000000070c400000| Complete 
|  83|0x000000070c600000, 0x000000070c800000, 0x000000070c800000|100%| E|CS|TAMS 0x000000070c600000, 0x000000070c600000| Complete 
|  84|0x000000070c800000, 0x000000070ca00000, 0x000000070ca00000|100%| E|CS|TAMS 0x000000070c800000, 0x000000070c800000| Complete 
|  85|0x000000070ca00000, 0x000000070cc00000, 0x000000070cc00000|100%| E|CS|TAMS 0x000000070ca00000, 0x000000070ca00000| Complete 
|  86|0x000000070cc00000, 0x000000070ce00000, 0x000000070ce00000|100%| E|CS|TAMS 0x000000070cc00000, 0x000000070cc00000| Complete 
|  87|0x000000070ce00000, 0x000000070d000000, 0x000000070d000000|100%| E|CS|TAMS 0x000000070ce00000, 0x000000070ce00000| Complete 
|  88|0x000000070d000000, 0x000000070d200000, 0x000000070d200000|100%| E|CS|TAMS 0x000000070d000000, 0x000000070d000000| Complete 
|  89|0x000000070d200000, 0x000000070d400000, 0x000000070d400000|100%| E|CS|TAMS 0x000000070d200000, 0x000000070d200000| Complete 
|  90|0x000000070d400000, 0x000000070d600000, 0x000000070d600000|100%| E|CS|TAMS 0x000000070d400000, 0x000000070d400000| Complete 
|  91|0x000000070d600000, 0x000000070d800000, 0x000000070d800000|100%| E|CS|TAMS 0x000000070d600000, 0x000000070d600000| Complete 
|  92|0x000000070d800000, 0x000000070da00000, 0x000000070da00000|100%| E|CS|TAMS 0x000000070d800000, 0x000000070d800000| Complete 
|  93|0x000000070da00000, 0x000000070dc00000, 0x000000070dc00000|100%| E|CS|TAMS 0x000000070da00000, 0x000000070da00000| Complete 
|  94|0x000000070dc00000, 0x000000070de00000, 0x000000070de00000|100%| E|CS|TAMS 0x000000070dc00000, 0x000000070dc00000| Complete 
|  95|0x000000070de00000, 0x000000070e000000, 0x000000070e000000|100%| E|CS|TAMS 0x000000070de00000, 0x000000070de00000| Complete 
|  96|0x000000070e000000, 0x000000070e200000, 0x000000070e200000|100%| E|CS|TAMS 0x000000070e000000, 0x000000070e000000| Complete 
|  97|0x000000070e200000, 0x000000070e400000, 0x000000070e400000|100%| E|CS|TAMS 0x000000070e200000, 0x000000070e200000| Complete 
|  98|0x000000070e400000, 0x000000070e600000, 0x000000070e600000|100%| E|CS|TAMS 0x000000070e400000, 0x000000070e400000| Complete 
|  99|0x000000070e600000, 0x000000070e800000, 0x000000070e800000|100%| E|CS|TAMS 0x000000070e600000, 0x000000070e600000| Complete 
| 100|0x000000070e800000, 0x000000070ea00000, 0x000000070ea00000|100%| E|CS|TAMS 0x000000070e800000, 0x000000070e800000| Complete 
| 101|0x000000070ea00000, 0x000000070ec00000, 0x000000070ec00000|100%| E|CS|TAMS 0x000000070ea00000, 0x000000070ea00000| Complete 
| 102|0x000000070ec00000, 0x000000070ee00000, 0x000000070ee00000|100%| E|CS|TAMS 0x000000070ec00000, 0x000000070ec00000| Complete 
| 103|0x000000070ee00000, 0x000000070f000000, 0x000000070f000000|100%| E|CS|TAMS 0x000000070ee00000, 0x000000070ee00000| Complete 
| 104|0x000000070f000000, 0x000000070f200000, 0x000000070f200000|100%| E|CS|TAMS 0x000000070f000000, 0x000000070f000000| Complete 
| 105|0x000000070f200000, 0x000000070f400000, 0x000000070f400000|100%| E|CS|TAMS 0x000000070f200000, 0x000000070f200000| Complete 
| 106|0x000000070f400000, 0x000000070f600000, 0x000000070f600000|100%| E|CS|TAMS 0x000000070f400000, 0x000000070f400000| Complete 
| 107|0x000000070f600000, 0x000000070f800000, 0x000000070f800000|100%| E|CS|TAMS 0x000000070f600000, 0x000000070f600000| Complete 
| 108|0x000000070f800000, 0x000000070fa00000, 0x000000070fa00000|100%| E|CS|TAMS 0x000000070f800000, 0x000000070f800000| Complete 
| 109|0x000000070fa00000, 0x000000070fc00000, 0x000000070fc00000|100%| E|CS|TAMS 0x000000070fa00000, 0x000000070fa00000| Complete 
| 110|0x000000070fc00000, 0x000000070fe00000, 0x000000070fe00000|100%| E|CS|TAMS 0x000000070fc00000, 0x000000070fc00000| Complete 
| 111|0x000000070fe00000, 0x0000000710000000, 0x0000000710000000|100%| E|CS|TAMS 0x000000070fe00000, 0x000000070fe00000| Complete 
| 112|0x0000000710000000, 0x0000000710200000, 0x0000000710200000|100%| E|CS|TAMS 0x0000000710000000, 0x0000000710000000| Complete 
| 113|0x0000000710200000, 0x0000000710400000, 0x0000000710400000|100%| E|CS|TAMS 0x0000000710200000, 0x0000000710200000| Complete 
| 114|0x0000000710400000, 0x0000000710600000, 0x0000000710600000|100%| E|CS|TAMS 0x0000000710400000, 0x0000000710400000| Complete 
| 115|0x0000000710600000, 0x0000000710800000, 0x0000000710800000|100%| E|CS|TAMS 0x0000000710600000, 0x0000000710600000| Complete 
| 116|0x0000000710800000, 0x0000000710a00000, 0x0000000710a00000|100%| E|CS|TAMS 0x0000000710800000, 0x0000000710800000| Complete 
| 117|0x0000000710a00000, 0x0000000710c00000, 0x0000000710c00000|100%| E|CS|TAMS 0x0000000710a00000, 0x0000000710a00000| Complete 
| 118|0x0000000710c00000, 0x0000000710e00000, 0x0000000710e00000|100%| E|CS|TAMS 0x0000000710c00000, 0x0000000710c00000| Complete 
| 119|0x0000000710e00000, 0x0000000711000000, 0x0000000711000000|100%| E|CS|TAMS 0x0000000710e00000, 0x0000000710e00000| Complete 
| 120|0x0000000711000000, 0x0000000711200000, 0x0000000711200000|100%| E|CS|TAMS 0x0000000711000000, 0x0000000711000000| Complete 
| 121|0x0000000711200000, 0x0000000711400000, 0x0000000711400000|100%| E|CS|TAMS 0x0000000711200000, 0x0000000711200000| Complete 
| 122|0x0000000711400000, 0x0000000711600000, 0x0000000711600000|100%| E|CS|TAMS 0x0000000711400000, 0x0000000711400000| Complete 
| 123|0x0000000711600000, 0x0000000711800000, 0x0000000711800000|100%| E|CS|TAMS 0x0000000711600000, 0x0000000711600000| Complete 

Card table byte_map: [0x0000012ef4650000,0x0000012ef4e40000] _byte_map_base: 0x0000012ef0e40000

Marking Bits (Prev, Next): (CMBitMap*) 0x0000012eed72d100, (CMBitMap*) 0x0000012eed72d140
 Prev Bits: [0x0000012ef5630000, 0x0000012ef95b0000)
 Next Bits: [0x0000012ef95b0000, 0x0000012efd530000)

Polling page: 0x0000012eeb5f0000

Metaspace:

Usage:
  Non-class:     78.39 MB used.
      Class:     12.15 MB used.
       Both:     90.54 MB used.

Virtual space:
  Non-class space:      128.00 MB reserved,      78.81 MB ( 62%) committed,  2 nodes.
      Class space:        1.00 GB reserved,      12.56 MB (  1%) committed,  1 nodes.
             Both:        1.12 GB reserved,      91.38 MB (  8%) committed. 

Chunk freelists:
   Non-Class:  684.00 KB
       Class:  3.29 MB
        Both:  3.96 MB

MaxMetaspaceSize: unlimited
CompressedClassSpaceSize: 1.00 GB
Initial GC threshold: 21.00 MB
Current GC threshold: 152.31 MB
CDS: off
MetaspaceReclaimPolicy: balanced
 - commit_granule_bytes: 65536.
 - commit_granule_words: 8192.
 - virtual_space_node_default_size: 8388608.
 - enlarge_chunks_in_place: 1.
 - new_chunks_are_fully_committed: 0.
 - uncommit_free_chunks: 1.
 - use_allocation_guard: 0.
 - handle_deallocations: 1.


Internal statistics:

num_allocs_failed_limit: 9.
num_arena_births: 1460.
num_arena_deaths: 424.
num_vsnodes_births: 3.
num_vsnodes_deaths: 0.
num_space_committed: 1462.
num_space_uncommitted: 0.
num_chunks_returned_to_freelist: 524.
num_chunks_taken_from_freelist: 5104.
num_chunk_merges: 158.
num_chunk_splits: 3318.
num_chunks_enlarged: 2334.
num_inconsistent_stats: 0.

CodeCache: size=49152Kb used=26529Kb max_used=26529Kb free=22622Kb
 bounds [0x0000012ef0d50000, 0x0000012ef2740000, 0x0000012ef3d50000]
 total_blobs=15025 nmethods=14338 adapters=610
 compilation: enabled
              stopped_count=0, restarted_count=0
 full_count=0

Compilation events (20 events):
Event: 1704.621 Thread 0x0000012e840be840 nmethod 14326 0x0000012ef262c310 code [0x0000012ef262c4a0, 0x0000012ef262c578]
Event: 1704.621 Thread 0x0000012e86b1f030 nmethod 14321 0x0000012ef262b210 code [0x0000012ef262b480, 0x0000012ef262bdb8]
Event: 1704.731 Thread 0x0000012e86e40550 14330   !   1       java.nio.file.Files::isDirectory (43 bytes)
Event: 1704.731 Thread 0x0000012e879dc960 14331   !   1       sun.nio.fs.AbstractFileSystemProvider::isDirectory (20 bytes)
Event: 1704.731 Thread 0x0000012e879dc960 nmethod 14331 0x0000012ef262ac10 code [0x0000012ef262adc0, 0x0000012ef262b028]
Event: 1704.731 Thread 0x0000012e86e40550 nmethod 14330 0x0000012ef262a210 code [0x0000012ef262a400, 0x0000012ef262a858]
Event: 1704.741 Thread 0x0000012e86e40550 14332       1       java.util.concurrent.LinkedBlockingQueue::<init> (7 bytes)
Event: 1704.741 Thread 0x0000012e86e40550 nmethod 14332 0x0000012ef2629f10 code [0x0000012ef262a0a0, 0x0000012ef262a188]
Event: 1704.744 Thread 0x0000012e879dc960 14333  s    1       java.util.Properties::load (20 bytes)
Event: 1704.744 Thread 0x0000012e840be840 14334       1       java.util.Properties$LineReader::<init> (38 bytes)
Event: 1704.744 Thread 0x0000012e840be840 nmethod 14334 0x0000012ef2629990 code [0x0000012ef2629b20, 0x0000012ef2629e78]
Event: 1704.744 Thread 0x0000012e879dc960 nmethod 14333 0x0000012ef2629390 code [0x0000012ef2629540, 0x0000012ef2629808]
Event: 1704.824 Thread 0x0000012e840be840 14335       1       jdk.internal.loader.URLClassPath::<init> (156 bytes)
Event: 1704.824 Thread 0x0000012e840be840 nmethod 14335 0x0000012ef2628490 code [0x0000012ef26286a0, 0x0000012ef2628ff8]
Event: 1704.831 Thread 0x0000012e840be840 14336       1       java.lang.Module::toString (60 bytes)
Event: 1704.831 Thread 0x0000012e840be840 nmethod 14336 0x0000012ef2627990 code [0x0000012ef2627be0, 0x0000012ef26281f8]
Event: 1704.895 Thread 0x0000012e840be840 14337       1       sun.nio.fs.WindowsPath::hasDotOrDotDot (76 bytes)
Event: 1704.896 Thread 0x0000012e840be840 nmethod 14337 0x0000012ef2626d90 code [0x0000012ef2626fa0, 0x0000012ef26275d8]
Event: 1704.905 Thread 0x0000012e86b1f030 14338       1       java.util.Collections$SetFromMap::toArray (10 bytes)
Event: 1704.905 Thread 0x0000012e86b1f030 nmethod 14338 0x0000012ef2626a90 code [0x0000012ef2626c20, 0x0000012ef2626d08]

GC Heap History (20 events):
Event: 1700.368 GC heap after
{Heap after GC invocations=127 (full 9):
 garbage-first heap   total 122880K, used 38904K [0x0000000702000000, 0x0000000800000000)
  region size 2048K, 2 young (4096K), 2 survivors (4096K)
 Metaspace       used 91441K, committed 92224K, reserved 1179648K
  class space    used 12324K, committed 12736K, reserved 1048576K
}
Event: 1700.578 GC heap before
{Heap before GC invocations=127 (full 9):
 garbage-first heap   total 122880K, used 90104K [0x0000000702000000, 0x0000000800000000)
  region size 2048K, 27 young (55296K), 2 survivors (4096K)
 Metaspace       used 91703K, committed 92480K, reserved 1179648K
  class space    used 12343K, committed 12736K, reserved 1048576K
}
Event: 1700.582 GC heap after
{Heap after GC invocations=128 (full 9):
 garbage-first heap   total 151552K, used 40522K [0x0000000702000000, 0x0000000800000000)
  region size 2048K, 3 young (6144K), 3 survivors (6144K)
 Metaspace       used 91703K, committed 92480K, reserved 1179648K
  class space    used 12343K, committed 12736K, reserved 1048576K
}
Event: 1700.733 GC heap before
{Heap before GC invocations=129 (full 9):
 garbage-first heap   total 151552K, used 112202K [0x0000000702000000, 0x0000000800000000)
  region size 2048K, 38 young (77824K), 3 survivors (6144K)
 Metaspace       used 91703K, committed 92480K, reserved 1179648K
  class space    used 12343K, committed 12736K, reserved 1048576K
}
Event: 1700.738 GC heap after
{Heap after GC invocations=130 (full 9):
 garbage-first heap   total 151552K, used 45884K [0x0000000702000000, 0x0000000800000000)
  region size 2048K, 5 young (10240K), 5 survivors (10240K)
 Metaspace       used 91703K, committed 92480K, reserved 1179648K
  class space    used 12343K, committed 12736K, reserved 1048576K
}
Event: 1700.857 GC heap before
{Heap before GC invocations=130 (full 9):
 garbage-first heap   total 151552K, used 111420K [0x0000000702000000, 0x0000000800000000)
  region size 2048K, 38 young (77824K), 5 survivors (10240K)
 Metaspace       used 91703K, committed 92480K, reserved 1179648K
  class space    used 12343K, committed 12736K, reserved 1048576K
}
Event: 1700.866 GC heap after
{Heap after GC invocations=131 (full 9):
 garbage-first heap   total 151552K, used 51083K [0x0000000702000000, 0x0000000800000000)
  region size 2048K, 5 young (10240K), 5 survivors (10240K)
 Metaspace       used 91703K, committed 92480K, reserved 1179648K
  class space    used 12343K, committed 12736K, reserved 1048576K
}
Event: 1701.036 GC heap before
{Heap before GC invocations=132 (full 9):
 garbage-first heap   total 151552K, used 108427K [0x0000000702000000, 0x0000000800000000)
  region size 2048K, 33 young (67584K), 5 survivors (10240K)
 Metaspace       used 91703K, committed 92480K, reserved 1179648K
  class space    used 12343K, committed 12736K, reserved 1048576K
}
Event: 1701.043 GC heap after
{Heap after GC invocations=133 (full 9):
 garbage-first heap   total 151552K, used 53542K [0x0000000702000000, 0x0000000800000000)
  region size 2048K, 2 young (4096K), 2 survivors (4096K)
 Metaspace       used 91703K, committed 92480K, reserved 1179648K
  class space    used 12343K, committed 12736K, reserved 1048576K
}
Event: 1703.677 GC heap before
{Heap before GC invocations=133 (full 9):
 garbage-first heap   total 151552K, used 57638K [0x0000000702000000, 0x0000000800000000)
  region size 2048K, 5 young (10240K), 2 survivors (4096K)
 Metaspace       used 91706K, committed 92480K, reserved 1179648K
  class space    used 12344K, committed 12736K, reserved 1048576K
}
Event: 1703.725 GC heap after
{Heap after GC invocations=134 (full 10):
 garbage-first heap   total 131072K, used 32098K [0x0000000702000000, 0x0000000800000000)
  region size 2048K, 0 young (0K), 0 survivors (0K)
 Metaspace       used 91703K, committed 92480K, reserved 1179648K
  class space    used 12343K, committed 12736K, reserved 1048576K
}
Event: 1704.155 GC heap before
{Heap before GC invocations=134 (full 10):
 garbage-first heap   total 131072K, used 91490K [0x0000000702000000, 0x0000000800000000)
  region size 2048K, 29 young (59392K), 0 survivors (0K)
 Metaspace       used 92064K, committed 92864K, reserved 1179648K
  class space    used 12388K, committed 12800K, reserved 1048576K
}
Event: 1704.158 GC heap after
{Heap after GC invocations=135 (full 10):
 garbage-first heap   total 131072K, used 37144K [0x0000000702000000, 0x0000000800000000)
  region size 2048K, 3 young (6144K), 3 survivors (6144K)
 Metaspace       used 92064K, committed 92864K, reserved 1179648K
  class space    used 12388K, committed 12800K, reserved 1048576K
}
Event: 1704.418 GC heap before
{Heap before GC invocations=136 (full 10):
 garbage-first heap   total 131072K, used 92440K [0x0000000702000000, 0x0000000800000000)
  region size 2048K, 30 young (61440K), 3 survivors (6144K)
 Metaspace       used 92445K, committed 93248K, reserved 1179648K
  class space    used 12421K, committed 12800K, reserved 1048576K
}
Event: 1704.422 GC heap after
{Heap after GC invocations=137 (full 10):
 garbage-first heap   total 131072K, used 39690K [0x0000000702000000, 0x0000000800000000)
  region size 2048K, 2 young (4096K), 2 survivors (4096K)
 Metaspace       used 92445K, committed 93248K, reserved 1179648K
  class space    used 12421K, committed 12800K, reserved 1048576K
}
Event: 1704.429 GC heap before
{Heap before GC invocations=137 (full 10):
 garbage-first heap   total 131072K, used 41738K [0x0000000702000000, 0x0000000800000000)
  region size 2048K, 3 young (6144K), 2 survivors (4096K)
 Metaspace       used 92445K, committed 93248K, reserved 1179648K
  class space    used 12421K, committed 12800K, reserved 1048576K
}
Event: 1704.431 GC heap after
{Heap after GC invocations=138 (full 10):
 garbage-first heap   total 131072K, used 39507K [0x0000000702000000, 0x0000000800000000)
  region size 2048K, 1 young (2048K), 1 survivors (2048K)
 Metaspace       used 92445K, committed 93248K, reserved 1179648K
  class space    used 12421K, committed 12800K, reserved 1048576K
}
Event: 1704.646 GC heap before
{Heap before GC invocations=138 (full 10):
 garbage-first heap   total 131072K, used 94803K [0x0000000702000000, 0x0000000800000000)
  region size 2048K, 28 young (57344K), 1 survivors (2048K)
 Metaspace       used 92715K, committed 93568K, reserved 1179648K
  class space    used 12445K, committed 12864K, reserved 1048576K
}
Event: 1704.649 GC heap after
{Heap after GC invocations=139 (full 10):
 garbage-first heap   total 253952K, used 42175K [0x0000000702000000, 0x0000000800000000)
  region size 2048K, 2 young (4096K), 2 survivors (4096K)
 Metaspace       used 92715K, committed 93568K, reserved 1179648K
  class space    used 12445K, committed 12864K, reserved 1048576K
}
Event: 1704.912 GC heap before
{Heap before GC invocations=140 (full 10):
 garbage-first heap   total 253952K, used 183487K [0x0000000702000000, 0x0000000800000000)
  region size 2048K, 72 young (147456K), 2 survivors (4096K)
 Metaspace       used 92715K, committed 93568K, reserved 1179648K
  class space    used 12445K, committed 12864K, reserved 1048576K
}

Dll operation events (9 events):
Event: 0.020 Loaded shared library C:\sts-4.19.0.RELEASE\plugins\org.eclipse.justj.openjdk.hotspot.jre.full.win32.x86_64_17.0.7.v20230425-1502\jre\bin\java.dll
Event: 1.043 Loaded shared library C:\sts-4.19.0.RELEASE\plugins\org.eclipse.justj.openjdk.hotspot.jre.full.win32.x86_64_17.0.7.v20230425-1502\jre\bin\jimage.dll
Event: 1.106 Loaded shared library C:\sts-4.19.0.RELEASE\plugins\org.eclipse.justj.openjdk.hotspot.jre.full.win32.x86_64_17.0.7.v20230425-1502\jre\bin\net.dll
Event: 1.112 Loaded shared library C:\sts-4.19.0.RELEASE\plugins\org.eclipse.justj.openjdk.hotspot.jre.full.win32.x86_64_17.0.7.v20230425-1502\jre\bin\nio.dll
Event: 1.126 Loaded shared library C:\sts-4.19.0.RELEASE\plugins\org.eclipse.justj.openjdk.hotspot.jre.full.win32.x86_64_17.0.7.v20230425-1502\jre\bin\zip.dll
Event: 19.276 Loaded shared library C:\sts-4.19.0.RELEASE\plugins\org.eclipse.justj.openjdk.hotspot.jre.full.win32.x86_64_17.0.7.v20230425-1502\jre\bin\management.dll
Event: 19.318 Loaded shared library C:\sts-4.19.0.RELEASE\plugins\org.eclipse.justj.openjdk.hotspot.jre.full.win32.x86_64_17.0.7.v20230425-1502\jre\bin\management_ext.dll
Event: 25.759 Loaded shared library C:\sts-4.19.0.RELEASE\plugins\org.eclipse.justj.openjdk.hotspot.jre.full.win32.x86_64_17.0.7.v20230425-1502\jre\bin\sunmscapi.dll
Event: 27.225 Loaded shared library C:\sts-4.19.0.RELEASE\plugins\org.eclipse.justj.openjdk.hotspot.jre.full.win32.x86_64_17.0.7.v20230425-1502\jre\bin\verify.dll

Deoptimization events (18 events):
Event: 21.908 Thread 0x0000012e852c09a0 DEOPT PACKING pc=0x0000012ef1316ff9 sp=0x0000000c30afc6b0
Event: 21.908 Thread 0x0000012e852c09a0 DEOPT UNPACKING pc=0x0000012ef0da7143 sp=0x0000000c30afbb90 mode 3
Event: 22.452 Thread 0x0000012e852c09a0 DEOPT PACKING pc=0x0000012ef137220c sp=0x0000000c30afd540
Event: 22.452 Thread 0x0000012e852c09a0 DEOPT UNPACKING pc=0x0000012ef0da7143 sp=0x0000000c30afcb70 mode 0
Event: 25.692 Thread 0x0000012e852c09a0 DEOPT PACKING pc=0x0000012ef16291a5 sp=0x0000000c30afc720
Event: 25.692 Thread 0x0000012e852c09a0 DEOPT UNPACKING pc=0x0000012ef0da7143 sp=0x0000000c30afbc88 mode 3
Event: 31.754 Thread 0x0000012e852c09a0 DEOPT PACKING pc=0x0000012ef1335954 sp=0x0000000c30afc400
Event: 31.754 Thread 0x0000012e852c09a0 DEOPT UNPACKING pc=0x0000012ef0da7143 sp=0x0000000c30afb958 mode 0
Event: 32.164 Thread 0x0000012e852c09a0 DEOPT PACKING pc=0x0000012ef13794d2 sp=0x0000000c30afc6b0
Event: 32.164 Thread 0x0000012e852c09a0 DEOPT UNPACKING pc=0x0000012ef0da7143 sp=0x0000000c30afbbb8 mode 3
Event: 33.916 Thread 0x0000012e852c09a0 DEOPT PACKING pc=0x0000012ef1a25d93 sp=0x0000000c30afc110
Event: 33.916 Thread 0x0000012e852c09a0 DEOPT UNPACKING pc=0x0000012ef0da7143 sp=0x0000000c30afb658 mode 3
Event: 1059.037 Thread 0x0000012e8774fa40 DEOPT PACKING pc=0x0000012ef11038cb sp=0x0000000c2e4fdb70
Event: 1059.037 Thread 0x0000012e8774fa40 DEOPT UNPACKING pc=0x0000012ef0da7143 sp=0x0000000c2e4fd038 mode 3
Event: 1390.283 Thread 0x0000012e87752a60 DEOPT PACKING pc=0x0000012ef1d203c3 sp=0x0000000c2e4fd9a0
Event: 1390.283 Thread 0x0000012e87752a60 DEOPT UNPACKING pc=0x0000012ef0da7143 sp=0x0000000c2e4fce68 mode 3
Event: 1423.585 Thread 0x0000012e877538d0 DEOPT PACKING pc=0x0000012ef2124f1b sp=0x0000000c313fcee0
Event: 1423.585 Thread 0x0000012e877538d0 DEOPT UNPACKING pc=0x0000012ef0da7143 sp=0x0000000c313fc408 mode 3

Classes unloaded (20 events):
Event: 1465.716 Thread 0x0000012efffaea60 Unloading class 0x0000000800b94400 'jdk/internal/reflect/GeneratedMethodAccessor100'
Event: 1465.716 Thread 0x0000012efffaea60 Unloading class 0x0000000800b94000 'jdk/internal/reflect/GeneratedMethodAccessor99'
Event: 1465.716 Thread 0x0000012efffaea60 Unloading class 0x0000000800b98000 'org/apache/catalina/loader/JdbcLeakPrevention'
Event: 1465.716 Thread 0x0000012efffaea60 Unloading class 0x0000000800b88800 'jdk/internal/reflect/GeneratedConstructorAccessor77'
Event: 1465.716 Thread 0x0000012efffaea60 Unloading class 0x0000000800b88400 'jdk/internal/reflect/GeneratedConstructorAccessor76'
Event: 1466.848 Thread 0x0000012efffaea60 Unloading class 0x0000000800bbe000 'jdk/internal/reflect/GeneratedSerializationConstructorAccessor23'
Event: 1573.309 Thread 0x0000012efffaea60 Unloading class 0x0000000800bbe800 'org/apache/catalina/loader/JdbcLeakPrevention'
Event: 1573.736 Thread 0x0000012efffaea60 Unloading class 0x0000000800c19400 'jdk/internal/reflect/GeneratedSerializationConstructorAccessor27'
Event: 1573.736 Thread 0x0000012efffaea60 Unloading class 0x0000000800c19000 'jdk/internal/reflect/GeneratedSerializationConstructorAccessor26'
Event: 1573.736 Thread 0x0000012efffaea60 Unloading class 0x0000000800c18c00 'jdk/internal/reflect/GeneratedSerializationConstructorAccessor25'
Event: 1573.736 Thread 0x0000012efffaea60 Unloading class 0x0000000800c18800 'jdk/internal/reflect/GeneratedSerializationConstructorAccessor24'
Event: 1573.736 Thread 0x0000012efffaea60 Unloading class 0x0000000800c10800 'jdk/internal/reflect/GeneratedConstructorAccessor110'
Event: 1573.736 Thread 0x0000012efffaea60 Unloading class 0x0000000800c0c400 'jdk/internal/reflect/GeneratedConstructorAccessor106'
Event: 1573.736 Thread 0x0000012efffaea60 Unloading class 0x0000000800c0c000 'jdk/internal/reflect/GeneratedConstructorAccessor105'
Event: 1573.736 Thread 0x0000012efffaea60 Unloading class 0x0000000800bbc400 'jdk/internal/reflect/GeneratedMethodAccessor117'
Event: 1631.633 Thread 0x0000012efffaea60 Unloading class 0x0000000800c1a800 'org/apache/catalina/loader/JdbcLeakPrevention'
Event: 1654.667 Thread 0x0000012efffaea60 Unloading class 0x0000000800c34800 'org/apache/catalina/loader/JdbcLeakPrevention'
Event: 1688.049 Thread 0x0000012efffaea60 Unloading class 0x0000000800c48800 'org/apache/catalina/loader/JdbcLeakPrevention'
Event: 1699.613 Thread 0x0000012efffaea60 Unloading class 0x0000000800c64000 'org/apache/catalina/loader/JdbcLeakPrevention'
Event: 1703.691 Thread 0x0000012efffaea60 Unloading class 0x0000000800c7c800 'org/apache/catalina/loader/JdbcLeakPrevention'

Classes redefined (0 events):
No events

Internal exceptions (20 events):
Event: 1704.841 Thread 0x0000012e87752a60 Exception <a 'sun/nio/fs/WindowsException'{0x000000070bb53660}> (0x000000070bb53660) 
thrown [s\src\hotspot\share\prims\jni.cpp, line 516]
Event: 1704.841 Thread 0x0000012e87752a60 Exception <a 'sun/nio/fs/WindowsException'{0x000000070bb53930}> (0x000000070bb53930) 
thrown [s\src\hotspot\share\prims\jni.cpp, line 516]
Event: 1704.841 Thread 0x0000012e87752a60 Exception <a 'sun/nio/fs/WindowsException'{0x000000070bb54278}> (0x000000070bb54278) 
thrown [s\src\hotspot\share\prims\jni.cpp, line 516]
Event: 1704.841 Thread 0x0000012e87752a60 Exception <a 'sun/nio/fs/WindowsException'{0x000000070bb54578}> (0x000000070bb54578) 
thrown [s\src\hotspot\share\prims\jni.cpp, line 516]
Event: 1704.841 Thread 0x0000012e87752a60 Exception <a 'sun/nio/fs/WindowsException'{0x000000070bb54e98}> (0x000000070bb54e98) 
thrown [s\src\hotspot\share\prims\jni.cpp, line 516]
Event: 1704.841 Thread 0x0000012e87752a60 Exception <a 'sun/nio/fs/WindowsException'{0x000000070bb55168}> (0x000000070bb55168) 
thrown [s\src\hotspot\share\prims\jni.cpp, line 516]
Event: 1704.841 Thread 0x0000012e87752a60 Exception <a 'sun/nio/fs/WindowsException'{0x000000070bb55a60}> (0x000000070bb55a60) 
thrown [s\src\hotspot\share\prims\jni.cpp, line 516]
Event: 1704.841 Thread 0x0000012e87752a60 Exception <a 'sun/nio/fs/WindowsException'{0x000000070bb55d00}> (0x000000070bb55d00) 
thrown [s\src\hotspot\share\prims\jni.cpp, line 516]
Event: 1704.841 Thread 0x0000012e87752a60 Exception <a 'sun/nio/fs/WindowsException'{0x000000070bb56608}> (0x000000070bb56608) 
thrown [s\src\hotspot\share\prims\jni.cpp, line 516]
Event: 1704.841 Thread 0x0000012e87752a60 Exception <a 'sun/nio/fs/WindowsException'{0x000000070bb568c8}> (0x000000070bb568c8) 
thrown [s\src\hotspot\share\prims\jni.cpp, line 516]
Event: 1704.841 Thread 0x0000012e87752a60 Exception <a 'sun/nio/fs/WindowsException'{0x000000070bb571c0}> (0x000000070bb571c0) 
thrown [s\src\hotspot\share\prims\jni.cpp, line 516]
Event: 1704.841 Thread 0x0000012e87752a60 Exception <a 'sun/nio/fs/WindowsException'{0x000000070bb57460}> (0x000000070bb57460) 
thrown [s\src\hotspot\share\prims\jni.cpp, line 516]
Event: 1704.841 Thread 0x0000012e87752a60 Exception <a 'sun/nio/fs/WindowsException'{0x000000070bb57d68}> (0x000000070bb57d68) 
thrown [s\src\hotspot\share\prims\jni.cpp, line 516]
Event: 1704.842 Thread 0x0000012e87752a60 Exception <a 'sun/nio/fs/WindowsException'{0x000000070bb58028}> (0x000000070bb58028) 
thrown [s\src\hotspot\share\prims\jni.cpp, line 516]
Event: 1704.842 Thread 0x0000012e87752a60 Exception <a 'sun/nio/fs/WindowsException'{0x000000070bb58948}> (0x000000070bb58948) 
thrown [s\src\hotspot\share\prims\jni.cpp, line 516]
Event: 1704.842 Thread 0x0000012e87752a60 Exception <a 'sun/nio/fs/WindowsException'{0x000000070bb58c18}> (0x000000070bb58c18) 
thrown [s\src\hotspot\share\prims\jni.cpp, line 516]
Event: 1704.842 Thread 0x0000012e87752a60 Exception <a 'sun/nio/fs/WindowsException'{0x000000070bb59550}> (0x000000070bb59550) 
thrown [s\src\hotspot\share\prims\jni.cpp, line 516]
Event: 1704.842 Thread 0x0000012e87752a60 Exception <a 'sun/nio/fs/WindowsException'{0x000000070bb59840}> (0x000000070bb59840) 
thrown [s\src\hotspot\share\prims\jni.cpp, line 516]
Event: 1704.842 Thread 0x0000012e87752a60 Exception <a 'sun/nio/fs/WindowsException'{0x000000070bb5a170}> (0x000000070bb5a170) 
thrown [s\src\hotspot\share\prims\jni.cpp, line 516]
Event: 1704.842 Thread 0x0000012e87752a60 Exception <a 'sun/nio/fs/WindowsException'{0x000000070bb5a460}> (0x000000070bb5a460) 
thrown [s\src\hotspot\share\prims\jni.cpp, line 516]

VM Operations (20 events):
Event: 1701.043 Executing VM operation: G1CollectForAllocation done
Event: 1703.677 Executing VM operation: G1CollectFull
Event: 1703.725 Executing VM operation: G1CollectFull done
Event: 1704.155 Executing VM operation: G1CollectForAllocation
Event: 1704.158 Executing VM operation: G1CollectForAllocation done
Event: 1704.193 Executing VM operation: G1Concurrent
Event: 1704.203 Executing VM operation: G1Concurrent done
Event: 1704.216 Executing VM operation: G1Concurrent
Event: 1704.216 Executing VM operation: G1Concurrent done
Event: 1704.418 Executing VM operation: G1CollectForAllocation
Event: 1704.422 Executing VM operation: G1CollectForAllocation done
Event: 1704.429 Executing VM operation: G1CollectForAllocation
Event: 1704.431 Executing VM operation: G1CollectForAllocation done
Event: 1704.646 Executing VM operation: G1CollectForAllocation
Event: 1704.649 Executing VM operation: G1CollectForAllocation done
Event: 1704.707 Executing VM operation: G1Concurrent
Event: 1704.717 Executing VM operation: G1Concurrent done
Event: 1704.737 Executing VM operation: G1Concurrent
Event: 1704.737 Executing VM operation: G1Concurrent done
Event: 1704.912 Executing VM operation: G1CollectForAllocation

Events (20 events):
Event: 1704.903 Thread 0x0000012e87755f50 Thread added: 0x0000012e87755f50
Event: 1704.903 Thread 0x0000012e87756420 Thread added: 0x0000012e87756420
Event: 1704.903 Thread 0x0000012e877568f0 Thread added: 0x0000012e877568f0
Event: 1704.903 Thread 0x0000012e8774f0a0 Thread added: 0x0000012e8774f0a0
Event: 1704.903 Thread 0x0000012e8774f570 Thread added: 0x0000012e8774f570
Event: 1704.903 Thread 0x0000012e877503e0 Thread added: 0x0000012e877503e0
Event: 1704.904 Thread 0x0000012e877503e0 Thread exited: 0x0000012e877503e0
Event: 1704.904 Thread 0x0000012e87755a80 Thread exited: 0x0000012e87755a80
Event: 1704.905 Thread 0x0000012e87753400 Thread exited: 0x0000012e87753400
Event: 1704.905 Thread 0x0000012e87753da0 Thread exited: 0x0000012e87753da0
Event: 1704.905 Thread 0x0000012e877568f0 Thread exited: 0x0000012e877568f0
Event: 1704.905 Thread 0x0000012e87755f50 Thread exited: 0x0000012e87755f50
Event: 1704.905 Thread 0x0000012e87752a60 Thread exited: 0x0000012e87752a60
Event: 1704.905 Thread 0x0000012e8774fa40 Thread exited: 0x0000012e8774fa40
Event: 1704.905 Thread 0x0000012e87754740 Thread exited: 0x0000012e87754740
Event: 1704.905 Thread 0x0000012e8774f570 Thread exited: 0x0000012e8774f570
Event: 1704.905 Thread 0x0000012e877555b0 Thread exited: 0x0000012e877555b0
Event: 1704.905 Thread 0x0000012e8774f0a0 Thread exited: 0x0000012e8774f0a0
Event: 1704.905 Thread 0x0000012e87756420 Thread exited: 0x0000012e87756420
Event: 1704.905 Thread 0x0000012e877538d0 Thread exited: 0x0000012e877538d0


Dynamic libraries:
0x00007ff660ef0000 - 0x00007ff660efe000 	C:\sts-4.19.0.RELEASE\plugins\org.eclipse.justj.openjdk.hotspot.jre.full.win32.x86_64_17.0.7.v20230425-1502\jre\bin\javaw.exe
0x00007ffb0cc30000 - 0x00007ffb0ce44000 	C:\Windows\SYSTEM32\ntdll.dll
0x00007ffb06640000 - 0x00007ffb06659000 	C:\Program Files\Avast Software\Avast\aswhook.dll
0x00007ffb0cb10000 - 0x00007ffb0cbd2000 	C:\Windows\System32\KERNEL32.DLL
0x00007ffb0a320000 - 0x00007ffb0a6c3000 	C:\Windows\System32\KERNELBASE.dll
0x00007ffb0a8f0000 - 0x00007ffb0aa01000 	C:\Windows\System32\ucrtbase.dll
0x00007ffae9f90000 - 0x00007ffae9fa7000 	C:\sts-4.19.0.RELEASE\plugins\org.eclipse.justj.openjdk.hotspot.jre.full.win32.x86_64_17.0.7.v20230425-1502\jre\bin\jli.dll
0x00007ffb0c0e0000 - 0x00007ffb0c28a000 	C:\Windows\System32\USER32.dll
0x00007ffb0a750000 - 0x00007ffb0a776000 	C:\Windows\System32\win32u.dll
0x00007ffb0c290000 - 0x00007ffb0c2b9000 	C:\Windows\System32\GDI32.dll
0x00007ffb0a200000 - 0x00007ffb0a319000 	C:\Windows\System32\gdi32full.dll
0x00007ffb0a0a0000 - 0x00007ffb0a13a000 	C:\Windows\System32\msvcp_win.dll
0x00007ffae5d50000 - 0x00007ffae5d69000 	C:\sts-4.19.0.RELEASE\plugins\org.eclipse.justj.openjdk.hotspot.jre.full.win32.x86_64_17.0.7.v20230425-1502\jre\bin\VCRUNTIME140.dll
0x00007ffb09240000 - 0x00007ffb094ce000 	C:\Windows\WinSxS\amd64_microsoft.windows.common-controls_6595b64144ccf1df_6.0.22621.1635_none_270f70857386168e\COMCTL32.dll
0x00007ffb0b220000 - 0x00007ffb0b2c7000 	C:\Windows\System32\msvcrt.dll
0x00007ffb0c810000 - 0x00007ffb0c841000 	C:\Windows\System32\IMM32.DLL
0x00007ffae5d40000 - 0x00007ffae5d4c000 	C:\sts-4.19.0.RELEASE\plugins\org.eclipse.justj.openjdk.hotspot.jre.full.win32.x86_64_17.0.7.v20230425-1502\jre\bin\vcruntime140_1.dll
0x00007ffa9ba40000 - 0x00007ffa9bad1000 	C:\sts-4.19.0.RELEASE\plugins\org.eclipse.justj.openjdk.hotspot.jre.full.win32.x86_64_17.0.7.v20230425-1502\jre\bin\msvcp140.dll
0x00007ffaaf9b0000 - 0x00007ffab05f8000 	C:\sts-4.19.0.RELEASE\plugins\org.eclipse.justj.openjdk.hotspot.jre.full.win32.x86_64_17.0.7.v20230425-1502\jre\bin\server\jvm.dll
0x00007ffb0acf0000 - 0x00007ffb0ad9e000 	C:\Windows\System32\ADVAPI32.dll
0x00007ffb0c930000 - 0x00007ffb0c9d4000 	C:\Windows\System32\sechost.dll
0x00007ffb0abd0000 - 0x00007ffb0ace7000 	C:\Windows\System32\RPCRT4.dll
0x00007ffaeaff0000 - 0x00007ffaeaff9000 	C:\Windows\SYSTEM32\WSOCK32.dll
0x00007ffb0bd90000 - 0x00007ffb0be01000 	C:\Windows\System32\WS2_32.dll
0x00007ffb06950000 - 0x00007ffb0695a000 	C:\Windows\SYSTEM32\VERSION.dll
0x00007ffb01570000 - 0x00007ffb015a4000 	C:\Windows\SYSTEM32\WINMM.dll
0x00007ffb08800000 - 0x00007ffb08818000 	C:\Windows\SYSTEM32\kernel.appcore.dll
0x00007ffaeaf70000 - 0x00007ffaeaf7a000 	C:\sts-4.19.0.RELEASE\plugins\org.eclipse.justj.openjdk.hotspot.jre.full.win32.x86_64_17.0.7.v20230425-1502\jre\bin\jimage.dll
0x00007ffb099b0000 - 0x00007ffb09bde000 	C:\Windows\SYSTEM32\DBGHELP.DLL
0x00007ffb0c2c0000 - 0x00007ffb0c649000 	C:\Windows\System32\combase.dll
0x00007ffb0c850000 - 0x00007ffb0c927000 	C:\Windows\System32\OLEAUT32.dll
0x00007ffb09820000 - 0x00007ffb09852000 	C:\Windows\SYSTEM32\dbgcore.DLL
0x00007ffb0a6d0000 - 0x00007ffb0a74a000 	C:\Windows\System32\bcryptPrimitives.dll
0x00007ffac25f0000 - 0x00007ffac2615000 	C:\sts-4.19.0.RELEASE\plugins\org.eclipse.justj.openjdk.hotspot.jre.full.win32.x86_64_17.0.7.v20230425-1502\jre\bin\java.dll
0x00007ffae92f0000 - 0x00007ffae9308000 	C:\sts-4.19.0.RELEASE\plugins\org.eclipse.justj.openjdk.hotspot.jre.full.win32.x86_64_17.0.7.v20230425-1502\jre\bin\zip.dll
0x00007ffb0b590000 - 0x00007ffb0bd89000 	C:\Windows\System32\SHELL32.dll
0x00007ffb075d0000 - 0x00007ffb07e9e000 	C:\Windows\SYSTEM32\windows.storage.dll
0x00007ffb07470000 - 0x00007ffb075ae000 	C:\Windows\SYSTEM32\wintypes.dll
0x00007ffb0bfe0000 - 0x00007ffb0c0d1000 	C:\Windows\System32\SHCORE.dll
0x00007ffb0b430000 - 0x00007ffb0b48e000 	C:\Windows\System32\shlwapi.dll
0x00007ffb09f60000 - 0x00007ffb09f86000 	C:\Windows\SYSTEM32\profapi.dll
0x00007ffad4fb0000 - 0x00007ffad4fc9000 	C:\sts-4.19.0.RELEASE\plugins\org.eclipse.justj.openjdk.hotspot.jre.full.win32.x86_64_17.0.7.v20230425-1502\jre\bin\net.dll
0x00007ffb01430000 - 0x00007ffb01567000 	C:\Windows\SYSTEM32\WINHTTP.dll
0x00007ffb08c30000 - 0x00007ffb08c99000 	C:\Windows\system32\mswsock.dll
0x00007ffad4f90000 - 0x00007ffad4fa5000 	C:\sts-4.19.0.RELEASE\plugins\org.eclipse.justj.openjdk.hotspot.jre.full.win32.x86_64_17.0.7.v20230425-1502\jre\bin\nio.dll
0x00007ffb02c90000 - 0x00007ffb02c99000 	C:\sts-4.19.0.RELEASE\plugins\org.eclipse.justj.openjdk.hotspot.jre.full.win32.x86_64_17.0.7.v20230425-1502\jre\bin\management.dll
0x00007ffb02c80000 - 0x00007ffb02c8b000 	C:\sts-4.19.0.RELEASE\plugins\org.eclipse.justj.openjdk.hotspot.jre.full.win32.x86_64_17.0.7.v20230425-1502\jre\bin\management_ext.dll
0x00007ffb0c6a0000 - 0x00007ffb0c6a8000 	C:\Windows\System32\PSAPI.DLL
0x00007ffad47b0000 - 0x00007ffad47c7000 	C:\Windows\system32\napinsp.dll
0x00007ffad4040000 - 0x00007ffad405b000 	C:\Windows\system32\pnrpnsp.dll
0x00007ffb08310000 - 0x00007ffb08403000 	C:\Windows\SYSTEM32\DNSAPI.dll
0x00007ffb082e0000 - 0x00007ffb0830d000 	C:\Windows\SYSTEM32\IPHLPAPI.DLL
0x00007ffb0be10000 - 0x00007ffb0be19000 	C:\Windows\System32\NSI.dll
0x00007ffad46e0000 - 0x00007ffad46f1000 	C:\Windows\System32\winrnr.dll
0x00007ffb011f0000 - 0x00007ffb01205000 	C:\Windows\system32\wshbth.dll
0x00007ffad4360000 - 0x00007ffad4381000 	C:\Windows\system32\nlansp_c.dll
0x00007ffafe8c0000 - 0x00007ffafe8ca000 	C:\Windows\System32\rasadhlp.dll
0x00007ffaff9f0000 - 0x00007ffaffa74000 	C:\Windows\System32\fwpuclnt.dll
0x00007ffb09cd0000 - 0x00007ffb09ceb000 	C:\Windows\SYSTEM32\CRYPTSP.dll
0x00007ffb08f30000 - 0x00007ffb08f65000 	C:\Windows\system32\rsaenh.dll
0x00007ffb08ca0000 - 0x00007ffb08ccc000 	C:\Windows\SYSTEM32\USERENV.dll
0x00007ffb09860000 - 0x00007ffb09888000 	C:\Windows\SYSTEM32\bcrypt.dll
0x00007ffb09100000 - 0x00007ffb0910c000 	C:\Windows\SYSTEM32\CRYPTBASE.dll
0x00007ffb01850000 - 0x00007ffb01869000 	C:\Windows\SYSTEM32\dhcpcsvc6.DLL
0x00007ffb01600000 - 0x00007ffb0161f000 	C:\Windows\SYSTEM32\dhcpcsvc.DLL
0x00007ffad24f0000 - 0x00007ffad24fe000 	C:\sts-4.19.0.RELEASE\plugins\org.eclipse.justj.openjdk.hotspot.jre.full.win32.x86_64_17.0.7.v20230425-1502\jre\bin\sunmscapi.dll
0x00007ffb0a780000 - 0x00007ffb0a8e7000 	C:\Windows\System32\CRYPT32.dll
0x00007ffb09510000 - 0x00007ffb0953e000 	C:\Windows\SYSTEM32\ncrypt.dll
0x00007ffb094d0000 - 0x00007ffb09507000 	C:\Windows\SYSTEM32\NTASN1.dll
0x00007ffaea6a0000 - 0x00007ffaea6b0000 	C:\sts-4.19.0.RELEASE\plugins\org.eclipse.justj.openjdk.hotspot.jre.full.win32.x86_64_17.0.7.v20230425-1502\jre\bin\verify.dll
0x00007ffb01bb0000 - 0x00007ffb01bb8000 	C:\Windows\system32\wshunix.dll

dbghelp: loaded successfully - version: 4.0.5 - missing functions: none
symbol engine: initialized successfully - sym options: 0x614 - pdb path: .;C:\sts-4.19.0.RELEASE\plugins\org.eclipse.justj.openjdk.hotspot.jre.full.win32.x86_64_17.0.7.v20230425-1502\jre\bin;C:\Windows\SYSTEM32;C:\Program Files\Avast Software\Avast;C:\Windows\WinSxS\amd64_microsoft.windows.common-controls_6595b64144ccf1df_6.0.22621.1635_none_270f70857386168e;C:\sts-4.19.0.RELEASE\plugins\org.eclipse.justj.openjdk.hotspot.jre.full.win32.x86_64_17.0.7.v20230425-1502\jre\bin\server

VM Arguments:
jvm_args: -Dcom.sun.management.jmxremote -Dcom.sun.management.jmxremote.port=49849 -Dcom.sun.management.jmxremote.authenticate=false -Dcom.sun.management.jmxremote.ssl=false -Djava.rmi.server.hostname=localhost -Dspring.jmx.enabled=true -Dmanagement.endpoints.jmx.exposure.include=* -Dspring.application.admin.enabled=true -XX:TieredStopAtLevel=1 -Dspring.boot.project.name=HPS_Projet_BackEnd -Dfile.encoding=UTF-8 -XX:+ShowCodeDetailsInExceptionMessages 
java_command: com.example.hps.HpsAppApplication --spring.output.ansi.enabled=always
java_class_path (initial): C:\Users\hi\Desktop\HPS\HPS_Projet_BackEnd\target\classes;C:\Users\hi\.m2\repository\org\springframework\boot\spring-boot-starter-data-rest\3.1.1\spring-boot-starter-data-rest-3.1.1.jar;C:\Users\hi\.m2\repository\org\springframework\boot\spring-boot-starter-web\3.1.1\spring-boot-starter-web-3.1.1.jar;C:\Users\hi\.m2\repository\org\springframework\boot\spring-boot-starter-json\3.1.1\spring-boot-starter-json-3.1.1.jar;C:\Users\hi\.m2\repository\com\fasterxml\jackson\datatype\jackson-datatype-jdk8\2.15.2\jackson-datatype-jdk8-2.15.2.jar;C:\Users\hi\.m2\repository\com\fasterxml\jackson\datatype\jackson-datatype-jsr310\2.15.2\jackson-datatype-jsr310-2.15.2.jar;C:\Users\hi\.m2\repository\com\fasterxml\jackson\module\jackson-module-parameter-names\2.15.2\jackson-module-parameter-names-2.15.2.jar;C:\Users\hi\.m2\repository\org\springframework\boot\spring-boot-starter-tomcat\3.1.1\spring-boot-starter-tomcat-3.1.1.jar;C:\Users\hi\.m2\repository\org\apache\tomcat\embed\tomcat-embed-core\10.1.10\tomcat-embed-core-10.1.10.jar;C:\Users\hi\.m2\repository\org\apache\tomcat\embed\tomcat-embed-websocket\10.1.10\tomcat-embed-websocket-10.1.10.jar;C:\Users\hi\.m2\repository\org\springframework\spring-web\6.0.10\spring-web-6.0.10.jar;C:\Users\hi\.m2\repository\io\micrometer\micrometer-observation\1.11.1\micrometer-observation-1.11.1.jar;C:\Users\hi\.m2\repository\io\micrometer\micrometer-commons\1.11.1\micrometer-commons-1.11.1.jar;C:\Users\hi\.m2\repository\org\springframework\spring-webmvc\6.0.10\spring-webmvc-6.0.10.jar;C:\Users\hi\.m2\repository\org\springframework\spring-expression\6.0.10\spring-expression-6.0.10.jar;C:\Users\hi\.m2\repository\org\springframework\data\spring-data-rest-webmvc\4.1.1\spring-data-rest-webmvc-4.1.1.jar;C:\Users\hi\.m2\repository\org\springframework\data\spring-data-rest-core\4.1.1\spring-data-rest-core-4.1.1.jar;C:\Users\hi\.m2\repository\org\springframework\hateoas\spring-hateoas\2.1.0\spring-hateoas-2.1.0.jar;C:\Users\hi\.
Launcher Type: SUN_STANDARD

[Global flags]
     intx CICompilerCount                          = 4                                         {product} {ergonomic}
     uint ConcGCThreads                            = 2                                         {product} {ergonomic}
     uint G1ConcRefinementThreads                  = 8                                         {product} {ergonomic}
   size_t G1HeapRegionSize                         = 2097152                                   {product} {ergonomic}
    uintx GCDrainStackTargetSize                   = 64                                        {product} {ergonomic}
   size_t InitialHeapSize                          = 266338304                                 {product} {ergonomic}
     bool ManagementServer                         = true                                      {product} {command line}
   size_t MarkStackSize                            = 4194304                                   {product} {ergonomic}
   size_t MaxHeapSize                              = 4261412864                                {product} {ergonomic}
   size_t MaxNewSize                               = 2556428288                                {product} {ergonomic}
   size_t MinHeapDeltaBytes                        = 2097152                                   {product} {ergonomic}
   size_t MinHeapSize                              = 8388608                                   {product} {ergonomic}
    uintx NonProfiledCodeHeapSize                  = 0                                      {pd product} {ergonomic}
     bool ProfileInterpreter                       = false                                  {pd product} {command line}
    uintx ProfiledCodeHeapSize                     = 0                                      {pd product} {ergonomic}
     bool ShowCodeDetailsInExceptionMessages       = true                                   {manageable} {command line}
   size_t SoftMaxHeapSize                          = 4261412864                             {manageable} {ergonomic}
     intx TieredStopAtLevel                        = 1                                         {product} {command line}
     bool UseCompressedClassPointers               = true                           {product lp64_product} {ergonomic}
     bool UseCompressedOops                        = true                           {product lp64_product} {ergonomic}
     bool UseG1GC                                  = true                                      {product} {ergonomic}
     bool UseLargePagesIndividualAllocation        = false                                  {pd product} {ergonomic}

Logging:
Log output configuration:
 #0: stdout all=warning uptime,level,tags
 #1: stderr all=off uptime,level,tags

Environment Variables:
JAVA_HOME=C:\Program Files\Java\jdk-20
PATH=C:/sts-4.19.0.RELEASE//plugins/org.eclipse.justj.openjdk.hotspot.jre.full.win32.x86_64_17.0.7.v20230425-1502/jre/bin/server;C:/sts-4.19.0.RELEASE//plugins/org.eclipse.justj.openjdk.hotspot.jre.full.win32.x86_64_17.0.7.v20230425-1502/jre/bin;C:\Program Files\Common Files\Oracle\Java\javapath;C:\Windows\system32;C:\Windows;C:\Windows\System32\Wbem;C:\Windows\System32\WindowsPowerShell\v1.0\;C:\Windows\System32\OpenSSH\;C:\Program Files\Java\jdk-20\bin;C:\Program Files\Git\cmd;C:\Program Files\Common Files\Oracle\Java\javapath;C:\Program Files\Git LFS;C:\Program Files\nodejs\;C:\Users\hi\AppData\Local\Microsoft\WindowsApps;C:\Users\hi\AppData\Local\Programs\Microsoft VS Code\bin;C:\Users\hi\AppData\Local\GitHubDesktop\bin;C:\Users\hi\AppData\Roaming\npm;C:\sts-4.19.0.RELEASE;
USERNAME=hi
OS=Windows_NT
PROCESSOR_IDENTIFIER=Intel64 Family 6 Model 142 Stepping 12, GenuineIntel
TMP=C:\Users\hi\AppData\Local\Temp
TEMP=C:\Users\hi\AppData\Local\Temp



---------------  S Y S T E M  ---------------

OS:
 Windows 11 , 64 bit Build 22621 (10.0.22621.1928)
OS uptime: 0 days 0:30 hours
Hyper-V role detected

CPU: total 8 (initial active 8) (4 cores per cpu, 2 threads per core) family 6 model 142 stepping 12 microcode 0xec, cx8, cmov, fxsr, ht, mmx, 3dnowpref, sse, sse2, sse3, ssse3, sse4.1, sse4.2, popcnt, lzcnt, tsc, tscinvbit, avx, avx2, aes, erms, clmul, bmi1, bmi2, adx, fma, vzeroupper, clflush, clflushopt, hv

Memory: 4k page, system-wide physical 16254M (4708M free)
TotalPageFile size 19198M (AvailPageFile size 5615M)
current process WorkingSet (physical memory assigned to process): 440M, peak: 440M
current process commit charge ("private bytes"): 492M, peak: 717M

vm_info: OpenJDK 64-Bit Server VM (17.0.7+7) for windows-amd64 JRE (17.0.7+7), built on Apr 18 2023 22:10:42 by "temurin" with MS VC++ 16.7 (VS2019)

END.
