#
# A fatal error has been detected by the Java Runtime Environment:
#
#  EXCEPTION_ACCESS_VIOLATION (0xc0000005) at pc=0x00007ffae0468d41, pid=19952, tid=20132
#
# JRE version: OpenJDK Runtime Environment Temurin-17.0.7+7 (17.0.7+7) (build 17.0.7+7)
# Java VM: OpenJDK 64-Bit Server VM Temurin-17.0.7+7 (17.0.7+7, mixed mode, emulated-client, tiered, compressed oops, compressed class ptrs, g1 gc, windows-amd64)
# Problematic frame:
# V  [jvm.dll+0x308d41]
#
# No core dump will be written. Minidumps are not enabled by default on client versions of Windows
#
# If you would like to submit a bug report, please visit:
#   https://github.com/adoptium/adoptium-support/issues
#

---------------  S U M M A R Y ------------

Command Line: -Dcom.sun.management.jmxremote -Dcom.sun.management.jmxremote.port=50277 -Dcom.sun.management.jmxremote.authenticate=false -Dcom.sun.management.jmxremote.ssl=false -Djava.rmi.server.hostname=localhost -Dspring.jmx.enabled=true -Dmanagement.endpoints.jmx.exposure.include=* -Dspring.application.admin.enabled=true -XX:TieredStopAtLevel=1 -Dspring.boot.project.name=HPS_Projet_BackEnd -Dfile.encoding=UTF-8 -XX:+ShowCodeDetailsInExceptionMessages com.example.hps.HpsAppApplication --spring.output.ansi.enabled=always

Host: Intel(R) Core(TM) i7-8565U CPU @ 1.80GHz, 8 cores, 15G,  Windows 11 , 64 bit Build 22621 (10.0.22621.2215)
Time: Fri Sep  1 10:14:27 2023 Morocco Daylight Time elapsed time: 5138.223119 seconds (0d 1h 25m 38s)

---------------  T H R E A D  ---------------

Current thread (0x000001c5a47aa7a0):  GCTaskThread "GC Thread#1" [stack: 0x00000080d3800000,0x00000080d3900000] [id=20132]

Stack: [0x00000080d3800000,0x00000080d3900000],  sp=0x00000080d38ffa20,  free space=1022k
Native frames: (J=compiled Java code, j=interpreted, Vv=VM code, C=native code)
V  [jvm.dll+0x308d41]
V  [jvm.dll+0x2dc0cf]
V  [jvm.dll+0x2dc9ca]
V  [jvm.dll+0x2dcac7]
V  [jvm.dll+0x2e208b]
V  [jvm.dll+0x860ffb]
V  [jvm.dll+0x861046]
V  [jvm.dll+0x7e4e7a]
V  [jvm.dll+0x676395]
C  [ucrtbase.dll+0x29363]
C  [KERNEL32.DLL+0x1257d]
C  [ntdll.dll+0x5aa68]


siginfo: EXCEPTION_ACCESS_VIOLATION (0xc0000005), reading address 0x0000000000000008


Register to memory mapping:

RIP=0x00007ffae0468d41 jvm.dll
RAX=0x000001c58abe73e0 points into unknown readable memory: 0x0000000000000000 | 00 00 00 00 00 00 00 00
RBX=0x0000000706c37f2d is pointing into object: java.util.LinkedList 
{0x0000000706c37f18} - klass: 'java/util/LinkedList'
 - ---- fields (total size 4 words):
 - protected transient 'modCount' 'I' @12  0
 - transient 'size' 'I' @16  0
 - transient 'first' 'Ljava/util/LinkedList$Node;' @20  
[error occurred during error reporting (printing register info), id 0xc0000005, EXCEPTION_ACCESS_VIOLATION (0xc0000005) at pc=0x00007ffae04f239e]

Registers:
RAX=0x000001c58abe73e0, RBX=0x0000000706c37f2d, RCX=0x0000000000000000, RDX=0x0000000000000000
RSP=0x00000080d38ffa20, RBP=0x000000000000234a, RSI=0x0000000706c37f2c, RDI=0x000001c5a5227ba0
R8 =0x0000000000003852, R9 =0x000000070a4a1048, R10=0x0000000000000008, R11=0x0000000000000001
R12=0x000001c5a4745de8, R13=0x00000080d38ffb80, R14=0x0000000000000000, R15=0x0000000000000000
RIP=0x00007ffae0468d41, EFLAGS=0x0000000000010246

Top of Stack: (sp=0x00000080d38ffa20)
0x00000080d38ffa20:   0000000000020000 0000000003830001
0x00000080d38ffa30:   0000000000000001 0000000000000001
0x00000080d38ffa40:   00000080d38ffb88 0000000000000000
0x00000080d38ffa50:   000001c58ab96a30 000001c58ab9e2e0
0x00000080d38ffa60:   000001c5a4745a10 000001c5a4745a10
0x00000080d38ffa70:   000001c5a5227ba0 00000080d23fea00
0x00000080d38ffa80:   0000000000000013 00000080d38ffb00
0x00000080d38ffa90:   0000000000000000 00007ffae043c0cf
0x00000080d38ffaa0:   000001c5a4745de8 0000000000000000
0x00000080d38ffab0:   0000000000000000 00007ffa00000002
0x00000080d38ffac0:   0000000000000008 00007ffae045d5f7
0x00000080d38ffad0:   0000000000000000 0000000000000000
0x00000080d38ffae0:   00000080d38f0000 00007ffae095338e
0x00000080d38ffaf0:   0000000000000000 0000000000000000
0x00000080d38ffb00:   000001c5a4745a10 000001c5a47aa3f0
0x00000080d38ffb10:   00000000000003d8 000001c5a4745de8 

Instructions: (pc=0x00007ffae0468d41)
0x00007ffae0468c41:   1b fd ff ff 66 66 66 0f 1f 84 00 00 00 00 00 48
0x00007ffae0468c51:   8b 77 10 8b ae 80 00 00 00 8b cd 8b 86 00 01 00
0x00007ffae0468c61:   00 2b c8 81 e1 ff ff 01 00 41 3b ce 0f 86 06 03
0x00007ffae0468c71:   00 00 ff cd 81 e5 ff ff 01 00 89 ae 80 00 00 00
0x00007ffae0468c81:   e8 5a fa 35 00 8b 86 00 01 00 00 8b cd 48 8b 9e
0x00007ffae0468c91:   80 01 00 00 2b c8 81 e1 ff ff 01 00 8b d5 81 f9
0x00007ffae0468ca1:   ff ff 01 00 48 8b 1c eb 41 0f 44 cf 85 c9 75 41
0x00007ffae0468cb1:   48 8b 86 00 01 00 00 48 8b c8 48 89 44 24 28 48
0x00007ffae0468cc1:   c1 e9 20 ff c1 89 6c 24 20 89 4c 24 24 3b e8 0f
0x00007ffae0468cd1:   85 91 02 00 00 48 c1 e1 20 48 0b ca f0 48 0f b1
0x00007ffae0468ce1:   8e 00 01 00 00 0f 85 7b 02 00 00 8b 86 00 01 00
0x00007ffae0468cf1:   00 f6 c3 01 0f 84 3c 01 00 00 8b 0d e7 65 7f 00
0x00007ffae0468d01:   48 8d 73 ff 48 8b 47 08 44 8b 16 49 d3 e2 4c 03
0x00007ffae0468d11:   15 ca 65 7f 00 8b 88 90 05 00 00 49 8b d2 48 8b
0x00007ffae0468d21:   80 80 05 00 00 48 d3 ea 0f b7 0c 50 66 89 8c 24
0x00007ffae0468d31:   90 00 00 00 66 c1 e9 08 84 c9 0f 88 0f ff ff ff
0x00007ffae0468d41:   4d 8b 02 41 0f b6 c0 24 03 3c 03 75 1e 44 38 3d
0x00007ffae0468d51:   fb 28 86 00 74 0f 41 0f b6 c0 24 07 3c 05 75 05
0x00007ffae0468d61:   4d 8b c7 eb 1f 49 83 e0 fc eb 19 0f b7 94 24 90
0x00007ffae0468d71:   00 00 00 4d 8b c8 4d 8b c2 48 8b cf e8 1e ef ff
0x00007ffae0468d81:   ff 4c 8b c0 8b 0d 5d 65 7f 00 49 8b d0 48 2b 15
0x00007ffae0468d91:   4b 65 7f 00 48 d3 ea 89 16 49 8b d0 8b 0d 2d 31
0x00007ffae0468da1:   86 00 48 33 d6 48 d3 ea 48 85 d2 0f 84 9e fe ff
0x00007ffae0468db1:   ff 48 8b 47 08 48 8b d6 8b 88 c0 01 00 00 48 8b
0x00007ffae0468dc1:   80 b0 01 00 00 48 d3 ea 48 8b 0c d0 8b 81 94 00
0x00007ffae0468dd1:   00 00 d1 e8 a8 01 0f 85 73 fe ff ff 48 8b 47 08
0x00007ffae0468de1:   8b 88 90 05 00 00 48 8b 80 80 05 00 00 49 d3 e8
0x00007ffae0468df1:   46 38 3c 40 0f 84 55 fe ff ff 48 8b 47 60 48 c1
0x00007ffae0468e01:   ee 09 48 8b 58 40 48 8b 48 38 48 03 de 48 2b d9
0x00007ffae0468e11:   48 39 9f b0 01 00 00 0f 84 32 fe ff ff 48 8d 14
0x00007ffae0468e21:   0b 48 8d 4f 18 e8 c5 40 00 00 48 89 9f b0 01 00
0x00007ffae0468e31:   00 e9 19 fe ff ff f6 c3 03 0f 85 16 01 00 00 48 


Stack slot to memory mapping:
stack at sp + 0 slots: 131072 is a compressed pointer to class: 0x0000000800020000
java.util.Spliterators$IteratorSpliterator {0x0000000800020008}
 - instance size:     5
 - klass size:        83
 - access:            synchronized 
 - state:             fully_initialized
 - name:              'java/util/Spliterators$IteratorSpliterator'
 - super:             'java/lang/Object'
 - sub:               
 - arrays:            NULL
 - methods:           Array<T>(0x000001c5a02fbb08)
 - method ordering:   Array<T>(0x000001c5a0000018)
 - default_methods:   Array<T>(0x000001c5a02fc400)
 - default vtable indices:   Array<T>(0x000001c5a02fc418)
 - local interfaces:  Array<T>(0x000001c5a02fba98)
 - trans. interfaces: Array<T>(0x000001c5a02fba98)
 - constants:         constant pool [132] {0x000001c5a02fb5d0} for 'java/util/Spliterators$IteratorSpliterator' cache=0x000001c5a02fc428
 - class loader data:  loader data: 0x000001c59f3b1120 of 'bootstrap'
 - source file:       'Spliterators.java'
 - class annotations:       Array<T>(0x0000000000000000)
 - class type annotations:  Array<T>(0x0000000000000000)
 - field annotations:       Array<T>(0x0000000000000000)
 - field type annotations:  Array<T>(0x0000000000000000)
 - generic signature: '<T:Ljava/lang/Object;>Ljava/lang/Object;Ljava/util/Spliterator<TT;>;'
 - inner classes:     Array<T>(0x000001c5a02fc3e0)
 - nest members:     Array<T>(0x000001c5a0000028)
 - permitted subclasses:     Array<T>(0x000001c5a0000028)
 - java mirror:       a 'java/lang/Class'{0x0000000702415838} = 'java/util/Spliterators$IteratorSpliterator'
 - vtable length      13  (start addr: 0x00000008000201c8)
 - itable length      12 (start addr: 0x0000000800020230)
 - ---- static fields (1 words):
 - static final 'BATCH_UNIT' 'I' @112 
 - static final 'MAX_BATCH' 'I' @116 
 - ---- non-static fields (6 words):
 - private final 'characteristics' 'I' @12 
 - private 'est' 'J' @16 
 - private 'batch' 'I' @24 
 - private final 'collection' 'Ljava/util/Collection;' @28 
 - private 'it' 'Ljava/util/Iterator;' @32 
 - non-static oop maps: 28-32 
stack at sp + 1 slots: 0x0000000003830001 is an unknown value
stack at sp + 2 slots: 0x0000000000000001 is an unknown value
stack at sp + 3 slots: 0x0000000000000001 is an unknown value
stack at sp + 4 slots: 0x00000080d38ffb88 points into unknown readable memory: 0x0000000000000000 | 00 00 00 00 00 00 00 00
stack at sp + 5 slots: 0x0 is NULL
stack at sp + 6 slots: 0x000001c58ab96a30 points into unknown readable memory: 0x000001c58ab96610 | 10 66 b9 8a c5 01 00 00
stack at sp + 7 slots: 0x000001c58ab9e2e0 points into unknown readable memory: 0x000001c58ab9dbc0 | c0 db b9 8a c5 01 00 00


---------------  P R O C E S S  ---------------

Threads class SMR info:
_java_thread_list=0x000001c5a75624a0, length=36, elements={
0x000001c59f55c270, 0x000001c59f55d0e0, 0x000001c59f593a00, 0x000001c59f596430,
0x000001c59f597df0, 0x000001c59f59b4f0, 0x000001c59f5ab690, 0x000001c59f5ac080,
0x000001c59f5fbac0, 0x000001c59f758290, 0x000001c5a458f730, 0x000001c5a473e580,
0x000001c5a4759370, 0x000001c5a476ddf0, 0x000001c5a477e380, 0x000001c5a47d4560,
0x000001c5a49de980, 0x000001c5a49de4b0, 0x000001c5a6ba1a30, 0x000001c5a73c1870,
0x000001c5a73c3ef0, 0x000001c5a73be850, 0x000001c5a73c0ed0, 0x000001c5a73c0060,
0x000001c5a73c0530, 0x000001c5a73c3080, 0x000001c5a73c1d40, 0x000001c5a73bdeb0,
0x000001c5a73bf1f0, 0x000001c5a73c43c0, 0x000001c5a73bf6c0, 0x000001c5a73c4890,
0x000001c5a73c3a20, 0x000001c5a73c0a00, 0x000001c5a73c13a0, 0x000001c5a73be380
}

Java Threads: ( => current thread )
  0x000001c59f55c270 JavaThread "Reference Handler" daemon [_thread_blocked, id=20024, stack(0x00000080d2400000,0x00000080d2500000)]
  0x000001c59f55d0e0 JavaThread "Finalizer" daemon [_thread_blocked, id=20028, stack(0x00000080d2500000,0x00000080d2600000)]
  0x000001c59f593a00 JavaThread "Signal Dispatcher" daemon [_thread_blocked, id=20032, stack(0x00000080d2600000,0x00000080d2700000)]
  0x000001c59f596430 JavaThread "Attach Listener" daemon [_thread_blocked, id=20036, stack(0x00000080d2700000,0x00000080d2800000)]
  0x000001c59f597df0 JavaThread "Service Thread" daemon [_thread_blocked, id=20040, stack(0x00000080d2800000,0x00000080d2900000)]
  0x000001c59f59b4f0 JavaThread "Monitor Deflation Thread" daemon [_thread_blocked, id=20044, stack(0x00000080d2900000,0x00000080d2a00000)]
  0x000001c59f5ab690 JavaThread "C1 CompilerThread0" daemon [_thread_blocked, id=20048, stack(0x00000080d2a00000,0x00000080d2b00000)]
  0x000001c59f5ac080 JavaThread "Sweeper thread" daemon [_thread_blocked, id=20052, stack(0x00000080d2b00000,0x00000080d2c00000)]
  0x000001c59f5fbac0 JavaThread "Common-Cleaner" daemon [_thread_blocked, id=20056, stack(0x00000080d2c00000,0x00000080d2d00000)]
  0x000001c59f758290 JavaThread "Notification Thread" daemon [_thread_blocked, id=20068, stack(0x00000080d2f00000,0x00000080d3000000)]
  0x000001c5a458f730 JavaThread "RMI TCP Accept-0" daemon [_thread_in_native, id=20084, stack(0x00000080d3000000,0x00000080d3100000)]
  0x000001c5a473e580 JavaThread "RMI TCP Accept-50277" daemon [_thread_in_native, id=20088, stack(0x00000080d3100000,0x00000080d3200000)]
  0x000001c5a4759370 JavaThread "RMI TCP Accept-0" daemon [_thread_in_native, id=20092, stack(0x00000080d3200000,0x00000080d3300000)]
  0x000001c5a476ddf0 JavaThread "RMI Scheduler(0)" daemon [_thread_blocked, id=20104, stack(0x00000080d3500000,0x00000080d3600000)]
  0x000001c5a477e380 JavaThread "RMI TCP Connection(idle)" daemon [_thread_blocked, id=20120, stack(0x00000080d3600000,0x00000080d3700000)]
  0x000001c5a47d4560 JavaThread "JMX server connection timeout 22" daemon [_thread_blocked, id=20124, stack(0x00000080d3700000,0x00000080d3800000)]
  0x000001c5a49de980 JavaThread "mysql-cj-abandoned-connection-cleanup" daemon [_thread_blocked, id=20224, stack(0x00000080d4300000,0x00000080d4400000)]
  0x000001c5a49de4b0 JavaThread "Live Reload Server" daemon [_thread_in_native, id=2724, stack(0x00000080d4e00000,0x00000080d4f00000)]
  0x000001c5a6ba1a30 JavaThread "DestroyJavaVM" [_thread_blocked, id=19996, stack(0x00000080d1d00000,0x00000080d1e00000)]
  0x000001c5a73c1870 JavaThread "HikariPool-9 housekeeper" daemon [_thread_blocked, id=13608, stack(0x00000080d4000000,0x00000080d4100000)]
  0x000001c5a73c3ef0 JavaThread "Catalina-utility-1" [_thread_blocked, id=21804, stack(0x00000080d4100000,0x00000080d4200000)]
  0x000001c5a73be850 JavaThread "Catalina-utility-2" [_thread_blocked, id=22480, stack(0x00000080d4500000,0x00000080d4600000)]
  0x000001c5a73c0ed0 JavaThread "container-0" [_thread_blocked, id=12488, stack(0x00000080d4600000,0x00000080d4700000)]
  0x000001c5a73c0060 JavaThread "File Watcher" daemon [_thread_blocked, id=17684, stack(0x00000080d4a00000,0x00000080d4b00000)]
  0x000001c5a73c0530 JavaThread "http-nio-8080-exec-1" daemon [_thread_blocked, id=4876, stack(0x00000080d4b00000,0x00000080d4c00000)]
  0x000001c5a73c3080 JavaThread "http-nio-8080-exec-2" daemon [_thread_blocked, id=22164, stack(0x00000080d4c00000,0x00000080d4d00000)]
  0x000001c5a73c1d40 JavaThread "http-nio-8080-exec-3" daemon [_thread_blocked, id=21600, stack(0x00000080d4d00000,0x00000080d4e00000)]
  0x000001c5a73bdeb0 JavaThread "http-nio-8080-exec-4" daemon [_thread_blocked, id=20496, stack(0x00000080d4f00000,0x00000080d5000000)]
  0x000001c5a73bf1f0 JavaThread "http-nio-8080-exec-5" daemon [_thread_blocked, id=22864, stack(0x00000080d5000000,0x00000080d5100000)]
  0x000001c5a73c43c0 JavaThread "http-nio-8080-exec-6" daemon [_thread_blocked, id=20220, stack(0x00000080d5100000,0x00000080d5200000)]
  0x000001c5a73bf6c0 JavaThread "http-nio-8080-exec-7" daemon [_thread_blocked, id=8588, stack(0x00000080d5200000,0x00000080d5300000)]
  0x000001c5a73c4890 JavaThread "http-nio-8080-exec-8" daemon [_thread_blocked, id=9108, stack(0x00000080d5300000,0x00000080d5400000)]
  0x000001c5a73c3a20 JavaThread "http-nio-8080-exec-9" daemon [_thread_blocked, id=6204, stack(0x00000080d5400000,0x00000080d5500000)]
  0x000001c5a73c0a00 JavaThread "http-nio-8080-exec-10" daemon [_thread_blocked, id=7640, stack(0x00000080d5500000,0x00000080d5600000)]
  0x000001c5a73c13a0 JavaThread "http-nio-8080-Poller" daemon [_thread_in_native, id=21056, stack(0x00000080d5600000,0x00000080d5700000)]
  0x000001c5a73be380 JavaThread "http-nio-8080-Acceptor" daemon [_thread_in_native, id=19944, stack(0x00000080d5700000,0x00000080d5800000)]

Other Threads:
  0x000001c59f546a50 VMThread "VM Thread" [stack: 0x00000080d2300000,0x00000080d2400000] [id=20020]
  0x000001c58ac18250 WatcherThread [stack: 0x00000080d3300000,0x00000080d3400000] [id=20096]
  0x000001c58abefc90 GCTaskThread "GC Thread#0" [stack: 0x00000080d1e00000,0x00000080d1f00000] [id=20000]
=>0x000001c5a47aa7a0 GCTaskThread "GC Thread#1" [stack: 0x00000080d3800000,0x00000080d3900000] [id=20132]
  0x000001c5a47aaa50 GCTaskThread "GC Thread#2" [stack: 0x00000080d3900000,0x00000080d3a00000] [id=20136]
  0x000001c5a47aad00 GCTaskThread "GC Thread#3" [stack: 0x00000080d3a00000,0x00000080d3b00000] [id=20140]
  0x000001c5a495c440 GCTaskThread "GC Thread#4" [stack: 0x00000080d3b00000,0x00000080d3c00000] [id=20144]
  0x000001c5a495c6f0 GCTaskThread "GC Thread#5" [stack: 0x00000080d3c00000,0x00000080d3d00000] [id=20148]
  0x000001c5a49993f0 GCTaskThread "GC Thread#6" [stack: 0x00000080d3d00000,0x00000080d3e00000] [id=20152]
  0x000001c5a4b49d10 GCTaskThread "GC Thread#7" [stack: 0x00000080d4200000,0x00000080d4300000] [id=20172]
  0x000001c58ac01850 ConcurrentGCThread "G1 Main Marker" [stack: 0x00000080d1f00000,0x00000080d2000000] [id=20004]
  0x000001c58ac02260 ConcurrentGCThread "G1 Conc#0" [stack: 0x00000080d2000000,0x00000080d2100000] [id=20008]
  0x000001c5a4bb5460 ConcurrentGCThread "G1 Conc#1" [stack: 0x00000080d4400000,0x00000080d4500000] [id=20180]
  0x000001c59f39e210 ConcurrentGCThread "G1 Refine#0" [stack: 0x00000080d2100000,0x00000080d2200000] [id=20012]
  0x000001c5a495c9a0 ConcurrentGCThread "G1 Refine#1" [stack: 0x00000080d3e00000,0x00000080d3f00000] [id=20156]
  0x000001c5a495ce70 ConcurrentGCThread "G1 Refine#2" [stack: 0x00000080d3f00000,0x00000080d4000000] [id=20160]
  0x000001c59f39ea40 ConcurrentGCThread "G1 Service" [stack: 0x00000080d2200000,0x00000080d2300000] [id=20016]

Threads with active compile tasks:

VM state: at safepoint (normal execution)

VM Mutex/Monitor currently owned by a thread:  ([mutex/lock_event])
[0x000001c58ab6a550] Threads_lock - owner thread: 0x000001c59f546a50
[0x000001c58ab69d70] Heap_lock - owner thread: 0x000001c5a73c0060

Heap address: 0x0000000702000000, size: 4064 MB, Compressed Oops mode: Zero based, Oop shift amount: 3

CDS archive(s) not mapped
Compressed class space mapped at: 0x0000000800000000-0x0000000840000000, reserved size: 1073741824
Narrow klass base: 0x0000000800000000, Narrow klass shift: 0, Narrow klass range: 0x40000000

GC Precious Log:
 CPUs: 8 total, 8 available
 Memory: 16254M
 Large Page Support: Disabled
 NUMA Support: Disabled
 Compressed Oops: Enabled (Zero based)
 Heap Region Size: 2M
 Heap Min Capacity: 8M
 Heap Initial Capacity: 254M
 Heap Max Capacity: 4064M
 Pre-touch: Disabled
 Parallel Workers: 8
 Concurrent Workers: 2
 Concurrent Refinement Workers: 8
 Periodic GC: Disabled

Heap:
 garbage-first heap   total 245760K, used 196509K [0x0000000702000000, 0x0000000800000000)
  region size 2048K, 52 young (106496K), 2 survivors (4096K)
 Metaspace       used 101899K, committed 102848K, reserved 1179648K
  class space    used 13755K, committed 14208K, reserved 1048576K

Heap Regions: E=young(eden), S=young(survivor), O=old, HS=humongous(starts), HC=humongous(continues), CS=collection set, F=free, OA=open archive, CA=closed archive, TAMS=top-at-mark-start (previous, next)
|   0|0x0000000702000000, 0x00000007021fffb8, 0x0000000702200000| 99%| O|  |TAMS 0x00000007021fffb8, 0x0000000702000000| Untracked 
|   1|0x0000000702200000, 0x00000007023ffff8, 0x0000000702400000| 99%| O|  |TAMS 0x00000007023ffff8, 0x0000000702200000| Untracked 
|   2|0x0000000702400000, 0x00000007025fffd8, 0x0000000702600000| 99%| O|  |TAMS 0x00000007025fffd8, 0x0000000702400000| Untracked 
|   3|0x0000000702600000, 0x00000007027fffc8, 0x0000000702800000| 99%| O|  |TAMS 0x00000007027fffc8, 0x0000000702600000| Untracked 
|   4|0x0000000702800000, 0x00000007029fffa8, 0x0000000702a00000| 99%| O|  |TAMS 0x00000007029fffa8, 0x0000000702800000| Untracked 
|   5|0x0000000702a00000, 0x0000000702bfffd8, 0x0000000702c00000| 99%| O|  |TAMS 0x0000000702bfffd8, 0x0000000702a00000| Untracked 
|   6|0x0000000702c00000, 0x0000000702e00000, 0x0000000702e00000|100%| O|  |TAMS 0x0000000702e00000, 0x0000000702c00000| Untracked 
|   7|0x0000000702e00000, 0x0000000702fffff0, 0x0000000703000000| 99%| O|  |TAMS 0x0000000702fffff0, 0x0000000702e00000| Untracked 
|   8|0x0000000703000000, 0x00000007031fffc8, 0x0000000703200000| 99%| O|  |TAMS 0x00000007031fffc8, 0x0000000703000000| Untracked 
|   9|0x0000000703200000, 0x00000007033ffff8, 0x0000000703400000| 99%| O|  |TAMS 0x00000007033ffff8, 0x0000000703200000| Untracked 
|  10|0x0000000703400000, 0x00000007035ffff0, 0x0000000703600000| 99%| O|  |TAMS 0x00000007035ffff0, 0x0000000703400000| Untracked 
|  11|0x0000000703600000, 0x00000007037fffe8, 0x0000000703800000| 99%| O|  |TAMS 0x00000007037fffe8, 0x0000000703600000| Untracked 
|  12|0x0000000703800000, 0x00000007039ffff0, 0x0000000703a00000| 99%| O|  |TAMS 0x00000007039ffff0, 0x0000000703800000| Untracked 
|  13|0x0000000703a00000, 0x0000000703bfffd0, 0x0000000703c00000| 99%| O|  |TAMS 0x0000000703bfffd0, 0x0000000703a00000| Untracked 
|  14|0x0000000703c00000, 0x0000000703df9ac0, 0x0000000703e00000| 98%| O|  |TAMS 0x0000000703df9ac0, 0x0000000703c00000| Untracked 
|  15|0x0000000703e00000, 0x0000000703ffff28, 0x0000000704000000| 99%| O|  |TAMS 0x0000000703ffff28, 0x0000000703e00000| Untracked 
|  16|0x0000000704000000, 0x00000007041ffff0, 0x0000000704200000| 99%| O|  |TAMS 0x00000007041ffff0, 0x0000000704000000| Untracked 
|  17|0x0000000704200000, 0x00000007043fffc0, 0x0000000704400000| 99%| O|  |TAMS 0x00000007043fffc0, 0x0000000704200000| Untracked 
|  18|0x0000000704400000, 0x00000007045ffff0, 0x0000000704600000| 99%| O|  |TAMS 0x0000000704400000, 0x0000000704400000| Untracked 
|  19|0x0000000704600000, 0x00000007047fffd8, 0x0000000704800000| 99%| O|  |TAMS 0x0000000704600000, 0x0000000704600000| Untracked 
|  20|0x0000000704800000, 0x0000000704a00000, 0x0000000704a00000|100%| O|  |TAMS 0x0000000704a00000, 0x0000000704800000| Untracked 
|  21|0x0000000704a00000, 0x0000000704bfffc0, 0x0000000704c00000| 99%| O|  |TAMS 0x0000000704a00000, 0x0000000704a00000| Untracked 
|  22|0x0000000704c00000, 0x0000000704dfffe0, 0x0000000704e00000| 99%| O|  |TAMS 0x0000000704dfffe0, 0x0000000704c00000| Untracked 
|  23|0x0000000704e00000, 0x0000000705000000, 0x0000000705000000|100%| O|  |TAMS 0x0000000704e00000, 0x0000000704e00000| Untracked 
|  24|0x0000000705000000, 0x00000007051ffff0, 0x0000000705200000| 99%| O|  |TAMS 0x00000007051ffff0, 0x0000000705000000| Untracked 
|  25|0x0000000705200000, 0x00000007053f76c0, 0x0000000705400000| 98%| O|  |TAMS 0x00000007053f76c0, 0x0000000705200000| Untracked 
|  26|0x0000000705400000, 0x00000007055ffff8, 0x0000000705600000| 99%| O|  |TAMS 0x0000000705400000, 0x0000000705400000| Untracked 
|  27|0x0000000705600000, 0x00000007057bbeb0, 0x0000000705800000| 86%| O|  |TAMS 0x0000000705600000, 0x0000000705600000| Untracked 
|  28|0x0000000705800000, 0x0000000705990038, 0x0000000705a00000| 78%| O|  |TAMS 0x0000000705800000, 0x0000000705800000| Untracked 
|  29|0x0000000705a00000, 0x0000000705c00000, 0x0000000705c00000|100%| O|  |TAMS 0x0000000705a00000, 0x0000000705a00000| Untracked 
|  30|0x0000000705c00000, 0x0000000705d829a0, 0x0000000705e00000| 75%| O|  |TAMS 0x0000000705c00000, 0x0000000705c00000| Untracked 
|  31|0x0000000705e00000, 0x0000000705ffffa0, 0x0000000706000000| 99%| O|  |TAMS 0x0000000705e00000, 0x0000000705e00000| Untracked 
|  32|0x0000000706000000, 0x00000007061ffff0, 0x0000000706200000| 99%| O|  |TAMS 0x0000000706000000, 0x0000000706000000| Untracked 
|  33|0x0000000706200000, 0x0000000706400000, 0x0000000706400000|100%| O|  |TAMS 0x0000000706200000, 0x0000000706200000| Untracked 
|  34|0x0000000706400000, 0x0000000706600000, 0x0000000706600000|100%| O|  |TAMS 0x0000000706400000, 0x0000000706400000| Untracked 
|  35|0x0000000706600000, 0x000000070665f340, 0x0000000706800000| 18%| O|  |TAMS 0x0000000706600000, 0x0000000706600000| Untracked 
|  36|0x0000000706800000, 0x0000000706a00000, 0x0000000706a00000|100%| O|  |TAMS 0x0000000706800000, 0x0000000706800000| Untracked 
|  37|0x0000000706a00000, 0x0000000706a1ad70, 0x0000000706c00000|  5%| O|  |TAMS 0x0000000706a00000, 0x0000000706a00000| Untracked 
|  38|0x0000000706c00000, 0x0000000706e00000, 0x0000000706e00000|100%| O|  |TAMS 0x0000000706c00000, 0x0000000706c00000| Untracked 
|  39|0x0000000706e00000, 0x0000000707000000, 0x0000000707000000|100%| O|  |TAMS 0x0000000706e00000, 0x0000000706e00000| Untracked 
|  40|0x0000000707000000, 0x0000000707200000, 0x0000000707200000|100%| O|  |TAMS 0x0000000707000000, 0x0000000707000000| Untracked 
|  41|0x0000000707200000, 0x0000000707400000, 0x0000000707400000|100%| O|  |TAMS 0x0000000707200000, 0x0000000707200000| Untracked 
|  42|0x0000000707400000, 0x0000000707600000, 0x0000000707600000|100%| O|  |TAMS 0x0000000707400000, 0x0000000707400000| Untracked 
|  43|0x0000000707600000, 0x0000000707800000, 0x0000000707800000|100%| O|  |TAMS 0x0000000707600000, 0x0000000707600000| Untracked 
|  44|0x0000000707800000, 0x0000000707a00000, 0x0000000707a00000|100%| O|  |TAMS 0x0000000707800000, 0x0000000707800000| Untracked 
|  45|0x0000000707a00000, 0x0000000707c00000, 0x0000000707c00000|100%| O|  |TAMS 0x0000000707a00000, 0x0000000707a00000| Untracked 
|  46|0x0000000707c00000, 0x0000000707d8fe00, 0x0000000707e00000| 78%| O|  |TAMS 0x0000000707c00000, 0x0000000707c00000| Untracked 
|  47|0x0000000707e00000, 0x0000000707e00000, 0x0000000708000000|  0%| F|  |TAMS 0x0000000707e00000, 0x0000000707e00000| Untracked 
|  48|0x0000000708000000, 0x0000000708000000, 0x0000000708200000|  0%| F|  |TAMS 0x0000000708000000, 0x0000000708000000| Untracked 
|  49|0x0000000708200000, 0x0000000708200000, 0x0000000708400000|  0%| F|  |TAMS 0x0000000708200000, 0x0000000708200000| Untracked 
|  50|0x0000000708400000, 0x0000000708400000, 0x0000000708600000|  0%| F|  |TAMS 0x0000000708400000, 0x0000000708400000| Untracked 
|  51|0x0000000708600000, 0x0000000708600000, 0x0000000708800000|  0%| F|  |TAMS 0x0000000708600000, 0x0000000708600000| Untracked 
|  52|0x0000000708800000, 0x0000000708800000, 0x0000000708a00000|  0%| F|  |TAMS 0x0000000708800000, 0x0000000708800000| Untracked 
|  53|0x0000000708a00000, 0x0000000708a00000, 0x0000000708c00000|  0%| F|  |TAMS 0x0000000708a00000, 0x0000000708a00000| Untracked 
|  54|0x0000000708c00000, 0x0000000708c00000, 0x0000000708e00000|  0%| F|  |TAMS 0x0000000708c00000, 0x0000000708c00000| Untracked 
|  55|0x0000000708e00000, 0x0000000708e00000, 0x0000000709000000|  0%| F|  |TAMS 0x0000000708e00000, 0x0000000708e00000| Untracked 
|  56|0x0000000709000000, 0x0000000709000000, 0x0000000709200000|  0%| F|  |TAMS 0x0000000709000000, 0x0000000709000000| Untracked 
|  57|0x0000000709200000, 0x0000000709200000, 0x0000000709400000|  0%| F|  |TAMS 0x0000000709200000, 0x0000000709200000| Untracked 
|  58|0x0000000709400000, 0x0000000709400000, 0x0000000709600000|  0%| F|  |TAMS 0x0000000709400000, 0x0000000709400000| Untracked 
|  59|0x0000000709600000, 0x0000000709600000, 0x0000000709800000|  0%| F|  |TAMS 0x0000000709600000, 0x0000000709600000| Untracked 
|  60|0x0000000709800000, 0x0000000709800000, 0x0000000709a00000|  0%| F|  |TAMS 0x0000000709800000, 0x0000000709800000| Untracked 
|  61|0x0000000709a00000, 0x0000000709a00000, 0x0000000709c00000|  0%| F|  |TAMS 0x0000000709a00000, 0x0000000709a00000| Untracked 
|  62|0x0000000709c00000, 0x0000000709c00000, 0x0000000709e00000|  0%| F|  |TAMS 0x0000000709c00000, 0x0000000709c00000| Untracked 
|  63|0x0000000709e00000, 0x0000000709e00000, 0x000000070a000000|  0%| F|  |TAMS 0x0000000709e00000, 0x0000000709e00000| Untracked 
|  64|0x000000070a000000, 0x000000070a030348, 0x000000070a200000|  9%| O|  |TAMS 0x000000070a000000, 0x000000070a000000| Untracked 
|  65|0x000000070a200000, 0x000000070a200000, 0x000000070a400000|  0%| F|  |TAMS 0x000000070a200000, 0x000000070a200000| Untracked 
|  66|0x000000070a400000, 0x000000070a5990d0, 0x000000070a600000| 79%| S|  |TAMS 0x000000070a400000, 0x000000070a400000| Complete 
|  67|0x000000070a600000, 0x000000070a6ede70, 0x000000070a800000| 46%| E|CS|TAMS 0x000000070a600000, 0x000000070a600000| Complete 
|  68|0x000000070a800000, 0x000000070aa00000, 0x000000070aa00000|100%| E|CS|TAMS 0x000000070a800000, 0x000000070a800000| Complete 
|  69|0x000000070aa00000, 0x000000070ac00000, 0x000000070ac00000|100%| S|  |TAMS 0x000000070aa00000, 0x000000070aa00000| Complete 
|  70|0x000000070ac00000, 0x000000070ae00000, 0x000000070ae00000|100%| E|CS|TAMS 0x000000070ac00000, 0x000000070ac00000| Complete 
|  71|0x000000070ae00000, 0x000000070b000000, 0x000000070b000000|100%| E|CS|TAMS 0x000000070ae00000, 0x000000070ae00000| Complete 
|  72|0x000000070b000000, 0x000000070b200000, 0x000000070b200000|100%| E|CS|TAMS 0x000000070b000000, 0x000000070b000000| Complete 
|  73|0x000000070b200000, 0x000000070b400000, 0x000000070b400000|100%| E|CS|TAMS 0x000000070b200000, 0x000000070b200000| Complete 
|  74|0x000000070b400000, 0x000000070b600000, 0x000000070b600000|100%| E|CS|TAMS 0x000000070b400000, 0x000000070b400000| Complete 
|  75|0x000000070b600000, 0x000000070b800000, 0x000000070b800000|100%| E|CS|TAMS 0x000000070b600000, 0x000000070b600000| Complete 
|  76|0x000000070b800000, 0x000000070ba00000, 0x000000070ba00000|100%| E|CS|TAMS 0x000000070b800000, 0x000000070b800000| Complete 
|  77|0x000000070ba00000, 0x000000070bc00000, 0x000000070bc00000|100%| E|CS|TAMS 0x000000070ba00000, 0x000000070ba00000| Complete 
|  78|0x000000070bc00000, 0x000000070be00000, 0x000000070be00000|100%| E|CS|TAMS 0x000000070bc00000, 0x000000070bc00000| Complete 
|  79|0x000000070be00000, 0x000000070c000000, 0x000000070c000000|100%| E|CS|TAMS 0x000000070be00000, 0x000000070be00000| Complete 
|  80|0x000000070c000000, 0x000000070c200000, 0x000000070c200000|100%| E|CS|TAMS 0x000000070c000000, 0x000000070c000000| Complete 
|  81|0x000000070c200000, 0x000000070c400000, 0x000000070c400000|100%| E|CS|TAMS 0x000000070c200000, 0x000000070c200000| Complete 
|  82|0x000000070c400000, 0x000000070c600000, 0x000000070c600000|100%| E|CS|TAMS 0x000000070c400000, 0x000000070c400000| Complete 
|  83|0x000000070c600000, 0x000000070c800000, 0x000000070c800000|100%| E|CS|TAMS 0x000000070c600000, 0x000000070c600000| Complete 
|  84|0x000000070c800000, 0x000000070ca00000, 0x000000070ca00000|100%| E|CS|TAMS 0x000000070c800000, 0x000000070c800000| Complete 
|  85|0x000000070ca00000, 0x000000070cc00000, 0x000000070cc00000|100%| E|CS|TAMS 0x000000070ca00000, 0x000000070ca00000| Complete 
|  86|0x000000070cc00000, 0x000000070ce00000, 0x000000070ce00000|100%| E|CS|TAMS 0x000000070cc00000, 0x000000070cc00000| Complete 
|  87|0x000000070ce00000, 0x000000070d000000, 0x000000070d000000|100%| E|CS|TAMS 0x000000070ce00000, 0x000000070ce00000| Complete 
|  88|0x000000070d000000, 0x000000070d200000, 0x000000070d200000|100%| E|CS|TAMS 0x000000070d000000, 0x000000070d000000| Complete 
|  89|0x000000070d200000, 0x000000070d400000, 0x000000070d400000|100%| E|CS|TAMS 0x000000070d200000, 0x000000070d200000| Complete 
|  90|0x000000070d400000, 0x000000070d600000, 0x000000070d600000|100%| E|CS|TAMS 0x000000070d400000, 0x000000070d400000| Complete 
|  91|0x000000070d600000, 0x000000070d800000, 0x000000070d800000|100%| E|CS|TAMS 0x000000070d600000, 0x000000070d600000| Complete 
|  92|0x000000070d800000, 0x000000070da00000, 0x000000070da00000|100%| E|CS|TAMS 0x000000070d800000, 0x000000070d800000| Complete 
|  93|0x000000070da00000, 0x000000070dc00000, 0x000000070dc00000|100%| E|CS|TAMS 0x000000070da00000, 0x000000070da00000| Complete 
|  94|0x000000070dc00000, 0x000000070de00000, 0x000000070de00000|100%| E|CS|TAMS 0x000000070dc00000, 0x000000070dc00000| Complete 
|  95|0x000000070de00000, 0x000000070e000000, 0x000000070e000000|100%| E|CS|TAMS 0x000000070de00000, 0x000000070de00000| Complete 
|  96|0x000000070e000000, 0x000000070e200000, 0x000000070e200000|100%| E|CS|TAMS 0x000000070e000000, 0x000000070e000000| Complete 
|  97|0x000000070e200000, 0x000000070e400000, 0x000000070e400000|100%| E|CS|TAMS 0x000000070e200000, 0x000000070e200000| Complete 
|  98|0x000000070e400000, 0x000000070e600000, 0x000000070e600000|100%| E|CS|TAMS 0x000000070e400000, 0x000000070e400000| Complete 
|  99|0x000000070e600000, 0x000000070e800000, 0x000000070e800000|100%| E|CS|TAMS 0x000000070e600000, 0x000000070e600000| Complete 
| 100|0x000000070e800000, 0x000000070ea00000, 0x000000070ea00000|100%| E|CS|TAMS 0x000000070e800000, 0x000000070e800000| Complete 
| 101|0x000000070ea00000, 0x000000070ec00000, 0x000000070ec00000|100%| E|CS|TAMS 0x000000070ea00000, 0x000000070ea00000| Complete 
| 102|0x000000070ec00000, 0x000000070ee00000, 0x000000070ee00000|100%| E|CS|TAMS 0x000000070ec00000, 0x000000070ec00000| Complete 
| 103|0x000000070ee00000, 0x000000070f000000, 0x000000070f000000|100%| E|CS|TAMS 0x000000070ee00000, 0x000000070ee00000| Complete 
| 104|0x000000070f000000, 0x000000070f200000, 0x000000070f200000|100%| E|CS|TAMS 0x000000070f000000, 0x000000070f000000| Complete 
| 105|0x000000070f200000, 0x000000070f400000, 0x000000070f400000|100%| E|CS|TAMS 0x000000070f200000, 0x000000070f200000| Complete 
| 106|0x000000070f400000, 0x000000070f600000, 0x000000070f600000|100%| E|CS|TAMS 0x000000070f400000, 0x000000070f400000| Complete 
| 107|0x000000070f600000, 0x000000070f800000, 0x000000070f800000|100%| E|CS|TAMS 0x000000070f600000, 0x000000070f600000| Complete 
| 108|0x000000070f800000, 0x000000070fa00000, 0x000000070fa00000|100%| E|CS|TAMS 0x000000070f800000, 0x000000070f800000| Complete 
| 109|0x000000070fa00000, 0x000000070fc00000, 0x000000070fc00000|100%| E|CS|TAMS 0x000000070fa00000, 0x000000070fa00000| Complete 
| 110|0x000000070fc00000, 0x000000070fe00000, 0x000000070fe00000|100%| E|CS|TAMS 0x000000070fc00000, 0x000000070fc00000| Complete 
| 111|0x000000070fe00000, 0x0000000710000000, 0x0000000710000000|100%| E|CS|TAMS 0x000000070fe00000, 0x000000070fe00000| Complete 
| 112|0x0000000710000000, 0x0000000710200000, 0x0000000710200000|100%| E|CS|TAMS 0x0000000710000000, 0x0000000710000000| Complete 
| 113|0x0000000710200000, 0x0000000710400000, 0x0000000710400000|100%| E|CS|TAMS 0x0000000710200000, 0x0000000710200000| Complete 
| 114|0x0000000710400000, 0x0000000710600000, 0x0000000710600000|100%| E|CS|TAMS 0x0000000710400000, 0x0000000710400000| Complete 
| 115|0x0000000710600000, 0x0000000710800000, 0x0000000710800000|100%| E|CS|TAMS 0x0000000710600000, 0x0000000710600000| Complete 
| 116|0x0000000710800000, 0x0000000710a00000, 0x0000000710a00000|100%| E|CS|TAMS 0x0000000710800000, 0x0000000710800000| Complete 
| 117|0x0000000710a00000, 0x0000000710c00000, 0x0000000710c00000|100%| E|CS|TAMS 0x0000000710a00000, 0x0000000710a00000| Complete 
| 118|0x0000000710c00000, 0x0000000710e00000, 0x0000000710e00000|100%| E|CS|TAMS 0x0000000710c00000, 0x0000000710c00000| Complete 
| 119|0x0000000710e00000, 0x0000000711000000, 0x0000000711000000|100%| E|CS|TAMS 0x0000000710e00000, 0x0000000710e00000| Complete 

Card table byte_map: [0x000001c593b00000,0x000001c5942f0000] _byte_map_base: 0x000001c5902f0000

Marking Bits (Prev, Next): (CMBitMap*) 0x000001c58abf02e0, (CMBitMap*) 0x000001c58abf02a0
 Prev Bits: [0x000001c598a60000, 0x000001c59c9e0000)
 Next Bits: [0x000001c594ae0000, 0x000001c598a60000)

Polling page: 0x000001c58ac30000

Metaspace:

Usage:
  Non-class:     86.08 MB used.
      Class:     13.43 MB used.
       Both:     99.51 MB used.

Virtual space:
  Non-class space:      128.00 MB reserved,      86.56 MB ( 68%) committed,  2 nodes.
      Class space:        1.00 GB reserved,      13.88 MB (  1%) committed,  1 nodes.
             Both:        1.12 GB reserved,     100.44 MB (  9%) committed. 

Chunk freelists:
   Non-Class:  9.26 MB
       Class:  2.18 MB
        Both:  11.45 MB

MaxMetaspaceSize: unlimited
CompressedClassSpaceSize: 1.00 GB
Initial GC threshold: 21.00 MB
Current GC threshold: 164.81 MB
CDS: off
MetaspaceReclaimPolicy: balanced
 - commit_granule_bytes: 65536.
 - commit_granule_words: 8192.
 - virtual_space_node_default_size: 8388608.
 - enlarge_chunks_in_place: 1.
 - new_chunks_are_fully_committed: 0.
 - uncommit_free_chunks: 1.
 - use_allocation_guard: 0.
 - handle_deallocations: 1.


Internal statistics:

num_allocs_failed_limit: 9.
num_arena_births: 1712.
num_arena_deaths: 382.
num_vsnodes_births: 3.
num_vsnodes_deaths: 0.
num_space_committed: 1607.
num_space_uncommitted: 0.
num_chunks_returned_to_freelist: 461.
num_chunks_taken_from_freelist: 5596.
num_chunk_merges: 162.
num_chunk_splits: 3672.
num_chunks_enlarged: 2529.
num_inconsistent_stats: 0.

CodeCache: size=49152Kb used=32949Kb max_used=34040Kb free=16202Kb
 bounds [0x000001c58fa10000, 0x000001c591bb0000, 0x000001c592a10000]
 total_blobs=19532 nmethods=18808 adapters=650
 compilation: enabled
              stopped_count=0, restarted_count=0
 full_count=0

Compilation events (20 events):
Event: 5065.077 Thread 0x000001c5a770cd30 18875       1       org.modelmapper.internal.converter.NumberConverter::convert (6 bytes)
Event: 5065.077 Thread 0x000001c59f5ab690 18876       1       org.modelmapper.internal.converter.NumberConverter::convert (168 bytes)
Event: 5065.077 Thread 0x000001c5a770cd30 nmethod 18875 0x000001c591a1c790 code [0x000001c591a1c920, 0x000001c591a1ca08]
Event: 5065.077 Thread 0x000001c5a770cd30 18877       1       org.modelmapper.internal.converter.NumberConverter::numberFor (411 bytes)
Event: 5065.079 Thread 0x000001c59f5ab690 nmethod 18876 0x000001c591a1b610 code [0x000001c591a1b8c0, 0x000001c591a1c288]
Event: 5065.083 Thread 0x000001c5a770cd30 nmethod 18877 0x000001c591a15f10 code [0x000001c591a166e0, 0x000001c591a19f38]
Event: 5100.768 Thread 0x000001c59f5ab690 18878       1       java.util.concurrent.SynchronousQueue$TransferStack::casHead (26 bytes)
Event: 5100.769 Thread 0x000001c59f5ab690 nmethod 18878 0x000001c591a15610 code [0x000001c591a15800, 0x000001c591a15cd8]
Event: 5100.769 Thread 0x000001c59f5ab690 18879       1       java.io.ObjectInputStream::readNull (27 bytes)
Event: 5100.769 Thread 0x000001c59f5ab690 nmethod 18879 0x000001c591a15090 code [0x000001c591a15240, 0x000001c591a15488]
Event: 5100.769 Thread 0x000001c59f5ab690 18880       1       java.io.ObjectInputStream::readUTF (8 bytes)
Event: 5100.769 Thread 0x000001c59f5ab690 nmethod 18880 0x000001c591a14d10 code [0x000001c591a14ec0, 0x000001c591a14fd8]
Event: 5100.769 Thread 0x000001c59f5ab690 18881       1       java.io.ObjectInputStream::readByte (8 bytes)
Event: 5100.769 Thread 0x000001c59f5ab690 nmethod 18881 0x000001c591a14890 code [0x000001c591a14a40, 0x000001c591a14bd8]
Event: 5100.769 Thread 0x000001c59f5ab690 18882       1       java.io.ObjectOutputStream$HandleTable::clear (27 bytes)
Event: 5100.769 Thread 0x000001c59f5ab690 nmethod 18882 0x000001c591a14390 code [0x000001c591a14540, 0x000001c591a14708]
Event: 5101.685 Thread 0x000001c59f5ab690 18883       1       java.io.FilterInputStream::read (8 bytes)
Event: 5101.685 Thread 0x000001c59f5ab690 nmethod 18883 0x000001c591a14090 code [0x000001c591a14220, 0x000001c591a14308]
Event: 5108.485 Thread 0x000001c59f5ab690 18884       1       org.apache.tomcat.util.net.SocketWrapperBase::reset (6 bytes)
Event: 5108.485 Thread 0x000001c59f5ab690 nmethod 18884 0x000001c591a13d90 code [0x000001c591a13f20, 0x000001c591a14038]

GC Heap History (20 events):
Event: 3155.369 GC heap after
{Heap after GC invocations=72 (full 7):
 garbage-first heap   total 204800K, used 70558K [0x0000000702000000, 0x0000000800000000)
  region size 2048K, 2 young (4096K), 2 survivors (4096K)
 Metaspace       used 100341K, committed 101184K, reserved 1179648K
  class space    used 13581K, committed 13952K, reserved 1048576K
}
Event: 3155.632 GC heap before
{Heap before GC invocations=72 (full 7):
 garbage-first heap   total 204800K, used 154526K [0x0000000702000000, 0x0000000800000000)
  region size 2048K, 44 young (90112K), 2 survivors (4096K)
 Metaspace       used 100367K, committed 101184K, reserved 1179648K
  class space    used 13582K, committed 13952K, reserved 1048576K
}
Event: 3155.637 GC heap after
{Heap after GC invocations=73 (full 7):
 garbage-first heap   total 245760K, used 75767K [0x0000000702000000, 0x0000000800000000)
  region size 2048K, 4 young (8192K), 4 survivors (8192K)
 Metaspace       used 100367K, committed 101184K, reserved 1179648K
  class space    used 13582K, committed 13952K, reserved 1048576K
}
Event: 3155.909 GC heap before
{Heap before GC invocations=73 (full 7):
 garbage-first heap   total 245760K, used 186359K [0x0000000702000000, 0x0000000800000000)
  region size 2048K, 59 young (120832K), 4 survivors (8192K)
 Metaspace       used 100367K, committed 101184K, reserved 1179648K
  class space    used 13582K, committed 13952K, reserved 1048576K
}
Event: 3155.914 GC heap after
{Heap after GC invocations=74 (full 7):
 garbage-first heap   total 245760K, used 76976K [0x0000000702000000, 0x0000000800000000)
  region size 2048K, 5 young (10240K), 5 survivors (10240K)
 Metaspace       used 100367K, committed 101184K, reserved 1179648K
  class space    used 13582K, committed 13952K, reserved 1048576K
}
Event: 3187.574 GC heap before
{Heap before GC invocations=74 (full 7):
 garbage-first heap   total 245760K, used 126128K [0x0000000702000000, 0x0000000800000000)
  region size 2048K, 31 young (63488K), 5 survivors (10240K)
 Metaspace       used 100381K, committed 101248K, reserved 1179648K
  class space    used 13585K, committed 13952K, reserved 1048576K
}
Event: 3187.685 GC heap after
{Heap after GC invocations=75 (full 8):
 garbage-first heap   total 245760K, used 66982K [0x0000000702000000, 0x0000000800000000)
  region size 2048K, 0 young (0K), 0 survivors (0K)
 Metaspace       used 100371K, committed 101248K, reserved 1179648K
  class space    used 13583K, committed 13952K, reserved 1048576K
}
Event: 3189.445 GC heap before
{Heap before GC invocations=75 (full 8):
 garbage-first heap   total 245760K, used 196006K [0x0000000702000000, 0x0000000800000000)
  region size 2048K, 63 young (129024K), 0 survivors (0K)
 Metaspace       used 101277K, committed 102144K, reserved 1179648K
  class space    used 13679K, committed 14080K, reserved 1048576K
}
Event: 3189.450 GC heap after
{Heap after GC invocations=76 (full 8):
 garbage-first heap   total 245760K, used 75368K [0x0000000702000000, 0x0000000800000000)
  region size 2048K, 5 young (10240K), 5 survivors (10240K)
 Metaspace       used 101277K, committed 102144K, reserved 1179648K
  class space    used 13679K, committed 14080K, reserved 1048576K
}
Event: 3190.079 GC heap before
{Heap before GC invocations=76 (full 8):
 garbage-first heap   total 245760K, used 190056K [0x0000000702000000, 0x0000000800000000)
  region size 2048K, 62 young (126976K), 5 survivors (10240K)
 Metaspace       used 101645K, committed 102528K, reserved 1179648K
  class space    used 13707K, committed 14080K, reserved 1048576K
}
Event: 3190.092 GC heap after
{Heap after GC invocations=77 (full 8):
 garbage-first heap   total 245760K, used 87378K [0x0000000702000000, 0x0000000800000000)
  region size 2048K, 8 young (16384K), 8 survivors (16384K)
 Metaspace       used 101645K, committed 102528K, reserved 1179648K
  class space    used 13707K, committed 14080K, reserved 1048576K
}
Event: 3190.362 GC heap before
{Heap before GC invocations=77 (full 8):
 garbage-first heap   total 245760K, used 187730K [0x0000000702000000, 0x0000000800000000)
  region size 2048K, 58 young (118784K), 8 survivors (16384K)
 Metaspace       used 101645K, committed 102528K, reserved 1179648K
  class space    used 13707K, committed 14080K, reserved 1048576K
}
Event: 3190.376 GC heap after
{Heap after GC invocations=78 (full 8):
 garbage-first heap   total 245760K, used 100527K [0x0000000702000000, 0x0000000800000000)
  region size 2048K, 7 young (14336K), 7 survivors (14336K)
 Metaspace       used 101645K, committed 102528K, reserved 1179648K
  class space    used 13707K, committed 14080K, reserved 1048576K
}
Event: 3235.230 GC heap before
{Heap before GC invocations=78 (full 8):
 garbage-first heap   total 245760K, used 184495K [0x0000000702000000, 0x0000000800000000)
  region size 2048K, 49 young (100352K), 7 survivors (14336K)
 Metaspace       used 101708K, committed 102592K, reserved 1179648K
  class space    used 13723K, committed 14144K, reserved 1048576K
}
Event: 3235.235 GC heap after
{Heap after GC invocations=79 (full 8):
 garbage-first heap   total 245760K, used 94378K [0x0000000702000000, 0x0000000800000000)
  region size 2048K, 2 young (4096K), 2 survivors (4096K)
 Metaspace       used 101708K, committed 102592K, reserved 1179648K
  class space    used 13723K, committed 14144K, reserved 1048576K
}
Event: 3850.972 GC heap before
{Heap before GC invocations=79 (full 8):
 garbage-first heap   total 245760K, used 190634K [0x0000000702000000, 0x0000000800000000)
  region size 2048K, 49 young (100352K), 2 survivors (4096K)
 Metaspace       used 101835K, committed 102720K, reserved 1179648K
  class space    used 13748K, committed 14144K, reserved 1048576K
}
Event: 3850.976 GC heap after
{Heap after GC invocations=80 (full 8):
 garbage-first heap   total 245760K, used 94564K [0x0000000702000000, 0x0000000800000000)
  region size 2048K, 2 young (4096K), 2 survivors (4096K)
 Metaspace       used 101835K, committed 102720K, reserved 1179648K
  class space    used 13748K, committed 14144K, reserved 1048576K
}
Event: 4511.263 GC heap before
{Heap before GC invocations=80 (full 8):
 garbage-first heap   total 245760K, used 194916K [0x0000000702000000, 0x0000000800000000)
  region size 2048K, 51 young (104448K), 2 survivors (4096K)
 Metaspace       used 101837K, committed 102784K, reserved 1179648K
  class space    used 13749K, committed 14208K, reserved 1048576K
}
Event: 4511.268 GC heap after
{Heap after GC invocations=81 (full 8):
 garbage-first heap   total 245760K, used 94109K [0x0000000702000000, 0x0000000800000000)
  region size 2048K, 2 young (4096K), 2 survivors (4096K)
 Metaspace       used 101837K, committed 102784K, reserved 1179648K
  class space    used 13749K, committed 14208K, reserved 1048576K
}
Event: 5138.207 GC heap before
{Heap before GC invocations=81 (full 8):
 garbage-first heap   total 245760K, used 196509K [0x0000000702000000, 0x0000000800000000)
  region size 2048K, 52 young (106496K), 2 survivors (4096K)
 Metaspace       used 101899K, committed 102848K, reserved 1179648K
  class space    used 13755K, committed 14208K, reserved 1048576K
}

Dll operation events (9 events):
Event: 0.012 Loaded shared library C:\sts-4.19.0.RELEASE\plugins\org.eclipse.justj.openjdk.hotspot.jre.full.win32.x86_64_17.0.7.v20230425-1502\jre\bin\java.dll
Event: 0.215 Loaded shared library C:\sts-4.19.0.RELEASE\plugins\org.eclipse.justj.openjdk.hotspot.jre.full.win32.x86_64_17.0.7.v20230425-1502\jre\bin\jimage.dll
Event: 0.228 Loaded shared library C:\sts-4.19.0.RELEASE\plugins\org.eclipse.justj.openjdk.hotspot.jre.full.win32.x86_64_17.0.7.v20230425-1502\jre\bin\net.dll
Event: 0.229 Loaded shared library C:\sts-4.19.0.RELEASE\plugins\org.eclipse.justj.openjdk.hotspot.jre.full.win32.x86_64_17.0.7.v20230425-1502\jre\bin\nio.dll
Event: 0.233 Loaded shared library C:\sts-4.19.0.RELEASE\plugins\org.eclipse.justj.openjdk.hotspot.jre.full.win32.x86_64_17.0.7.v20230425-1502\jre\bin\zip.dll
Event: 0.305 Loaded shared library C:\sts-4.19.0.RELEASE\plugins\org.eclipse.justj.openjdk.hotspot.jre.full.win32.x86_64_17.0.7.v20230425-1502\jre\bin\management.dll
Event: 0.316 Loaded shared library C:\sts-4.19.0.RELEASE\plugins\org.eclipse.justj.openjdk.hotspot.jre.full.win32.x86_64_17.0.7.v20230425-1502\jre\bin\management_ext.dll
Event: 2.796 Loaded shared library C:\sts-4.19.0.RELEASE\plugins\org.eclipse.justj.openjdk.hotspot.jre.full.win32.x86_64_17.0.7.v20230425-1502\jre\bin\sunmscapi.dll
Event: 3.713 Loaded shared library C:\sts-4.19.0.RELEASE\plugins\org.eclipse.justj.openjdk.hotspot.jre.full.win32.x86_64_17.0.7.v20230425-1502\jre\bin\verify.dll

Deoptimization events (20 events):
Event: 1.186 Thread 0x000001c5a49e0660 DEOPT PACKING pc=0x000001c58ff40df9 sp=0x00000080d41fcbc0
Event: 1.186 Thread 0x000001c5a49e0660 DEOPT UNPACKING pc=0x000001c58fa67143 sp=0x00000080d41fc0a0 mode 3
Event: 1.332 Thread 0x000001c5a49e0660 DEOPT PACKING pc=0x000001c59003050c sp=0x00000080d41fd9b0
Event: 1.332 Thread 0x000001c5a49e0660 DEOPT UNPACKING pc=0x000001c58fa67143 sp=0x00000080d41fcfe0 mode 0
Event: 2.400 Thread 0x000001c5a49e0660 DEOPT PACKING pc=0x000001c5902be4f9 sp=0x00000080d41fc500
Event: 2.400 Thread 0x000001c5a49e0660 DEOPT UNPACKING pc=0x000001c58fa67143 sp=0x00000080d41fb9e0 mode 3
Event: 2.750 Thread 0x000001c5a49e0660 DEOPT PACKING pc=0x000001c590337b25 sp=0x00000080d41fcb90
Event: 2.750 Thread 0x000001c5a49e0660 DEOPT UNPACKING pc=0x000001c58fa67143 sp=0x00000080d41fc0f8 mode 3
Event: 5.538 Thread 0x000001c5a49e0660 DEOPT PACKING pc=0x000001c590044b52 sp=0x00000080d41fc420
Event: 5.538 Thread 0x000001c5a49e0660 DEOPT UNPACKING pc=0x000001c58fa67143 sp=0x00000080d41fb928 mode 3
Event: 5.633 Thread 0x000001c5a49e0660 DEOPT PACKING pc=0x000001c58ff5f154 sp=0x00000080d41fc870
Event: 5.633 Thread 0x000001c5a49e0660 DEOPT UNPACKING pc=0x000001c58fa67143 sp=0x00000080d41fbdc8 mode 0
Event: 6.786 Thread 0x000001c5a49e0660 DEOPT PACKING pc=0x000001c590842c93 sp=0x00000080d41fa470
Event: 6.786 Thread 0x000001c5a49e0660 DEOPT UNPACKING pc=0x000001c58fa67143 sp=0x00000080d41f99b8 mode 3
Event: 958.387 Thread 0x000001c5a6ba0220 DEOPT PACKING pc=0x000001c590e2c61b sp=0x00000080d57f9dc0
Event: 958.387 Thread 0x000001c5a6ba0220 DEOPT UNPACKING pc=0x000001c58fa67143 sp=0x00000080d57f92e8 mode 3
Event: 2980.325 Thread 0x000001c5a49e0190 DEOPT PACKING pc=0x000001c59112544b sp=0x00000080d2dfdc80
Event: 2980.325 Thread 0x000001c5a49e0190 DEOPT UNPACKING pc=0x000001c58fa67143 sp=0x00000080d2dfd148 mode 3
Event: 3051.078 Thread 0x000001c5a49e1000 DEOPT PACKING pc=0x000001c590ff2e43 sp=0x00000080d2dfdcb0
Event: 3051.078 Thread 0x000001c5a49e1000 DEOPT UNPACKING pc=0x000001c58fa67143 sp=0x00000080d2dfd178 mode 3

Classes unloaded (20 events):
Event: 2922.799 Thread 0x000001c59f546a50 Unloading class 0x0000000800142000 'java/lang/invoke/LambdaForm$MH+0x0000000800142000'
Event: 2922.799 Thread 0x000001c59f546a50 Unloading class 0x0000000800141c00 'java/lang/invoke/LambdaForm$MH+0x0000000800141c00'
Event: 2922.799 Thread 0x000001c59f546a50 Unloading class 0x00000008000c6000 'java/lang/invoke/LambdaForm$MH+0x00000008000c6000'
Event: 2922.799 Thread 0x000001c59f546a50 Unloading class 0x00000008000c5c00 'java/lang/invoke/LambdaForm$MH+0x00000008000c5c00'
Event: 2922.799 Thread 0x000001c59f546a50 Unloading class 0x00000008000c5800 'java/lang/invoke/LambdaForm$MH+0x00000008000c5800'
Event: 2922.799 Thread 0x000001c59f546a50 Unloading class 0x00000008000c5400 'java/lang/invoke/LambdaForm$MH+0x00000008000c5400'
Event: 2922.799 Thread 0x000001c59f546a50 Unloading class 0x00000008000c5000 'java/lang/invoke/LambdaForm$MH+0x00000008000c5000'
Event: 2922.799 Thread 0x000001c59f546a50 Unloading class 0x00000008000c4c00 'java/lang/invoke/LambdaForm$MH+0x00000008000c4c00'
Event: 2922.799 Thread 0x000001c59f546a50 Unloading class 0x00000008000c3000 'java/lang/invoke/LambdaForm$MH+0x00000008000c3000'
Event: 2922.799 Thread 0x000001c59f546a50 Unloading class 0x00000008000c2400 'java/lang/invoke/LambdaForm$MH+0x00000008000c2400'
Event: 2922.799 Thread 0x000001c59f546a50 Unloading class 0x00000008000c1c00 'java/lang/invoke/LambdaForm$MH+0x00000008000c1c00'
Event: 2922.799 Thread 0x000001c59f546a50 Unloading class 0x00000008000c1400 'java/lang/invoke/LambdaForm$MH+0x00000008000c1400'
Event: 2922.799 Thread 0x000001c59f546a50 Unloading class 0x00000008000c0c00 'java/lang/invoke/LambdaForm$MH+0x00000008000c0c00'
Event: 3092.409 Thread 0x000001c59f546a50 Unloading class 0x000000080055bc00 'jdk/internal/reflect/GeneratedConstructorAccessor112'
Event: 3092.409 Thread 0x000001c59f546a50 Unloading class 0x000000080055b800 'jdk/internal/reflect/GeneratedConstructorAccessor111'
Event: 3092.409 Thread 0x000001c59f546a50 Unloading class 0x0000000800985400 'jdk/internal/reflect/GeneratedConstructorAccessor110'
Event: 3092.409 Thread 0x000001c59f546a50 Unloading class 0x0000000800985000 'jdk/internal/reflect/GeneratedConstructorAccessor109'
Event: 3187.616 Thread 0x000001c59f546a50 Unloading class 0x0000000800cfd000 'jdk/internal/reflect/GeneratedSerializationConstructorAccessor22'
Event: 3187.616 Thread 0x000001c59f546a50 Unloading class 0x0000000800cfcc00 'jdk/internal/reflect/GeneratedSerializationConstructorAccessor21'
Event: 3187.616 Thread 0x000001c59f546a50 Unloading class 0x0000000800cfc800 'jdk/internal/reflect/GeneratedSerializationConstructorAccessor20'

Classes redefined (0 events):
No events

Internal exceptions (20 events):
Event: 3190.435 Thread 0x000001c5a73bed20 Exception <a 'sun/nio/fs/WindowsException'{0x0000000710765e58}> (0x0000000710765e58) 
thrown [s\src\hotspot\share\prims\jni.cpp, line 516]
Event: 3190.435 Thread 0x000001c5a73bed20 Exception <a 'sun/nio/fs/WindowsException'{0x0000000710766118}> (0x0000000710766118) 
thrown [s\src\hotspot\share\prims\jni.cpp, line 516]
Event: 3190.435 Thread 0x000001c5a73bed20 Exception <a 'sun/nio/fs/WindowsException'{0x0000000710766a30}> (0x0000000710766a30) 
thrown [s\src\hotspot\share\prims\jni.cpp, line 516]
Event: 3190.435 Thread 0x000001c5a73bed20 Exception <a 'sun/nio/fs/WindowsException'{0x0000000710766d00}> (0x0000000710766d00) 
thrown [s\src\hotspot\share\prims\jni.cpp, line 516]
Event: 3190.435 Thread 0x000001c5a73bed20 Exception <a 'sun/nio/fs/WindowsException'{0x0000000710767610}> (0x0000000710767610) 
thrown [s\src\hotspot\share\prims\jni.cpp, line 516]
Event: 3190.435 Thread 0x000001c5a73bed20 Exception <a 'sun/nio/fs/WindowsException'{0x00000007107678e0}> (0x00000007107678e0) 
thrown [s\src\hotspot\share\prims\jni.cpp, line 516]
Event: 3192.461 Thread 0x000001c5a73c3080 Exception <a 'java/lang/reflect/InvocationTargetException'{0x000000070c31bc20}> (0x000000070c31bc20) 
thrown [s\src\hotspot\share\runtime\reflection.cpp, line 1121]
Event: 3300.727 Thread 0x000001c5a477e380 Exception <a 'java/lang/NoSuchMethodError'{0x00000007107e0e10}: static [B.<clinit>()V> (0x00000007107e0e10) 
thrown [s\src\hotspot\share\prims\jni.cpp, line 1107]
Event: 4947.112 Thread 0x000001c5a73c2210 Exception <a 'java/io/IOException'{0x000000070ceef570}> (0x000000070ceef570) 
thrown [s\src\hotspot\share\prims\jni.cpp, line 516]
Event: 4947.112 Thread 0x000001c5a73c2210 Exception <a 'java/io/IOException'{0x000000070cef00b0}> (0x000000070cef00b0) 
thrown [s\src\hotspot\share\prims\jni.cpp, line 516]
Event: 4950.345 Thread 0x000001c5a73c2210 Exception <a 'java/io/IOException'{0x000000070cef2ec0}> (0x000000070cef2ec0) 
thrown [s\src\hotspot\share\prims\jni.cpp, line 516]
Event: 4958.779 Thread 0x000001c5a73bd9e0 Exception <a 'java/io/IOException'{0x000000070ccef520}> (0x000000070ccef520) 
thrown [s\src\hotspot\share\prims\jni.cpp, line 516]
Event: 4958.779 Thread 0x000001c5a73bd9e0 Exception <a 'java/io/IOException'{0x000000070ccf0060}> (0x000000070ccf0060) 
thrown [s\src\hotspot\share\prims\jni.cpp, line 516]
Event: 4965.647 Thread 0x000001c5a73bd9e0 Exception <a 'java/io/IOException'{0x000000070ca01c10}> (0x000000070ca01c10) 
thrown [s\src\hotspot\share\prims\jni.cpp, line 516]
Event: 4965.647 Thread 0x000001c5a73bd9e0 Exception <a 'java/io/IOException'{0x000000070ca02750}> (0x000000070ca02750) 
thrown [s\src\hotspot\share\prims\jni.cpp, line 516]
Event: 4970.577 Thread 0x000001c5a73bd9e0 Exception <a 'java/io/IOException'{0x000000070ca05560}> (0x000000070ca05560) 
thrown [s\src\hotspot\share\prims\jni.cpp, line 516]
Event: 4970.625 Thread 0x000001c5a73bd9e0 Exception <a 'java/io/IOException'{0x000000070ca08370}> (0x000000070ca08370) 
thrown [s\src\hotspot\share\prims\jni.cpp, line 516]
Event: 4973.369 Thread 0x000001c5a73bd9e0 Exception <a 'java/io/IOException'{0x000000070ca0b180}> (0x000000070ca0b180) 
thrown [s\src\hotspot\share\prims\jni.cpp, line 516]
Event: 4979.483 Thread 0x000001c5a73bd040 Exception <a 'java/io/IOException'{0x000000070c9895f0}> (0x000000070c9895f0) 
thrown [s\src\hotspot\share\prims\jni.cpp, line 516]
Event: 4980.774 Thread 0x000001c5a73bd040 Exception <a 'java/io/IOException'{0x000000070c98c400}> (0x000000070c98c400) 
thrown [s\src\hotspot\share\prims\jni.cpp, line 516]

VM Operations (20 events):
Event: 4697.104 Executing VM operation: Cleanup done
Event: 4891.444 Executing VM operation: Cleanup
Event: 4891.444 Executing VM operation: Cleanup done
Event: 4928.785 Executing VM operation: Cleanup
Event: 4928.785 Executing VM operation: Cleanup done
Event: 4947.987 Executing VM operation: Cleanup
Event: 4947.987 Executing VM operation: Cleanup done
Event: 4966.159 Executing VM operation: Cleanup
Event: 4966.159 Executing VM operation: Cleanup done
Event: 4971.213 Executing VM operation: Cleanup
Event: 4971.213 Executing VM operation: Cleanup done
Event: 5047.962 Executing VM operation: Cleanup
Event: 5047.962 Executing VM operation: Cleanup done
Event: 5063.137 Executing VM operation: Cleanup
Event: 5063.137 Executing VM operation: Cleanup done
Event: 5064.150 Executing VM operation: Cleanup
Event: 5064.150 Executing VM operation: Cleanup done
Event: 5065.163 Executing VM operation: Cleanup
Event: 5065.163 Executing VM operation: Cleanup done
Event: 5138.207 Executing VM operation: G1CollectForAllocation

Events (20 events):
Event: 4947.111 Thread 0x000001c5a73c2210 Thread added: 0x000001c5a73c2210
Event: 4947.111 Thread 0x000001c5a73c26e0 Thread added: 0x000001c5a73c26e0
Event: 4955.354 Thread 0x000001c5a73c2210 Thread exited: 0x000001c5a73c2210
Event: 4955.385 Thread 0x000001c5a73c26e0 Thread exited: 0x000001c5a73c26e0
Event: 4958.778 Thread 0x000001c5a73bd9e0 Thread added: 0x000001c5a73bd9e0
Event: 4958.778 Thread 0x000001c5a73c3550 Thread added: 0x000001c5a73c3550
Event: 4963.792 Thread 0x000001c5a73bd9e0 Thread exited: 0x000001c5a73bd9e0
Event: 4963.823 Thread 0x000001c5a73c3550 Thread exited: 0x000001c5a73c3550
Event: 4965.646 Thread 0x000001c5a73bd9e0 Thread added: 0x000001c5a73bd9e0
Event: 4965.646 Thread 0x000001c5a73c2210 Thread added: 0x000001c5a73c2210
Event: 4978.378 Thread 0x000001c5a73bd9e0 Thread exited: 0x000001c5a73bd9e0
Event: 4978.409 Thread 0x000001c5a73c2210 Thread exited: 0x000001c5a73c2210
Event: 4979.482 Thread 0x000001c5a73bd040 Thread added: 0x000001c5a73bd040
Event: 4979.482 Thread 0x000001c5a73c2210 Thread added: 0x000001c5a73c2210
Event: 4990.751 Thread 0x000001c5a73bd040 Thread exited: 0x000001c5a73bd040
Event: 4990.781 Thread 0x000001c5a73c2210 Thread exited: 0x000001c5a73c2210
Event: 5064.471 Thread 0x000001c5a770cd30 Thread added: 0x000001c5a770cd30
Event: 5064.472 Thread 0x000001c5a463ac90 Thread added: 0x000001c5a463ac90
Event: 5065.077 Thread 0x000001c5a463ac90 Thread exited: 0x000001c5a463ac90
Event: 5070.098 Thread 0x000001c5a770cd30 Thread exited: 0x000001c5a770cd30


Dynamic libraries:
0x00007ff735e20000 - 0x00007ff735e2e000 	C:\sts-4.19.0.RELEASE\plugins\org.eclipse.justj.openjdk.hotspot.jre.full.win32.x86_64_17.0.7.v20230425-1502\jre\bin\javaw.exe
0x00007ffb7cb30000 - 0x00007ffb7cd44000 	C:\Windows\SYSTEM32\ntdll.dll
0x00007ffb2e350000 - 0x00007ffb2e369000 	C:\Program Files\Avast Software\Avast\aswhook.dll
0x00007ffb7b760000 - 0x00007ffb7b824000 	C:\Windows\System32\KERNEL32.DLL
0x00007ffb7a0f0000 - 0x00007ffb7a494000 	C:\Windows\System32\KERNELBASE.dll
0x00007ffb7a720000 - 0x00007ffb7a831000 	C:\Windows\System32\ucrtbase.dll
0x00007ffb3d510000 - 0x00007ffb3d527000 	C:\sts-4.19.0.RELEASE\plugins\org.eclipse.justj.openjdk.hotspot.jre.full.win32.x86_64_17.0.7.v20230425-1502\jre\bin\jli.dll
0x00007ffb5f770000 - 0x00007ffb5f789000 	C:\sts-4.19.0.RELEASE\plugins\org.eclipse.justj.openjdk.hotspot.jre.full.win32.x86_64_17.0.7.v20230425-1502\jre\bin\VCRUNTIME140.dll
0x00007ffb7a9f0000 - 0x00007ffb7ab9e000 	C:\Windows\System32\USER32.dll
0x00007ffb79fa0000 - 0x00007ffb79fc6000 	C:\Windows\System32\win32u.dll
0x00007ffb5f790000 - 0x00007ffb5fa23000 	C:\Windows\WinSxS\amd64_microsoft.windows.common-controls_6595b64144ccf1df_6.0.22621.2215_none_270d72677387dfc3\COMCTL32.dll
0x00007ffb7c9d0000 - 0x00007ffb7c9f9000 	C:\Windows\System32\GDI32.dll
0x00007ffb7b830000 - 0x00007ffb7b8d7000 	C:\Windows\System32\msvcrt.dll
0x00007ffb79fd0000 - 0x00007ffb7a0e8000 	C:\Windows\System32\gdi32full.dll
0x00007ffb7a4a0000 - 0x00007ffb7a53a000 	C:\Windows\System32\msvcp_win.dll
0x00007ffb7c110000 - 0x00007ffb7c141000 	C:\Windows\System32\IMM32.DLL
0x00007ffb5f760000 - 0x00007ffb5f76c000 	C:\sts-4.19.0.RELEASE\plugins\org.eclipse.justj.openjdk.hotspot.jre.full.win32.x86_64_17.0.7.v20230425-1502\jre\bin\vcruntime140_1.dll
0x00007ffb238b0000 - 0x00007ffb23941000 	C:\sts-4.19.0.RELEASE\plugins\org.eclipse.justj.openjdk.hotspot.jre.full.win32.x86_64_17.0.7.v20230425-1502\jre\bin\msvcp140.dll
0x00007ffae0160000 - 0x00007ffae0da8000 	C:\sts-4.19.0.RELEASE\plugins\org.eclipse.justj.openjdk.hotspot.jre.full.win32.x86_64_17.0.7.v20230425-1502\jre\bin\server\jvm.dll
0x00007ffb7be70000 - 0x00007ffb7bf20000 	C:\Windows\System32\ADVAPI32.dll
0x00007ffb7c280000 - 0x00007ffb7c326000 	C:\Windows\System32\sechost.dll
0x00007ffb7c8b0000 - 0x00007ffb7c9c7000 	C:\Windows\System32\RPCRT4.dll
0x00007ffb720c0000 - 0x00007ffb720f4000 	C:\Windows\SYSTEM32\WINMM.dll
0x00007ffb55ec0000 - 0x00007ffb55ec9000 	C:\Windows\SYSTEM32\WSOCK32.dll
0x00007ffb7ca70000 - 0x00007ffb7cae1000 	C:\Windows\System32\WS2_32.dll
0x00007ffb6fd10000 - 0x00007ffb6fd1a000 	C:\Windows\SYSTEM32\VERSION.dll
0x00007ffb78ea0000 - 0x00007ffb78eb8000 	C:\Windows\SYSTEM32\kernel.appcore.dll
0x00007ffb71290000 - 0x00007ffb7129a000 	C:\sts-4.19.0.RELEASE\plugins\org.eclipse.justj.openjdk.hotspot.jre.full.win32.x86_64_17.0.7.v20230425-1502\jre\bin\jimage.dll
0x00007ffb77810000 - 0x00007ffb77a3e000 	C:\Windows\SYSTEM32\DBGHELP.DLL
0x00007ffb7b3d0000 - 0x00007ffb7b75a000 	C:\Windows\System32\combase.dll
0x00007ffb7a910000 - 0x00007ffb7a9e7000 	C:\Windows\System32\OLEAUT32.dll
0x00007ffb5f6c0000 - 0x00007ffb5f6f2000 	C:\Windows\SYSTEM32\dbgcore.DLL
0x00007ffb7a840000 - 0x00007ffb7a8ba000 	C:\Windows\System32\bcryptPrimitives.dll
0x00007ffb48390000 - 0x00007ffb483b5000 	C:\sts-4.19.0.RELEASE\plugins\org.eclipse.justj.openjdk.hotspot.jre.full.win32.x86_64_17.0.7.v20230425-1502\jre\bin\java.dll
0x00007ffb3d4f0000 - 0x00007ffb3d508000 	C:\sts-4.19.0.RELEASE\plugins\org.eclipse.justj.openjdk.hotspot.jre.full.win32.x86_64_17.0.7.v20230425-1502\jre\bin\zip.dll
0x00007ffb7aba0000 - 0x00007ffb7b3c3000 	C:\Windows\System32\SHELL32.dll
0x00007ffb77e20000 - 0x00007ffb7870a000 	C:\Windows\SYSTEM32\windows.storage.dll
0x00007ffb77ce0000 - 0x00007ffb77e1e000 	C:\Windows\SYSTEM32\wintypes.dll
0x00007ffb7c330000 - 0x00007ffb7c423000 	C:\Windows\System32\SHCORE.dll
0x00007ffb7b8e0000 - 0x00007ffb7b93e000 	C:\Windows\System32\shlwapi.dll
0x00007ffb79e10000 - 0x00007ffb79e36000 	C:\Windows\SYSTEM32\profapi.dll
0x00007ffb3d470000 - 0x00007ffb3d489000 	C:\sts-4.19.0.RELEASE\plugins\org.eclipse.justj.openjdk.hotspot.jre.full.win32.x86_64_17.0.7.v20230425-1502\jre\bin\net.dll
0x00007ffb71e20000 - 0x00007ffb71f57000 	C:\Windows\SYSTEM32\WINHTTP.dll
0x00007ffb793d0000 - 0x00007ffb79439000 	C:\Windows\system32\mswsock.dll
0x00007ffb359e0000 - 0x00007ffb359f5000 	C:\sts-4.19.0.RELEASE\plugins\org.eclipse.justj.openjdk.hotspot.jre.full.win32.x86_64_17.0.7.v20230425-1502\jre\bin\nio.dll
0x00007ffb5f750000 - 0x00007ffb5f759000 	C:\sts-4.19.0.RELEASE\plugins\org.eclipse.justj.openjdk.hotspot.jre.full.win32.x86_64_17.0.7.v20230425-1502\jre\bin\management.dll
0x00007ffb5f340000 - 0x00007ffb5f34b000 	C:\sts-4.19.0.RELEASE\plugins\org.eclipse.justj.openjdk.hotspot.jre.full.win32.x86_64_17.0.7.v20230425-1502\jre\bin\management_ext.dll
0x00007ffb7be60000 - 0x00007ffb7be68000 	C:\Windows\System32\PSAPI.DLL
0x00007ffb43440000 - 0x00007ffb43457000 	C:\Windows\system32\napinsp.dll
0x00007ffb43420000 - 0x00007ffb4343b000 	C:\Windows\system32\pnrpnsp.dll
0x00007ffb789e0000 - 0x00007ffb78ad2000 	C:\Windows\SYSTEM32\DNSAPI.dll
0x00007ffb78970000 - 0x00007ffb7899d000 	C:\Windows\SYSTEM32\IPHLPAPI.DLL
0x00007ffb7bf40000 - 0x00007ffb7bf49000 	C:\Windows\System32\NSI.dll
0x00007ffb421c0000 - 0x00007ffb421d1000 	C:\Windows\System32\winrnr.dll
0x00007ffb72030000 - 0x00007ffb72045000 	C:\Windows\system32\wshbth.dll
0x00007ffb42190000 - 0x00007ffb421b1000 	C:\Windows\system32\nlansp_c.dll
0x00007ffb6f700000 - 0x00007ffb6f70a000 	C:\Windows\System32\rasadhlp.dll
0x00007ffb6fb30000 - 0x00007ffb6fbb4000 	C:\Windows\System32\fwpuclnt.dll
0x00007ffb79770000 - 0x00007ffb7978b000 	C:\Windows\SYSTEM32\CRYPTSP.dll
0x00007ffb78e60000 - 0x00007ffb78e95000 	C:\Windows\system32\rsaenh.dll
0x00007ffb794f0000 - 0x00007ffb7951c000 	C:\Windows\SYSTEM32\USERENV.dll
0x00007ffb798b0000 - 0x00007ffb798d8000 	C:\Windows\SYSTEM32\bcrypt.dll
0x00007ffb79750000 - 0x00007ffb7975c000 	C:\Windows\SYSTEM32\CRYPTBASE.dll
0x00007ffb72090000 - 0x00007ffb720a9000 	C:\Windows\SYSTEM32\dhcpcsvc6.DLL
0x00007ffb71860000 - 0x00007ffb7187f000 	C:\Windows\SYSTEM32\dhcpcsvc.DLL
0x00007ffb533d0000 - 0x00007ffb533de000 	C:\sts-4.19.0.RELEASE\plugins\org.eclipse.justj.openjdk.hotspot.jre.full.win32.x86_64_17.0.7.v20230425-1502\jre\bin\sunmscapi.dll
0x00007ffb7a540000 - 0x00007ffb7a6a6000 	C:\Windows\System32\CRYPT32.dll
0x00007ffb79880000 - 0x00007ffb798ae000 	C:\Windows\SYSTEM32\ncrypt.dll
0x00007ffb79820000 - 0x00007ffb79857000 	C:\Windows\SYSTEM32\NTASN1.dll
0x00007ffb71270000 - 0x00007ffb71280000 	C:\sts-4.19.0.RELEASE\plugins\org.eclipse.justj.openjdk.hotspot.jre.full.win32.x86_64_17.0.7.v20230425-1502\jre\bin\verify.dll
0x00007ffb708e0000 - 0x00007ffb708e8000 	C:\Windows\system32\wshunix.dll

dbghelp: loaded successfully - version: 4.0.5 - missing functions: none
symbol engine: initialized successfully - sym options: 0x614 - pdb path: .;C:\sts-4.19.0.RELEASE\plugins\org.eclipse.justj.openjdk.hotspot.jre.full.win32.x86_64_17.0.7.v20230425-1502\jre\bin;C:\Windows\SYSTEM32;C:\Program Files\Avast Software\Avast;C:\Windows\WinSxS\amd64_microsoft.windows.common-controls_6595b64144ccf1df_6.0.22621.2215_none_270d72677387dfc3;C:\sts-4.19.0.RELEASE\plugins\org.eclipse.justj.openjdk.hotspot.jre.full.win32.x86_64_17.0.7.v20230425-1502\jre\bin\server

VM Arguments:
jvm_args: -Dcom.sun.management.jmxremote -Dcom.sun.management.jmxremote.port=50277 -Dcom.sun.management.jmxremote.authenticate=false -Dcom.sun.management.jmxremote.ssl=false -Djava.rmi.server.hostname=localhost -Dspring.jmx.enabled=true -Dmanagement.endpoints.jmx.exposure.include=* -Dspring.application.admin.enabled=true -XX:TieredStopAtLevel=1 -Dspring.boot.project.name=HPS_Projet_BackEnd -Dfile.encoding=UTF-8 -XX:+ShowCodeDetailsInExceptionMessages 
java_command: com.example.hps.HpsAppApplication --spring.output.ansi.enabled=always
java_class_path (initial): C:\Users\hi\Desktop\HPS_Projet_BackEnd\target\classes;C:\Users\hi\.m2\repository\org\springframework\boot\spring-boot-starter-data-rest\3.1.1\spring-boot-starter-data-rest-3.1.1.jar;C:\Users\hi\.m2\repository\org\springframework\boot\spring-boot-starter-web\3.1.1\spring-boot-starter-web-3.1.1.jar;C:\Users\hi\.m2\repository\org\springframework\boot\spring-boot-starter-json\3.1.1\spring-boot-starter-json-3.1.1.jar;C:\Users\hi\.m2\repository\com\fasterxml\jackson\datatype\jackson-datatype-jdk8\2.15.2\jackson-datatype-jdk8-2.15.2.jar;C:\Users\hi\.m2\repository\com\fasterxml\jackson\datatype\jackson-datatype-jsr310\2.15.2\jackson-datatype-jsr310-2.15.2.jar;C:\Users\hi\.m2\repository\com\fasterxml\jackson\module\jackson-module-parameter-names\2.15.2\jackson-module-parameter-names-2.15.2.jar;C:\Users\hi\.m2\repository\org\springframework\boot\spring-boot-starter-tomcat\3.1.1\spring-boot-starter-tomcat-3.1.1.jar;C:\Users\hi\.m2\repository\org\apache\tomcat\embed\tomcat-embed-core\10.1.10\tomcat-embed-core-10.1.10.jar;C:\Users\hi\.m2\repository\org\apache\tomcat\embed\tomcat-embed-websocket\10.1.10\tomcat-embed-websocket-10.1.10.jar;C:\Users\hi\.m2\repository\org\springframework\spring-web\6.0.10\spring-web-6.0.10.jar;C:\Users\hi\.m2\repository\io\micrometer\micrometer-observation\1.11.1\micrometer-observation-1.11.1.jar;C:\Users\hi\.m2\repository\io\micrometer\micrometer-commons\1.11.1\micrometer-commons-1.11.1.jar;C:\Users\hi\.m2\repository\org\springframework\spring-webmvc\6.0.10\spring-webmvc-6.0.10.jar;C:\Users\hi\.m2\repository\org\springframework\data\spring-data-rest-webmvc\4.1.1\spring-data-rest-webmvc-4.1.1.jar;C:\Users\hi\.m2\repository\org\springframework\data\spring-data-rest-core\4.1.1\spring-data-rest-core-4.1.1.jar;C:\Users\hi\.m2\repository\org\springframework\hateoas\spring-hateoas\2.1.0\spring-hateoas-2.1.0.jar;C:\Users\hi\.m2\repository\org\springframework\plugin\spring-plugin-core\3.0.0\spring-plugin-core-3.0.0.jar;C:\Users\h
Launcher Type: SUN_STANDARD

[Global flags]
     intx CICompilerCount                          = 4                                         {product} {ergonomic}
     uint ConcGCThreads                            = 2                                         {product} {ergonomic}
     uint G1ConcRefinementThreads                  = 8                                         {product} {ergonomic}
   size_t G1HeapRegionSize                         = 2097152                                   {product} {ergonomic}
    uintx GCDrainStackTargetSize                   = 64                                        {product} {ergonomic}
   size_t InitialHeapSize                          = 266338304                                 {product} {ergonomic}
     bool ManagementServer                         = true                                      {product} {command line}
   size_t MarkStackSize                            = 4194304                                   {product} {ergonomic}
   size_t MaxHeapSize                              = 4261412864                                {product} {ergonomic}
   size_t MaxNewSize                               = 2556428288                                {product} {ergonomic}
   size_t MinHeapDeltaBytes                        = 2097152                                   {product} {ergonomic}
   size_t MinHeapSize                              = 8388608                                   {product} {ergonomic}
    uintx NonProfiledCodeHeapSize                  = 0                                      {pd product} {ergonomic}
     bool ProfileInterpreter                       = false                                  {pd product} {command line}
    uintx ProfiledCodeHeapSize                     = 0                                      {pd product} {ergonomic}
     bool ShowCodeDetailsInExceptionMessages       = true                                   {manageable} {command line}
   size_t SoftMaxHeapSize                          = 4261412864                             {manageable} {ergonomic}
     intx TieredStopAtLevel                        = 1                                         {product} {command line}
     bool UseCompressedClassPointers               = true                           {product lp64_product} {ergonomic}
     bool UseCompressedOops                        = true                           {product lp64_product} {ergonomic}
     bool UseG1GC                                  = true                                      {product} {ergonomic}
     bool UseLargePagesIndividualAllocation        = false                                  {pd product} {ergonomic}

Logging:
Log output configuration:
 #0: stdout all=warning uptime,level,tags
 #1: stderr all=off uptime,level,tags

Environment Variables:
JAVA_HOME=C:\Program Files\Java\jdk-20
PATH=C:/sts-4.19.0.RELEASE//plugins/org.eclipse.justj.openjdk.hotspot.jre.full.win32.x86_64_17.0.7.v20230425-1502/jre/bin/server;C:/sts-4.19.0.RELEASE//plugins/org.eclipse.justj.openjdk.hotspot.jre.full.win32.x86_64_17.0.7.v20230425-1502/jre/bin;C:\Program Files\Common Files\Oracle\Java\javapath;C:\Windows\system32;C:\Windows;C:\Windows\System32\Wbem;C:\Windows\System32\WindowsPowerShell\v1.0\;C:\Windows\System32\OpenSSH\;C:\Program Files\Java\jdk-20\bin;C:\Program Files\Git\cmd;C:\Program Files\Common Files\Oracle\Java\javapath;C:\Program Files\Git LFS;C:\Program Files\nodejs\;C:\Program Files\Docker\Docker\resources\bin;C:\Users\hi\AppData\Local\Microsoft\WindowsApps;C:\Users\hi\AppData\Local\GitHubDesktop\bin;C:\Users\hi\AppData\Roaming\npm;C:\Users\hi\AppData\Local\Programs\Microsoft VS Code\bin;C:\sts-4.19.0.RELEASE;
USERNAME=hi
OS=Windows_NT
PROCESSOR_IDENTIFIER=Intel64 Family 6 Model 142 Stepping 12, GenuineIntel
TMP=C:\Users\hi\AppData\Local\Temp
TEMP=C:\Users\hi\AppData\Local\Temp



---------------  S Y S T E M  ---------------

OS:
 Windows 11 , 64 bit Build 22621 (10.0.22621.2215)
OS uptime: 0 days 1:34 hours
Hyper-V role detected

CPU: total 8 (initial active 8) (4 cores per cpu, 2 threads per core) family 6 model 142 stepping 12 microcode 0xec, cx8, cmov, fxsr, ht, mmx, 3dnowpref, sse, sse2, sse3, ssse3, sse4.1, sse4.2, popcnt, lzcnt, tsc, tscinvbit, avx, avx2, aes, erms, clmul, bmi1, bmi2, adx, fma, vzeroupper, clflush, clflushopt, hv

Memory: 4k page, system-wide physical 16254M (4422M free)
TotalPageFile size 23934M (AvailPageFile size 7825M)
current process WorkingSet (physical memory assigned to process): 373M, peak: 461M
current process commit charge ("private bytes"): 502M, peak: 515M

vm_info: OpenJDK 64-Bit Server VM (17.0.7+7) for windows-amd64 JRE (17.0.7+7), built on Apr 18 2023 22:10:42 by "temurin" with MS VC++ 16.7 (VS2019)

END.
