#
# A fatal error has been detected by the Java Runtime Environment:
#
#  EXCEPTION_ACCESS_VIOLATION (0xc0000005) at pc=0x00007ffeb245d232, pid=21492, tid=19416
#
# JRE version: OpenJDK Runtime Environment Temurin-17.0.7+7 (17.0.7+7) (build 17.0.7+7)
# Java VM: OpenJDK 64-Bit Server VM Temurin-17.0.7+7 (17.0.7+7, mixed mode, emulated-client, tiered, compressed oops, compressed class ptrs, g1 gc, windows-amd64)
# Problematic frame:
# V  [jvm.dll+0x30d232]
#
# No core dump will be written. Minidumps are not enabled by default on client versions of Windows
#
# If you would like to submit a bug report, please visit:
#   https://github.com/adoptium/adoptium-support/issues
#

---------------  S U M M A R Y ------------

Command Line: -Dcom.sun.management.jmxremote -Dcom.sun.management.jmxremote.port=53166 -Dcom.sun.management.jmxremote.authenticate=false -Dcom.sun.management.jmxremote.ssl=false -Djava.rmi.server.hostname=localhost -Dspring.jmx.enabled=true -Dmanagement.endpoints.jmx.exposure.include=* -Dspring.application.admin.enabled=true -XX:TieredStopAtLevel=1 -Dspring.boot.project.name=HPS_Projet_BackEnd -Dfile.encoding=UTF-8 -XX:+ShowCodeDetailsInExceptionMessages com.example.hps.HpsAppApplication --spring.output.ansi.enabled=always

Host: Intel(R) Core(TM) i7-8565U CPU @ 1.80GHz, 8 cores, 15G,  Windows 11 , 64 bit Build 22621 (10.0.22621.2215)
Time: Mon Sep  4 16:34:11 2023 Morocco Daylight Time elapsed time: 857.596704 seconds (0d 0h 14m 17s)

---------------  T H R E A D  ---------------

Current thread (0x000001eadd1466b0):  GCTaskThread "GC Thread#3" [stack: 0x00000078ab200000,0x00000078ab300000] [id=19416]

Stack: [0x00000078ab200000,0x00000078ab300000],  sp=0x00000078ab2ff460,  free space=1021k
Native frames: (J=compiled Java code, j=interpreted, Vv=VM code, C=native code)
V  [jvm.dll+0x30d232]
V  [jvm.dll+0x2f39a4]
V  [jvm.dll+0x2f1d2a]
V  [jvm.dll+0x2f7d44]
V  [jvm.dll+0x2f773d]
V  [jvm.dll+0x2f6fdd]
V  [jvm.dll+0x860ffb]
V  [jvm.dll+0x861046]
V  [jvm.dll+0x7e4e7a]
V  [jvm.dll+0x676395]
C  [ucrtbase.dll+0x29363]
C  [KERNEL32.DLL+0x1257d]
C  [ntdll.dll+0x5aa68]


siginfo: EXCEPTION_ACCESS_VIOLATION (0xc0000005), reading address 0x0000000000000100


Register to memory mapping:

RIP=0x00007ffeb245d232 jvm.dll
RAX=0x0 is NULL
RBX=0x000001eadd032f48 points into unknown readable memory: 0x000001eadfa0b9f0 | f0 b9 a0 df ea 01 00 00
RCX=0x0000000800000000 is pointing into metadata
RDX=0x0000000709cb9ea8 is pointing into object: java.util.HashMap 
{0x0000000709cb9e88} - klass: 'java/util/HashMap'
 - ---- fields (total size 6 words):
 - transient 'keySet' 'Ljava/util/Set;' @12  NULL (0)
 - transient 'values' 'Ljava/util/Collection;' @16  NULL (0)
 - transient 'size' 'I' @20  1
 - transient 'modCount' 'I' @24  1
 - 'threshold' 'I' @28  12 (c)
 - final 'loadFactor' 'F' @32  0.750000 (3f400000)
 - transient 'table' '[Ljava/util/HashMap$Node;' @36  
[error occurred during error reporting (printing register info), id 0xc0000005, EXCEPTION_ACCESS_VIOLATION (0xc0000005) at pc=0x00007ffeb27b3ba9]

Registers:
RAX=0x0000000000000000, RBX=0x000001eadd032f48, RCX=0x0000000800000000, RDX=0x0000000709cb9ea8
RSP=0x00000078ab2ff460, RBP=0x0000000709cb9eb4, RSI=0x000001eadd032900, RDI=0x000000000000003e
R8 =0x0000000800000000, R9 =0x0000000000000000, R10=0x0000000000000000, R11=0x0000000800000000
R12=0x000000080005f710, R13=0x0000000709cb9e88, R14=0x000000080005f708, R15=0x000001eadd032eb0
RIP=0x00007ffeb245d232, EFLAGS=0x0000000000010246

Top of Stack: (sp=0x00000078ab2ff460)
0x00000078ab2ff460:   0000000709cb72f8 00007ffeb24439a4
0x00000078ab2ff470:   000001eac54703f0 00007ffeb244380e
0x00000078ab2ff480:   0000000709cb9ea8 00007ffeb24439a4
0x00000078ab2ff490:   000001eae40402b0 0000000000000002
0x00000078ab2ff4a0:   0000000709cb72f8 00007ffeb24428b1
0x00000078ab2ff4b0:   0000000709cb9ea8 e13973d53f400000
0x00000078ab2ff4c0:   0000000709cb9ea8 00007ffeb2441d2a
0x00000078ab2ff4d0:   0000000709cb9eac 000001eadd032900
0x00000078ab2ff4e0:   0000000709cb72d0 00000078ab2ff530
0x00000078ab2ff4f0:   000000000000000c 0000000000000010
0x00000078ab2ff500:   00007ffeb2150000 0000000000000000
0x00000078ab2ff510:   000001eadd032900 00007ffeb2447d44
0x00000078ab2ff520:   0000000000000005 0000000709cb9e88
0x00000078ab2ff530:   00007ffeb2150000 00007ffeb2150000
0x00000078ab2ff540:   000001eac54703f0 0000000000000000
0x00000078ab2ff550:   0000000709cb7230 0000000000000000 

Instructions: (pc=0x00007ffeb245d232)
0x00007ffeb245d132:   7b 10 45 33 c0 8b cf 48 c1 e1 04 41 8d 50 05 e8
0x00007ffeb245d142:   5a 96 d9 ff 48 89 43 08 48 8b c3 48 8b 5c 24 40
0x00007ffeb245d152:   48 83 c4 30 5f c3 cc cc cc cc cc cc cc cc 48 8b
0x00007ffeb245d162:   49 08 e9 b7 95 d9 ff cc cc cc cc cc cc cc 48 89
0x00007ffeb245d172:   5c 24 08 57 48 83 ec 20 48 8b 05 27 4e 89 00 48
0x00007ffeb245d182:   8b d9 48 8b fa 8b 88 c0 01 00 00 4c 8b 80 b8 01
0x00007ffeb245d192:   00 00 0f b6 05 f4 e3 85 00 49 d3 e0 8b 0d 2c ed
0x00007ffeb245d1a2:   85 00 49 2b f8 48 d3 ef 84 c0 74 16 44 8b 42 08
0x00007ffeb245d1b2:   8b 0d 40 21 7f 00 49 d3 e0 4c 03 05 2e 21 7f 00
0x00007ffeb245d1c2:   eb 04 4c 8b 42 08 45 8b 48 08 45 85 c9 7e 0c 41
0x00007ffeb245d1d2:   f6 c1 01 75 55 41 c1 f9 03 eb 5e 79 4d 84 c0 41
0x00007ffeb245d1e2:   b8 0c 00 00 00 8b 05 47 30 7f 00 b9 10 00 00 00
0x00007ffeb245d1f2:   41 0f 45 c8 ff c8 4c 63 c0 41 8b c1 48 c1 f8 10
0x00007ffeb245d202:   48 63 14 11 41 8b c9 83 e1 3f 48 d3 e2 0f b6 c8
0x00007ffeb245d212:   49 8d 04 10 49 f7 d0 48 03 c8 4d 8b c8 49 c1 e9
0x00007ffeb245d222:   03 48 c1 e9 03 44 23 c9 eb 0f 49 8b 00 49 8b c8
0x00007ffeb245d232:   ff 90 00 01 00 00 44 8b c8 8b 53 28 8b c7 48 23
0x00007ffeb245d242:   d0 48 c1 e2 04 48 03 53 08 8b 02 3b c7 74 34 4c
0x00007ffeb245d252:   8b 42 08 4d 85 c0 74 0b 8b c8 48 8b 03 f0 4c 0f
0x00007ffeb245d262:   c1 04 c8 48 c7 42 08 00 00 00 00 89 3a 48 ff 43
0x00007ffeb245d272:   20 49 63 c1 48 01 42 08 48 8b 5c 24 30 48 83 c4
0x00007ffeb245d282:   20 5f c3 48 ff 43 18 48 8b 5c 24 30 49 63 c1 48
0x00007ffeb245d292:   01 42 08 48 83 c4 20 5f c3 cc cc cc cc cc 48 89
0x00007ffeb245d2a2:   5c 24 08 33 db 4c 8b da 4c 8b c9 44 8b c3 39 59
0x00007ffeb245d2b2:   10 76 39 66 66 66 0f 1f 84 00 00 00 00 00 41 8b
0x00007ffeb245d2c2:   c0 48 c1 e0 04 49 03 41 08 4c 8b 50 08 4d 85 d2
0x00007ffeb245d2d2:   74 0b 8b 10 49 8b 09 f0 4c 0f c1 14 d1 41 ff c0
0x00007ffeb245d2e2:   89 18 48 89 58 08 45 3b 41 10 72 d2 49 8b 41 18
0x00007ffeb245d2f2:   48 8b 5c 24 08 49 89 03 49 8b 41 20 49 89 43 08
0x00007ffeb245d302:   49 8b c3 c3 cc cc cc cc cc cc cc cc cc cc 45 33
0x00007ffeb245d312:   c0 41 8b c0 4c 89 41 18 4c 89 41 20 39 41 10 76
0x00007ffeb245d322:   24 0f 1f 40 00 66 0f 1f 84 00 00 00 00 00 8b d0 


Stack slot to memory mapping:
stack at sp + 0 slots: 0x0000000709cb72f8 is an oop: org.springframework.boot.context.properties.source.SpringIterableConfigurationPropertySource$Mappings 
{0x0000000709cb72f8} - klass: 'org/springframework/boot/context/properties/source/SpringIterableConfigurationPropertySource$Mappings'
 - ---- fields (total size 5 words):
 - private final 'immutable' 'Z' @12  true
 - private final 'trackDescendants' 'Z' @13  true
 - private final 'mappers' '[Lorg/springframework/boot/context/properties/source/PropertyMapper;' @16  a 'org/springframework/boot/context/properties/source/PropertyMapper'[1] {0x0000000702a5fe80} (e054bfd0)
 - private volatile 'mappings' 'Ljava/util/Map;' @20  a 'java/util/LinkedHashMap'{0x0000000709cb7320} (e1396e64)
 - private volatile 'reverseMappings' 'Ljava/util/Map;' @24  a 'java/util/LinkedHashMap'{0x0000000709cba500} (e13974a0)
 - private volatile 'descendants' 'Ljava/util/Map;' @28  a 'java/util/LinkedHashMap'{0x0000000709cbaa68} (e139754d)
 - private volatile 'configurationPropertyNames' '[Lorg/springframework/boot/context/properties/source/ConfigurationPropertyName;' @32  a 'org/springframework/boot/context/properties/source/ConfigurationPropertyName'[26] {0x0000000709cbedf0} (e1397dbe)
 - private volatile 'lastUpdated' '[Ljava/lang/String;' @36  NULL (0)
stack at sp + 1 slots: 0x00007ffeb24439a4 jvm.dll
stack at sp + 2 slots: 0x000001eac54703f0 points into unknown readable memory: 0x00007ffeb2aa3808 | 08 38 aa b2 fe 7f 00 00
stack at sp + 3 slots: 0x00007ffeb244380e jvm.dll
stack at sp + 4 slots: 0x0000000709cb9ea8 is pointing into object: java.util.HashMap 
{0x0000000709cb9e88} - klass: 'java/util/HashMap'
 - ---- fields (total size 6 words):
 - transient 'keySet' 'Ljava/util/Set;' @12  NULL (0)
 - transient 'values' 'Ljava/util/Collection;' @16  NULL (0)
 - transient 'size' 'I' @20  1
 - transient 'modCount' 'I' @24  1
 - 'threshold' 'I' @28  12 (c)
 - final 'loadFactor' 'F' @32  0.750000 (3f400000)
 - transient 'table' '[Ljava/util/HashMap$Node;' @36  
[error occurred during error reporting (inspecting top of stack), id 0xc0000005, EXCEPTION_ACCESS_VIOLATION (0xc0000005) at pc=0x00007ffeb27b3ba9]


---------------  P R O C E S S  ---------------

Threads class SMR info:
_java_thread_list=0x000001eadf50ed70, length=20, elements={
0x000001eadc045710, 0x000001eadc046580, 0x000001eadc097010, 0x000001eadc097a30,
0x000001eadc0a44b0, 0x000001eadc0a6e70, 0x000001eadc0b7d50, 0x000001eadc0ba360,
0x000001ead7d711d0, 0x000001eadc2c08e0, 0x000001eadc9b7c80, 0x000001eadc9312e0,
0x000001eadc9bf000, 0x000001eadcf7d840, 0x000001eadcbfd830, 0x000001eadcf9aec0,
0x000001eadd1e6260, 0x000001eadd1e4f20, 0x000001eadf4c6560, 0x000001eadf22c710
}

Java Threads: ( => current thread )
  0x000001eadc045710 JavaThread "Reference Handler" daemon [_thread_blocked, id=16428, stack(0x00000078a9b00000,0x00000078a9c00000)]
  0x000001eadc046580 JavaThread "Finalizer" daemon [_thread_blocked, id=12856, stack(0x00000078a9c00000,0x00000078a9d00000)]
  0x000001eadc097010 JavaThread "Signal Dispatcher" daemon [_thread_blocked, id=2336, stack(0x00000078a9d00000,0x00000078a9e00000)]
  0x000001eadc097a30 JavaThread "Attach Listener" daemon [_thread_blocked, id=12540, stack(0x00000078a9e00000,0x00000078a9f00000)]
  0x000001eadc0a44b0 JavaThread "Service Thread" daemon [_thread_blocked, id=10440, stack(0x00000078a9f00000,0x00000078aa000000)]
  0x000001eadc0a6e70 JavaThread "Monitor Deflation Thread" daemon [_thread_blocked, id=3468, stack(0x00000078aa000000,0x00000078aa100000)]
  0x000001eadc0b7d50 JavaThread "C1 CompilerThread0" daemon [_thread_blocked, id=9780, stack(0x00000078aa100000,0x00000078aa200000)]
  0x000001eadc0ba360 JavaThread "Sweeper thread" daemon [_thread_blocked, id=17696, stack(0x00000078aa200000,0x00000078aa300000)]
  0x000001ead7d711d0 JavaThread "Common-Cleaner" daemon [_thread_blocked, id=18456, stack(0x00000078aa300000,0x00000078aa400000)]
  0x000001eadc2c08e0 JavaThread "Notification Thread" daemon [_thread_blocked, id=14580, stack(0x00000078aa700000,0x00000078aa800000)]
  0x000001eadc9b7c80 JavaThread "RMI TCP Accept-0" daemon [_thread_in_native, id=14304, stack(0x00000078aa800000,0x00000078aa900000)]
  0x000001eadc9312e0 JavaThread "RMI TCP Accept-53166" daemon [_thread_in_native, id=3432, stack(0x00000078aa900000,0x00000078aaa00000)]
  0x000001eadc9bf000 JavaThread "RMI TCP Accept-0" daemon [_thread_in_native, id=14100, stack(0x00000078aaa00000,0x00000078aab00000)]
  0x000001eadcf7d840 JavaThread "RMI Scheduler(0)" daemon [_thread_blocked, id=18408, stack(0x00000078aad00000,0x00000078aae00000)]
  0x000001eadcbfd830 JavaThread "RMI TCP Connection(idle)" daemon [_thread_blocked, id=10564, stack(0x00000078aae00000,0x00000078aaf00000)]
  0x000001eadcf9aec0 JavaThread "JMX server connection timeout 22" daemon [_thread_blocked, id=9616, stack(0x00000078aaf00000,0x00000078ab000000)]
  0x000001eadd1e6260 JavaThread "mysql-cj-abandoned-connection-cleanup" daemon [_thread_blocked, id=276, stack(0x00000078abb00000,0x00000078abc00000)]
  0x000001eadd1e4f20 JavaThread "Live Reload Server" daemon [_thread_in_native, id=8452, stack(0x00000078ac500000,0x00000078ac600000)]
  0x000001eadf4c6560 JavaThread "DestroyJavaVM" [_thread_blocked, id=22516, stack(0x00000078a9400000,0x00000078a9500000)]
  0x000001eadf22c710 JavaThread "Thread-79" [_thread_blocked, id=1356, stack(0x00000078a9100000,0x00000078a9200000)]

Other Threads:
  0x000001eadc043a10 VMThread "VM Thread" [stack: 0x00000078a9a00000,0x00000078a9b00000] [id=14256]
  0x000001eac54a1460 WatcherThread [stack: 0x00000078aab00000,0x00000078aac00000] [id=2164]
  0x000001eac546fda0 GCTaskThread "GC Thread#0" [stack: 0x00000078a9500000,0x00000078a9600000] [id=20288]
  0x000001eadd102f30 GCTaskThread "GC Thread#1" [stack: 0x00000078ab000000,0x00000078ab100000] [id=19560]
  0x000001eadd1031e0 GCTaskThread "GC Thread#2" [stack: 0x00000078ab100000,0x00000078ab200000] [id=16824]
=>0x000001eadd1466b0 GCTaskThread "GC Thread#3" [stack: 0x00000078ab200000,0x00000078ab300000] [id=19416]
  0x000001eadd146960 GCTaskThread "GC Thread#4" [stack: 0x00000078ab300000,0x00000078ab400000] [id=22088]
  0x000001eadd146c10 GCTaskThread "GC Thread#5" [stack: 0x00000078ab400000,0x00000078ab500000] [id=12156]
  0x000001eadd164b40 GCTaskThread "GC Thread#6" [stack: 0x00000078ab500000,0x00000078ab600000] [id=19800]
  0x000001eadd334450 GCTaskThread "GC Thread#7" [stack: 0x00000078aba00000,0x00000078abb00000] [id=5948]
  0x000001eac5480ae0 ConcurrentGCThread "G1 Main Marker" [stack: 0x00000078a9600000,0x00000078a9700000] [id=4596]
  0x000001eac5481d60 ConcurrentGCThread "G1 Conc#0" [stack: 0x00000078a9700000,0x00000078a9800000] [id=13712]
  0x000001eadd452f40 ConcurrentGCThread "G1 Conc#1" [stack: 0x00000078abc00000,0x00000078abd00000] [id=14248]
  0x000001eac54ae9b0 ConcurrentGCThread "G1 Refine#0" [stack: 0x00000078a9800000,0x00000078a9900000] [id=13696]
  0x000001eadd146ec0 ConcurrentGCThread "G1 Refine#1" [stack: 0x00000078ab600000,0x00000078ab700000] [id=22464]
  0x000001eadd1473b0 ConcurrentGCThread "G1 Refine#2" [stack: 0x00000078ab700000,0x00000078ab800000] [id=20196]
  0x000001ead7c3e760 ConcurrentGCThread "G1 Service" [stack: 0x00000078a9900000,0x00000078a9a00000] [id=14264]

Threads with active compile tasks:

VM state: at safepoint (normal execution)

VM Mutex/Monitor currently owned by a thread:  ([mutex/lock_event])
[0x000001eac53e98f0] Threads_lock - owner thread: 0x000001eadc043a10
[0x000001eac53eb000] Heap_lock - owner thread: 0x000001eadf22c710

Heap address: 0x0000000702000000, size: 4064 MB, Compressed Oops mode: Zero based, Oop shift amount: 3

CDS archive(s) not mapped
Compressed class space mapped at: 0x0000000800000000-0x0000000840000000, reserved size: 1073741824
Narrow klass base: 0x0000000800000000, Narrow klass shift: 0, Narrow klass range: 0x40000000

GC Precious Log:
 CPUs: 8 total, 8 available
 Memory: 16254M
 Large Page Support: Disabled
 NUMA Support: Disabled
 Compressed Oops: Enabled (Zero based)
 Heap Region Size: 2M
 Heap Min Capacity: 8M
 Heap Initial Capacity: 254M
 Heap Max Capacity: 4064M
 Pre-touch: Disabled
 Parallel Workers: 8
 Concurrent Workers: 2
 Concurrent Refinement Workers: 8
 Periodic GC: Disabled

Heap:
 garbage-first heap   total 425984K, used 197119K [0x0000000702000000, 0x0000000800000000)
  region size 2048K, 32 young (65536K), 9 survivors (18432K)
 Metaspace       used 116682K, committed 118336K, reserved 1179648K
  class space    used 15150K, committed 15936K, reserved 1048576K

Heap Regions: E=young(eden), S=young(survivor), O=old, HS=humongous(starts), HC=humongous(continues), CS=collection set, F=free, OA=open archive, CA=closed archive, TAMS=top-at-mark-start (previous, next)
|   0|0x0000000702000000, 0x0000000702200000, 0x0000000702200000|100%| O|  |TAMS 0x0000000702200000, 0x0000000702000000| Untracked 
|   1|0x0000000702200000, 0x00000007023ffff8, 0x0000000702400000| 99%| O|  |TAMS 0x00000007023ffff8, 0x0000000702200000| Untracked 
|   2|0x0000000702400000, 0x0000000702600000, 0x0000000702600000|100%| O|  |TAMS 0x0000000702600000, 0x0000000702400000| Untracked 
|   3|0x0000000702600000, 0x00000007027fffe8, 0x0000000702800000| 99%| O|  |TAMS 0x00000007027fffe8, 0x0000000702600000| Untracked 
|   4|0x0000000702800000, 0x00000007029ffff8, 0x0000000702a00000| 99%| O|  |TAMS 0x00000007029ffff8, 0x0000000702800000| Untracked 
|   5|0x0000000702a00000, 0x0000000702bfffe0, 0x0000000702c00000| 99%| O|  |TAMS 0x0000000702bfffe0, 0x0000000702a00000| Untracked 
|   6|0x0000000702c00000, 0x0000000702dfffe0, 0x0000000702e00000| 99%| O|  |TAMS 0x0000000702dfffe0, 0x0000000702c00000| Untracked 
|   7|0x0000000702e00000, 0x0000000703000000, 0x0000000703000000|100%| O|  |TAMS 0x0000000703000000, 0x0000000702e00000| Untracked 
|   8|0x0000000703000000, 0x0000000703200000, 0x0000000703200000|100%| O|  |TAMS 0x0000000703200000, 0x0000000703000000| Untracked 
|   9|0x0000000703200000, 0x00000007033fffd8, 0x0000000703400000| 99%| O|  |TAMS 0x00000007033fffd8, 0x0000000703200000| Untracked 
|  10|0x0000000703400000, 0x00000007035fffe8, 0x0000000703600000| 99%| O|  |TAMS 0x00000007035fffe8, 0x0000000703400000| Untracked 
|  11|0x0000000703600000, 0x00000007037ffff0, 0x0000000703800000| 99%| O|  |TAMS 0x00000007037ffff0, 0x0000000703600000| Untracked 
|  12|0x0000000703800000, 0x0000000703a00000, 0x0000000703a00000|100%| O|  |TAMS 0x0000000703a00000, 0x0000000703800000| Untracked 
|  13|0x0000000703a00000, 0x0000000703bfffe8, 0x0000000703c00000| 99%| O|  |TAMS 0x0000000703bfffe8, 0x0000000703a00000| Untracked 
|  14|0x0000000703c00000, 0x0000000703dffff0, 0x0000000703e00000| 99%| O|  |TAMS 0x0000000703dffff0, 0x0000000703c00000| Untracked 
|  15|0x0000000703e00000, 0x0000000703fffff0, 0x0000000704000000| 99%| O|  |TAMS 0x0000000703fffff0, 0x0000000703e00000| Untracked 
|  16|0x0000000704000000, 0x00000007041f76c8, 0x0000000704200000| 98%| O|  |TAMS 0x00000007041f76c8, 0x0000000704000000| Untracked 
|  17|0x0000000704200000, 0x00000007043fffd8, 0x0000000704400000| 99%| O|  |TAMS 0x00000007043fffd8, 0x0000000704200000| Untracked 
|  18|0x0000000704400000, 0x00000007045ffff0, 0x0000000704600000| 99%| O|  |TAMS 0x00000007045ffff0, 0x0000000704400000| Untracked 
|  19|0x0000000704600000, 0x0000000704800000, 0x0000000704800000|100%| O|  |TAMS 0x0000000704800000, 0x0000000704600000| Untracked 
|  20|0x0000000704800000, 0x00000007049fffc0, 0x0000000704a00000| 99%| O|  |TAMS 0x00000007049fffc0, 0x0000000704800000| Untracked 
|  21|0x0000000704a00000, 0x0000000704bfffe0, 0x0000000704c00000| 99%| O|  |TAMS 0x0000000704bfffe0, 0x0000000704a00000| Untracked 
|  22|0x0000000704c00000, 0x0000000704dffff8, 0x0000000704e00000| 99%| O|  |TAMS 0x0000000704dffff8, 0x0000000704c00000| Untracked 
|  23|0x0000000704e00000, 0x0000000704ffff58, 0x0000000705000000| 99%| O|  |TAMS 0x0000000704ffff58, 0x0000000704e00000| Untracked 
|  24|0x0000000705000000, 0x0000000705200000, 0x0000000705200000|100%| O|  |TAMS 0x0000000705200000, 0x0000000705000000| Untracked 
|  25|0x0000000705200000, 0x0000000705400000, 0x0000000705400000|100%| O|  |TAMS 0x0000000705400000, 0x0000000705200000| Untracked 
|  26|0x0000000705400000, 0x00000007055ffff8, 0x0000000705600000| 99%| O|  |TAMS 0x00000007055ffff8, 0x0000000705400000| Untracked 
|  27|0x0000000705600000, 0x00000007057fffd0, 0x0000000705800000| 99%| O|  |TAMS 0x00000007057fffd0, 0x0000000705600000| Untracked 
|  28|0x0000000705800000, 0x00000007059fffc8, 0x0000000705a00000| 99%| O|  |TAMS 0x00000007059fffc8, 0x0000000705800000| Untracked 
|  29|0x0000000705a00000, 0x0000000705bfffb0, 0x0000000705c00000| 99%| O|  |TAMS 0x0000000705bfffb0, 0x0000000705a00000| Untracked 
|  30|0x0000000705c00000, 0x0000000705dfffc8, 0x0000000705e00000| 99%| O|  |TAMS 0x0000000705dfffc8, 0x0000000705c00000| Untracked 
|  31|0x0000000705e00000, 0x0000000706000000, 0x0000000706000000|100%| O|  |TAMS 0x0000000706000000, 0x0000000705e00000| Untracked 
|  32|0x0000000706000000, 0x00000007061ffff0, 0x0000000706200000| 99%| O|  |TAMS 0x00000007061ffff0, 0x0000000706000000| Untracked 
|  33|0x0000000706200000, 0x00000007063fffe0, 0x0000000706400000| 99%| O|  |TAMS 0x00000007063fffe0, 0x0000000706200000| Untracked 
|  34|0x0000000706400000, 0x00000007065ffff8, 0x0000000706600000| 99%| O|  |TAMS 0x00000007065ffff8, 0x0000000706400000| Untracked 
|  35|0x0000000706600000, 0x00000007067fffd8, 0x0000000706800000| 99%| O|  |TAMS 0x00000007067fffd8, 0x0000000706600000| Untracked 
|  36|0x0000000706800000, 0x00000007069fffe8, 0x0000000706a00000| 99%| O|  |TAMS 0x00000007069fffe8, 0x0000000706800000| Untracked 
|  37|0x0000000706a00000, 0x0000000706bfffd0, 0x0000000706c00000| 99%| O|  |TAMS 0x0000000706bfffd0, 0x0000000706a00000| Untracked 
|  38|0x0000000706c00000, 0x0000000706e00000, 0x0000000706e00000|100%| O|  |TAMS 0x0000000706e00000, 0x0000000706c00000| Untracked 
|  39|0x0000000706e00000, 0x0000000706fffff8, 0x0000000707000000| 99%| O|  |TAMS 0x0000000706fffff8, 0x0000000706e00000| Untracked 
|  40|0x0000000707000000, 0x00000007071ffff8, 0x0000000707200000| 99%| O|  |TAMS 0x00000007071ffff8, 0x0000000707000000| Untracked 
|  41|0x0000000707200000, 0x00000007073ffff8, 0x0000000707400000| 99%| O|  |TAMS 0x00000007073ffff8, 0x0000000707200000| Untracked 
|  42|0x0000000707400000, 0x000000070759d008, 0x0000000707600000| 80%| O|  |TAMS 0x0000000707400000, 0x0000000707400000| Untracked 
|  43|0x0000000707600000, 0x00000007077fffd8, 0x0000000707800000| 99%| O|  |TAMS 0x00000007077fffd8, 0x0000000707600000| Untracked 
|  44|0x0000000707800000, 0x0000000707a00000, 0x0000000707a00000|100%| O|  |TAMS 0x0000000707a00000, 0x0000000707800000| Untracked 
|  45|0x0000000707a00000, 0x0000000707bffff0, 0x0000000707c00000| 99%| O|  |TAMS 0x0000000707bffff0, 0x0000000707a00000| Untracked 
|  46|0x0000000707c00000, 0x0000000707dfffe8, 0x0000000707e00000| 99%| O|  |TAMS 0x0000000707dfffe8, 0x0000000707c00000| Untracked 
|  47|0x0000000707e00000, 0x0000000707fea100, 0x0000000708000000| 95%| O|  |TAMS 0x0000000707fea100, 0x0000000707e00000| Untracked 
|  48|0x0000000708000000, 0x00000007081ffff0, 0x0000000708200000| 99%| O|  |TAMS 0x00000007081ffff0, 0x0000000708000000| Untracked 
|  49|0x0000000708200000, 0x00000007083fffe8, 0x0000000708400000| 99%| O|  |TAMS 0x00000007083fffe8, 0x0000000708200000| Untracked 
|  50|0x0000000708400000, 0x00000007085fffe8, 0x0000000708600000| 99%| O|  |TAMS 0x00000007085fffe8, 0x0000000708400000| Untracked 
|  51|0x0000000708600000, 0x00000007087ffff8, 0x0000000708800000| 99%| O|  |TAMS 0x00000007087ffff8, 0x0000000708600000| Untracked 
|  52|0x0000000708800000, 0x0000000708a00000, 0x0000000708a00000|100%| O|  |TAMS 0x0000000708a00000, 0x0000000708800000| Untracked 
|  53|0x0000000708a00000, 0x0000000708bfffd8, 0x0000000708c00000| 99%| O|  |TAMS 0x0000000708bfffd8, 0x0000000708a00000| Untracked 
|  54|0x0000000708c00000, 0x0000000708dfffe8, 0x0000000708e00000| 99%| O|  |TAMS 0x0000000708dfffe8, 0x0000000708c00000| Untracked 
|  55|0x0000000708e00000, 0x0000000708fffff0, 0x0000000709000000| 99%| O|  |TAMS 0x0000000708fffff0, 0x0000000708e00000| Untracked 
|  56|0x0000000709000000, 0x00000007091fffd8, 0x0000000709200000| 99%| O|  |TAMS 0x00000007091fffd8, 0x0000000709000000| Untracked 
|  57|0x0000000709200000, 0x00000007093e2ef0, 0x0000000709400000| 94%| O|  |TAMS 0x0000000709200000, 0x0000000709200000| Untracked 
|  58|0x0000000709400000, 0x00000007095fffe0, 0x0000000709600000| 99%| O|  |TAMS 0x00000007095fffe0, 0x0000000709400000| Untracked 
|  59|0x0000000709600000, 0x0000000709800000, 0x0000000709800000|100%| O|  |TAMS 0x0000000709800000, 0x0000000709600000| Untracked 
|  60|0x0000000709800000, 0x00000007099d4368, 0x0000000709a00000| 91%| O|  |TAMS 0x0000000709800000, 0x0000000709800000| Untracked 
|  61|0x0000000709a00000, 0x0000000709c00000, 0x0000000709c00000|100%| O|  |TAMS 0x0000000709c00000, 0x0000000709a00000| Untracked 
|  62|0x0000000709c00000, 0x0000000709dffff8, 0x0000000709e00000| 99%| O|  |TAMS 0x0000000709c00000, 0x0000000709c00000| Untracked 
|  63|0x0000000709e00000, 0x0000000709fffff8, 0x000000070a000000| 99%| O|  |TAMS 0x0000000709e00000, 0x0000000709e00000| Untracked 
|  64|0x000000070a000000, 0x000000070a18e248, 0x000000070a200000| 77%| O|  |TAMS 0x000000070a000000, 0x000000070a000000| Untracked 
|  65|0x000000070a200000, 0x000000070a200000, 0x000000070a400000|  0%| F|  |TAMS 0x000000070a200000, 0x000000070a200000| Untracked 
|  66|0x000000070a400000, 0x000000070a400000, 0x000000070a600000|  0%| F|  |TAMS 0x000000070a400000, 0x000000070a400000| Untracked 
|  67|0x000000070a600000, 0x000000070a600000, 0x000000070a800000|  0%| F|  |TAMS 0x000000070a600000, 0x000000070a600000| Untracked 
|  68|0x000000070a800000, 0x000000070a800000, 0x000000070aa00000|  0%| F|  |TAMS 0x000000070a800000, 0x000000070a800000| Untracked 
|  69|0x000000070aa00000, 0x000000070aa00000, 0x000000070ac00000|  0%| F|  |TAMS 0x000000070aa00000, 0x000000070aa00000| Untracked 
|  70|0x000000070ac00000, 0x000000070ac00000, 0x000000070ae00000|  0%| F|  |TAMS 0x000000070ac00000, 0x000000070ac00000| Untracked 
|  71|0x000000070ae00000, 0x000000070ae00000, 0x000000070b000000|  0%| F|  |TAMS 0x000000070ae00000, 0x000000070ae00000| Untracked 
|  72|0x000000070b000000, 0x000000070b000000, 0x000000070b200000|  0%| F|  |TAMS 0x000000070b000000, 0x000000070b000000| Untracked 
|  73|0x000000070b200000, 0x000000070b200000, 0x000000070b400000|  0%| F|  |TAMS 0x000000070b200000, 0x000000070b200000| Untracked 
|  74|0x000000070b400000, 0x000000070b400000, 0x000000070b600000|  0%| F|  |TAMS 0x000000070b400000, 0x000000070b400000| Untracked 
|  75|0x000000070b600000, 0x000000070b600000, 0x000000070b800000|  0%| F|  |TAMS 0x000000070b600000, 0x000000070b600000| Untracked 
|  76|0x000000070b800000, 0x000000070b800000, 0x000000070ba00000|  0%| F|  |TAMS 0x000000070b800000, 0x000000070b800000| Untracked 
|  77|0x000000070ba00000, 0x000000070ba00000, 0x000000070bc00000|  0%| F|  |TAMS 0x000000070ba00000, 0x000000070ba00000| Untracked 
|  78|0x000000070bc00000, 0x000000070bc00000, 0x000000070be00000|  0%| F|  |TAMS 0x000000070bc00000, 0x000000070bc00000| Untracked 
|  79|0x000000070be00000, 0x000000070be00000, 0x000000070c000000|  0%| F|  |TAMS 0x000000070be00000, 0x000000070be00000| Untracked 
|  80|0x000000070c000000, 0x000000070c000000, 0x000000070c200000|  0%| F|  |TAMS 0x000000070c000000, 0x000000070c000000| Untracked 
|  81|0x000000070c200000, 0x000000070c200000, 0x000000070c400000|  0%| F|  |TAMS 0x000000070c200000, 0x000000070c200000| Untracked 
|  82|0x000000070c400000, 0x000000070c400000, 0x000000070c600000|  0%| F|  |TAMS 0x000000070c400000, 0x000000070c400000| Untracked 
|  83|0x000000070c600000, 0x000000070c606ee8, 0x000000070c800000|  1%| O|  |TAMS 0x000000070c600000, 0x000000070c600000| Untracked 
|  84|0x000000070c800000, 0x000000070c800000, 0x000000070ca00000|  0%| F|  |TAMS 0x000000070c800000, 0x000000070c800000| Untracked 
|  85|0x000000070ca00000, 0x000000070ca00000, 0x000000070cc00000|  0%| F|  |TAMS 0x000000070ca00000, 0x000000070ca00000| Untracked 
|  86|0x000000070cc00000, 0x000000070cc00000, 0x000000070ce00000|  0%| F|  |TAMS 0x000000070cc00000, 0x000000070cc00000| Untracked 
|  87|0x000000070ce00000, 0x000000070ce00000, 0x000000070d000000|  0%| F|  |TAMS 0x000000070ce00000, 0x000000070ce00000| Untracked 
|  88|0x000000070d000000, 0x000000070d000000, 0x000000070d200000|  0%| F|  |TAMS 0x000000070d000000, 0x000000070d000000| Untracked 
|  89|0x000000070d200000, 0x000000070d200000, 0x000000070d400000|  0%| F|  |TAMS 0x000000070d200000, 0x000000070d200000| Untracked 
|  90|0x000000070d400000, 0x000000070d400000, 0x000000070d600000|  0%| F|  |TAMS 0x000000070d400000, 0x000000070d400000| Untracked 
|  91|0x000000070d600000, 0x000000070d600000, 0x000000070d800000|  0%| F|  |TAMS 0x000000070d600000, 0x000000070d600000| Untracked 
|  92|0x000000070d800000, 0x000000070d9fa990, 0x000000070da00000| 98%| S|  |TAMS 0x000000070d800000, 0x000000070d800000| Complete 
|  93|0x000000070da00000, 0x000000070dc00000, 0x000000070dc00000|100%| S|  |TAMS 0x000000070da00000, 0x000000070da00000| Complete 
|  94|0x000000070dc00000, 0x000000070dcb73e0, 0x000000070de00000| 35%| O|  |TAMS 0x000000070dc00000, 0x000000070dc00000| Untracked 
|  95|0x000000070de00000, 0x000000070e000000, 0x000000070e000000|100%| S|  |TAMS 0x000000070de00000, 0x000000070de00000| Complete 
|  96|0x000000070e000000, 0x000000070e200000, 0x000000070e200000|100%| S|  |TAMS 0x000000070e000000, 0x000000070e000000| Complete 
|  97|0x000000070e200000, 0x000000070e200000, 0x000000070e400000|  0%| F|  |TAMS 0x000000070e200000, 0x000000070e200000| Untracked 
|  98|0x000000070e400000, 0x000000070e400000, 0x000000070e600000|  0%| F|  |TAMS 0x000000070e400000, 0x000000070e400000| Untracked 
|  99|0x000000070e600000, 0x000000070e600000, 0x000000070e800000|  0%| F|  |TAMS 0x000000070e600000, 0x000000070e600000| Untracked 
| 100|0x000000070e800000, 0x000000070e800000, 0x000000070ea00000|  0%| F|  |TAMS 0x000000070e800000, 0x000000070e800000| Untracked 
| 101|0x000000070ea00000, 0x000000070ea00000, 0x000000070ec00000|  0%| F|  |TAMS 0x000000070ea00000, 0x000000070ea00000| Untracked 
| 102|0x000000070ec00000, 0x000000070ec00000, 0x000000070ee00000|  0%| F|  |TAMS 0x000000070ec00000, 0x000000070ec00000| Untracked 
| 103|0x000000070ee00000, 0x000000070f000000, 0x000000070f000000|100%| S|  |TAMS 0x000000070ee00000, 0x000000070ee00000| Complete 
| 104|0x000000070f000000, 0x000000070f200000, 0x000000070f200000|100%| S|  |TAMS 0x000000070f000000, 0x000000070f000000| Complete 
| 105|0x000000070f200000, 0x000000070f400000, 0x000000070f400000|100%| S|  |TAMS 0x000000070f200000, 0x000000070f200000| Complete 
| 106|0x000000070f400000, 0x000000070f600000, 0x000000070f600000|100%| S|  |TAMS 0x000000070f400000, 0x000000070f400000| Complete 
| 107|0x000000070f600000, 0x000000070f800000, 0x000000070f800000|100%| S|  |TAMS 0x000000070f600000, 0x000000070f600000| Complete 
| 108|0x000000070f800000, 0x000000070f800000, 0x000000070fa00000|  0%| F|  |TAMS 0x000000070f800000, 0x000000070f800000| Untracked 
| 109|0x000000070fa00000, 0x000000070fa00000, 0x000000070fc00000|  0%| F|  |TAMS 0x000000070fa00000, 0x000000070fa00000| Untracked 
| 110|0x000000070fc00000, 0x000000070fc00000, 0x000000070fe00000|  0%| F|  |TAMS 0x000000070fc00000, 0x000000070fc00000| Untracked 
| 111|0x000000070fe00000, 0x000000070fe00000, 0x0000000710000000|  0%| F|  |TAMS 0x000000070fe00000, 0x000000070fe00000| Untracked 
| 112|0x0000000710000000, 0x0000000710000000, 0x0000000710200000|  0%| F|  |TAMS 0x0000000710000000, 0x0000000710000000| Untracked 
| 113|0x0000000710200000, 0x0000000710200000, 0x0000000710400000|  0%| F|  |TAMS 0x0000000710200000, 0x0000000710200000| Untracked 
| 114|0x0000000710400000, 0x0000000710400000, 0x0000000710600000|  0%| F|  |TAMS 0x0000000710400000, 0x0000000710400000| Untracked 
| 115|0x0000000710600000, 0x0000000710600000, 0x0000000710800000|  0%| F|  |TAMS 0x0000000710600000, 0x0000000710600000| Untracked 
| 116|0x0000000710800000, 0x0000000710800000, 0x0000000710a00000|  0%| F|  |TAMS 0x0000000710800000, 0x0000000710800000| Untracked 
| 117|0x0000000710a00000, 0x0000000710a00000, 0x0000000710c00000|  0%| F|  |TAMS 0x0000000710a00000, 0x0000000710a00000| Untracked 
| 118|0x0000000710c00000, 0x0000000710c00000, 0x0000000710e00000|  0%| F|  |TAMS 0x0000000710c00000, 0x0000000710c00000| Untracked 
| 119|0x0000000710e00000, 0x0000000710e00000, 0x0000000711000000|  0%| F|  |TAMS 0x0000000710e00000, 0x0000000710e00000| Untracked 
| 120|0x0000000711000000, 0x0000000711000000, 0x0000000711200000|  0%| F|  |TAMS 0x0000000711000000, 0x0000000711000000| Untracked 
| 121|0x0000000711200000, 0x0000000711200000, 0x0000000711400000|  0%| F|  |TAMS 0x0000000711200000, 0x0000000711200000| Untracked 
| 122|0x0000000711400000, 0x0000000711400000, 0x0000000711600000|  0%| F|  |TAMS 0x0000000711400000, 0x0000000711400000| Untracked 
| 123|0x0000000711600000, 0x0000000711600000, 0x0000000711800000|  0%| F|  |TAMS 0x0000000711600000, 0x0000000711600000| Untracked 
| 124|0x0000000711800000, 0x0000000711800000, 0x0000000711a00000|  0%| F|  |TAMS 0x0000000711800000, 0x0000000711800000| Untracked 
| 125|0x0000000711a00000, 0x0000000711a00000, 0x0000000711c00000|  0%| F|  |TAMS 0x0000000711a00000, 0x0000000711a00000| Untracked 
| 126|0x0000000711c00000, 0x0000000711c00000, 0x0000000711e00000|  0%| F|  |TAMS 0x0000000711c00000, 0x0000000711c00000| Untracked 
| 127|0x0000000711e00000, 0x0000000711e00000, 0x0000000712000000|  0%| F|  |TAMS 0x0000000711e00000, 0x0000000711e00000| Untracked 
| 128|0x0000000712000000, 0x0000000712000000, 0x0000000712200000|  0%| F|  |TAMS 0x0000000712000000, 0x0000000712000000| Untracked 
| 129|0x0000000712200000, 0x0000000712200000, 0x0000000712400000|  0%| F|  |TAMS 0x0000000712200000, 0x0000000712200000| Untracked 
| 130|0x0000000712400000, 0x0000000712400000, 0x0000000712600000|  0%| F|  |TAMS 0x0000000712400000, 0x0000000712400000| Untracked 
| 131|0x0000000712600000, 0x0000000712600000, 0x0000000712800000|  0%| F|  |TAMS 0x0000000712600000, 0x0000000712600000| Untracked 
| 132|0x0000000712800000, 0x0000000712800000, 0x0000000712a00000|  0%| F|  |TAMS 0x0000000712800000, 0x0000000712800000| Untracked 
| 133|0x0000000712a00000, 0x0000000712a00000, 0x0000000712c00000|  0%| F|  |TAMS 0x0000000712a00000, 0x0000000712a00000| Untracked 
| 134|0x0000000712c00000, 0x0000000712c00000, 0x0000000712e00000|  0%| F|  |TAMS 0x0000000712c00000, 0x0000000712c00000| Untracked 
| 135|0x0000000712e00000, 0x0000000712e00000, 0x0000000713000000|  0%| F|  |TAMS 0x0000000712e00000, 0x0000000712e00000| Untracked 
| 136|0x0000000713000000, 0x0000000713000000, 0x0000000713200000|  0%| F|  |TAMS 0x0000000713000000, 0x0000000713000000| Untracked 
| 137|0x0000000713200000, 0x0000000713200000, 0x0000000713400000|  0%| F|  |TAMS 0x0000000713200000, 0x0000000713200000| Untracked 
| 138|0x0000000713400000, 0x0000000713400000, 0x0000000713600000|  0%| F|  |TAMS 0x0000000713400000, 0x0000000713400000| Untracked 
| 139|0x0000000713600000, 0x0000000713600000, 0x0000000713800000|  0%| F|  |TAMS 0x0000000713600000, 0x0000000713600000| Untracked 
| 140|0x0000000713800000, 0x0000000713800000, 0x0000000713a00000|  0%| F|  |TAMS 0x0000000713800000, 0x0000000713800000| Untracked 
| 141|0x0000000713a00000, 0x0000000713a00000, 0x0000000713c00000|  0%| F|  |TAMS 0x0000000713a00000, 0x0000000713a00000| Untracked 
| 142|0x0000000713c00000, 0x0000000713c00000, 0x0000000713e00000|  0%| F|  |TAMS 0x0000000713c00000, 0x0000000713c00000| Untracked 
| 143|0x0000000713e00000, 0x0000000713e00000, 0x0000000714000000|  0%| F|  |TAMS 0x0000000713e00000, 0x0000000713e00000| Untracked 
| 144|0x0000000714000000, 0x0000000714000000, 0x0000000714200000|  0%| F|  |TAMS 0x0000000714000000, 0x0000000714000000| Untracked 
| 145|0x0000000714200000, 0x0000000714200000, 0x0000000714400000|  0%| F|  |TAMS 0x0000000714200000, 0x0000000714200000| Untracked 
| 146|0x0000000714400000, 0x0000000714400000, 0x0000000714600000|  0%| F|  |TAMS 0x0000000714400000, 0x0000000714400000| Untracked 
| 147|0x0000000714600000, 0x0000000714600000, 0x0000000714800000|  0%| F|  |TAMS 0x0000000714600000, 0x0000000714600000| Untracked 
| 148|0x0000000714800000, 0x0000000714800000, 0x0000000714a00000|  0%| F|  |TAMS 0x0000000714800000, 0x0000000714800000| Untracked 
| 149|0x0000000714a00000, 0x0000000714a00000, 0x0000000714c00000|  0%| F|  |TAMS 0x0000000714a00000, 0x0000000714a00000| Untracked 
| 150|0x0000000714c00000, 0x0000000714c00000, 0x0000000714e00000|  0%| F|  |TAMS 0x0000000714c00000, 0x0000000714c00000| Untracked 
| 151|0x0000000714e00000, 0x0000000714e00000, 0x0000000715000000|  0%| F|  |TAMS 0x0000000714e00000, 0x0000000714e00000| Untracked 
| 152|0x0000000715000000, 0x0000000715000000, 0x0000000715200000|  0%| F|  |TAMS 0x0000000715000000, 0x0000000715000000| Untracked 
| 153|0x0000000715200000, 0x0000000715200000, 0x0000000715400000|  0%| F|  |TAMS 0x0000000715200000, 0x0000000715200000| Untracked 
| 154|0x0000000715400000, 0x0000000715400000, 0x0000000715600000|  0%| F|  |TAMS 0x0000000715400000, 0x0000000715400000| Untracked 
| 155|0x0000000715600000, 0x0000000715600000, 0x0000000715800000|  0%| F|  |TAMS 0x0000000715600000, 0x0000000715600000| Untracked 
| 156|0x0000000715800000, 0x0000000715800000, 0x0000000715a00000|  0%| F|  |TAMS 0x0000000715800000, 0x0000000715800000| Untracked 
| 157|0x0000000715a00000, 0x0000000715a00000, 0x0000000715c00000|  0%| F|  |TAMS 0x0000000715a00000, 0x0000000715a00000| Untracked 
| 158|0x0000000715c00000, 0x0000000715c00000, 0x0000000715e00000|  0%| F|  |TAMS 0x0000000715c00000, 0x0000000715c00000| Untracked 
| 159|0x0000000715e00000, 0x0000000715e00000, 0x0000000716000000|  0%| F|  |TAMS 0x0000000715e00000, 0x0000000715e00000| Untracked 
| 160|0x0000000716000000, 0x0000000716000000, 0x0000000716200000|  0%| F|  |TAMS 0x0000000716000000, 0x0000000716000000| Untracked 
| 161|0x0000000716200000, 0x0000000716200000, 0x0000000716400000|  0%| F|  |TAMS 0x0000000716200000, 0x0000000716200000| Untracked 
| 162|0x0000000716400000, 0x0000000716400000, 0x0000000716600000|  0%| F|  |TAMS 0x0000000716400000, 0x0000000716400000| Untracked 
| 163|0x0000000716600000, 0x0000000716600000, 0x0000000716800000|  0%| F|  |TAMS 0x0000000716600000, 0x0000000716600000| Untracked 
| 164|0x0000000716800000, 0x0000000716800000, 0x0000000716a00000|  0%| F|  |TAMS 0x0000000716800000, 0x0000000716800000| Untracked 
| 165|0x0000000716a00000, 0x0000000716a00000, 0x0000000716c00000|  0%| F|  |TAMS 0x0000000716a00000, 0x0000000716a00000| Untracked 
| 166|0x0000000716c00000, 0x0000000716c00000, 0x0000000716e00000|  0%| F|  |TAMS 0x0000000716c00000, 0x0000000716c00000| Untracked 
| 167|0x0000000716e00000, 0x0000000716e00000, 0x0000000717000000|  0%| F|  |TAMS 0x0000000716e00000, 0x0000000716e00000| Untracked 
| 168|0x0000000717000000, 0x0000000717000000, 0x0000000717200000|  0%| F|  |TAMS 0x0000000717000000, 0x0000000717000000| Untracked 
| 169|0x0000000717200000, 0x0000000717200000, 0x0000000717400000|  0%| F|  |TAMS 0x0000000717200000, 0x0000000717200000| Untracked 
| 170|0x0000000717400000, 0x0000000717400000, 0x0000000717600000|  0%| F|  |TAMS 0x0000000717400000, 0x0000000717400000| Untracked 
| 171|0x0000000717600000, 0x0000000717600000, 0x0000000717800000|  0%| F|  |TAMS 0x0000000717600000, 0x0000000717600000| Untracked 
| 172|0x0000000717800000, 0x0000000717800000, 0x0000000717a00000|  0%| F|  |TAMS 0x0000000717800000, 0x0000000717800000| Untracked 
| 173|0x0000000717a00000, 0x0000000717a00000, 0x0000000717c00000|  0%| F|  |TAMS 0x0000000717a00000, 0x0000000717a00000| Untracked 
| 174|0x0000000717c00000, 0x0000000717c00000, 0x0000000717e00000|  0%| F|  |TAMS 0x0000000717c00000, 0x0000000717c00000| Untracked 
| 175|0x0000000717e00000, 0x0000000717e00000, 0x0000000718000000|  0%| F|  |TAMS 0x0000000717e00000, 0x0000000717e00000| Untracked 
| 176|0x0000000718000000, 0x0000000718000000, 0x0000000718200000|  0%| F|  |TAMS 0x0000000718000000, 0x0000000718000000| Untracked 
| 177|0x0000000718200000, 0x0000000718200000, 0x0000000718400000|  0%| F|  |TAMS 0x0000000718200000, 0x0000000718200000| Untracked 
| 178|0x0000000718400000, 0x0000000718400000, 0x0000000718600000|  0%| F|  |TAMS 0x0000000718400000, 0x0000000718400000| Untracked 
| 179|0x0000000718600000, 0x0000000718600000, 0x0000000718800000|  0%| F|  |TAMS 0x0000000718600000, 0x0000000718600000| Untracked 
| 180|0x0000000718800000, 0x0000000718800000, 0x0000000718a00000|  0%| F|  |TAMS 0x0000000718800000, 0x0000000718800000| Untracked 
| 181|0x0000000718a00000, 0x0000000718a00000, 0x0000000718c00000|  0%| F|  |TAMS 0x0000000718a00000, 0x0000000718a00000| Untracked 
| 182|0x0000000718c00000, 0x0000000718c00000, 0x0000000718e00000|  0%| F|  |TAMS 0x0000000718c00000, 0x0000000718c00000| Untracked 
| 183|0x0000000718e00000, 0x0000000718e00000, 0x0000000719000000|  0%| F|  |TAMS 0x0000000718e00000, 0x0000000718e00000| Untracked 
| 184|0x0000000719000000, 0x00000007190f8d58, 0x0000000719200000| 48%| E|  |TAMS 0x0000000719000000, 0x0000000719000000| Complete 
| 185|0x0000000719200000, 0x0000000719400000, 0x0000000719400000|100%| E|  |TAMS 0x0000000719200000, 0x0000000719200000| Complete 
| 186|0x0000000719400000, 0x0000000719600000, 0x0000000719600000|100%| E|  |TAMS 0x0000000719400000, 0x0000000719400000| Complete 
| 187|0x0000000719600000, 0x0000000719800000, 0x0000000719800000|100%| E|  |TAMS 0x0000000719600000, 0x0000000719600000| Complete 
| 188|0x0000000719800000, 0x0000000719a00000, 0x0000000719a00000|100%| E|  |TAMS 0x0000000719800000, 0x0000000719800000| Complete 
| 189|0x0000000719a00000, 0x0000000719c00000, 0x0000000719c00000|100%| E|  |TAMS 0x0000000719a00000, 0x0000000719a00000| Complete 
| 190|0x0000000719c00000, 0x0000000719e00000, 0x0000000719e00000|100%| E|  |TAMS 0x0000000719c00000, 0x0000000719c00000| Complete 
| 191|0x0000000719e00000, 0x000000071a000000, 0x000000071a000000|100%| E|  |TAMS 0x0000000719e00000, 0x0000000719e00000| Complete 
| 192|0x000000071a000000, 0x000000071a00aed0, 0x000000071a200000|  2%| O|  |TAMS 0x000000071a000000, 0x000000071a000000| Untracked 
| 193|0x000000071a200000, 0x000000071a400000, 0x000000071a400000|100%| E|  |TAMS 0x000000071a200000, 0x000000071a200000| Complete 
| 194|0x000000071a400000, 0x000000071a600000, 0x000000071a600000|100%| E|  |TAMS 0x000000071a400000, 0x000000071a400000| Complete 
| 195|0x000000071a600000, 0x000000071a800000, 0x000000071a800000|100%| E|  |TAMS 0x000000071a600000, 0x000000071a600000| Complete 
| 196|0x000000071a800000, 0x000000071aa00000, 0x000000071aa00000|100%| E|  |TAMS 0x000000071a800000, 0x000000071a800000| Complete 
| 197|0x000000071aa00000, 0x000000071ac00000, 0x000000071ac00000|100%| E|  |TAMS 0x000000071aa00000, 0x000000071aa00000| Complete 
| 198|0x000000071ac00000, 0x000000071ae00000, 0x000000071ae00000|100%| E|  |TAMS 0x000000071ac00000, 0x000000071ac00000| Complete 
| 199|0x000000071ae00000, 0x000000071b000000, 0x000000071b000000|100%| E|  |TAMS 0x000000071ae00000, 0x000000071ae00000| Complete 
| 200|0x000000071b000000, 0x000000071b200000, 0x000000071b200000|100%| E|  |TAMS 0x000000071b000000, 0x000000071b000000| Complete 
| 201|0x000000071b200000, 0x000000071b400000, 0x000000071b400000|100%| E|  |TAMS 0x000000071b200000, 0x000000071b200000| Complete 
| 202|0x000000071b400000, 0x000000071b600000, 0x000000071b600000|100%| E|  |TAMS 0x000000071b400000, 0x000000071b400000| Complete 
| 203|0x000000071b600000, 0x000000071b800000, 0x000000071b800000|100%| E|  |TAMS 0x000000071b600000, 0x000000071b600000| Complete 
| 204|0x000000071b800000, 0x000000071ba00000, 0x000000071ba00000|100%| E|  |TAMS 0x000000071b800000, 0x000000071b800000| Complete 
| 205|0x000000071ba00000, 0x000000071bc00000, 0x000000071bc00000|100%| E|  |TAMS 0x000000071ba00000, 0x000000071ba00000| Complete 
| 206|0x000000071bc00000, 0x000000071be00000, 0x000000071be00000|100%| E|  |TAMS 0x000000071bc00000, 0x000000071bc00000| Complete 
| 207|0x000000071be00000, 0x000000071c000000, 0x000000071c000000|100%| E|  |TAMS 0x000000071be00000, 0x000000071be00000| Complete 

Card table byte_map: [0x000001eacc3a0000,0x000001eaccb90000] _byte_map_base: 0x000001eac8b90000

Marking Bits (Prev, Next): (CMBitMap*) 0x000001eac54703b0, (CMBitMap*) 0x000001eac54703f0
 Prev Bits: [0x000001eacd380000, 0x000001ead1300000)
 Next Bits: [0x000001ead1300000, 0x000001ead5280000)

Polling page: 0x000001eac33e0000

Metaspace:

Usage:
  Non-class:     99.15 MB used.
      Class:     14.80 MB used.
       Both:    113.95 MB used.

Virtual space:
  Non-class space:      128.00 MB reserved,     100.00 MB ( 78%) committed,  2 nodes.
      Class space:        1.00 GB reserved,      15.56 MB (  2%) committed,  1 nodes.
             Both:        1.12 GB reserved,     115.56 MB ( 10%) committed. 

Chunk freelists:
   Non-Class:  11.62 MB
       Class:  510.00 KB
        Both:  12.12 MB

MaxMetaspaceSize: unlimited
CompressedClassSpaceSize: 1.00 GB
Initial GC threshold: 21.00 MB
Current GC threshold: 190.44 MB
CDS: off
MetaspaceReclaimPolicy: balanced
 - commit_granule_bytes: 65536.
 - commit_granule_words: 8192.
 - virtual_space_node_default_size: 8388608.
 - enlarge_chunks_in_place: 1.
 - new_chunks_are_fully_committed: 0.
 - uncommit_free_chunks: 1.
 - use_allocation_guard: 0.
 - handle_deallocations: 1.


Internal statistics:

num_allocs_failed_limit: 11.
num_arena_births: 2586.
num_arena_deaths: 356.
num_vsnodes_births: 3.
num_vsnodes_deaths: 0.
num_space_committed: 1849.
num_space_uncommitted: 0.
num_chunks_returned_to_freelist: 416.
num_chunks_taken_from_freelist: 7371.
num_chunk_merges: 151.
num_chunk_splits: 4740.
num_chunks_enlarged: 3020.
num_inconsistent_stats: 0.

CodeCache: size=49152Kb used=33070Kb max_used=34639Kb free=16081Kb
 bounds [0x000001eac8aa0000, 0x000001eacac80000, 0x000001eacbaa0000]
 total_blobs=19698 nmethods=18976 adapters=648
 compilation: enabled
              stopped_count=0, restarted_count=0
 full_count=0

Compilation events (20 events):
Event: 827.012 Thread 0x000001eadfdb52c0 nmethod 19040 0x000001eacab3c990 code [0x000001eacab3cb20, 0x000001eacab3cd18]
Event: 827.013 Thread 0x000001eadfdb2f50 nmethod 19042 0x000001eacab3bb10 code [0x000001eacab3bd40, 0x000001eacab3c4a8]
Event: 827.013 Thread 0x000001eadc0b7d50 19043       1       org.modelmapper.internal.MappingEngineImpl::converterFor (78 bytes)
Event: 827.013 Thread 0x000001eadfdb2f50 19044       1       org.springframework.aop.framework.AdvisedSupport$MethodCacheKey::hashCode (5 bytes)
Event: 827.013 Thread 0x000001eadfdb2f50 nmethod 19044 0x000001eacab3b810 code [0x000001eacab3b9a0, 0x000001eacab3ba78]
Event: 827.013 Thread 0x000001eadc0b7d50 nmethod 19043 0x000001eacab3ae90 code [0x000001eacab3b080, 0x000001eacab3b598]
Event: 827.016 Thread 0x000001eadc0b7d50 19045       1       org.springframework.security.web.header.Header::getValues (5 bytes)
Event: 827.017 Thread 0x000001eadc0b7d50 nmethod 19045 0x000001eacab3ab90 code [0x000001eacab3ad20, 0x000001eacab3adf8]
Event: 827.021 Thread 0x000001eadfdb2f50 19046       1       org.springframework.security.core.context.ThreadLocalSecurityContextHolderStrategy::createEmptyContext (8 bytes)
Event: 827.021 Thread 0x000001eadfdb2f50 nmethod 19046 0x000001eacab3a810 code [0x000001eacab3a9a0, 0x000001eacab3aab8]
Event: 827.022 Thread 0x000001eadc0b7d50 19047       1       org.apache.coyote.AbstractProcessor::isAsync (8 bytes)
Event: 827.022 Thread 0x000001eadfdb2f50 19048       1       org.apache.coyote.AsyncStateMachine::isAsync (8 bytes)
Event: 827.022 Thread 0x000001eadfdb2f50 nmethod 19048 0x000001eacab3a510 code [0x000001eacab3a6a0, 0x000001eacab3a778]
Event: 827.022 Thread 0x000001eadc0b7d50 nmethod 19047 0x000001eacab3a190 code [0x000001eacab3a320, 0x000001eacab3a418]
Event: 857.546 Thread 0x000001eadc0b7d50 19049       1       org.hibernate.internal.SessionFactoryImpl$$Lambda$2107/0x0000000800c4e7e0::accept (16 bytes)
Event: 857.546 Thread 0x000001eadc0b7d50 nmethod 19049 0x000001eacab39d90 code [0x000001eacab39f20, 0x000001eacab3a088]
Event: 857.546 Thread 0x000001eadc0b7d50 19050       1       org.hibernate.internal.SessionFactoryImpl::lambda$close$2 (45 bytes)
Event: 857.546 Thread 0x000001eadc0b7d50 nmethod 19050 0x000001eacab39810 code [0x000001eacab399c0, 0x000001eacab39c18]
Event: 857.549 Thread 0x000001eadc0b7d50 19051       1       sun.security.ssl.BaseSSLSocketImpl::isInputShutdown (21 bytes)
Event: 857.549 Thread 0x000001eadc0b7d50 nmethod 19051 0x000001eacab39490 code [0x000001eacab39640, 0x000001eacab39768]

GC Heap History (20 events):
Event: 778.536 GC heap after
{Heap after GC invocations=96 (full 16):
 garbage-first heap   total 425984K, used 136394K [0x0000000702000000, 0x0000000800000000)
  region size 2048K, 3 young (6144K), 3 survivors (6144K)
 Metaspace       used 112849K, committed 114368K, reserved 1179648K
  class space    used 14801K, committed 15488K, reserved 1048576K
}
Event: 791.934 GC heap before
{Heap before GC invocations=96 (full 16):
 garbage-first heap   total 425984K, used 144586K [0x0000000702000000, 0x0000000800000000)
  region size 2048K, 8 young (16384K), 3 survivors (6144K)
 Metaspace       used 112852K, committed 114432K, reserved 1179648K
  class space    used 14802K, committed 15552K, reserved 1048576K
}
Event: 792.035 GC heap after
{Heap after GC invocations=97 (full 17):
 garbage-first heap   total 425984K, used 125964K [0x0000000702000000, 0x0000000800000000)
  region size 2048K, 0 young (0K), 0 survivors (0K)
 Metaspace       used 112852K, committed 114432K, reserved 1179648K
  class space    used 14802K, committed 15552K, reserved 1048576K
}
Event: 793.042 GC heap before
{Heap before GC invocations=97 (full 17):
 garbage-first heap   total 425984K, used 341004K [0x0000000702000000, 0x0000000800000000)
  region size 2048K, 105 young (215040K), 0 survivors (0K)
 Metaspace       used 114114K, committed 115648K, reserved 1179648K
  class space    used 14915K, committed 15616K, reserved 1048576K
}
Event: 793.048 GC heap after
{Heap after GC invocations=98 (full 17):
 garbage-first heap   total 425984K, used 136680K [0x0000000702000000, 0x0000000800000000)
  region size 2048K, 6 young (12288K), 6 survivors (12288K)
 Metaspace       used 114114K, committed 115648K, reserved 1179648K
  class space    used 14915K, committed 15616K, reserved 1048576K
}
Event: 793.417 GC heap before
{Heap before GC invocations=98 (full 17):
 garbage-first heap   total 425984K, used 337384K [0x0000000702000000, 0x0000000800000000)
  region size 2048K, 105 young (215040K), 6 survivors (12288K)
 Metaspace       used 114114K, committed 115648K, reserved 1179648K
  class space    used 14915K, committed 15616K, reserved 1048576K
}
Event: 793.424 GC heap after
{Heap after GC invocations=99 (full 17):
 garbage-first heap   total 425984K, used 144211K [0x0000000702000000, 0x0000000800000000)
  region size 2048K, 9 young (18432K), 9 survivors (18432K)
 Metaspace       used 114114K, committed 115648K, reserved 1179648K
  class space    used 14915K, committed 15616K, reserved 1048576K
}
Event: 805.864 GC heap before
{Heap before GC invocations=99 (full 17):
 garbage-first heap   total 425984K, used 183123K [0x0000000702000000, 0x0000000800000000)
  region size 2048K, 29 young (59392K), 9 survivors (18432K)
 Metaspace       used 114126K, committed 115712K, reserved 1179648K
  class space    used 14917K, committed 15680K, reserved 1048576K
}
Event: 805.970 GC heap after
{Heap after GC invocations=100 (full 18):
 garbage-first heap   total 425984K, used 128968K [0x0000000702000000, 0x0000000800000000)
  region size 2048K, 0 young (0K), 0 survivors (0K)
 Metaspace       used 114126K, committed 115712K, reserved 1179648K
  class space    used 14917K, committed 15680K, reserved 1048576K
}
Event: 806.972 GC heap before
{Heap before GC invocations=100 (full 18):
 garbage-first heap   total 425984K, used 337864K [0x0000000702000000, 0x0000000800000000)
  region size 2048K, 102 young (208896K), 0 survivors (0K)
 Metaspace       used 115389K, committed 116928K, reserved 1179648K
  class space    used 15031K, committed 15744K, reserved 1048576K
}
Event: 806.979 GC heap after
{Heap after GC invocations=101 (full 18):
 garbage-first heap   total 425984K, used 141149K [0x0000000702000000, 0x0000000800000000)
  region size 2048K, 6 young (12288K), 6 survivors (12288K)
 Metaspace       used 115389K, committed 116928K, reserved 1179648K
  class space    used 15031K, committed 15744K, reserved 1048576K
}
Event: 807.310 GC heap before
{Heap before GC invocations=101 (full 18):
 garbage-first heap   total 425984K, used 339805K [0x0000000702000000, 0x0000000800000000)
  region size 2048K, 104 young (212992K), 6 survivors (12288K)
 Metaspace       used 115389K, committed 116928K, reserved 1179648K
  class space    used 15031K, committed 15744K, reserved 1048576K
}
Event: 807.317 GC heap after
{Heap after GC invocations=102 (full 18):
 garbage-first heap   total 425984K, used 147400K [0x0000000702000000, 0x0000000800000000)
  region size 2048K, 9 young (18432K), 9 survivors (18432K)
 Metaspace       used 115389K, committed 116928K, reserved 1179648K
  class space    used 15031K, committed 15744K, reserved 1048576K
}
Event: 822.925 GC heap before
{Heap before GC invocations=102 (full 18):
 garbage-first heap   total 425984K, used 192456K [0x0000000702000000, 0x0000000800000000)
  region size 2048K, 32 young (65536K), 9 survivors (18432K)
 Metaspace       used 115399K, committed 116992K, reserved 1179648K
  class space    used 15033K, committed 15808K, reserved 1048576K
}
Event: 823.028 GC heap after
{Heap after GC invocations=103 (full 19):
 garbage-first heap   total 425984K, used 132658K [0x0000000702000000, 0x0000000800000000)
  region size 2048K, 0 young (0K), 0 survivors (0K)
 Metaspace       used 115399K, committed 116992K, reserved 1179648K
  class space    used 15033K, committed 15808K, reserved 1048576K
}
Event: 824.242 GC heap before
{Heap before GC invocations=103 (full 19):
 garbage-first heap   total 425984K, used 345650K [0x0000000702000000, 0x0000000800000000)
  region size 2048K, 104 young (212992K), 0 survivors (0K)
 Metaspace       used 116662K, committed 118208K, reserved 1179648K
  class space    used 15148K, committed 15872K, reserved 1048576K
}
Event: 824.249 GC heap after
{Heap after GC invocations=104 (full 19):
 garbage-first heap   total 425984K, used 144445K [0x0000000702000000, 0x0000000800000000)
  region size 2048K, 6 young (12288K), 6 survivors (12288K)
 Metaspace       used 116662K, committed 118208K, reserved 1179648K
  class space    used 15148K, committed 15872K, reserved 1048576K
}
Event: 824.613 GC heap before
{Heap before GC invocations=104 (full 19):
 garbage-first heap   total 425984K, used 345149K [0x0000000702000000, 0x0000000800000000)
  region size 2048K, 105 young (215040K), 6 survivors (12288K)
 Metaspace       used 116662K, committed 118208K, reserved 1179648K
  class space    used 15148K, committed 15872K, reserved 1048576K
}
Event: 824.621 GC heap after
{Heap after GC invocations=105 (full 19):
 garbage-first heap   total 425984K, used 151068K [0x0000000702000000, 0x0000000800000000)
  region size 2048K, 9 young (18432K), 9 survivors (18432K)
 Metaspace       used 116662K, committed 118208K, reserved 1179648K
  class space    used 15148K, committed 15872K, reserved 1048576K
}
Event: 857.552 GC heap before
{Heap before GC invocations=105 (full 19):
 garbage-first heap   total 425984K, used 196124K [0x0000000702000000, 0x0000000800000000)
  region size 2048K, 32 young (65536K), 9 survivors (18432K)
 Metaspace       used 116682K, committed 118336K, reserved 1179648K
  class space    used 15150K, committed 15936K, reserved 1048576K
}

Dll operation events (9 events):
Event: 0.008 Loaded shared library C:\sts-4.19.0.RELEASE\plugins\org.eclipse.justj.openjdk.hotspot.jre.full.win32.x86_64_17.0.7.v20230425-1502\jre\bin\java.dll
Event: 0.166 Loaded shared library C:\sts-4.19.0.RELEASE\plugins\org.eclipse.justj.openjdk.hotspot.jre.full.win32.x86_64_17.0.7.v20230425-1502\jre\bin\jimage.dll
Event: 0.180 Loaded shared library C:\sts-4.19.0.RELEASE\plugins\org.eclipse.justj.openjdk.hotspot.jre.full.win32.x86_64_17.0.7.v20230425-1502\jre\bin\net.dll
Event: 0.181 Loaded shared library C:\sts-4.19.0.RELEASE\plugins\org.eclipse.justj.openjdk.hotspot.jre.full.win32.x86_64_17.0.7.v20230425-1502\jre\bin\nio.dll
Event: 0.184 Loaded shared library C:\sts-4.19.0.RELEASE\plugins\org.eclipse.justj.openjdk.hotspot.jre.full.win32.x86_64_17.0.7.v20230425-1502\jre\bin\zip.dll
Event: 0.255 Loaded shared library C:\sts-4.19.0.RELEASE\plugins\org.eclipse.justj.openjdk.hotspot.jre.full.win32.x86_64_17.0.7.v20230425-1502\jre\bin\management.dll
Event: 0.266 Loaded shared library C:\sts-4.19.0.RELEASE\plugins\org.eclipse.justj.openjdk.hotspot.jre.full.win32.x86_64_17.0.7.v20230425-1502\jre\bin\management_ext.dll
Event: 2.784 Loaded shared library C:\sts-4.19.0.RELEASE\plugins\org.eclipse.justj.openjdk.hotspot.jre.full.win32.x86_64_17.0.7.v20230425-1502\jre\bin\sunmscapi.dll
Event: 3.668 Loaded shared library C:\sts-4.19.0.RELEASE\plugins\org.eclipse.justj.openjdk.hotspot.jre.full.win32.x86_64_17.0.7.v20230425-1502\jre\bin\verify.dll

Deoptimization events (20 events):
Event: 1.179 Thread 0x000001eadd1e3240 DEOPT PACKING pc=0x000001eac90675f9 sp=0x00000078ab9fcd10
Event: 1.179 Thread 0x000001eadd1e3240 DEOPT UNPACKING pc=0x000001eac8af7143 sp=0x00000078ab9fc1f0 mode 3
Event: 1.313 Thread 0x000001eadd1e3240 DEOPT PACKING pc=0x000001eac90bc38c sp=0x00000078ab9fdb00
Event: 1.313 Thread 0x000001eadd1e3240 DEOPT UNPACKING pc=0x000001eac8af7143 sp=0x00000078ab9fd130 mode 0
Event: 2.370 Thread 0x000001eadd1e3240 DEOPT PACKING pc=0x000001eac935ba79 sp=0x00000078ab9fc650
Event: 2.370 Thread 0x000001eadd1e3240 DEOPT UNPACKING pc=0x000001eac8af7143 sp=0x00000078ab9fbb30 mode 3
Event: 2.713 Thread 0x000001eadd1e3240 DEOPT PACKING pc=0x000001eac93d2aa5 sp=0x00000078ab9fcce0
Event: 2.713 Thread 0x000001eadd1e3240 DEOPT UNPACKING pc=0x000001eac8af7143 sp=0x00000078ab9fc248 mode 3
Event: 5.137 Thread 0x000001eadd1e3240 DEOPT PACKING pc=0x000001eac90ef652 sp=0x00000078ab9fc570
Event: 5.137 Thread 0x000001eadd1e3240 DEOPT UNPACKING pc=0x000001eac8af7143 sp=0x00000078ab9fba78 mode 3
Event: 5.138 Thread 0x000001eadd1e3240 DEOPT PACKING pc=0x000001eac908bd55 sp=0x00000078ab9fc530
Event: 5.138 Thread 0x000001eadd1e3240 DEOPT UNPACKING pc=0x000001eac8af7143 sp=0x00000078ab9fba78 mode 3
Event: 5.226 Thread 0x000001eadd1e3240 DEOPT PACKING pc=0x000001eac9085cd4 sp=0x00000078ab9fc9c0
Event: 5.226 Thread 0x000001eadd1e3240 DEOPT UNPACKING pc=0x000001eac8af7143 sp=0x00000078ab9fbf18 mode 0
Event: 6.413 Thread 0x000001eadd1e3240 DEOPT PACKING pc=0x000001eac98f6e13 sp=0x00000078ab9fa5c0
Event: 6.413 Thread 0x000001eadd1e3240 DEOPT UNPACKING pc=0x000001eac8af7143 sp=0x00000078ab9f9b08 mode 3
Event: 213.333 Thread 0x000001eadf4c3a10 DEOPT PACKING pc=0x000001eac8cd244b sp=0x00000078a91fdac0
Event: 213.333 Thread 0x000001eadf4c3a10 DEOPT UNPACKING pc=0x000001eac8af7143 sp=0x00000078a91fcf88 mode 3
Event: 225.260 Thread 0x000001eadd1e6730 DEOPT PACKING pc=0x000001eac8d736c3 sp=0x00000078a91fd9e0
Event: 225.260 Thread 0x000001eadd1e6730 DEOPT UNPACKING pc=0x000001eac8af7143 sp=0x00000078a91fcea8 mode 3

Classes unloaded (20 events):
Event: 213.364 Thread 0x000001eadc043a10 Unloading class 0x00000008000c5000 'java/lang/invoke/LambdaForm$MH+0x00000008000c5000'
Event: 213.364 Thread 0x000001eadc043a10 Unloading class 0x00000008000c4c00 'java/lang/invoke/LambdaForm$MH+0x00000008000c4c00'
Event: 213.364 Thread 0x000001eadc043a10 Unloading class 0x00000008000c3c00 'java/lang/invoke/LambdaForm$MH+0x00000008000c3c00'
Event: 213.364 Thread 0x000001eadc043a10 Unloading class 0x00000008000c3800 'java/lang/invoke/LambdaForm$MH+0x00000008000c3800'
Event: 213.364 Thread 0x000001eadc043a10 Unloading class 0x00000008000c3000 'java/lang/invoke/LambdaForm$MH+0x00000008000c3000'
Event: 213.364 Thread 0x000001eadc043a10 Unloading class 0x00000008000c2400 'java/lang/invoke/LambdaForm$MH+0x00000008000c2400'
Event: 213.364 Thread 0x000001eadc043a10 Unloading class 0x00000008000c1c00 'java/lang/invoke/LambdaForm$MH+0x00000008000c1c00'
Event: 213.364 Thread 0x000001eadc043a10 Unloading class 0x00000008000c1400 'java/lang/invoke/LambdaForm$MH+0x00000008000c1400'
Event: 213.364 Thread 0x000001eadc043a10 Unloading class 0x00000008000c0c00 'java/lang/invoke/LambdaForm$MH+0x00000008000c0c00'
Event: 434.703 Thread 0x000001eadc043a10 Unloading class 0x00000008004bb000 'java/lang/invoke/LambdaForm$MH+0x00000008004bb000'
Event: 434.703 Thread 0x000001eadc043a10 Unloading class 0x00000008004bd400 'java/lang/invoke/LambdaForm$MH+0x00000008004bd400'
Event: 434.703 Thread 0x000001eadc043a10 Unloading class 0x00000008004bd800 'java/lang/invoke/LambdaForm$MH+0x00000008004bd800'
Event: 434.703 Thread 0x000001eadc043a10 Unloading class 0x00000008004c6400 'java/lang/invoke/LambdaForm$MH+0x00000008004c6400'
Event: 434.703 Thread 0x000001eadc043a10 Unloading class 0x0000000800511000 'java/lang/invoke/LambdaForm$MH+0x0000000800511000'
Event: 434.703 Thread 0x000001eadc043a10 Unloading class 0x000000080055c400 'java/lang/invoke/LambdaForm$MH+0x000000080055c400'
Event: 434.703 Thread 0x000001eadc043a10 Unloading class 0x0000000800561800 'java/lang/invoke/LambdaForm$MH+0x0000000800561800'
Event: 434.703 Thread 0x000001eadc043a10 Unloading class 0x00000008008f8c00 'java/lang/invoke/LambdaForm$MH+0x00000008008f8c00'
Event: 496.271 Thread 0x000001eadc043a10 Unloading class 0x0000000800d02000 'jdk/internal/reflect/GeneratedSerializationConstructorAccessor22'
Event: 496.271 Thread 0x000001eadc043a10 Unloading class 0x0000000800d01c00 'jdk/internal/reflect/GeneratedSerializationConstructorAccessor21'
Event: 496.271 Thread 0x000001eadc043a10 Unloading class 0x0000000800d01800 'jdk/internal/reflect/GeneratedSerializationConstructorAccessor20'

Classes redefined (0 events):
No events

Internal exceptions (20 events):
Event: 824.538 Thread 0x000001eadf2296f0 Exception <a 'sun/nio/fs/WindowsException'{0x0000000711d64258}> (0x0000000711d64258) 
thrown [s\src\hotspot\share\prims\jni.cpp, line 516]
Event: 824.538 Thread 0x000001eadf2296f0 Exception <a 'sun/nio/fs/WindowsException'{0x0000000711d644f8}> (0x0000000711d644f8) 
thrown [s\src\hotspot\share\prims\jni.cpp, line 516]
Event: 824.538 Thread 0x000001eadf2296f0 Exception <a 'sun/nio/fs/WindowsException'{0x0000000711d64e00}> (0x0000000711d64e00) 
thrown [s\src\hotspot\share\prims\jni.cpp, line 516]
Event: 824.538 Thread 0x000001eadf2296f0 Exception <a 'sun/nio/fs/WindowsException'{0x0000000711d650c0}> (0x0000000711d650c0) 
thrown [s\src\hotspot\share\prims\jni.cpp, line 516]
Event: 824.539 Thread 0x000001eadf2296f0 Exception <a 'sun/nio/fs/WindowsException'{0x0000000711d659d8}> (0x0000000711d659d8) 
thrown [s\src\hotspot\share\prims\jni.cpp, line 516]
Event: 824.539 Thread 0x000001eadf2296f0 Exception <a 'sun/nio/fs/WindowsException'{0x0000000711d65ca8}> (0x0000000711d65ca8) 
thrown [s\src\hotspot\share\prims\jni.cpp, line 516]
Event: 824.539 Thread 0x000001eadf2296f0 Exception <a 'sun/nio/fs/WindowsException'{0x0000000711d665b8}> (0x0000000711d665b8) 
thrown [s\src\hotspot\share\prims\jni.cpp, line 516]
Event: 824.539 Thread 0x000001eadf2296f0 Exception <a 'sun/nio/fs/WindowsException'{0x0000000711d66888}> (0x0000000711d66888) 
thrown [s\src\hotspot\share\prims\jni.cpp, line 516]
Event: 827.016 Thread 0x000001eadf229bc0 Exception <a 'java/lang/reflect/InvocationTargetException'{0x00000007199ef290}> (0x00000007199ef290) 
thrown [s\src\hotspot\share\runtime\reflection.cpp, line 1121]
Event: 857.542 Thread 0x000001eadf22b8a0 Exception <a 'java/lang/InterruptedException'{0x00000007193d5c30}: sleep interrupted> (0x00000007193d5c30) 
thrown [s\src\hotspot\share\prims\jvm.cpp, line 3070]
Event: 857.548 Thread 0x000001eadf227540 Exception <a 'java/io/IOException'{0x00000007190a7a18}> (0x00000007190a7a18) 
thrown [s\src\hotspot\share\prims\jni.cpp, line 516]
Event: 857.548 Thread 0x000001eadf227540 Exception <a 'java/io/IOException'{0x00000007190aa7b8}> (0x00000007190aa7b8) 
thrown [s\src\hotspot\share\prims\jni.cpp, line 516]
Event: 857.549 Thread 0x000001eadf227540 Exception <a 'java/io/IOException'{0x00000007190ad558}> (0x00000007190ad558) 
thrown [s\src\hotspot\share\prims\jni.cpp, line 516]
Event: 857.549 Thread 0x000001eadf227540 Exception <a 'java/io/IOException'{0x00000007190b02f8}> (0x00000007190b02f8) 
thrown [s\src\hotspot\share\prims\jni.cpp, line 516]
Event: 857.549 Thread 0x000001eadf227540 Exception <a 'java/io/IOException'{0x00000007190b3098}> (0x00000007190b3098) 
thrown [s\src\hotspot\share\prims\jni.cpp, line 516]
Event: 857.550 Thread 0x000001eadf227540 Exception <a 'java/io/IOException'{0x00000007190b5e38}> (0x00000007190b5e38) 
thrown [s\src\hotspot\share\prims\jni.cpp, line 516]
Event: 857.550 Thread 0x000001eadf227540 Exception <a 'java/io/IOException'{0x00000007190b8bd8}> (0x00000007190b8bd8) 
thrown [s\src\hotspot\share\prims\jni.cpp, line 516]
Event: 857.550 Thread 0x000001eadf227540 Exception <a 'java/io/IOException'{0x00000007190bb450}> (0x00000007190bb450) 
thrown [s\src\hotspot\share\prims\jni.cpp, line 516]
Event: 857.550 Thread 0x000001eadf227540 Exception <a 'java/io/IOException'{0x00000007190bbf90}> (0x00000007190bbf90) 
thrown [s\src\hotspot\share\prims\jni.cpp, line 516]
Event: 857.551 Thread 0x000001eadf227540 Exception <a 'java/io/IOException'{0x00000007190bed30}> (0x00000007190bed30) 
thrown [s\src\hotspot\share\prims\jni.cpp, line 516]

VM Operations (20 events):
Event: 805.970 Executing VM operation: G1CollectFull done
Event: 806.972 Executing VM operation: G1CollectForAllocation
Event: 806.979 Executing VM operation: G1CollectForAllocation done
Event: 807.310 Executing VM operation: G1CollectForAllocation
Event: 807.317 Executing VM operation: G1CollectForAllocation done
Event: 808.322 Executing VM operation: Cleanup
Event: 808.322 Executing VM operation: Cleanup done
Event: 822.925 Executing VM operation: G1CollectFull
Event: 823.028 Executing VM operation: G1CollectFull done
Event: 824.041 Executing VM operation: Cleanup
Event: 824.041 Executing VM operation: Cleanup done
Event: 824.242 Executing VM operation: G1CollectForAllocation
Event: 824.249 Executing VM operation: G1CollectForAllocation done
Event: 824.613 Executing VM operation: G1CollectForAllocation
Event: 824.621 Executing VM operation: G1CollectForAllocation done
Event: 825.632 Executing VM operation: Cleanup
Event: 825.632 Executing VM operation: Cleanup done
Event: 827.657 Executing VM operation: Cleanup
Event: 827.657 Executing VM operation: Cleanup done
Event: 857.551 Executing VM operation: G1CollectFull

Events (20 events):
Event: 857.516 Thread 0x000001eadf22c710 Thread added: 0x000001eadf22c710
Event: 857.516 Thread 0x000001eadf2283b0 Thread exited: 0x000001eadf2283b0
Event: 857.539 Thread 0x000001eadf22cbe0 Thread exited: 0x000001eadf22cbe0
Event: 857.541 Thread 0x000001eadf2296f0 Thread exited: 0x000001eadf2296f0
Event: 857.542 Thread 0x000001eadf22d580 Thread exited: 0x000001eadf22d580
Event: 857.542 Thread 0x000001eadf228880 Thread exited: 0x000001eadf228880
Event: 857.542 Thread 0x000001eadf22c240 Thread exited: 0x000001eadf22c240
Event: 857.542 Thread 0x000001eadf227540 Thread exited: 0x000001eadf227540
Event: 857.542 Thread 0x000001eadf22a560 Thread exited: 0x000001eadf22a560
Event: 857.542 Thread 0x000001eadf22a090 Thread exited: 0x000001eadf22a090
Event: 857.542 Thread 0x000001eadf229bc0 Thread exited: 0x000001eadf229bc0
Event: 857.542 Thread 0x000001eadf228d50 Thread exited: 0x000001eadf228d50
Event: 857.542 Thread 0x000001eadf227a10 Thread exited: 0x000001eadf227a10
Event: 857.542 Thread 0x000001eadf22df20 Thread exited: 0x000001eadf22df20
Event: 857.542 Thread 0x000001eadf22b3d0 Thread exited: 0x000001eadf22b3d0
Event: 857.542 Thread 0x000001eadf22d0b0 Thread exited: 0x000001eadf22d0b0
Event: 857.542 Thread 0x000001eadf22b8a0 Thread exited: 0x000001eadf22b8a0
Event: 857.547 Thread 0x000001eadf227540 Thread added: 0x000001eadf227540
Event: 857.547 Thread 0x000001eadf22da50 Thread exited: 0x000001eadf22da50
Event: 857.551 Thread 0x000001eadf227540 Thread exited: 0x000001eadf227540


Dynamic libraries:
0x00007ff671560000 - 0x00007ff67156e000 	C:\sts-4.19.0.RELEASE\plugins\org.eclipse.justj.openjdk.hotspot.jre.full.win32.x86_64_17.0.7.v20230425-1502\jre\bin\javaw.exe
0x00007fff1e030000 - 0x00007fff1e244000 	C:\Windows\SYSTEM32\ntdll.dll
0x00007ffef6dc0000 - 0x00007ffef6dd9000 	C:\Program Files\Avast Software\Avast\aswhook.dll
0x00007fff1d370000 - 0x00007fff1d434000 	C:\Windows\System32\KERNEL32.DLL
0x00007fff1b730000 - 0x00007fff1bad4000 	C:\Windows\System32\KERNELBASE.dll
0x00007fff1bb80000 - 0x00007fff1bc91000 	C:\Windows\System32\ucrtbase.dll
0x00007ffef2830000 - 0x00007ffef2847000 	C:\sts-4.19.0.RELEASE\plugins\org.eclipse.justj.openjdk.hotspot.jre.full.win32.x86_64_17.0.7.v20230425-1502\jre\bin\jli.dll
0x00007fff000d0000 - 0x00007fff000e9000 	C:\sts-4.19.0.RELEASE\plugins\org.eclipse.justj.openjdk.hotspot.jre.full.win32.x86_64_17.0.7.v20230425-1502\jre\bin\VCRUNTIME140.dll
0x00007fff1ce30000 - 0x00007fff1cfde000 	C:\Windows\System32\USER32.dll
0x00007fff1bae0000 - 0x00007fff1bb06000 	C:\Windows\System32\win32u.dll
0x00007fff1a5e0000 - 0x00007fff1a873000 	C:\Windows\WinSxS\amd64_microsoft.windows.common-controls_6595b64144ccf1df_6.0.22621.2215_none_270d72677387dfc3\COMCTL32.dll
0x00007fff1caf0000 - 0x00007fff1cb19000 	C:\Windows\System32\GDI32.dll
0x00007fff1cc20000 - 0x00007fff1ccc7000 	C:\Windows\System32\msvcrt.dll
0x00007fff1bca0000 - 0x00007fff1bdb8000 	C:\Windows\System32\gdi32full.dll
0x00007fff1b4a0000 - 0x00007fff1b53a000 	C:\Windows\System32\msvcp_win.dll
0x00007fff1c630000 - 0x00007fff1c661000 	C:\Windows\System32\IMM32.DLL
0x00007fff000c0000 - 0x00007fff000cc000 	C:\sts-4.19.0.RELEASE\plugins\org.eclipse.justj.openjdk.hotspot.jre.full.win32.x86_64_17.0.7.v20230425-1502\jre\bin\vcruntime140_1.dll
0x00007ffeb3540000 - 0x00007ffeb35d1000 	C:\sts-4.19.0.RELEASE\plugins\org.eclipse.justj.openjdk.hotspot.jre.full.win32.x86_64_17.0.7.v20230425-1502\jre\bin\msvcp140.dll
0x00007ffeb2150000 - 0x00007ffeb2d98000 	C:\sts-4.19.0.RELEASE\plugins\org.eclipse.justj.openjdk.hotspot.jre.full.win32.x86_64_17.0.7.v20230425-1502\jre\bin\server\jvm.dll
0x00007fff1bdf0000 - 0x00007fff1bea0000 	C:\Windows\System32\ADVAPI32.dll
0x00007fff1c250000 - 0x00007fff1c2f6000 	C:\Windows\System32\sechost.dll
0x00007fff1d1f0000 - 0x00007fff1d307000 	C:\Windows\System32\RPCRT4.dll
0x00007ffefced0000 - 0x00007ffefced9000 	C:\Windows\SYSTEM32\WSOCK32.dll
0x00007fff12ce0000 - 0x00007fff12d14000 	C:\Windows\SYSTEM32\WINMM.dll
0x00007fff11ac0000 - 0x00007fff11aca000 	C:\Windows\SYSTEM32\VERSION.dll
0x00007fff1ccd0000 - 0x00007fff1cd41000 	C:\Windows\System32\WS2_32.dll
0x00007fff19b60000 - 0x00007fff19b78000 	C:\Windows\SYSTEM32\kernel.appcore.dll
0x00007fff12eb0000 - 0x00007fff12eba000 	C:\sts-4.19.0.RELEASE\plugins\org.eclipse.justj.openjdk.hotspot.jre.full.win32.x86_64_17.0.7.v20230425-1502\jre\bin\jimage.dll
0x00007fff1ad60000 - 0x00007fff1af8e000 	C:\Windows\SYSTEM32\DBGHELP.DLL
0x00007fff1bea0000 - 0x00007fff1c22a000 	C:\Windows\System32\combase.dll
0x00007fff1cd50000 - 0x00007fff1ce27000 	C:\Windows\System32\OLEAUT32.dll
0x00007fff1abd0000 - 0x00007fff1ac02000 	C:\Windows\SYSTEM32\dbgcore.DLL
0x00007fff1b540000 - 0x00007fff1b5ba000 	C:\Windows\System32\bcryptPrimitives.dll
0x00007ffef2850000 - 0x00007ffef2875000 	C:\sts-4.19.0.RELEASE\plugins\org.eclipse.justj.openjdk.hotspot.jre.full.win32.x86_64_17.0.7.v20230425-1502\jre\bin\java.dll
0x00007ffef2810000 - 0x00007ffef2828000 	C:\sts-4.19.0.RELEASE\plugins\org.eclipse.justj.openjdk.hotspot.jre.full.win32.x86_64_17.0.7.v20230425-1502\jre\bin\zip.dll
0x00007fff1d440000 - 0x00007fff1dc63000 	C:\Windows\System32\SHELL32.dll
0x00007fff18900000 - 0x00007fff191ea000 	C:\Windows\SYSTEM32\windows.storage.dll
0x00007fff187b0000 - 0x00007fff188ee000 	C:\Windows\SYSTEM32\wintypes.dll
0x00007fff1d0f0000 - 0x00007fff1d1e3000 	C:\Windows\System32\SHCORE.dll
0x00007fff1d310000 - 0x00007fff1d36e000 	C:\Windows\System32\shlwapi.dll
0x00007fff1b310000 - 0x00007fff1b336000 	C:\Windows\SYSTEM32\profapi.dll
0x00007ffef27f0000 - 0x00007ffef2809000 	C:\sts-4.19.0.RELEASE\plugins\org.eclipse.justj.openjdk.hotspot.jre.full.win32.x86_64_17.0.7.v20230425-1502\jre\bin\net.dll
0x00007fff12a30000 - 0x00007fff12b67000 	C:\Windows\SYSTEM32\WINHTTP.dll
0x00007fff19fe0000 - 0x00007fff1a049000 	C:\Windows\system32\mswsock.dll
0x00007ffef27d0000 - 0x00007ffef27e5000 	C:\sts-4.19.0.RELEASE\plugins\org.eclipse.justj.openjdk.hotspot.jre.full.win32.x86_64_17.0.7.v20230425-1502\jre\bin\nio.dll
0x00007fff105e0000 - 0x00007fff105e9000 	C:\sts-4.19.0.RELEASE\plugins\org.eclipse.justj.openjdk.hotspot.jre.full.win32.x86_64_17.0.7.v20230425-1502\jre\bin\management.dll
0x00007ffef59b0000 - 0x00007ffef59bb000 	C:\sts-4.19.0.RELEASE\plugins\org.eclipse.justj.openjdk.hotspot.jre.full.win32.x86_64_17.0.7.v20230425-1502\jre\bin\management_ext.dll
0x00007fff1d0e0000 - 0x00007fff1d0e8000 	C:\Windows\System32\PSAPI.DLL
0x00007ffeeff30000 - 0x00007ffeeff47000 	C:\Windows\system32\napinsp.dll
0x00007ffeeff10000 - 0x00007ffeeff2b000 	C:\Windows\system32\pnrpnsp.dll
0x00007fff19670000 - 0x00007fff19762000 	C:\Windows\SYSTEM32\DNSAPI.dll
0x00007fff19600000 - 0x00007fff1962d000 	C:\Windows\SYSTEM32\IPHLPAPI.DLL
0x00007fff1cb90000 - 0x00007fff1cb99000 	C:\Windows\System32\NSI.dll
0x00007ffeed910000 - 0x00007ffeed921000 	C:\Windows\System32\winrnr.dll
0x00007fff121c0000 - 0x00007fff121d5000 	C:\Windows\system32\wshbth.dll
0x00007ffeed6e0000 - 0x00007ffeed701000 	C:\Windows\system32\nlansp_c.dll
0x00007fff10530000 - 0x00007fff1053a000 	C:\Windows\System32\rasadhlp.dll
0x00007fff10910000 - 0x00007fff10994000 	C:\Windows\System32\fwpuclnt.dll
0x00007fff1b080000 - 0x00007fff1b09b000 	C:\Windows\SYSTEM32\CRYPTSP.dll
0x00007fff1a260000 - 0x00007fff1a295000 	C:\Windows\system32\rsaenh.dll
0x00007fff1a050000 - 0x00007fff1a07c000 	C:\Windows\SYSTEM32\USERENV.dll
0x00007fff1aca0000 - 0x00007fff1acc8000 	C:\Windows\SYSTEM32\bcrypt.dll
0x00007fff1a540000 - 0x00007fff1a54c000 	C:\Windows\SYSTEM32\CRYPTBASE.dll
0x00007fff12cb0000 - 0x00007fff12cc9000 	C:\Windows\SYSTEM32\dhcpcsvc6.DLL
0x00007fff12770000 - 0x00007fff1278f000 	C:\Windows\SYSTEM32\dhcpcsvc.DLL
0x00007fff03600000 - 0x00007fff0360e000 	C:\sts-4.19.0.RELEASE\plugins\org.eclipse.justj.openjdk.hotspot.jre.full.win32.x86_64_17.0.7.v20230425-1502\jre\bin\sunmscapi.dll
0x00007fff1b5c0000 - 0x00007fff1b726000 	C:\Windows\System32\CRYPT32.dll
0x00007fff1a8c0000 - 0x00007fff1a8ee000 	C:\Windows\SYSTEM32\ncrypt.dll
0x00007fff1a880000 - 0x00007fff1a8b7000 	C:\Windows\SYSTEM32\NTASN1.dll
0x00007fff12d40000 - 0x00007fff12d50000 	C:\sts-4.19.0.RELEASE\plugins\org.eclipse.justj.openjdk.hotspot.jre.full.win32.x86_64_17.0.7.v20230425-1502\jre\bin\verify.dll
0x00007fff1ac20000 - 0x00007fff1ac28000 	C:\Windows\system32\wshunix.dll

dbghelp: loaded successfully - version: 4.0.5 - missing functions: none
symbol engine: initialized successfully - sym options: 0x614 - pdb path: .;C:\sts-4.19.0.RELEASE\plugins\org.eclipse.justj.openjdk.hotspot.jre.full.win32.x86_64_17.0.7.v20230425-1502\jre\bin;C:\Windows\SYSTEM32;C:\Program Files\Avast Software\Avast;C:\Windows\WinSxS\amd64_microsoft.windows.common-controls_6595b64144ccf1df_6.0.22621.2215_none_270d72677387dfc3;C:\sts-4.19.0.RELEASE\plugins\org.eclipse.justj.openjdk.hotspot.jre.full.win32.x86_64_17.0.7.v20230425-1502\jre\bin\server

VM Arguments:
jvm_args: -Dcom.sun.management.jmxremote -Dcom.sun.management.jmxremote.port=53166 -Dcom.sun.management.jmxremote.authenticate=false -Dcom.sun.management.jmxremote.ssl=false -Djava.rmi.server.hostname=localhost -Dspring.jmx.enabled=true -Dmanagement.endpoints.jmx.exposure.include=* -Dspring.application.admin.enabled=true -XX:TieredStopAtLevel=1 -Dspring.boot.project.name=HPS_Projet_BackEnd -Dfile.encoding=UTF-8 -XX:+ShowCodeDetailsInExceptionMessages 
java_command: com.example.hps.HpsAppApplication --spring.output.ansi.enabled=always
java_class_path (initial): C:\Users\hi\Desktop\HPS_Projet_BackEnd\target\classes;C:\Users\hi\.m2\repository\org\springframework\boot\spring-boot-starter-data-rest\3.1.1\spring-boot-starter-data-rest-3.1.1.jar;C:\Users\hi\.m2\repository\org\springframework\boot\spring-boot-starter-web\3.1.1\spring-boot-starter-web-3.1.1.jar;C:\Users\hi\.m2\repository\org\springframework\boot\spring-boot-starter-json\3.1.1\spring-boot-starter-json-3.1.1.jar;C:\Users\hi\.m2\repository\com\fasterxml\jackson\datatype\jackson-datatype-jdk8\2.15.2\jackson-datatype-jdk8-2.15.2.jar;C:\Users\hi\.m2\repository\com\fasterxml\jackson\datatype\jackson-datatype-jsr310\2.15.2\jackson-datatype-jsr310-2.15.2.jar;C:\Users\hi\.m2\repository\com\fasterxml\jackson\module\jackson-module-parameter-names\2.15.2\jackson-module-parameter-names-2.15.2.jar;C:\Users\hi\.m2\repository\org\springframework\boot\spring-boot-starter-tomcat\3.1.1\spring-boot-starter-tomcat-3.1.1.jar;C:\Users\hi\.m2\repository\org\apache\tomcat\embed\tomcat-embed-core\10.1.10\tomcat-embed-core-10.1.10.jar;C:\Users\hi\.m2\repository\org\apache\tomcat\embed\tomcat-embed-websocket\10.1.10\tomcat-embed-websocket-10.1.10.jar;C:\Users\hi\.m2\repository\org\springframework\spring-web\6.0.10\spring-web-6.0.10.jar;C:\Users\hi\.m2\repository\io\micrometer\micrometer-observation\1.11.1\micrometer-observation-1.11.1.jar;C:\Users\hi\.m2\repository\io\micrometer\micrometer-commons\1.11.1\micrometer-commons-1.11.1.jar;C:\Users\hi\.m2\repository\org\springframework\spring-webmvc\6.0.10\spring-webmvc-6.0.10.jar;C:\Users\hi\.m2\repository\org\springframework\data\spring-data-rest-webmvc\4.1.1\spring-data-rest-webmvc-4.1.1.jar;C:\Users\hi\.m2\repository\org\springframework\data\spring-data-rest-core\4.1.1\spring-data-rest-core-4.1.1.jar;C:\Users\hi\.m2\repository\org\springframework\hateoas\spring-hateoas\2.1.0\spring-hateoas-2.1.0.jar;C:\Users\hi\.m2\repository\org\springframework\plugin\spring-plugin-core\3.0.0\spring-plugin-core-3.0.0.jar;C:\Users\h
Launcher Type: SUN_STANDARD

[Global flags]
     intx CICompilerCount                          = 4                                         {product} {ergonomic}
     uint ConcGCThreads                            = 2                                         {product} {ergonomic}
     uint G1ConcRefinementThreads                  = 8                                         {product} {ergonomic}
   size_t G1HeapRegionSize                         = 2097152                                   {product} {ergonomic}
    uintx GCDrainStackTargetSize                   = 64                                        {product} {ergonomic}
   size_t InitialHeapSize                          = 266338304                                 {product} {ergonomic}
     bool ManagementServer                         = true                                      {product} {command line}
   size_t MarkStackSize                            = 4194304                                   {product} {ergonomic}
   size_t MaxHeapSize                              = 4261412864                                {product} {ergonomic}
   size_t MaxNewSize                               = 2556428288                                {product} {ergonomic}
   size_t MinHeapDeltaBytes                        = 2097152                                   {product} {ergonomic}
   size_t MinHeapSize                              = 8388608                                   {product} {ergonomic}
    uintx NonProfiledCodeHeapSize                  = 0                                      {pd product} {ergonomic}
     bool ProfileInterpreter                       = false                                  {pd product} {command line}
    uintx ProfiledCodeHeapSize                     = 0                                      {pd product} {ergonomic}
     bool ShowCodeDetailsInExceptionMessages       = true                                   {manageable} {command line}
   size_t SoftMaxHeapSize                          = 4261412864                             {manageable} {ergonomic}
     intx TieredStopAtLevel                        = 1                                         {product} {command line}
     bool UseCompressedClassPointers               = true                           {product lp64_product} {ergonomic}
     bool UseCompressedOops                        = true                           {product lp64_product} {ergonomic}
     bool UseG1GC                                  = true                                      {product} {ergonomic}
     bool UseLargePagesIndividualAllocation        = false                                  {pd product} {ergonomic}

Logging:
Log output configuration:
 #0: stdout all=warning uptime,level,tags
 #1: stderr all=off uptime,level,tags

Environment Variables:
JAVA_HOME=C:\Program Files\Java\jdk-20
PATH=C:/sts-4.19.0.RELEASE//plugins/org.eclipse.justj.openjdk.hotspot.jre.full.win32.x86_64_17.0.7.v20230425-1502/jre/bin/server;C:/sts-4.19.0.RELEASE//plugins/org.eclipse.justj.openjdk.hotspot.jre.full.win32.x86_64_17.0.7.v20230425-1502/jre/bin;C:\Program Files\Common Files\Oracle\Java\javapath;C:\Windows\system32;C:\Windows;C:\Windows\System32\Wbem;C:\Windows\System32\WindowsPowerShell\v1.0\;C:\Windows\System32\OpenSSH\;C:\Program Files\Java\jdk-20\bin;C:\Program Files\Git\cmd;C:\Program Files\Common Files\Oracle\Java\javapath;C:\Program Files\Git LFS;C:\Program Files\nodejs\;C:\Program Files\Docker\Docker\resources\bin;C:\Users\hi\AppData\Local\Microsoft\WindowsApps;C:\Users\hi\AppData\Local\GitHubDesktop\bin;C:\Users\hi\AppData\Roaming\npm;C:\Users\hi\AppData\Local\Programs\Microsoft VS Code\bin;C:\sts-4.19.0.RELEASE;
USERNAME=hi
OS=Windows_NT
PROCESSOR_IDENTIFIER=Intel64 Family 6 Model 142 Stepping 12, GenuineIntel
TMP=C:\Users\hi\AppData\Local\Temp
TEMP=C:\Users\hi\AppData\Local\Temp



---------------  S Y S T E M  ---------------

OS:
 Windows 11 , 64 bit Build 22621 (10.0.22621.2215)
OS uptime: 0 days 0:37 hours
Hyper-V role detected

CPU: total 8 (initial active 8) (4 cores per cpu, 2 threads per core) family 6 model 142 stepping 12 microcode 0xec, cx8, cmov, fxsr, ht, mmx, 3dnowpref, sse, sse2, sse3, ssse3, sse4.1, sse4.2, popcnt, lzcnt, tsc, tscinvbit, avx, avx2, aes, erms, clmul, bmi1, bmi2, adx, fma, vzeroupper, clflush, clflushopt, hv

Memory: 4k page, system-wide physical 16254M (3354M free)
TotalPageFile size 23934M (AvailPageFile size 7815M)
current process WorkingSet (physical memory assigned to process): 671M, peak: 671M
current process commit charge ("private bytes"): 727M, peak: 727M

vm_info: OpenJDK 64-Bit Server VM (17.0.7+7) for windows-amd64 JRE (17.0.7+7), built on Apr 18 2023 22:10:42 by "temurin" with MS VC++ 16.7 (VS2019)

END.
