#
# A fatal error has been detected by the Java Runtime Environment:
#
#  EXCEPTION_ACCESS_VIOLATION (0xc0000005) at pc=0x00007ff88663629a, pid=6476, tid=13096
#
# JRE version: OpenJDK Runtime Environment Temurin-17.0.7+7 (17.0.7+7) (build 17.0.7+7)
# Java VM: OpenJDK 64-Bit Server VM Temurin-17.0.7+7 (17.0.7+7, mixed mode, emulated-client, tiered, compressed oops, compressed class ptrs, g1 gc, windows-amd64)
# Problematic frame:
# V  [jvm.dll+0x1f629a]
#
# No core dump will be written. Minidumps are not enabled by default on client versions of Windows
#
# If you would like to submit a bug report, please visit:
#   https://github.com/adoptium/adoptium-support/issues
#

---------------  S U M M A R Y ------------

Command Line: -Dcom.sun.management.jmxremote -Dcom.sun.management.jmxremote.port=50342 -Dcom.sun.management.jmxremote.authenticate=false -Dcom.sun.management.jmxremote.ssl=false -Djava.rmi.server.hostname=localhost -Dspring.jmx.enabled=true -Dmanagement.endpoints.jmx.exposure.include=* -Dspring.application.admin.enabled=true -XX:TieredStopAtLevel=1 -Dspring.boot.project.name=HPS_Projet_BackEnd -Dfile.encoding=UTF-8 -XX:+ShowCodeDetailsInExceptionMessages com.example.hps.HpsAppApplication --spring.output.ansi.enabled=always

Host: Intel(R) Core(TM) i7-8565U CPU @ 1.80GHz, 8 cores, 15G,  Windows 11 , 64 bit Build 22621 (10.0.22621.2070)
Time: Thu Aug 17 10:40:58 2023 Morocco Daylight Time elapsed time: 83.978740 seconds (0d 0h 1m 23s)

---------------  T H R E A D  ---------------

Current thread (0x000002592012f980):  ConcurrentGCThread "G1 Conc#0" [stack: 0x000000a01a200000,0x000000a01a300000] [id=13096]

Stack: [0x000000a01a200000,0x000000a01a300000],  sp=0x000000a01a2ffa50,  free space=1022k
Native frames: (J=compiled Java code, j=interpreted, Vv=VM code, C=native code)
V  [jvm.dll+0x1f629a]
V  [jvm.dll+0x2d5151]
V  [jvm.dll+0x2eacee]
V  [jvm.dll+0x2e7451]
V  [jvm.dll+0x2e8dac]
V  [jvm.dll+0x2e7d84]
V  [jvm.dll+0x2eb916]
V  [jvm.dll+0x860ffb]
V  [jvm.dll+0x861046]
V  [jvm.dll+0x7e4e7a]
V  [jvm.dll+0x676395]
C  [ucrtbase.dll+0x29363]
C  [KERNEL32.DLL+0x126ad]
C  [ntdll.dll+0x5aa68]


siginfo: EXCEPTION_ACCESS_VIOLATION (0xc0000005), reading address 0x0000000000000041


Register to memory mapping:

RIP=0x00007ff88663629a jvm.dll
RAX=0x0000000000000019 is an unknown value
RBX=0x0000000000000019 is an unknown value
RCX=0x0000000000000019 is an unknown value
RDX=0x000000a01a2ffb90 points into unknown readable memory: 0x00007ff886d93838 | 38 38 d9 86 f8 7f 00 00
RSP=0x000000a01a2ffa50 points into unknown readable memory: 0x0000000000000002 | 02 00 00 00 00 00 00 00
RBP=0x000000a01a2ffb90 points into unknown readable memory: 0x00007ff886d93838 | 38 38 d9 86 f8 7f 00 00
RSI=0x0000000703a8c2d8 is an oop: org.hibernate.engine.spi.CascadeStyles$1 
{0x0000000703a8c2d8} - klass: 'org/hibernate/engine/spi/CascadeStyles$1'
 - ---- fields (total size 2 words):
RDI=0x000000080087d858 is a pointer to class: 
org.hibernate.engine.spi.CascadeStyles$1 {0x000000080087d860}
 - instance size:     2
 - klass size:        72
 - access:            synchronized 
 - state:             fully_initialized
 - name:              'org/hibernate/engine/spi/CascadeStyles$1'
 - super:             'org/hibernate/engine/spi/CascadeStyles$BaseCascadeStyle'
 - sub:               
 - arrays:            NULL
 - methods:           Array<T>(0x00000259365bfaa8)
 - method ordering:   Array<T>(0x0000025933000018)
 - default_methods:   Array<T>(0x0000000000000000)
 - local interfaces:  Array<T>(0x0000025933000058)
 - trans. interfaces: Array<T>(0x00000259365c0168)
 - constants:         constant pool [32] {0x00000259365bf938} for 'org/hibernate/engine/spi/CascadeStyles$1' cache=0x00000259365c0200
 - class loader data:  loader data: 0x0000025932c411d0 for instance a 'jdk/internal/loader/ClassLoaders$AppClassLoader'{0x0000000702408cc8}
 - source file:       'CascadeStyles.java'
 - class annotations:       Array<T>(0x0000000000000000)
 - class type annotations:  Array<T>(0x0000000000000000)
 - field annotations:       Array<T>(0x0000000000000000)
 - field type annotations:  Array<T>(0x0000000000000000)
 - inner classes:     Array<T>(0x00000259365bfd58)
 - nest members:     Array<T>(0x0000025933000028)
 - permitted subclasses:     Array<T>(0x0000025933000028)
 - java mirror:       a 'java/lang/Class'{0x0000000703a8bee8} = 'org/hibernate/engine/spi/CascadeStyles$1'
 - vtable length      8  (start addr: 0x000000080087da20)
 - itable length      7 (start addr: 0x000000080087da60)
 - ---- static fields (0 words):
 - ---- non-static fields (0 words):
 - non-static oop maps: 
R8 =0x0000000000000003 is an unknown value
R9 =0x0 is NULL
R10=0x0000000000000048 is an unknown value
R11=0x0000000000000003 is an unknown value
R12=0x0 is NULL
R13=0xaaaaaaaaaaaaaaab is an unknown value
R14=0x0000000000000001 is an unknown value
R15=0x000000a01a2ffb50 points into unknown readable memory: 0x000002592011e830 | 30 e8 11 20 59 02 00 00


Registers:
RAX=0x0000000000000019, RBX=0x0000000000000019, RCX=0x0000000000000019, RDX=0x000000a01a2ffb90
RSP=0x000000a01a2ffa50, RBP=0x000000a01a2ffb90, RSI=0x0000000703a8c2d8, RDI=0x000000080087d858
R8 =0x0000000000000003, R9 =0x0000000000000000, R10=0x0000000000000048, R11=0x0000000000000003
R12=0x0000000000000000, R13=0xaaaaaaaaaaaaaaab, R14=0x0000000000000001, R15=0x000000a01a2ffb50
RIP=0x00007ff88663629a, EFLAGS=0x0000000000010206

Top of Stack: (sp=0x000000a01a2ffa50)
0x000000a01a2ffa50:   0000000000000002 00007ff886715151
0x000000a01a2ffa60:   0000000000000002 0000000703a8c2d8
0x000000a01a2ffa70:   000000a01a2ffb90 0000000000000000
0x000000a01a2ffa80:   0000025920135400 00007ff88672acee
0x000000a01a2ffa90:   0000000703a8c2d8 000002592011e880
0x000000a01a2ffaa0:   000000a01a2ffb50 000002592011e880
0x000000a01a2ffab0:   0000000703a8c2d8 00007ff886727451
0x000000a01a2ffac0:   000000000035185b 00007ff886728818
0x000000a01a2ffad0:   0000000703a659d8 0000000000000040
0x000000a01a2ffae0:   0000000000380000 00007ff886728dac
0x000000a01a2ffaf0:   0000000703a8c2b8 000000000035185b
0x000000a01a2ffb00:   0000000000452432 0000000000000000
0x000000a01a2ffb10:   000002592012fc40 0000000000000001
0x000000a01a2ffb20:   0000025920135400 00007ff886727d84
0x000000a01a2ffb30:   0000000000000555 0000000000000000
0x000000a01a2ffb40:   000002591dec7701 0000000000000000 

Instructions: (pc=0x00007ff88663629a)
0x00007ff88663619a:   48 8b 5c 24 30 48 83 c4 20 5f c3 cc cc cc cc cc
0x00007ff8866361aa:   cc cc cc cc cc cc 4c 8b 01 4c 8b c9 48 8b 0d 53
0x00007ff8866361ba:   4b 96 00 ba 44 10 09 00 e9 b9 58 e1 ff cc cc cc
0x00007ff8866361ca:   cc cc cc cc cc cc 4c 8b 01 4c 8b c9 48 8b 0d 33
0x00007ff8866361da:   4b 96 00 ba 64 10 09 00 e9 99 58 e1 ff cc cc cc
0x00007ff8866361ea:   cc cc cc cc cc cc 48 89 74 24 20 41 56 48 83 ec
0x00007ff8866361fa:   20 48 8b 31 4c 8b f2 48 85 f6 74 73 44 8b 8e 00
0x00007ff88663620a:   01 00 00 4c 8b c6 e8 db 00 00 00 48 8b b6 08 01
0x00007ff88663621a:   00 00 48 85 f6 74 58 48 89 5c 24 30 48 89 6c 24
0x00007ff88663622a:   38 48 89 7c 24 40 8b ae 00 01 00 00 33 db 85 ed
0x00007ff88663623a:   74 22 48 8b fe 90 48 83 3f 00 74 0e 4d 8b 06 48
0x00007ff88663624a:   8d 14 de 49 8b ce 41 ff 50 08 ff c3 48 83 c7 08
0x00007ff88663625a:   3b dd 72 e2 48 8b b6 08 01 00 00 48 85 f6 75 c6
0x00007ff88663626a:   48 8b 7c 24 40 48 8b 6c 24 38 48 8b 5c 24 30 48
0x00007ff88663627a:   8b 74 24 48 48 83 c4 20 41 5e c3 cc cc cc cc cc
0x00007ff88663628a:   cc cc cc cc cc cc 40 53 48 8b d9 45 85 c0 74 37
0x00007ff88663629a:   44 8b 59 28 45 8b d3 45 23 d0 45 3b d0 74 3b 0f
0x00007ff8866362aa:   1f 80 00 00 00 00 41 8b cb 41 8b c3 41 0b c8 f0
0x00007ff8866362ba:   0f b1 4b 28 74 11 44 8b 5b 28 41 8b c3 41 23 c0
0x00007ff8866362ca:   41 3b c0 75 e1 5b c3 45 84 c9 74 04 c6 43 22 00
0x00007ff8866362da:   48 8d 4b 30 5b e9 0c ff ff ff 5b c3 cc cc cc cc
0x00007ff8866362ea:   cc cc cc cc cc cc 45 85 c9 74 63 48 89 5c 24 10
0x00007ff8866362fa:   48 89 74 24 18 4c 89 74 24 20 41 57 48 83 ec 20
0x00007ff88663630a:   48 89 7c 24 30 41 8b f1 49 8b f8 4d 8b f8 4c 8b
0x00007ff88663631a:   f2 33 db 0f 1f 00 48 83 3f 00 74 0e 4d 8b 06 49
0x00007ff88663632a:   8d 14 df 49 8b ce 41 ff 50 08 ff c3 48 83 c7 08
0x00007ff88663633a:   3b de 72 e2 48 8b 7c 24 30 48 8b 5c 24 38 48 8b
0x00007ff88663634a:   74 24 40 4c 8b 74 24 48 48 83 c4 20 41 5f c3 cc
0x00007ff88663635a:   cc cc cc cc cc cc 48 89 6c 24 18 57 48 83 ec 20
0x00007ff88663636a:   48 8b 41 40 48 8b fa 48 8b e9 48 85 c0 74 4c 48
0x00007ff88663637a:   8b 41 40 48 89 74 24 38 33 f6 39 30 7e 38 48 89
0x00007ff88663638a:   5c 24 30 0f 1f 00 48 8b 4d 40 8b d6 e8 05 a6 ff 


Stack slot to memory mapping:
stack at sp + 0 slots: 0x0000000000000002 is an unknown value
stack at sp + 1 slots: 0x00007ff886715151 jvm.dll
stack at sp + 2 slots: 0x0000000000000002 is an unknown value
stack at sp + 3 slots: 0x0000000703a8c2d8 is an oop: org.hibernate.engine.spi.CascadeStyles$1 
{0x0000000703a8c2d8} - klass: 'org/hibernate/engine/spi/CascadeStyles$1'
 - ---- fields (total size 2 words):
stack at sp + 4 slots: 0x000000a01a2ffb90 points into unknown readable memory: 0x00007ff886d93838 | 38 38 d9 86 f8 7f 00 00
stack at sp + 5 slots: 0x0 is NULL
stack at sp + 6 slots: 0x0000025920135400 points into unknown readable memory: 0x00007ff886d93818 | 18 38 d9 86 f8 7f 00 00
stack at sp + 7 slots: 0x00007ff88672acee jvm.dll


---------------  P R O C E S S  ---------------

Threads class SMR info:
_java_thread_list=0x000002593a8f5220, length=40, elements={
0x0000025932aa6890, 0x0000025932aa7440, 0x0000025932af4290, 0x0000025932af4b50,
0x0000025932af5500, 0x0000025932af5eb0, 0x0000025932af9d60, 0x0000025932b13f30,
0x0000025932a2f620, 0x0000025932cfe820, 0x000002593755e420, 0x000002593755a830,
0x00000259376dbf70, 0x00000259376e3070, 0x000002593775bc10, 0x000002593775b010,
0x0000025937772490, 0x0000025937fa3360, 0x0000025937fa2e90, 0x0000025937fa0810,
0x0000025937f9f9a0, 0x0000025937fa0ce0, 0x0000025937fa29c0, 0x000002593a4d1220,
0x000002593a4ce6d0, 0x000002593a4cf070, 0x000002593a4d1bc0, 0x000002593a4d2090,
0x000002593a4d0d50, 0x000002593a4ceba0, 0x000002593a4cf540, 0x000002593a4d16f0,
0x000002593a4cfa10, 0x000002593a4d0880, 0x000002593a4cfee0, 0x000002593a4d03b0,
0x0000025937fa1680, 0x000002593a28d900, 0x000002593a980a40, 0x000002593a652ff0
}

Java Threads: ( => current thread )
  0x0000025932aa6890 JavaThread "Reference Handler" daemon [_thread_blocked, id=13420, stack(0x000000a01a600000,0x000000a01a700000)]
  0x0000025932aa7440 JavaThread "Finalizer" daemon [_thread_blocked, id=13436, stack(0x000000a01a700000,0x000000a01a800000)]
  0x0000025932af4290 JavaThread "Signal Dispatcher" daemon [_thread_blocked, id=13416, stack(0x000000a01a800000,0x000000a01a900000)]
  0x0000025932af4b50 JavaThread "Attach Listener" daemon [_thread_blocked, id=11796, stack(0x000000a01a900000,0x000000a01aa00000)]
  0x0000025932af5500 JavaThread "Service Thread" daemon [_thread_blocked, id=10972, stack(0x000000a01aa00000,0x000000a01ab00000)]
  0x0000025932af5eb0 JavaThread "Monitor Deflation Thread" daemon [_thread_blocked, id=7484, stack(0x000000a01ab00000,0x000000a01ac00000)]
  0x0000025932af9d60 JavaThread "C1 CompilerThread0" daemon [_thread_blocked, id=9820, stack(0x000000a01ac00000,0x000000a01ad00000)]
  0x0000025932b13f30 JavaThread "Sweeper thread" daemon [_thread_blocked, id=6672, stack(0x000000a01ad00000,0x000000a01ae00000)]
  0x0000025932a2f620 JavaThread "Common-Cleaner" daemon [_thread_blocked, id=5824, stack(0x000000a01ae00000,0x000000a01af00000)]
  0x0000025932cfe820 JavaThread "Notification Thread" daemon [_thread_blocked, id=13032, stack(0x000000a01b000000,0x000000a01b100000)]
  0x000002593755e420 JavaThread "RMI TCP Accept-0" daemon [_thread_in_native, id=13756, stack(0x000000a01b300000,0x000000a01b400000)]
  0x000002593755a830 JavaThread "RMI TCP Accept-50342" daemon [_thread_in_native, id=3112, stack(0x000000a01b400000,0x000000a01b500000)]
  0x00000259376dbf70 JavaThread "RMI TCP Accept-0" daemon [_thread_in_native, id=10864, stack(0x000000a01b500000,0x000000a01b600000)]
  0x00000259376e3070 JavaThread "RMI TCP Connection(idle)" daemon [_thread_blocked, id=11360, stack(0x000000a01b700000,0x000000a01b800000)]
  0x000002593775bc10 JavaThread "RMI Scheduler(0)" daemon [_thread_blocked, id=4260, stack(0x000000a01b800000,0x000000a01b900000)]
  0x000002593775b010 JavaThread "RMI TCP Connection(4)-127.0.0.1" daemon [_thread_in_native, id=19376, stack(0x000000a01b900000,0x000000a01ba00000)]
  0x0000025937772490 JavaThread "JMX server connection timeout 22" daemon [_thread_blocked, id=5536, stack(0x000000a01ba00000,0x000000a01bb00000)]
  0x0000025937fa3360 JavaThread "mysql-cj-abandoned-connection-cleanup" daemon [_thread_blocked, id=10156, stack(0x000000a01c500000,0x000000a01c600000)]
  0x0000025937fa2e90 JavaThread "HikariPool-1 housekeeper" daemon [_thread_blocked, id=18424, stack(0x000000a01c800000,0x000000a01c900000)]
  0x0000025937fa0810 JavaThread "Catalina-utility-1" [_thread_blocked, id=1296, stack(0x000000a01ca00000,0x000000a01cb00000)]
  0x0000025937f9f9a0 JavaThread "Catalina-utility-2" [_thread_blocked, id=7108, stack(0x000000a01cb00000,0x000000a01cc00000)]
  0x0000025937fa0ce0 JavaThread "container-0" [_thread_blocked, id=6624, stack(0x000000a01cc00000,0x000000a01cd00000)]
  0x0000025937fa29c0 JavaThread "File Watcher" daemon [_thread_blocked, id=9848, stack(0x000000a01b100000,0x000000a01b200000)]
  0x000002593a4d1220 JavaThread "Live Reload Server" daemon [_thread_in_native, id=4516, stack(0x000000a01c900000,0x000000a01ca00000)]
  0x000002593a4ce6d0 JavaThread "http-nio-8080-exec-1" daemon [_thread_blocked, id=17072, stack(0x000000a01b200000,0x000000a01b300000)]
  0x000002593a4cf070 JavaThread "http-nio-8080-exec-2" daemon [_thread_blocked, id=5920, stack(0x000000a01cd00000,0x000000a01ce00000)]
  0x000002593a4d1bc0 JavaThread "http-nio-8080-exec-3" daemon [_thread_blocked, id=12088, stack(0x000000a01ce00000,0x000000a01cf00000)]
  0x000002593a4d2090 JavaThread "http-nio-8080-exec-4" daemon [_thread_blocked, id=3328, stack(0x000000a01cf00000,0x000000a01d000000)]
  0x000002593a4d0d50 JavaThread "http-nio-8080-exec-5" daemon [_thread_blocked, id=17808, stack(0x000000a01d000000,0x000000a01d100000)]
  0x000002593a4ceba0 JavaThread "http-nio-8080-exec-6" daemon [_thread_blocked, id=6884, stack(0x000000a01d100000,0x000000a01d200000)]
  0x000002593a4cf540 JavaThread "http-nio-8080-exec-7" daemon [_thread_blocked, id=12656, stack(0x000000a01d200000,0x000000a01d300000)]
  0x000002593a4d16f0 JavaThread "http-nio-8080-exec-8" daemon [_thread_blocked, id=2260, stack(0x000000a01d300000,0x000000a01d400000)]
  0x000002593a4cfa10 JavaThread "http-nio-8080-exec-9" daemon [_thread_blocked, id=6308, stack(0x000000a01d400000,0x000000a01d500000)]
  0x000002593a4d0880 JavaThread "http-nio-8080-exec-10" daemon [_thread_blocked, id=3036, stack(0x000000a01d500000,0x000000a01d600000)]
  0x000002593a4cfee0 JavaThread "http-nio-8080-Poller" daemon [_thread_in_native, id=876, stack(0x000000a01d600000,0x000000a01d700000)]
  0x000002593a4d03b0 JavaThread "http-nio-8080-Acceptor" daemon [_thread_in_native, id=10384, stack(0x000000a01d700000,0x000000a01d800000)]
  0x0000025937fa1680 JavaThread "DestroyJavaVM" [_thread_blocked, id=16936, stack(0x000000a019f00000,0x000000a01a000000)]
  0x000002593a28d900 JavaThread "C1 CompilerThread1" daemon [_thread_blocked, id=3616, stack(0x000000a019d00000,0x000000a019e00000)]
  0x000002593a980a40 JavaThread "C1 CompilerThread2" daemon [_thread_blocked, id=12672, stack(0x000000a019e00000,0x000000a019f00000)]
  0x000002593a652ff0 JavaThread "C1 CompilerThread3" daemon [_thread_blocked, id=17884, stack(0x000000a01c200000,0x000000a01c300000)]

Other Threads:
  0x0000025932a4a100 VMThread "VM Thread" [stack: 0x000000a01a500000,0x000000a01a600000] [id=13464]
  0x00000259376d6c80 WatcherThread [stack: 0x000000a01b600000,0x000000a01b700000] [id=9824]
  0x000002592011e230 GCTaskThread "GC Thread#0" [stack: 0x000000a01a000000,0x000000a01a100000] [id=15748]
  0x0000025937f0fcd0 GCTaskThread "GC Thread#1" [stack: 0x000000a01bb00000,0x000000a01bc00000] [id=9892]
  0x0000025937f24050 GCTaskThread "GC Thread#2" [stack: 0x000000a01bc00000,0x000000a01bd00000] [id=4640]
  0x0000025937f24300 GCTaskThread "GC Thread#3" [stack: 0x000000a01bd00000,0x000000a01be00000] [id=19052]
  0x0000025937f249c0 GCTaskThread "GC Thread#4" [stack: 0x000000a01be00000,0x000000a01bf00000] [id=18040]
  0x0000025937f4e830 GCTaskThread "GC Thread#5" [stack: 0x000000a01bf00000,0x000000a01c000000] [id=2552]
  0x0000025937f5fd20 GCTaskThread "GC Thread#6" [stack: 0x000000a01c000000,0x000000a01c100000] [id=17976]
  0x00000259380d3ed0 GCTaskThread "GC Thread#7" [stack: 0x000000a01c400000,0x000000a01c500000] [id=4732]
  0x000002592012ef70 ConcurrentGCThread "G1 Main Marker" [stack: 0x000000a01a100000,0x000000a01a200000] [id=19380]
=>0x000002592012f980 ConcurrentGCThread "G1 Conc#0" [stack: 0x000000a01a200000,0x000000a01a300000] [id=13096]
  0x0000025938178e50 ConcurrentGCThread "G1 Conc#1" [stack: 0x000000a01c600000,0x000000a01c700000] [id=14780]
  0x000002592015e890 ConcurrentGCThread "G1 Refine#0" [stack: 0x000000a01a300000,0x000000a01a400000] [id=6468]
  0x0000025937f2c710 ConcurrentGCThread "G1 Refine#1" [stack: 0x000000a01c100000,0x000000a01c200000] [id=9128]
  0x0000025939fb71e0 ConcurrentGCThread "G1 Refine#2" [stack: 0x000000a01d800000,0x000000a01d900000] [id=1644]
  0x0000025939fb6380 ConcurrentGCThread "G1 Refine#3" [stack: 0x000000a01d900000,0x000000a01da00000] [id=16216]
  0x0000025939fb5800 ConcurrentGCThread "G1 Refine#4" [stack: 0x000000a01da00000,0x000000a01db00000] [id=14368]
  0x00000259328ff3e0 ConcurrentGCThread "G1 Service" [stack: 0x000000a01a400000,0x000000a01a500000] [id=13456]

Threads with active compile tasks:

VM state: not at safepoint (normal execution)

VM Mutex/Monitor currently owned by a thread: None

Heap address: 0x0000000702000000, size: 4064 MB, Compressed Oops mode: Zero based, Oop shift amount: 3

CDS archive(s) not mapped
Compressed class space mapped at: 0x0000000800000000-0x0000000840000000, reserved size: 1073741824
Narrow klass base: 0x0000000800000000, Narrow klass shift: 0, Narrow klass range: 0x40000000

GC Precious Log:
 CPUs: 8 total, 8 available
 Memory: 16254M
 Large Page Support: Disabled
 NUMA Support: Disabled
 Compressed Oops: Enabled (Zero based)
 Heap Region Size: 2M
 Heap Min Capacity: 8M
 Heap Initial Capacity: 254M
 Heap Max Capacity: 4064M
 Pre-touch: Disabled
 Parallel Workers: 8
 Concurrent Workers: 2
 Concurrent Refinement Workers: 8
 Periodic GC: Disabled

Heap:
 garbage-first heap   total 221184K, used 87981K [0x0000000702000000, 0x0000000800000000)
  region size 2048K, 4 young (8192K), 2 survivors (4096K)
 Metaspace       used 89406K, committed 90240K, reserved 1179648K
  class space    used 12364K, committed 12736K, reserved 1048576K

Heap Regions: E=young(eden), S=young(survivor), O=old, HS=humongous(starts), HC=humongous(continues), CS=collection set, F=free, OA=open archive, CA=closed archive, TAMS=top-at-mark-start (previous, next)
|   0|0x0000000702000000, 0x0000000702200000, 0x0000000702200000|100%| O|  |TAMS 0x0000000702200000, 0x0000000702200000| Untracked 
|   1|0x0000000702200000, 0x0000000702400000, 0x0000000702400000|100%| O|  |TAMS 0x0000000702400000, 0x0000000702400000| Untracked 
|   2|0x0000000702400000, 0x0000000702600000, 0x0000000702600000|100%| O|  |TAMS 0x0000000702600000, 0x0000000702600000| Untracked 
|   3|0x0000000702600000, 0x00000007027e4c00, 0x0000000702800000| 94%| O|  |TAMS 0x00000007027e4c00, 0x00000007027e4c00| Untracked 
|   4|0x0000000702800000, 0x0000000702a00000, 0x0000000702a00000|100%| O|  |TAMS 0x0000000702a00000, 0x0000000702a00000| Untracked 
|   5|0x0000000702a00000, 0x0000000702c00000, 0x0000000702c00000|100%| O|  |TAMS 0x0000000702c00000, 0x0000000702c00000| Untracked 
|   6|0x0000000702c00000, 0x0000000702e00000, 0x0000000702e00000|100%| O|  |TAMS 0x0000000702e00000, 0x0000000702e00000| Untracked 
|   7|0x0000000702e00000, 0x0000000703000000, 0x0000000703000000|100%| O|  |TAMS 0x0000000702e00000, 0x0000000703000000| Untracked 
|   8|0x0000000703000000, 0x0000000703200000, 0x0000000703200000|100%| O|  |TAMS 0x0000000703200000, 0x0000000703200000| Untracked 
|   9|0x0000000703200000, 0x0000000703400000, 0x0000000703400000|100%| O|  |TAMS 0x0000000703400000, 0x0000000703400000| Untracked 
|  10|0x0000000703400000, 0x0000000703600000, 0x0000000703600000|100%| O|  |TAMS 0x0000000703600000, 0x0000000703600000| Untracked 
|  11|0x0000000703600000, 0x0000000703800000, 0x0000000703800000|100%| O|  |TAMS 0x0000000703800000, 0x0000000703800000| Untracked 
|  12|0x0000000703800000, 0x0000000703a00000, 0x0000000703a00000|100%| O|  |TAMS 0x0000000703a00000, 0x0000000703a00000| Untracked 
|  13|0x0000000703a00000, 0x0000000703c00000, 0x0000000703c00000|100%| O|  |TAMS 0x0000000703c00000, 0x0000000703c00000| Untracked 
|  14|0x0000000703c00000, 0x0000000703e00000, 0x0000000703e00000|100%| O|  |TAMS 0x0000000703e00000, 0x0000000703e00000| Untracked 
|  15|0x0000000703e00000, 0x0000000704000000, 0x0000000704000000|100%| O|  |TAMS 0x0000000704000000, 0x0000000704000000| Untracked 
|  16|0x0000000704000000, 0x0000000704200000, 0x0000000704200000|100%| O|  |TAMS 0x0000000704200000, 0x0000000704200000| Untracked 
|  17|0x0000000704200000, 0x0000000704400000, 0x0000000704400000|100%| O|  |TAMS 0x0000000704400000, 0x0000000704400000| Untracked 
|  18|0x0000000704400000, 0x0000000704600000, 0x0000000704600000|100%| O|  |TAMS 0x0000000704400000, 0x0000000704600000| Untracked 
|  19|0x0000000704600000, 0x0000000704800000, 0x0000000704800000|100%| O|  |TAMS 0x0000000704600000, 0x0000000704800000| Untracked 
|  20|0x0000000704800000, 0x0000000704a00000, 0x0000000704a00000|100%| O|  |TAMS 0x0000000704a00000, 0x0000000704a00000| Untracked 
|  21|0x0000000704a00000, 0x0000000704c00000, 0x0000000704c00000|100%| O|  |TAMS 0x0000000704c00000, 0x0000000704c00000| Untracked 
|  22|0x0000000704c00000, 0x0000000704e00000, 0x0000000704e00000|100%| O|  |TAMS 0x0000000704c00000, 0x0000000704e00000| Untracked 
|  23|0x0000000704e00000, 0x0000000705000000, 0x0000000705000000|100%| O|  |TAMS 0x0000000704e00000, 0x0000000705000000| Untracked 
|  24|0x0000000705000000, 0x0000000705200000, 0x0000000705200000|100%| O|  |TAMS 0x000000070513ee00, 0x0000000705200000| Untracked 
|  25|0x0000000705200000, 0x0000000705400000, 0x0000000705400000|100%| O|  |TAMS 0x0000000705200000, 0x0000000705400000| Untracked 
|  26|0x0000000705400000, 0x0000000705600000, 0x0000000705600000|100%| O|  |TAMS 0x0000000705400000, 0x0000000705600000| Untracked 
|  27|0x0000000705600000, 0x0000000705800000, 0x0000000705800000|100%| O|  |TAMS 0x0000000705600000, 0x0000000705800000| Untracked 
|  28|0x0000000705800000, 0x0000000705a00000, 0x0000000705a00000|100%| O|  |TAMS 0x0000000705800000, 0x0000000705a00000| Untracked 
|  29|0x0000000705a00000, 0x0000000705c00000, 0x0000000705c00000|100%| O|  |TAMS 0x0000000705a00000, 0x0000000705c00000| Untracked 
|  30|0x0000000705c00000, 0x0000000705e00000, 0x0000000705e00000|100%| O|  |TAMS 0x0000000705c00000, 0x0000000705e00000| Untracked 
|  31|0x0000000705e00000, 0x0000000706000000, 0x0000000706000000|100%| O|  |TAMS 0x0000000705e00000, 0x0000000706000000| Untracked 
|  32|0x0000000706000000, 0x0000000706200000, 0x0000000706200000|100%| O|  |TAMS 0x0000000706000000, 0x0000000706200000| Untracked 
|  33|0x0000000706200000, 0x0000000706400000, 0x0000000706400000|100%| O|  |TAMS 0x0000000706200000, 0x0000000706400000| Untracked 
|  34|0x0000000706400000, 0x0000000706600000, 0x0000000706600000|100%| O|  |TAMS 0x0000000706400000, 0x0000000706600000| Untracked 
|  35|0x0000000706600000, 0x0000000706800000, 0x0000000706800000|100%| O|  |TAMS 0x0000000706600000, 0x0000000706800000| Untracked 
|  36|0x0000000706800000, 0x0000000706a00000, 0x0000000706a00000|100%| O|  |TAMS 0x0000000706800000, 0x0000000706a00000| Untracked 
|  37|0x0000000706a00000, 0x0000000706c00000, 0x0000000706c00000|100%| O|  |TAMS 0x0000000706a00000, 0x0000000706c00000| Untracked 
|  38|0x0000000706c00000, 0x0000000706e00000, 0x0000000706e00000|100%| O|  |TAMS 0x0000000706c00000, 0x0000000706e00000| Untracked 
|  39|0x0000000706e00000, 0x0000000707000000, 0x0000000707000000|100%| O|  |TAMS 0x0000000706e00000, 0x0000000707000000| Untracked 
|  40|0x0000000707000000, 0x0000000707113600, 0x0000000707200000| 53%| O|  |TAMS 0x0000000707000000, 0x0000000707113600| Untracked 
|  41|0x0000000707200000, 0x0000000707200000, 0x0000000707400000|  0%| F|  |TAMS 0x0000000707200000, 0x0000000707200000| Untracked 
|  42|0x0000000707400000, 0x0000000707400000, 0x0000000707600000|  0%| F|  |TAMS 0x0000000707400000, 0x0000000707400000| Untracked 
|  43|0x0000000707600000, 0x0000000707600000, 0x0000000707800000|  0%| F|  |TAMS 0x0000000707600000, 0x0000000707600000| Untracked 
|  44|0x0000000707800000, 0x0000000707800000, 0x0000000707a00000|  0%| F|  |TAMS 0x0000000707800000, 0x0000000707800000| Untracked 
|  45|0x0000000707a00000, 0x0000000707a00000, 0x0000000707c00000|  0%| F|  |TAMS 0x0000000707a00000, 0x0000000707a00000| Untracked 
|  46|0x0000000707c00000, 0x0000000707c00000, 0x0000000707e00000|  0%| F|  |TAMS 0x0000000707c00000, 0x0000000707c00000| Untracked 
|  47|0x0000000707e00000, 0x0000000707e00000, 0x0000000708000000|  0%| F|  |TAMS 0x0000000707e00000, 0x0000000707e00000| Untracked 
|  48|0x0000000708000000, 0x0000000708000000, 0x0000000708200000|  0%| F|  |TAMS 0x0000000708000000, 0x0000000708000000| Untracked 
|  49|0x0000000708200000, 0x0000000708200000, 0x0000000708400000|  0%| F|  |TAMS 0x0000000708200000, 0x0000000708200000| Untracked 
|  50|0x0000000708400000, 0x0000000708400000, 0x0000000708600000|  0%| F|  |TAMS 0x0000000708400000, 0x0000000708400000| Untracked 
|  51|0x0000000708600000, 0x0000000708600000, 0x0000000708800000|  0%| F|  |TAMS 0x0000000708600000, 0x0000000708600000| Untracked 
|  52|0x0000000708800000, 0x0000000708800000, 0x0000000708a00000|  0%| F|  |TAMS 0x0000000708800000, 0x0000000708800000| Untracked 
|  53|0x0000000708a00000, 0x0000000708af3480, 0x0000000708c00000| 47%| S|CS|TAMS 0x0000000708a00000, 0x0000000708a00000| Complete 
|  54|0x0000000708c00000, 0x0000000708c00000, 0x0000000708e00000|  0%| F|  |TAMS 0x0000000708c00000, 0x0000000708c00000| Untracked 
|  55|0x0000000708e00000, 0x0000000709000000, 0x0000000709000000|100%| S|CS|TAMS 0x0000000708e00000, 0x0000000708e00000| Complete 
|  56|0x0000000709000000, 0x0000000709000000, 0x0000000709200000|  0%| F|  |TAMS 0x0000000709000000, 0x0000000709000000| Untracked 
|  57|0x0000000709200000, 0x0000000709200000, 0x0000000709400000|  0%| F|  |TAMS 0x0000000709200000, 0x0000000709200000| Untracked 
|  58|0x0000000709400000, 0x0000000709400000, 0x0000000709600000|  0%| F|  |TAMS 0x0000000709400000, 0x0000000709400000| Untracked 
|  59|0x0000000709600000, 0x0000000709600000, 0x0000000709800000|  0%| F|  |TAMS 0x0000000709600000, 0x0000000709600000| Untracked 
|  60|0x0000000709800000, 0x0000000709800000, 0x0000000709a00000|  0%| F|  |TAMS 0x0000000709800000, 0x0000000709800000| Untracked 
|  61|0x0000000709a00000, 0x0000000709a00000, 0x0000000709c00000|  0%| F|  |TAMS 0x0000000709a00000, 0x0000000709a00000| Untracked 
|  62|0x0000000709c00000, 0x0000000709c00000, 0x0000000709e00000|  0%| F|  |TAMS 0x0000000709c00000, 0x0000000709c00000| Untracked 
|  63|0x0000000709e00000, 0x0000000709e00000, 0x000000070a000000|  0%| F|  |TAMS 0x0000000709e00000, 0x0000000709e00000| Untracked 
|  64|0x000000070a000000, 0x000000070a000000, 0x000000070a200000|  0%| F|  |TAMS 0x000000070a000000, 0x000000070a000000| Untracked 
|  65|0x000000070a200000, 0x000000070a200000, 0x000000070a400000|  0%| F|  |TAMS 0x000000070a200000, 0x000000070a200000| Untracked 
|  66|0x000000070a400000, 0x000000070a400000, 0x000000070a600000|  0%| F|  |TAMS 0x000000070a400000, 0x000000070a400000| Untracked 
|  67|0x000000070a600000, 0x000000070a600000, 0x000000070a800000|  0%| F|  |TAMS 0x000000070a600000, 0x000000070a600000| Untracked 
|  68|0x000000070a800000, 0x000000070a800000, 0x000000070aa00000|  0%| F|  |TAMS 0x000000070a800000, 0x000000070a800000| Untracked 
|  69|0x000000070aa00000, 0x000000070aa00000, 0x000000070ac00000|  0%| F|  |TAMS 0x000000070aa00000, 0x000000070aa00000| Untracked 
|  70|0x000000070ac00000, 0x000000070ac00000, 0x000000070ae00000|  0%| F|  |TAMS 0x000000070ac00000, 0x000000070ac00000| Untracked 
|  71|0x000000070ae00000, 0x000000070ae00000, 0x000000070b000000|  0%| F|  |TAMS 0x000000070ae00000, 0x000000070ae00000| Untracked 
|  72|0x000000070b000000, 0x000000070b000000, 0x000000070b200000|  0%| F|  |TAMS 0x000000070b000000, 0x000000070b000000| Untracked 
|  73|0x000000070b200000, 0x000000070b200000, 0x000000070b400000|  0%| F|  |TAMS 0x000000070b200000, 0x000000070b200000| Untracked 
|  74|0x000000070b400000, 0x000000070b400000, 0x000000070b600000|  0%| F|  |TAMS 0x000000070b400000, 0x000000070b400000| Untracked 
|  75|0x000000070b600000, 0x000000070b600000, 0x000000070b800000|  0%| F|  |TAMS 0x000000070b600000, 0x000000070b600000| Untracked 
|  76|0x000000070b800000, 0x000000070b800000, 0x000000070ba00000|  0%| F|  |TAMS 0x000000070b800000, 0x000000070b800000| Untracked 
|  77|0x000000070ba00000, 0x000000070ba00000, 0x000000070bc00000|  0%| F|  |TAMS 0x000000070ba00000, 0x000000070ba00000| Untracked 
|  78|0x000000070bc00000, 0x000000070bc00000, 0x000000070be00000|  0%| F|  |TAMS 0x000000070bc00000, 0x000000070bc00000| Untracked 
|  79|0x000000070be00000, 0x000000070be00000, 0x000000070c000000|  0%| F|  |TAMS 0x000000070be00000, 0x000000070be00000| Untracked 
|  80|0x000000070c000000, 0x000000070c000000, 0x000000070c200000|  0%| F|  |TAMS 0x000000070c000000, 0x000000070c000000| Untracked 
|  81|0x000000070c200000, 0x000000070c200000, 0x000000070c400000|  0%| F|  |TAMS 0x000000070c200000, 0x000000070c200000| Untracked 
|  82|0x000000070c400000, 0x000000070c400000, 0x000000070c600000|  0%| F|  |TAMS 0x000000070c400000, 0x000000070c400000| Untracked 
|  83|0x000000070c600000, 0x000000070c600000, 0x000000070c800000|  0%| F|  |TAMS 0x000000070c600000, 0x000000070c600000| Untracked 
|  84|0x000000070c800000, 0x000000070c800000, 0x000000070ca00000|  0%| F|  |TAMS 0x000000070c800000, 0x000000070c800000| Untracked 
|  85|0x000000070ca00000, 0x000000070ca00000, 0x000000070cc00000|  0%| F|  |TAMS 0x000000070ca00000, 0x000000070ca00000| Untracked 
|  86|0x000000070cc00000, 0x000000070cc00000, 0x000000070ce00000|  0%| F|  |TAMS 0x000000070cc00000, 0x000000070cc00000| Untracked 
|  87|0x000000070ce00000, 0x000000070ce00000, 0x000000070d000000|  0%| F|  |TAMS 0x000000070ce00000, 0x000000070ce00000| Untracked 
|  88|0x000000070d000000, 0x000000070d000000, 0x000000070d200000|  0%| F|  |TAMS 0x000000070d000000, 0x000000070d000000| Untracked 
|  89|0x000000070d200000, 0x000000070d200000, 0x000000070d400000|  0%| F|  |TAMS 0x000000070d200000, 0x000000070d200000| Untracked 
|  90|0x000000070d400000, 0x000000070d400000, 0x000000070d600000|  0%| F|  |TAMS 0x000000070d400000, 0x000000070d400000| Untracked 
|  91|0x000000070d600000, 0x000000070d600000, 0x000000070d800000|  0%| F|  |TAMS 0x000000070d600000, 0x000000070d600000| Untracked 
|  92|0x000000070d800000, 0x000000070d800000, 0x000000070da00000|  0%| F|  |TAMS 0x000000070d800000, 0x000000070d800000| Untracked 
|  93|0x000000070da00000, 0x000000070da00000, 0x000000070dc00000|  0%| F|  |TAMS 0x000000070da00000, 0x000000070da00000| Untracked 
|  94|0x000000070dc00000, 0x000000070dc00000, 0x000000070de00000|  0%| F|  |TAMS 0x000000070dc00000, 0x000000070dc00000| Untracked 
|  95|0x000000070de00000, 0x000000070de00000, 0x000000070e000000|  0%| F|  |TAMS 0x000000070de00000, 0x000000070de00000| Untracked 
|  96|0x000000070e000000, 0x000000070e000000, 0x000000070e200000|  0%| F|  |TAMS 0x000000070e000000, 0x000000070e000000| Untracked 
|  97|0x000000070e200000, 0x000000070e200000, 0x000000070e400000|  0%| F|  |TAMS 0x000000070e200000, 0x000000070e200000| Untracked 
|  98|0x000000070e400000, 0x000000070e400000, 0x000000070e600000|  0%| F|  |TAMS 0x000000070e400000, 0x000000070e400000| Untracked 
|  99|0x000000070e600000, 0x000000070e600000, 0x000000070e800000|  0%| F|  |TAMS 0x000000070e600000, 0x000000070e600000| Untracked 
| 100|0x000000070e800000, 0x000000070e800000, 0x000000070ea00000|  0%| F|  |TAMS 0x000000070e800000, 0x000000070e800000| Untracked 
| 101|0x000000070ea00000, 0x000000070ea00000, 0x000000070ec00000|  0%| F|  |TAMS 0x000000070ea00000, 0x000000070ea00000| Untracked 
| 102|0x000000070ec00000, 0x000000070ec00000, 0x000000070ee00000|  0%| F|  |TAMS 0x000000070ec00000, 0x000000070ec00000| Untracked 
| 103|0x000000070ee00000, 0x000000070ee00000, 0x000000070f000000|  0%| F|  |TAMS 0x000000070ee00000, 0x000000070ee00000| Untracked 
| 104|0x000000070f000000, 0x000000070f000000, 0x000000070f200000|  0%| F|  |TAMS 0x000000070f000000, 0x000000070f000000| Untracked 
| 115|0x0000000710600000, 0x0000000710600000, 0x0000000710800000|  0%| F|  |TAMS 0x0000000710600000, 0x0000000710600000| Untracked 
| 117|0x0000000710a00000, 0x0000000710b84858, 0x0000000710c00000| 75%| E|  |TAMS 0x0000000710a00000, 0x0000000710a00000| Complete 
| 126|0x0000000711c00000, 0x0000000711e00000, 0x0000000711e00000|100%| E|CS|TAMS 0x0000000711c00000, 0x0000000711c00000| Complete 

Card table byte_map: [0x0000025927050000,0x0000025927840000] _byte_map_base: 0x0000025923840000

Marking Bits (Prev, Next): (CMBitMap*) 0x000002592011e840, (CMBitMap*) 0x000002592011e880
 Prev Bits: [0x0000025928030000, 0x000002592bfb0000)
 Next Bits: [0x000002592bfb0000, 0x000002592ff30000)

Polling page: 0x000002591f860000

Metaspace:

Usage:
  Non-class:     75.24 MB used.
      Class:     12.08 MB used.
       Both:     87.31 MB used.

Virtual space:
  Non-class space:      128.00 MB reserved,      75.69 MB ( 59%) committed,  2 nodes.
      Class space:        1.00 GB reserved,      12.44 MB (  1%) committed,  1 nodes.
             Both:        1.12 GB reserved,      88.12 MB (  8%) committed. 

Chunk freelists:
   Non-Class:  3.51 MB
       Class:  3.50 MB
        Both:  7.02 MB

MaxMetaspaceSize: unlimited
CompressedClassSpaceSize: 1.00 GB
Initial GC threshold: 21.00 MB
Current GC threshold: 129.00 MB
CDS: off
MetaspaceReclaimPolicy: balanced
 - commit_granule_bytes: 65536.
 - commit_granule_words: 8192.
 - virtual_space_node_default_size: 8388608.
 - enlarge_chunks_in_place: 1.
 - new_chunks_are_fully_committed: 0.
 - uncommit_free_chunks: 1.
 - use_allocation_guard: 0.
 - handle_deallocations: 1.


Internal statistics:

num_allocs_failed_limit: 8.
num_arena_births: 1356.
num_arena_deaths: 0.
num_vsnodes_births: 3.
num_vsnodes_deaths: 0.
num_space_committed: 1410.
num_space_uncommitted: 0.
num_chunks_returned_to_freelist: 8.
num_chunks_taken_from_freelist: 4389.
num_chunk_merges: 8.
num_chunk_splits: 3044.
num_chunks_enlarged: 2179.
num_inconsistent_stats: 0.

CodeCache: size=49152Kb used=24290Kb max_used=24290Kb free=24861Kb
 bounds [0x0000025923750000, 0x0000025924f10000, 0x0000025926750000]
 total_blobs=13638 nmethods=12918 adapters=643
 compilation: enabled
              stopped_count=0, restarted_count=0
 full_count=0

Compilation events (20 events):
Event: 83.713 Thread 0x000002593a652ff0 12893   !   1       jdk.internal.reflect.GeneratedMethodAccessor145::invoke (67 bytes)
Event: 83.713 Thread 0x000002593a652ff0 nmethod 12893 0x0000025924efd410 code [0x0000025924efd600, 0x0000025924efda78]
Event: 83.792 Thread 0x0000025932af9d60 12894       1       org.hibernate.internal.SessionFactoryImpl::withOptions (9 bytes)
Event: 83.792 Thread 0x000002593a28d900 12895       1       org.hibernate.internal.SessionFactoryImpl$SessionBuilderImpl::<init> (86 bytes)
Event: 83.792 Thread 0x000002593a980a40 12896       1       org.hibernate.internal.SessionFactoryImpl::getCache (9 bytes)
Event: 83.792 Thread 0x0000025932af9d60 nmethod 12894 0x0000025924efdd10 code [0x0000025924efdea0, 0x0000025924efdfe8]
Event: 83.792 Thread 0x000002593a980a40 nmethod 12896 0x0000025924efe090 code [0x0000025924efe220, 0x0000025924efe3a8]
Event: 83.793 Thread 0x000002593a28d900 nmethod 12895 0x0000025924efe490 code [0x0000025924efe660, 0x0000025924efeb48]
Event: 83.793 Thread 0x000002593a652ff0 12897       1       org.hibernate.persister.entity.SingleTableEntityPersister::getTableName (7 bytes)
Event: 83.794 Thread 0x000002593a652ff0 nmethod 12897 0x0000025924efed90 code [0x0000025924efef20, 0x0000025924eff018]
Event: 83.874 Thread 0x000002593a980a40 12898       1       io.jsonwebtoken.SignatureAlgorithm::isHmac (10 bytes)
Event: 83.874 Thread 0x000002593a652ff0 12899       1       io.jsonwebtoken.lang.Assert::isTrue (14 bytes)
Event: 83.874 Thread 0x000002593a652ff0 nmethod 12899 0x0000025924eff110 code [0x0000025924eff2a0, 0x0000025924eff3e8]
Event: 83.874 Thread 0x000002593a980a40 nmethod 12898 0x0000025924eff490 code [0x0000025924eff620, 0x0000025924eff728]
Event: 83.875 Thread 0x000002593a652ff0 12900       1       org.hibernate.boot.internal.SessionFactoryOptionsBuilder::getInterceptor (18 bytes)
Event: 83.875 Thread 0x000002593a652ff0 nmethod 12900 0x0000025924eff810 code [0x0000025924eff9a0, 0x0000025924effa78]
Event: 83.875 Thread 0x000002593a980a40 12901       1       org.hibernate.internal.CoordinatingEntityNameResolver::<init> (15 bytes)
Event: 83.875 Thread 0x000002593a652ff0 12902       1       jdk.proxy4.$Proxy127::<init> (6 bytes)
Event: 83.875 Thread 0x000002593a980a40 nmethod 12901 0x0000025924effb10 code [0x0000025924effca0, 0x0000025924effe18]
Event: 83.875 Thread 0x000002593a652ff0 nmethod 12902 0x0000025924effe90 code [0x0000025924f00020, 0x0000025924f001e8]

GC Heap History (20 events):
Event: 67.629 GC heap before
{Heap before GC invocations=54 (full 0):
 garbage-first heap   total 221184K, used 142401K [0x0000000702000000, 0x0000000800000000)
  region size 2048K, 35 young (71680K), 5 survivors (10240K)
 Metaspace       used 86381K, committed 87040K, reserved 1179648K
  class space    used 11875K, committed 12160K, reserved 1048576K
}
Event: 67.637 GC heap after
{Heap after GC invocations=55 (full 0):
 garbage-first heap   total 221184K, used 84657K [0x0000000702000000, 0x0000000800000000)
  region size 2048K, 1 young (2048K), 1 survivors (2048K)
 Metaspace       used 86381K, committed 87040K, reserved 1179648K
  class space    used 11875K, committed 12160K, reserved 1048576K
}
Event: 69.219 GC heap before
{Heap before GC invocations=55 (full 0):
 garbage-first heap   total 221184K, used 156337K [0x0000000702000000, 0x0000000800000000)
  region size 2048K, 36 young (73728K), 1 survivors (2048K)
 Metaspace       used 89132K, committed 89920K, reserved 1179648K
  class space    used 12307K, committed 12672K, reserved 1048576K
}
Event: 69.224 GC heap after
{Heap after GC invocations=56 (full 0):
 garbage-first heap   total 221184K, used 85793K [0x0000000702000000, 0x0000000800000000)
  region size 2048K, 2 young (4096K), 2 survivors (4096K)
 Metaspace       used 89132K, committed 89920K, reserved 1179648K
  class space    used 12307K, committed 12672K, reserved 1048576K
}
Event: 71.118 GC heap before
{Heap before GC invocations=56 (full 0):
 garbage-first heap   total 221184K, used 163617K [0x0000000702000000, 0x0000000800000000)
  region size 2048K, 40 young (81920K), 2 survivors (4096K)
 Metaspace       used 89343K, committed 90176K, reserved 1179648K
  class space    used 12352K, committed 12736K, reserved 1048576K
}
Event: 71.123 GC heap after
{Heap after GC invocations=57 (full 0):
 garbage-first heap   total 221184K, used 86094K [0x0000000702000000, 0x0000000800000000)
  region size 2048K, 2 young (4096K), 2 survivors (4096K)
 Metaspace       used 89343K, committed 90176K, reserved 1179648K
  class space    used 12352K, committed 12736K, reserved 1048576K
}
Event: 73.306 GC heap before
{Heap before GC invocations=57 (full 0):
 garbage-first heap   total 221184K, used 172110K [0x0000000702000000, 0x0000000800000000)
  region size 2048K, 44 young (90112K), 2 survivors (4096K)
 Metaspace       used 89343K, committed 90176K, reserved 1179648K
  class space    used 12352K, committed 12736K, reserved 1048576K
}
Event: 73.311 GC heap after
{Heap after GC invocations=58 (full 0):
 garbage-first heap   total 221184K, used 86027K [0x0000000702000000, 0x0000000800000000)
  region size 2048K, 2 young (4096K), 2 survivors (4096K)
 Metaspace       used 89343K, committed 90176K, reserved 1179648K
  class space    used 12352K, committed 12736K, reserved 1048576K
}
Event: 75.403 GC heap before
{Heap before GC invocations=58 (full 0):
 garbage-first heap   total 221184K, used 176139K [0x0000000702000000, 0x0000000800000000)
  region size 2048K, 46 young (94208K), 2 survivors (4096K)
 Metaspace       used 89361K, committed 90176K, reserved 1179648K
  class space    used 12354K, committed 12736K, reserved 1048576K
}
Event: 75.407 GC heap after
{Heap after GC invocations=59 (full 0):
 garbage-first heap   total 221184K, used 85907K [0x0000000702000000, 0x0000000800000000)
  region size 2048K, 2 young (4096K), 2 survivors (4096K)
 Metaspace       used 89361K, committed 90176K, reserved 1179648K
  class space    used 12354K, committed 12736K, reserved 1048576K
}
Event: 76.972 GC heap before
{Heap before GC invocations=59 (full 0):
 garbage-first heap   total 221184K, used 180115K [0x0000000702000000, 0x0000000800000000)
  region size 2048K, 48 young (98304K), 2 survivors (4096K)
 Metaspace       used 89370K, committed 90176K, reserved 1179648K
  class space    used 12356K, committed 12736K, reserved 1048576K
}
Event: 76.978 GC heap after
{Heap after GC invocations=60 (full 0):
 garbage-first heap   total 221184K, used 86030K [0x0000000702000000, 0x0000000800000000)
  region size 2048K, 2 young (4096K), 2 survivors (4096K)
 Metaspace       used 89370K, committed 90176K, reserved 1179648K
  class space    used 12356K, committed 12736K, reserved 1048576K
}
Event: 78.524 GC heap before
{Heap before GC invocations=60 (full 0):
 garbage-first heap   total 221184K, used 184334K [0x0000000702000000, 0x0000000800000000)
  region size 2048K, 50 young (102400K), 2 survivors (4096K)
 Metaspace       used 89370K, committed 90176K, reserved 1179648K
  class space    used 12356K, committed 12736K, reserved 1048576K
}
Event: 78.529 GC heap after
{Heap after GC invocations=61 (full 0):
 garbage-first heap   total 221184K, used 85838K [0x0000000702000000, 0x0000000800000000)
  region size 2048K, 2 young (4096K), 2 survivors (4096K)
 Metaspace       used 89370K, committed 90176K, reserved 1179648K
  class space    used 12356K, committed 12736K, reserved 1048576K
}
Event: 80.249 GC heap before
{Heap before GC invocations=61 (full 0):
 garbage-first heap   total 221184K, used 186190K [0x0000000702000000, 0x0000000800000000)
  region size 2048K, 51 young (104448K), 2 survivors (4096K)
 Metaspace       used 89371K, committed 90176K, reserved 1179648K
  class space    used 12356K, committed 12736K, reserved 1048576K
}
Event: 80.255 GC heap after
{Heap after GC invocations=62 (full 0):
 garbage-first heap   total 221184K, used 85915K [0x0000000702000000, 0x0000000800000000)
  region size 2048K, 2 young (4096K), 2 survivors (4096K)
 Metaspace       used 89371K, committed 90176K, reserved 1179648K
  class space    used 12356K, committed 12736K, reserved 1048576K
}
Event: 82.207 GC heap before
{Heap before GC invocations=62 (full 0):
 garbage-first heap   total 221184K, used 188315K [0x0000000702000000, 0x0000000800000000)
  region size 2048K, 52 young (106496K), 2 survivors (4096K)
 Metaspace       used 89371K, committed 90176K, reserved 1179648K
  class space    used 12356K, committed 12736K, reserved 1048576K
}
Event: 82.212 GC heap after
{Heap after GC invocations=63 (full 0):
 garbage-first heap   total 221184K, used 85967K [0x0000000702000000, 0x0000000800000000)
  region size 2048K, 2 young (4096K), 2 survivors (4096K)
 Metaspace       used 89371K, committed 90176K, reserved 1179648K
  class space    used 12356K, committed 12736K, reserved 1048576K
}
Event: 83.908 GC heap before
{Heap before GC invocations=63 (full 0):
 garbage-first heap   total 221184K, used 190415K [0x0000000702000000, 0x0000000800000000)
  region size 2048K, 53 young (108544K), 2 survivors (4096K)
 Metaspace       used 89406K, committed 90240K, reserved 1179648K
  class space    used 12364K, committed 12736K, reserved 1048576K
}
Event: 83.914 GC heap after
{Heap after GC invocations=64 (full 0):
 garbage-first heap   total 221184K, used 85933K [0x0000000702000000, 0x0000000800000000)
  region size 2048K, 2 young (4096K), 2 survivors (4096K)
 Metaspace       used 89406K, committed 90240K, reserved 1179648K
  class space    used 12364K, committed 12736K, reserved 1048576K
}

Dll operation events (9 events):
Event: 0.036 Loaded shared library C:\sts-4.19.0.RELEASE\plugins\org.eclipse.justj.openjdk.hotspot.jre.full.win32.x86_64_17.0.7.v20230425-1502\jre\bin\java.dll
Event: 0.624 Loaded shared library C:\sts-4.19.0.RELEASE\plugins\org.eclipse.justj.openjdk.hotspot.jre.full.win32.x86_64_17.0.7.v20230425-1502\jre\bin\jimage.dll
Event: 0.682 Loaded shared library C:\sts-4.19.0.RELEASE\plugins\org.eclipse.justj.openjdk.hotspot.jre.full.win32.x86_64_17.0.7.v20230425-1502\jre\bin\net.dll
Event: 0.686 Loaded shared library C:\sts-4.19.0.RELEASE\plugins\org.eclipse.justj.openjdk.hotspot.jre.full.win32.x86_64_17.0.7.v20230425-1502\jre\bin\nio.dll
Event: 0.699 Loaded shared library C:\sts-4.19.0.RELEASE\plugins\org.eclipse.justj.openjdk.hotspot.jre.full.win32.x86_64_17.0.7.v20230425-1502\jre\bin\zip.dll
Event: 0.917 Loaded shared library C:\sts-4.19.0.RELEASE\plugins\org.eclipse.justj.openjdk.hotspot.jre.full.win32.x86_64_17.0.7.v20230425-1502\jre\bin\management.dll
Event: 0.958 Loaded shared library C:\sts-4.19.0.RELEASE\plugins\org.eclipse.justj.openjdk.hotspot.jre.full.win32.x86_64_17.0.7.v20230425-1502\jre\bin\management_ext.dll
Event: 7.508 Loaded shared library C:\sts-4.19.0.RELEASE\plugins\org.eclipse.justj.openjdk.hotspot.jre.full.win32.x86_64_17.0.7.v20230425-1502\jre\bin\sunmscapi.dll
Event: 9.384 Loaded shared library C:\sts-4.19.0.RELEASE\plugins\org.eclipse.justj.openjdk.hotspot.jre.full.win32.x86_64_17.0.7.v20230425-1502\jre\bin\verify.dll

Deoptimization events (16 events):
Event: 3.005 Thread 0x0000025937fa0340 DEOPT PACKING pc=0x0000025923d18af9 sp=0x000000a01c3fcbd0
Event: 3.005 Thread 0x0000025937fa0340 DEOPT UNPACKING pc=0x00000259237a7143 sp=0x000000a01c3fc0b0 mode 3
Event: 3.266 Thread 0x0000025937fa0340 DEOPT PACKING pc=0x0000025923d6858c sp=0x000000a01c3fd9a0
Event: 3.266 Thread 0x0000025937fa0340 DEOPT UNPACKING pc=0x00000259237a7143 sp=0x000000a01c3fcfd0 mode 0
Event: 6.394 Thread 0x0000025937fa0340 DEOPT PACKING pc=0x0000025923ff1c79 sp=0x000000a01c3fc4f0
Event: 6.394 Thread 0x0000025937fa0340 DEOPT UNPACKING pc=0x00000259237a7143 sp=0x000000a01c3fb9d0 mode 3
Event: 7.416 Thread 0x0000025937fa0340 DEOPT PACKING pc=0x000002592406a5a5 sp=0x000000a01c3fcb80
Event: 7.416 Thread 0x0000025937fa0340 DEOPT UNPACKING pc=0x00000259237a7143 sp=0x000000a01c3fc0e8 mode 3
Event: 16.426 Thread 0x0000025937fa0340 DEOPT PACKING pc=0x0000025923dafcd2 sp=0x000000a01c3fc410
Event: 16.426 Thread 0x0000025937fa0340 DEOPT UNPACKING pc=0x00000259237a7143 sp=0x000000a01c3fb918 mode 3
Event: 16.730 Thread 0x0000025937fa0340 DEOPT PACKING pc=0x0000025923d38454 sp=0x000000a01c3fc860
Event: 16.730 Thread 0x0000025937fa0340 DEOPT UNPACKING pc=0x00000259237a7143 sp=0x000000a01c3fbdb8 mode 0
Event: 18.405 Thread 0x0000025937fa0340 DEOPT PACKING pc=0x0000025924428a93 sp=0x000000a01c3fa6a0
Event: 18.405 Thread 0x0000025937fa0340 DEOPT UNPACKING pc=0x00000259237a7143 sp=0x000000a01c3f9be8 mode 3
Event: 69.858 Thread 0x000002593a4d0d50 DEOPT PACKING pc=0x0000025924cd251b sp=0x000000a01d0f91a0
Event: 69.858 Thread 0x000002593a4d0d50 DEOPT UNPACKING pc=0x00000259237a7143 sp=0x000000a01d0f86c8 mode 3

Classes unloaded (0 events):
No events

Classes redefined (0 events):
No events

Internal exceptions (20 events):
Event: 19.019 Thread 0x0000025937fa29c0 Exception <a 'sun/nio/fs/WindowsException'{0x000000070d17f9f0}> (0x000000070d17f9f0) 
thrown [s\src\hotspot\share\prims\jni.cpp, line 516]
Event: 19.019 Thread 0x0000025937fa29c0 Exception <a 'sun/nio/fs/WindowsException'{0x000000070d17fce0}> (0x000000070d17fce0) 
thrown [s\src\hotspot\share\prims\jni.cpp, line 516]
Event: 19.021 Thread 0x0000025937fa29c0 Exception <a 'sun/nio/fs/WindowsException'{0x000000070d180610}> (0x000000070d180610) 
thrown [s\src\hotspot\share\prims\jni.cpp, line 516]
Event: 19.021 Thread 0x0000025937fa29c0 Exception <a 'sun/nio/fs/WindowsException'{0x000000070d180900}> (0x000000070d180900) 
thrown [s\src\hotspot\share\prims\jni.cpp, line 516]
Event: 19.283 Thread 0x0000025937fa0340 Exception <a 'java/lang/NoSuchMethodError'{0x000000070e9db6f8}: 'java.lang.Object java.lang.invoke.DirectMethodHandle$Holder.invokeInterface(java.lang.Object, java.lang.Object, java.lang.Object, java.lang.Object)'> (0x000000070e9db6f8) 
thrown [s\src\hotspot\share\interpreter\linkResolver.cpp, line 759]
Event: 19.328 Thread 0x0000025937fa0340 Exception <a 'java/lang/NoSuchMethodError'{0x000000070e7a8b38}: 'void java.lang.invoke.DirectMethodHandle$Holder.invokeVirtual(java.lang.Object, java.lang.Object, long)'> (0x000000070e7a8b38) 
thrown [s\src\hotspot\share\interpreter\linkResolver.cpp, line 759]
Event: 19.965 Thread 0x0000025937fa0340 Exception <a 'java/lang/NoSuchMethodError'{0x000000070d023d68}: 'java.lang.Object java.lang.invoke.DirectMethodHandle$Holder.newInvokeSpecial(java.lang.Object, java.lang.Object, int, java.lang.Object, java.lang.Object)'> (0x000000070d023d68) 
thrown [s\src\hotspot\share\interpreter\linkResolver.cpp, line 759]
Event: 19.966 Thread 0x0000025937fa0340 Exception <a 'java/lang/NoSuchMethodError'{0x000000070d02f000}: 'java.lang.Object java.lang.invoke.DirectMethodHandle$Holder.invokeSpecial(java.lang.Object, java.lang.Object, int, java.lang.Object, int, java.lang.Object)'> (0x000000070d02f000) 
thrown [s\src\hotspot\share\interpreter\linkResolver.cpp, line 759]
Event: 19.966 Thread 0x0000025937fa0340 Exception <a 'java/lang/NoSuchMethodError'{0x000000070d037020}: 'java.lang.Object java.lang.invoke.DirectMethodHandle$Holder.newInvokeSpecial(java.lang.Object, java.lang.Object, int, java.lang.Object, int)'> (0x000000070d037020) 
thrown [s\src\hotspot\share\interpreter\linkResolver.cpp, line 759]
Event: 19.967 Thread 0x0000025937fa0340 Exception <a 'java/lang/NoSuchMethodError'{0x000000070d03b120}: 'java.lang.Object java.lang.invoke.DirectMethodHandle$Holder.invokeSpecial(java.lang.Object, java.lang.Object, java.lang.Object, int, java.lang.Object, int)'> (0x000000070d03b120) 
thrown [s\src\hotspot\share\interpreter\linkResolver.cpp, line 759]
Event: 62.150 Thread 0x000002593a4ce6d0 Exception <a 'java/lang/NoSuchMethodError'{0x000000070c645e98}: 'java.lang.Object java.lang.invoke.DirectMethodHandle$Holder.invokeSpecial(java.lang.Object, java.lang.Object, java.lang.Object, java.lang.Object, java.lang.Object, long)'> (0x000000070c645e98) 
thrown [s\src\hotspot\share\interpreter\linkResolver.cpp, line 759]
Event: 62.150 Thread 0x000002593a4ce6d0 Exception <a 'java/lang/NoSuchMethodError'{0x000000070c6498d8}: 'java.lang.Object java.lang.invoke.Invokers$Holder.linkToTargetMethod(java.lang.Object, java.lang.Object, java.lang.Object, long, java.lang.Object)'> (0x000000070c6498d8) 
thrown [s\src\hotspot\share\interpreter\linkResolver.cpp, line 759]
Event: 62.257 Thread 0x000002593a4ce6d0 Exception <a 'java/lang/NoSuchMethodError'{0x000000070c42af98}: 'java.lang.Object java.lang.invoke.DirectMethodHandle$Holder.invokeStatic(java.lang.Object, int, int)'> (0x000000070c42af98) 
thrown [s\src\hotspot\share\interpreter\linkResolver.cpp, line 759]
Event: 67.225 Thread 0x000002593a4d0880 Exception <a 'java/lang/NoSuchMethodError'{0x000000070c360238}: 'void java.lang.invoke.DirectMethodHandle$Holder.invokeSpecialIFC(java.lang.Object, java.lang.Object, int, java.lang.Object, java.lang.Object, java.lang.Object, java.lang.Object)'> (0x000000070c360238) 
thrown [s\src\hotspot\share\interpreter\linkResolver.cpp, line 759]
Event: 68.225 Thread 0x000002593a4cf540 Exception <a 'java/lang/NoSuchMethodError'{0x000000070ec17aa8}: 'java.lang.Object java.lang.invoke.Invokers$Holder.invoker(java.lang.Object, java.lang.Object, java.lang.Object, java.lang.Object)'> (0x000000070ec17aa8) 
thrown [s\src\hotspot\share\interpreter\linkResolver.cpp, line 759]
Event: 68.227 Thread 0x000002593a4cf540 Exception <a 'java/lang/NoSuchMethodError'{0x000000070ec21640}: 'int java.lang.invoke.DirectMethodHandle$Holder.invokeSpecial(java.lang.Object, java.lang.Object, java.lang.Object, int)'> (0x000000070ec21640) 
thrown [s\src\hotspot\share\interpreter\linkResolver.cpp, line 759]
Event: 68.230 Thread 0x000002593a4cf540 Exception <a 'java/lang/NoSuchMethodError'{0x000000070ecadc20}: 'java.lang.Object java.lang.invoke.DirectMethodHandle$Holder.invokeStatic(java.lang.Object, java.lang.Object, java.lang.Object, java.lang.Object, int)'> (0x000000070ecadc20) 
thrown [s\src\hotspot\share\interpreter\linkResolver.cpp, line 759]
Event: 68.237 Thread 0x000002593a4cf540 Exception <a 'java/lang/NoSuchMethodError'{0x000000070ecb5610}: 'void java.lang.invoke.DelegatingMethodHandle$Holder.reinvoke_L(java.lang.Object, java.lang.Object, int)'> (0x000000070ecb5610) 
thrown [s\src\hotspot\share\interpreter\linkResolver.cpp, line 759]
Event: 68.247 Thread 0x000002593a4cf540 Exception <a 'java/lang/NoSuchMethodError'{0x000000070ed5ce80}: 'java.lang.Object java.lang.invoke.Invokers$Holder.invokeExact_MT(java.lang.Object, java.lang.Object, java.lang.Object, java.lang.Object)'> (0x000000070ed5ce80) 
thrown [s\src\hotspot\share\interpreter\linkResolver.cpp, line 759]
Event: 68.349 Thread 0x000002593a4ce6d0 Exception <a 'java/lang/NoSuchMethodError'{0x000000070ebc1c00}: 'java.lang.Object java.lang.invoke.DirectMethodHandle$Holder.invokeInterface(java.lang.Object, java.lang.Object, int)'> (0x000000070ebc1c00) 
thrown [s\src\hotspot\share\interpreter\linkResolver.cpp, line 759]

VM Operations (20 events):
Event: 74.311 Executing VM operation: Cleanup
Event: 74.311 Executing VM operation: Cleanup done
Event: 75.312 Executing VM operation: Cleanup
Event: 75.312 Executing VM operation: Cleanup done
Event: 75.403 Executing VM operation: G1CollectForAllocation
Event: 75.408 Executing VM operation: G1CollectForAllocation done
Event: 76.972 Executing VM operation: G1CollectForAllocation
Event: 76.978 Executing VM operation: G1CollectForAllocation done
Event: 77.978 Executing VM operation: Cleanup
Event: 77.978 Executing VM operation: Cleanup done
Event: 78.524 Executing VM operation: G1CollectForAllocation
Event: 78.529 Executing VM operation: G1CollectForAllocation done
Event: 80.249 Executing VM operation: G1CollectForAllocation
Event: 80.255 Executing VM operation: G1CollectForAllocation done
Event: 82.206 Executing VM operation: G1CollectForAllocation
Event: 82.212 Executing VM operation: G1CollectForAllocation done
Event: 83.213 Executing VM operation: Cleanup
Event: 83.213 Executing VM operation: Cleanup done
Event: 83.908 Executing VM operation: G1CollectForAllocation
Event: 83.921 Executing VM operation: G1CollectForAllocation done

Events (20 events):
Event: 68.360 loading class java/util/stream/DoubleStream
Event: 68.361 loading class java/util/stream/DoubleStream done
Event: 68.377 loading class javax/xml/datatype/XMLGregorianCalendar
Event: 68.378 loading class javax/xml/datatype/XMLGregorianCalendar done
Event: 68.476 loading class jdk/internal/reflect/UnsafeBooleanFieldAccessorImpl
Event: 68.477 loading class jdk/internal/reflect/UnsafeBooleanFieldAccessorImpl done
Event: 77.677 Thread 0x000002593a980a40 Thread exited: 0x000002593a980a40
Event: 77.693 Thread 0x000002593a1e4e00 Thread exited: 0x000002593a1e4e00
Event: 79.750 Thread 0x000002593a980a40 Thread added: 0x000002593a980a40
Event: 79.750 Thread 0x000002593a652ff0 Thread added: 0x000002593a652ff0
Event: 82.700 loading class java/util/stream/ReferencePipeline$4
Event: 82.701 loading class java/util/stream/ReferencePipeline$4 done
Event: 82.701 loading class java/util/stream/Nodes$IntFixedNodeBuilder
Event: 82.701 loading class java/util/stream/Node$Builder$OfInt
Event: 82.702 loading class java/util/stream/Node$Builder$OfInt done
Event: 82.702 loading class java/util/stream/Nodes$IntArrayNode
Event: 82.702 loading class java/util/stream/Nodes$IntArrayNode done
Event: 82.702 loading class java/util/stream/Nodes$IntFixedNodeBuilder done
Event: 82.702 loading class java/util/stream/ReferencePipeline$4$1
Event: 82.702 loading class java/util/stream/ReferencePipeline$4$1 done


Dynamic libraries:
0x00007ff6f8870000 - 0x00007ff6f887e000 	C:\sts-4.19.0.RELEASE\plugins\org.eclipse.justj.openjdk.hotspot.jre.full.win32.x86_64_17.0.7.v20230425-1502\jre\bin\javaw.exe
0x00007ff8f5410000 - 0x00007ff8f5624000 	C:\Windows\SYSTEM32\ntdll.dll
0x00007ff8a7500000 - 0x00007ff8a7519000 	C:\Program Files\Avast Software\Avast\aswhook.dll
0x00007ff8f33b0000 - 0x00007ff8f3474000 	C:\Windows\System32\KERNEL32.DLL
0x00007ff8f27f0000 - 0x00007ff8f2b94000 	C:\Windows\System32\KERNELBASE.dll
0x00007ff8f3030000 - 0x00007ff8f3141000 	C:\Windows\System32\ucrtbase.dll
0x00007ff8863d0000 - 0x00007ff8863e7000 	C:\sts-4.19.0.RELEASE\plugins\org.eclipse.justj.openjdk.hotspot.jre.full.win32.x86_64_17.0.7.v20230425-1502\jre\bin\jli.dll
0x00007ff8f3580000 - 0x00007ff8f372a000 	C:\Windows\System32\USER32.dll
0x00007ff8f2d30000 - 0x00007ff8f2d56000 	C:\Windows\System32\win32u.dll
0x00007ff8f32c0000 - 0x00007ff8f32e9000 	C:\Windows\System32\GDI32.dll
0x00007ff8f2c10000 - 0x00007ff8f2d29000 	C:\Windows\System32\gdi32full.dll
0x00007ff8f2f90000 - 0x00007ff8f302a000 	C:\Windows\System32\msvcp_win.dll
0x00007ff881e60000 - 0x00007ff881e79000 	C:\sts-4.19.0.RELEASE\plugins\org.eclipse.justj.openjdk.hotspot.jre.full.win32.x86_64_17.0.7.v20230425-1502\jre\bin\VCRUNTIME140.dll
0x00007ff8f19f0000 - 0x00007ff8f1c7f000 	C:\Windows\WinSxS\amd64_microsoft.windows.common-controls_6595b64144ccf1df_6.0.22621.2070_none_2713e6537381f706\COMCTL32.dll
0x00007ff8f4a60000 - 0x00007ff8f4b07000 	C:\Windows\System32\msvcrt.dll
0x00007ff8f3220000 - 0x00007ff8f3251000 	C:\Windows\System32\IMM32.DLL
0x00007ff8c36e0000 - 0x00007ff8c36ec000 	C:\sts-4.19.0.RELEASE\plugins\org.eclipse.justj.openjdk.hotspot.jre.full.win32.x86_64_17.0.7.v20230425-1502\jre\bin\vcruntime140_1.dll
0x00007ff881dc0000 - 0x00007ff881e51000 	C:\sts-4.19.0.RELEASE\plugins\org.eclipse.justj.openjdk.hotspot.jre.full.win32.x86_64_17.0.7.v20230425-1502\jre\bin\msvcp140.dll
0x00007ff886440000 - 0x00007ff887088000 	C:\sts-4.19.0.RELEASE\plugins\org.eclipse.justj.openjdk.hotspot.jre.full.win32.x86_64_17.0.7.v20230425-1502\jre\bin\server\jvm.dll
0x00007ff8f4b10000 - 0x00007ff8f4bc0000 	C:\Windows\System32\ADVAPI32.dll
0x00007ff8f3c50000 - 0x00007ff8f3cf6000 	C:\Windows\System32\sechost.dll
0x00007ff8f4c40000 - 0x00007ff8f4d57000 	C:\Windows\System32\RPCRT4.dll
0x00007ff8e8220000 - 0x00007ff8e8229000 	C:\Windows\SYSTEM32\WSOCK32.dll
0x00007ff8eef90000 - 0x00007ff8eef9a000 	C:\Windows\SYSTEM32\VERSION.dll
0x00007ff8e9cf0000 - 0x00007ff8e9d24000 	C:\Windows\SYSTEM32\WINMM.dll
0x00007ff8f4bc0000 - 0x00007ff8f4c31000 	C:\Windows\System32\WS2_32.dll
0x00007ff8f0f70000 - 0x00007ff8f0f88000 	C:\Windows\SYSTEM32\kernel.appcore.dll
0x00007ff8ce6f0000 - 0x00007ff8ce6fa000 	C:\sts-4.19.0.RELEASE\plugins\org.eclipse.justj.openjdk.hotspot.jre.full.win32.x86_64_17.0.7.v20230425-1502\jre\bin\jimage.dll
0x00007ff8f2170000 - 0x00007ff8f239e000 	C:\Windows\SYSTEM32\DBGHELP.DLL
0x00007ff8f3830000 - 0x00007ff8f3bba000 	C:\Windows\System32\combase.dll
0x00007ff8f4f90000 - 0x00007ff8f5067000 	C:\Windows\System32\OLEAUT32.dll
0x00007ff8f1fe0000 - 0x00007ff8f2012000 	C:\Windows\SYSTEM32\dbgcore.DLL
0x00007ff8f3150000 - 0x00007ff8f31ca000 	C:\Windows\System32\bcryptPrimitives.dll
0x00007ff8863f0000 - 0x00007ff886415000 	C:\sts-4.19.0.RELEASE\plugins\org.eclipse.justj.openjdk.hotspot.jre.full.win32.x86_64_17.0.7.v20230425-1502\jre\bin\java.dll
0x00007ff8863b0000 - 0x00007ff8863c8000 	C:\sts-4.19.0.RELEASE\plugins\org.eclipse.justj.openjdk.hotspot.jre.full.win32.x86_64_17.0.7.v20230425-1502\jre\bin\zip.dll
0x00007ff8f3d00000 - 0x00007ff8f4516000 	C:\Windows\System32\SHELL32.dll
0x00007ff8efd60000 - 0x00007ff8f064a000 	C:\Windows\SYSTEM32\windows.storage.dll
0x00007ff8efc20000 - 0x00007ff8efd5e000 	C:\Windows\SYSTEM32\wintypes.dll
0x00007ff8f3730000 - 0x00007ff8f3823000 	C:\Windows\System32\SHCORE.dll
0x00007ff8f4d60000 - 0x00007ff8f4dbe000 	C:\Windows\System32\shlwapi.dll
0x00007ff8f2720000 - 0x00007ff8f2746000 	C:\Windows\SYSTEM32\profapi.dll
0x00007ff886390000 - 0x00007ff8863a9000 	C:\sts-4.19.0.RELEASE\plugins\org.eclipse.justj.openjdk.hotspot.jre.full.win32.x86_64_17.0.7.v20230425-1502\jre\bin\net.dll
0x00007ff8e9e00000 - 0x00007ff8e9f37000 	C:\Windows\SYSTEM32\WINHTTP.dll
0x00007ff8f1400000 - 0x00007ff8f1469000 	C:\Windows\system32\mswsock.dll
0x00007ff886370000 - 0x00007ff886385000 	C:\sts-4.19.0.RELEASE\plugins\org.eclipse.justj.openjdk.hotspot.jre.full.win32.x86_64_17.0.7.v20230425-1502\jre\bin\nio.dll
0x00007ff8b3fe0000 - 0x00007ff8b3fe9000 	C:\sts-4.19.0.RELEASE\plugins\org.eclipse.justj.openjdk.hotspot.jre.full.win32.x86_64_17.0.7.v20230425-1502\jre\bin\management.dll
0x00007ff8ac460000 - 0x00007ff8ac46b000 	C:\sts-4.19.0.RELEASE\plugins\org.eclipse.justj.openjdk.hotspot.jre.full.win32.x86_64_17.0.7.v20230425-1502\jre\bin\management_ext.dll
0x00007ff8f4dc0000 - 0x00007ff8f4dc8000 	C:\Windows\System32\PSAPI.DLL
0x00007ff8c49e0000 - 0x00007ff8c49f7000 	C:\Windows\system32\napinsp.dll
0x00007ff8c49c0000 - 0x00007ff8c49db000 	C:\Windows\system32\pnrpnsp.dll
0x00007ff8f0ad0000 - 0x00007ff8f0bc3000 	C:\Windows\SYSTEM32\DNSAPI.dll
0x00007ff8f0a60000 - 0x00007ff8f0a8d000 	C:\Windows\SYSTEM32\IPHLPAPI.DLL
0x00007ff8f49d0000 - 0x00007ff8f49d9000 	C:\Windows\System32\NSI.dll
0x00007ff8c41b0000 - 0x00007ff8c41c1000 	C:\Windows\System32\winrnr.dll
0x00007ff8e9fd0000 - 0x00007ff8e9fe5000 	C:\Windows\system32\wshbth.dll
0x00007ff8c4180000 - 0x00007ff8c41a1000 	C:\Windows\system32\nlansp_c.dll
0x00007ff8e8190000 - 0x00007ff8e819a000 	C:\Windows\System32\rasadhlp.dll
0x00007ff8e7b40000 - 0x00007ff8e7bc4000 	C:\Windows\System32\fwpuclnt.dll
0x00007ff8f2490000 - 0x00007ff8f24ab000 	C:\Windows\SYSTEM32\CRYPTSP.dll
0x00007ff8f16e0000 - 0x00007ff8f1715000 	C:\Windows\system32\rsaenh.dll
0x00007ff8f1470000 - 0x00007ff8f149c000 	C:\Windows\SYSTEM32\USERENV.dll
0x00007ff8f20b0000 - 0x00007ff8f20d8000 	C:\Windows\SYSTEM32\bcrypt.dll
0x00007ff8f18c0000 - 0x00007ff8f18cc000 	C:\Windows\SYSTEM32\CRYPTBASE.dll
0x00007ff8e9d50000 - 0x00007ff8e9d69000 	C:\Windows\SYSTEM32\dhcpcsvc6.DLL
0x00007ff8e9d30000 - 0x00007ff8e9d4f000 	C:\Windows\SYSTEM32\dhcpcsvc.DLL
0x00007ff8eed10000 - 0x00007ff8eed1e000 	C:\sts-4.19.0.RELEASE\plugins\org.eclipse.justj.openjdk.hotspot.jre.full.win32.x86_64_17.0.7.v20230425-1502\jre\bin\sunmscapi.dll
0x00007ff8f2e20000 - 0x00007ff8f2f87000 	C:\Windows\System32\CRYPT32.dll
0x00007ff8f1cc0000 - 0x00007ff8f1cee000 	C:\Windows\SYSTEM32\ncrypt.dll
0x00007ff8f1c80000 - 0x00007ff8f1cb7000 	C:\Windows\SYSTEM32\NTASN1.dll
0x00007ff8bf9d0000 - 0x00007ff8bf9e0000 	C:\sts-4.19.0.RELEASE\plugins\org.eclipse.justj.openjdk.hotspot.jre.full.win32.x86_64_17.0.7.v20230425-1502\jre\bin\verify.dll
0x00007ff8cb140000 - 0x00007ff8cb148000 	C:\Windows\system32\wshunix.dll

dbghelp: loaded successfully - version: 4.0.5 - missing functions: none
symbol engine: initialized successfully - sym options: 0x614 - pdb path: .;C:\sts-4.19.0.RELEASE\plugins\org.eclipse.justj.openjdk.hotspot.jre.full.win32.x86_64_17.0.7.v20230425-1502\jre\bin;C:\Windows\SYSTEM32;C:\Program Files\Avast Software\Avast;C:\Windows\WinSxS\amd64_microsoft.windows.common-controls_6595b64144ccf1df_6.0.22621.2070_none_2713e6537381f706;C:\sts-4.19.0.RELEASE\plugins\org.eclipse.justj.openjdk.hotspot.jre.full.win32.x86_64_17.0.7.v20230425-1502\jre\bin\server

VM Arguments:
jvm_args: -Dcom.sun.management.jmxremote -Dcom.sun.management.jmxremote.port=50342 -Dcom.sun.management.jmxremote.authenticate=false -Dcom.sun.management.jmxremote.ssl=false -Djava.rmi.server.hostname=localhost -Dspring.jmx.enabled=true -Dmanagement.endpoints.jmx.exposure.include=* -Dspring.application.admin.enabled=true -XX:TieredStopAtLevel=1 -Dspring.boot.project.name=HPS_Projet_BackEnd -Dfile.encoding=UTF-8 -XX:+ShowCodeDetailsInExceptionMessages 
java_command: com.example.hps.HpsAppApplication --spring.output.ansi.enabled=always
java_class_path (initial): C:\Users\hi\Desktop\HPS\HPS_Projet_BackEnd\target\classes;C:\Users\hi\.m2\repository\org\springframework\boot\spring-boot-starter-data-rest\3.1.1\spring-boot-starter-data-rest-3.1.1.jar;C:\Users\hi\.m2\repository\org\springframework\boot\spring-boot-starter-web\3.1.1\spring-boot-starter-web-3.1.1.jar;C:\Users\hi\.m2\repository\org\springframework\boot\spring-boot-starter-json\3.1.1\spring-boot-starter-json-3.1.1.jar;C:\Users\hi\.m2\repository\com\fasterxml\jackson\datatype\jackson-datatype-jdk8\2.15.2\jackson-datatype-jdk8-2.15.2.jar;C:\Users\hi\.m2\repository\com\fasterxml\jackson\datatype\jackson-datatype-jsr310\2.15.2\jackson-datatype-jsr310-2.15.2.jar;C:\Users\hi\.m2\repository\com\fasterxml\jackson\module\jackson-module-parameter-names\2.15.2\jackson-module-parameter-names-2.15.2.jar;C:\Users\hi\.m2\repository\org\springframework\boot\spring-boot-starter-tomcat\3.1.1\spring-boot-starter-tomcat-3.1.1.jar;C:\Users\hi\.m2\repository\org\apache\tomcat\embed\tomcat-embed-core\10.1.10\tomcat-embed-core-10.1.10.jar;C:\Users\hi\.m2\repository\org\apache\tomcat\embed\tomcat-embed-websocket\10.1.10\tomcat-embed-websocket-10.1.10.jar;C:\Users\hi\.m2\repository\org\springframework\spring-web\6.0.10\spring-web-6.0.10.jar;C:\Users\hi\.m2\repository\io\micrometer\micrometer-observation\1.11.1\micrometer-observation-1.11.1.jar;C:\Users\hi\.m2\repository\io\micrometer\micrometer-commons\1.11.1\micrometer-commons-1.11.1.jar;C:\Users\hi\.m2\repository\org\springframework\spring-webmvc\6.0.10\spring-webmvc-6.0.10.jar;C:\Users\hi\.m2\repository\org\springframework\data\spring-data-rest-webmvc\4.1.1\spring-data-rest-webmvc-4.1.1.jar;C:\Users\hi\.m2\repository\org\springframework\data\spring-data-rest-core\4.1.1\spring-data-rest-core-4.1.1.jar;C:\Users\hi\.m2\repository\org\springframework\hateoas\spring-hateoas\2.1.0\spring-hateoas-2.1.0.jar;C:\Users\hi\.m2\repository\org\springframework\plugin\spring-plugin-core\3.0.0\spring-plugin-core-3.0.0.jar;C:\Use
Launcher Type: SUN_STANDARD

[Global flags]
     intx CICompilerCount                          = 4                                         {product} {ergonomic}
     uint ConcGCThreads                            = 2                                         {product} {ergonomic}
     uint G1ConcRefinementThreads                  = 8                                         {product} {ergonomic}
   size_t G1HeapRegionSize                         = 2097152                                   {product} {ergonomic}
    uintx GCDrainStackTargetSize                   = 64                                        {product} {ergonomic}
   size_t InitialHeapSize                          = 266338304                                 {product} {ergonomic}
     bool ManagementServer                         = true                                      {product} {command line}
   size_t MarkStackSize                            = 4194304                                   {product} {ergonomic}
   size_t MaxHeapSize                              = 4261412864                                {product} {ergonomic}
   size_t MaxNewSize                               = 2556428288                                {product} {ergonomic}
   size_t MinHeapDeltaBytes                        = 2097152                                   {product} {ergonomic}
   size_t MinHeapSize                              = 8388608                                   {product} {ergonomic}
    uintx NonProfiledCodeHeapSize                  = 0                                      {pd product} {ergonomic}
     bool ProfileInterpreter                       = false                                  {pd product} {command line}
    uintx ProfiledCodeHeapSize                     = 0                                      {pd product} {ergonomic}
     bool ShowCodeDetailsInExceptionMessages       = true                                   {manageable} {command line}
   size_t SoftMaxHeapSize                          = 4261412864                             {manageable} {ergonomic}
     intx TieredStopAtLevel                        = 1                                         {product} {command line}
     bool UseCompressedClassPointers               = true                           {product lp64_product} {ergonomic}
     bool UseCompressedOops                        = true                           {product lp64_product} {ergonomic}
     bool UseG1GC                                  = true                                      {product} {ergonomic}
     bool UseLargePagesIndividualAllocation        = false                                  {pd product} {ergonomic}

Logging:
Log output configuration:
 #0: stdout all=warning uptime,level,tags
 #1: stderr all=off uptime,level,tags

Environment Variables:
JAVA_HOME=C:\Program Files\Java\jdk-20
PATH=C:/sts-4.19.0.RELEASE//plugins/org.eclipse.justj.openjdk.hotspot.jre.full.win32.x86_64_17.0.7.v20230425-1502/jre/bin/server;C:/sts-4.19.0.RELEASE//plugins/org.eclipse.justj.openjdk.hotspot.jre.full.win32.x86_64_17.0.7.v20230425-1502/jre/bin;C:\Program Files\Common Files\Oracle\Java\javapath;C:\Windows\system32;C:\Windows;C:\Windows\System32\Wbem;C:\Windows\System32\WindowsPowerShell\v1.0\;C:\Windows\System32\OpenSSH\;C:\Program Files\Java\jdk-20\bin;C:\Program Files\Git\cmd;C:\Program Files\Common Files\Oracle\Java\javapath;C:\Program Files\Git LFS;C:\Program Files\nodejs\;C:\Users\hi\AppData\Local\Microsoft\WindowsApps;C:\Users\hi\AppData\Local\Programs\Microsoft VS Code\bin;C:\Users\hi\AppData\Local\GitHubDesktop\bin;C:\Users\hi\AppData\Roaming\npm;C:\sts-4.19.0.RELEASE;
USERNAME=hi
OS=Windows_NT
PROCESSOR_IDENTIFIER=Intel64 Family 6 Model 142 Stepping 12, GenuineIntel
TMP=C:\Users\hi\AppData\Local\Temp
TEMP=C:\Users\hi\AppData\Local\Temp



---------------  S Y S T E M  ---------------

OS:
 Windows 11 , 64 bit Build 22621 (10.0.22621.2070)
OS uptime: 0 days 0:08 hours
Hyper-V role detected

CPU: total 8 (initial active 8) (4 cores per cpu, 2 threads per core) family 6 model 142 stepping 12 microcode 0xec, cx8, cmov, fxsr, ht, mmx, 3dnowpref, sse, sse2, sse3, ssse3, sse4.1, sse4.2, popcnt, lzcnt, tsc, tscinvbit, avx, avx2, aes, erms, clmul, bmi1, bmi2, adx, fma, vzeroupper, clflush, clflushopt, hv

Memory: 4k page, system-wide physical 16254M (2698M free)
TotalPageFile size 20222M (AvailPageFile size 3942M)
current process WorkingSet (physical memory assigned to process): 399M, peak: 399M
current process commit charge ("private bytes"): 449M, peak: 449M

vm_info: OpenJDK 64-Bit Server VM (17.0.7+7) for windows-amd64 JRE (17.0.7+7), built on Apr 18 2023 22:10:42 by "temurin" with MS VC++ 16.7 (VS2019)

END.
