#
# A fatal error has been detected by the Java Runtime Environment:
#
#  EXCEPTION_ACCESS_VIOLATION (0xc0000005) at pc=0x00007ff8dc9e89f3, pid=13004, tid=3196
#
# JRE version: OpenJDK Runtime Environment Temurin-17.0.7+7 (17.0.7+7) (build 17.0.7+7)
# Java VM: OpenJDK 64-Bit Server VM Temurin-17.0.7+7 (17.0.7+7, mixed mode, emulated-client, tiered, compressed oops, compressed class ptrs, g1 gc, windows-amd64)
# Problematic frame:
# V  [jvm.dll+0x6789f3]
#
# No core dump will be written. Minidumps are not enabled by default on client versions of Windows
#
# If you would like to submit a bug report, please visit:
#   https://github.com/adoptium/adoptium-support/issues
#

---------------  S U M M A R Y ------------

Command Line: -Dcom.sun.management.jmxremote -Dcom.sun.management.jmxremote.port=54928 -Dcom.sun.management.jmxremote.authenticate=false -Dcom.sun.management.jmxremote.ssl=false -Djava.rmi.server.hostname=localhost -Dspring.jmx.enabled=true -Dmanagement.endpoints.jmx.exposure.include=* -Dspring.application.admin.enabled=true -XX:TieredStopAtLevel=1 -Dspring.boot.project.name=HPS_Projet_BackEnd -Dfile.encoding=UTF-8 -XX:+ShowCodeDetailsInExceptionMessages com.example.hps.HpsAppApplication --spring.output.ansi.enabled=always

Host: Intel(R) Core(TM) i7-8565U CPU @ 1.80GHz, 8 cores, 15G,  Windows 11 , 64 bit Build 22621 (10.0.22621.2070)
Time: Wed Aug 16 11:47:26 2023 Morocco Daylight Time elapsed time: 4.914605 seconds (0d 0h 0m 4s)

---------------  T H R E A D  ---------------

Current thread (0x000001e5cda5faa0):  JavaThread "restartedMain" [_thread_in_vm, id=3196, stack(0x000000689f100000,0x000000689f200000)]

Stack: [0x000000689f100000,0x000000689f200000],  sp=0x000000689f1fa870,  free space=1002k
Native frames: (J=compiled Java code, j=interpreted, Vv=VM code, C=native code)
V  [jvm.dll+0x6789f3]
V  [jvm.dll+0x678ac1]
V  [jvm.dll+0x6797b0]
V  [jvm.dll+0x7a2c46]
V  [jvm.dll+0x5613e3]
V  [jvm.dll+0x56074d]
V  [jvm.dll+0x55e67a]
V  [jvm.dll+0x6bf6db]
V  [jvm.dll+0x6c0556]
V  [jvm.dll+0x4202ef]
C  0x000001e5b9cd5047

Java frames: (J=compiled Java code, j=interpreted, Vv=VM code)
J 5201  jdk.internal.reflect.NativeMethodAccessorImpl.invoke0(Ljava/lang/reflect/Method;Ljava/lang/Object;[Ljava/lang/Object;)Ljava/lang/Object; java.base@17.0.7 (0 bytes) @ 0x000001e5b9cd4fa7 [0x000001e5b9cd4f20+0x0000000000000087]
J 5200 c1 jdk.internal.reflect.NativeMethodAccessorImpl.invoke(Ljava/lang/Object;[Ljava/lang/Object;)Ljava/lang/Object; java.base@17.0.7 (137 bytes) @ 0x000001e5b9cd57cc [0x000001e5b9cd5480+0x000000000000034c]
J 4260 c1 jdk.internal.reflect.DelegatingMethodAccessorImpl.invoke(Ljava/lang/Object;[Ljava/lang/Object;)Ljava/lang/Object; java.base@17.0.7 (10 bytes) @ 0x000001e5b9b56964 [0x000001e5b9b56920+0x0000000000000044]
J 4419 c1 java.lang.reflect.Method.invoke(Ljava/lang/Object;[Ljava/lang/Object;)Ljava/lang/Object; java.base@17.0.7 (65 bytes) @ 0x000001e5b9b9ab6c [0x000001e5b9b9aa60+0x000000000000010c]
j  net.bytebuddy.description.annotation.AnnotationDescription$ForLoadedAnnotation.getValue(Lnet/bytebuddy/description/method/MethodDescription$InDefinedShape;)Lnet/bytebuddy/description/annotation/AnnotationValue;+171
j  net.bytebuddy.description.annotation.AnnotationDescription$AbstractBase.hashCode()I+65
j  net.bytebuddy.implementation.bind.annotation.TargetMethodAnnotationDrivenBinder$DelegationProcessor$Handler$Bound.hashCode()I+36
J 3048 c1 java.util.ArrayList.hashCodeRange(II)I java.base@17.0.7 (68 bytes) @ 0x000001e5b995b5ec [0x000001e5b995b540+0x00000000000000ac]
J 3047 c1 java.util.ArrayList.hashCode()I java.base@17.0.7 (22 bytes) @ 0x000001e5b995ad14 [0x000001e5b995acc0+0x0000000000000054]
j  net.bytebuddy.implementation.bind.annotation.TargetMethodAnnotationDrivenBinder$Record.hashCode()I+25
J 3048 c1 java.util.ArrayList.hashCodeRange(II)I java.base@17.0.7 (68 bytes) @ 0x000001e5b995b5ec [0x000001e5b995b540+0x00000000000000ac]
J 3047 c1 java.util.ArrayList.hashCode()I java.base@17.0.7 (22 bytes) @ 0x000001e5b995ad14 [0x000001e5b995acc0+0x0000000000000054]
j  net.bytebuddy.implementation.MethodDelegation$ImplementationDelegate$ForStaticMethod.hashCode()I+14
j  net.bytebuddy.implementation.MethodDelegation.hashCode()I+14
j  net.bytebuddy.dynamic.scaffold.MethodRegistry$Handler$ForImplementation.hashCode()I+14
J 128 c1 java.util.HashMap.put(Ljava/lang/Object;Ljava/lang/Object;)Ljava/lang/Object; java.base@17.0.7 (13 bytes) @ 0x000001e5b93950ac [0x000001e5b9395040+0x000000000000006c]
J 1558 c1 java.util.HashSet.add(Ljava/lang/Object;)Z java.base@17.0.7 (20 bytes) @ 0x000001e5b9652fec [0x000001e5b9652fa0+0x000000000000004c]
j  net.bytebuddy.dynamic.scaffold.MethodRegistry$Default.prepare(Lnet/bytebuddy/dynamic/scaffold/InstrumentedType;Lnet/bytebuddy/dynamic/scaffold/MethodGraph$Compiler;Lnet/bytebuddy/dynamic/scaffold/TypeValidation;Lnet/bytebuddy/dynamic/VisibilityBridgeStrategy;Lnet/bytebuddy/matcher/LatentMatcher;)Lnet/bytebuddy/dynamic/scaffold/MethodRegistry$Prepared;+73
j  net.bytebuddy.dynamic.scaffold.subclass.SubclassDynamicTypeBuilder.toTypeWriter(Lnet/bytebuddy/pool/TypePool;)Lnet/bytebuddy/dynamic/scaffold/TypeWriter;+48
j  net.bytebuddy.dynamic.scaffold.subclass.SubclassDynamicTypeBuilder.toTypeWriter()Lnet/bytebuddy/dynamic/scaffold/TypeWriter;+4
j  net.bytebuddy.dynamic.DynamicType$Builder$AbstractBase$UsingTypeWriter.make(Lnet/bytebuddy/dynamic/TypeResolutionStrategy;)Lnet/bytebuddy/dynamic/DynamicType$Unloaded;+1
j  net.bytebuddy.dynamic.DynamicType$Builder$AbstractBase.make()Lnet/bytebuddy/dynamic/DynamicType$Unloaded;+4
j  org.hibernate.bytecode.internal.bytebuddy.ByteBuddyState.make(Lnet/bytebuddy/pool/TypePool;Lnet/bytebuddy/dynamic/DynamicType$Builder;)Lnet/bytebuddy/dynamic/DynamicType$Unloaded;+27
j  org.hibernate.bytecode.internal.bytebuddy.ByteBuddyState.make(Lnet/bytebuddy/dynamic/DynamicType$Builder;)Lnet/bytebuddy/dynamic/DynamicType$Unloaded;+3
j  org.hibernate.bytecode.internal.bytebuddy.ByteBuddyState$1.run()Ljava/lang/Class;+23
j  org.hibernate.bytecode.internal.bytebuddy.ByteBuddyState$1.run()Ljava/lang/Object;+1
j  org.hibernate.bytecode.internal.bytebuddy.ByteBuddyState.lambda$load$0(Ljava/util/function/Function;Ljava/lang/Class;)Ljava/lang/Class;+28
j  org.hibernate.bytecode.internal.bytebuddy.ByteBuddyState$$Lambda$1056+0x0000000800883ee8.call()Ljava/lang/Object;+12
j  net.bytebuddy.TypeCache.findOrInsert(Ljava/lang/ClassLoader;Ljava/lang/Object;Ljava/util/concurrent/Callable;)Ljava/lang/Class;+20
j  net.bytebuddy.TypeCache.findOrInsert(Ljava/lang/ClassLoader;Ljava/lang/Object;Ljava/util/concurrent/Callable;Ljava/lang/Object;)Ljava/lang/Class;+26
j  org.hibernate.bytecode.internal.bytebuddy.ByteBuddyState.load(Ljava/lang/Class;Lnet/bytebuddy/TypeCache;Lnet/bytebuddy/TypeCache$SimpleKey;Ljava/util/function/Function;)Ljava/lang/Class;+16
j  org.hibernate.bytecode.internal.bytebuddy.ByteBuddyState.loadProxy(Ljava/lang/Class;Lnet/bytebuddy/TypeCache$SimpleKey;Ljava/util/function/Function;)Ljava/lang/Class;+8
j  org.hibernate.proxy.pojo.bytebuddy.ByteBuddyProxyHelper.buildProxy(Ljava/lang/Class;[Ljava/lang/Class;)Ljava/lang/Class;+57
j  org.hibernate.proxy.pojo.bytebuddy.ByteBuddyProxyFactory.postInstantiate(Ljava/lang/String;Ljava/lang/Class;Ljava/util/Set;Ljava/lang/reflect/Method;Ljava/lang/reflect/Method;Lorg/hibernate/type/CompositeType;)V+55
j  org.hibernate.metamodel.internal.EntityRepresentationStrategyPojoStandard.createProxyFactory(Lorg/hibernate/mapping/PersistentClass;Lorg/hibernate/bytecode/spi/BytecodeProvider;Lorg/hibernate/metamodel/spi/RuntimeModelCreationContext;)Lorg/hibernate/proxy/ProxyFactory;+485
j  org.hibernate.metamodel.internal.EntityRepresentationStrategyPojoStandard.<init>(Lorg/hibernate/mapping/PersistentClass;Lorg/hibernate/persister/entity/EntityPersister;Lorg/hibernate/metamodel/spi/RuntimeModelCreationContext;)V+278
j  org.hibernate.metamodel.internal.ManagedTypeRepresentationResolverStandard.resolveStrategy(Lorg/hibernate/mapping/PersistentClass;Lorg/hibernate/persister/entity/EntityPersister;Lorg/hibernate/metamodel/spi/RuntimeModelCreationContext;)Lorg/hibernate/metamodel/spi/EntityRepresentationStrategy;+53
j  org.hibernate.persister.entity.AbstractEntityPersister.<init>(Lorg/hibernate/mapping/PersistentClass;Lorg/hibernate/cache/spi/access/EntityDataAccess;Lorg/hibernate/cache/spi/access/NaturalIdDataAccess;Lorg/hibernate/metamodel/spi/RuntimeModelCreationContext;)V+230
j  org.hibernate.persister.entity.SingleTableEntityPersister.<init>(Lorg/hibernate/mapping/PersistentClass;Lorg/hibernate/cache/spi/access/EntityDataAccess;Lorg/hibernate/cache/spi/access/NaturalIdDataAccess;Lorg/hibernate/metamodel/spi/RuntimeModelCreationContext;)V+6
v  ~StubRoutines::call_stub
J 1527  jdk.internal.reflect.NativeConstructorAccessorImpl.newInstance0(Ljava/lang/reflect/Constructor;[Ljava/lang/Object;)Ljava/lang/Object; java.base@17.0.7 (0 bytes) @ 0x000001e5b9649c8e [0x000001e5b9649c20+0x000000000000006e]
J 1526 c1 jdk.internal.reflect.NativeConstructorAccessorImpl.newInstance([Ljava/lang/Object;)Ljava/lang/Object; java.base@17.0.7 (122 bytes) @ 0x000001e5b964a76c [0x000001e5b964a480+0x00000000000002ec]
J 1402 c1 jdk.internal.reflect.DelegatingConstructorAccessorImpl.newInstance([Ljava/lang/Object;)Ljava/lang/Object; java.base@17.0.7 (9 bytes) @ 0x000001e5b9614f64 [0x000001e5b9614f20+0x0000000000000044]
J 1280 c1 java.lang.reflect.Constructor.newInstanceWithCaller([Ljava/lang/Object;ZLjava/lang/Class;)Ljava/lang/Object; java.base@17.0.7 (75 bytes) @ 0x000001e5b95e0cb4 [0x000001e5b95e0be0+0x00000000000000d4]
J 1401 c1 java.lang.reflect.Constructor.newInstance([Ljava/lang/Object;)Ljava/lang/Object; java.base@17.0.7 (34 bytes) @ 0x000001e5b96145cc [0x000001e5b9614540+0x000000000000008c]
j  org.hibernate.persister.internal.PersisterFactoryImpl.createEntityPersister(Ljava/lang/Class;Lorg/hibernate/mapping/PersistentClass;Lorg/hibernate/cache/spi/access/EntityDataAccess;Lorg/hibernate/cache/spi/access/NaturalIdDataAccess;Lorg/hibernate/metamodel/spi/RuntimeModelCreationContext;)Lorg/hibernate/persister/entity/EntityPersister;+31
j  org.hibernate.persister.internal.PersisterFactoryImpl.createEntityPersister(Lorg/hibernate/mapping/PersistentClass;Lorg/hibernate/cache/spi/access/EntityDataAccess;Lorg/hibernate/cache/spi/access/NaturalIdDataAccess;Lorg/hibernate/metamodel/spi/RuntimeModelCreationContext;)Lorg/hibernate/persister/entity/EntityPersister;+31
j  org.hibernate.metamodel.model.domain.internal.MappingMetamodelImpl.processBootEntities(Ljava/util/Collection;Lorg/hibernate/cache/spi/CacheImplementor;Lorg/hibernate/persister/spi/PersisterFactory;Lorg/hibernate/metamodel/spi/RuntimeModelCreationContext;)V+76
j  org.hibernate.metamodel.model.domain.internal.MappingMetamodelImpl.finishInitialization(Lorg/hibernate/metamodel/spi/RuntimeModelCreationContext;)V+85
j  org.hibernate.internal.SessionFactoryImpl.initializeMappingModel(Lorg/hibernate/metamodel/model/domain/internal/MappingMetamodelImpl;Lorg/hibernate/boot/spi/BootstrapContext;Lorg/hibernate/boot/spi/MetadataImplementor;Lorg/hibernate/boot/spi/SessionFactoryOptions;)V+18
j  org.hibernate.internal.SessionFactoryImpl.<init>(Lorg/hibernate/boot/spi/MetadataImplementor;Lorg/hibernate/boot/spi/SessionFactoryOptions;Lorg/hibernate/boot/spi/BootstrapContext;)V+418
j  org.hibernate.boot.internal.SessionFactoryBuilderImpl.build()Lorg/hibernate/SessionFactory;+16
j  org.hibernate.jpa.boot.internal.EntityManagerFactoryBuilderImpl.build()Ljakarta/persistence/EntityManagerFactory;+22
j  org.springframework.orm.jpa.vendor.SpringHibernateJpaPersistenceProvider.createContainerEntityManagerFactory(Ljakarta/persistence/spi/PersistenceUnitInfo;Ljava/util/Map;)Ljakarta/persistence/EntityManagerFactory;+59
j  org.springframework.orm.jpa.LocalContainerEntityManagerFactoryBean.createNativeEntityManagerFactory()Ljakarta/persistence/EntityManagerFactory;+111
j  org.springframework.orm.jpa.AbstractEntityManagerFactoryBean.buildNativeEntityManagerFactory()Ljakarta/persistence/EntityManagerFactory;+1
j  org.springframework.orm.jpa.AbstractEntityManagerFactoryBean.afterPropertiesSet()V+192
j  org.springframework.orm.jpa.LocalContainerEntityManagerFactoryBean.afterPropertiesSet()V+84
j  org.springframework.beans.factory.support.AbstractAutowireCapableBeanFactory.invokeInitMethods(Ljava/lang/String;Ljava/lang/Object;Lorg/springframework/beans/factory/support/RootBeanDefinition;)V+56
j  org.springframework.beans.factory.support.AbstractAutowireCapableBeanFactory.initializeBean(Ljava/lang/String;Ljava/lang/Object;Lorg/springframework/beans/factory/support/RootBeanDefinition;)Ljava/lang/Object;+34
j  org.springframework.beans.factory.support.AbstractAutowireCapableBeanFactory.doCreateBean(Ljava/lang/String;Lorg/springframework/beans/factory/support/RootBeanDefinition;[Ljava/lang/Object;)Ljava/lang/Object;+228
j  org.springframework.beans.factory.support.AbstractAutowireCapableBeanFactory.createBean(Ljava/lang/String;Lorg/springframework/beans/factory/support/RootBeanDefinition;[Ljava/lang/Object;)Ljava/lang/Object;+153
j  org.springframework.beans.factory.support.AbstractBeanFactory.lambda$doGetBean$0(Ljava/lang/String;Lorg/springframework/beans/factory/support/RootBeanDefinition;[Ljava/lang/Object;)Ljava/lang/Object;+4
j  org.springframework.beans.factory.support.AbstractBeanFactory$$Lambda$346+0x00000008002dd2f8.getObject()Ljava/lang/Object;+16
j  org.springframework.beans.factory.support.DefaultSingletonBeanRegistry.getSingleton(Ljava/lang/String;Lorg/springframework/beans/factory/ObjectFactory;)Ljava/lang/Object;+114
J 2795 c1 org.springframework.beans.factory.support.AbstractBeanFactory.doGetBean(Ljava/lang/String;Ljava/lang/Class;[Ljava/lang/Object;Z)Ljava/lang/Object; (714 bytes) @ 0x000001e5b98f25cc [0x000001e5b98f1fc0+0x000000000000060c]
j  org.springframework.beans.factory.support.AbstractBeanFactory.getBean(Ljava/lang/String;)Ljava/lang/Object;+5
j  org.springframework.context.support.AbstractApplicationContext.getBean(Ljava/lang/String;)Ljava/lang/Object;+9
j  org.springframework.context.support.AbstractApplicationContext.finishBeanFactoryInitialization(Lorg/springframework/beans/factory/config/ConfigurableListableBeanFactory;)V+106
j  org.springframework.context.support.AbstractApplicationContext.refresh()V+86
j  org.springframework.boot.web.servlet.context.ServletWebServerApplicationContext.refresh()V+1
j  org.springframework.boot.SpringApplication.refresh(Lorg/springframework/context/ConfigurableApplicationContext;)V+1
j  org.springframework.boot.SpringApplication.refreshContext(Lorg/springframework/context/ConfigurableApplicationContext;)V+16
j  org.springframework.boot.SpringApplication.run([Ljava/lang/String;)Lorg/springframework/context/ConfigurableApplicationContext;+101
j  org.springframework.boot.SpringApplication.run([Ljava/lang/Class;[Ljava/lang/String;)Lorg/springframework/context/ConfigurableApplicationContext;+9
j  org.springframework.boot.SpringApplication.run(Ljava/lang/Class;[Ljava/lang/String;)Lorg/springframework/context/ConfigurableApplicationContext;+9
j  com.example.hps.HpsAppApplication.main([Ljava/lang/String;)V+3
v  ~StubRoutines::call_stub
j  jdk.internal.reflect.NativeMethodAccessorImpl.invoke0(Ljava/lang/reflect/Method;Ljava/lang/Object;[Ljava/lang/Object;)Ljava/lang/Object;+0 java.base@17.0.7
j  jdk.internal.reflect.NativeMethodAccessorImpl.invoke(Ljava/lang/Object;[Ljava/lang/Object;)Ljava/lang/Object;+133 java.base@17.0.7
j  jdk.internal.reflect.DelegatingMethodAccessorImpl.invoke(Ljava/lang/Object;[Ljava/lang/Object;)Ljava/lang/Object;+6 java.base@17.0.7
j  java.lang.reflect.Method.invoke(Ljava/lang/Object;[Ljava/lang/Object;)Ljava/lang/Object;+59 java.base@17.0.7
j  org.springframework.boot.devtools.restart.RestartLauncher.run()V+47
v  ~StubRoutines::call_stub

siginfo: EXCEPTION_ACCESS_VIOLATION (0xc0000005), reading address 0x0000000000000000


Register to memory mapping:

RIP=0x00007ff8dc9e89f3 jvm.dll
RAX=0x0 is NULL
RBX=0x00007ff8dcc02df8 jvm.dll
RCX=0x0000000000000008 is an unknown value
RDX=0x00007ff8dcc02df8 jvm.dll
RSP=0x000000689f1fa870 is pointing into the stack for thread: 0x000001e5cda5faa0
RBP=0x000000689f1fa8f0 is pointing into the stack for thread: 0x000001e5cda5faa0
RSI=0x00000000000007d0 is an unknown value
RDI=0x0 is NULL
R8 =0x00007ff8dcc02df0 jvm.dll
R9 =0x00007ff8dcc02df8 jvm.dll
R10=0x0000000000002525 is an unknown value
R11=0x0000000000000007 is an unknown value
R12=0x000001e5cd6b4450 points into unknown readable memory: 0x786f72702e6b646a | 6a 64 6b 2e 70 72 6f 78
R13=0x000001e5cd6b4828 points into unknown readable memory: 0x880006000d0e780d | 0d 78 0e 0d 00 06 00 88
R14=0x0 is NULL
R15=0x000000689f1fb120 is pointing into the stack for thread: 0x000001e5cda5faa0


Registers:
RAX=0x0000000000000000, RBX=0x00007ff8dcc02df8, RCX=0x0000000000000008, RDX=0x00007ff8dcc02df8
RSP=0x000000689f1fa870, RBP=0x000000689f1fa8f0, RSI=0x00000000000007d0, RDI=0x0000000000000000
R8 =0x00007ff8dcc02df0, R9 =0x00007ff8dcc02df8, R10=0x0000000000002525, R11=0x0000000000000007
R12=0x000001e5cd6b4450, R13=0x000001e5cd6b4828, R14=0x0000000000000000, R15=0x000000689f1fb120
RIP=0x00007ff8dc9e89f3, EFLAGS=0x0000000000010256

Top of Stack: (sp=0x000000689f1fa870)
0x000000689f1fa870:   0000000000000000 0000000000000000
0x000000689f1fa880:   000000689f1fa950 00007ff8dc9e6bc9
0x000000689f1fa890:   000000689f1fb1c0 00007ff8dcc02ba2
0x000000689f1fa8a0:   000000689f1fb1c0 00007ff8dc9e8ac1
0x000000689f1fa8b0:   000001e5cd6b4440 000000000000002e
0x000000689f1fa8c0:   000001e5cda5faa0 00007ff8dc9e8a0f
0x000000689f1fa8d0:   00007ff8dccb3000 000000689f1fa8e0
0x000000689f1fa8e0:   000000689f1fb1c0 000000000000001b
0x000000689f1fa8f0:   000001e5cda52500 00007ff8dcc02ba2
0x000000689f1fa900:   000001e5cda52500 00007ff8dc9e8ae3
0x000000689f1fa910:   000001e5cd6b4440 000000689f1fb1c0
0x000000689f1fa920:   00007ff8dcc02ba2 000001e5cbd81968
0x000000689f1fa930:   0000000703216d00 000000689f1fa940
0x000000689f1fa940:   0000000000000007 000001e5cbd63630
0x000000689f1fa950:   002865756c617620 646f6874656d2064
0x000000689f1fa960:   6172747362612720 79786f7200207463 

Instructions: (pc=0x00007ff8dc9e89f3)
0x00007ff8dc9e88f3:   8b 0f 48 85 c0 74 19 48 8d 44 24 20 4c 8b c3 49
0x00007ff8dc9e8903:   ff c0 42 80 3c 00 00 75 f6 48 8d 54 24 20 eb 0d
0x00007ff8dc9e8913:   41 b8 1c 00 00 00 48 8d 15 f8 16 33 00 48 8b cf
0x00007ff8dc9e8923:   41 ff 51 08 48 8b 07 66 0f 1f 44 00 00 48 ff c3
0x00007ff8dc9e8933:   80 3c 1e 00 75 f7 4c 8b c3 48 8b d6 48 8b cf ff
0x00007ff8dc9e8943:   50 08 48 8b 5c 24 50 48 8b 4c 24 40 48 33 cc e8
0x00007ff8dc9e8953:   c9 66 21 00 48 83 c4 58 5f 5e c3 cc cc 40 53 55
0x00007ff8dc9e8963:   57 48 83 ec 20 48 89 74 24 40 48 8b e9 48 8d 72
0x00007ff8dc9e8973:   ff 4c 89 74 24 48 44 0f b6 74 24 60 49 8b c8 45
0x00007ff8dc9e8983:   84 f6 4c 89 7c 24 50 4d 8b f9 49 8b d8 48 0f 44
0x00007ff8dc9e8993:   f2 ba 25 00 00 00 e8 ba 77 21 00 48 85 c0 75 2d
0x00007ff8dc9e89a3:   48 8b fb 48 c7 c0 ff ff ff ff 0f 1f 00 48 ff c0
0x00007ff8dc9e89b3:   80 3c 03 00 75 f7 48 8b 5c 24 68 48 8b c8 48 89
0x00007ff8dc9e89c3:   03 45 84 f6 74 5a 48 3b c6 72 55 eb 4c 80 3b 25
0x00007ff8dc9e89d3:   75 26 80 7b 01 73 75 20 80 7b 02 00 75 1a 49 8b
0x00007ff8dc9e89e3:   3f 48 c7 c0 ff ff ff ff 0f 1f 44 00 00 48 ff c0
0x00007ff8dc9e89f3:   80 3c 07 00 75 f7 eb be 4d 8b cf 4c 8b c3 48 8b
0x00007ff8dc9e8a03:   d6 48 8b cd 48 8b fd e8 71 e1 ff ff 48 8b 5c 24
0x00007ff8dc9e8a13:   68 48 63 c8 48 3b ce 72 04 48 8d 4e ff 48 89 0b
0x00007ff8dc9e8a23:   4c 8b 7c 24 50 45 84 f6 4c 8b 74 24 48 48 8b 74
0x00007ff8dc9e8a33:   24 40 74 27 48 3b fd 74 14 4c 8b c1 48 8b d7 48
0x00007ff8dc9e8a43:   8b cd e8 f6 76 21 00 48 8b 0b 48 8b fd c6 04 29
0x00007ff8dc9e8a53:   0a 48 ff 03 48 8b 03 c6 04 28 00 48 8b c7 48 83
0x00007ff8dc9e8a63:   c4 20 5f 5d 5b c3 cc cc cc cc cc cc cc 40 53 48
0x00007ff8dc9e8a73:   81 ec 20 08 00 00 48 8b 05 c8 80 4b 00 48 33 c4
0x00007ff8dc9e8a83:   48 89 84 24 10 08 00 00 48 8d 44 24 30 48 8b d9
0x00007ff8dc9e8a93:   48 8b 49 28 48 89 44 24 28 44 88 4c 24 20 4d 8b
0x00007ff8dc9e8aa3:   c8 4c 8b c2 48 85 c9 74 06 48 8b 53 30 eb 0a ba
0x00007ff8dc9e8ab3:   d0 07 00 00 48 8d 4c 24 40 e8 9f fe ff ff 4c 8b
0x00007ff8dc9e8ac3:   0b 48 8b d0 4c 8b 44 24 30 48 8b cb 41 ff 51 08
0x00007ff8dc9e8ad3:   48 8b 8c 24 10 08 00 00 48 33 cc e8 3d 65 21 00
0x00007ff8dc9e8ae3:   48 81 c4 20 08 00 00 5b c3 cc cc cc cc 48 89 5c 


Stack slot to memory mapping:
stack at sp + 0 slots: 0x0 is NULL
stack at sp + 1 slots: 0x0 is NULL
stack at sp + 2 slots: 0x000000689f1fa950 is pointing into the stack for thread: 0x000001e5cda5faa0
stack at sp + 3 slots: 0x00007ff8dc9e6bc9 jvm.dll
stack at sp + 4 slots: 0x000000689f1fb1c0 is pointing into the stack for thread: 0x000001e5cda5faa0
stack at sp + 5 slots: 0x00007ff8dcc02ba2 jvm.dll
stack at sp + 6 slots: 0x000000689f1fb1c0 is pointing into the stack for thread: 0x000001e5cda5faa0
stack at sp + 7 slots: 0x00007ff8dc9e8ac1 jvm.dll


---------------  P R O C E S S  ---------------

Threads class SMR info:
_java_thread_list=0x000001e5cec45ce0, length=29, elements={
0x000001e5b5b429c0, 0x000001e5c8557a70, 0x000001e5c855a540, 0x000001e5c859fde0,
0x000001e5c85a26b0, 0x000001e5c85a2f70, 0x000001e5c85a6e20, 0x000001e5c85a7880,
0x000001e5c857f040, 0x000001e5c85c0760, 0x000001e5c84c1670, 0x000001e5c84c1b80,
0x000001e5c8775aa0, 0x000001e5cd53efb0, 0x000001e5cd552d60, 0x000001e5cd54db10,
0x000001e5cd542070, 0x000001e5cd6f7280, 0x000001e5cd719c60, 0x000001e5cd808070,
0x000001e5cda60de0, 0x000001e5cda5faa0, 0x000001e5cdd8e720, 0x000001e5cda5ff70,
0x000001e5cda60440, 0x000001e5cda5f5d0, 0x000001e5cda61c50, 0x000001e5cda60910,
0x000001e5cda612b0
}

Java Threads: ( => current thread )
  0x000001e5b5b429c0 JavaThread "main" [_thread_blocked, id=8576, stack(0x000000689cd00000,0x000000689ce00000)]
  0x000001e5c8557a70 JavaThread "Reference Handler" daemon [_thread_blocked, id=16464, stack(0x000000689d400000,0x000000689d500000)]
  0x000001e5c855a540 JavaThread "Finalizer" daemon [_thread_blocked, id=19016, stack(0x000000689d500000,0x000000689d600000)]
  0x000001e5c859fde0 JavaThread "Signal Dispatcher" daemon [_thread_blocked, id=2596, stack(0x000000689d600000,0x000000689d700000)]
  0x000001e5c85a26b0 JavaThread "Attach Listener" daemon [_thread_blocked, id=6456, stack(0x000000689d700000,0x000000689d800000)]
  0x000001e5c85a2f70 JavaThread "Service Thread" daemon [_thread_blocked, id=3592, stack(0x000000689d800000,0x000000689d900000)]
  0x000001e5c85a6e20 JavaThread "Monitor Deflation Thread" daemon [_thread_blocked, id=10412, stack(0x000000689d900000,0x000000689da00000)]
  0x000001e5c85a7880 JavaThread "C1 CompilerThread0" daemon [_thread_blocked, id=4360, stack(0x000000689da00000,0x000000689db00000)]
  0x000001e5c857f040 JavaThread "Sweeper thread" daemon [_thread_blocked, id=10476, stack(0x000000689db00000,0x000000689dc00000)]
  0x000001e5c85c0760 JavaThread "Common-Cleaner" daemon [_thread_blocked, id=16252, stack(0x000000689dc00000,0x000000689dd00000)]
  0x000001e5c84c1670 JavaThread "C1 CompilerThread1" daemon [_thread_blocked, id=9100, stack(0x000000689dd00000,0x000000689de00000)]
  0x000001e5c84c1b80 JavaThread "C1 CompilerThread2" daemon [_thread_blocked, id=13492, stack(0x000000689de00000,0x000000689df00000)]
  0x000001e5c8775aa0 JavaThread "Notification Thread" daemon [_thread_blocked, id=9732, stack(0x000000689df00000,0x000000689e000000)]
  0x000001e5cd53efb0 JavaThread "RMI TCP Accept-0" daemon [_thread_in_native, id=5272, stack(0x000000689e000000,0x000000689e100000)]
  0x000001e5cd552d60 JavaThread "RMI TCP Accept-54928" daemon [_thread_in_native, id=10044, stack(0x000000689e100000,0x000000689e200000)]
  0x000001e5cd54db10 JavaThread "RMI TCP Accept-0" daemon [_thread_in_native, id=8328, stack(0x000000689e200000,0x000000689e300000)]
  0x000001e5cd542070 JavaThread "RMI TCP Connection(1)-127.0.0.1" daemon [_thread_in_native, id=13616, stack(0x000000689e400000,0x000000689e500000)]
  0x000001e5cd6f7280 JavaThread "RMI Scheduler(0)" daemon [_thread_blocked, id=2612, stack(0x000000689e500000,0x000000689e600000)]
  0x000001e5cd719c60 JavaThread "RMI TCP Connection(2)-127.0.0.1" daemon [_thread_in_native, id=11440, stack(0x000000689e600000,0x000000689e700000)]
  0x000001e5cd808070 JavaThread "JMX server connection timeout 22" daemon [_thread_blocked, id=6756, stack(0x000000689e700000,0x000000689e800000)]
  0x000001e5cda60de0 JavaThread "Thread-0" [_thread_blocked, id=3940, stack(0x000000689f000000,0x000000689f100000)]
=>0x000001e5cda5faa0 JavaThread "restartedMain" [_thread_in_vm, id=3196, stack(0x000000689f100000,0x000000689f200000)]
  0x000001e5cdd8e720 JavaThread "C1 CompilerThread3" daemon [_thread_blocked, id=19756, stack(0x000000689f500000,0x000000689f600000)]
  0x000001e5cda5ff70 JavaThread "mysql-cj-abandoned-connection-cleanup" daemon [_thread_blocked, id=16328, stack(0x000000689f300000,0x000000689f400000)]
  0x000001e5cda60440 JavaThread "HikariPool-1 housekeeper" daemon [_thread_blocked, id=10612, stack(0x000000689f700000,0x000000689f800000)]
  0x000001e5cda5f5d0 JavaThread "Catalina-utility-1" [_thread_blocked, id=276, stack(0x000000689f800000,0x000000689f900000)]
  0x000001e5cda61c50 JavaThread "Catalina-utility-2" [_thread_blocked, id=9572, stack(0x000000689f900000,0x000000689fa00000)]
  0x000001e5cda60910 JavaThread "container-0" [_thread_blocked, id=16472, stack(0x000000689fa00000,0x000000689fb00000)]
  0x000001e5cda612b0 JavaThread "HikariPool-1 connection adder" daemon [_thread_blocked, id=6052, stack(0x000000689fb00000,0x000000689fc00000)]

Other Threads:
  0x000001e5c8537440 VMThread "VM Thread" [stack: 0x000000689d300000,0x000000689d400000] [id=13528]
  0x000001e5b5b43640 WatcherThread [stack: 0x000000689e300000,0x000000689e400000] [id=7836]
  0x000001e5b5bb00d0 GCTaskThread "GC Thread#0" [stack: 0x000000689ce00000,0x000000689cf00000] [id=12508]
  0x000001e5cd7fb480 GCTaskThread "GC Thread#1" [stack: 0x000000689e800000,0x000000689e900000] [id=8740]
  0x000001e5cd7fe8d0 GCTaskThread "GC Thread#2" [stack: 0x000000689e900000,0x000000689ea00000] [id=2724]
  0x000001e5cd7feb80 GCTaskThread "GC Thread#3" [stack: 0x000000689ea00000,0x000000689eb00000] [id=4372]
  0x000001e5cd9a1440 GCTaskThread "GC Thread#4" [stack: 0x000000689eb00000,0x000000689ec00000] [id=3008]
  0x000001e5cd9a16f0 GCTaskThread "GC Thread#5" [stack: 0x000000689ec00000,0x000000689ed00000] [id=13316]
  0x000001e5cda04dd0 GCTaskThread "GC Thread#6" [stack: 0x000000689ed00000,0x000000689ee00000] [id=11688]
  0x000001e5cdb49e00 GCTaskThread "GC Thread#7" [stack: 0x000000689f200000,0x000000689f300000] [id=13304]
  0x000001e5b5bc0e10 ConcurrentGCThread "G1 Main Marker" [stack: 0x000000689cf00000,0x000000689d000000] [id=3432]
  0x000001e5b5bc30a0 ConcurrentGCThread "G1 Conc#0" [stack: 0x000000689d000000,0x000000689d100000] [id=3256]
  0x000001e5cdc524e0 ConcurrentGCThread "G1 Conc#1" [stack: 0x000000689f400000,0x000000689f500000] [id=10808]
  0x000001e5c838e210 ConcurrentGCThread "G1 Refine#0" [stack: 0x000000689d100000,0x000000689d200000] [id=7008]
  0x000001e5cd9a19a0 ConcurrentGCThread "G1 Refine#1" [stack: 0x000000689ee00000,0x000000689ef00000] [id=20376]
  0x000001e5cd9a1c80 ConcurrentGCThread "G1 Refine#2" [stack: 0x000000689ef00000,0x000000689f000000] [id=6184]
  0x000001e5c838fae0 ConcurrentGCThread "G1 Service" [stack: 0x000000689d200000,0x000000689d300000] [id=1856]

Threads with active compile tasks:

VM state: not at safepoint (normal execution)

VM Mutex/Monitor currently owned by a thread: None

Heap address: 0x0000000702000000, size: 4064 MB, Compressed Oops mode: Zero based, Oop shift amount: 3

CDS archive(s) not mapped
Compressed class space mapped at: 0x0000000800000000-0x0000000840000000, reserved size: 1073741824
Narrow klass base: 0x0000000800000000, Narrow klass shift: 0, Narrow klass range: 0x40000000

GC Precious Log:
 CPUs: 8 total, 8 available
 Memory: 16254M
 Large Page Support: Disabled
 NUMA Support: Disabled
 Compressed Oops: Enabled (Zero based)
 Heap Region Size: 2M
 Heap Min Capacity: 8M
 Heap Initial Capacity: 254M
 Heap Max Capacity: 4064M
 Pre-touch: Disabled
 Parallel Workers: 8
 Concurrent Workers: 2
 Concurrent Refinement Workers: 8
 Periodic GC: Disabled

Heap:
 garbage-first heap   total 90112K, used 38941K [0x0000000702000000, 0x0000000800000000)
  region size 2048K, 9 young (18432K), 2 survivors (4096K)
 Metaspace       used 64014K, committed 64512K, reserved 1114112K
  class space    used 8567K, committed 8832K, reserved 1048576K

Heap Regions: E=young(eden), S=young(survivor), O=old, HS=humongous(starts), HC=humongous(continues), CS=collection set, F=free, OA=open archive, CA=closed archive, TAMS=top-at-mark-start (previous, next)
|   0|0x0000000702000000, 0x0000000702200000, 0x0000000702200000|100%| O|  |TAMS 0x0000000702200000, 0x0000000702000000| Untracked 
|   1|0x0000000702200000, 0x0000000702400000, 0x0000000702400000|100%| O|  |TAMS 0x0000000702400000, 0x0000000702200000| Untracked 
|   2|0x0000000702400000, 0x0000000702600000, 0x0000000702600000|100%| O|  |TAMS 0x0000000702600000, 0x0000000702400000| Untracked 
|   3|0x0000000702600000, 0x0000000702800000, 0x0000000702800000|100%| O|  |TAMS 0x0000000702800000, 0x0000000702600000| Untracked 
|   4|0x0000000702800000, 0x0000000702a00000, 0x0000000702a00000|100%| O|  |TAMS 0x0000000702a00000, 0x0000000702800000| Untracked 
|   5|0x0000000702a00000, 0x0000000702c00000, 0x0000000702c00000|100%| O|  |TAMS 0x0000000702c00000, 0x0000000702a00000| Untracked 
|   6|0x0000000702c00000, 0x0000000702cd5400, 0x0000000702e00000| 41%| O|  |TAMS 0x0000000702c00000, 0x0000000702c00000| Untracked 
|   7|0x0000000702e00000, 0x0000000703000000, 0x0000000703000000|100%| O|  |TAMS 0x0000000703000000, 0x0000000702e00000| Untracked 
|   8|0x0000000703000000, 0x0000000703200000, 0x0000000703200000|100%| O|  |TAMS 0x0000000703200000, 0x0000000703000000| Untracked 
|   9|0x0000000703200000, 0x0000000703400000, 0x0000000703400000|100%| O|  |TAMS 0x0000000703400000, 0x0000000703200000| Untracked 
|  10|0x0000000703400000, 0x0000000703600000, 0x0000000703600000|100%| O|  |TAMS 0x0000000703600000, 0x0000000703400000| Untracked 
|  11|0x0000000703600000, 0x0000000703800000, 0x0000000703800000|100%| O|  |TAMS 0x000000070363ec00, 0x0000000703600000| Untracked 
|  12|0x0000000703800000, 0x0000000703800000, 0x0000000703a00000|  0%| F|  |TAMS 0x0000000703800000, 0x0000000703800000| Untracked 
|  13|0x0000000703a00000, 0x0000000703a00000, 0x0000000703c00000|  0%| F|  |TAMS 0x0000000703a00000, 0x0000000703a00000| Untracked 
|  14|0x0000000703c00000, 0x0000000703c00000, 0x0000000703e00000|  0%| F|  |TAMS 0x0000000703c00000, 0x0000000703c00000| Untracked 
|  15|0x0000000703e00000, 0x0000000703e00000, 0x0000000704000000|  0%| F|  |TAMS 0x0000000703e00000, 0x0000000703e00000| Untracked 
|  16|0x0000000704000000, 0x0000000704000000, 0x0000000704200000|  0%| F|  |TAMS 0x0000000704000000, 0x0000000704000000| Untracked 
|  17|0x0000000704200000, 0x0000000704200000, 0x0000000704400000|  0%| F|  |TAMS 0x0000000704200000, 0x0000000704200000| Untracked 
|  18|0x0000000704400000, 0x0000000704400000, 0x0000000704600000|  0%| F|  |TAMS 0x0000000704400000, 0x0000000704400000| Untracked 
|  19|0x0000000704600000, 0x0000000704600000, 0x0000000704800000|  0%| F|  |TAMS 0x0000000704600000, 0x0000000704600000| Untracked 
|  20|0x0000000704800000, 0x0000000704800000, 0x0000000704a00000|  0%| F|  |TAMS 0x0000000704800000, 0x0000000704800000| Untracked 
|  21|0x0000000704a00000, 0x0000000704a00000, 0x0000000704c00000|  0%| F|  |TAMS 0x0000000704a00000, 0x0000000704a00000| Untracked 
|  22|0x0000000704c00000, 0x0000000704c00000, 0x0000000704e00000|  0%| F|  |TAMS 0x0000000704c00000, 0x0000000704c00000| Untracked 
|  23|0x0000000704e00000, 0x0000000704e00000, 0x0000000705000000|  0%| F|  |TAMS 0x0000000704e00000, 0x0000000704e00000| Untracked 
|  24|0x0000000705000000, 0x0000000705000000, 0x0000000705200000|  0%| F|  |TAMS 0x0000000705000000, 0x0000000705000000| Untracked 
|  25|0x0000000705200000, 0x0000000705200000, 0x0000000705400000|  0%| F|  |TAMS 0x0000000705200000, 0x0000000705200000| Untracked 
|  26|0x0000000705400000, 0x0000000705400000, 0x0000000705600000|  0%| F|  |TAMS 0x0000000705400000, 0x0000000705400000| Untracked 
|  27|0x0000000705600000, 0x0000000705600000, 0x0000000705800000|  0%| F|  |TAMS 0x0000000705600000, 0x0000000705600000| Untracked 
|  28|0x0000000705800000, 0x0000000705800000, 0x0000000705a00000|  0%| F|  |TAMS 0x0000000705800000, 0x0000000705800000| Untracked 
|  29|0x0000000705a00000, 0x0000000705a00000, 0x0000000705c00000|  0%| F|  |TAMS 0x0000000705a00000, 0x0000000705a00000| Untracked 
|  30|0x0000000705c00000, 0x0000000705c00000, 0x0000000705e00000|  0%| F|  |TAMS 0x0000000705c00000, 0x0000000705c00000| Untracked 
|  31|0x0000000705e00000, 0x0000000705e00000, 0x0000000706000000|  0%| F|  |TAMS 0x0000000705e00000, 0x0000000705e00000| Untracked 
|  32|0x0000000706000000, 0x0000000706132258, 0x0000000706200000| 59%| S|CS|TAMS 0x0000000706000000, 0x0000000706000000| Complete 
|  33|0x0000000706200000, 0x0000000706400000, 0x0000000706400000|100%| S|CS|TAMS 0x0000000706200000, 0x0000000706200000| Complete 
|  34|0x0000000706400000, 0x0000000706400000, 0x0000000706600000|  0%| F|  |TAMS 0x0000000706400000, 0x0000000706400000| Untracked 
|  35|0x0000000706600000, 0x0000000706600000, 0x0000000706800000|  0%| F|  |TAMS 0x0000000706600000, 0x0000000706600000| Untracked 
|  36|0x0000000706800000, 0x0000000706800000, 0x0000000706a00000|  0%| F|  |TAMS 0x0000000706800000, 0x0000000706800000| Untracked 
|  37|0x0000000706a00000, 0x0000000706b6cc68, 0x0000000706c00000| 71%| E|  |TAMS 0x0000000706a00000, 0x0000000706a00000| Complete 
|  38|0x0000000706c00000, 0x0000000706e00000, 0x0000000706e00000|100%| E|CS|TAMS 0x0000000706c00000, 0x0000000706c00000| Complete 
|  39|0x0000000706e00000, 0x0000000707000000, 0x0000000707000000|100%| E|CS|TAMS 0x0000000706e00000, 0x0000000706e00000| Complete 
|  43|0x0000000707600000, 0x0000000707800000, 0x0000000707800000|100%| E|CS|TAMS 0x0000000707600000, 0x0000000707600000| Complete 
|  44|0x0000000707800000, 0x0000000707a00000, 0x0000000707a00000|100%| E|CS|TAMS 0x0000000707800000, 0x0000000707800000| Complete 
|  45|0x0000000707a00000, 0x0000000707c00000, 0x0000000707c00000|100%| E|CS|TAMS 0x0000000707a00000, 0x0000000707a00000| Complete 
| 126|0x0000000711c00000, 0x0000000711e00000, 0x0000000711e00000|100%| E|CS|TAMS 0x0000000711c00000, 0x0000000711c00000| Complete 

Card table byte_map: [0x000001e5bcae0000,0x000001e5bd2d0000] _byte_map_base: 0x000001e5b92d0000

Marking Bits (Prev, Next): (CMBitMap*) 0x000001e5b5bb0720, (CMBitMap*) 0x000001e5b5bb06e0
 Prev Bits: [0x000001e5c1a40000, 0x000001e5c59c0000)
 Next Bits: [0x000001e5bdac0000, 0x000001e5c1a40000)

Polling page: 0x000001e5b3a70000

Metaspace:

Usage:
  Non-class:     54.15 MB used.
      Class:      8.37 MB used.
       Both:     62.51 MB used.

Virtual space:
  Non-class space:       64.00 MB reserved,      54.38 MB ( 85%) committed,  1 nodes.
      Class space:        1.00 GB reserved,       8.62 MB ( <1%) committed,  1 nodes.
             Both:        1.06 GB reserved,      63.00 MB (  6%) committed. 

Chunk freelists:
   Non-Class:  9.50 MB
       Class:  7.28 MB
        Both:  16.78 MB

MaxMetaspaceSize: unlimited
CompressedClassSpaceSize: 1.00 GB
Initial GC threshold: 21.00 MB
Current GC threshold: 99.19 MB
CDS: off
MetaspaceReclaimPolicy: balanced
 - commit_granule_bytes: 65536.
 - commit_granule_words: 8192.
 - virtual_space_node_default_size: 8388608.
 - enlarge_chunks_in_place: 1.
 - new_chunks_are_fully_committed: 0.
 - uncommit_free_chunks: 1.
 - use_allocation_guard: 0.
 - handle_deallocations: 1.


Internal statistics:

num_allocs_failed_limit: 9.
num_arena_births: 638.
num_arena_deaths: 0.
num_vsnodes_births: 2.
num_vsnodes_deaths: 0.
num_space_committed: 1008.
num_space_uncommitted: 0.
num_chunks_returned_to_freelist: 9.
num_chunks_taken_from_freelist: 2495.
num_chunk_merges: 9.
num_chunk_splits: 1822.
num_chunks_enlarged: 1423.
num_inconsistent_stats: 0.

CodeCache: size=49152Kb used=11225Kb max_used=11225Kb free=37926Kb
 bounds [0x000001e5b91e0000, 0x000001e5b9ce0000, 0x000001e5bc1e0000]
 total_blobs=5835 nmethods=5202 adapters=557
 compilation: enabled
              stopped_count=0, restarted_count=0
 full_count=0

Compilation events (20 events):
Event: 4.835 Thread 0x000001e5c84c1b80 nmethod 5192 0x000001e5b9cd0f90 code [0x000001e5b9cd1120, 0x000001e5b9cd1288]
Event: 4.835 Thread 0x000001e5c85a7880 nmethod 5191 0x000001e5b9cd1310 code [0x000001e5b9cd14a0, 0x000001e5b9cd1628]
Event: 4.835 Thread 0x000001e5cdd8e720 nmethod 5190 0x000001e5b9cd1710 code [0x000001e5b9cd18a0, 0x000001e5b9cd1a28]
Event: 4.842 Thread 0x000001e5c84c1670 5193       1       java.beans.Introspector::decapitalize (68 bytes)
Event: 4.843 Thread 0x000001e5c84c1670 nmethod 5193 0x000001e5b9cd1b10 code [0x000001e5b9cd1d80, 0x000001e5b9cd2588]
Event: 4.850 Thread 0x000001e5c84c1670 5194       1       net.bytebuddy.description.ModifierReviewable$AbstractBase::<init> (5 bytes)
Event: 4.850 Thread 0x000001e5c84c1670 nmethod 5194 0x000001e5b9cd2a10 code [0x000001e5b9cd2ba0, 0x000001e5b9cd2c58]
Event: 4.867 Thread 0x000001e5c84c1670 5195       1       java.util.StringJoiner::add (110 bytes)
Event: 4.867 Thread 0x000001e5c84c1670 nmethod 5195 0x000001e5b9cd3590 code [0x000001e5b9cd3780, 0x000001e5b9cd3c78]
Event: 4.890 Thread 0x000001e5c84c1b80 5196       1       net.bytebuddy.description.method.MethodList$ForLoadedMethods::size (20 bytes)
Event: 4.890 Thread 0x000001e5c84c1670 5197       1       net.bytebuddy.description.TypeVariableSource$AbstractBase::<init> (5 bytes)
Event: 4.890 Thread 0x000001e5cdd8e720 5198       1       net.bytebuddy.description.method.MethodDescription$ForLoadedMethod::isConstructor (2 bytes)
Event: 4.890 Thread 0x000001e5c84c1b80 nmethod 5196 0x000001e5b9cd3f10 code [0x000001e5b9cd40c0, 0x000001e5b9cd41f8]
Event: 4.890 Thread 0x000001e5c84c1670 nmethod 5197 0x000001e5b9cd4290 code [0x000001e5b9cd4420, 0x000001e5b9cd44d8]
Event: 4.891 Thread 0x000001e5cdd8e720 nmethod 5198 0x000001e5b9cd4590 code [0x000001e5b9cd4720, 0x000001e5b9cd47f8]
Event: 4.897 Thread 0x000001e5cdd8e720 5199       1       jdk.internal.org.objectweb.asm.MethodWriter::addSuccessorToCurrentBasicBlock (24 bytes)
Event: 4.898 Thread 0x000001e5cdd8e720 nmethod 5199 0x000001e5b9cd4890 code [0x000001e5b9cd4a20, 0x000001e5b9cd4c98]
Event: 4.898 Thread 0x000001e5cdd8e720 5200   !   1       jdk.internal.reflect.NativeMethodAccessorImpl::invoke (137 bytes)
Event: 4.898 Thread 0x000001e5cdd8e720 nmethod 5200 0x000001e5b9cd5290 code [0x000001e5b9cd5480, 0x000001e5b9cd5968]
Event: 4.909 Thread 0x000001e5c85a7880 5202       1       net.bytebuddy.description.type.TypeDescription$ForLoadedType::of (30 bytes)

GC Heap History (20 events):
Event: 1.180 GC heap before
{Heap before GC invocations=2 (full 0):
 garbage-first heap   total 260096K, used 21929K [0x0000000702000000, 0x0000000800000000)
  region size 2048K, 8 young (16384K), 1 survivors (2048K)
 Metaspace       used 21249K, committed 21504K, reserved 1114112K
  class space    used 2504K, committed 2624K, reserved 1048576K
}
Event: 1.182 GC heap after
{Heap after GC invocations=3 (full 0):
 garbage-first heap   total 260096K, used 10274K [0x0000000702000000, 0x0000000800000000)
  region size 2048K, 2 young (4096K), 2 survivors (4096K)
 Metaspace       used 21249K, committed 21504K, reserved 1114112K
  class space    used 2504K, committed 2624K, reserved 1048576K
}
Event: 1.442 GC heap before
{Heap before GC invocations=4 (full 0):
 garbage-first heap   total 55296K, used 38946K [0x0000000702000000, 0x0000000800000000)
  region size 2048K, 17 young (34816K), 2 survivors (4096K)
 Metaspace       used 26162K, committed 26432K, reserved 1114112K
  class space    used 3205K, committed 3328K, reserved 1048576K
}
Event: 1.446 GC heap after
{Heap after GC invocations=5 (full 0):
 garbage-first heap   total 55296K, used 12288K [0x0000000702000000, 0x0000000800000000)
  region size 2048K, 2 young (4096K), 2 survivors (4096K)
 Metaspace       used 26162K, committed 26432K, reserved 1114112K
  class space    used 3205K, committed 3328K, reserved 1048576K
}
Event: 1.463 GC heap before
{Heap before GC invocations=5 (full 0):
 garbage-first heap   total 55296K, used 12288K [0x0000000702000000, 0x0000000800000000)
  region size 2048K, 3 young (6144K), 2 survivors (4096K)
 Metaspace       used 26584K, committed 26880K, reserved 1114112K
  class space    used 3246K, committed 3392K, reserved 1048576K
}
Event: 1.467 GC heap after
{Heap after GC invocations=6 (full 0):
 garbage-first heap   total 55296K, used 12792K [0x0000000702000000, 0x0000000800000000)
  region size 2048K, 1 young (2048K), 1 survivors (2048K)
 Metaspace       used 26584K, committed 26880K, reserved 1114112K
  class space    used 3246K, committed 3392K, reserved 1048576K
}
Event: 1.604 GC heap before
{Heap before GC invocations=6 (full 0):
 garbage-first heap   total 55296K, used 31224K [0x0000000702000000, 0x0000000800000000)
  region size 2048K, 11 young (22528K), 1 survivors (2048K)
 Metaspace       used 30019K, committed 30336K, reserved 1114112K
  class space    used 3690K, committed 3840K, reserved 1048576K
}
Event: 1.606 GC heap after
{Heap after GC invocations=7 (full 0):
 garbage-first heap   total 157696K, used 13984K [0x0000000702000000, 0x0000000800000000)
  region size 2048K, 2 young (4096K), 2 survivors (4096K)
 Metaspace       used 30019K, committed 30336K, reserved 1114112K
  class space    used 3690K, committed 3840K, reserved 1048576K
}
Event: 2.356 GC heap before
{Heap before GC invocations=7 (full 0):
 garbage-first heap   total 157696K, used 75424K [0x0000000702000000, 0x0000000800000000)
  region size 2048K, 33 young (67584K), 2 survivors (4096K)
 Metaspace       used 35851K, committed 36160K, reserved 1114112K
  class space    used 4532K, committed 4672K, reserved 1048576K
}
Event: 2.361 GC heap after
{Heap after GC invocations=8 (full 0):
 garbage-first heap   total 157696K, used 17808K [0x0000000702000000, 0x0000000800000000)
  region size 2048K, 3 young (6144K), 3 survivors (6144K)
 Metaspace       used 35851K, committed 36160K, reserved 1114112K
  class space    used 4532K, committed 4672K, reserved 1048576K
}
Event: 2.917 GC heap before
{Heap before GC invocations=9 (full 0):
 garbage-first heap   total 69632K, used 52624K [0x0000000702000000, 0x0000000800000000)
  region size 2048K, 20 young (40960K), 3 survivors (6144K)
 Metaspace       used 40418K, committed 40896K, reserved 1114112K
  class space    used 5192K, committed 5440K, reserved 1048576K
}
Event: 2.925 GC heap after
{Heap after GC invocations=10 (full 0):
 garbage-first heap   total 69632K, used 20940K [0x0000000702000000, 0x0000000800000000)
  region size 2048K, 2 young (4096K), 2 survivors (4096K)
 Metaspace       used 40418K, committed 40896K, reserved 1114112K
  class space    used 5192K, committed 5440K, reserved 1048576K
}
Event: 2.973 GC heap before
{Heap before GC invocations=10 (full 0):
 garbage-first heap   total 69632K, used 22988K [0x0000000702000000, 0x0000000800000000)
  region size 2048K, 3 young (6144K), 2 survivors (4096K)
 Metaspace       used 40929K, committed 41408K, reserved 1114112K
  class space    used 5246K, committed 5504K, reserved 1048576K
}
Event: 2.977 GC heap after
{Heap after GC invocations=11 (full 0):
 garbage-first heap   total 69632K, used 21585K [0x0000000702000000, 0x0000000800000000)
  region size 2048K, 1 young (2048K), 1 survivors (2048K)
 Metaspace       used 40929K, committed 41408K, reserved 1114112K
  class space    used 5246K, committed 5504K, reserved 1048576K
}
Event: 3.563 GC heap before
{Heap before GC invocations=11 (full 0):
 garbage-first heap   total 69632K, used 48209K [0x0000000702000000, 0x0000000800000000)
  region size 2048K, 14 young (28672K), 1 survivors (2048K)
 Metaspace       used 48590K, committed 49088K, reserved 1114112K
  class space    used 6188K, committed 6400K, reserved 1048576K
}
Event: 3.566 GC heap after
{Heap after GC invocations=12 (full 0):
 garbage-first heap   total 90112K, used 23561K [0x0000000702000000, 0x0000000800000000)
  region size 2048K, 2 young (4096K), 2 survivors (4096K)
 Metaspace       used 48590K, committed 49088K, reserved 1114112K
  class space    used 6188K, committed 6400K, reserved 1048576K
}
Event: 4.328 GC heap before
{Heap before GC invocations=12 (full 0):
 garbage-first heap   total 90112K, used 62473K [0x0000000702000000, 0x0000000800000000)
  region size 2048K, 22 young (45056K), 2 survivors (4096K)
 Metaspace       used 56923K, committed 57344K, reserved 1114112K
  class space    used 7431K, committed 7616K, reserved 1048576K
}
Event: 4.331 GC heap after
{Heap after GC invocations=13 (full 0):
 garbage-first heap   total 90112K, used 25644K [0x0000000702000000, 0x0000000800000000)
  region size 2048K, 3 young (6144K), 3 survivors (6144K)
 Metaspace       used 56923K, committed 57344K, reserved 1114112K
  class space    used 7431K, committed 7616K, reserved 1048576K
}
Event: 4.632 GC heap before
{Heap before GC invocations=13 (full 0):
 garbage-first heap   total 90112K, used 44076K [0x0000000702000000, 0x0000000800000000)
  region size 2048K, 13 young (26624K), 3 survivors (6144K)
 Metaspace       used 60241K, committed 60736K, reserved 1114112K
  class space    used 7862K, committed 8128K, reserved 1048576K
}
Event: 4.636 GC heap after
{Heap after GC invocations=14 (full 0):
 garbage-first heap   total 90112K, used 26653K [0x0000000702000000, 0x0000000800000000)
  region size 2048K, 2 young (4096K), 2 survivors (4096K)
 Metaspace       used 60241K, committed 60736K, reserved 1114112K
  class space    used 7862K, committed 8128K, reserved 1048576K
}

Dll operation events (9 events):
Event: 0.009 Loaded shared library C:\sts-4.19.0.RELEASE\plugins\org.eclipse.justj.openjdk.hotspot.jre.full.win32.x86_64_17.0.7.v20230425-1502\jre\bin\java.dll
Event: 0.197 Loaded shared library C:\sts-4.19.0.RELEASE\plugins\org.eclipse.justj.openjdk.hotspot.jre.full.win32.x86_64_17.0.7.v20230425-1502\jre\bin\jimage.dll
Event: 0.213 Loaded shared library C:\sts-4.19.0.RELEASE\plugins\org.eclipse.justj.openjdk.hotspot.jre.full.win32.x86_64_17.0.7.v20230425-1502\jre\bin\net.dll
Event: 0.215 Loaded shared library C:\sts-4.19.0.RELEASE\plugins\org.eclipse.justj.openjdk.hotspot.jre.full.win32.x86_64_17.0.7.v20230425-1502\jre\bin\nio.dll
Event: 0.220 Loaded shared library C:\sts-4.19.0.RELEASE\plugins\org.eclipse.justj.openjdk.hotspot.jre.full.win32.x86_64_17.0.7.v20230425-1502\jre\bin\zip.dll
Event: 0.295 Loaded shared library C:\sts-4.19.0.RELEASE\plugins\org.eclipse.justj.openjdk.hotspot.jre.full.win32.x86_64_17.0.7.v20230425-1502\jre\bin\management.dll
Event: 0.307 Loaded shared library C:\sts-4.19.0.RELEASE\plugins\org.eclipse.justj.openjdk.hotspot.jre.full.win32.x86_64_17.0.7.v20230425-1502\jre\bin\management_ext.dll
Event: 2.833 Loaded shared library C:\sts-4.19.0.RELEASE\plugins\org.eclipse.justj.openjdk.hotspot.jre.full.win32.x86_64_17.0.7.v20230425-1502\jre\bin\sunmscapi.dll
Event: 3.927 Loaded shared library C:\sts-4.19.0.RELEASE\plugins\org.eclipse.justj.openjdk.hotspot.jre.full.win32.x86_64_17.0.7.v20230425-1502\jre\bin\verify.dll

Deoptimization events (8 events):
Event: 1.217 Thread 0x000001e5cda5faa0 DEOPT PACKING pc=0x000001e5b970f4f9 sp=0x000000689f1fca80
Event: 1.217 Thread 0x000001e5cda5faa0 DEOPT UNPACKING pc=0x000001e5b9237143 sp=0x000000689f1fbf60 mode 3
Event: 1.354 Thread 0x000001e5cda5faa0 DEOPT PACKING pc=0x000001e5b975708c sp=0x000000689f1fd870
Event: 1.355 Thread 0x000001e5cda5faa0 DEOPT UNPACKING pc=0x000001e5b9237143 sp=0x000000689f1fcea0 mode 0
Event: 2.418 Thread 0x000001e5cda5faa0 DEOPT PACKING pc=0x000001e5b9a7b0f9 sp=0x000000689f1fc3c0
Event: 2.418 Thread 0x000001e5cda5faa0 DEOPT UNPACKING pc=0x000001e5b9237143 sp=0x000000689f1fb8a0 mode 3
Event: 2.794 Thread 0x000001e5cda5faa0 DEOPT PACKING pc=0x000001e5b9aed225 sp=0x000000689f1fca50
Event: 2.794 Thread 0x000001e5cda5faa0 DEOPT UNPACKING pc=0x000001e5b9237143 sp=0x000000689f1fbfb8 mode 3

Classes unloaded (0 events):
No events

Classes redefined (0 events):
No events

Internal exceptions (20 events):
Event: 2.753 Thread 0x000001e5cd719c60 Exception <a 'java/lang/reflect/InvocationTargetException'{0x0000000704401b90}> (0x0000000704401b90) 
thrown [s\src\hotspot\share\runtime\reflection.cpp, line 1121]
Event: 2.889 Thread 0x000001e5cda5faa0 Exception <a 'sun/nio/fs/WindowsException'{0x0000000703d0e5a0}> (0x0000000703d0e5a0) 
thrown [s\src\hotspot\share\prims\jni.cpp, line 516]
Event: 2.890 Thread 0x000001e5cda5faa0 Exception <a 'sun/nio/fs/WindowsException'{0x0000000703d13f10}> (0x0000000703d13f10) 
thrown [s\src\hotspot\share\prims\jni.cpp, line 516]
Event: 2.890 Thread 0x000001e5cda5faa0 Exception <a 'sun/nio/fs/WindowsException'{0x0000000703d145b8}> (0x0000000703d145b8) 
thrown [s\src\hotspot\share\prims\jni.cpp, line 516]
Event: 2.927 Thread 0x000001e5cda5faa0 Exception <a 'java/lang/NoSuchMethodError'{0x0000000711c10990}: 'java.lang.Object java.lang.invoke.DirectMethodHandle$Holder.invokeSpecial(java.lang.Object, java.lang.Object, long, java.lang.Object, java.lang.Object, java.lang.Object, java.lang.Object, java.lang.Object, java.lang.Object)'> (0x0000000711c10990) 
thrown [s\src\hotspot\share\interpreter\linkResolver.cpp, line 759]
Event: 2.927 Thread 0x000001e5cda5faa0 Exception <a 'java/lang/NoSuchMethodError'{0x0000000711c154b8}: 'java.lang.Object java.lang.invoke.DelegatingMethodHandle$Holder.reinvoke_L(java.lang.Object, long, java.lang.Object, java.lang.Object, java.lang.Object, java.lang.Object, java.lang.Object, java.lang.Object)'> (0x0000000711c154b8) 
thrown [s\src\hotspot\share\interpreter\linkResolver.cpp, line 759]
Event: 2.983 Thread 0x000001e5cda5faa0 Exception <a 'java/io/FileNotFoundException'{0x0000000711c1d6d8}> (0x0000000711c1d6d8) 
thrown [s\src\hotspot\share\prims\jni.cpp, line 516]
Event: 3.012 Thread 0x000001e5cda5faa0 Exception <a 'java/lang/NoSuchMethodError'{0x0000000711de5650}: 'int java.lang.invoke.DirectMethodHandle$Holder.invokeInterface(java.lang.Object, java.lang.Object, java.lang.Object, java.lang.Object)'> (0x0000000711de5650) 
thrown [s\src\hotspot\share\interpreter\linkResolver.cpp, line 759]
Event: 3.218 Thread 0x000001e5cda5faa0 Exception <a 'sun/nio/fs/WindowsException'{0x0000000705246700}> (0x0000000705246700) 
thrown [s\src\hotspot\share\prims\jni.cpp, line 516]
Event: 3.226 Thread 0x000001e5cda5faa0 Exception <a 'java/lang/NoSuchMethodError'{0x0000000705267578}: 'int java.lang.invoke.DirectMethodHandle$Holder.invokeStaticInit(java.lang.Object, java.lang.Object, java.lang.Object, java.lang.Object)'> (0x0000000705267578) 
thrown [s\src\hotspot\share\interpreter\linkResolver.cpp, line 759]
Event: 3.306 Thread 0x000001e5cd719c60 Exception <a 'java/lang/reflect/InvocationTargetException'{0x00000007050702d8}> (0x00000007050702d8) 
thrown [s\src\hotspot\share\runtime\reflection.cpp, line 1121]
Event: 3.433 Thread 0x000001e5cda5faa0 Exception <a 'java/lang/NoSuchMethodError'{0x0000000704e98dd0}: 'java.lang.Object java.lang.invoke.DirectMethodHandle$Holder.invokeStaticInit(java.lang.Object, java.lang.Object, java.lang.Object, java.lang.Object)'> (0x0000000704e98dd0) 
thrown [s\src\hotspot\share\interpreter\linkResolver.cpp, line 759]
Event: 3.489 Thread 0x000001e5cda5faa0 Exception <a 'java/lang/NoSuchMethodError'{0x0000000704d47f68}: 'long java.lang.invoke.DirectMethodHandle$Holder.invokeVirtual(java.lang.Object, java.lang.Object)'> (0x0000000704d47f68) 
thrown [s\src\hotspot\share\interpreter\linkResolver.cpp, line 759]
Event: 3.493 Thread 0x000001e5cda5faa0 Exception <a 'java/io/FileNotFoundException'{0x0000000704d73198}> (0x0000000704d73198) 
thrown [s\src\hotspot\share\prims\jni.cpp, line 516]
Event: 3.829 Thread 0x000001e5cd719c60 Exception <a 'java/lang/reflect/InvocationTargetException'{0x00000007068b4780}> (0x00000007068b4780) 
thrown [s\src\hotspot\share\runtime\reflection.cpp, line 1121]
Event: 4.332 Thread 0x000001e5cd719c60 Exception <a 'java/lang/reflect/InvocationTargetException'{0x0000000711c02360}> (0x0000000711c02360) 
thrown [s\src\hotspot\share\runtime\reflection.cpp, line 1121]
Event: 4.615 Thread 0x000001e5cda5faa0 Exception <a 'java/lang/IncompatibleClassChangeError'{0x00000007067f7c90}: Found class java.lang.Object, but interface was expected> (0x00000007067f7c90) 
thrown [s\src\hotspot\share\interpreter\linkResolver.cpp, line 826]
Event: 4.630 Thread 0x000001e5cda5faa0 Exception <a 'java/lang/NoSuchMethodError'{0x00000007064c5120}: 'java.lang.Object java.lang.invoke.DirectMethodHandle$Holder.invokeStatic(java.lang.Object, java.lang.Object, int, java.lang.Object)'> (0x00000007064c5120) 
thrown [s\src\hotspot\share\interpreter\linkResolver.cpp, line 759]
Event: 4.630 Thread 0x000001e5cda5faa0 Exception <a 'java/lang/NoSuchMethodError'{0x00000007064c8bb8}: 'java.lang.Object java.lang.invoke.DirectMethodHandle$Holder.invokeStaticInit(java.lang.Object, java.lang.Object, int, java.lang.Object)'> (0x00000007064c8bb8) 
thrown [s\src\hotspot\share\interpreter\linkResolver.cpp, line 759]
Event: 4.835 Thread 0x000001e5cd719c60 Exception <a 'java/lang/reflect/InvocationTargetException'{0x0000000706eb7978}> (0x0000000706eb7978) 
thrown [s\src\hotspot\share\runtime\reflection.cpp, line 1121]

VM Operations (20 events):
Event: 3.352 Executing VM operation: HandshakeAllThreads
Event: 3.352 Executing VM operation: HandshakeAllThreads done
Event: 3.457 Executing VM operation: HandshakeAllThreads
Event: 3.457 Executing VM operation: HandshakeAllThreads done
Event: 3.458 Executing VM operation: HandshakeAllThreads
Event: 3.458 Executing VM operation: HandshakeAllThreads done
Event: 3.495 Executing VM operation: HandshakeAllThreads
Event: 3.495 Executing VM operation: HandshakeAllThreads done
Event: 3.562 Executing VM operation: G1CollectForAllocation
Event: 3.566 Executing VM operation: G1CollectForAllocation done
Event: 4.328 Executing VM operation: G1CollectForAllocation
Event: 4.331 Executing VM operation: G1CollectForAllocation done
Event: 4.336 Executing VM operation: HandshakeAllThreads
Event: 4.336 Executing VM operation: HandshakeAllThreads done
Event: 4.632 Executing VM operation: CollectForMetadataAllocation
Event: 4.636 Executing VM operation: CollectForMetadataAllocation done
Event: 4.653 Executing VM operation: G1Concurrent
Event: 4.656 Executing VM operation: G1Concurrent done
Event: 4.664 Executing VM operation: G1Concurrent
Event: 4.665 Executing VM operation: G1Concurrent done

Events (20 events):
Event: 4.439 loading class java/util/AbstractList$RandomAccessSpliterator
Event: 4.439 loading class java/util/AbstractList$RandomAccessSpliterator done
Event: 4.481 loading class javax/naming/RefAddr
Event: 4.481 loading class javax/naming/RefAddr done
Event: 4.481 loading class javax/naming/StringRefAddr
Event: 4.481 loading class javax/naming/StringRefAddr done
Event: 4.507 loading class java/util/concurrent/CompletionStage
Event: 4.507 loading class java/util/concurrent/CompletionStage done
Event: 4.508 loading class java/util/concurrent/CompletableFuture
Event: 4.509 loading class java/util/concurrent/CompletableFuture done
Event: 4.509 loading class java/util/concurrent/CompletableFuture$AltResult
Event: 4.509 loading class java/util/concurrent/CompletableFuture$AltResult done
Event: 4.509 loading class java/util/concurrent/CompletableFuture$Completion
Event: 4.509 loading class java/util/concurrent/CompletableFuture$AsynchronousCompletionTask
Event: 4.509 loading class java/util/concurrent/CompletableFuture$AsynchronousCompletionTask done
Event: 4.509 loading class java/util/concurrent/ForkJoinTask
Event: 4.509 loading class java/util/concurrent/ForkJoinTask done
Event: 4.509 loading class java/util/concurrent/CompletableFuture$Completion done
Event: 4.609 loading class java/util/concurrent/CancellationException
Event: 4.609 loading class java/util/concurrent/CancellationException done


Dynamic libraries:
0x00007ff7384f0000 - 0x00007ff7384fe000 	C:\sts-4.19.0.RELEASE\plugins\org.eclipse.justj.openjdk.hotspot.jre.full.win32.x86_64_17.0.7.v20230425-1502\jre\bin\javaw.exe
0x00007ff95e650000 - 0x00007ff95e864000 	C:\Windows\SYSTEM32\ntdll.dll
0x00007ff945260000 - 0x00007ff945279000 	C:\Program Files\Avast Software\Avast\aswhook.dll
0x00007ff95c450000 - 0x00007ff95c514000 	C:\Windows\System32\KERNEL32.DLL
0x00007ff95bdd0000 - 0x00007ff95c174000 	C:\Windows\System32\KERNELBASE.dll
0x00007ff95c2f0000 - 0x00007ff95c401000 	C:\Windows\System32\ucrtbase.dll
0x00007ff954440000 - 0x00007ff954457000 	C:\sts-4.19.0.RELEASE\plugins\org.eclipse.justj.openjdk.hotspot.jre.full.win32.x86_64_17.0.7.v20230425-1502\jre\bin\jli.dll
0x00007ff8df420000 - 0x00007ff8df439000 	C:\sts-4.19.0.RELEASE\plugins\org.eclipse.justj.openjdk.hotspot.jre.full.win32.x86_64_17.0.7.v20230425-1502\jre\bin\VCRUNTIME140.dll
0x00007ff95d4e0000 - 0x00007ff95d68a000 	C:\Windows\System32\USER32.dll
0x00007ff95bc00000 - 0x00007ff95bc26000 	C:\Windows\System32\win32u.dll
0x00007ff95d030000 - 0x00007ff95d059000 	C:\Windows\System32\GDI32.dll
0x00007ff95bc30000 - 0x00007ff95bd49000 	C:\Windows\System32\gdi32full.dll
0x00007ff95ac30000 - 0x00007ff95aebf000 	C:\Windows\WinSxS\amd64_microsoft.windows.common-controls_6595b64144ccf1df_6.0.22621.2070_none_2713e6537381f706\COMCTL32.dll
0x00007ff95dc90000 - 0x00007ff95dd37000 	C:\Windows\System32\msvcrt.dll
0x00007ff95baa0000 - 0x00007ff95bb3a000 	C:\Windows\System32\msvcp_win.dll
0x00007ff95c410000 - 0x00007ff95c441000 	C:\Windows\System32\IMM32.DLL
0x00007ff950da0000 - 0x00007ff950dac000 	C:\sts-4.19.0.RELEASE\plugins\org.eclipse.justj.openjdk.hotspot.jre.full.win32.x86_64_17.0.7.v20230425-1502\jre\bin\vcruntime140_1.dll
0x00007ff8de090000 - 0x00007ff8de121000 	C:\sts-4.19.0.RELEASE\plugins\org.eclipse.justj.openjdk.hotspot.jre.full.win32.x86_64_17.0.7.v20230425-1502\jre\bin\msvcp140.dll
0x00007ff8dc370000 - 0x00007ff8dcfb8000 	C:\sts-4.19.0.RELEASE\plugins\org.eclipse.justj.openjdk.hotspot.jre.full.win32.x86_64_17.0.7.v20230425-1502\jre\bin\server\jvm.dll
0x00007ff95d2f0000 - 0x00007ff95d3a0000 	C:\Windows\System32\ADVAPI32.dll
0x00007ff95d6c0000 - 0x00007ff95d766000 	C:\Windows\System32\sechost.dll
0x00007ff95d3a0000 - 0x00007ff95d4b7000 	C:\Windows\System32\RPCRT4.dll
0x00007ff94f460000 - 0x00007ff94f469000 	C:\Windows\SYSTEM32\WSOCK32.dll
0x00007ff953000000 - 0x00007ff953034000 	C:\Windows\SYSTEM32\WINMM.dll
0x00007ff958160000 - 0x00007ff95816a000 	C:\Windows\SYSTEM32\VERSION.dll
0x00007ff95dc10000 - 0x00007ff95dc81000 	C:\Windows\System32\WS2_32.dll
0x00007ff95a1b0000 - 0x00007ff95a1c8000 	C:\Windows\SYSTEM32\kernel.appcore.dll
0x00007ff9544a0000 - 0x00007ff9544aa000 	C:\sts-4.19.0.RELEASE\plugins\org.eclipse.justj.openjdk.hotspot.jre.full.win32.x86_64_17.0.7.v20230425-1502\jre\bin\jimage.dll
0x00007ff95b3b0000 - 0x00007ff95b5de000 	C:\Windows\SYSTEM32\DBGHELP.DLL
0x00007ff95c520000 - 0x00007ff95c8aa000 	C:\Windows\System32\combase.dll
0x00007ff95d870000 - 0x00007ff95d947000 	C:\Windows\System32\OLEAUT32.dll
0x00007ff95b220000 - 0x00007ff95b252000 	C:\Windows\SYSTEM32\dbgcore.DLL
0x00007ff95bd50000 - 0x00007ff95bdca000 	C:\Windows\System32\bcryptPrimitives.dll
0x00007ff954460000 - 0x00007ff954485000 	C:\sts-4.19.0.RELEASE\plugins\org.eclipse.justj.openjdk.hotspot.jre.full.win32.x86_64_17.0.7.v20230425-1502\jre\bin\java.dll
0x00007ff954420000 - 0x00007ff954438000 	C:\sts-4.19.0.RELEASE\plugins\org.eclipse.justj.openjdk.hotspot.jre.full.win32.x86_64_17.0.7.v20230425-1502\jre\bin\zip.dll
0x00007ff95dd40000 - 0x00007ff95e556000 	C:\Windows\System32\SHELL32.dll
0x00007ff958fc0000 - 0x00007ff9598aa000 	C:\Windows\SYSTEM32\windows.storage.dll
0x00007ff958e60000 - 0x00007ff958f9e000 	C:\Windows\SYSTEM32\wintypes.dll
0x00007ff95cf30000 - 0x00007ff95d023000 	C:\Windows\System32\SHCORE.dll
0x00007ff95d160000 - 0x00007ff95d1be000 	C:\Windows\System32\shlwapi.dll
0x00007ff95b960000 - 0x00007ff95b986000 	C:\Windows\SYSTEM32\profapi.dll
0x00007ff954400000 - 0x00007ff954419000 	C:\sts-4.19.0.RELEASE\plugins\org.eclipse.justj.openjdk.hotspot.jre.full.win32.x86_64_17.0.7.v20230425-1502\jre\bin\net.dll
0x00007ff952d20000 - 0x00007ff952e57000 	C:\Windows\SYSTEM32\WINHTTP.dll
0x00007ff95a640000 - 0x00007ff95a6a9000 	C:\Windows\system32\mswsock.dll
0x00007ff9543e0000 - 0x00007ff9543f5000 	C:\sts-4.19.0.RELEASE\plugins\org.eclipse.justj.openjdk.hotspot.jre.full.win32.x86_64_17.0.7.v20230425-1502\jre\bin\nio.dll
0x00007ff9389f0000 - 0x00007ff9389f9000 	C:\sts-4.19.0.RELEASE\plugins\org.eclipse.justj.openjdk.hotspot.jre.full.win32.x86_64_17.0.7.v20230425-1502\jre\bin\management.dll
0x00007ff9389e0000 - 0x00007ff9389eb000 	C:\sts-4.19.0.RELEASE\plugins\org.eclipse.justj.openjdk.hotspot.jre.full.win32.x86_64_17.0.7.v20230425-1502\jre\bin\management_ext.dll
0x00007ff95d6a0000 - 0x00007ff95d6a8000 	C:\Windows\System32\PSAPI.DLL
0x00007ff92c3f0000 - 0x00007ff92c407000 	C:\Windows\system32\napinsp.dll
0x00007ff92c270000 - 0x00007ff92c28b000 	C:\Windows\system32\pnrpnsp.dll
0x00007ff959d10000 - 0x00007ff959e03000 	C:\Windows\SYSTEM32\DNSAPI.dll
0x00007ff959ca0000 - 0x00007ff959ccd000 	C:\Windows\SYSTEM32\IPHLPAPI.DLL
0x00007ff95d690000 - 0x00007ff95d699000 	C:\Windows\System32\NSI.dll
0x00007ff92c250000 - 0x00007ff92c261000 	C:\Windows\System32\winrnr.dll
0x00007ff952970000 - 0x00007ff952985000 	C:\Windows\system32\wshbth.dll
0x00007ff92c190000 - 0x00007ff92c1b1000 	C:\Windows\system32\nlansp_c.dll
0x00007ff94c9b0000 - 0x00007ff94c9ba000 	C:\Windows\System32\rasadhlp.dll
0x00007ff951440000 - 0x00007ff9514c4000 	C:\Windows\System32\fwpuclnt.dll
0x00007ff95b6d0000 - 0x00007ff95b6eb000 	C:\Windows\SYSTEM32\CRYPTSP.dll
0x00007ff95a840000 - 0x00007ff95a875000 	C:\Windows\system32\rsaenh.dll
0x00007ff95a6e0000 - 0x00007ff95a70c000 	C:\Windows\SYSTEM32\USERENV.dll
0x00007ff95b2f0000 - 0x00007ff95b318000 	C:\Windows\SYSTEM32\bcrypt.dll
0x00007ff95ab80000 - 0x00007ff95ab8c000 	C:\Windows\SYSTEM32\CRYPTBASE.dll
0x00007ff952fe0000 - 0x00007ff952ff9000 	C:\Windows\SYSTEM32\dhcpcsvc6.DLL
0x00007ff952f80000 - 0x00007ff952f9f000 	C:\Windows\SYSTEM32\dhcpcsvc.DLL
0x00007ff953c80000 - 0x00007ff953c8e000 	C:\sts-4.19.0.RELEASE\plugins\org.eclipse.justj.openjdk.hotspot.jre.full.win32.x86_64_17.0.7.v20230425-1502\jre\bin\sunmscapi.dll
0x00007ff95c180000 - 0x00007ff95c2e7000 	C:\Windows\System32\CRYPT32.dll
0x00007ff95af00000 - 0x00007ff95af2e000 	C:\Windows\SYSTEM32\ncrypt.dll
0x00007ff95aec0000 - 0x00007ff95aef7000 	C:\Windows\SYSTEM32\NTASN1.dll
0x00007ff9543d0000 - 0x00007ff9543e0000 	C:\sts-4.19.0.RELEASE\plugins\org.eclipse.justj.openjdk.hotspot.jre.full.win32.x86_64_17.0.7.v20230425-1502\jre\bin\verify.dll

dbghelp: loaded successfully - version: 4.0.5 - missing functions: none
symbol engine: initialized successfully - sym options: 0x614 - pdb path: .;C:\sts-4.19.0.RELEASE\plugins\org.eclipse.justj.openjdk.hotspot.jre.full.win32.x86_64_17.0.7.v20230425-1502\jre\bin;C:\Windows\SYSTEM32;C:\Program Files\Avast Software\Avast;C:\Windows\WinSxS\amd64_microsoft.windows.common-controls_6595b64144ccf1df_6.0.22621.2070_none_2713e6537381f706;C:\sts-4.19.0.RELEASE\plugins\org.eclipse.justj.openjdk.hotspot.jre.full.win32.x86_64_17.0.7.v20230425-1502\jre\bin\server

VM Arguments:
jvm_args: -Dcom.sun.management.jmxremote -Dcom.sun.management.jmxremote.port=54928 -Dcom.sun.management.jmxremote.authenticate=false -Dcom.sun.management.jmxremote.ssl=false -Djava.rmi.server.hostname=localhost -Dspring.jmx.enabled=true -Dmanagement.endpoints.jmx.exposure.include=* -Dspring.application.admin.enabled=true -XX:TieredStopAtLevel=1 -Dspring.boot.project.name=HPS_Projet_BackEnd -Dfile.encoding=UTF-8 -XX:+ShowCodeDetailsInExceptionMessages 
java_command: com.example.hps.HpsAppApplication --spring.output.ansi.enabled=always
java_class_path (initial): C:\Users\hi\Desktop\HPS\HPS_Projet_BackEnd\target\classes;C:\Users\hi\.m2\repository\org\springframework\boot\spring-boot-starter-data-rest\3.1.1\spring-boot-starter-data-rest-3.1.1.jar;C:\Users\hi\.m2\repository\org\springframework\boot\spring-boot-starter-web\3.1.1\spring-boot-starter-web-3.1.1.jar;C:\Users\hi\.m2\repository\org\springframework\boot\spring-boot-starter-json\3.1.1\spring-boot-starter-json-3.1.1.jar;C:\Users\hi\.m2\repository\com\fasterxml\jackson\datatype\jackson-datatype-jdk8\2.15.2\jackson-datatype-jdk8-2.15.2.jar;C:\Users\hi\.m2\repository\com\fasterxml\jackson\datatype\jackson-datatype-jsr310\2.15.2\jackson-datatype-jsr310-2.15.2.jar;C:\Users\hi\.m2\repository\com\fasterxml\jackson\module\jackson-module-parameter-names\2.15.2\jackson-module-parameter-names-2.15.2.jar;C:\Users\hi\.m2\repository\org\springframework\boot\spring-boot-starter-tomcat\3.1.1\spring-boot-starter-tomcat-3.1.1.jar;C:\Users\hi\.m2\repository\org\apache\tomcat\embed\tomcat-embed-core\10.1.10\tomcat-embed-core-10.1.10.jar;C:\Users\hi\.m2\repository\org\apache\tomcat\embed\tomcat-embed-websocket\10.1.10\tomcat-embed-websocket-10.1.10.jar;C:\Users\hi\.m2\repository\org\springframework\spring-web\6.0.10\spring-web-6.0.10.jar;C:\Users\hi\.m2\repository\io\micrometer\micrometer-observation\1.11.1\micrometer-observation-1.11.1.jar;C:\Users\hi\.m2\repository\io\micrometer\micrometer-commons\1.11.1\micrometer-commons-1.11.1.jar;C:\Users\hi\.m2\repository\org\springframework\spring-webmvc\6.0.10\spring-webmvc-6.0.10.jar;C:\Users\hi\.m2\repository\org\springframework\data\spring-data-rest-webmvc\4.1.1\spring-data-rest-webmvc-4.1.1.jar;C:\Users\hi\.m2\repository\org\springframework\data\spring-data-rest-core\4.1.1\spring-data-rest-core-4.1.1.jar;C:\Users\hi\.m2\repository\org\springframework\hateoas\spring-hateoas\2.1.0\spring-hateoas-2.1.0.jar;C:\Users\hi\.m2\repository\org\springframework\plugin\spring-plugin-core\3.0.0\spring-plugin-core-3.0.0.jar;C:\Use
Launcher Type: SUN_STANDARD

[Global flags]
     intx CICompilerCount                          = 4                                         {product} {ergonomic}
     uint ConcGCThreads                            = 2                                         {product} {ergonomic}
     uint G1ConcRefinementThreads                  = 8                                         {product} {ergonomic}
   size_t G1HeapRegionSize                         = 2097152                                   {product} {ergonomic}
    uintx GCDrainStackTargetSize                   = 64                                        {product} {ergonomic}
   size_t InitialHeapSize                          = 266338304                                 {product} {ergonomic}
     bool ManagementServer                         = true                                      {product} {command line}
   size_t MarkStackSize                            = 4194304                                   {product} {ergonomic}
   size_t MaxHeapSize                              = 4261412864                                {product} {ergonomic}
   size_t MaxNewSize                               = 2556428288                                {product} {ergonomic}
   size_t MinHeapDeltaBytes                        = 2097152                                   {product} {ergonomic}
   size_t MinHeapSize                              = 8388608                                   {product} {ergonomic}
    uintx NonProfiledCodeHeapSize                  = 0                                      {pd product} {ergonomic}
     bool ProfileInterpreter                       = false                                  {pd product} {command line}
    uintx ProfiledCodeHeapSize                     = 0                                      {pd product} {ergonomic}
     bool ShowCodeDetailsInExceptionMessages       = true                                   {manageable} {command line}
   size_t SoftMaxHeapSize                          = 4261412864                             {manageable} {ergonomic}
     intx TieredStopAtLevel                        = 1                                         {product} {command line}
     bool UseCompressedClassPointers               = true                           {product lp64_product} {ergonomic}
     bool UseCompressedOops                        = true                           {product lp64_product} {ergonomic}
     bool UseG1GC                                  = true                                      {product} {ergonomic}
     bool UseLargePagesIndividualAllocation        = false                                  {pd product} {ergonomic}

Logging:
Log output configuration:
 #0: stdout all=warning uptime,level,tags
 #1: stderr all=off uptime,level,tags

Environment Variables:
JAVA_HOME=C:\Program Files\Java\jdk-20
PATH=C:/sts-4.19.0.RELEASE//plugins/org.eclipse.justj.openjdk.hotspot.jre.full.win32.x86_64_17.0.7.v20230425-1502/jre/bin/server;C:/sts-4.19.0.RELEASE//plugins/org.eclipse.justj.openjdk.hotspot.jre.full.win32.x86_64_17.0.7.v20230425-1502/jre/bin;C:\Program Files\Common Files\Oracle\Java\javapath;C:\Windows\system32;C:\Windows;C:\Windows\System32\Wbem;C:\Windows\System32\WindowsPowerShell\v1.0\;C:\Windows\System32\OpenSSH\;C:\Program Files\Java\jdk-20\bin;C:\Program Files\Git\cmd;C:\Program Files\Common Files\Oracle\Java\javapath;C:\Program Files\Git LFS;C:\Program Files\nodejs\;C:\Users\hi\AppData\Local\Microsoft\WindowsApps;C:\Users\hi\AppData\Local\Programs\Microsoft VS Code\bin;C:\Users\hi\AppData\Local\GitHubDesktop\bin;C:\Users\hi\AppData\Roaming\npm;C:\sts-4.19.0.RELEASE;
USERNAME=hi
OS=Windows_NT
PROCESSOR_IDENTIFIER=Intel64 Family 6 Model 142 Stepping 12, GenuineIntel
TMP=C:\Users\hi\AppData\Local\Temp
TEMP=C:\Users\hi\AppData\Local\Temp



---------------  S Y S T E M  ---------------

OS:
 Windows 11 , 64 bit Build 22621 (10.0.22621.2070)
OS uptime: 0 days 0:20 hours
Hyper-V role detected

CPU: total 8 (initial active 8) (4 cores per cpu, 2 threads per core) family 6 model 142 stepping 12 microcode 0xec, cx8, cmov, fxsr, ht, mmx, 3dnowpref, sse, sse2, sse3, ssse3, sse4.1, sse4.2, popcnt, lzcnt, tsc, tscinvbit, avx, avx2, aes, erms, clmul, bmi1, bmi2, adx, fma, vzeroupper, clflush, clflushopt, hv

Memory: 4k page, system-wide physical 16254M (8121M free)
TotalPageFile size 19966M (AvailPageFile size 10154M)
current process WorkingSet (physical memory assigned to process): 230M, peak: 230M
current process commit charge ("private bytes"): 264M, peak: 365M

vm_info: OpenJDK 64-Bit Server VM (17.0.7+7) for windows-amd64 JRE (17.0.7+7), built on Apr 18 2023 22:10:42 by "temurin" with MS VC++ 16.7 (VS2019)

END.
